2018-05-15_23:13:30:168- connecting to broker 192.168.1.100:1883
2018-05-15_23:13:30:170- Subscribing to topicmqtt-roundtrip-qos2-1KByte-100-cycles
2018-05-15_23:13:30:171- subscribe returned (0, 1)
2018-05-15_23:13:30:411- Client connected to broker
2018-05-15_23:13:31:333- message received - id:0 - topic:mqtt-roundtrip-qos2-1KByte-100-cycles - qos:0 - size:1024
2018-05-15_23:13:31:334- message sent - id:0 - topic:mqtt-roundtrip-qos2-1KByte-100-cycles_2 - qos:0 - size:1024
2018-05-15_23:13:31:334- message received - id:0 - topic:mqtt-roundtrip-qos2-1KByte-100-cycles - qos:0 - size:1024
2018-05-15_23:13:31:334- message sent - id:0 - topic:mqtt-roundtrip-qos2-1KByte-100-cycles_2 - qos:0 - size:1024
2018-05-15_23:13:31:335- message received - id:0 - topic:mqtt-roundtrip-qos2-1KByte-100-cycles - qos:0 - size:1024
2018-05-15_23:13:31:335- message sent - id:0 - topic:mqtt-roundtrip-qos2-1KByte-100-cycles_2 - qos:0 - size:1024
2018-05-15_23:13:31:335- message received - id:0 - topic:mqtt-roundtrip-qos2-1KByte-100-cycles - qos:0 - size:1024
2018-05-15_23:13:31:335- message sent - id:0 - topic:mqtt-roundtrip-qos2-1KByte-100-cycles_2 - qos:0 - size:1024
2018-05-15_23:13:31:335- message received - id:0 - topic:mqtt-roundtrip-qos2-1KByte-100-cycles - qos:0 - size:1024
2018-05-15_23:13:31:336- message sent - id:0 - topic:mqtt-roundtrip-qos2-1KByte-100-cycles_2 - qos:0 - size:1024
2018-05-15_23:13:31:336- message received - id:0 - topic:mqtt-roundtrip-qos2-1KByte-100-cycles - qos:0 - size:1024
2018-05-15_23:13:31:336- message sent - id:0 - topic:mqtt-roundtrip-qos2-1KByte-100-cycles_2 - qos:0 - size:1024
2018-05-15_23:13:31:336- message received - id:0 - topic:mqtt-roundtrip-qos2-1KByte-100-cycles - qos:0 - size:1024
2018-05-15_23:13:31:337- message sent - id:0 - topic:mqtt-roundtrip-qos2-1KByte-100-cycles_2 - qos:0 - size:1024
2018-05-15_23:13:31:337- message received - id:0 - topic:mqtt-roundtrip-qos2-1KByte-100-cycles - qos:0 - size:1024
2018-05-15_23:13:31:337- message sent - id:0 - topic:mqtt-roundtrip-qos2-1KByte-100-cycles_2 - qos:0 - size:1024
2018-05-15_23:13:31:337- message received - id:0 - topic:mqtt-roundtrip-qos2-1KByte-100-cycles - qos:0 - size:1024
2018-05-15_23:13:31:337- message sent - id:0 - topic:mqtt-roundtrip-qos2-1KByte-100-cycles_2 - qos:0 - size:1024
2018-05-15_23:13:31:338- message received - id:0 - topic:mqtt-roundtrip-qos2-1KByte-100-cycles - qos:0 - size:1024
2018-05-15_23:13:31:338- message sent - id:0 - topic:mqtt-roundtrip-qos2-1KByte-100-cycles_2 - qos:0 - size:1024
2018-05-15_23:13:31:338- message received - id:0 - topic:mqtt-roundtrip-qos2-1KByte-100-cycles - qos:0 - size:1024
2018-05-15_23:13:31:338- message sent - id:0 - topic:mqtt-roundtrip-qos2-1KByte-100-cycles_2 - qos:0 - size:1024
2018-05-15_23:13:31:339- message received - id:0 - topic:mqtt-roundtrip-qos2-1KByte-100-cycles - qos:0 - size:1024
2018-05-15_23:13:31:339- message sent - id:0 - topic:mqtt-roundtrip-qos2-1KByte-100-cycles_2 - qos:0 - size:1024
2018-05-15_23:13:31:339- message received - id:0 - topic:mqtt-roundtrip-qos2-1KByte-100-cycles - qos:0 - size:1024
2018-05-15_23:13:31:339- message sent - id:0 - topic:mqtt-roundtrip-qos2-1KByte-100-cycles_2 - qos:0 - size:1024
2018-05-15_23:13:31:340- message received - id:0 - topic:mqtt-roundtrip-qos2-1KByte-100-cycles - qos:0 - size:1024
2018-05-15_23:13:31:340- message sent - id:0 - topic:mqtt-roundtrip-qos2-1KByte-100-cycles_2 - qos:0 - size:1024
2018-05-15_23:13:31:340- message received - id:0 - topic:mqtt-roundtrip-qos2-1KByte-100-cycles - qos:0 - size:1024
2018-05-15_23:13:31:340- message sent - id:0 - topic:mqtt-roundtrip-qos2-1KByte-100-cycles_2 - qos:0 - size:1024
2018-05-15_23:13:31:341- message received - id:0 - topic:mqtt-roundtrip-qos2-1KByte-100-cycles - qos:0 - size:1024
2018-05-15_23:13:31:341- message sent - id:0 - topic:mqtt-roundtrip-qos2-1KByte-100-cycles_2 - qos:0 - size:1024
2018-05-15_23:13:31:341- message received - id:0 - topic:mqtt-roundtrip-qos2-1KByte-100-cycles - qos:0 - size:1024
2018-05-15_23:13:31:341- message sent - id:0 - topic:mqtt-roundtrip-qos2-1KByte-100-cycles_2 - qos:0 - size:1024
2018-05-15_23:13:31:342- message received - id:0 - topic:mqtt-roundtrip-qos2-1KByte-100-cycles - qos:0 - size:1024
2018-05-15_23:13:31:342- message sent - id:0 - topic:mqtt-roundtrip-qos2-1KByte-100-cycles_2 - qos:0 - size:1024
2018-05-15_23:13:31:342- message received - id:0 - topic:mqtt-roundtrip-qos2-1KByte-100-cycles - qos:0 - size:1024
2018-05-15_23:13:31:342- message sent - id:0 - topic:mqtt-roundtrip-qos2-1KByte-100-cycles_2 - qos:0 - size:1024
2018-05-15_23:13:31:343- message received - id:0 - topic:mqtt-roundtrip-qos2-1KByte-100-cycles - qos:0 - size:1024
2018-05-15_23:13:31:343- message sent - id:0 - topic:mqtt-roundtrip-qos2-1KByte-100-cycles_2 - qos:0 - size:1024
2018-05-15_23:13:31:343- message received - id:0 - topic:mqtt-roundtrip-qos2-1KByte-100-cycles - qos:0 - size:1024
2018-05-15_23:13:31:344- message sent - id:0 - topic:mqtt-roundtrip-qos2-1KByte-100-cycles_2 - qos:0 - size:1024
2018-05-15_23:13:31:344- message received - id:0 - topic:mqtt-roundtrip-qos2-1KByte-100-cycles - qos:0 - size:1024
2018-05-15_23:13:31:344- message sent - id:0 - topic:mqtt-roundtrip-qos2-1KByte-100-cycles_2 - qos:0 - size:1024
2018-05-15_23:13:31:344- message received - id:0 - topic:mqtt-roundtrip-qos2-1KByte-100-cycles - qos:0 - size:1024
2018-05-15_23:13:31:345- message sent - id:0 - topic:mqtt-roundtrip-qos2-1KByte-100-cycles_2 - qos:0 - size:1024
2018-05-15_23:13:31:345- message received - id:0 - topic:mqtt-roundtrip-qos2-1KByte-100-cycles - qos:0 - size:1024
2018-05-15_23:13:31:345- message sent - id:0 - topic:mqtt-roundtrip-qos2-1KByte-100-cycles_2 - qos:0 - size:1024
2018-05-15_23:13:31:346- message received - id:0 - topic:mqtt-roundtrip-qos2-1KByte-100-cycles - qos:0 - size:1024
2018-05-15_23:13:31:346- message sent - id:0 - topic:mqtt-roundtrip-qos2-1KByte-100-cycles_2 - qos:0 - size:1024
2018-05-15_23:13:31:346- message received - id:0 - topic:mqtt-roundtrip-qos2-1KByte-100-cycles - qos:0 - size:1024
2018-05-15_23:13:31:346- message sent - id:0 - topic:mqtt-roundtrip-qos2-1KByte-100-cycles_2 - qos:0 - size:1024
2018-05-15_23:13:31:347- message received - id:0 - topic:mqtt-roundtrip-qos2-1KByte-100-cycles - qos:0 - size:1024
2018-05-15_23:13:31:347- message sent - id:0 - topic:mqtt-roundtrip-qos2-1KByte-100-cycles_2 - qos:0 - size:1024
2018-05-15_23:13:31:347- message received - id:0 - topic:mqtt-roundtrip-qos2-1KByte-100-cycles - qos:0 - size:1024
2018-05-15_23:13:31:347- message sent - id:0 - topic:mqtt-roundtrip-qos2-1KByte-100-cycles_2 - qos:0 - size:1024
2018-05-15_23:13:31:348- message received - id:0 - topic:mqtt-roundtrip-qos2-1KByte-100-cycles - qos:0 - size:1024
2018-05-15_23:13:31:348- message sent - id:0 - topic:mqtt-roundtrip-qos2-1KByte-100-cycles_2 - qos:0 - size:1024
2018-05-15_23:13:31:348- message received - id:0 - topic:mqtt-roundtrip-qos2-1KByte-100-cycles - qos:0 - size:1024
2018-05-15_23:13:31:348- message sent - id:0 - topic:mqtt-roundtrip-qos2-1KByte-100-cycles_2 - qos:0 - size:1024
2018-05-15_23:13:31:349- message received - id:0 - topic:mqtt-roundtrip-qos2-1KByte-100-cycles - qos:0 - size:1024
2018-05-15_23:13:31:349- message sent - id:0 - topic:mqtt-roundtrip-qos2-1KByte-100-cycles_2 - qos:0 - size:1024
2018-05-15_23:13:31:349- message received - id:0 - topic:mqtt-roundtrip-qos2-1KByte-100-cycles - qos:0 - size:1024
2018-05-15_23:13:31:350- message sent - id:0 - topic:mqtt-roundtrip-qos2-1KByte-100-cycles_2 - qos:0 - size:1024
2018-05-15_23:13:31:350- message received - id:0 - topic:mqtt-roundtrip-qos2-1KByte-100-cycles - qos:0 - size:1024
2018-05-15_23:13:31:350- message sent - id:0 - topic:mqtt-roundtrip-qos2-1KByte-100-cycles_2 - qos:0 - size:1024
2018-05-15_23:13:31:350- message received - id:0 - topic:mqtt-roundtrip-qos2-1KByte-100-cycles - qos:0 - size:1024
2018-05-15_23:13:31:351- message sent - id:0 - topic:mqtt-roundtrip-qos2-1KByte-100-cycles_2 - qos:0 - size:1024
2018-05-15_23:13:31:351- message received - id:0 - topic:mqtt-roundtrip-qos2-1KByte-100-cycles - qos:0 - size:1024
2018-05-15_23:13:31:351- message sent - id:0 - topic:mqtt-roundtrip-qos2-1KByte-100-cycles_2 - qos:0 - size:1024
2018-05-15_23:13:31:351- message received - id:0 - topic:mqtt-roundtrip-qos2-1KByte-100-cycles - qos:0 - size:1024
2018-05-15_23:13:31:352- message sent - id:0 - topic:mqtt-roundtrip-qos2-1KByte-100-cycles_2 - qos:0 - size:1024
2018-05-15_23:13:31:352- message received - id:0 - topic:mqtt-roundtrip-qos2-1KByte-100-cycles - qos:0 - size:1024
2018-05-15_23:13:31:352- message sent - id:0 - topic:mqtt-roundtrip-qos2-1KByte-100-cycles_2 - qos:0 - size:1024
2018-05-15_23:13:31:353- message received - id:0 - topic:mqtt-roundtrip-qos2-1KByte-100-cycles - qos:0 - size:1024
2018-05-15_23:13:31:353- message sent - id:0 - topic:mqtt-roundtrip-qos2-1KByte-100-cycles_2 - qos:0 - size:1024
2018-05-15_23:13:31:353- message received - id:0 - topic:mqtt-roundtrip-qos2-1KByte-100-cycles - qos:0 - size:1024
2018-05-15_23:13:31:354- message sent - id:0 - topic:mqtt-roundtrip-qos2-1KByte-100-cycles_2 - qos:0 - size:1024
2018-05-15_23:13:31:354- message received - id:0 - topic:mqtt-roundtrip-qos2-1KByte-100-cycles - qos:0 - size:1024
2018-05-15_23:13:31:354- message sent - id:0 - topic:mqtt-roundtrip-qos2-1KByte-100-cycles_2 - qos:0 - size:1024
2018-05-15_23:13:31:357- message received - id:0 - topic:mqtt-roundtrip-qos2-1KByte-100-cycles - qos:0 - size:1024
2018-05-15_23:13:31:357- message sent - id:0 - topic:mqtt-roundtrip-qos2-1KByte-100-cycles_2 - qos:0 - size:1024
2018-05-15_23:13:31:358- message received - id:0 - topic:mqtt-roundtrip-qos2-1KByte-100-cycles - qos:0 - size:1024
2018-05-15_23:13:31:358- message sent - id:0 - topic:mqtt-roundtrip-qos2-1KByte-100-cycles_2 - qos:0 - size:1024
2018-05-15_23:13:31:358- message received - id:0 - topic:mqtt-roundtrip-qos2-1KByte-100-cycles - qos:0 - size:1024
2018-05-15_23:13:31:358- message sent - id:0 - topic:mqtt-roundtrip-qos2-1KByte-100-cycles_2 - qos:0 - size:1024
2018-05-15_23:13:31:359- message received - id:0 - topic:mqtt-roundtrip-qos2-1KByte-100-cycles - qos:0 - size:1024
2018-05-15_23:13:31:359- message sent - id:0 - topic:mqtt-roundtrip-qos2-1KByte-100-cycles_2 - qos:0 - size:1024
2018-05-15_23:13:31:359- message received - id:0 - topic:mqtt-roundtrip-qos2-1KByte-100-cycles - qos:0 - size:1024
2018-05-15_23:13:31:360- message sent - id:0 - topic:mqtt-roundtrip-qos2-1KByte-100-cycles_2 - qos:0 - size:1024
2018-05-15_23:13:31:360- message received - id:0 - topic:mqtt-roundtrip-qos2-1KByte-100-cycles - qos:0 - size:1024
2018-05-15_23:13:31:360- message sent - id:0 - topic:mqtt-roundtrip-qos2-1KByte-100-cycles_2 - qos:0 - size:1024
2018-05-15_23:13:31:361- message received - id:0 - topic:mqtt-roundtrip-qos2-1KByte-100-cycles - qos:0 - size:1024
2018-05-15_23:13:31:361- message sent - id:0 - topic:mqtt-roundtrip-qos2-1KByte-100-cycles_2 - qos:0 - size:1024
2018-05-15_23:13:31:361- message received - id:0 - topic:mqtt-roundtrip-qos2-1KByte-100-cycles - qos:0 - size:1024
2018-05-15_23:13:31:362- message sent - id:0 - topic:mqtt-roundtrip-qos2-1KByte-100-cycles_2 - qos:0 - size:1024
2018-05-15_23:13:31:362- message received - id:0 - topic:mqtt-roundtrip-qos2-1KByte-100-cycles - qos:0 - size:1024
2018-05-15_23:13:31:362- message sent - id:0 - topic:mqtt-roundtrip-qos2-1KByte-100-cycles_2 - qos:0 - size:1024
2018-05-15_23:13:31:362- message received - id:0 - topic:mqtt-roundtrip-qos2-1KByte-100-cycles - qos:0 - size:1024
2018-05-15_23:13:31:363- message sent - id:0 - topic:mqtt-roundtrip-qos2-1KByte-100-cycles_2 - qos:0 - size:1024
2018-05-15_23:13:31:363- message received - id:0 - topic:mqtt-roundtrip-qos2-1KByte-100-cycles - qos:0 - size:1024
2018-05-15_23:13:31:363- message sent - id:0 - topic:mqtt-roundtrip-qos2-1KByte-100-cycles_2 - qos:0 - size:1024
2018-05-15_23:13:31:364- message received - id:0 - topic:mqtt-roundtrip-qos2-1KByte-100-cycles - qos:0 - size:1024
2018-05-15_23:13:31:364- message sent - id:0 - topic:mqtt-roundtrip-qos2-1KByte-100-cycles_2 - qos:0 - size:1024
2018-05-15_23:13:31:364- message received - id:0 - topic:mqtt-roundtrip-qos2-1KByte-100-cycles - qos:0 - size:1024
2018-05-15_23:13:31:364- message sent - id:0 - topic:mqtt-roundtrip-qos2-1KByte-100-cycles_2 - qos:0 - size:1024
2018-05-15_23:13:31:365- message received - id:0 - topic:mqtt-roundtrip-qos2-1KByte-100-cycles - qos:0 - size:1024
2018-05-15_23:13:31:365- message sent - id:0 - topic:mqtt-roundtrip-qos2-1KByte-100-cycles_2 - qos:0 - size:1024
2018-05-15_23:13:31:365- message received - id:0 - topic:mqtt-roundtrip-qos2-1KByte-100-cycles - qos:0 - size:1024
2018-05-15_23:13:31:366- message sent - id:0 - topic:mqtt-roundtrip-qos2-1KByte-100-cycles_2 - qos:0 - size:1024
2018-05-15_23:13:31:366- message received - id:0 - topic:mqtt-roundtrip-qos2-1KByte-100-cycles - qos:0 - size:1024
2018-05-15_23:13:31:366- message sent - id:0 - topic:mqtt-roundtrip-qos2-1KByte-100-cycles_2 - qos:0 - size:1024
2018-05-15_23:13:31:366- message received - id:0 - topic:mqtt-roundtrip-qos2-1KByte-100-cycles - qos:0 - size:1024
2018-05-15_23:13:31:366- message sent - id:0 - topic:mqtt-roundtrip-qos2-1KByte-100-cycles_2 - qos:0 - size:1024
2018-05-15_23:13:31:367- message received - id:0 - topic:mqtt-roundtrip-qos2-1KByte-100-cycles - qos:0 - size:1024
2018-05-15_23:13:31:367- message sent - id:0 - topic:mqtt-roundtrip-qos2-1KByte-100-cycles_2 - qos:0 - size:1024
2018-05-15_23:13:31:367- message received - id:0 - topic:mqtt-roundtrip-qos2-1KByte-100-cycles - qos:0 - size:1024
2018-05-15_23:13:31:368- message sent - id:0 - topic:mqtt-roundtrip-qos2-1KByte-100-cycles_2 - qos:0 - size:1024
2018-05-15_23:13:31:368- message received - id:0 - topic:mqtt-roundtrip-qos2-1KByte-100-cycles - qos:0 - size:1024
2018-05-15_23:13:31:368- message sent - id:0 - topic:mqtt-roundtrip-qos2-1KByte-100-cycles_2 - qos:0 - size:1024
2018-05-15_23:13:31:369- message received - id:0 - topic:mqtt-roundtrip-qos2-1KByte-100-cycles - qos:0 - size:1024
2018-05-15_23:13:31:370- message sent - id:0 - topic:mqtt-roundtrip-qos2-1KByte-100-cycles_2 - qos:0 - size:1024
2018-05-15_23:13:31:370- message received - id:0 - topic:mqtt-roundtrip-qos2-1KByte-100-cycles - qos:0 - size:1024
2018-05-15_23:13:31:370- message sent - id:0 - topic:mqtt-roundtrip-qos2-1KByte-100-cycles_2 - qos:0 - size:1024
2018-05-15_23:13:31:370- message received - id:0 - topic:mqtt-roundtrip-qos2-1KByte-100-cycles - qos:0 - size:1024
2018-05-15_23:13:31:371- message sent - id:0 - topic:mqtt-roundtrip-qos2-1KByte-100-cycles_2 - qos:0 - size:1024
2018-05-15_23:13:31:371- message received - id:0 - topic:mqtt-roundtrip-qos2-1KByte-100-cycles - qos:0 - size:1024
2018-05-15_23:13:31:371- message sent - id:0 - topic:mqtt-roundtrip-qos2-1KByte-100-cycles_2 - qos:0 - size:1024
2018-05-15_23:13:31:371- message received - id:0 - topic:mqtt-roundtrip-qos2-1KByte-100-cycles - qos:0 - size:1024
2018-05-15_23:13:31:372- message sent - id:0 - topic:mqtt-roundtrip-qos2-1KByte-100-cycles_2 - qos:0 - size:1024
2018-05-15_23:13:31:372- message received - id:0 - topic:mqtt-roundtrip-qos2-1KByte-100-cycles - qos:0 - size:1024
2018-05-15_23:13:31:372- message sent - id:0 - topic:mqtt-roundtrip-qos2-1KByte-100-cycles_2 - qos:0 - size:1024
2018-05-15_23:13:31:372- message received - id:0 - topic:mqtt-roundtrip-qos2-1KByte-100-cycles - qos:0 - size:1024
2018-05-15_23:13:31:373- message sent - id:0 - topic:mqtt-roundtrip-qos2-1KByte-100-cycles_2 - qos:0 - size:1024
2018-05-15_23:13:31:373- message received - id:0 - topic:mqtt-roundtrip-qos2-1KByte-100-cycles - qos:0 - size:1024
2018-05-15_23:13:31:373- message sent - id:0 - topic:mqtt-roundtrip-qos2-1KByte-100-cycles_2 - qos:0 - size:1024
2018-05-15_23:13:31:374- message received - id:0 - topic:mqtt-roundtrip-qos2-1KByte-100-cycles - qos:0 - size:1024
2018-05-15_23:13:31:374- message sent - id:0 - topic:mqtt-roundtrip-qos2-1KByte-100-cycles_2 - qos:0 - size:1024
2018-05-15_23:13:31:374- message received - id:0 - topic:mqtt-roundtrip-qos2-1KByte-100-cycles - qos:0 - size:1024
2018-05-15_23:13:31:374- message sent - id:0 - topic:mqtt-roundtrip-qos2-1KByte-100-cycles_2 - qos:0 - size:1024
2018-05-15_23:13:31:375- message received - id:0 - topic:mqtt-roundtrip-qos2-1KByte-100-cycles - qos:0 - size:1024
2018-05-15_23:13:31:375- message sent - id:0 - topic:mqtt-roundtrip-qos2-1KByte-100-cycles_2 - qos:0 - size:1024
2018-05-15_23:13:31:375- message received - id:0 - topic:mqtt-roundtrip-qos2-1KByte-100-cycles - qos:0 - size:1024
2018-05-15_23:13:31:375- message sent - id:0 - topic:mqtt-roundtrip-qos2-1KByte-100-cycles_2 - qos:0 - size:1024
2018-05-15_23:13:31:376- message received - id:0 - topic:mqtt-roundtrip-qos2-1KByte-100-cycles - qos:0 - size:1024
2018-05-15_23:13:31:376- message sent - id:0 - topic:mqtt-roundtrip-qos2-1KByte-100-cycles_2 - qos:0 - size:1024
2018-05-15_23:13:31:376- message received - id:0 - topic:mqtt-roundtrip-qos2-1KByte-100-cycles - qos:0 - size:1024
2018-05-15_23:13:31:376- message sent - id:0 - topic:mqtt-roundtrip-qos2-1KByte-100-cycles_2 - qos:0 - size:1024
2018-05-15_23:13:31:377- message received - id:0 - topic:mqtt-roundtrip-qos2-1KByte-100-cycles - qos:0 - size:1024
2018-05-15_23:13:31:377- message sent - id:0 - topic:mqtt-roundtrip-qos2-1KByte-100-cycles_2 - qos:0 - size:1024
2018-05-15_23:13:31:377- message received - id:0 - topic:mqtt-roundtrip-qos2-1KByte-100-cycles - qos:0 - size:1024
2018-05-15_23:13:31:377- message sent - id:0 - topic:mqtt-roundtrip-qos2-1KByte-100-cycles_2 - qos:0 - size:1024
2018-05-15_23:13:31:378- message received - id:0 - topic:mqtt-roundtrip-qos2-1KByte-100-cycles - qos:0 - size:1024
2018-05-15_23:13:31:378- message sent - id:0 - topic:mqtt-roundtrip-qos2-1KByte-100-cycles_2 - qos:0 - size:1024
2018-05-15_23:13:31:378- message received - id:0 - topic:mqtt-roundtrip-qos2-1KByte-100-cycles - qos:0 - size:1024
2018-05-15_23:13:31:379- message sent - id:0 - topic:mqtt-roundtrip-qos2-1KByte-100-cycles_2 - qos:0 - size:1024
2018-05-15_23:13:31:379- message received - id:0 - topic:mqtt-roundtrip-qos2-1KByte-100-cycles - qos:0 - size:1024
2018-05-15_23:13:31:379- message sent - id:0 - topic:mqtt-roundtrip-qos2-1KByte-100-cycles_2 - qos:0 - size:1024
2018-05-15_23:13:31:379- message received - id:0 - topic:mqtt-roundtrip-qos2-1KByte-100-cycles - qos:0 - size:1024
2018-05-15_23:13:31:379- message sent - id:0 - topic:mqtt-roundtrip-qos2-1KByte-100-cycles_2 - qos:0 - size:1024
2018-05-15_23:13:31:382- message received - id:0 - topic:mqtt-roundtrip-qos2-1KByte-100-cycles - qos:0 - size:1024
2018-05-15_23:13:31:382- message sent - id:0 - topic:mqtt-roundtrip-qos2-1KByte-100-cycles_2 - qos:0 - size:1024
2018-05-15_23:13:31:382- message received - id:0 - topic:mqtt-roundtrip-qos2-1KByte-100-cycles - qos:0 - size:1024
2018-05-15_23:13:31:382- message sent - id:0 - topic:mqtt-roundtrip-qos2-1KByte-100-cycles_2 - qos:0 - size:1024
2018-05-15_23:13:31:383- message received - id:0 - topic:mqtt-roundtrip-qos2-1KByte-100-cycles - qos:0 - size:1024
2018-05-15_23:13:31:383- message sent - id:0 - topic:mqtt-roundtrip-qos2-1KByte-100-cycles_2 - qos:0 - size:1024
2018-05-15_23:13:31:383- message received - id:0 - topic:mqtt-roundtrip-qos2-1KByte-100-cycles - qos:0 - size:1024
2018-05-15_23:13:31:383- message sent - id:0 - topic:mqtt-roundtrip-qos2-1KByte-100-cycles_2 - qos:0 - size:1024
2018-05-15_23:13:31:384- message received - id:0 - topic:mqtt-roundtrip-qos2-1KByte-100-cycles - qos:0 - size:1024
2018-05-15_23:13:31:384- message sent - id:0 - topic:mqtt-roundtrip-qos2-1KByte-100-cycles_2 - qos:0 - size:1024
2018-05-15_23:13:31:384- message received - id:0 - topic:mqtt-roundtrip-qos2-1KByte-100-cycles - qos:0 - size:1024
2018-05-15_23:13:31:384- message sent - id:0 - topic:mqtt-roundtrip-qos2-1KByte-100-cycles_2 - qos:0 - size:1024
2018-05-15_23:13:31:385- message received - id:0 - topic:mqtt-roundtrip-qos2-1KByte-100-cycles - qos:0 - size:1024
2018-05-15_23:13:31:385- message sent - id:0 - topic:mqtt-roundtrip-qos2-1KByte-100-cycles_2 - qos:0 - size:1024
2018-05-15_23:13:31:385- message received - id:0 - topic:mqtt-roundtrip-qos2-1KByte-100-cycles - qos:0 - size:1024
2018-05-15_23:13:31:386- message sent - id:0 - topic:mqtt-roundtrip-qos2-1KByte-100-cycles_2 - qos:0 - size:1024
2018-05-15_23:13:31:386- message received - id:0 - topic:mqtt-roundtrip-qos2-1KByte-100-cycles - qos:0 - size:1024
2018-05-15_23:13:31:386- message sent - id:0 - topic:mqtt-roundtrip-qos2-1KByte-100-cycles_2 - qos:0 - size:1024
2018-05-15_23:13:31:386- message received - id:0 - topic:mqtt-roundtrip-qos2-1KByte-100-cycles - qos:0 - size:1024
2018-05-15_23:13:31:387- message sent - id:0 - topic:mqtt-roundtrip-qos2-1KByte-100-cycles_2 - qos:0 - size:1024
2018-05-15_23:13:31:387- message received - id:0 - topic:mqtt-roundtrip-qos2-1KByte-100-cycles - qos:0 - size:1024
2018-05-15_23:13:31:387- message sent - id:0 - topic:mqtt-roundtrip-qos2-1KByte-100-cycles_2 - qos:0 - size:1024
2018-05-15_23:13:31:387- message received - id:0 - topic:mqtt-roundtrip-qos2-1KByte-100-cycles - qos:0 - size:1024
2018-05-15_23:13:31:387- message sent - id:0 - topic:mqtt-roundtrip-qos2-1KByte-100-cycles_2 - qos:0 - size:1024
2018-05-15_23:13:31:388- message received - id:0 - topic:mqtt-roundtrip-qos2-1KByte-100-cycles - qos:0 - size:1024
2018-05-15_23:13:31:388- message sent - id:0 - topic:mqtt-roundtrip-qos2-1KByte-100-cycles_2 - qos:0 - size:1024
2018-05-15_23:13:31:388- message received - id:0 - topic:mqtt-roundtrip-qos2-1KByte-100-cycles - qos:0 - size:1024
2018-05-15_23:13:31:388- message sent - id:0 - topic:mqtt-roundtrip-qos2-1KByte-100-cycles_2 - qos:0 - size:1024
2018-05-15_23:13:31:389- message received - id:0 - topic:mqtt-roundtrip-qos2-1KByte-100-cycles - qos:0 - size:1024
2018-05-15_23:13:31:389- message sent - id:0 - topic:mqtt-roundtrip-qos2-1KByte-100-cycles_2 - qos:0 - size:1024
2018-05-15_23:13:31:389- message received - id:0 - topic:mqtt-roundtrip-qos2-1KByte-100-cycles - qos:0 - size:1024
2018-05-15_23:13:31:389- message sent - id:0 - topic:mqtt-roundtrip-qos2-1KByte-100-cycles_2 - qos:0 - size:1024
2018-05-15_23:13:31:390- message received - id:0 - topic:mqtt-roundtrip-qos2-1KByte-100-cycles - qos:0 - size:1024
2018-05-15_23:13:31:390- message sent - id:0 - topic:mqtt-roundtrip-qos2-1KByte-100-cycles_2 - qos:0 - size:1024
2018-05-15_23:13:31:390- message received - id:0 - topic:mqtt-roundtrip-qos2-1KByte-100-cycles - qos:0 - size:1024
2018-05-15_23:13:31:390- message sent - id:0 - topic:mqtt-roundtrip-qos2-1KByte-100-cycles_2 - qos:0 - size:1024
2018-05-15_23:13:31:391- message received - id:0 - topic:mqtt-roundtrip-qos2-1KByte-100-cycles - qos:0 - size:1024
2018-05-15_23:13:31:391- message sent - id:0 - topic:mqtt-roundtrip-qos2-1KByte-100-cycles_2 - qos:0 - size:1024
2018-05-15_23:13:31:391- message received - id:0 - topic:mqtt-roundtrip-qos2-1KByte-100-cycles - qos:0 - size:1024
2018-05-15_23:13:31:391- message sent - id:0 - topic:mqtt-roundtrip-qos2-1KByte-100-cycles_2 - qos:0 - size:1024
