2018-05-17_21:18:22:561- connecting to broker 192.168.1.100:1883
2018-05-17_21:18:22:561- Subscribing to topic mqtt-roundtrip-qos2-10Byte-10-cycles_2
2018-05-17_21:18:22:562- subscribe returned (0, 1)
2018-05-17_21:18:22:562- Performing message publishing for 10 cycles
2018-05-17_21:18:22:562- message sent - topic:mqtt-roundtrip-qos2-10Byte-10-cycles - qos:2 - id:000000
2018-05-17_21:18:22:562- message sent - topic:mqtt-roundtrip-qos2-10Byte-10-cycles - qos:2 - id:000001
2018-05-17_21:18:22:563- Client connected to broker
2018-05-17_21:18:22:563- message sent - topic:mqtt-roundtrip-qos2-10Byte-10-cycles - qos:2 - id:000002
2018-05-17_21:18:22:563- message sent - topic:mqtt-roundtrip-qos2-10Byte-10-cycles - qos:2 - id:000003
2018-05-17_21:18:22:563- message sent - topic:mqtt-roundtrip-qos2-10Byte-10-cycles - qos:2 - id:000004
2018-05-17_21:18:22:563- message sent - topic:mqtt-roundtrip-qos2-10Byte-10-cycles - qos:2 - id:000005
2018-05-17_21:18:22:564- message sent - topic:mqtt-roundtrip-qos2-10Byte-10-cycles - qos:2 - id:000006
2018-05-17_21:18:22:564- message sent - topic:mqtt-roundtrip-qos2-10Byte-10-cycles - qos:2 - id:000007
2018-05-17_21:18:22:564- message sent - topic:mqtt-roundtrip-qos2-10Byte-10-cycles - qos:2 - id:000008
2018-05-17_21:18:22:564- message sent - topic:mqtt-roundtrip-qos2-10Byte-10-cycles - qos:2 - id:000009
2018-05-17_21:18:22:608- message received - topic:mqtt-roundtrip-qos2-10Byte-10-cycles_2 - qos:2 - size:16 - id:000000
2018-05-17_21:18:22:611- message received - topic:mqtt-roundtrip-qos2-10Byte-10-cycles_2 - qos:2 - size:16 - id:000001
2018-05-17_21:18:22:612- message received - topic:mqtt-roundtrip-qos2-10Byte-10-cycles_2 - qos:2 - size:16 - id:000002
2018-05-17_21:18:22:613- message received - topic:mqtt-roundtrip-qos2-10Byte-10-cycles_2 - qos:2 - size:16 - id:000003
2018-05-17_21:18:22:613- message received - topic:mqtt-roundtrip-qos2-10Byte-10-cycles_2 - qos:2 - size:16 - id:000004
2018-05-17_21:18:22:613- message received - topic:mqtt-roundtrip-qos2-10Byte-10-cycles_2 - qos:2 - size:16 - id:000005
2018-05-17_21:18:22:614- message received - topic:mqtt-roundtrip-qos2-10Byte-10-cycles_2 - qos:2 - size:16 - id:000006
2018-05-17_21:18:22:614- message received - topic:mqtt-roundtrip-qos2-10Byte-10-cycles_2 - qos:2 - size:16 - id:000007
2018-05-17_21:18:22:614- message received - topic:mqtt-roundtrip-qos2-10Byte-10-cycles_2 - qos:2 - size:16 - id:000008
2018-05-17_21:18:22:614- message received - topic:mqtt-roundtrip-qos2-10Byte-10-cycles_2 - qos:2 - size:16 - id:000009
2018-05-17_21:18:25:618- Client disconnected from broker
