2018-05-15_23:06:07:215- connecting to broker 192.168.1.100:1883
2018-05-15_23:06:07:216- Subscribing to topic mqtt-roundtrip-qos1-100Byte-100-cycles_2
2018-05-15_23:06:07:216- subscribe returned (0, 1)
2018-05-15_23:06:07:217- Client connected to broker
2018-05-15_23:06:16:154- Performing message publishing for 100 cycles
2018-05-15_23:06:16:155- message sent - id:2 - topic:mqtt-roundtrip-qos1-100Byte-100-cycles - qos:1 - size:100
2018-05-15_23:06:16:156- message sent - id:3 - topic:mqtt-roundtrip-qos1-100Byte-100-cycles - qos:1 - size:100
2018-05-15_23:06:16:156- message sent - id:4 - topic:mqtt-roundtrip-qos1-100Byte-100-cycles - qos:1 - size:100
2018-05-15_23:06:16:157- message sent - id:5 - topic:mqtt-roundtrip-qos1-100Byte-100-cycles - qos:1 - size:100
2018-05-15_23:06:16:157- message sent - id:6 - topic:mqtt-roundtrip-qos1-100Byte-100-cycles - qos:1 - size:100
2018-05-15_23:06:16:157- message sent - id:7 - topic:mqtt-roundtrip-qos1-100Byte-100-cycles - qos:1 - size:100
2018-05-15_23:06:16:157- message sent - id:8 - topic:mqtt-roundtrip-qos1-100Byte-100-cycles - qos:1 - size:100
2018-05-15_23:06:16:158- message sent - id:9 - topic:mqtt-roundtrip-qos1-100Byte-100-cycles - qos:1 - size:100
2018-05-15_23:06:16:159- message received - id:0 - topic:mqtt-roundtrip-qos1-100Byte-100-cycles_2 - qos:0 - size:100
2018-05-15_23:06:16:159- message sent - id:10 - topic:mqtt-roundtrip-qos1-100Byte-100-cycles - qos:1 - size:100
2018-05-15_23:06:16:160- message sent - id:11 - topic:mqtt-roundtrip-qos1-100Byte-100-cycles - qos:1 - size:100
2018-05-15_23:06:16:160- message sent - id:12 - topic:mqtt-roundtrip-qos1-100Byte-100-cycles - qos:1 - size:100
2018-05-15_23:06:16:161- message sent - id:13 - topic:mqtt-roundtrip-qos1-100Byte-100-cycles - qos:1 - size:100
2018-05-15_23:06:16:161- message sent - id:14 - topic:mqtt-roundtrip-qos1-100Byte-100-cycles - qos:1 - size:100
2018-05-15_23:06:16:162- message sent - id:15 - topic:mqtt-roundtrip-qos1-100Byte-100-cycles - qos:1 - size:100
2018-05-15_23:06:16:163- message sent - id:16 - topic:mqtt-roundtrip-qos1-100Byte-100-cycles - qos:1 - size:100
2018-05-15_23:06:16:163- message sent - id:17 - topic:mqtt-roundtrip-qos1-100Byte-100-cycles - qos:1 - size:100
2018-05-15_23:06:16:163- message sent - id:18 - topic:mqtt-roundtrip-qos1-100Byte-100-cycles - qos:1 - size:100
2018-05-15_23:06:16:163- message sent - id:19 - topic:mqtt-roundtrip-qos1-100Byte-100-cycles - qos:1 - size:100
2018-05-15_23:06:16:163- message sent - id:20 - topic:mqtt-roundtrip-qos1-100Byte-100-cycles - qos:1 - size:100
2018-05-15_23:06:16:163- message sent - id:21 - topic:mqtt-roundtrip-qos1-100Byte-100-cycles - qos:1 - size:100
2018-05-15_23:06:16:163- message sent - id:22 - topic:mqtt-roundtrip-qos1-100Byte-100-cycles - qos:1 - size:100
2018-05-15_23:06:16:163- message received - id:0 - topic:mqtt-roundtrip-qos1-100Byte-100-cycles_2 - qos:0 - size:100
2018-05-15_23:06:16:164- message received - id:0 - topic:mqtt-roundtrip-qos1-100Byte-100-cycles_2 - qos:0 - size:100
2018-05-15_23:06:16:164- message received - id:0 - topic:mqtt-roundtrip-qos1-100Byte-100-cycles_2 - qos:0 - size:100
2018-05-15_23:06:16:164- message received - id:0 - topic:mqtt-roundtrip-qos1-100Byte-100-cycles_2 - qos:0 - size:100
2018-05-15_23:06:16:164- message received - id:0 - topic:mqtt-roundtrip-qos1-100Byte-100-cycles_2 - qos:0 - size:100
2018-05-15_23:06:16:164- message received - id:0 - topic:mqtt-roundtrip-qos1-100Byte-100-cycles_2 - qos:0 - size:100
2018-05-15_23:06:16:164- message sent - id:23 - topic:mqtt-roundtrip-qos1-100Byte-100-cycles - qos:1 - size:100
2018-05-15_23:06:16:164- message sent - id:24 - topic:mqtt-roundtrip-qos1-100Byte-100-cycles - qos:1 - size:100
2018-05-15_23:06:16:165- message sent - id:25 - topic:mqtt-roundtrip-qos1-100Byte-100-cycles - qos:1 - size:100
2018-05-15_23:06:16:165- message sent - id:26 - topic:mqtt-roundtrip-qos1-100Byte-100-cycles - qos:1 - size:100
2018-05-15_23:06:16:165- message sent - id:27 - topic:mqtt-roundtrip-qos1-100Byte-100-cycles - qos:1 - size:100
2018-05-15_23:06:16:165- message received - id:0 - topic:mqtt-roundtrip-qos1-100Byte-100-cycles_2 - qos:0 - size:100
2018-05-15_23:06:16:165- message sent - id:28 - topic:mqtt-roundtrip-qos1-100Byte-100-cycles - qos:1 - size:100
2018-05-15_23:06:16:165- message received - id:0 - topic:mqtt-roundtrip-qos1-100Byte-100-cycles_2 - qos:0 - size:100
2018-05-15_23:06:16:165- message sent - id:29 - topic:mqtt-roundtrip-qos1-100Byte-100-cycles - qos:1 - size:100
2018-05-15_23:06:16:166- message received - id:0 - topic:mqtt-roundtrip-qos1-100Byte-100-cycles_2 - qos:0 - size:100
2018-05-15_23:06:16:166- message sent - id:30 - topic:mqtt-roundtrip-qos1-100Byte-100-cycles - qos:1 - size:100
2018-05-15_23:06:16:166- message received - id:0 - topic:mqtt-roundtrip-qos1-100Byte-100-cycles_2 - qos:0 - size:100
2018-05-15_23:06:16:166- message sent - id:31 - topic:mqtt-roundtrip-qos1-100Byte-100-cycles - qos:1 - size:100
2018-05-15_23:06:16:166- message received - id:0 - topic:mqtt-roundtrip-qos1-100Byte-100-cycles_2 - qos:0 - size:100
2018-05-15_23:06:16:166- message sent - id:32 - topic:mqtt-roundtrip-qos1-100Byte-100-cycles - qos:1 - size:100
2018-05-15_23:06:16:166- message received - id:0 - topic:mqtt-roundtrip-qos1-100Byte-100-cycles_2 - qos:0 - size:100
2018-05-15_23:06:16:166- message sent - id:33 - topic:mqtt-roundtrip-qos1-100Byte-100-cycles - qos:1 - size:100
2018-05-15_23:06:16:166- message received - id:0 - topic:mqtt-roundtrip-qos1-100Byte-100-cycles_2 - qos:0 - size:100
2018-05-15_23:06:16:167- message sent - id:34 - topic:mqtt-roundtrip-qos1-100Byte-100-cycles - qos:1 - size:100
2018-05-15_23:06:16:167- message received - id:0 - topic:mqtt-roundtrip-qos1-100Byte-100-cycles_2 - qos:0 - size:100
2018-05-15_23:06:16:167- message sent - id:35 - topic:mqtt-roundtrip-qos1-100Byte-100-cycles - qos:1 - size:100
2018-05-15_23:06:16:167- message received - id:0 - topic:mqtt-roundtrip-qos1-100Byte-100-cycles_2 - qos:0 - size:100
2018-05-15_23:06:16:167- message sent - id:36 - topic:mqtt-roundtrip-qos1-100Byte-100-cycles - qos:1 - size:100
2018-05-15_23:06:16:167- message received - id:0 - topic:mqtt-roundtrip-qos1-100Byte-100-cycles_2 - qos:0 - size:100
2018-05-15_23:06:16:168- message received - id:0 - topic:mqtt-roundtrip-qos1-100Byte-100-cycles_2 - qos:0 - size:100
2018-05-15_23:06:16:168- message sent - id:37 - topic:mqtt-roundtrip-qos1-100Byte-100-cycles - qos:1 - size:100
2018-05-15_23:06:16:168- message received - id:0 - topic:mqtt-roundtrip-qos1-100Byte-100-cycles_2 - qos:0 - size:100
2018-05-15_23:06:16:168- message sent - id:38 - topic:mqtt-roundtrip-qos1-100Byte-100-cycles - qos:1 - size:100
2018-05-15_23:06:16:168- message sent - id:39 - topic:mqtt-roundtrip-qos1-100Byte-100-cycles - qos:1 - size:100
2018-05-15_23:06:16:168- message sent - id:40 - topic:mqtt-roundtrip-qos1-100Byte-100-cycles - qos:1 - size:100
2018-05-15_23:06:16:168- message received - id:0 - topic:mqtt-roundtrip-qos1-100Byte-100-cycles_2 - qos:0 - size:100
2018-05-15_23:06:16:168- message sent - id:41 - topic:mqtt-roundtrip-qos1-100Byte-100-cycles - qos:1 - size:100
2018-05-15_23:06:16:169- message sent - id:42 - topic:mqtt-roundtrip-qos1-100Byte-100-cycles - qos:1 - size:100
2018-05-15_23:06:16:169- message received - id:0 - topic:mqtt-roundtrip-qos1-100Byte-100-cycles_2 - qos:0 - size:100
2018-05-15_23:06:16:169- message sent - id:43 - topic:mqtt-roundtrip-qos1-100Byte-100-cycles - qos:1 - size:100
2018-05-15_23:06:16:169- message sent - id:44 - topic:mqtt-roundtrip-qos1-100Byte-100-cycles - qos:1 - size:100
2018-05-15_23:06:16:169- message received - id:0 - topic:mqtt-roundtrip-qos1-100Byte-100-cycles_2 - qos:0 - size:100
2018-05-15_23:06:16:169- message received - id:0 - topic:mqtt-roundtrip-qos1-100Byte-100-cycles_2 - qos:0 - size:100
2018-05-15_23:06:16:169- message received - id:0 - topic:mqtt-roundtrip-qos1-100Byte-100-cycles_2 - qos:0 - size:100
2018-05-15_23:06:16:169- message sent - id:45 - topic:mqtt-roundtrip-qos1-100Byte-100-cycles - qos:1 - size:100
2018-05-15_23:06:16:169- message sent - id:46 - topic:mqtt-roundtrip-qos1-100Byte-100-cycles - qos:1 - size:100
2018-05-15_23:06:16:170- message sent - id:47 - topic:mqtt-roundtrip-qos1-100Byte-100-cycles - qos:1 - size:100
2018-05-15_23:06:16:170- message sent - id:48 - topic:mqtt-roundtrip-qos1-100Byte-100-cycles - qos:1 - size:100
2018-05-15_23:06:16:171- message received - id:0 - topic:mqtt-roundtrip-qos1-100Byte-100-cycles_2 - qos:0 - size:100
2018-05-15_23:06:16:171- message sent - id:49 - topic:mqtt-roundtrip-qos1-100Byte-100-cycles - qos:1 - size:100
2018-05-15_23:06:16:171- message sent - id:50 - topic:mqtt-roundtrip-qos1-100Byte-100-cycles - qos:1 - size:100
2018-05-15_23:06:16:171- message received - id:0 - topic:mqtt-roundtrip-qos1-100Byte-100-cycles_2 - qos:0 - size:100
2018-05-15_23:06:16:171- message sent - id:51 - topic:mqtt-roundtrip-qos1-100Byte-100-cycles - qos:1 - size:100
2018-05-15_23:06:16:171- message sent - id:52 - topic:mqtt-roundtrip-qos1-100Byte-100-cycles - qos:1 - size:100
2018-05-15_23:06:16:172- message sent - id:53 - topic:mqtt-roundtrip-qos1-100Byte-100-cycles - qos:1 - size:100
2018-05-15_23:06:16:172- message received - id:0 - topic:mqtt-roundtrip-qos1-100Byte-100-cycles_2 - qos:0 - size:100
2018-05-15_23:06:16:172- message sent - id:54 - topic:mqtt-roundtrip-qos1-100Byte-100-cycles - qos:1 - size:100
2018-05-15_23:06:16:172- message sent - id:55 - topic:mqtt-roundtrip-qos1-100Byte-100-cycles - qos:1 - size:100
2018-05-15_23:06:16:172- message sent - id:56 - topic:mqtt-roundtrip-qos1-100Byte-100-cycles - qos:1 - size:100
2018-05-15_23:06:16:172- message received - id:0 - topic:mqtt-roundtrip-qos1-100Byte-100-cycles_2 - qos:0 - size:100
2018-05-15_23:06:16:173- message received - id:0 - topic:mqtt-roundtrip-qos1-100Byte-100-cycles_2 - qos:0 - size:100
2018-05-15_23:06:16:173- message sent - id:57 - topic:mqtt-roundtrip-qos1-100Byte-100-cycles - qos:1 - size:100
2018-05-15_23:06:16:173- message received - id:0 - topic:mqtt-roundtrip-qos1-100Byte-100-cycles_2 - qos:0 - size:100
2018-05-15_23:06:16:173- message sent - id:58 - topic:mqtt-roundtrip-qos1-100Byte-100-cycles - qos:1 - size:100
2018-05-15_23:06:16:174- message received - id:0 - topic:mqtt-roundtrip-qos1-100Byte-100-cycles_2 - qos:0 - size:100
2018-05-15_23:06:16:174- message sent - id:59 - topic:mqtt-roundtrip-qos1-100Byte-100-cycles - qos:1 - size:100
2018-05-15_23:06:16:174- message sent - id:60 - topic:mqtt-roundtrip-qos1-100Byte-100-cycles - qos:1 - size:100
2018-05-15_23:06:16:174- message sent - id:61 - topic:mqtt-roundtrip-qos1-100Byte-100-cycles - qos:1 - size:100
2018-05-15_23:06:16:174- message sent - id:62 - topic:mqtt-roundtrip-qos1-100Byte-100-cycles - qos:1 - size:100
2018-05-15_23:06:16:175- message received - id:0 - topic:mqtt-roundtrip-qos1-100Byte-100-cycles_2 - qos:0 - size:100
2018-05-15_23:06:16:175- message sent - id:63 - topic:mqtt-roundtrip-qos1-100Byte-100-cycles - qos:1 - size:100
2018-05-15_23:06:16:175- message sent - id:64 - topic:mqtt-roundtrip-qos1-100Byte-100-cycles - qos:1 - size:100
2018-05-15_23:06:16:175- message sent - id:65 - topic:mqtt-roundtrip-qos1-100Byte-100-cycles - qos:1 - size:100
2018-05-15_23:06:16:175- message received - id:0 - topic:mqtt-roundtrip-qos1-100Byte-100-cycles_2 - qos:0 - size:100
2018-05-15_23:06:16:175- message sent - id:66 - topic:mqtt-roundtrip-qos1-100Byte-100-cycles - qos:1 - size:100
2018-05-15_23:06:16:176- message received - id:0 - topic:mqtt-roundtrip-qos1-100Byte-100-cycles_2 - qos:0 - size:100
2018-05-15_23:06:16:176- message received - id:0 - topic:mqtt-roundtrip-qos1-100Byte-100-cycles_2 - qos:0 - size:100
2018-05-15_23:06:16:176- message sent - id:67 - topic:mqtt-roundtrip-qos1-100Byte-100-cycles - qos:1 - size:100
2018-05-15_23:06:16:176- message sent - id:68 - topic:mqtt-roundtrip-qos1-100Byte-100-cycles - qos:1 - size:100
2018-05-15_23:06:16:176- message sent - id:69 - topic:mqtt-roundtrip-qos1-100Byte-100-cycles - qos:1 - size:100
2018-05-15_23:06:16:176- message sent - id:70 - topic:mqtt-roundtrip-qos1-100Byte-100-cycles - qos:1 - size:100
2018-05-15_23:06:16:176- message sent - id:71 - topic:mqtt-roundtrip-qos1-100Byte-100-cycles - qos:1 - size:100
2018-05-15_23:06:16:177- message received - id:0 - topic:mqtt-roundtrip-qos1-100Byte-100-cycles_2 - qos:0 - size:100
2018-05-15_23:06:16:177- message sent - id:72 - topic:mqtt-roundtrip-qos1-100Byte-100-cycles - qos:1 - size:100
2018-05-15_23:06:16:177- message received - id:0 - topic:mqtt-roundtrip-qos1-100Byte-100-cycles_2 - qos:0 - size:100
2018-05-15_23:06:16:177- message sent - id:73 - topic:mqtt-roundtrip-qos1-100Byte-100-cycles - qos:1 - size:100
2018-05-15_23:06:16:177- message received - id:0 - topic:mqtt-roundtrip-qos1-100Byte-100-cycles_2 - qos:0 - size:100
2018-05-15_23:06:16:177- message sent - id:74 - topic:mqtt-roundtrip-qos1-100Byte-100-cycles - qos:1 - size:100
2018-05-15_23:06:16:177- message received - id:0 - topic:mqtt-roundtrip-qos1-100Byte-100-cycles_2 - qos:0 - size:100
2018-05-15_23:06:16:177- message sent - id:75 - topic:mqtt-roundtrip-qos1-100Byte-100-cycles - qos:1 - size:100
2018-05-15_23:06:16:178- message received - id:0 - topic:mqtt-roundtrip-qos1-100Byte-100-cycles_2 - qos:0 - size:100
2018-05-15_23:06:16:178- message sent - id:76 - topic:mqtt-roundtrip-qos1-100Byte-100-cycles - qos:1 - size:100
2018-05-15_23:06:16:178- message received - id:0 - topic:mqtt-roundtrip-qos1-100Byte-100-cycles_2 - qos:0 - size:100
2018-05-15_23:06:16:178- message sent - id:77 - topic:mqtt-roundtrip-qos1-100Byte-100-cycles - qos:1 - size:100
2018-05-15_23:06:16:178- message received - id:0 - topic:mqtt-roundtrip-qos1-100Byte-100-cycles_2 - qos:0 - size:100
2018-05-15_23:06:16:178- message received - id:0 - topic:mqtt-roundtrip-qos1-100Byte-100-cycles_2 - qos:0 - size:100
2018-05-15_23:06:16:178- message received - id:0 - topic:mqtt-roundtrip-qos1-100Byte-100-cycles_2 - qos:0 - size:100
2018-05-15_23:06:16:178- message received - id:0 - topic:mqtt-roundtrip-qos1-100Byte-100-cycles_2 - qos:0 - size:100
2018-05-15_23:06:16:178- message received - id:0 - topic:mqtt-roundtrip-qos1-100Byte-100-cycles_2 - qos:0 - size:100
2018-05-15_23:06:16:179- message sent - id:78 - topic:mqtt-roundtrip-qos1-100Byte-100-cycles - qos:1 - size:100
2018-05-15_23:06:16:179- message sent - id:79 - topic:mqtt-roundtrip-qos1-100Byte-100-cycles - qos:1 - size:100
2018-05-15_23:06:16:180- message sent - id:80 - topic:mqtt-roundtrip-qos1-100Byte-100-cycles - qos:1 - size:100
2018-05-15_23:06:16:180- message sent - id:81 - topic:mqtt-roundtrip-qos1-100Byte-100-cycles - qos:1 - size:100
2018-05-15_23:06:16:180- message sent - id:82 - topic:mqtt-roundtrip-qos1-100Byte-100-cycles - qos:1 - size:100
2018-05-15_23:06:16:181- message sent - id:83 - topic:mqtt-roundtrip-qos1-100Byte-100-cycles - qos:1 - size:100
2018-05-15_23:06:16:181- message received - id:0 - topic:mqtt-roundtrip-qos1-100Byte-100-cycles_2 - qos:0 - size:100
2018-05-15_23:06:16:181- message sent - id:84 - topic:mqtt-roundtrip-qos1-100Byte-100-cycles - qos:1 - size:100
2018-05-15_23:06:16:181- message received - id:0 - topic:mqtt-roundtrip-qos1-100Byte-100-cycles_2 - qos:0 - size:100
2018-05-15_23:06:16:182- message sent - id:85 - topic:mqtt-roundtrip-qos1-100Byte-100-cycles - qos:1 - size:100
2018-05-15_23:06:16:182- message received - id:0 - topic:mqtt-roundtrip-qos1-100Byte-100-cycles_2 - qos:0 - size:100
2018-05-15_23:06:16:182- message sent - id:86 - topic:mqtt-roundtrip-qos1-100Byte-100-cycles - qos:1 - size:100
2018-05-15_23:06:16:182- message received - id:0 - topic:mqtt-roundtrip-qos1-100Byte-100-cycles_2 - qos:0 - size:100
2018-05-15_23:06:16:182- message sent - id:87 - topic:mqtt-roundtrip-qos1-100Byte-100-cycles - qos:1 - size:100
2018-05-15_23:06:16:183- message received - id:0 - topic:mqtt-roundtrip-qos1-100Byte-100-cycles_2 - qos:0 - size:100
2018-05-15_23:06:16:183- message sent - id:88 - topic:mqtt-roundtrip-qos1-100Byte-100-cycles - qos:1 - size:100
2018-05-15_23:06:16:183- message received - id:0 - topic:mqtt-roundtrip-qos1-100Byte-100-cycles_2 - qos:0 - size:100
2018-05-15_23:06:16:184- message sent - id:89 - topic:mqtt-roundtrip-qos1-100Byte-100-cycles - qos:1 - size:100
2018-05-15_23:06:16:185- message received - id:0 - topic:mqtt-roundtrip-qos1-100Byte-100-cycles_2 - qos:0 - size:100
2018-05-15_23:06:16:185- message sent - id:90 - topic:mqtt-roundtrip-qos1-100Byte-100-cycles - qos:1 - size:100
2018-05-15_23:06:16:185- message received - id:0 - topic:mqtt-roundtrip-qos1-100Byte-100-cycles_2 - qos:0 - size:100
2018-05-15_23:06:16:185- message sent - id:91 - topic:mqtt-roundtrip-qos1-100Byte-100-cycles - qos:1 - size:100
2018-05-15_23:06:16:185- message received - id:0 - topic:mqtt-roundtrip-qos1-100Byte-100-cycles_2 - qos:0 - size:100
2018-05-15_23:06:16:185- message sent - id:92 - topic:mqtt-roundtrip-qos1-100Byte-100-cycles - qos:1 - size:100
2018-05-15_23:06:16:186- message received - id:0 - topic:mqtt-roundtrip-qos1-100Byte-100-cycles_2 - qos:0 - size:100
2018-05-15_23:06:16:186- message sent - id:93 - topic:mqtt-roundtrip-qos1-100Byte-100-cycles - qos:1 - size:100
2018-05-15_23:06:16:186- message received - id:0 - topic:mqtt-roundtrip-qos1-100Byte-100-cycles_2 - qos:0 - size:100
2018-05-15_23:06:16:186- message sent - id:94 - topic:mqtt-roundtrip-qos1-100Byte-100-cycles - qos:1 - size:100
2018-05-15_23:06:16:186- message received - id:0 - topic:mqtt-roundtrip-qos1-100Byte-100-cycles_2 - qos:0 - size:100
2018-05-15_23:06:16:186- message sent - id:95 - topic:mqtt-roundtrip-qos1-100Byte-100-cycles - qos:1 - size:100
2018-05-15_23:06:16:187- message received - id:0 - topic:mqtt-roundtrip-qos1-100Byte-100-cycles_2 - qos:0 - size:100
2018-05-15_23:06:16:187- message sent - id:96 - topic:mqtt-roundtrip-qos1-100Byte-100-cycles - qos:1 - size:100
2018-05-15_23:06:16:187- message received - id:0 - topic:mqtt-roundtrip-qos1-100Byte-100-cycles_2 - qos:0 - size:100
2018-05-15_23:06:16:187- message sent - id:97 - topic:mqtt-roundtrip-qos1-100Byte-100-cycles - qos:1 - size:100
2018-05-15_23:06:16:187- message sent - id:98 - topic:mqtt-roundtrip-qos1-100Byte-100-cycles - qos:1 - size:100
2018-05-15_23:06:16:187- message sent - id:99 - topic:mqtt-roundtrip-qos1-100Byte-100-cycles - qos:1 - size:100
2018-05-15_23:06:16:187- message received - id:0 - topic:mqtt-roundtrip-qos1-100Byte-100-cycles_2 - qos:0 - size:100
2018-05-15_23:06:16:188- message sent - id:100 - topic:mqtt-roundtrip-qos1-100Byte-100-cycles - qos:1 - size:100
2018-05-15_23:06:16:188- message sent - id:101 - topic:mqtt-roundtrip-qos1-100Byte-100-cycles - qos:1 - size:100
2018-05-15_23:06:16:188- message received - id:0 - topic:mqtt-roundtrip-qos1-100Byte-100-cycles_2 - qos:0 - size:100
2018-05-15_23:06:16:191- message received - id:0 - topic:mqtt-roundtrip-qos1-100Byte-100-cycles_2 - qos:0 - size:100
2018-05-15_23:06:16:191- message received - id:0 - topic:mqtt-roundtrip-qos1-100Byte-100-cycles_2 - qos:0 - size:100
2018-05-15_23:06:16:192- message received - id:0 - topic:mqtt-roundtrip-qos1-100Byte-100-cycles_2 - qos:0 - size:100
2018-05-15_23:06:16:192- message received - id:0 - topic:mqtt-roundtrip-qos1-100Byte-100-cycles_2 - qos:0 - size:100
2018-05-15_23:06:16:192- message received - id:0 - topic:mqtt-roundtrip-qos1-100Byte-100-cycles_2 - qos:0 - size:100
2018-05-15_23:06:16:192- message received - id:0 - topic:mqtt-roundtrip-qos1-100Byte-100-cycles_2 - qos:0 - size:100
2018-05-15_23:06:16:193- message received - id:0 - topic:mqtt-roundtrip-qos1-100Byte-100-cycles_2 - qos:0 - size:100
2018-05-15_23:06:16:193- message received - id:0 - topic:mqtt-roundtrip-qos1-100Byte-100-cycles_2 - qos:0 - size:100
2018-05-15_23:06:16:193- message received - id:0 - topic:mqtt-roundtrip-qos1-100Byte-100-cycles_2 - qos:0 - size:100
2018-05-15_23:06:16:193- message received - id:0 - topic:mqtt-roundtrip-qos1-100Byte-100-cycles_2 - qos:0 - size:100
2018-05-15_23:06:16:193- message received - id:0 - topic:mqtt-roundtrip-qos1-100Byte-100-cycles_2 - qos:0 - size:100
2018-05-15_23:06:16:194- message received - id:0 - topic:mqtt-roundtrip-qos1-100Byte-100-cycles_2 - qos:0 - size:100
2018-05-15_23:06:16:196- message received - id:0 - topic:mqtt-roundtrip-qos1-100Byte-100-cycles_2 - qos:0 - size:100
2018-05-15_23:06:16:197- message received - id:0 - topic:mqtt-roundtrip-qos1-100Byte-100-cycles_2 - qos:0 - size:100
2018-05-15_23:06:16:197- message received - id:0 - topic:mqtt-roundtrip-qos1-100Byte-100-cycles_2 - qos:0 - size:100
2018-05-15_23:06:16:197- message received - id:0 - topic:mqtt-roundtrip-qos1-100Byte-100-cycles_2 - qos:0 - size:100
2018-05-15_23:06:16:197- message received - id:0 - topic:mqtt-roundtrip-qos1-100Byte-100-cycles_2 - qos:0 - size:100
2018-05-15_23:06:16:197- message received - id:0 - topic:mqtt-roundtrip-qos1-100Byte-100-cycles_2 - qos:0 - size:100
2018-05-15_23:06:16:198- message received - id:0 - topic:mqtt-roundtrip-qos1-100Byte-100-cycles_2 - qos:0 - size:100
2018-05-15_23:06:16:198- message received - id:0 - topic:mqtt-roundtrip-qos1-100Byte-100-cycles_2 - qos:0 - size:100
2018-05-15_23:06:16:198- message received - id:0 - topic:mqtt-roundtrip-qos1-100Byte-100-cycles_2 - qos:0 - size:100
2018-05-15_23:06:16:198- message received - id:0 - topic:mqtt-roundtrip-qos1-100Byte-100-cycles_2 - qos:0 - size:100
2018-05-15_23:06:16:198- message received - id:0 - topic:mqtt-roundtrip-qos1-100Byte-100-cycles_2 - qos:0 - size:100
2018-05-15_23:06:16:201- message received - id:0 - topic:mqtt-roundtrip-qos1-100Byte-100-cycles_2 - qos:0 - size:100
2018-05-15_23:06:16:201- message received - id:0 - topic:mqtt-roundtrip-qos1-100Byte-100-cycles_2 - qos:0 - size:100
2018-05-15_23:06:16:201- message received - id:0 - topic:mqtt-roundtrip-qos1-100Byte-100-cycles_2 - qos:0 - size:100
2018-05-15_23:06:16:201- message received - id:0 - topic:mqtt-roundtrip-qos1-100Byte-100-cycles_2 - qos:0 - size:100
2018-05-15_23:06:16:202- message received - id:0 - topic:mqtt-roundtrip-qos1-100Byte-100-cycles_2 - qos:0 - size:100
2018-05-15_23:06:16:202- message received - id:0 - topic:mqtt-roundtrip-qos1-100Byte-100-cycles_2 - qos:0 - size:100
2018-05-15_23:06:16:202- message received - id:0 - topic:mqtt-roundtrip-qos1-100Byte-100-cycles_2 - qos:0 - size:100
2018-05-15_23:06:16:202- message received - id:0 - topic:mqtt-roundtrip-qos1-100Byte-100-cycles_2 - qos:0 - size:100
2018-05-15_23:06:16:202- message received - id:0 - topic:mqtt-roundtrip-qos1-100Byte-100-cycles_2 - qos:0 - size:100
2018-05-15_23:06:16:202- message received - id:0 - topic:mqtt-roundtrip-qos1-100Byte-100-cycles_2 - qos:0 - size:100
2018-05-15_23:06:16:202- message received - id:0 - topic:mqtt-roundtrip-qos1-100Byte-100-cycles_2 - qos:0 - size:100
2018-05-15_23:06:16:243- message received - id:0 - topic:mqtt-roundtrip-qos1-100Byte-100-cycles_2 - qos:0 - size:100
2018-05-15_23:06:16:243- message received - id:0 - topic:mqtt-roundtrip-qos1-100Byte-100-cycles_2 - qos:0 - size:100
2018-05-15_23:06:16:243- message received - id:0 - topic:mqtt-roundtrip-qos1-100Byte-100-cycles_2 - qos:0 - size:100
2018-05-15_23:06:16:243- message received - id:0 - topic:mqtt-roundtrip-qos1-100Byte-100-cycles_2 - qos:0 - size:100
