2018-05-17_21:17:16:045- connecting to broker 192.168.1.100:1883
2018-05-17_21:17:16:046- Subscribing to topic mqtt-roundtrip-qos2-100KByte-10-cycles_2
2018-05-17_21:17:16:046- subscribe returned (0, 1)
2018-05-17_21:17:16:047- Performing message publishing for 10 cycles
2018-05-17_21:17:16:047- message sent - topic:mqtt-roundtrip-qos2-100KByte-10-cycles - qos:2 - id:000000
2018-05-17_21:17:16:047- message sent - topic:mqtt-roundtrip-qos2-100KByte-10-cycles - qos:2 - id:000001
2018-05-17_21:17:16:048- message sent - topic:mqtt-roundtrip-qos2-100KByte-10-cycles - qos:2 - id:000002
2018-05-17_21:17:16:048- message sent - topic:mqtt-roundtrip-qos2-100KByte-10-cycles - qos:2 - id:000003
2018-05-17_21:17:16:048- message sent - topic:mqtt-roundtrip-qos2-100KByte-10-cycles - qos:2 - id:000004
2018-05-17_21:17:16:048- message sent - topic:mqtt-roundtrip-qos2-100KByte-10-cycles - qos:2 - id:000005
2018-05-17_21:17:16:049- message sent - topic:mqtt-roundtrip-qos2-100KByte-10-cycles - qos:2 - id:000006
2018-05-17_21:17:16:049- message sent - topic:mqtt-roundtrip-qos2-100KByte-10-cycles - qos:2 - id:000007
2018-05-17_21:17:16:049- message sent - topic:mqtt-roundtrip-qos2-100KByte-10-cycles - qos:2 - id:000008
2018-05-17_21:17:16:049- message sent - topic:mqtt-roundtrip-qos2-100KByte-10-cycles - qos:2 - id:000009
2018-05-17_21:17:16:054- Client connected to broker
2018-05-17_21:17:16:294- message received - topic:mqtt-roundtrip-qos2-100KByte-10-cycles_2 - qos:2 - size:102406 - id:000000
2018-05-17_21:17:16:387- message received - topic:mqtt-roundtrip-qos2-100KByte-10-cycles_2 - qos:2 - size:102406 - id:000001
2018-05-17_21:17:16:387- message received - topic:mqtt-roundtrip-qos2-100KByte-10-cycles_2 - qos:2 - size:102406 - id:000002
2018-05-17_21:17:16:387- message received - topic:mqtt-roundtrip-qos2-100KByte-10-cycles_2 - qos:2 - size:102406 - id:000003
2018-05-17_21:17:16:388- message received - topic:mqtt-roundtrip-qos2-100KByte-10-cycles_2 - qos:2 - size:102406 - id:000004
2018-05-17_21:17:16:388- message received - topic:mqtt-roundtrip-qos2-100KByte-10-cycles_2 - qos:2 - size:102406 - id:000005
2018-05-17_21:17:16:388- message received - topic:mqtt-roundtrip-qos2-100KByte-10-cycles_2 - qos:2 - size:102406 - id:000006
2018-05-17_21:17:16:388- message received - topic:mqtt-roundtrip-qos2-100KByte-10-cycles_2 - qos:2 - size:102406 - id:000007
2018-05-17_21:17:16:388- message received - topic:mqtt-roundtrip-qos2-100KByte-10-cycles_2 - qos:2 - size:102406 - id:000008
2018-05-17_21:17:16:389- message received - topic:mqtt-roundtrip-qos2-100KByte-10-cycles_2 - qos:2 - size:102406 - id:000009
2018-05-17_21:17:19:392- Client disconnected from broker
