2018-05-15_22:59:22:617- connecting to broker 192.168.1.100:1883
2018-05-15_22:59:22:618- Subscribing to topic mqtt-roundtrip-qos0-10Byte-100-cycles_2
2018-05-15_22:59:22:618- subscribe returned (0, 1)
2018-05-15_22:59:22:618- Client connected to broker
2018-05-15_22:59:29:039- Performing message publishing for 100 cycles
2018-05-15_22:59:29:040- message sent - id:2 - topic:mqtt-roundtrip-qos0-10Byte-100-cycles - qos:0 - size:10
2018-05-15_22:59:29:040- message sent - id:3 - topic:mqtt-roundtrip-qos0-10Byte-100-cycles - qos:0 - size:10
2018-05-15_22:59:29:040- message sent - id:4 - topic:mqtt-roundtrip-qos0-10Byte-100-cycles - qos:0 - size:10
2018-05-15_22:59:29:044- message sent - id:5 - topic:mqtt-roundtrip-qos0-10Byte-100-cycles - qos:0 - size:10
2018-05-15_22:59:29:044- message sent - id:6 - topic:mqtt-roundtrip-qos0-10Byte-100-cycles - qos:0 - size:10
2018-05-15_22:59:29:044- message sent - id:7 - topic:mqtt-roundtrip-qos0-10Byte-100-cycles - qos:0 - size:10
2018-05-15_22:59:29:045- message sent - id:8 - topic:mqtt-roundtrip-qos0-10Byte-100-cycles - qos:0 - size:10
2018-05-15_22:59:29:045- message sent - id:9 - topic:mqtt-roundtrip-qos0-10Byte-100-cycles - qos:0 - size:10
2018-05-15_22:59:29:045- message sent - id:10 - topic:mqtt-roundtrip-qos0-10Byte-100-cycles - qos:0 - size:10
2018-05-15_22:59:29:045- message sent - id:11 - topic:mqtt-roundtrip-qos0-10Byte-100-cycles - qos:0 - size:10
2018-05-15_22:59:29:045- message sent - id:12 - topic:mqtt-roundtrip-qos0-10Byte-100-cycles - qos:0 - size:10
2018-05-15_22:59:29:045- message sent - id:13 - topic:mqtt-roundtrip-qos0-10Byte-100-cycles - qos:0 - size:10
2018-05-15_22:59:29:045- message sent - id:14 - topic:mqtt-roundtrip-qos0-10Byte-100-cycles - qos:0 - size:10
2018-05-15_22:59:29:045- message sent - id:15 - topic:mqtt-roundtrip-qos0-10Byte-100-cycles - qos:0 - size:10
2018-05-15_22:59:29:045- message sent - id:16 - topic:mqtt-roundtrip-qos0-10Byte-100-cycles - qos:0 - size:10
2018-05-15_22:59:29:045- message sent - id:17 - topic:mqtt-roundtrip-qos0-10Byte-100-cycles - qos:0 - size:10
2018-05-15_22:59:29:045- message sent - id:18 - topic:mqtt-roundtrip-qos0-10Byte-100-cycles - qos:0 - size:10
2018-05-15_22:59:29:046- message sent - id:19 - topic:mqtt-roundtrip-qos0-10Byte-100-cycles - qos:0 - size:10
2018-05-15_22:59:29:046- message sent - id:20 - topic:mqtt-roundtrip-qos0-10Byte-100-cycles - qos:0 - size:10
2018-05-15_22:59:29:046- message sent - id:21 - topic:mqtt-roundtrip-qos0-10Byte-100-cycles - qos:0 - size:10
2018-05-15_22:59:29:046- message sent - id:22 - topic:mqtt-roundtrip-qos0-10Byte-100-cycles - qos:0 - size:10
2018-05-15_22:59:29:046- message sent - id:23 - topic:mqtt-roundtrip-qos0-10Byte-100-cycles - qos:0 - size:10
2018-05-15_22:59:29:046- message sent - id:24 - topic:mqtt-roundtrip-qos0-10Byte-100-cycles - qos:0 - size:10
2018-05-15_22:59:29:046- message sent - id:25 - topic:mqtt-roundtrip-qos0-10Byte-100-cycles - qos:0 - size:10
2018-05-15_22:59:29:046- message sent - id:26 - topic:mqtt-roundtrip-qos0-10Byte-100-cycles - qos:0 - size:10
2018-05-15_22:59:29:046- message sent - id:27 - topic:mqtt-roundtrip-qos0-10Byte-100-cycles - qos:0 - size:10
2018-05-15_22:59:29:046- message sent - id:28 - topic:mqtt-roundtrip-qos0-10Byte-100-cycles - qos:0 - size:10
2018-05-15_22:59:29:046- message sent - id:29 - topic:mqtt-roundtrip-qos0-10Byte-100-cycles - qos:0 - size:10
2018-05-15_22:59:29:047- message sent - id:30 - topic:mqtt-roundtrip-qos0-10Byte-100-cycles - qos:0 - size:10
2018-05-15_22:59:29:047- message sent - id:31 - topic:mqtt-roundtrip-qos0-10Byte-100-cycles - qos:0 - size:10
2018-05-15_22:59:29:047- message sent - id:32 - topic:mqtt-roundtrip-qos0-10Byte-100-cycles - qos:0 - size:10
2018-05-15_22:59:29:047- message sent - id:33 - topic:mqtt-roundtrip-qos0-10Byte-100-cycles - qos:0 - size:10
2018-05-15_22:59:29:047- message sent - id:34 - topic:mqtt-roundtrip-qos0-10Byte-100-cycles - qos:0 - size:10
2018-05-15_22:59:29:047- message sent - id:35 - topic:mqtt-roundtrip-qos0-10Byte-100-cycles - qos:0 - size:10
2018-05-15_22:59:29:047- message sent - id:36 - topic:mqtt-roundtrip-qos0-10Byte-100-cycles - qos:0 - size:10
2018-05-15_22:59:29:047- message sent - id:37 - topic:mqtt-roundtrip-qos0-10Byte-100-cycles - qos:0 - size:10
2018-05-15_22:59:29:047- message sent - id:38 - topic:mqtt-roundtrip-qos0-10Byte-100-cycles - qos:0 - size:10
2018-05-15_22:59:29:047- message sent - id:39 - topic:mqtt-roundtrip-qos0-10Byte-100-cycles - qos:0 - size:10
2018-05-15_22:59:29:048- message sent - id:40 - topic:mqtt-roundtrip-qos0-10Byte-100-cycles - qos:0 - size:10
2018-05-15_22:59:29:048- message sent - id:41 - topic:mqtt-roundtrip-qos0-10Byte-100-cycles - qos:0 - size:10
2018-05-15_22:59:29:048- message sent - id:42 - topic:mqtt-roundtrip-qos0-10Byte-100-cycles - qos:0 - size:10
2018-05-15_22:59:29:048- message sent - id:43 - topic:mqtt-roundtrip-qos0-10Byte-100-cycles - qos:0 - size:10
2018-05-15_22:59:29:048- message sent - id:44 - topic:mqtt-roundtrip-qos0-10Byte-100-cycles - qos:0 - size:10
2018-05-15_22:59:29:048- message sent - id:45 - topic:mqtt-roundtrip-qos0-10Byte-100-cycles - qos:0 - size:10
2018-05-15_22:59:29:048- message sent - id:46 - topic:mqtt-roundtrip-qos0-10Byte-100-cycles - qos:0 - size:10
2018-05-15_22:59:29:048- message sent - id:47 - topic:mqtt-roundtrip-qos0-10Byte-100-cycles - qos:0 - size:10
2018-05-15_22:59:29:048- message sent - id:48 - topic:mqtt-roundtrip-qos0-10Byte-100-cycles - qos:0 - size:10
2018-05-15_22:59:29:048- message sent - id:49 - topic:mqtt-roundtrip-qos0-10Byte-100-cycles - qos:0 - size:10
2018-05-15_22:59:29:048- message sent - id:50 - topic:mqtt-roundtrip-qos0-10Byte-100-cycles - qos:0 - size:10
2018-05-15_22:59:29:049- message sent - id:51 - topic:mqtt-roundtrip-qos0-10Byte-100-cycles - qos:0 - size:10
2018-05-15_22:59:29:049- message sent - id:52 - topic:mqtt-roundtrip-qos0-10Byte-100-cycles - qos:0 - size:10
2018-05-15_22:59:29:049- message sent - id:53 - topic:mqtt-roundtrip-qos0-10Byte-100-cycles - qos:0 - size:10
2018-05-15_22:59:29:049- message sent - id:54 - topic:mqtt-roundtrip-qos0-10Byte-100-cycles - qos:0 - size:10
2018-05-15_22:59:29:049- message sent - id:55 - topic:mqtt-roundtrip-qos0-10Byte-100-cycles - qos:0 - size:10
2018-05-15_22:59:29:049- message sent - id:56 - topic:mqtt-roundtrip-qos0-10Byte-100-cycles - qos:0 - size:10
2018-05-15_22:59:29:049- message sent - id:57 - topic:mqtt-roundtrip-qos0-10Byte-100-cycles - qos:0 - size:10
2018-05-15_22:59:29:049- message sent - id:58 - topic:mqtt-roundtrip-qos0-10Byte-100-cycles - qos:0 - size:10
2018-05-15_22:59:29:049- message sent - id:59 - topic:mqtt-roundtrip-qos0-10Byte-100-cycles - qos:0 - size:10
2018-05-15_22:59:29:049- message sent - id:60 - topic:mqtt-roundtrip-qos0-10Byte-100-cycles - qos:0 - size:10
2018-05-15_22:59:29:049- message sent - id:61 - topic:mqtt-roundtrip-qos0-10Byte-100-cycles - qos:0 - size:10
2018-05-15_22:59:29:050- message sent - id:62 - topic:mqtt-roundtrip-qos0-10Byte-100-cycles - qos:0 - size:10
2018-05-15_22:59:29:050- message sent - id:63 - topic:mqtt-roundtrip-qos0-10Byte-100-cycles - qos:0 - size:10
2018-05-15_22:59:29:050- message sent - id:64 - topic:mqtt-roundtrip-qos0-10Byte-100-cycles - qos:0 - size:10
2018-05-15_22:59:29:050- message sent - id:65 - topic:mqtt-roundtrip-qos0-10Byte-100-cycles - qos:0 - size:10
2018-05-15_22:59:29:050- message sent - id:66 - topic:mqtt-roundtrip-qos0-10Byte-100-cycles - qos:0 - size:10
2018-05-15_22:59:29:050- message sent - id:67 - topic:mqtt-roundtrip-qos0-10Byte-100-cycles - qos:0 - size:10
2018-05-15_22:59:29:050- message sent - id:68 - topic:mqtt-roundtrip-qos0-10Byte-100-cycles - qos:0 - size:10
2018-05-15_22:59:29:050- message sent - id:69 - topic:mqtt-roundtrip-qos0-10Byte-100-cycles - qos:0 - size:10
2018-05-15_22:59:29:050- message sent - id:70 - topic:mqtt-roundtrip-qos0-10Byte-100-cycles - qos:0 - size:10
2018-05-15_22:59:29:050- message sent - id:71 - topic:mqtt-roundtrip-qos0-10Byte-100-cycles - qos:0 - size:10
2018-05-15_22:59:29:051- message sent - id:72 - topic:mqtt-roundtrip-qos0-10Byte-100-cycles - qos:0 - size:10
2018-05-15_22:59:29:051- message sent - id:73 - topic:mqtt-roundtrip-qos0-10Byte-100-cycles - qos:0 - size:10
2018-05-15_22:59:29:051- message sent - id:74 - topic:mqtt-roundtrip-qos0-10Byte-100-cycles - qos:0 - size:10
2018-05-15_22:59:29:051- message sent - id:75 - topic:mqtt-roundtrip-qos0-10Byte-100-cycles - qos:0 - size:10
2018-05-15_22:59:29:051- message sent - id:76 - topic:mqtt-roundtrip-qos0-10Byte-100-cycles - qos:0 - size:10
2018-05-15_22:59:29:051- message sent - id:77 - topic:mqtt-roundtrip-qos0-10Byte-100-cycles - qos:0 - size:10
2018-05-15_22:59:29:051- message sent - id:78 - topic:mqtt-roundtrip-qos0-10Byte-100-cycles - qos:0 - size:10
2018-05-15_22:59:29:051- message sent - id:79 - topic:mqtt-roundtrip-qos0-10Byte-100-cycles - qos:0 - size:10
2018-05-15_22:59:29:051- message sent - id:80 - topic:mqtt-roundtrip-qos0-10Byte-100-cycles - qos:0 - size:10
2018-05-15_22:59:29:051- message sent - id:81 - topic:mqtt-roundtrip-qos0-10Byte-100-cycles - qos:0 - size:10
2018-05-15_22:59:29:051- message sent - id:82 - topic:mqtt-roundtrip-qos0-10Byte-100-cycles - qos:0 - size:10
2018-05-15_22:59:29:052- message sent - id:83 - topic:mqtt-roundtrip-qos0-10Byte-100-cycles - qos:0 - size:10
2018-05-15_22:59:29:052- message sent - id:84 - topic:mqtt-roundtrip-qos0-10Byte-100-cycles - qos:0 - size:10
2018-05-15_22:59:29:052- message sent - id:85 - topic:mqtt-roundtrip-qos0-10Byte-100-cycles - qos:0 - size:10
2018-05-15_22:59:29:052- message sent - id:86 - topic:mqtt-roundtrip-qos0-10Byte-100-cycles - qos:0 - size:10
2018-05-15_22:59:29:052- message sent - id:87 - topic:mqtt-roundtrip-qos0-10Byte-100-cycles - qos:0 - size:10
2018-05-15_22:59:29:052- message sent - id:88 - topic:mqtt-roundtrip-qos0-10Byte-100-cycles - qos:0 - size:10
2018-05-15_22:59:29:052- message sent - id:89 - topic:mqtt-roundtrip-qos0-10Byte-100-cycles - qos:0 - size:10
2018-05-15_22:59:29:052- message sent - id:90 - topic:mqtt-roundtrip-qos0-10Byte-100-cycles - qos:0 - size:10
2018-05-15_22:59:29:052- message sent - id:91 - topic:mqtt-roundtrip-qos0-10Byte-100-cycles - qos:0 - size:10
2018-05-15_22:59:29:052- message sent - id:92 - topic:mqtt-roundtrip-qos0-10Byte-100-cycles - qos:0 - size:10
2018-05-15_22:59:29:053- message sent - id:93 - topic:mqtt-roundtrip-qos0-10Byte-100-cycles - qos:0 - size:10
2018-05-15_22:59:29:053- message sent - id:94 - topic:mqtt-roundtrip-qos0-10Byte-100-cycles - qos:0 - size:10
2018-05-15_22:59:29:053- message sent - id:95 - topic:mqtt-roundtrip-qos0-10Byte-100-cycles - qos:0 - size:10
2018-05-15_22:59:29:053- message sent - id:96 - topic:mqtt-roundtrip-qos0-10Byte-100-cycles - qos:0 - size:10
2018-05-15_22:59:29:053- message sent - id:97 - topic:mqtt-roundtrip-qos0-10Byte-100-cycles - qos:0 - size:10
2018-05-15_22:59:29:053- message sent - id:98 - topic:mqtt-roundtrip-qos0-10Byte-100-cycles - qos:0 - size:10
2018-05-15_22:59:29:053- message sent - id:99 - topic:mqtt-roundtrip-qos0-10Byte-100-cycles - qos:0 - size:10
2018-05-15_22:59:29:053- message sent - id:100 - topic:mqtt-roundtrip-qos0-10Byte-100-cycles - qos:0 - size:10
2018-05-15_22:59:29:053- message sent - id:101 - topic:mqtt-roundtrip-qos0-10Byte-100-cycles - qos:0 - size:10
2018-05-15_22:59:29:054- message received - id:0 - topic:mqtt-roundtrip-qos0-10Byte-100-cycles_2 - qos:0 - size:10
2018-05-15_22:59:29:054- message received - id:0 - topic:mqtt-roundtrip-qos0-10Byte-100-cycles_2 - qos:0 - size:10
2018-05-15_22:59:29:054- message received - id:0 - topic:mqtt-roundtrip-qos0-10Byte-100-cycles_2 - qos:0 - size:10
2018-05-15_22:59:29:054- message received - id:0 - topic:mqtt-roundtrip-qos0-10Byte-100-cycles_2 - qos:0 - size:10
2018-05-15_22:59:29:055- message received - id:0 - topic:mqtt-roundtrip-qos0-10Byte-100-cycles_2 - qos:0 - size:10
2018-05-15_22:59:29:055- message received - id:0 - topic:mqtt-roundtrip-qos0-10Byte-100-cycles_2 - qos:0 - size:10
2018-05-15_22:59:29:055- message received - id:0 - topic:mqtt-roundtrip-qos0-10Byte-100-cycles_2 - qos:0 - size:10
2018-05-15_22:59:29:055- message received - id:0 - topic:mqtt-roundtrip-qos0-10Byte-100-cycles_2 - qos:0 - size:10
2018-05-15_22:59:29:055- message received - id:0 - topic:mqtt-roundtrip-qos0-10Byte-100-cycles_2 - qos:0 - size:10
2018-05-15_22:59:29:055- message received - id:0 - topic:mqtt-roundtrip-qos0-10Byte-100-cycles_2 - qos:0 - size:10
2018-05-15_22:59:29:056- message received - id:0 - topic:mqtt-roundtrip-qos0-10Byte-100-cycles_2 - qos:0 - size:10
2018-05-15_22:59:29:056- message received - id:0 - topic:mqtt-roundtrip-qos0-10Byte-100-cycles_2 - qos:0 - size:10
2018-05-15_22:59:29:056- message received - id:0 - topic:mqtt-roundtrip-qos0-10Byte-100-cycles_2 - qos:0 - size:10
2018-05-15_22:59:29:056- message received - id:0 - topic:mqtt-roundtrip-qos0-10Byte-100-cycles_2 - qos:0 - size:10
2018-05-15_22:59:29:056- message received - id:0 - topic:mqtt-roundtrip-qos0-10Byte-100-cycles_2 - qos:0 - size:10
2018-05-15_22:59:29:057- message received - id:0 - topic:mqtt-roundtrip-qos0-10Byte-100-cycles_2 - qos:0 - size:10
2018-05-15_22:59:29:057- message received - id:0 - topic:mqtt-roundtrip-qos0-10Byte-100-cycles_2 - qos:0 - size:10
2018-05-15_22:59:29:057- message received - id:0 - topic:mqtt-roundtrip-qos0-10Byte-100-cycles_2 - qos:0 - size:10
2018-05-15_22:59:29:057- message received - id:0 - topic:mqtt-roundtrip-qos0-10Byte-100-cycles_2 - qos:0 - size:10
2018-05-15_22:59:29:057- message received - id:0 - topic:mqtt-roundtrip-qos0-10Byte-100-cycles_2 - qos:0 - size:10
2018-05-15_22:59:29:057- message received - id:0 - topic:mqtt-roundtrip-qos0-10Byte-100-cycles_2 - qos:0 - size:10
2018-05-15_22:59:29:058- message received - id:0 - topic:mqtt-roundtrip-qos0-10Byte-100-cycles_2 - qos:0 - size:10
2018-05-15_22:59:29:058- message received - id:0 - topic:mqtt-roundtrip-qos0-10Byte-100-cycles_2 - qos:0 - size:10
2018-05-15_22:59:29:058- message received - id:0 - topic:mqtt-roundtrip-qos0-10Byte-100-cycles_2 - qos:0 - size:10
2018-05-15_22:59:29:058- message received - id:0 - topic:mqtt-roundtrip-qos0-10Byte-100-cycles_2 - qos:0 - size:10
2018-05-15_22:59:29:072- message received - id:0 - topic:mqtt-roundtrip-qos0-10Byte-100-cycles_2 - qos:0 - size:10
2018-05-15_22:59:29:072- message received - id:0 - topic:mqtt-roundtrip-qos0-10Byte-100-cycles_2 - qos:0 - size:10
2018-05-15_22:59:29:072- message received - id:0 - topic:mqtt-roundtrip-qos0-10Byte-100-cycles_2 - qos:0 - size:10
2018-05-15_22:59:29:073- message received - id:0 - topic:mqtt-roundtrip-qos0-10Byte-100-cycles_2 - qos:0 - size:10
2018-05-15_22:59:29:073- message received - id:0 - topic:mqtt-roundtrip-qos0-10Byte-100-cycles_2 - qos:0 - size:10
2018-05-15_22:59:29:073- message received - id:0 - topic:mqtt-roundtrip-qos0-10Byte-100-cycles_2 - qos:0 - size:10
2018-05-15_22:59:29:074- message received - id:0 - topic:mqtt-roundtrip-qos0-10Byte-100-cycles_2 - qos:0 - size:10
2018-05-15_22:59:29:074- message received - id:0 - topic:mqtt-roundtrip-qos0-10Byte-100-cycles_2 - qos:0 - size:10
2018-05-15_22:59:29:074- message received - id:0 - topic:mqtt-roundtrip-qos0-10Byte-100-cycles_2 - qos:0 - size:10
2018-05-15_22:59:29:074- message received - id:0 - topic:mqtt-roundtrip-qos0-10Byte-100-cycles_2 - qos:0 - size:10
2018-05-15_22:59:29:074- message received - id:0 - topic:mqtt-roundtrip-qos0-10Byte-100-cycles_2 - qos:0 - size:10
2018-05-15_22:59:29:074- message received - id:0 - topic:mqtt-roundtrip-qos0-10Byte-100-cycles_2 - qos:0 - size:10
2018-05-15_22:59:29:074- message received - id:0 - topic:mqtt-roundtrip-qos0-10Byte-100-cycles_2 - qos:0 - size:10
2018-05-15_22:59:29:074- message received - id:0 - topic:mqtt-roundtrip-qos0-10Byte-100-cycles_2 - qos:0 - size:10
2018-05-15_22:59:29:075- message received - id:0 - topic:mqtt-roundtrip-qos0-10Byte-100-cycles_2 - qos:0 - size:10
2018-05-15_22:59:29:075- message received - id:0 - topic:mqtt-roundtrip-qos0-10Byte-100-cycles_2 - qos:0 - size:10
2018-05-15_22:59:29:075- message received - id:0 - topic:mqtt-roundtrip-qos0-10Byte-100-cycles_2 - qos:0 - size:10
2018-05-15_22:59:29:075- message received - id:0 - topic:mqtt-roundtrip-qos0-10Byte-100-cycles_2 - qos:0 - size:10
2018-05-15_22:59:29:075- message received - id:0 - topic:mqtt-roundtrip-qos0-10Byte-100-cycles_2 - qos:0 - size:10
2018-05-15_22:59:29:075- message received - id:0 - topic:mqtt-roundtrip-qos0-10Byte-100-cycles_2 - qos:0 - size:10
2018-05-15_22:59:29:075- message received - id:0 - topic:mqtt-roundtrip-qos0-10Byte-100-cycles_2 - qos:0 - size:10
2018-05-15_22:59:29:075- message received - id:0 - topic:mqtt-roundtrip-qos0-10Byte-100-cycles_2 - qos:0 - size:10
2018-05-15_22:59:29:076- message received - id:0 - topic:mqtt-roundtrip-qos0-10Byte-100-cycles_2 - qos:0 - size:10
2018-05-15_22:59:29:076- message received - id:0 - topic:mqtt-roundtrip-qos0-10Byte-100-cycles_2 - qos:0 - size:10
2018-05-15_22:59:29:076- message received - id:0 - topic:mqtt-roundtrip-qos0-10Byte-100-cycles_2 - qos:0 - size:10
2018-05-15_22:59:29:076- message received - id:0 - topic:mqtt-roundtrip-qos0-10Byte-100-cycles_2 - qos:0 - size:10
2018-05-15_22:59:29:076- message received - id:0 - topic:mqtt-roundtrip-qos0-10Byte-100-cycles_2 - qos:0 - size:10
2018-05-15_22:59:29:076- message received - id:0 - topic:mqtt-roundtrip-qos0-10Byte-100-cycles_2 - qos:0 - size:10
2018-05-15_22:59:29:076- message received - id:0 - topic:mqtt-roundtrip-qos0-10Byte-100-cycles_2 - qos:0 - size:10
2018-05-15_22:59:29:076- message received - id:0 - topic:mqtt-roundtrip-qos0-10Byte-100-cycles_2 - qos:0 - size:10
2018-05-15_22:59:29:077- message received - id:0 - topic:mqtt-roundtrip-qos0-10Byte-100-cycles_2 - qos:0 - size:10
2018-05-15_22:59:29:077- message received - id:0 - topic:mqtt-roundtrip-qos0-10Byte-100-cycles_2 - qos:0 - size:10
2018-05-15_22:59:29:077- message received - id:0 - topic:mqtt-roundtrip-qos0-10Byte-100-cycles_2 - qos:0 - size:10
2018-05-15_22:59:29:077- message received - id:0 - topic:mqtt-roundtrip-qos0-10Byte-100-cycles_2 - qos:0 - size:10
2018-05-15_22:59:29:085- message received - id:0 - topic:mqtt-roundtrip-qos0-10Byte-100-cycles_2 - qos:0 - size:10
2018-05-15_22:59:29:086- message received - id:0 - topic:mqtt-roundtrip-qos0-10Byte-100-cycles_2 - qos:0 - size:10
2018-05-15_22:59:29:086- message received - id:0 - topic:mqtt-roundtrip-qos0-10Byte-100-cycles_2 - qos:0 - size:10
2018-05-15_22:59:29:086- message received - id:0 - topic:mqtt-roundtrip-qos0-10Byte-100-cycles_2 - qos:0 - size:10
2018-05-15_22:59:29:086- message received - id:0 - topic:mqtt-roundtrip-qos0-10Byte-100-cycles_2 - qos:0 - size:10
2018-05-15_22:59:29:086- message received - id:0 - topic:mqtt-roundtrip-qos0-10Byte-100-cycles_2 - qos:0 - size:10
2018-05-15_22:59:29:086- message received - id:0 - topic:mqtt-roundtrip-qos0-10Byte-100-cycles_2 - qos:0 - size:10
2018-05-15_22:59:29:086- message received - id:0 - topic:mqtt-roundtrip-qos0-10Byte-100-cycles_2 - qos:0 - size:10
2018-05-15_22:59:29:087- message received - id:0 - topic:mqtt-roundtrip-qos0-10Byte-100-cycles_2 - qos:0 - size:10
2018-05-15_22:59:29:087- message received - id:0 - topic:mqtt-roundtrip-qos0-10Byte-100-cycles_2 - qos:0 - size:10
2018-05-15_22:59:29:087- message received - id:0 - topic:mqtt-roundtrip-qos0-10Byte-100-cycles_2 - qos:0 - size:10
2018-05-15_22:59:29:087- message received - id:0 - topic:mqtt-roundtrip-qos0-10Byte-100-cycles_2 - qos:0 - size:10
2018-05-15_22:59:29:087- message received - id:0 - topic:mqtt-roundtrip-qos0-10Byte-100-cycles_2 - qos:0 - size:10
2018-05-15_22:59:29:087- message received - id:0 - topic:mqtt-roundtrip-qos0-10Byte-100-cycles_2 - qos:0 - size:10
2018-05-15_22:59:29:087- message received - id:0 - topic:mqtt-roundtrip-qos0-10Byte-100-cycles_2 - qos:0 - size:10
2018-05-15_22:59:29:087- message received - id:0 - topic:mqtt-roundtrip-qos0-10Byte-100-cycles_2 - qos:0 - size:10
2018-05-15_22:59:29:088- message received - id:0 - topic:mqtt-roundtrip-qos0-10Byte-100-cycles_2 - qos:0 - size:10
2018-05-15_22:59:29:088- message received - id:0 - topic:mqtt-roundtrip-qos0-10Byte-100-cycles_2 - qos:0 - size:10
2018-05-15_22:59:29:088- message received - id:0 - topic:mqtt-roundtrip-qos0-10Byte-100-cycles_2 - qos:0 - size:10
2018-05-15_22:59:29:088- message received - id:0 - topic:mqtt-roundtrip-qos0-10Byte-100-cycles_2 - qos:0 - size:10
2018-05-15_22:59:29:088- message received - id:0 - topic:mqtt-roundtrip-qos0-10Byte-100-cycles_2 - qos:0 - size:10
2018-05-15_22:59:29:088- message received - id:0 - topic:mqtt-roundtrip-qos0-10Byte-100-cycles_2 - qos:0 - size:10
2018-05-15_22:59:29:088- message received - id:0 - topic:mqtt-roundtrip-qos0-10Byte-100-cycles_2 - qos:0 - size:10
2018-05-15_22:59:29:088- message received - id:0 - topic:mqtt-roundtrip-qos0-10Byte-100-cycles_2 - qos:0 - size:10
2018-05-15_22:59:29:089- message received - id:0 - topic:mqtt-roundtrip-qos0-10Byte-100-cycles_2 - qos:0 - size:10
2018-05-15_22:59:29:089- message received - id:0 - topic:mqtt-roundtrip-qos0-10Byte-100-cycles_2 - qos:0 - size:10
2018-05-15_22:59:29:089- message received - id:0 - topic:mqtt-roundtrip-qos0-10Byte-100-cycles_2 - qos:0 - size:10
2018-05-15_22:59:29:089- message received - id:0 - topic:mqtt-roundtrip-qos0-10Byte-100-cycles_2 - qos:0 - size:10
2018-05-15_22:59:29:089- message received - id:0 - topic:mqtt-roundtrip-qos0-10Byte-100-cycles_2 - qos:0 - size:10
2018-05-15_22:59:29:089- message received - id:0 - topic:mqtt-roundtrip-qos0-10Byte-100-cycles_2 - qos:0 - size:10
2018-05-15_22:59:29:089- message received - id:0 - topic:mqtt-roundtrip-qos0-10Byte-100-cycles_2 - qos:0 - size:10
2018-05-15_22:59:29:090- message received - id:0 - topic:mqtt-roundtrip-qos0-10Byte-100-cycles_2 - qos:0 - size:10
2018-05-15_22:59:29:090- message received - id:0 - topic:mqtt-roundtrip-qos0-10Byte-100-cycles_2 - qos:0 - size:10
2018-05-15_22:59:29:090- message received - id:0 - topic:mqtt-roundtrip-qos0-10Byte-100-cycles_2 - qos:0 - size:10
2018-05-15_22:59:29:125- message received - id:0 - topic:mqtt-roundtrip-qos0-10Byte-100-cycles_2 - qos:0 - size:10
2018-05-15_22:59:29:125- message received - id:0 - topic:mqtt-roundtrip-qos0-10Byte-100-cycles_2 - qos:0 - size:10
2018-05-15_22:59:29:126- message received - id:0 - topic:mqtt-roundtrip-qos0-10Byte-100-cycles_2 - qos:0 - size:10
2018-05-15_22:59:29:126- message received - id:0 - topic:mqtt-roundtrip-qos0-10Byte-100-cycles_2 - qos:0 - size:10
2018-05-15_22:59:29:126- message received - id:0 - topic:mqtt-roundtrip-qos0-10Byte-100-cycles_2 - qos:0 - size:10
2018-05-15_22:59:29:126- message received - id:0 - topic:mqtt-roundtrip-qos0-10Byte-100-cycles_2 - qos:0 - size:10
2018-05-15_22:59:29:126- message received - id:0 - topic:mqtt-roundtrip-qos0-10Byte-100-cycles_2 - qos:0 - size:10
2018-05-15_23:02:32:215- connecting to broker 192.168.1.100:1883
2018-05-15_23:02:32:216- Subscribing to topic mqtt-roundtrip-qos0-10Byte-100-cycles_2
2018-05-15_23:02:32:216- subscribe returned (0, 1)
2018-05-15_23:02:32:216- Client connected to broker
2018-05-15_23:02:36:489- Performing message publishing for 100 cycles
2018-05-15_23:02:36:489- message sent - id:2 - topic:mqtt-roundtrip-qos0-10Byte-100-cycles - qos:0 - size:10
2018-05-15_23:02:36:489- message sent - id:3 - topic:mqtt-roundtrip-qos0-10Byte-100-cycles - qos:0 - size:10
2018-05-15_23:02:36:490- message sent - id:4 - topic:mqtt-roundtrip-qos0-10Byte-100-cycles - qos:0 - size:10
2018-05-15_23:02:36:490- message sent - id:5 - topic:mqtt-roundtrip-qos0-10Byte-100-cycles - qos:0 - size:10
2018-05-15_23:02:36:493- message received - id:0 - topic:mqtt-roundtrip-qos0-10Byte-100-cycles_2 - qos:0 - size:10
2018-05-15_23:02:36:495- message sent - id:6 - topic:mqtt-roundtrip-qos0-10Byte-100-cycles - qos:0 - size:10
2018-05-15_23:02:36:496- message sent - id:7 - topic:mqtt-roundtrip-qos0-10Byte-100-cycles - qos:0 - size:10
2018-05-15_23:02:36:496- message sent - id:8 - topic:mqtt-roundtrip-qos0-10Byte-100-cycles - qos:0 - size:10
2018-05-15_23:02:36:496- message sent - id:9 - topic:mqtt-roundtrip-qos0-10Byte-100-cycles - qos:0 - size:10
2018-05-15_23:02:36:496- message sent - id:10 - topic:mqtt-roundtrip-qos0-10Byte-100-cycles - qos:0 - size:10
2018-05-15_23:02:36:496- message sent - id:11 - topic:mqtt-roundtrip-qos0-10Byte-100-cycles - qos:0 - size:10
2018-05-15_23:02:36:496- message sent - id:12 - topic:mqtt-roundtrip-qos0-10Byte-100-cycles - qos:0 - size:10
2018-05-15_23:02:36:497- message sent - id:13 - topic:mqtt-roundtrip-qos0-10Byte-100-cycles - qos:0 - size:10
2018-05-15_23:02:36:497- message sent - id:14 - topic:mqtt-roundtrip-qos0-10Byte-100-cycles - qos:0 - size:10
2018-05-15_23:02:36:497- message sent - id:15 - topic:mqtt-roundtrip-qos0-10Byte-100-cycles - qos:0 - size:10
2018-05-15_23:02:36:498- message sent - id:16 - topic:mqtt-roundtrip-qos0-10Byte-100-cycles - qos:0 - size:10
2018-05-15_23:02:36:498- message sent - id:17 - topic:mqtt-roundtrip-qos0-10Byte-100-cycles - qos:0 - size:10
2018-05-15_23:02:36:498- message sent - id:18 - topic:mqtt-roundtrip-qos0-10Byte-100-cycles - qos:0 - size:10
2018-05-15_23:02:36:498- message sent - id:19 - topic:mqtt-roundtrip-qos0-10Byte-100-cycles - qos:0 - size:10
2018-05-15_23:02:36:499- message sent - id:20 - topic:mqtt-roundtrip-qos0-10Byte-100-cycles - qos:0 - size:10
2018-05-15_23:02:36:499- message sent - id:21 - topic:mqtt-roundtrip-qos0-10Byte-100-cycles - qos:0 - size:10
2018-05-15_23:02:36:499- message sent - id:22 - topic:mqtt-roundtrip-qos0-10Byte-100-cycles - qos:0 - size:10
2018-05-15_23:02:36:499- message sent - id:23 - topic:mqtt-roundtrip-qos0-10Byte-100-cycles - qos:0 - size:10
2018-05-15_23:02:36:500- message sent - id:24 - topic:mqtt-roundtrip-qos0-10Byte-100-cycles - qos:0 - size:10
2018-05-15_23:02:36:500- message sent - id:25 - topic:mqtt-roundtrip-qos0-10Byte-100-cycles - qos:0 - size:10
2018-05-15_23:02:36:500- message sent - id:26 - topic:mqtt-roundtrip-qos0-10Byte-100-cycles - qos:0 - size:10
2018-05-15_23:02:36:500- message sent - id:27 - topic:mqtt-roundtrip-qos0-10Byte-100-cycles - qos:0 - size:10
2018-05-15_23:02:36:501- message sent - id:28 - topic:mqtt-roundtrip-qos0-10Byte-100-cycles - qos:0 - size:10
2018-05-15_23:02:36:501- message sent - id:29 - topic:mqtt-roundtrip-qos0-10Byte-100-cycles - qos:0 - size:10
2018-05-15_23:02:36:501- message sent - id:30 - topic:mqtt-roundtrip-qos0-10Byte-100-cycles - qos:0 - size:10
2018-05-15_23:02:36:501- message sent - id:31 - topic:mqtt-roundtrip-qos0-10Byte-100-cycles - qos:0 - size:10
2018-05-15_23:02:36:501- message sent - id:32 - topic:mqtt-roundtrip-qos0-10Byte-100-cycles - qos:0 - size:10
2018-05-15_23:02:36:501- message sent - id:33 - topic:mqtt-roundtrip-qos0-10Byte-100-cycles - qos:0 - size:10
2018-05-15_23:02:36:501- message sent - id:34 - topic:mqtt-roundtrip-qos0-10Byte-100-cycles - qos:0 - size:10
2018-05-15_23:02:36:502- message sent - id:35 - topic:mqtt-roundtrip-qos0-10Byte-100-cycles - qos:0 - size:10
2018-05-15_23:02:36:502- message sent - id:36 - topic:mqtt-roundtrip-qos0-10Byte-100-cycles - qos:0 - size:10
2018-05-15_23:02:36:502- message sent - id:37 - topic:mqtt-roundtrip-qos0-10Byte-100-cycles - qos:0 - size:10
2018-05-15_23:02:36:502- message sent - id:38 - topic:mqtt-roundtrip-qos0-10Byte-100-cycles - qos:0 - size:10
2018-05-15_23:02:36:502- message sent - id:39 - topic:mqtt-roundtrip-qos0-10Byte-100-cycles - qos:0 - size:10
2018-05-15_23:02:36:502- message sent - id:40 - topic:mqtt-roundtrip-qos0-10Byte-100-cycles - qos:0 - size:10
2018-05-15_23:02:36:502- message sent - id:41 - topic:mqtt-roundtrip-qos0-10Byte-100-cycles - qos:0 - size:10
2018-05-15_23:02:36:502- message sent - id:42 - topic:mqtt-roundtrip-qos0-10Byte-100-cycles - qos:0 - size:10
2018-05-15_23:02:36:503- message sent - id:43 - topic:mqtt-roundtrip-qos0-10Byte-100-cycles - qos:0 - size:10
2018-05-15_23:02:36:503- message sent - id:44 - topic:mqtt-roundtrip-qos0-10Byte-100-cycles - qos:0 - size:10
2018-05-15_23:02:36:503- message sent - id:45 - topic:mqtt-roundtrip-qos0-10Byte-100-cycles - qos:0 - size:10
2018-05-15_23:02:36:503- message sent - id:46 - topic:mqtt-roundtrip-qos0-10Byte-100-cycles - qos:0 - size:10
2018-05-15_23:02:36:503- message sent - id:47 - topic:mqtt-roundtrip-qos0-10Byte-100-cycles - qos:0 - size:10
2018-05-15_23:02:36:503- message sent - id:48 - topic:mqtt-roundtrip-qos0-10Byte-100-cycles - qos:0 - size:10
2018-05-15_23:02:36:503- message sent - id:49 - topic:mqtt-roundtrip-qos0-10Byte-100-cycles - qos:0 - size:10
2018-05-15_23:02:36:503- message sent - id:50 - topic:mqtt-roundtrip-qos0-10Byte-100-cycles - qos:0 - size:10
2018-05-15_23:02:36:504- message sent - id:51 - topic:mqtt-roundtrip-qos0-10Byte-100-cycles - qos:0 - size:10
2018-05-15_23:02:36:504- message sent - id:52 - topic:mqtt-roundtrip-qos0-10Byte-100-cycles - qos:0 - size:10
2018-05-15_23:02:36:504- message sent - id:53 - topic:mqtt-roundtrip-qos0-10Byte-100-cycles - qos:0 - size:10
2018-05-15_23:02:36:504- message sent - id:54 - topic:mqtt-roundtrip-qos0-10Byte-100-cycles - qos:0 - size:10
2018-05-15_23:02:36:504- message sent - id:55 - topic:mqtt-roundtrip-qos0-10Byte-100-cycles - qos:0 - size:10
2018-05-15_23:02:36:504- message sent - id:56 - topic:mqtt-roundtrip-qos0-10Byte-100-cycles - qos:0 - size:10
2018-05-15_23:02:36:504- message sent - id:57 - topic:mqtt-roundtrip-qos0-10Byte-100-cycles - qos:0 - size:10
2018-05-15_23:02:36:504- message sent - id:58 - topic:mqtt-roundtrip-qos0-10Byte-100-cycles - qos:0 - size:10
2018-05-15_23:02:36:504- message sent - id:59 - topic:mqtt-roundtrip-qos0-10Byte-100-cycles - qos:0 - size:10
2018-05-15_23:02:36:505- message sent - id:60 - topic:mqtt-roundtrip-qos0-10Byte-100-cycles - qos:0 - size:10
2018-05-15_23:02:36:505- message sent - id:61 - topic:mqtt-roundtrip-qos0-10Byte-100-cycles - qos:0 - size:10
2018-05-15_23:02:36:505- message sent - id:62 - topic:mqtt-roundtrip-qos0-10Byte-100-cycles - qos:0 - size:10
2018-05-15_23:02:36:505- message sent - id:63 - topic:mqtt-roundtrip-qos0-10Byte-100-cycles - qos:0 - size:10
2018-05-15_23:02:36:505- message sent - id:64 - topic:mqtt-roundtrip-qos0-10Byte-100-cycles - qos:0 - size:10
2018-05-15_23:02:36:505- message sent - id:65 - topic:mqtt-roundtrip-qos0-10Byte-100-cycles - qos:0 - size:10
2018-05-15_23:02:36:505- message sent - id:66 - topic:mqtt-roundtrip-qos0-10Byte-100-cycles - qos:0 - size:10
2018-05-15_23:02:36:505- message sent - id:67 - topic:mqtt-roundtrip-qos0-10Byte-100-cycles - qos:0 - size:10
2018-05-15_23:02:36:506- message sent - id:68 - topic:mqtt-roundtrip-qos0-10Byte-100-cycles - qos:0 - size:10
2018-05-15_23:02:36:506- message sent - id:69 - topic:mqtt-roundtrip-qos0-10Byte-100-cycles - qos:0 - size:10
2018-05-15_23:02:36:506- message sent - id:70 - topic:mqtt-roundtrip-qos0-10Byte-100-cycles - qos:0 - size:10
2018-05-15_23:02:36:506- message sent - id:71 - topic:mqtt-roundtrip-qos0-10Byte-100-cycles - qos:0 - size:10
2018-05-15_23:02:36:506- message sent - id:72 - topic:mqtt-roundtrip-qos0-10Byte-100-cycles - qos:0 - size:10
2018-05-15_23:02:36:506- message sent - id:73 - topic:mqtt-roundtrip-qos0-10Byte-100-cycles - qos:0 - size:10
2018-05-15_23:02:36:506- message sent - id:74 - topic:mqtt-roundtrip-qos0-10Byte-100-cycles - qos:0 - size:10
2018-05-15_23:02:36:506- message sent - id:75 - topic:mqtt-roundtrip-qos0-10Byte-100-cycles - qos:0 - size:10
2018-05-15_23:02:36:507- message sent - id:76 - topic:mqtt-roundtrip-qos0-10Byte-100-cycles - qos:0 - size:10
2018-05-15_23:02:36:507- message sent - id:77 - topic:mqtt-roundtrip-qos0-10Byte-100-cycles - qos:0 - size:10
2018-05-15_23:02:36:507- message sent - id:78 - topic:mqtt-roundtrip-qos0-10Byte-100-cycles - qos:0 - size:10
2018-05-15_23:02:36:507- message sent - id:79 - topic:mqtt-roundtrip-qos0-10Byte-100-cycles - qos:0 - size:10
2018-05-15_23:02:36:507- message sent - id:80 - topic:mqtt-roundtrip-qos0-10Byte-100-cycles - qos:0 - size:10
2018-05-15_23:02:36:507- message sent - id:81 - topic:mqtt-roundtrip-qos0-10Byte-100-cycles - qos:0 - size:10
2018-05-15_23:02:36:507- message sent - id:82 - topic:mqtt-roundtrip-qos0-10Byte-100-cycles - qos:0 - size:10
2018-05-15_23:02:36:507- message sent - id:83 - topic:mqtt-roundtrip-qos0-10Byte-100-cycles - qos:0 - size:10
2018-05-15_23:02:36:508- message sent - id:84 - topic:mqtt-roundtrip-qos0-10Byte-100-cycles - qos:0 - size:10
2018-05-15_23:02:36:508- message sent - id:85 - topic:mqtt-roundtrip-qos0-10Byte-100-cycles - qos:0 - size:10
2018-05-15_23:02:36:508- message sent - id:86 - topic:mqtt-roundtrip-qos0-10Byte-100-cycles - qos:0 - size:10
2018-05-15_23:02:36:508- message sent - id:87 - topic:mqtt-roundtrip-qos0-10Byte-100-cycles - qos:0 - size:10
2018-05-15_23:02:36:508- message sent - id:88 - topic:mqtt-roundtrip-qos0-10Byte-100-cycles - qos:0 - size:10
2018-05-15_23:02:36:508- message sent - id:89 - topic:mqtt-roundtrip-qos0-10Byte-100-cycles - qos:0 - size:10
2018-05-15_23:02:36:508- message sent - id:90 - topic:mqtt-roundtrip-qos0-10Byte-100-cycles - qos:0 - size:10
2018-05-15_23:02:36:508- message sent - id:91 - topic:mqtt-roundtrip-qos0-10Byte-100-cycles - qos:0 - size:10
2018-05-15_23:02:36:508- message sent - id:92 - topic:mqtt-roundtrip-qos0-10Byte-100-cycles - qos:0 - size:10
2018-05-15_23:02:36:509- message sent - id:93 - topic:mqtt-roundtrip-qos0-10Byte-100-cycles - qos:0 - size:10
2018-05-15_23:02:36:509- message sent - id:94 - topic:mqtt-roundtrip-qos0-10Byte-100-cycles - qos:0 - size:10
2018-05-15_23:02:36:509- message sent - id:95 - topic:mqtt-roundtrip-qos0-10Byte-100-cycles - qos:0 - size:10
2018-05-15_23:02:36:509- message sent - id:96 - topic:mqtt-roundtrip-qos0-10Byte-100-cycles - qos:0 - size:10
2018-05-15_23:02:36:509- message sent - id:97 - topic:mqtt-roundtrip-qos0-10Byte-100-cycles - qos:0 - size:10
2018-05-15_23:02:36:509- message sent - id:98 - topic:mqtt-roundtrip-qos0-10Byte-100-cycles - qos:0 - size:10
2018-05-15_23:02:36:509- message sent - id:99 - topic:mqtt-roundtrip-qos0-10Byte-100-cycles - qos:0 - size:10
2018-05-15_23:02:36:509- message sent - id:100 - topic:mqtt-roundtrip-qos0-10Byte-100-cycles - qos:0 - size:10
2018-05-15_23:02:36:510- message sent - id:101 - topic:mqtt-roundtrip-qos0-10Byte-100-cycles - qos:0 - size:10
2018-05-15_23:02:36:510- message received - id:0 - topic:mqtt-roundtrip-qos0-10Byte-100-cycles_2 - qos:0 - size:10
2018-05-15_23:02:36:511- message received - id:0 - topic:mqtt-roundtrip-qos0-10Byte-100-cycles_2 - qos:0 - size:10
2018-05-15_23:02:36:511- message received - id:0 - topic:mqtt-roundtrip-qos0-10Byte-100-cycles_2 - qos:0 - size:10
2018-05-15_23:02:36:511- message received - id:0 - topic:mqtt-roundtrip-qos0-10Byte-100-cycles_2 - qos:0 - size:10
2018-05-15_23:02:36:511- message received - id:0 - topic:mqtt-roundtrip-qos0-10Byte-100-cycles_2 - qos:0 - size:10
2018-05-15_23:02:36:511- message received - id:0 - topic:mqtt-roundtrip-qos0-10Byte-100-cycles_2 - qos:0 - size:10
2018-05-15_23:02:36:512- message received - id:0 - topic:mqtt-roundtrip-qos0-10Byte-100-cycles_2 - qos:0 - size:10
2018-05-15_23:02:36:512- message received - id:0 - topic:mqtt-roundtrip-qos0-10Byte-100-cycles_2 - qos:0 - size:10
2018-05-15_23:02:36:512- message received - id:0 - topic:mqtt-roundtrip-qos0-10Byte-100-cycles_2 - qos:0 - size:10
2018-05-15_23:02:36:512- message received - id:0 - topic:mqtt-roundtrip-qos0-10Byte-100-cycles_2 - qos:0 - size:10
2018-05-15_23:02:36:512- message received - id:0 - topic:mqtt-roundtrip-qos0-10Byte-100-cycles_2 - qos:0 - size:10
2018-05-15_23:02:36:513- message received - id:0 - topic:mqtt-roundtrip-qos0-10Byte-100-cycles_2 - qos:0 - size:10
2018-05-15_23:02:36:513- message received - id:0 - topic:mqtt-roundtrip-qos0-10Byte-100-cycles_2 - qos:0 - size:10
2018-05-15_23:02:36:513- message received - id:0 - topic:mqtt-roundtrip-qos0-10Byte-100-cycles_2 - qos:0 - size:10
2018-05-15_23:02:36:513- message received - id:0 - topic:mqtt-roundtrip-qos0-10Byte-100-cycles_2 - qos:0 - size:10
2018-05-15_23:02:36:514- message received - id:0 - topic:mqtt-roundtrip-qos0-10Byte-100-cycles_2 - qos:0 - size:10
2018-05-15_23:02:36:514- message received - id:0 - topic:mqtt-roundtrip-qos0-10Byte-100-cycles_2 - qos:0 - size:10
2018-05-15_23:02:36:514- message received - id:0 - topic:mqtt-roundtrip-qos0-10Byte-100-cycles_2 - qos:0 - size:10
2018-05-15_23:02:36:514- message received - id:0 - topic:mqtt-roundtrip-qos0-10Byte-100-cycles_2 - qos:0 - size:10
2018-05-15_23:02:36:514- message received - id:0 - topic:mqtt-roundtrip-qos0-10Byte-100-cycles_2 - qos:0 - size:10
2018-05-15_23:02:36:515- message received - id:0 - topic:mqtt-roundtrip-qos0-10Byte-100-cycles_2 - qos:0 - size:10
2018-05-15_23:02:36:515- message received - id:0 - topic:mqtt-roundtrip-qos0-10Byte-100-cycles_2 - qos:0 - size:10
2018-05-15_23:02:36:515- message received - id:0 - topic:mqtt-roundtrip-qos0-10Byte-100-cycles_2 - qos:0 - size:10
2018-05-15_23:02:36:515- message received - id:0 - topic:mqtt-roundtrip-qos0-10Byte-100-cycles_2 - qos:0 - size:10
2018-05-15_23:02:36:527- message received - id:0 - topic:mqtt-roundtrip-qos0-10Byte-100-cycles_2 - qos:0 - size:10
2018-05-15_23:02:36:528- message received - id:0 - topic:mqtt-roundtrip-qos0-10Byte-100-cycles_2 - qos:0 - size:10
2018-05-15_23:02:36:528- message received - id:0 - topic:mqtt-roundtrip-qos0-10Byte-100-cycles_2 - qos:0 - size:10
2018-05-15_23:02:36:528- message received - id:0 - topic:mqtt-roundtrip-qos0-10Byte-100-cycles_2 - qos:0 - size:10
2018-05-15_23:02:36:528- message received - id:0 - topic:mqtt-roundtrip-qos0-10Byte-100-cycles_2 - qos:0 - size:10
2018-05-15_23:02:36:529- message received - id:0 - topic:mqtt-roundtrip-qos0-10Byte-100-cycles_2 - qos:0 - size:10
2018-05-15_23:02:36:529- message received - id:0 - topic:mqtt-roundtrip-qos0-10Byte-100-cycles_2 - qos:0 - size:10
2018-05-15_23:02:36:529- message received - id:0 - topic:mqtt-roundtrip-qos0-10Byte-100-cycles_2 - qos:0 - size:10
2018-05-15_23:02:36:529- message received - id:0 - topic:mqtt-roundtrip-qos0-10Byte-100-cycles_2 - qos:0 - size:10
2018-05-15_23:02:36:529- message received - id:0 - topic:mqtt-roundtrip-qos0-10Byte-100-cycles_2 - qos:0 - size:10
2018-05-15_23:02:36:530- message received - id:0 - topic:mqtt-roundtrip-qos0-10Byte-100-cycles_2 - qos:0 - size:10
2018-05-15_23:02:36:530- message received - id:0 - topic:mqtt-roundtrip-qos0-10Byte-100-cycles_2 - qos:0 - size:10
2018-05-15_23:02:36:530- message received - id:0 - topic:mqtt-roundtrip-qos0-10Byte-100-cycles_2 - qos:0 - size:10
2018-05-15_23:02:36:530- message received - id:0 - topic:mqtt-roundtrip-qos0-10Byte-100-cycles_2 - qos:0 - size:10
2018-05-15_23:02:36:530- message received - id:0 - topic:mqtt-roundtrip-qos0-10Byte-100-cycles_2 - qos:0 - size:10
2018-05-15_23:02:36:531- message received - id:0 - topic:mqtt-roundtrip-qos0-10Byte-100-cycles_2 - qos:0 - size:10
2018-05-15_23:02:36:531- message received - id:0 - topic:mqtt-roundtrip-qos0-10Byte-100-cycles_2 - qos:0 - size:10
2018-05-15_23:02:36:531- message received - id:0 - topic:mqtt-roundtrip-qos0-10Byte-100-cycles_2 - qos:0 - size:10
2018-05-15_23:02:36:531- message received - id:0 - topic:mqtt-roundtrip-qos0-10Byte-100-cycles_2 - qos:0 - size:10
2018-05-15_23:02:36:531- message received - id:0 - topic:mqtt-roundtrip-qos0-10Byte-100-cycles_2 - qos:0 - size:10
2018-05-15_23:02:36:532- message received - id:0 - topic:mqtt-roundtrip-qos0-10Byte-100-cycles_2 - qos:0 - size:10
2018-05-15_23:02:36:532- message received - id:0 - topic:mqtt-roundtrip-qos0-10Byte-100-cycles_2 - qos:0 - size:10
2018-05-15_23:02:36:532- message received - id:0 - topic:mqtt-roundtrip-qos0-10Byte-100-cycles_2 - qos:0 - size:10
2018-05-15_23:02:36:532- message received - id:0 - topic:mqtt-roundtrip-qos0-10Byte-100-cycles_2 - qos:0 - size:10
2018-05-15_23:02:36:532- message received - id:0 - topic:mqtt-roundtrip-qos0-10Byte-100-cycles_2 - qos:0 - size:10
2018-05-15_23:02:36:533- message received - id:0 - topic:mqtt-roundtrip-qos0-10Byte-100-cycles_2 - qos:0 - size:10
2018-05-15_23:02:36:533- message received - id:0 - topic:mqtt-roundtrip-qos0-10Byte-100-cycles_2 - qos:0 - size:10
2018-05-15_23:02:36:533- message received - id:0 - topic:mqtt-roundtrip-qos0-10Byte-100-cycles_2 - qos:0 - size:10
2018-05-15_23:02:36:533- message received - id:0 - topic:mqtt-roundtrip-qos0-10Byte-100-cycles_2 - qos:0 - size:10
2018-05-15_23:02:36:533- message received - id:0 - topic:mqtt-roundtrip-qos0-10Byte-100-cycles_2 - qos:0 - size:10
2018-05-15_23:02:36:539- message received - id:0 - topic:mqtt-roundtrip-qos0-10Byte-100-cycles_2 - qos:0 - size:10
2018-05-15_23:02:36:540- message received - id:0 - topic:mqtt-roundtrip-qos0-10Byte-100-cycles_2 - qos:0 - size:10
2018-05-15_23:02:36:540- message received - id:0 - topic:mqtt-roundtrip-qos0-10Byte-100-cycles_2 - qos:0 - size:10
2018-05-15_23:02:36:540- message received - id:0 - topic:mqtt-roundtrip-qos0-10Byte-100-cycles_2 - qos:0 - size:10
2018-05-15_23:02:36:540- message received - id:0 - topic:mqtt-roundtrip-qos0-10Byte-100-cycles_2 - qos:0 - size:10
2018-05-15_23:02:36:540- message received - id:0 - topic:mqtt-roundtrip-qos0-10Byte-100-cycles_2 - qos:0 - size:10
2018-05-15_23:02:36:541- message received - id:0 - topic:mqtt-roundtrip-qos0-10Byte-100-cycles_2 - qos:0 - size:10
2018-05-15_23:02:36:541- message received - id:0 - topic:mqtt-roundtrip-qos0-10Byte-100-cycles_2 - qos:0 - size:10
2018-05-15_23:02:36:541- message received - id:0 - topic:mqtt-roundtrip-qos0-10Byte-100-cycles_2 - qos:0 - size:10
2018-05-15_23:02:36:541- message received - id:0 - topic:mqtt-roundtrip-qos0-10Byte-100-cycles_2 - qos:0 - size:10
2018-05-15_23:02:36:541- message received - id:0 - topic:mqtt-roundtrip-qos0-10Byte-100-cycles_2 - qos:0 - size:10
2018-05-15_23:02:36:541- message received - id:0 - topic:mqtt-roundtrip-qos0-10Byte-100-cycles_2 - qos:0 - size:10
2018-05-15_23:02:36:542- message received - id:0 - topic:mqtt-roundtrip-qos0-10Byte-100-cycles_2 - qos:0 - size:10
2018-05-15_23:02:36:542- message received - id:0 - topic:mqtt-roundtrip-qos0-10Byte-100-cycles_2 - qos:0 - size:10
2018-05-15_23:02:36:542- message received - id:0 - topic:mqtt-roundtrip-qos0-10Byte-100-cycles_2 - qos:0 - size:10
2018-05-15_23:02:36:542- message received - id:0 - topic:mqtt-roundtrip-qos0-10Byte-100-cycles_2 - qos:0 - size:10
2018-05-15_23:02:36:542- message received - id:0 - topic:mqtt-roundtrip-qos0-10Byte-100-cycles_2 - qos:0 - size:10
2018-05-15_23:02:36:543- message received - id:0 - topic:mqtt-roundtrip-qos0-10Byte-100-cycles_2 - qos:0 - size:10
2018-05-15_23:02:36:543- message received - id:0 - topic:mqtt-roundtrip-qos0-10Byte-100-cycles_2 - qos:0 - size:10
2018-05-15_23:02:36:543- message received - id:0 - topic:mqtt-roundtrip-qos0-10Byte-100-cycles_2 - qos:0 - size:10
2018-05-15_23:02:36:543- message received - id:0 - topic:mqtt-roundtrip-qos0-10Byte-100-cycles_2 - qos:0 - size:10
2018-05-15_23:02:36:543- message received - id:0 - topic:mqtt-roundtrip-qos0-10Byte-100-cycles_2 - qos:0 - size:10
2018-05-15_23:02:36:544- message received - id:0 - topic:mqtt-roundtrip-qos0-10Byte-100-cycles_2 - qos:0 - size:10
2018-05-15_23:02:36:544- message received - id:0 - topic:mqtt-roundtrip-qos0-10Byte-100-cycles_2 - qos:0 - size:10
2018-05-15_23:02:36:544- message received - id:0 - topic:mqtt-roundtrip-qos0-10Byte-100-cycles_2 - qos:0 - size:10
2018-05-15_23:02:36:544- message received - id:0 - topic:mqtt-roundtrip-qos0-10Byte-100-cycles_2 - qos:0 - size:10
2018-05-15_23:02:36:544- message received - id:0 - topic:mqtt-roundtrip-qos0-10Byte-100-cycles_2 - qos:0 - size:10
2018-05-15_23:02:36:544- message received - id:0 - topic:mqtt-roundtrip-qos0-10Byte-100-cycles_2 - qos:0 - size:10
2018-05-15_23:02:36:545- message received - id:0 - topic:mqtt-roundtrip-qos0-10Byte-100-cycles_2 - qos:0 - size:10
2018-05-15_23:02:36:584- message received - id:0 - topic:mqtt-roundtrip-qos0-10Byte-100-cycles_2 - qos:0 - size:10
2018-05-15_23:02:36:585- message received - id:0 - topic:mqtt-roundtrip-qos0-10Byte-100-cycles_2 - qos:0 - size:10
2018-05-15_23:02:36:585- message received - id:0 - topic:mqtt-roundtrip-qos0-10Byte-100-cycles_2 - qos:0 - size:10
2018-05-15_23:02:36:585- message received - id:0 - topic:mqtt-roundtrip-qos0-10Byte-100-cycles_2 - qos:0 - size:10
2018-05-15_23:02:36:585- message received - id:0 - topic:mqtt-roundtrip-qos0-10Byte-100-cycles_2 - qos:0 - size:10
2018-05-15_23:02:36:585- message received - id:0 - topic:mqtt-roundtrip-qos0-10Byte-100-cycles_2 - qos:0 - size:10
2018-05-15_23:02:36:585- message received - id:0 - topic:mqtt-roundtrip-qos0-10Byte-100-cycles_2 - qos:0 - size:10
2018-05-15_23:02:36:586- message received - id:0 - topic:mqtt-roundtrip-qos0-10Byte-100-cycles_2 - qos:0 - size:10
2018-05-15_23:02:36:586- message received - id:0 - topic:mqtt-roundtrip-qos0-10Byte-100-cycles_2 - qos:0 - size:10
2018-05-15_23:02:36:586- message received - id:0 - topic:mqtt-roundtrip-qos0-10Byte-100-cycles_2 - qos:0 - size:10
2018-05-15_23:02:36:586- message received - id:0 - topic:mqtt-roundtrip-qos0-10Byte-100-cycles_2 - qos:0 - size:10
2018-05-15_23:02:36:586- message received - id:0 - topic:mqtt-roundtrip-qos0-10Byte-100-cycles_2 - qos:0 - size:10
2018-05-15_23:02:36:586- message received - id:0 - topic:mqtt-roundtrip-qos0-10Byte-100-cycles_2 - qos:0 - size:10
2018-05-15_23:02:36:586- message received - id:0 - topic:mqtt-roundtrip-qos0-10Byte-100-cycles_2 - qos:0 - size:10
2018-05-15_23:02:36:586- message received - id:0 - topic:mqtt-roundtrip-qos0-10Byte-100-cycles_2 - qos:0 - size:10
2018-05-15_23:02:36:587- message received - id:0 - topic:mqtt-roundtrip-qos0-10Byte-100-cycles_2 - qos:0 - size:10
