2018-05-17_21:18:55:412- connecting to broker 192.168.1.100:1883
2018-05-17_21:18:55:413- Subscribing to topic mqtt-roundtrip-qos0-10KByte-10-cycles_2
2018-05-17_21:18:55:413- subscribe returned (0, 1)
2018-05-17_21:18:55:413- Performing message publishing for 10 cycles
2018-05-17_21:18:55:413- message sent - topic:mqtt-roundtrip-qos0-10KByte-10-cycles - qos:0 - id:000000
2018-05-17_21:18:55:413- message sent - topic:mqtt-roundtrip-qos0-10KByte-10-cycles - qos:0 - id:000001
2018-05-17_21:18:55:413- Client connected to broker
2018-05-17_21:18:55:414- message sent - topic:mqtt-roundtrip-qos0-10KByte-10-cycles - qos:0 - id:000002
2018-05-17_21:18:55:414- message sent - topic:mqtt-roundtrip-qos0-10KByte-10-cycles - qos:0 - id:000003
2018-05-17_21:18:55:414- message sent - topic:mqtt-roundtrip-qos0-10KByte-10-cycles - qos:0 - id:000004
2018-05-17_21:18:55:414- message sent - topic:mqtt-roundtrip-qos0-10KByte-10-cycles - qos:0 - id:000005
2018-05-17_21:18:55:414- message sent - topic:mqtt-roundtrip-qos0-10KByte-10-cycles - qos:0 - id:000006
2018-05-17_21:18:55:415- message sent - topic:mqtt-roundtrip-qos0-10KByte-10-cycles - qos:0 - id:000007
2018-05-17_21:18:55:415- message sent - topic:mqtt-roundtrip-qos0-10KByte-10-cycles - qos:0 - id:000008
2018-05-17_21:18:55:415- message sent - topic:mqtt-roundtrip-qos0-10KByte-10-cycles - qos:0 - id:000009
2018-05-17_21:18:55:422- message received - topic:mqtt-roundtrip-qos0-10KByte-10-cycles_2 - qos:0 - size:10246 - id:000000
2018-05-17_21:18:55:425- message received - topic:mqtt-roundtrip-qos0-10KByte-10-cycles_2 - qos:0 - size:10246 - id:000001
2018-05-17_21:18:55:428- message received - topic:mqtt-roundtrip-qos0-10KByte-10-cycles_2 - qos:0 - size:10246 - id:000002
2018-05-17_21:18:55:430- message received - topic:mqtt-roundtrip-qos0-10KByte-10-cycles_2 - qos:0 - size:10246 - id:000003
2018-05-17_21:18:55:432- message received - topic:mqtt-roundtrip-qos0-10KByte-10-cycles_2 - qos:0 - size:10246 - id:000004
2018-05-17_21:18:55:434- message received - topic:mqtt-roundtrip-qos0-10KByte-10-cycles_2 - qos:0 - size:10246 - id:000005
2018-05-17_21:18:55:435- message received - topic:mqtt-roundtrip-qos0-10KByte-10-cycles_2 - qos:0 - size:10246 - id:000006
2018-05-17_21:18:55:437- message received - topic:mqtt-roundtrip-qos0-10KByte-10-cycles_2 - qos:0 - size:10246 - id:000007
2018-05-17_21:18:55:438- message received - topic:mqtt-roundtrip-qos0-10KByte-10-cycles_2 - qos:0 - size:10246 - id:000008
2018-05-17_21:18:55:439- message received - topic:mqtt-roundtrip-qos0-10KByte-10-cycles_2 - qos:0 - size:10246 - id:000009
2018-05-17_21:18:58:442- Client disconnected from broker
