2018-05-15_23:24:08:430- connecting to broker 192.168.1.100:1883
2018-05-15_23:24:08:431- Subscribing to topicmqtt-roundtrip-qos1-1MByte-10-cycles
2018-05-15_23:24:08:432- subscribe returned (0, 1)
2018-05-15_23:24:08:432- Client connected to broker
2018-05-15_23:24:13:000- message received - id:0 - topic:mqtt-roundtrip-qos1-1MByte-10-cycles - qos:0 - size:1048576
2018-05-15_23:24:13:002- message sent - id:0 - topic:mqtt-roundtrip-qos1-1MByte-10-cycles_2 - qos:0 - size:1048576
2018-05-15_23:24:13:102- message received - id:0 - topic:mqtt-roundtrip-qos1-1MByte-10-cycles - qos:0 - size:1048576
2018-05-15_23:24:13:103- message sent - id:0 - topic:mqtt-roundtrip-qos1-1MByte-10-cycles_2 - qos:0 - size:1048576
2018-05-15_23:24:13:200- message received - id:0 - topic:mqtt-roundtrip-qos1-1MByte-10-cycles - qos:0 - size:1048576
2018-05-15_23:24:13:201- message sent - id:0 - topic:mqtt-roundtrip-qos1-1MByte-10-cycles_2 - qos:0 - size:1048576
2018-05-15_23:24:13:298- message received - id:0 - topic:mqtt-roundtrip-qos1-1MByte-10-cycles - qos:0 - size:1048576
2018-05-15_23:24:13:299- message sent - id:0 - topic:mqtt-roundtrip-qos1-1MByte-10-cycles_2 - qos:0 - size:1048576
2018-05-15_23:24:13:398- message received - id:0 - topic:mqtt-roundtrip-qos1-1MByte-10-cycles - qos:0 - size:1048576
2018-05-15_23:24:13:399- message sent - id:0 - topic:mqtt-roundtrip-qos1-1MByte-10-cycles_2 - qos:0 - size:1048576
2018-05-15_23:24:13:525- message received - id:0 - topic:mqtt-roundtrip-qos1-1MByte-10-cycles - qos:0 - size:1048576
2018-05-15_23:24:13:525- message sent - id:0 - topic:mqtt-roundtrip-qos1-1MByte-10-cycles_2 - qos:0 - size:1048576
2018-05-15_23:24:13:657- message received - id:0 - topic:mqtt-roundtrip-qos1-1MByte-10-cycles - qos:0 - size:1048576
2018-05-15_23:24:13:658- message sent - id:0 - topic:mqtt-roundtrip-qos1-1MByte-10-cycles_2 - qos:0 - size:1048576
2018-05-15_23:24:13:785- message received - id:0 - topic:mqtt-roundtrip-qos1-1MByte-10-cycles - qos:0 - size:1048576
2018-05-15_23:24:13:786- message sent - id:0 - topic:mqtt-roundtrip-qos1-1MByte-10-cycles_2 - qos:0 - size:1048576
2018-05-15_23:24:13:915- message received - id:0 - topic:mqtt-roundtrip-qos1-1MByte-10-cycles - qos:0 - size:1048576
2018-05-15_23:24:13:916- message sent - id:0 - topic:mqtt-roundtrip-qos1-1MByte-10-cycles_2 - qos:0 - size:1048576
2018-05-15_23:24:14:040- message received - id:0 - topic:mqtt-roundtrip-qos1-1MByte-10-cycles - qos:0 - size:1048576
2018-05-15_23:24:14:041- message sent - id:0 - topic:mqtt-roundtrip-qos1-1MByte-10-cycles_2 - qos:0 - size:1048576
