2018-05-15_23:14:44:633- connecting to broker 192.168.1.100:1883
2018-05-15_23:14:44:634- Subscribing to topicmqtt-roundtrip-qos0-10KByte-100-cycles
2018-05-15_23:14:44:635- subscribe returned (0, 1)
2018-05-15_23:14:44:639- Client connected to broker
2018-05-15_23:14:45:746- message received - id:0 - topic:mqtt-roundtrip-qos0-10KByte-100-cycles - qos:0 - size:10240
2018-05-15_23:14:45:746- message sent - id:0 - topic:mqtt-roundtrip-qos0-10KByte-100-cycles_2 - qos:0 - size:10240
2018-05-15_23:14:45:748- message received - id:0 - topic:mqtt-roundtrip-qos0-10KByte-100-cycles - qos:0 - size:10240
2018-05-15_23:14:45:748- message sent - id:0 - topic:mqtt-roundtrip-qos0-10KByte-100-cycles_2 - qos:0 - size:10240
2018-05-15_23:14:45:751- message received - id:0 - topic:mqtt-roundtrip-qos0-10KByte-100-cycles - qos:0 - size:10240
2018-05-15_23:14:45:751- message sent - id:0 - topic:mqtt-roundtrip-qos0-10KByte-100-cycles_2 - qos:0 - size:10240
2018-05-15_23:14:45:755- message received - id:0 - topic:mqtt-roundtrip-qos0-10KByte-100-cycles - qos:0 - size:10240
2018-05-15_23:14:45:755- message sent - id:0 - topic:mqtt-roundtrip-qos0-10KByte-100-cycles_2 - qos:0 - size:10240
2018-05-15_23:14:45:758- message received - id:0 - topic:mqtt-roundtrip-qos0-10KByte-100-cycles - qos:0 - size:10240
2018-05-15_23:14:45:758- message sent - id:0 - topic:mqtt-roundtrip-qos0-10KByte-100-cycles_2 - qos:0 - size:10240
2018-05-15_23:14:45:761- message received - id:0 - topic:mqtt-roundtrip-qos0-10KByte-100-cycles - qos:0 - size:10240
2018-05-15_23:14:45:761- message sent - id:0 - topic:mqtt-roundtrip-qos0-10KByte-100-cycles_2 - qos:0 - size:10240
2018-05-15_23:14:45:763- message received - id:0 - topic:mqtt-roundtrip-qos0-10KByte-100-cycles - qos:0 - size:10240
2018-05-15_23:14:45:763- message sent - id:0 - topic:mqtt-roundtrip-qos0-10KByte-100-cycles_2 - qos:0 - size:10240
2018-05-15_23:14:45:765- message received - id:0 - topic:mqtt-roundtrip-qos0-10KByte-100-cycles - qos:0 - size:10240
2018-05-15_23:14:45:765- message sent - id:0 - topic:mqtt-roundtrip-qos0-10KByte-100-cycles_2 - qos:0 - size:10240
2018-05-15_23:14:45:767- message received - id:0 - topic:mqtt-roundtrip-qos0-10KByte-100-cycles - qos:0 - size:10240
2018-05-15_23:14:45:768- message sent - id:0 - topic:mqtt-roundtrip-qos0-10KByte-100-cycles_2 - qos:0 - size:10240
2018-05-15_23:14:45:771- message received - id:0 - topic:mqtt-roundtrip-qos0-10KByte-100-cycles - qos:0 - size:10240
2018-05-15_23:14:45:772- message sent - id:0 - topic:mqtt-roundtrip-qos0-10KByte-100-cycles_2 - qos:0 - size:10240
2018-05-15_23:14:45:773- message received - id:0 - topic:mqtt-roundtrip-qos0-10KByte-100-cycles - qos:0 - size:10240
2018-05-15_23:14:45:774- message sent - id:0 - topic:mqtt-roundtrip-qos0-10KByte-100-cycles_2 - qos:0 - size:10240
2018-05-15_23:14:45:776- message received - id:0 - topic:mqtt-roundtrip-qos0-10KByte-100-cycles - qos:0 - size:10240
2018-05-15_23:14:45:777- message sent - id:0 - topic:mqtt-roundtrip-qos0-10KByte-100-cycles_2 - qos:0 - size:10240
2018-05-15_23:14:45:780- message received - id:0 - topic:mqtt-roundtrip-qos0-10KByte-100-cycles - qos:0 - size:10240
2018-05-15_23:14:45:780- message sent - id:0 - topic:mqtt-roundtrip-qos0-10KByte-100-cycles_2 - qos:0 - size:10240
2018-05-15_23:14:45:782- message received - id:0 - topic:mqtt-roundtrip-qos0-10KByte-100-cycles - qos:0 - size:10240
2018-05-15_23:14:45:782- message sent - id:0 - topic:mqtt-roundtrip-qos0-10KByte-100-cycles_2 - qos:0 - size:10240
2018-05-15_23:14:45:784- message received - id:0 - topic:mqtt-roundtrip-qos0-10KByte-100-cycles - qos:0 - size:10240
2018-05-15_23:14:45:784- message sent - id:0 - topic:mqtt-roundtrip-qos0-10KByte-100-cycles_2 - qos:0 - size:10240
2018-05-15_23:14:45:786- message received - id:0 - topic:mqtt-roundtrip-qos0-10KByte-100-cycles - qos:0 - size:10240
2018-05-15_23:14:45:786- message sent - id:0 - topic:mqtt-roundtrip-qos0-10KByte-100-cycles_2 - qos:0 - size:10240
2018-05-15_23:14:45:788- message received - id:0 - topic:mqtt-roundtrip-qos0-10KByte-100-cycles - qos:0 - size:10240
2018-05-15_23:14:45:788- message sent - id:0 - topic:mqtt-roundtrip-qos0-10KByte-100-cycles_2 - qos:0 - size:10240
2018-05-15_23:14:45:791- message received - id:0 - topic:mqtt-roundtrip-qos0-10KByte-100-cycles - qos:0 - size:10240
2018-05-15_23:14:45:791- message sent - id:0 - topic:mqtt-roundtrip-qos0-10KByte-100-cycles_2 - qos:0 - size:10240
2018-05-15_23:14:45:793- message received - id:0 - topic:mqtt-roundtrip-qos0-10KByte-100-cycles - qos:0 - size:10240
2018-05-15_23:14:45:793- message sent - id:0 - topic:mqtt-roundtrip-qos0-10KByte-100-cycles_2 - qos:0 - size:10240
2018-05-15_23:14:45:795- message received - id:0 - topic:mqtt-roundtrip-qos0-10KByte-100-cycles - qos:0 - size:10240
2018-05-15_23:14:45:795- message sent - id:0 - topic:mqtt-roundtrip-qos0-10KByte-100-cycles_2 - qos:0 - size:10240
2018-05-15_23:14:45:797- message received - id:0 - topic:mqtt-roundtrip-qos0-10KByte-100-cycles - qos:0 - size:10240
2018-05-15_23:14:45:797- message sent - id:0 - topic:mqtt-roundtrip-qos0-10KByte-100-cycles_2 - qos:0 - size:10240
2018-05-15_23:14:45:800- message received - id:0 - topic:mqtt-roundtrip-qos0-10KByte-100-cycles - qos:0 - size:10240
2018-05-15_23:14:45:801- message sent - id:0 - topic:mqtt-roundtrip-qos0-10KByte-100-cycles_2 - qos:0 - size:10240
2018-05-15_23:14:45:803- message received - id:0 - topic:mqtt-roundtrip-qos0-10KByte-100-cycles - qos:0 - size:10240
2018-05-15_23:14:45:803- message sent - id:0 - topic:mqtt-roundtrip-qos0-10KByte-100-cycles_2 - qos:0 - size:10240
2018-05-15_23:14:45:805- message received - id:0 - topic:mqtt-roundtrip-qos0-10KByte-100-cycles - qos:0 - size:10240
2018-05-15_23:14:45:805- message sent - id:0 - topic:mqtt-roundtrip-qos0-10KByte-100-cycles_2 - qos:0 - size:10240
2018-05-15_23:14:45:807- message received - id:0 - topic:mqtt-roundtrip-qos0-10KByte-100-cycles - qos:0 - size:10240
2018-05-15_23:14:45:807- message sent - id:0 - topic:mqtt-roundtrip-qos0-10KByte-100-cycles_2 - qos:0 - size:10240
2018-05-15_23:14:45:809- message received - id:0 - topic:mqtt-roundtrip-qos0-10KByte-100-cycles - qos:0 - size:10240
2018-05-15_23:14:45:809- message sent - id:0 - topic:mqtt-roundtrip-qos0-10KByte-100-cycles_2 - qos:0 - size:10240
2018-05-15_23:14:45:812- message received - id:0 - topic:mqtt-roundtrip-qos0-10KByte-100-cycles - qos:0 - size:10240
2018-05-15_23:14:45:812- message sent - id:0 - topic:mqtt-roundtrip-qos0-10KByte-100-cycles_2 - qos:0 - size:10240
2018-05-15_23:14:45:814- message received - id:0 - topic:mqtt-roundtrip-qos0-10KByte-100-cycles - qos:0 - size:10240
2018-05-15_23:14:45:815- message sent - id:0 - topic:mqtt-roundtrip-qos0-10KByte-100-cycles_2 - qos:0 - size:10240
2018-05-15_23:14:45:816- message received - id:0 - topic:mqtt-roundtrip-qos0-10KByte-100-cycles - qos:0 - size:10240
2018-05-15_23:14:45:817- message sent - id:0 - topic:mqtt-roundtrip-qos0-10KByte-100-cycles_2 - qos:0 - size:10240
2018-05-15_23:14:45:818- message received - id:0 - topic:mqtt-roundtrip-qos0-10KByte-100-cycles - qos:0 - size:10240
2018-05-15_23:14:45:818- message sent - id:0 - topic:mqtt-roundtrip-qos0-10KByte-100-cycles_2 - qos:0 - size:10240
2018-05-15_23:14:45:821- message received - id:0 - topic:mqtt-roundtrip-qos0-10KByte-100-cycles - qos:0 - size:10240
2018-05-15_23:14:45:821- message sent - id:0 - topic:mqtt-roundtrip-qos0-10KByte-100-cycles_2 - qos:0 - size:10240
2018-05-15_23:14:45:823- message received - id:0 - topic:mqtt-roundtrip-qos0-10KByte-100-cycles - qos:0 - size:10240
2018-05-15_23:14:45:824- message sent - id:0 - topic:mqtt-roundtrip-qos0-10KByte-100-cycles_2 - qos:0 - size:10240
2018-05-15_23:14:45:825- message received - id:0 - topic:mqtt-roundtrip-qos0-10KByte-100-cycles - qos:0 - size:10240
2018-05-15_23:14:45:825- message sent - id:0 - topic:mqtt-roundtrip-qos0-10KByte-100-cycles_2 - qos:0 - size:10240
2018-05-15_23:14:45:828- message received - id:0 - topic:mqtt-roundtrip-qos0-10KByte-100-cycles - qos:0 - size:10240
2018-05-15_23:14:45:828- message sent - id:0 - topic:mqtt-roundtrip-qos0-10KByte-100-cycles_2 - qos:0 - size:10240
2018-05-15_23:14:45:831- message received - id:0 - topic:mqtt-roundtrip-qos0-10KByte-100-cycles - qos:0 - size:10240
2018-05-15_23:14:45:831- message sent - id:0 - topic:mqtt-roundtrip-qos0-10KByte-100-cycles_2 - qos:0 - size:10240
2018-05-15_23:14:45:833- message received - id:0 - topic:mqtt-roundtrip-qos0-10KByte-100-cycles - qos:0 - size:10240
2018-05-15_23:14:45:833- message sent - id:0 - topic:mqtt-roundtrip-qos0-10KByte-100-cycles_2 - qos:0 - size:10240
2018-05-15_23:14:45:835- message received - id:0 - topic:mqtt-roundtrip-qos0-10KByte-100-cycles - qos:0 - size:10240
2018-05-15_23:14:45:835- message sent - id:0 - topic:mqtt-roundtrip-qos0-10KByte-100-cycles_2 - qos:0 - size:10240
2018-05-15_23:14:45:837- message received - id:0 - topic:mqtt-roundtrip-qos0-10KByte-100-cycles - qos:0 - size:10240
2018-05-15_23:14:45:837- message sent - id:0 - topic:mqtt-roundtrip-qos0-10KByte-100-cycles_2 - qos:0 - size:10240
2018-05-15_23:14:45:840- message received - id:0 - topic:mqtt-roundtrip-qos0-10KByte-100-cycles - qos:0 - size:10240
2018-05-15_23:14:45:841- message sent - id:0 - topic:mqtt-roundtrip-qos0-10KByte-100-cycles_2 - qos:0 - size:10240
2018-05-15_23:14:45:842- message received - id:0 - topic:mqtt-roundtrip-qos0-10KByte-100-cycles - qos:0 - size:10240
2018-05-15_23:14:45:842- message sent - id:0 - topic:mqtt-roundtrip-qos0-10KByte-100-cycles_2 - qos:0 - size:10240
2018-05-15_23:14:45:844- message received - id:0 - topic:mqtt-roundtrip-qos0-10KByte-100-cycles - qos:0 - size:10240
2018-05-15_23:14:45:844- message sent - id:0 - topic:mqtt-roundtrip-qos0-10KByte-100-cycles_2 - qos:0 - size:10240
2018-05-15_23:14:45:847- message received - id:0 - topic:mqtt-roundtrip-qos0-10KByte-100-cycles - qos:0 - size:10240
2018-05-15_23:14:45:847- message sent - id:0 - topic:mqtt-roundtrip-qos0-10KByte-100-cycles_2 - qos:0 - size:10240
2018-05-15_23:14:45:849- message received - id:0 - topic:mqtt-roundtrip-qos0-10KByte-100-cycles - qos:0 - size:10240
2018-05-15_23:14:45:850- message sent - id:0 - topic:mqtt-roundtrip-qos0-10KByte-100-cycles_2 - qos:0 - size:10240
2018-05-15_23:14:45:851- message received - id:0 - topic:mqtt-roundtrip-qos0-10KByte-100-cycles - qos:0 - size:10240
2018-05-15_23:14:45:852- message sent - id:0 - topic:mqtt-roundtrip-qos0-10KByte-100-cycles_2 - qos:0 - size:10240
2018-05-15_23:14:45:854- message received - id:0 - topic:mqtt-roundtrip-qos0-10KByte-100-cycles - qos:0 - size:10240
2018-05-15_23:14:45:854- message sent - id:0 - topic:mqtt-roundtrip-qos0-10KByte-100-cycles_2 - qos:0 - size:10240
2018-05-15_23:14:45:855- message received - id:0 - topic:mqtt-roundtrip-qos0-10KByte-100-cycles - qos:0 - size:10240
2018-05-15_23:14:45:855- message sent - id:0 - topic:mqtt-roundtrip-qos0-10KByte-100-cycles_2 - qos:0 - size:10240
2018-05-15_23:14:45:857- message received - id:0 - topic:mqtt-roundtrip-qos0-10KByte-100-cycles - qos:0 - size:10240
2018-05-15_23:14:45:857- message sent - id:0 - topic:mqtt-roundtrip-qos0-10KByte-100-cycles_2 - qos:0 - size:10240
2018-05-15_23:14:45:858- message received - id:0 - topic:mqtt-roundtrip-qos0-10KByte-100-cycles - qos:0 - size:10240
2018-05-15_23:14:45:859- message sent - id:0 - topic:mqtt-roundtrip-qos0-10KByte-100-cycles_2 - qos:0 - size:10240
2018-05-15_23:14:45:861- message received - id:0 - topic:mqtt-roundtrip-qos0-10KByte-100-cycles - qos:0 - size:10240
2018-05-15_23:14:45:861- message sent - id:0 - topic:mqtt-roundtrip-qos0-10KByte-100-cycles_2 - qos:0 - size:10240
2018-05-15_23:14:45:863- message received - id:0 - topic:mqtt-roundtrip-qos0-10KByte-100-cycles - qos:0 - size:10240
2018-05-15_23:14:45:863- message sent - id:0 - topic:mqtt-roundtrip-qos0-10KByte-100-cycles_2 - qos:0 - size:10240
2018-05-15_23:14:45:864- message received - id:0 - topic:mqtt-roundtrip-qos0-10KByte-100-cycles - qos:0 - size:10240
2018-05-15_23:14:45:864- message sent - id:0 - topic:mqtt-roundtrip-qos0-10KByte-100-cycles_2 - qos:0 - size:10240
2018-05-15_23:14:45:866- message received - id:0 - topic:mqtt-roundtrip-qos0-10KByte-100-cycles - qos:0 - size:10240
2018-05-15_23:14:45:866- message sent - id:0 - topic:mqtt-roundtrip-qos0-10KByte-100-cycles_2 - qos:0 - size:10240
2018-05-15_23:14:45:867- message received - id:0 - topic:mqtt-roundtrip-qos0-10KByte-100-cycles - qos:0 - size:10240
2018-05-15_23:14:45:867- message sent - id:0 - topic:mqtt-roundtrip-qos0-10KByte-100-cycles_2 - qos:0 - size:10240
2018-05-15_23:14:45:870- message received - id:0 - topic:mqtt-roundtrip-qos0-10KByte-100-cycles - qos:0 - size:10240
2018-05-15_23:14:45:870- message sent - id:0 - topic:mqtt-roundtrip-qos0-10KByte-100-cycles_2 - qos:0 - size:10240
2018-05-15_23:14:45:871- message received - id:0 - topic:mqtt-roundtrip-qos0-10KByte-100-cycles - qos:0 - size:10240
2018-05-15_23:14:45:871- message sent - id:0 - topic:mqtt-roundtrip-qos0-10KByte-100-cycles_2 - qos:0 - size:10240
2018-05-15_23:14:45:872- message received - id:0 - topic:mqtt-roundtrip-qos0-10KByte-100-cycles - qos:0 - size:10240
2018-05-15_23:14:45:873- message sent - id:0 - topic:mqtt-roundtrip-qos0-10KByte-100-cycles_2 - qos:0 - size:10240
2018-05-15_23:14:45:874- message received - id:0 - topic:mqtt-roundtrip-qos0-10KByte-100-cycles - qos:0 - size:10240
2018-05-15_23:14:45:874- message sent - id:0 - topic:mqtt-roundtrip-qos0-10KByte-100-cycles_2 - qos:0 - size:10240
2018-05-15_23:14:45:875- message received - id:0 - topic:mqtt-roundtrip-qos0-10KByte-100-cycles - qos:0 - size:10240
2018-05-15_23:14:45:875- message sent - id:0 - topic:mqtt-roundtrip-qos0-10KByte-100-cycles_2 - qos:0 - size:10240
2018-05-15_23:14:45:878- message received - id:0 - topic:mqtt-roundtrip-qos0-10KByte-100-cycles - qos:0 - size:10240
2018-05-15_23:14:45:878- message sent - id:0 - topic:mqtt-roundtrip-qos0-10KByte-100-cycles_2 - qos:0 - size:10240
2018-05-15_23:14:45:879- message received - id:0 - topic:mqtt-roundtrip-qos0-10KByte-100-cycles - qos:0 - size:10240
2018-05-15_23:14:45:879- message sent - id:0 - topic:mqtt-roundtrip-qos0-10KByte-100-cycles_2 - qos:0 - size:10240
2018-05-15_23:14:45:880- message received - id:0 - topic:mqtt-roundtrip-qos0-10KByte-100-cycles - qos:0 - size:10240
2018-05-15_23:14:45:880- message sent - id:0 - topic:mqtt-roundtrip-qos0-10KByte-100-cycles_2 - qos:0 - size:10240
2018-05-15_23:14:45:882- message received - id:0 - topic:mqtt-roundtrip-qos0-10KByte-100-cycles - qos:0 - size:10240
2018-05-15_23:14:45:882- message sent - id:0 - topic:mqtt-roundtrip-qos0-10KByte-100-cycles_2 - qos:0 - size:10240
2018-05-15_23:14:45:884- message received - id:0 - topic:mqtt-roundtrip-qos0-10KByte-100-cycles - qos:0 - size:10240
2018-05-15_23:14:45:884- message sent - id:0 - topic:mqtt-roundtrip-qos0-10KByte-100-cycles_2 - qos:0 - size:10240
2018-05-15_23:14:45:886- message received - id:0 - topic:mqtt-roundtrip-qos0-10KByte-100-cycles - qos:0 - size:10240
2018-05-15_23:14:45:886- message sent - id:0 - topic:mqtt-roundtrip-qos0-10KByte-100-cycles_2 - qos:0 - size:10240
2018-05-15_23:14:45:887- message received - id:0 - topic:mqtt-roundtrip-qos0-10KByte-100-cycles - qos:0 - size:10240
2018-05-15_23:14:45:887- message sent - id:0 - topic:mqtt-roundtrip-qos0-10KByte-100-cycles_2 - qos:0 - size:10240
2018-05-15_23:14:45:889- message received - id:0 - topic:mqtt-roundtrip-qos0-10KByte-100-cycles - qos:0 - size:10240
2018-05-15_23:14:45:889- message sent - id:0 - topic:mqtt-roundtrip-qos0-10KByte-100-cycles_2 - qos:0 - size:10240
2018-05-15_23:14:45:890- message received - id:0 - topic:mqtt-roundtrip-qos0-10KByte-100-cycles - qos:0 - size:10240
2018-05-15_23:14:45:890- message sent - id:0 - topic:mqtt-roundtrip-qos0-10KByte-100-cycles_2 - qos:0 - size:10240
2018-05-15_23:14:45:891- message received - id:0 - topic:mqtt-roundtrip-qos0-10KByte-100-cycles - qos:0 - size:10240
2018-05-15_23:14:45:891- message sent - id:0 - topic:mqtt-roundtrip-qos0-10KByte-100-cycles_2 - qos:0 - size:10240
2018-05-15_23:14:45:895- message received - id:0 - topic:mqtt-roundtrip-qos0-10KByte-100-cycles - qos:0 - size:10240
2018-05-15_23:14:45:895- message sent - id:0 - topic:mqtt-roundtrip-qos0-10KByte-100-cycles_2 - qos:0 - size:10240
2018-05-15_23:14:45:896- message received - id:0 - topic:mqtt-roundtrip-qos0-10KByte-100-cycles - qos:0 - size:10240
2018-05-15_23:14:45:896- message sent - id:0 - topic:mqtt-roundtrip-qos0-10KByte-100-cycles_2 - qos:0 - size:10240
2018-05-15_23:14:45:897- message received - id:0 - topic:mqtt-roundtrip-qos0-10KByte-100-cycles - qos:0 - size:10240
2018-05-15_23:14:45:898- message sent - id:0 - topic:mqtt-roundtrip-qos0-10KByte-100-cycles_2 - qos:0 - size:10240
2018-05-15_23:14:45:898- message received - id:0 - topic:mqtt-roundtrip-qos0-10KByte-100-cycles - qos:0 - size:10240
2018-05-15_23:14:45:898- message sent - id:0 - topic:mqtt-roundtrip-qos0-10KByte-100-cycles_2 - qos:0 - size:10240
2018-05-15_23:14:45:900- message received - id:0 - topic:mqtt-roundtrip-qos0-10KByte-100-cycles - qos:0 - size:10240
2018-05-15_23:14:45:900- message sent - id:0 - topic:mqtt-roundtrip-qos0-10KByte-100-cycles_2 - qos:0 - size:10240
2018-05-15_23:14:45:902- message received - id:0 - topic:mqtt-roundtrip-qos0-10KByte-100-cycles - qos:0 - size:10240
2018-05-15_23:14:45:902- message sent - id:0 - topic:mqtt-roundtrip-qos0-10KByte-100-cycles_2 - qos:0 - size:10240
2018-05-15_23:14:45:903- message received - id:0 - topic:mqtt-roundtrip-qos0-10KByte-100-cycles - qos:0 - size:10240
2018-05-15_23:14:45:903- message sent - id:0 - topic:mqtt-roundtrip-qos0-10KByte-100-cycles_2 - qos:0 - size:10240
2018-05-15_23:14:45:904- message received - id:0 - topic:mqtt-roundtrip-qos0-10KByte-100-cycles - qos:0 - size:10240
2018-05-15_23:14:45:904- message sent - id:0 - topic:mqtt-roundtrip-qos0-10KByte-100-cycles_2 - qos:0 - size:10240
2018-05-15_23:14:45:906- message received - id:0 - topic:mqtt-roundtrip-qos0-10KByte-100-cycles - qos:0 - size:10240
2018-05-15_23:14:45:906- message sent - id:0 - topic:mqtt-roundtrip-qos0-10KByte-100-cycles_2 - qos:0 - size:10240
2018-05-15_23:14:45:908- message received - id:0 - topic:mqtt-roundtrip-qos0-10KByte-100-cycles - qos:0 - size:10240
2018-05-15_23:14:45:908- message sent - id:0 - topic:mqtt-roundtrip-qos0-10KByte-100-cycles_2 - qos:0 - size:10240
2018-05-15_23:14:45:909- message received - id:0 - topic:mqtt-roundtrip-qos0-10KByte-100-cycles - qos:0 - size:10240
2018-05-15_23:14:45:909- message sent - id:0 - topic:mqtt-roundtrip-qos0-10KByte-100-cycles_2 - qos:0 - size:10240
2018-05-15_23:14:45:910- message received - id:0 - topic:mqtt-roundtrip-qos0-10KByte-100-cycles - qos:0 - size:10240
2018-05-15_23:14:45:910- message sent - id:0 - topic:mqtt-roundtrip-qos0-10KByte-100-cycles_2 - qos:0 - size:10240
2018-05-15_23:14:45:911- message received - id:0 - topic:mqtt-roundtrip-qos0-10KByte-100-cycles - qos:0 - size:10240
2018-05-15_23:14:45:911- message sent - id:0 - topic:mqtt-roundtrip-qos0-10KByte-100-cycles_2 - qos:0 - size:10240
2018-05-15_23:14:45:913- message received - id:0 - topic:mqtt-roundtrip-qos0-10KByte-100-cycles - qos:0 - size:10240
2018-05-15_23:14:45:913- message sent - id:0 - topic:mqtt-roundtrip-qos0-10KByte-100-cycles_2 - qos:0 - size:10240
2018-05-15_23:14:45:915- message received - id:0 - topic:mqtt-roundtrip-qos0-10KByte-100-cycles - qos:0 - size:10240
2018-05-15_23:14:45:915- message sent - id:0 - topic:mqtt-roundtrip-qos0-10KByte-100-cycles_2 - qos:0 - size:10240
2018-05-15_23:14:45:917- message received - id:0 - topic:mqtt-roundtrip-qos0-10KByte-100-cycles - qos:0 - size:10240
2018-05-15_23:14:45:917- message sent - id:0 - topic:mqtt-roundtrip-qos0-10KByte-100-cycles_2 - qos:0 - size:10240
2018-05-15_23:14:45:918- message received - id:0 - topic:mqtt-roundtrip-qos0-10KByte-100-cycles - qos:0 - size:10240
2018-05-15_23:14:45:918- message sent - id:0 - topic:mqtt-roundtrip-qos0-10KByte-100-cycles_2 - qos:0 - size:10240
2018-05-15_23:14:45:920- message received - id:0 - topic:mqtt-roundtrip-qos0-10KByte-100-cycles - qos:0 - size:10240
2018-05-15_23:14:45:920- message sent - id:0 - topic:mqtt-roundtrip-qos0-10KByte-100-cycles_2 - qos:0 - size:10240
2018-05-15_23:14:45:921- message received - id:0 - topic:mqtt-roundtrip-qos0-10KByte-100-cycles - qos:0 - size:10240
2018-05-15_23:14:45:921- message sent - id:0 - topic:mqtt-roundtrip-qos0-10KByte-100-cycles_2 - qos:0 - size:10240
2018-05-15_23:14:45:923- message received - id:0 - topic:mqtt-roundtrip-qos0-10KByte-100-cycles - qos:0 - size:10240
2018-05-15_23:14:45:923- message sent - id:0 - topic:mqtt-roundtrip-qos0-10KByte-100-cycles_2 - qos:0 - size:10240
2018-05-15_23:14:45:924- message received - id:0 - topic:mqtt-roundtrip-qos0-10KByte-100-cycles - qos:0 - size:10240
2018-05-15_23:14:45:925- message sent - id:0 - topic:mqtt-roundtrip-qos0-10KByte-100-cycles_2 - qos:0 - size:10240
2018-05-15_23:14:45:926- message received - id:0 - topic:mqtt-roundtrip-qos0-10KByte-100-cycles - qos:0 - size:10240
2018-05-15_23:14:45:926- message sent - id:0 - topic:mqtt-roundtrip-qos0-10KByte-100-cycles_2 - qos:0 - size:10240
2018-05-15_23:14:45:927- message received - id:0 - topic:mqtt-roundtrip-qos0-10KByte-100-cycles - qos:0 - size:10240
2018-05-15_23:14:45:928- message sent - id:0 - topic:mqtt-roundtrip-qos0-10KByte-100-cycles_2 - qos:0 - size:10240
2018-05-15_23:14:45:929- message received - id:0 - topic:mqtt-roundtrip-qos0-10KByte-100-cycles - qos:0 - size:10240
2018-05-15_23:14:45:929- message sent - id:0 - topic:mqtt-roundtrip-qos0-10KByte-100-cycles_2 - qos:0 - size:10240
2018-05-15_23:14:45:930- message received - id:0 - topic:mqtt-roundtrip-qos0-10KByte-100-cycles - qos:0 - size:10240
2018-05-15_23:14:45:931- message sent - id:0 - topic:mqtt-roundtrip-qos0-10KByte-100-cycles_2 - qos:0 - size:10240
2018-05-15_23:14:45:932- message received - id:0 - topic:mqtt-roundtrip-qos0-10KByte-100-cycles - qos:0 - size:10240
2018-05-15_23:14:45:932- message sent - id:0 - topic:mqtt-roundtrip-qos0-10KByte-100-cycles_2 - qos:0 - size:10240
2018-05-15_23:14:45:934- message received - id:0 - topic:mqtt-roundtrip-qos0-10KByte-100-cycles - qos:0 - size:10240
2018-05-15_23:14:45:934- message sent - id:0 - topic:mqtt-roundtrip-qos0-10KByte-100-cycles_2 - qos:0 - size:10240
2018-05-15_23:14:45:935- message received - id:0 - topic:mqtt-roundtrip-qos0-10KByte-100-cycles - qos:0 - size:10240
2018-05-15_23:14:45:936- message sent - id:0 - topic:mqtt-roundtrip-qos0-10KByte-100-cycles_2 - qos:0 - size:10240
2018-05-15_23:14:45:937- message received - id:0 - topic:mqtt-roundtrip-qos0-10KByte-100-cycles - qos:0 - size:10240
2018-05-15_23:14:45:937- message sent - id:0 - topic:mqtt-roundtrip-qos0-10KByte-100-cycles_2 - qos:0 - size:10240
2018-05-15_23:14:45:939- message received - id:0 - topic:mqtt-roundtrip-qos0-10KByte-100-cycles - qos:0 - size:10240
2018-05-15_23:14:45:939- message sent - id:0 - topic:mqtt-roundtrip-qos0-10KByte-100-cycles_2 - qos:0 - size:10240
2018-05-15_23:14:45:940- message received - id:0 - topic:mqtt-roundtrip-qos0-10KByte-100-cycles - qos:0 - size:10240
2018-05-15_23:14:45:940- message sent - id:0 - topic:mqtt-roundtrip-qos0-10KByte-100-cycles_2 - qos:0 - size:10240
2018-05-15_23:14:45:942- message received - id:0 - topic:mqtt-roundtrip-qos0-10KByte-100-cycles - qos:0 - size:10240
2018-05-15_23:14:45:942- message sent - id:0 - topic:mqtt-roundtrip-qos0-10KByte-100-cycles_2 - qos:0 - size:10240
