2018-05-15_23:18:04:738- connecting to broker 192.168.1.100:1883
2018-05-15_23:18:04:740- Subscribing to topicmqtt-roundtrip-qos0-100KByte-10-cycles
2018-05-15_23:18:04:740- subscribe returned (0, 1)
2018-05-15_23:18:04:741- Client connected to broker
2018-05-15_23:18:07:694- message received - id:0 - topic:mqtt-roundtrip-qos0-100KByte-10-cycles - qos:0 - size:102400
2018-05-15_23:18:07:695- message sent - id:0 - topic:mqtt-roundtrip-qos0-100KByte-10-cycles_2 - qos:0 - size:102400
2018-05-15_23:18:07:707- message received - id:0 - topic:mqtt-roundtrip-qos0-100KByte-10-cycles - qos:0 - size:102400
2018-05-15_23:18:07:707- message sent - id:0 - topic:mqtt-roundtrip-qos0-100KByte-10-cycles_2 - qos:0 - size:102400
2018-05-15_23:18:07:727- message received - id:0 - topic:mqtt-roundtrip-qos0-100KByte-10-cycles - qos:0 - size:102400
2018-05-15_23:18:07:727- message sent - id:0 - topic:mqtt-roundtrip-qos0-100KByte-10-cycles_2 - qos:0 - size:102400
2018-05-15_23:18:07:747- message received - id:0 - topic:mqtt-roundtrip-qos0-100KByte-10-cycles - qos:0 - size:102400
2018-05-15_23:18:07:747- message sent - id:0 - topic:mqtt-roundtrip-qos0-100KByte-10-cycles_2 - qos:0 - size:102400
2018-05-15_23:18:07:763- message received - id:0 - topic:mqtt-roundtrip-qos0-100KByte-10-cycles - qos:0 - size:102400
2018-05-15_23:18:07:763- message sent - id:0 - topic:mqtt-roundtrip-qos0-100KByte-10-cycles_2 - qos:0 - size:102400
2018-05-15_23:18:07:779- message received - id:0 - topic:mqtt-roundtrip-qos0-100KByte-10-cycles - qos:0 - size:102400
2018-05-15_23:18:07:779- message sent - id:0 - topic:mqtt-roundtrip-qos0-100KByte-10-cycles_2 - qos:0 - size:102400
2018-05-15_23:18:07:793- message received - id:0 - topic:mqtt-roundtrip-qos0-100KByte-10-cycles - qos:0 - size:102400
2018-05-15_23:18:07:794- message sent - id:0 - topic:mqtt-roundtrip-qos0-100KByte-10-cycles_2 - qos:0 - size:102400
2018-05-15_23:18:07:806- message received - id:0 - topic:mqtt-roundtrip-qos0-100KByte-10-cycles - qos:0 - size:102400
2018-05-15_23:18:07:807- message sent - id:0 - topic:mqtt-roundtrip-qos0-100KByte-10-cycles_2 - qos:0 - size:102400
2018-05-15_23:18:07:820- message received - id:0 - topic:mqtt-roundtrip-qos0-100KByte-10-cycles - qos:0 - size:102400
2018-05-15_23:18:07:820- message sent - id:0 - topic:mqtt-roundtrip-qos0-100KByte-10-cycles_2 - qos:0 - size:102400
2018-05-15_23:18:07:835- message received - id:0 - topic:mqtt-roundtrip-qos0-100KByte-10-cycles - qos:0 - size:102400
2018-05-15_23:18:07:835- message sent - id:0 - topic:mqtt-roundtrip-qos0-100KByte-10-cycles_2 - qos:0 - size:102400
