2018-05-15_23:15:30:972- connecting to broker 192.168.1.100:1883
2018-05-15_23:15:30:973- Subscribing to topicmqtt-roundtrip-qos1-10KByte-100-cycles
2018-05-15_23:15:30:973- subscribe returned (0, 1)
2018-05-15_23:15:30:974- Client connected to broker
2018-05-15_23:15:31:968- message received - id:0 - topic:mqtt-roundtrip-qos1-10KByte-100-cycles - qos:0 - size:10240
2018-05-15_23:15:31:968- message sent - id:0 - topic:mqtt-roundtrip-qos1-10KByte-100-cycles_2 - qos:0 - size:10240
2018-05-15_23:15:31:970- message received - id:0 - topic:mqtt-roundtrip-qos1-10KByte-100-cycles - qos:0 - size:10240
2018-05-15_23:15:31:970- message sent - id:0 - topic:mqtt-roundtrip-qos1-10KByte-100-cycles_2 - qos:0 - size:10240
2018-05-15_23:15:31:972- message received - id:0 - topic:mqtt-roundtrip-qos1-10KByte-100-cycles - qos:0 - size:10240
2018-05-15_23:15:31:972- message sent - id:0 - topic:mqtt-roundtrip-qos1-10KByte-100-cycles_2 - qos:0 - size:10240
2018-05-15_23:15:31:975- message received - id:0 - topic:mqtt-roundtrip-qos1-10KByte-100-cycles - qos:0 - size:10240
2018-05-15_23:15:31:975- message sent - id:0 - topic:mqtt-roundtrip-qos1-10KByte-100-cycles_2 - qos:0 - size:10240
2018-05-15_23:15:31:979- message received - id:0 - topic:mqtt-roundtrip-qos1-10KByte-100-cycles - qos:0 - size:10240
2018-05-15_23:15:31:979- message sent - id:0 - topic:mqtt-roundtrip-qos1-10KByte-100-cycles_2 - qos:0 - size:10240
2018-05-15_23:15:31:982- message received - id:0 - topic:mqtt-roundtrip-qos1-10KByte-100-cycles - qos:0 - size:10240
2018-05-15_23:15:31:982- message sent - id:0 - topic:mqtt-roundtrip-qos1-10KByte-100-cycles_2 - qos:0 - size:10240
2018-05-15_23:15:31:985- message received - id:0 - topic:mqtt-roundtrip-qos1-10KByte-100-cycles - qos:0 - size:10240
2018-05-15_23:15:31:985- message sent - id:0 - topic:mqtt-roundtrip-qos1-10KByte-100-cycles_2 - qos:0 - size:10240
2018-05-15_23:15:31:989- message received - id:0 - topic:mqtt-roundtrip-qos1-10KByte-100-cycles - qos:0 - size:10240
2018-05-15_23:15:31:990- message sent - id:0 - topic:mqtt-roundtrip-qos1-10KByte-100-cycles_2 - qos:0 - size:10240
2018-05-15_23:15:31:991- message received - id:0 - topic:mqtt-roundtrip-qos1-10KByte-100-cycles - qos:0 - size:10240
2018-05-15_23:15:31:992- message sent - id:0 - topic:mqtt-roundtrip-qos1-10KByte-100-cycles_2 - qos:0 - size:10240
2018-05-15_23:15:31:994- message received - id:0 - topic:mqtt-roundtrip-qos1-10KByte-100-cycles - qos:0 - size:10240
2018-05-15_23:15:31:995- message sent - id:0 - topic:mqtt-roundtrip-qos1-10KByte-100-cycles_2 - qos:0 - size:10240
2018-05-15_23:15:31:997- message received - id:0 - topic:mqtt-roundtrip-qos1-10KByte-100-cycles - qos:0 - size:10240
2018-05-15_23:15:31:998- message sent - id:0 - topic:mqtt-roundtrip-qos1-10KByte-100-cycles_2 - qos:0 - size:10240
2018-05-15_23:15:32:000- message received - id:0 - topic:mqtt-roundtrip-qos1-10KByte-100-cycles - qos:0 - size:10240
2018-05-15_23:15:32:000- message sent - id:0 - topic:mqtt-roundtrip-qos1-10KByte-100-cycles_2 - qos:0 - size:10240
2018-05-15_23:15:32:002- message received - id:0 - topic:mqtt-roundtrip-qos1-10KByte-100-cycles - qos:0 - size:10240
2018-05-15_23:15:32:003- message sent - id:0 - topic:mqtt-roundtrip-qos1-10KByte-100-cycles_2 - qos:0 - size:10240
2018-05-15_23:15:32:004- message received - id:0 - topic:mqtt-roundtrip-qos1-10KByte-100-cycles - qos:0 - size:10240
2018-05-15_23:15:32:005- message sent - id:0 - topic:mqtt-roundtrip-qos1-10KByte-100-cycles_2 - qos:0 - size:10240
2018-05-15_23:15:32:006- message received - id:0 - topic:mqtt-roundtrip-qos1-10KByte-100-cycles - qos:0 - size:10240
2018-05-15_23:15:32:006- message sent - id:0 - topic:mqtt-roundtrip-qos1-10KByte-100-cycles_2 - qos:0 - size:10240
2018-05-15_23:15:32:009- message received - id:0 - topic:mqtt-roundtrip-qos1-10KByte-100-cycles - qos:0 - size:10240
2018-05-15_23:15:32:009- message sent - id:0 - topic:mqtt-roundtrip-qos1-10KByte-100-cycles_2 - qos:0 - size:10240
2018-05-15_23:15:32:011- message received - id:0 - topic:mqtt-roundtrip-qos1-10KByte-100-cycles - qos:0 - size:10240
2018-05-15_23:15:32:012- message sent - id:0 - topic:mqtt-roundtrip-qos1-10KByte-100-cycles_2 - qos:0 - size:10240
2018-05-15_23:15:32:014- message received - id:0 - topic:mqtt-roundtrip-qos1-10KByte-100-cycles - qos:0 - size:10240
2018-05-15_23:15:32:014- message sent - id:0 - topic:mqtt-roundtrip-qos1-10KByte-100-cycles_2 - qos:0 - size:10240
2018-05-15_23:15:32:016- message received - id:0 - topic:mqtt-roundtrip-qos1-10KByte-100-cycles - qos:0 - size:10240
2018-05-15_23:15:32:016- message sent - id:0 - topic:mqtt-roundtrip-qos1-10KByte-100-cycles_2 - qos:0 - size:10240
2018-05-15_23:15:32:019- message received - id:0 - topic:mqtt-roundtrip-qos1-10KByte-100-cycles - qos:0 - size:10240
2018-05-15_23:15:32:019- message sent - id:0 - topic:mqtt-roundtrip-qos1-10KByte-100-cycles_2 - qos:0 - size:10240
2018-05-15_23:15:32:021- message received - id:0 - topic:mqtt-roundtrip-qos1-10KByte-100-cycles - qos:0 - size:10240
2018-05-15_23:15:32:021- message sent - id:0 - topic:mqtt-roundtrip-qos1-10KByte-100-cycles_2 - qos:0 - size:10240
2018-05-15_23:15:32:024- message received - id:0 - topic:mqtt-roundtrip-qos1-10KByte-100-cycles - qos:0 - size:10240
2018-05-15_23:15:32:024- message sent - id:0 - topic:mqtt-roundtrip-qos1-10KByte-100-cycles_2 - qos:0 - size:10240
2018-05-15_23:15:32:026- message received - id:0 - topic:mqtt-roundtrip-qos1-10KByte-100-cycles - qos:0 - size:10240
2018-05-15_23:15:32:026- message sent - id:0 - topic:mqtt-roundtrip-qos1-10KByte-100-cycles_2 - qos:0 - size:10240
2018-05-15_23:15:32:028- message received - id:0 - topic:mqtt-roundtrip-qos1-10KByte-100-cycles - qos:0 - size:10240
2018-05-15_23:15:32:028- message sent - id:0 - topic:mqtt-roundtrip-qos1-10KByte-100-cycles_2 - qos:0 - size:10240
2018-05-15_23:15:32:031- message received - id:0 - topic:mqtt-roundtrip-qos1-10KByte-100-cycles - qos:0 - size:10240
2018-05-15_23:15:32:031- message sent - id:0 - topic:mqtt-roundtrip-qos1-10KByte-100-cycles_2 - qos:0 - size:10240
2018-05-15_23:15:32:033- message received - id:0 - topic:mqtt-roundtrip-qos1-10KByte-100-cycles - qos:0 - size:10240
2018-05-15_23:15:32:033- message sent - id:0 - topic:mqtt-roundtrip-qos1-10KByte-100-cycles_2 - qos:0 - size:10240
2018-05-15_23:15:32:035- message received - id:0 - topic:mqtt-roundtrip-qos1-10KByte-100-cycles - qos:0 - size:10240
2018-05-15_23:15:32:035- message sent - id:0 - topic:mqtt-roundtrip-qos1-10KByte-100-cycles_2 - qos:0 - size:10240
2018-05-15_23:15:32:038- message received - id:0 - topic:mqtt-roundtrip-qos1-10KByte-100-cycles - qos:0 - size:10240
2018-05-15_23:15:32:038- message sent - id:0 - topic:mqtt-roundtrip-qos1-10KByte-100-cycles_2 - qos:0 - size:10240
2018-05-15_23:15:32:040- message received - id:0 - topic:mqtt-roundtrip-qos1-10KByte-100-cycles - qos:0 - size:10240
2018-05-15_23:15:32:041- message sent - id:0 - topic:mqtt-roundtrip-qos1-10KByte-100-cycles_2 - qos:0 - size:10240
2018-05-15_23:15:32:042- message received - id:0 - topic:mqtt-roundtrip-qos1-10KByte-100-cycles - qos:0 - size:10240
2018-05-15_23:15:32:042- message sent - id:0 - topic:mqtt-roundtrip-qos1-10KByte-100-cycles_2 - qos:0 - size:10240
2018-05-15_23:15:32:045- message received - id:0 - topic:mqtt-roundtrip-qos1-10KByte-100-cycles - qos:0 - size:10240
2018-05-15_23:15:32:045- message sent - id:0 - topic:mqtt-roundtrip-qos1-10KByte-100-cycles_2 - qos:0 - size:10240
2018-05-15_23:15:32:047- message received - id:0 - topic:mqtt-roundtrip-qos1-10KByte-100-cycles - qos:0 - size:10240
2018-05-15_23:15:32:047- message sent - id:0 - topic:mqtt-roundtrip-qos1-10KByte-100-cycles_2 - qos:0 - size:10240
2018-05-15_23:15:32:049- message received - id:0 - topic:mqtt-roundtrip-qos1-10KByte-100-cycles - qos:0 - size:10240
2018-05-15_23:15:32:049- message sent - id:0 - topic:mqtt-roundtrip-qos1-10KByte-100-cycles_2 - qos:0 - size:10240
2018-05-15_23:15:32:052- message received - id:0 - topic:mqtt-roundtrip-qos1-10KByte-100-cycles - qos:0 - size:10240
2018-05-15_23:15:32:052- message sent - id:0 - topic:mqtt-roundtrip-qos1-10KByte-100-cycles_2 - qos:0 - size:10240
2018-05-15_23:15:32:054- message received - id:0 - topic:mqtt-roundtrip-qos1-10KByte-100-cycles - qos:0 - size:10240
2018-05-15_23:15:32:055- message sent - id:0 - topic:mqtt-roundtrip-qos1-10KByte-100-cycles_2 - qos:0 - size:10240
2018-05-15_23:15:32:056- message received - id:0 - topic:mqtt-roundtrip-qos1-10KByte-100-cycles - qos:0 - size:10240
2018-05-15_23:15:32:056- message sent - id:0 - topic:mqtt-roundtrip-qos1-10KByte-100-cycles_2 - qos:0 - size:10240
2018-05-15_23:15:32:059- message received - id:0 - topic:mqtt-roundtrip-qos1-10KByte-100-cycles - qos:0 - size:10240
2018-05-15_23:15:32:059- message sent - id:0 - topic:mqtt-roundtrip-qos1-10KByte-100-cycles_2 - qos:0 - size:10240
2018-05-15_23:15:32:061- message received - id:0 - topic:mqtt-roundtrip-qos1-10KByte-100-cycles - qos:0 - size:10240
2018-05-15_23:15:32:062- message sent - id:0 - topic:mqtt-roundtrip-qos1-10KByte-100-cycles_2 - qos:0 - size:10240
2018-05-15_23:15:32:063- message received - id:0 - topic:mqtt-roundtrip-qos1-10KByte-100-cycles - qos:0 - size:10240
2018-05-15_23:15:32:064- message sent - id:0 - topic:mqtt-roundtrip-qos1-10KByte-100-cycles_2 - qos:0 - size:10240
2018-05-15_23:15:32:066- message received - id:0 - topic:mqtt-roundtrip-qos1-10KByte-100-cycles - qos:0 - size:10240
2018-05-15_23:15:32:066- message sent - id:0 - topic:mqtt-roundtrip-qos1-10KByte-100-cycles_2 - qos:0 - size:10240
2018-05-15_23:15:32:069- message received - id:0 - topic:mqtt-roundtrip-qos1-10KByte-100-cycles - qos:0 - size:10240
2018-05-15_23:15:32:069- message sent - id:0 - topic:mqtt-roundtrip-qos1-10KByte-100-cycles_2 - qos:0 - size:10240
2018-05-15_23:15:32:071- message received - id:0 - topic:mqtt-roundtrip-qos1-10KByte-100-cycles - qos:0 - size:10240
2018-05-15_23:15:32:071- message sent - id:0 - topic:mqtt-roundtrip-qos1-10KByte-100-cycles_2 - qos:0 - size:10240
2018-05-15_23:15:32:073- message received - id:0 - topic:mqtt-roundtrip-qos1-10KByte-100-cycles - qos:0 - size:10240
2018-05-15_23:15:32:073- message sent - id:0 - topic:mqtt-roundtrip-qos1-10KByte-100-cycles_2 - qos:0 - size:10240
2018-05-15_23:15:32:076- message received - id:0 - topic:mqtt-roundtrip-qos1-10KByte-100-cycles - qos:0 - size:10240
2018-05-15_23:15:32:076- message sent - id:0 - topic:mqtt-roundtrip-qos1-10KByte-100-cycles_2 - qos:0 - size:10240
2018-05-15_23:15:32:078- message received - id:0 - topic:mqtt-roundtrip-qos1-10KByte-100-cycles - qos:0 - size:10240
2018-05-15_23:15:32:078- message sent - id:0 - topic:mqtt-roundtrip-qos1-10KByte-100-cycles_2 - qos:0 - size:10240
2018-05-15_23:15:32:081- message received - id:0 - topic:mqtt-roundtrip-qos1-10KByte-100-cycles - qos:0 - size:10240
2018-05-15_23:15:32:081- message sent - id:0 - topic:mqtt-roundtrip-qos1-10KByte-100-cycles_2 - qos:0 - size:10240
2018-05-15_23:15:32:084- message received - id:0 - topic:mqtt-roundtrip-qos1-10KByte-100-cycles - qos:0 - size:10240
2018-05-15_23:15:32:084- message sent - id:0 - topic:mqtt-roundtrip-qos1-10KByte-100-cycles_2 - qos:0 - size:10240
2018-05-15_23:15:32:085- message received - id:0 - topic:mqtt-roundtrip-qos1-10KByte-100-cycles - qos:0 - size:10240
2018-05-15_23:15:32:085- message sent - id:0 - topic:mqtt-roundtrip-qos1-10KByte-100-cycles_2 - qos:0 - size:10240
2018-05-15_23:15:32:085- message received - id:0 - topic:mqtt-roundtrip-qos1-10KByte-100-cycles - qos:0 - size:10240
2018-05-15_23:15:32:086- message sent - id:0 - topic:mqtt-roundtrip-qos1-10KByte-100-cycles_2 - qos:0 - size:10240
2018-05-15_23:15:32:087- message received - id:0 - topic:mqtt-roundtrip-qos1-10KByte-100-cycles - qos:0 - size:10240
2018-05-15_23:15:32:087- message sent - id:0 - topic:mqtt-roundtrip-qos1-10KByte-100-cycles_2 - qos:0 - size:10240
2018-05-15_23:15:32:089- message received - id:0 - topic:mqtt-roundtrip-qos1-10KByte-100-cycles - qos:0 - size:10240
2018-05-15_23:15:32:089- message sent - id:0 - topic:mqtt-roundtrip-qos1-10KByte-100-cycles_2 - qos:0 - size:10240
2018-05-15_23:15:32:090- message received - id:0 - topic:mqtt-roundtrip-qos1-10KByte-100-cycles - qos:0 - size:10240
2018-05-15_23:15:32:090- message sent - id:0 - topic:mqtt-roundtrip-qos1-10KByte-100-cycles_2 - qos:0 - size:10240
2018-05-15_23:15:32:092- message received - id:0 - topic:mqtt-roundtrip-qos1-10KByte-100-cycles - qos:0 - size:10240
2018-05-15_23:15:32:092- message sent - id:0 - topic:mqtt-roundtrip-qos1-10KByte-100-cycles_2 - qos:0 - size:10240
2018-05-15_23:15:32:094- message received - id:0 - topic:mqtt-roundtrip-qos1-10KByte-100-cycles - qos:0 - size:10240
2018-05-15_23:15:32:094- message sent - id:0 - topic:mqtt-roundtrip-qos1-10KByte-100-cycles_2 - qos:0 - size:10240
2018-05-15_23:15:32:096- message received - id:0 - topic:mqtt-roundtrip-qos1-10KByte-100-cycles - qos:0 - size:10240
2018-05-15_23:15:32:096- message sent - id:0 - topic:mqtt-roundtrip-qos1-10KByte-100-cycles_2 - qos:0 - size:10240
2018-05-15_23:15:32:097- message received - id:0 - topic:mqtt-roundtrip-qos1-10KByte-100-cycles - qos:0 - size:10240
2018-05-15_23:15:32:097- message sent - id:0 - topic:mqtt-roundtrip-qos1-10KByte-100-cycles_2 - qos:0 - size:10240
2018-05-15_23:15:32:099- message received - id:0 - topic:mqtt-roundtrip-qos1-10KByte-100-cycles - qos:0 - size:10240
2018-05-15_23:15:32:099- message sent - id:0 - topic:mqtt-roundtrip-qos1-10KByte-100-cycles_2 - qos:0 - size:10240
2018-05-15_23:15:32:101- message received - id:0 - topic:mqtt-roundtrip-qos1-10KByte-100-cycles - qos:0 - size:10240
2018-05-15_23:15:32:102- message sent - id:0 - topic:mqtt-roundtrip-qos1-10KByte-100-cycles_2 - qos:0 - size:10240
2018-05-15_23:15:32:103- message received - id:0 - topic:mqtt-roundtrip-qos1-10KByte-100-cycles - qos:0 - size:10240
2018-05-15_23:15:32:103- message sent - id:0 - topic:mqtt-roundtrip-qos1-10KByte-100-cycles_2 - qos:0 - size:10240
2018-05-15_23:15:32:104- message received - id:0 - topic:mqtt-roundtrip-qos1-10KByte-100-cycles - qos:0 - size:10240
2018-05-15_23:15:32:105- message sent - id:0 - topic:mqtt-roundtrip-qos1-10KByte-100-cycles_2 - qos:0 - size:10240
2018-05-15_23:15:32:106- message received - id:0 - topic:mqtt-roundtrip-qos1-10KByte-100-cycles - qos:0 - size:10240
2018-05-15_23:15:32:106- message sent - id:0 - topic:mqtt-roundtrip-qos1-10KByte-100-cycles_2 - qos:0 - size:10240
2018-05-15_23:15:32:108- message received - id:0 - topic:mqtt-roundtrip-qos1-10KByte-100-cycles - qos:0 - size:10240
2018-05-15_23:15:32:108- message sent - id:0 - topic:mqtt-roundtrip-qos1-10KByte-100-cycles_2 - qos:0 - size:10240
2018-05-15_23:15:32:110- message received - id:0 - topic:mqtt-roundtrip-qos1-10KByte-100-cycles - qos:0 - size:10240
2018-05-15_23:15:32:110- message sent - id:0 - topic:mqtt-roundtrip-qos1-10KByte-100-cycles_2 - qos:0 - size:10240
2018-05-15_23:15:32:111- message received - id:0 - topic:mqtt-roundtrip-qos1-10KByte-100-cycles - qos:0 - size:10240
2018-05-15_23:15:32:112- message sent - id:0 - topic:mqtt-roundtrip-qos1-10KByte-100-cycles_2 - qos:0 - size:10240
2018-05-15_23:15:32:113- message received - id:0 - topic:mqtt-roundtrip-qos1-10KByte-100-cycles - qos:0 - size:10240
2018-05-15_23:15:32:113- message sent - id:0 - topic:mqtt-roundtrip-qos1-10KByte-100-cycles_2 - qos:0 - size:10240
2018-05-15_23:15:32:115- message received - id:0 - topic:mqtt-roundtrip-qos1-10KByte-100-cycles - qos:0 - size:10240
2018-05-15_23:15:32:115- message sent - id:0 - topic:mqtt-roundtrip-qos1-10KByte-100-cycles_2 - qos:0 - size:10240
2018-05-15_23:15:32:117- message received - id:0 - topic:mqtt-roundtrip-qos1-10KByte-100-cycles - qos:0 - size:10240
2018-05-15_23:15:32:117- message sent - id:0 - topic:mqtt-roundtrip-qos1-10KByte-100-cycles_2 - qos:0 - size:10240
2018-05-15_23:15:32:118- message received - id:0 - topic:mqtt-roundtrip-qos1-10KByte-100-cycles - qos:0 - size:10240
2018-05-15_23:15:32:118- message sent - id:0 - topic:mqtt-roundtrip-qos1-10KByte-100-cycles_2 - qos:0 - size:10240
2018-05-15_23:15:32:121- message received - id:0 - topic:mqtt-roundtrip-qos1-10KByte-100-cycles - qos:0 - size:10240
2018-05-15_23:15:32:121- message sent - id:0 - topic:mqtt-roundtrip-qos1-10KByte-100-cycles_2 - qos:0 - size:10240
2018-05-15_23:15:32:121- message received - id:0 - topic:mqtt-roundtrip-qos1-10KByte-100-cycles - qos:0 - size:10240
2018-05-15_23:15:32:122- message sent - id:0 - topic:mqtt-roundtrip-qos1-10KByte-100-cycles_2 - qos:0 - size:10240
2018-05-15_23:15:32:123- message received - id:0 - topic:mqtt-roundtrip-qos1-10KByte-100-cycles - qos:0 - size:10240
2018-05-15_23:15:32:123- message sent - id:0 - topic:mqtt-roundtrip-qos1-10KByte-100-cycles_2 - qos:0 - size:10240
2018-05-15_23:15:32:125- message received - id:0 - topic:mqtt-roundtrip-qos1-10KByte-100-cycles - qos:0 - size:10240
2018-05-15_23:15:32:125- message sent - id:0 - topic:mqtt-roundtrip-qos1-10KByte-100-cycles_2 - qos:0 - size:10240
2018-05-15_23:15:32:127- message received - id:0 - topic:mqtt-roundtrip-qos1-10KByte-100-cycles - qos:0 - size:10240
2018-05-15_23:15:32:127- message sent - id:0 - topic:mqtt-roundtrip-qos1-10KByte-100-cycles_2 - qos:0 - size:10240
2018-05-15_23:15:32:128- message received - id:0 - topic:mqtt-roundtrip-qos1-10KByte-100-cycles - qos:0 - size:10240
2018-05-15_23:15:32:129- message sent - id:0 - topic:mqtt-roundtrip-qos1-10KByte-100-cycles_2 - qos:0 - size:10240
2018-05-15_23:15:32:129- message received - id:0 - topic:mqtt-roundtrip-qos1-10KByte-100-cycles - qos:0 - size:10240
2018-05-15_23:15:32:129- message sent - id:0 - topic:mqtt-roundtrip-qos1-10KByte-100-cycles_2 - qos:0 - size:10240
2018-05-15_23:15:32:132- message received - id:0 - topic:mqtt-roundtrip-qos1-10KByte-100-cycles - qos:0 - size:10240
2018-05-15_23:15:32:132- message sent - id:0 - topic:mqtt-roundtrip-qos1-10KByte-100-cycles_2 - qos:0 - size:10240
2018-05-15_23:15:32:133- message received - id:0 - topic:mqtt-roundtrip-qos1-10KByte-100-cycles - qos:0 - size:10240
2018-05-15_23:15:32:133- message sent - id:0 - topic:mqtt-roundtrip-qos1-10KByte-100-cycles_2 - qos:0 - size:10240
2018-05-15_23:15:32:135- message received - id:0 - topic:mqtt-roundtrip-qos1-10KByte-100-cycles - qos:0 - size:10240
2018-05-15_23:15:32:135- message sent - id:0 - topic:mqtt-roundtrip-qos1-10KByte-100-cycles_2 - qos:0 - size:10240
2018-05-15_23:15:32:136- message received - id:0 - topic:mqtt-roundtrip-qos1-10KByte-100-cycles - qos:0 - size:10240
2018-05-15_23:15:32:136- message sent - id:0 - topic:mqtt-roundtrip-qos1-10KByte-100-cycles_2 - qos:0 - size:10240
2018-05-15_23:15:32:138- message received - id:0 - topic:mqtt-roundtrip-qos1-10KByte-100-cycles - qos:0 - size:10240
2018-05-15_23:15:32:138- message sent - id:0 - topic:mqtt-roundtrip-qos1-10KByte-100-cycles_2 - qos:0 - size:10240
2018-05-15_23:15:32:139- message received - id:0 - topic:mqtt-roundtrip-qos1-10KByte-100-cycles - qos:0 - size:10240
2018-05-15_23:15:32:140- message sent - id:0 - topic:mqtt-roundtrip-qos1-10KByte-100-cycles_2 - qos:0 - size:10240
2018-05-15_23:15:32:141- message received - id:0 - topic:mqtt-roundtrip-qos1-10KByte-100-cycles - qos:0 - size:10240
2018-05-15_23:15:32:141- message sent - id:0 - topic:mqtt-roundtrip-qos1-10KByte-100-cycles_2 - qos:0 - size:10240
2018-05-15_23:15:32:143- message received - id:0 - topic:mqtt-roundtrip-qos1-10KByte-100-cycles - qos:0 - size:10240
2018-05-15_23:15:32:143- message sent - id:0 - topic:mqtt-roundtrip-qos1-10KByte-100-cycles_2 - qos:0 - size:10240
2018-05-15_23:15:32:145- message received - id:0 - topic:mqtt-roundtrip-qos1-10KByte-100-cycles - qos:0 - size:10240
2018-05-15_23:15:32:145- message sent - id:0 - topic:mqtt-roundtrip-qos1-10KByte-100-cycles_2 - qos:0 - size:10240
2018-05-15_23:15:32:146- message received - id:0 - topic:mqtt-roundtrip-qos1-10KByte-100-cycles - qos:0 - size:10240
2018-05-15_23:15:32:146- message sent - id:0 - topic:mqtt-roundtrip-qos1-10KByte-100-cycles_2 - qos:0 - size:10240
2018-05-15_23:15:32:148- message received - id:0 - topic:mqtt-roundtrip-qos1-10KByte-100-cycles - qos:0 - size:10240
2018-05-15_23:15:32:148- message sent - id:0 - topic:mqtt-roundtrip-qos1-10KByte-100-cycles_2 - qos:0 - size:10240
2018-05-15_23:15:32:150- message received - id:0 - topic:mqtt-roundtrip-qos1-10KByte-100-cycles - qos:0 - size:10240
2018-05-15_23:15:32:150- message sent - id:0 - topic:mqtt-roundtrip-qos1-10KByte-100-cycles_2 - qos:0 - size:10240
2018-05-15_23:15:32:151- message received - id:0 - topic:mqtt-roundtrip-qos1-10KByte-100-cycles - qos:0 - size:10240
2018-05-15_23:15:32:151- message sent - id:0 - topic:mqtt-roundtrip-qos1-10KByte-100-cycles_2 - qos:0 - size:10240
2018-05-15_23:15:32:153- message received - id:0 - topic:mqtt-roundtrip-qos1-10KByte-100-cycles - qos:0 - size:10240
2018-05-15_23:15:32:153- message sent - id:0 - topic:mqtt-roundtrip-qos1-10KByte-100-cycles_2 - qos:0 - size:10240
2018-05-15_23:15:32:155- message received - id:0 - topic:mqtt-roundtrip-qos1-10KByte-100-cycles - qos:0 - size:10240
2018-05-15_23:15:32:155- message sent - id:0 - topic:mqtt-roundtrip-qos1-10KByte-100-cycles_2 - qos:0 - size:10240
2018-05-15_23:15:32:156- message received - id:0 - topic:mqtt-roundtrip-qos1-10KByte-100-cycles - qos:0 - size:10240
2018-05-15_23:15:32:157- message sent - id:0 - topic:mqtt-roundtrip-qos1-10KByte-100-cycles_2 - qos:0 - size:10240
2018-05-15_23:15:32:158- message received - id:0 - topic:mqtt-roundtrip-qos1-10KByte-100-cycles - qos:0 - size:10240
2018-05-15_23:15:32:158- message sent - id:0 - topic:mqtt-roundtrip-qos1-10KByte-100-cycles_2 - qos:0 - size:10240
2018-05-15_23:15:32:160- message received - id:0 - topic:mqtt-roundtrip-qos1-10KByte-100-cycles - qos:0 - size:10240
2018-05-15_23:15:32:160- message sent - id:0 - topic:mqtt-roundtrip-qos1-10KByte-100-cycles_2 - qos:0 - size:10240
2018-05-15_23:15:32:161- message received - id:0 - topic:mqtt-roundtrip-qos1-10KByte-100-cycles - qos:0 - size:10240
2018-05-15_23:15:32:162- message sent - id:0 - topic:mqtt-roundtrip-qos1-10KByte-100-cycles_2 - qos:0 - size:10240
2018-05-15_23:15:32:163- message received - id:0 - topic:mqtt-roundtrip-qos1-10KByte-100-cycles - qos:0 - size:10240
2018-05-15_23:15:32:163- message sent - id:0 - topic:mqtt-roundtrip-qos1-10KByte-100-cycles_2 - qos:0 - size:10240
2018-05-15_23:15:32:165- message received - id:0 - topic:mqtt-roundtrip-qos1-10KByte-100-cycles - qos:0 - size:10240
2018-05-15_23:15:32:165- message sent - id:0 - topic:mqtt-roundtrip-qos1-10KByte-100-cycles_2 - qos:0 - size:10240
2018-05-15_23:15:32:166- message received - id:0 - topic:mqtt-roundtrip-qos1-10KByte-100-cycles - qos:0 - size:10240
2018-05-15_23:15:32:167- message sent - id:0 - topic:mqtt-roundtrip-qos1-10KByte-100-cycles_2 - qos:0 - size:10240
2018-05-15_23:15:32:168- message received - id:0 - topic:mqtt-roundtrip-qos1-10KByte-100-cycles - qos:0 - size:10240
2018-05-15_23:15:32:168- message sent - id:0 - topic:mqtt-roundtrip-qos1-10KByte-100-cycles_2 - qos:0 - size:10240
2018-05-15_23:15:32:169- message received - id:0 - topic:mqtt-roundtrip-qos1-10KByte-100-cycles - qos:0 - size:10240
2018-05-15_23:15:32:170- message sent - id:0 - topic:mqtt-roundtrip-qos1-10KByte-100-cycles_2 - qos:0 - size:10240
2018-05-15_23:15:32:171- message received - id:0 - topic:mqtt-roundtrip-qos1-10KByte-100-cycles - qos:0 - size:10240
2018-05-15_23:15:32:171- message sent - id:0 - topic:mqtt-roundtrip-qos1-10KByte-100-cycles_2 - qos:0 - size:10240
