2018-05-17_21:16:23:186- connecting to broker 192.168.1.100:1883
2018-05-17_21:16:23:187- Subscribing to topic mqtt-roundtrip-qos0-100KByte-100-cycles_2
2018-05-17_21:16:23:187- subscribe returned (0, 1)
2018-05-17_21:16:23:187- Performing message publishing for 100 cycles
2018-05-17_21:16:23:188- message sent - topic:mqtt-roundtrip-qos0-100KByte-100-cycles - qos:0 - id:000000
2018-05-17_21:16:23:188- message sent - topic:mqtt-roundtrip-qos0-100KByte-100-cycles - qos:0 - id:000001
2018-05-17_21:16:23:188- message sent - topic:mqtt-roundtrip-qos0-100KByte-100-cycles - qos:0 - id:000002
2018-05-17_21:16:23:188- Client connected to broker
2018-05-17_21:16:23:189- message sent - topic:mqtt-roundtrip-qos0-100KByte-100-cycles - qos:0 - id:000003
2018-05-17_21:16:23:189- message sent - topic:mqtt-roundtrip-qos0-100KByte-100-cycles - qos:0 - id:000004
2018-05-17_21:16:23:189- message sent - topic:mqtt-roundtrip-qos0-100KByte-100-cycles - qos:0 - id:000005
2018-05-17_21:16:23:189- message sent - topic:mqtt-roundtrip-qos0-100KByte-100-cycles - qos:0 - id:000006
2018-05-17_21:16:23:190- message sent - topic:mqtt-roundtrip-qos0-100KByte-100-cycles - qos:0 - id:000007
2018-05-17_21:16:23:190- message sent - topic:mqtt-roundtrip-qos0-100KByte-100-cycles - qos:0 - id:000008
2018-05-17_21:16:23:190- message sent - topic:mqtt-roundtrip-qos0-100KByte-100-cycles - qos:0 - id:000009
2018-05-17_21:16:23:191- message sent - topic:mqtt-roundtrip-qos0-100KByte-100-cycles - qos:0 - id:000010
2018-05-17_21:16:23:191- message sent - topic:mqtt-roundtrip-qos0-100KByte-100-cycles - qos:0 - id:000011
2018-05-17_21:16:23:191- message sent - topic:mqtt-roundtrip-qos0-100KByte-100-cycles - qos:0 - id:000012
2018-05-17_21:16:23:191- message sent - topic:mqtt-roundtrip-qos0-100KByte-100-cycles - qos:0 - id:000013
2018-05-17_21:16:23:192- message sent - topic:mqtt-roundtrip-qos0-100KByte-100-cycles - qos:0 - id:000014
2018-05-17_21:16:23:192- message sent - topic:mqtt-roundtrip-qos0-100KByte-100-cycles - qos:0 - id:000015
2018-05-17_21:16:23:192- message sent - topic:mqtt-roundtrip-qos0-100KByte-100-cycles - qos:0 - id:000016
2018-05-17_21:16:23:192- message sent - topic:mqtt-roundtrip-qos0-100KByte-100-cycles - qos:0 - id:000017
2018-05-17_21:16:23:193- message sent - topic:mqtt-roundtrip-qos0-100KByte-100-cycles - qos:0 - id:000018
2018-05-17_21:16:23:193- message sent - topic:mqtt-roundtrip-qos0-100KByte-100-cycles - qos:0 - id:000019
2018-05-17_21:16:23:193- message sent - topic:mqtt-roundtrip-qos0-100KByte-100-cycles - qos:0 - id:000020
2018-05-17_21:16:23:193- message sent - topic:mqtt-roundtrip-qos0-100KByte-100-cycles - qos:0 - id:000021
2018-05-17_21:16:23:194- message sent - topic:mqtt-roundtrip-qos0-100KByte-100-cycles - qos:0 - id:000022
2018-05-17_21:16:23:194- message sent - topic:mqtt-roundtrip-qos0-100KByte-100-cycles - qos:0 - id:000023
2018-05-17_21:16:23:194- message sent - topic:mqtt-roundtrip-qos0-100KByte-100-cycles - qos:0 - id:000024
2018-05-17_21:16:23:194- message sent - topic:mqtt-roundtrip-qos0-100KByte-100-cycles - qos:0 - id:000025
2018-05-17_21:16:23:195- message sent - topic:mqtt-roundtrip-qos0-100KByte-100-cycles - qos:0 - id:000026
2018-05-17_21:16:23:195- message sent - topic:mqtt-roundtrip-qos0-100KByte-100-cycles - qos:0 - id:000027
2018-05-17_21:16:23:195- message sent - topic:mqtt-roundtrip-qos0-100KByte-100-cycles - qos:0 - id:000028
2018-05-17_21:16:23:195- message sent - topic:mqtt-roundtrip-qos0-100KByte-100-cycles - qos:0 - id:000029
2018-05-17_21:16:23:196- message sent - topic:mqtt-roundtrip-qos0-100KByte-100-cycles - qos:0 - id:000030
2018-05-17_21:16:23:196- message sent - topic:mqtt-roundtrip-qos0-100KByte-100-cycles - qos:0 - id:000031
2018-05-17_21:16:23:196- message sent - topic:mqtt-roundtrip-qos0-100KByte-100-cycles - qos:0 - id:000032
2018-05-17_21:16:23:197- message sent - topic:mqtt-roundtrip-qos0-100KByte-100-cycles - qos:0 - id:000033
2018-05-17_21:16:23:197- message sent - topic:mqtt-roundtrip-qos0-100KByte-100-cycles - qos:0 - id:000034
2018-05-17_21:16:23:197- message sent - topic:mqtt-roundtrip-qos0-100KByte-100-cycles - qos:0 - id:000035
2018-05-17_21:16:23:197- message sent - topic:mqtt-roundtrip-qos0-100KByte-100-cycles - qos:0 - id:000036
2018-05-17_21:16:23:197- message sent - topic:mqtt-roundtrip-qos0-100KByte-100-cycles - qos:0 - id:000037
2018-05-17_21:16:23:198- message sent - topic:mqtt-roundtrip-qos0-100KByte-100-cycles - qos:0 - id:000038
2018-05-17_21:16:23:198- message sent - topic:mqtt-roundtrip-qos0-100KByte-100-cycles - qos:0 - id:000039
2018-05-17_21:16:23:198- message sent - topic:mqtt-roundtrip-qos0-100KByte-100-cycles - qos:0 - id:000040
2018-05-17_21:16:23:198- message sent - topic:mqtt-roundtrip-qos0-100KByte-100-cycles - qos:0 - id:000041
2018-05-17_21:16:23:199- message sent - topic:mqtt-roundtrip-qos0-100KByte-100-cycles - qos:0 - id:000042
2018-05-17_21:16:23:199- message sent - topic:mqtt-roundtrip-qos0-100KByte-100-cycles - qos:0 - id:000043
2018-05-17_21:16:23:199- message sent - topic:mqtt-roundtrip-qos0-100KByte-100-cycles - qos:0 - id:000044
2018-05-17_21:16:23:199- message sent - topic:mqtt-roundtrip-qos0-100KByte-100-cycles - qos:0 - id:000045
2018-05-17_21:16:23:200- message sent - topic:mqtt-roundtrip-qos0-100KByte-100-cycles - qos:0 - id:000046
2018-05-17_21:16:23:200- message sent - topic:mqtt-roundtrip-qos0-100KByte-100-cycles - qos:0 - id:000047
2018-05-17_21:16:23:200- message sent - topic:mqtt-roundtrip-qos0-100KByte-100-cycles - qos:0 - id:000048
2018-05-17_21:16:23:201- message sent - topic:mqtt-roundtrip-qos0-100KByte-100-cycles - qos:0 - id:000049
2018-05-17_21:16:23:201- message sent - topic:mqtt-roundtrip-qos0-100KByte-100-cycles - qos:0 - id:000050
2018-05-17_21:16:23:201- message sent - topic:mqtt-roundtrip-qos0-100KByte-100-cycles - qos:0 - id:000051
2018-05-17_21:16:23:202- message sent - topic:mqtt-roundtrip-qos0-100KByte-100-cycles - qos:0 - id:000052
2018-05-17_21:16:23:202- message sent - topic:mqtt-roundtrip-qos0-100KByte-100-cycles - qos:0 - id:000053
2018-05-17_21:16:23:202- message sent - topic:mqtt-roundtrip-qos0-100KByte-100-cycles - qos:0 - id:000054
2018-05-17_21:16:23:203- message sent - topic:mqtt-roundtrip-qos0-100KByte-100-cycles - qos:0 - id:000055
2018-05-17_21:16:23:203- message sent - topic:mqtt-roundtrip-qos0-100KByte-100-cycles - qos:0 - id:000056
2018-05-17_21:16:23:204- message sent - topic:mqtt-roundtrip-qos0-100KByte-100-cycles - qos:0 - id:000057
2018-05-17_21:16:23:204- message sent - topic:mqtt-roundtrip-qos0-100KByte-100-cycles - qos:0 - id:000058
2018-05-17_21:16:23:204- message sent - topic:mqtt-roundtrip-qos0-100KByte-100-cycles - qos:0 - id:000059
2018-05-17_21:16:23:204- message sent - topic:mqtt-roundtrip-qos0-100KByte-100-cycles - qos:0 - id:000060
2018-05-17_21:16:23:205- message sent - topic:mqtt-roundtrip-qos0-100KByte-100-cycles - qos:0 - id:000061
2018-05-17_21:16:23:205- message sent - topic:mqtt-roundtrip-qos0-100KByte-100-cycles - qos:0 - id:000062
2018-05-17_21:16:23:205- message sent - topic:mqtt-roundtrip-qos0-100KByte-100-cycles - qos:0 - id:000063
2018-05-17_21:16:23:205- message sent - topic:mqtt-roundtrip-qos0-100KByte-100-cycles - qos:0 - id:000064
2018-05-17_21:16:23:206- message sent - topic:mqtt-roundtrip-qos0-100KByte-100-cycles - qos:0 - id:000065
2018-05-17_21:16:23:206- message sent - topic:mqtt-roundtrip-qos0-100KByte-100-cycles - qos:0 - id:000066
2018-05-17_21:16:23:206- message sent - topic:mqtt-roundtrip-qos0-100KByte-100-cycles - qos:0 - id:000067
2018-05-17_21:16:23:206- message sent - topic:mqtt-roundtrip-qos0-100KByte-100-cycles - qos:0 - id:000068
2018-05-17_21:16:23:207- message sent - topic:mqtt-roundtrip-qos0-100KByte-100-cycles - qos:0 - id:000069
2018-05-17_21:16:23:207- message sent - topic:mqtt-roundtrip-qos0-100KByte-100-cycles - qos:0 - id:000070
2018-05-17_21:16:23:207- message sent - topic:mqtt-roundtrip-qos0-100KByte-100-cycles - qos:0 - id:000071
2018-05-17_21:16:23:207- message sent - topic:mqtt-roundtrip-qos0-100KByte-100-cycles - qos:0 - id:000072
2018-05-17_21:16:23:208- message sent - topic:mqtt-roundtrip-qos0-100KByte-100-cycles - qos:0 - id:000073
2018-05-17_21:16:23:208- message sent - topic:mqtt-roundtrip-qos0-100KByte-100-cycles - qos:0 - id:000074
2018-05-17_21:16:23:208- message sent - topic:mqtt-roundtrip-qos0-100KByte-100-cycles - qos:0 - id:000075
2018-05-17_21:16:23:209- message sent - topic:mqtt-roundtrip-qos0-100KByte-100-cycles - qos:0 - id:000076
2018-05-17_21:16:23:209- message sent - topic:mqtt-roundtrip-qos0-100KByte-100-cycles - qos:0 - id:000077
2018-05-17_21:16:23:209- message sent - topic:mqtt-roundtrip-qos0-100KByte-100-cycles - qos:0 - id:000078
2018-05-17_21:16:23:210- message sent - topic:mqtt-roundtrip-qos0-100KByte-100-cycles - qos:0 - id:000079
2018-05-17_21:16:23:210- message sent - topic:mqtt-roundtrip-qos0-100KByte-100-cycles - qos:0 - id:000080
2018-05-17_21:16:23:210- message sent - topic:mqtt-roundtrip-qos0-100KByte-100-cycles - qos:0 - id:000081
2018-05-17_21:16:23:210- message sent - topic:mqtt-roundtrip-qos0-100KByte-100-cycles - qos:0 - id:000082
2018-05-17_21:16:23:211- message sent - topic:mqtt-roundtrip-qos0-100KByte-100-cycles - qos:0 - id:000083
2018-05-17_21:16:23:211- message sent - topic:mqtt-roundtrip-qos0-100KByte-100-cycles - qos:0 - id:000084
2018-05-17_21:16:23:211- message sent - topic:mqtt-roundtrip-qos0-100KByte-100-cycles - qos:0 - id:000085
2018-05-17_21:16:23:211- message sent - topic:mqtt-roundtrip-qos0-100KByte-100-cycles - qos:0 - id:000086
2018-05-17_21:16:23:212- message sent - topic:mqtt-roundtrip-qos0-100KByte-100-cycles - qos:0 - id:000087
2018-05-17_21:16:23:212- message sent - topic:mqtt-roundtrip-qos0-100KByte-100-cycles - qos:0 - id:000088
2018-05-17_21:16:23:212- message sent - topic:mqtt-roundtrip-qos0-100KByte-100-cycles - qos:0 - id:000089
2018-05-17_21:16:23:213- message sent - topic:mqtt-roundtrip-qos0-100KByte-100-cycles - qos:0 - id:000090
2018-05-17_21:16:23:213- message sent - topic:mqtt-roundtrip-qos0-100KByte-100-cycles - qos:0 - id:000091
2018-05-17_21:16:23:214- message sent - topic:mqtt-roundtrip-qos0-100KByte-100-cycles - qos:0 - id:000092
2018-05-17_21:16:23:215- message sent - topic:mqtt-roundtrip-qos0-100KByte-100-cycles - qos:0 - id:000093
2018-05-17_21:16:23:215- message sent - topic:mqtt-roundtrip-qos0-100KByte-100-cycles - qos:0 - id:000094
2018-05-17_21:16:23:215- message sent - topic:mqtt-roundtrip-qos0-100KByte-100-cycles - qos:0 - id:000095
2018-05-17_21:16:23:216- message sent - topic:mqtt-roundtrip-qos0-100KByte-100-cycles - qos:0 - id:000096
2018-05-17_21:16:23:216- message sent - topic:mqtt-roundtrip-qos0-100KByte-100-cycles - qos:0 - id:000097
2018-05-17_21:16:23:216- message sent - topic:mqtt-roundtrip-qos0-100KByte-100-cycles - qos:0 - id:000098
2018-05-17_21:16:23:216- message sent - topic:mqtt-roundtrip-qos0-100KByte-100-cycles - qos:0 - id:000099
2018-05-17_21:16:23:270- message received - topic:mqtt-roundtrip-qos0-100KByte-100-cycles_2 - qos:0 - size:102406 - id:000000
2018-05-17_21:16:23:302- message received - topic:mqtt-roundtrip-qos0-100KByte-100-cycles_2 - qos:0 - size:102406 - id:000001
2018-05-17_21:16:23:328- message received - topic:mqtt-roundtrip-qos0-100KByte-100-cycles_2 - qos:0 - size:102406 - id:000002
2018-05-17_21:16:23:347- message received - topic:mqtt-roundtrip-qos0-100KByte-100-cycles_2 - qos:0 - size:102406 - id:000003
2018-05-17_21:16:23:365- message received - topic:mqtt-roundtrip-qos0-100KByte-100-cycles_2 - qos:0 - size:102406 - id:000004
2018-05-17_21:16:23:385- message received - topic:mqtt-roundtrip-qos0-100KByte-100-cycles_2 - qos:0 - size:102406 - id:000005
2018-05-17_21:16:23:405- message received - topic:mqtt-roundtrip-qos0-100KByte-100-cycles_2 - qos:0 - size:102406 - id:000006
2018-05-17_21:16:23:423- message received - topic:mqtt-roundtrip-qos0-100KByte-100-cycles_2 - qos:0 - size:102406 - id:000007
2018-05-17_21:16:23:442- message received - topic:mqtt-roundtrip-qos0-100KByte-100-cycles_2 - qos:0 - size:102406 - id:000008
2018-05-17_21:16:23:461- message received - topic:mqtt-roundtrip-qos0-100KByte-100-cycles_2 - qos:0 - size:102406 - id:000009
2018-05-17_21:16:23:481- message received - topic:mqtt-roundtrip-qos0-100KByte-100-cycles_2 - qos:0 - size:102406 - id:000010
2018-05-17_21:16:23:499- message received - topic:mqtt-roundtrip-qos0-100KByte-100-cycles_2 - qos:0 - size:102406 - id:000011
2018-05-17_21:16:23:519- message received - topic:mqtt-roundtrip-qos0-100KByte-100-cycles_2 - qos:0 - size:102406 - id:000012
2018-05-17_21:16:23:538- message received - topic:mqtt-roundtrip-qos0-100KByte-100-cycles_2 - qos:0 - size:102406 - id:000013
2018-05-17_21:16:23:556- message received - topic:mqtt-roundtrip-qos0-100KByte-100-cycles_2 - qos:0 - size:102406 - id:000014
2018-05-17_21:16:23:576- message received - topic:mqtt-roundtrip-qos0-100KByte-100-cycles_2 - qos:0 - size:102406 - id:000015
2018-05-17_21:16:23:595- message received - topic:mqtt-roundtrip-qos0-100KByte-100-cycles_2 - qos:0 - size:102406 - id:000016
2018-05-17_21:16:23:614- message received - topic:mqtt-roundtrip-qos0-100KByte-100-cycles_2 - qos:0 - size:102406 - id:000017
2018-05-17_21:16:23:633- message received - topic:mqtt-roundtrip-qos0-100KByte-100-cycles_2 - qos:0 - size:102406 - id:000018
2018-05-17_21:16:23:652- message received - topic:mqtt-roundtrip-qos0-100KByte-100-cycles_2 - qos:0 - size:102406 - id:000019
2018-05-17_21:16:23:671- message received - topic:mqtt-roundtrip-qos0-100KByte-100-cycles_2 - qos:0 - size:102406 - id:000020
2018-05-17_21:16:23:689- message received - topic:mqtt-roundtrip-qos0-100KByte-100-cycles_2 - qos:0 - size:102406 - id:000021
2018-05-17_21:16:23:707- message received - topic:mqtt-roundtrip-qos0-100KByte-100-cycles_2 - qos:0 - size:102406 - id:000022
2018-05-17_21:16:23:725- message received - topic:mqtt-roundtrip-qos0-100KByte-100-cycles_2 - qos:0 - size:102406 - id:000023
2018-05-17_21:16:23:744- message received - topic:mqtt-roundtrip-qos0-100KByte-100-cycles_2 - qos:0 - size:102406 - id:000024
2018-05-17_21:16:23:762- message received - topic:mqtt-roundtrip-qos0-100KByte-100-cycles_2 - qos:0 - size:102406 - id:000025
2018-05-17_21:16:23:781- message received - topic:mqtt-roundtrip-qos0-100KByte-100-cycles_2 - qos:0 - size:102406 - id:000026
2018-05-17_21:16:23:800- message received - topic:mqtt-roundtrip-qos0-100KByte-100-cycles_2 - qos:0 - size:102406 - id:000027
2018-05-17_21:16:23:819- message received - topic:mqtt-roundtrip-qos0-100KByte-100-cycles_2 - qos:0 - size:102406 - id:000028
2018-05-17_21:16:23:838- message received - topic:mqtt-roundtrip-qos0-100KByte-100-cycles_2 - qos:0 - size:102406 - id:000029
2018-05-17_21:16:23:858- message received - topic:mqtt-roundtrip-qos0-100KByte-100-cycles_2 - qos:0 - size:102406 - id:000030
2018-05-17_21:16:23:878- message received - topic:mqtt-roundtrip-qos0-100KByte-100-cycles_2 - qos:0 - size:102406 - id:000031
2018-05-17_21:16:23:897- message received - topic:mqtt-roundtrip-qos0-100KByte-100-cycles_2 - qos:0 - size:102406 - id:000032
2018-05-17_21:16:23:916- message received - topic:mqtt-roundtrip-qos0-100KByte-100-cycles_2 - qos:0 - size:102406 - id:000033
2018-05-17_21:16:23:935- message received - topic:mqtt-roundtrip-qos0-100KByte-100-cycles_2 - qos:0 - size:102406 - id:000034
2018-05-17_21:16:23:955- message received - topic:mqtt-roundtrip-qos0-100KByte-100-cycles_2 - qos:0 - size:102406 - id:000035
2018-05-17_21:16:23:975- message received - topic:mqtt-roundtrip-qos0-100KByte-100-cycles_2 - qos:0 - size:102406 - id:000036
2018-05-17_21:16:23:993- message received - topic:mqtt-roundtrip-qos0-100KByte-100-cycles_2 - qos:0 - size:102406 - id:000037
2018-05-17_21:16:24:013- message received - topic:mqtt-roundtrip-qos0-100KByte-100-cycles_2 - qos:0 - size:102406 - id:000038
2018-05-17_21:16:24:032- message received - topic:mqtt-roundtrip-qos0-100KByte-100-cycles_2 - qos:0 - size:102406 - id:000039
2018-05-17_21:16:24:051- message received - topic:mqtt-roundtrip-qos0-100KByte-100-cycles_2 - qos:0 - size:102406 - id:000040
2018-05-17_21:16:24:071- message received - topic:mqtt-roundtrip-qos0-100KByte-100-cycles_2 - qos:0 - size:102406 - id:000041
2018-05-17_21:16:24:090- message received - topic:mqtt-roundtrip-qos0-100KByte-100-cycles_2 - qos:0 - size:102406 - id:000042
2018-05-17_21:16:24:109- message received - topic:mqtt-roundtrip-qos0-100KByte-100-cycles_2 - qos:0 - size:102406 - id:000043
2018-05-17_21:16:24:128- message received - topic:mqtt-roundtrip-qos0-100KByte-100-cycles_2 - qos:0 - size:102406 - id:000044
2018-05-17_21:16:24:147- message received - topic:mqtt-roundtrip-qos0-100KByte-100-cycles_2 - qos:0 - size:102406 - id:000045
2018-05-17_21:16:24:166- message received - topic:mqtt-roundtrip-qos0-100KByte-100-cycles_2 - qos:0 - size:102406 - id:000046
2018-05-17_21:16:24:185- message received - topic:mqtt-roundtrip-qos0-100KByte-100-cycles_2 - qos:0 - size:102406 - id:000047
2018-05-17_21:16:24:205- message received - topic:mqtt-roundtrip-qos0-100KByte-100-cycles_2 - qos:0 - size:102406 - id:000048
2018-05-17_21:16:24:224- message received - topic:mqtt-roundtrip-qos0-100KByte-100-cycles_2 - qos:0 - size:102406 - id:000049
2018-05-17_21:16:24:244- message received - topic:mqtt-roundtrip-qos0-100KByte-100-cycles_2 - qos:0 - size:102406 - id:000050
2018-05-17_21:16:24:263- message received - topic:mqtt-roundtrip-qos0-100KByte-100-cycles_2 - qos:0 - size:102406 - id:000051
2018-05-17_21:16:24:283- message received - topic:mqtt-roundtrip-qos0-100KByte-100-cycles_2 - qos:0 - size:102406 - id:000052
2018-05-17_21:16:24:302- message received - topic:mqtt-roundtrip-qos0-100KByte-100-cycles_2 - qos:0 - size:102406 - id:000053
2018-05-17_21:16:24:321- message received - topic:mqtt-roundtrip-qos0-100KByte-100-cycles_2 - qos:0 - size:102406 - id:000054
2018-05-17_21:16:24:340- message received - topic:mqtt-roundtrip-qos0-100KByte-100-cycles_2 - qos:0 - size:102406 - id:000055
2018-05-17_21:16:24:359- message received - topic:mqtt-roundtrip-qos0-100KByte-100-cycles_2 - qos:0 - size:102406 - id:000056
2018-05-17_21:16:24:378- message received - topic:mqtt-roundtrip-qos0-100KByte-100-cycles_2 - qos:0 - size:102406 - id:000057
2018-05-17_21:16:24:397- message received - topic:mqtt-roundtrip-qos0-100KByte-100-cycles_2 - qos:0 - size:102406 - id:000058
2018-05-17_21:16:24:416- message received - topic:mqtt-roundtrip-qos0-100KByte-100-cycles_2 - qos:0 - size:102406 - id:000059
2018-05-17_21:16:24:435- message received - topic:mqtt-roundtrip-qos0-100KByte-100-cycles_2 - qos:0 - size:102406 - id:000060
2018-05-17_21:16:24:454- message received - topic:mqtt-roundtrip-qos0-100KByte-100-cycles_2 - qos:0 - size:102406 - id:000061
2018-05-17_21:16:24:473- message received - topic:mqtt-roundtrip-qos0-100KByte-100-cycles_2 - qos:0 - size:102406 - id:000062
2018-05-17_21:16:24:493- message received - topic:mqtt-roundtrip-qos0-100KByte-100-cycles_2 - qos:0 - size:102406 - id:000063
2018-05-17_21:16:24:513- message received - topic:mqtt-roundtrip-qos0-100KByte-100-cycles_2 - qos:0 - size:102406 - id:000064
2018-05-17_21:16:24:532- message received - topic:mqtt-roundtrip-qos0-100KByte-100-cycles_2 - qos:0 - size:102406 - id:000065
2018-05-17_21:16:24:553- message received - topic:mqtt-roundtrip-qos0-100KByte-100-cycles_2 - qos:0 - size:102406 - id:000066
2018-05-17_21:16:24:572- message received - topic:mqtt-roundtrip-qos0-100KByte-100-cycles_2 - qos:0 - size:102406 - id:000067
2018-05-17_21:16:24:591- message received - topic:mqtt-roundtrip-qos0-100KByte-100-cycles_2 - qos:0 - size:102406 - id:000068
2018-05-17_21:16:24:610- message received - topic:mqtt-roundtrip-qos0-100KByte-100-cycles_2 - qos:0 - size:102406 - id:000069
2018-05-17_21:16:24:629- message received - topic:mqtt-roundtrip-qos0-100KByte-100-cycles_2 - qos:0 - size:102406 - id:000070
2018-05-17_21:16:24:648- message received - topic:mqtt-roundtrip-qos0-100KByte-100-cycles_2 - qos:0 - size:102406 - id:000071
2018-05-17_21:16:24:667- message received - topic:mqtt-roundtrip-qos0-100KByte-100-cycles_2 - qos:0 - size:102406 - id:000072
2018-05-17_21:16:24:686- message received - topic:mqtt-roundtrip-qos0-100KByte-100-cycles_2 - qos:0 - size:102406 - id:000073
2018-05-17_21:16:24:705- message received - topic:mqtt-roundtrip-qos0-100KByte-100-cycles_2 - qos:0 - size:102406 - id:000074
2018-05-17_21:16:24:724- message received - topic:mqtt-roundtrip-qos0-100KByte-100-cycles_2 - qos:0 - size:102406 - id:000075
2018-05-17_21:16:24:742- message received - topic:mqtt-roundtrip-qos0-100KByte-100-cycles_2 - qos:0 - size:102406 - id:000076
2018-05-17_21:16:24:761- message received - topic:mqtt-roundtrip-qos0-100KByte-100-cycles_2 - qos:0 - size:102406 - id:000077
2018-05-17_21:16:24:779- message received - topic:mqtt-roundtrip-qos0-100KByte-100-cycles_2 - qos:0 - size:102406 - id:000078
2018-05-17_21:16:24:797- message received - topic:mqtt-roundtrip-qos0-100KByte-100-cycles_2 - qos:0 - size:102406 - id:000079
2018-05-17_21:16:24:817- message received - topic:mqtt-roundtrip-qos0-100KByte-100-cycles_2 - qos:0 - size:102406 - id:000080
2018-05-17_21:16:24:836- message received - topic:mqtt-roundtrip-qos0-100KByte-100-cycles_2 - qos:0 - size:102406 - id:000081
2018-05-17_21:16:24:855- message received - topic:mqtt-roundtrip-qos0-100KByte-100-cycles_2 - qos:0 - size:102406 - id:000082
2018-05-17_21:16:24:873- message received - topic:mqtt-roundtrip-qos0-100KByte-100-cycles_2 - qos:0 - size:102406 - id:000083
2018-05-17_21:16:24:891- message received - topic:mqtt-roundtrip-qos0-100KByte-100-cycles_2 - qos:0 - size:102406 - id:000084
2018-05-17_21:16:24:910- message received - topic:mqtt-roundtrip-qos0-100KByte-100-cycles_2 - qos:0 - size:102406 - id:000085
2018-05-17_21:16:24:928- message received - topic:mqtt-roundtrip-qos0-100KByte-100-cycles_2 - qos:0 - size:102406 - id:000086
2018-05-17_21:16:24:946- message received - topic:mqtt-roundtrip-qos0-100KByte-100-cycles_2 - qos:0 - size:102406 - id:000087
2018-05-17_21:16:24:964- message received - topic:mqtt-roundtrip-qos0-100KByte-100-cycles_2 - qos:0 - size:102406 - id:000088
2018-05-17_21:16:24:982- message received - topic:mqtt-roundtrip-qos0-100KByte-100-cycles_2 - qos:0 - size:102406 - id:000089
2018-05-17_21:16:25:000- message received - topic:mqtt-roundtrip-qos0-100KByte-100-cycles_2 - qos:0 - size:102406 - id:000090
2018-05-17_21:16:25:018- message received - topic:mqtt-roundtrip-qos0-100KByte-100-cycles_2 - qos:0 - size:102406 - id:000091
2018-05-17_21:16:25:036- message received - topic:mqtt-roundtrip-qos0-100KByte-100-cycles_2 - qos:0 - size:102406 - id:000092
2018-05-17_21:16:25:054- message received - topic:mqtt-roundtrip-qos0-100KByte-100-cycles_2 - qos:0 - size:102406 - id:000093
2018-05-17_21:16:25:073- message received - topic:mqtt-roundtrip-qos0-100KByte-100-cycles_2 - qos:0 - size:102406 - id:000094
2018-05-17_21:16:25:083- message received - topic:mqtt-roundtrip-qos0-100KByte-100-cycles_2 - qos:0 - size:102406 - id:000095
2018-05-17_21:16:25:092- message received - topic:mqtt-roundtrip-qos0-100KByte-100-cycles_2 - qos:0 - size:102406 - id:000096
2018-05-17_21:16:25:101- message received - topic:mqtt-roundtrip-qos0-100KByte-100-cycles_2 - qos:0 - size:102406 - id:000097
2018-05-17_21:16:25:110- message received - topic:mqtt-roundtrip-qos0-100KByte-100-cycles_2 - qos:0 - size:102406 - id:000098
2018-05-17_21:16:25:118- message received - topic:mqtt-roundtrip-qos0-100KByte-100-cycles_2 - qos:0 - size:102406 - id:000099
2018-05-17_21:16:27:121- Client disconnected from broker
