2018-05-15_23:03:44:189- connecting to broker 192.168.1.100:1883
2018-05-15_23:03:44:191- Subscribing to topicmqtt-roundtrip-qos2-10Byte-100-cycles
2018-05-15_23:03:44:192- subscribe returned (0, 1)
2018-05-15_23:03:44:192- Client connected to broker
2018-05-15_23:03:47:078- message received - id:0 - topic:mqtt-roundtrip-qos2-10Byte-100-cycles - qos:0 - size:10
2018-05-15_23:03:47:079- message sent - id:0 - topic:mqtt-roundtrip-qos2-10Byte-100-cycles_2 - qos:0 - size:10
2018-05-15_23:03:47:079- message received - id:0 - topic:mqtt-roundtrip-qos2-10Byte-100-cycles - qos:0 - size:10
2018-05-15_23:03:47:079- message sent - id:0 - topic:mqtt-roundtrip-qos2-10Byte-100-cycles_2 - qos:0 - size:10
2018-05-15_23:03:47:080- message received - id:0 - topic:mqtt-roundtrip-qos2-10Byte-100-cycles - qos:0 - size:10
2018-05-15_23:03:47:080- message sent - id:0 - topic:mqtt-roundtrip-qos2-10Byte-100-cycles_2 - qos:0 - size:10
2018-05-15_23:03:47:080- message received - id:0 - topic:mqtt-roundtrip-qos2-10Byte-100-cycles - qos:0 - size:10
2018-05-15_23:03:47:080- message sent - id:0 - topic:mqtt-roundtrip-qos2-10Byte-100-cycles_2 - qos:0 - size:10
2018-05-15_23:03:47:080- message received - id:0 - topic:mqtt-roundtrip-qos2-10Byte-100-cycles - qos:0 - size:10
2018-05-15_23:03:47:081- message sent - id:0 - topic:mqtt-roundtrip-qos2-10Byte-100-cycles_2 - qos:0 - size:10
2018-05-15_23:03:47:081- message received - id:0 - topic:mqtt-roundtrip-qos2-10Byte-100-cycles - qos:0 - size:10
2018-05-15_23:03:47:081- message sent - id:0 - topic:mqtt-roundtrip-qos2-10Byte-100-cycles_2 - qos:0 - size:10
2018-05-15_23:03:47:081- message received - id:0 - topic:mqtt-roundtrip-qos2-10Byte-100-cycles - qos:0 - size:10
2018-05-15_23:03:47:081- message sent - id:0 - topic:mqtt-roundtrip-qos2-10Byte-100-cycles_2 - qos:0 - size:10
2018-05-15_23:03:47:082- message received - id:0 - topic:mqtt-roundtrip-qos2-10Byte-100-cycles - qos:0 - size:10
2018-05-15_23:03:47:082- message sent - id:0 - topic:mqtt-roundtrip-qos2-10Byte-100-cycles_2 - qos:0 - size:10
2018-05-15_23:03:47:082- message received - id:0 - topic:mqtt-roundtrip-qos2-10Byte-100-cycles - qos:0 - size:10
2018-05-15_23:03:47:082- message sent - id:0 - topic:mqtt-roundtrip-qos2-10Byte-100-cycles_2 - qos:0 - size:10
2018-05-15_23:03:47:082- message received - id:0 - topic:mqtt-roundtrip-qos2-10Byte-100-cycles - qos:0 - size:10
2018-05-15_23:03:47:083- message sent - id:0 - topic:mqtt-roundtrip-qos2-10Byte-100-cycles_2 - qos:0 - size:10
2018-05-15_23:03:47:083- message received - id:0 - topic:mqtt-roundtrip-qos2-10Byte-100-cycles - qos:0 - size:10
2018-05-15_23:03:47:083- message sent - id:0 - topic:mqtt-roundtrip-qos2-10Byte-100-cycles_2 - qos:0 - size:10
2018-05-15_23:03:47:083- message received - id:0 - topic:mqtt-roundtrip-qos2-10Byte-100-cycles - qos:0 - size:10
2018-05-15_23:03:47:083- message sent - id:0 - topic:mqtt-roundtrip-qos2-10Byte-100-cycles_2 - qos:0 - size:10
2018-05-15_23:03:47:084- message received - id:0 - topic:mqtt-roundtrip-qos2-10Byte-100-cycles - qos:0 - size:10
2018-05-15_23:03:47:084- message sent - id:0 - topic:mqtt-roundtrip-qos2-10Byte-100-cycles_2 - qos:0 - size:10
2018-05-15_23:03:47:084- message received - id:0 - topic:mqtt-roundtrip-qos2-10Byte-100-cycles - qos:0 - size:10
2018-05-15_23:03:47:084- message sent - id:0 - topic:mqtt-roundtrip-qos2-10Byte-100-cycles_2 - qos:0 - size:10
2018-05-15_23:03:47:084- message received - id:0 - topic:mqtt-roundtrip-qos2-10Byte-100-cycles - qos:0 - size:10
2018-05-15_23:03:47:084- message sent - id:0 - topic:mqtt-roundtrip-qos2-10Byte-100-cycles_2 - qos:0 - size:10
2018-05-15_23:03:47:085- message received - id:0 - topic:mqtt-roundtrip-qos2-10Byte-100-cycles - qos:0 - size:10
2018-05-15_23:03:47:085- message sent - id:0 - topic:mqtt-roundtrip-qos2-10Byte-100-cycles_2 - qos:0 - size:10
2018-05-15_23:03:47:090- message received - id:0 - topic:mqtt-roundtrip-qos2-10Byte-100-cycles - qos:0 - size:10
2018-05-15_23:03:47:090- message sent - id:0 - topic:mqtt-roundtrip-qos2-10Byte-100-cycles_2 - qos:0 - size:10
2018-05-15_23:03:47:091- message received - id:0 - topic:mqtt-roundtrip-qos2-10Byte-100-cycles - qos:0 - size:10
2018-05-15_23:03:47:091- message sent - id:0 - topic:mqtt-roundtrip-qos2-10Byte-100-cycles_2 - qos:0 - size:10
2018-05-15_23:03:47:091- message received - id:0 - topic:mqtt-roundtrip-qos2-10Byte-100-cycles - qos:0 - size:10
2018-05-15_23:03:47:091- message sent - id:0 - topic:mqtt-roundtrip-qos2-10Byte-100-cycles_2 - qos:0 - size:10
2018-05-15_23:03:47:091- message received - id:0 - topic:mqtt-roundtrip-qos2-10Byte-100-cycles - qos:0 - size:10
2018-05-15_23:03:47:092- message sent - id:0 - topic:mqtt-roundtrip-qos2-10Byte-100-cycles_2 - qos:0 - size:10
2018-05-15_23:03:47:092- message received - id:0 - topic:mqtt-roundtrip-qos2-10Byte-100-cycles - qos:0 - size:10
2018-05-15_23:03:47:092- message sent - id:0 - topic:mqtt-roundtrip-qos2-10Byte-100-cycles_2 - qos:0 - size:10
2018-05-15_23:03:47:092- message received - id:0 - topic:mqtt-roundtrip-qos2-10Byte-100-cycles - qos:0 - size:10
2018-05-15_23:03:47:092- message sent - id:0 - topic:mqtt-roundtrip-qos2-10Byte-100-cycles_2 - qos:0 - size:10
2018-05-15_23:03:47:093- message received - id:0 - topic:mqtt-roundtrip-qos2-10Byte-100-cycles - qos:0 - size:10
2018-05-15_23:03:47:093- message sent - id:0 - topic:mqtt-roundtrip-qos2-10Byte-100-cycles_2 - qos:0 - size:10
2018-05-15_23:03:47:093- message received - id:0 - topic:mqtt-roundtrip-qos2-10Byte-100-cycles - qos:0 - size:10
2018-05-15_23:03:47:093- message sent - id:0 - topic:mqtt-roundtrip-qos2-10Byte-100-cycles_2 - qos:0 - size:10
2018-05-15_23:03:47:093- message received - id:0 - topic:mqtt-roundtrip-qos2-10Byte-100-cycles - qos:0 - size:10
2018-05-15_23:03:47:094- message sent - id:0 - topic:mqtt-roundtrip-qos2-10Byte-100-cycles_2 - qos:0 - size:10
2018-05-15_23:03:47:094- message received - id:0 - topic:mqtt-roundtrip-qos2-10Byte-100-cycles - qos:0 - size:10
2018-05-15_23:03:47:094- message sent - id:0 - topic:mqtt-roundtrip-qos2-10Byte-100-cycles_2 - qos:0 - size:10
2018-05-15_23:03:47:094- message received - id:0 - topic:mqtt-roundtrip-qos2-10Byte-100-cycles - qos:0 - size:10
2018-05-15_23:03:47:094- message sent - id:0 - topic:mqtt-roundtrip-qos2-10Byte-100-cycles_2 - qos:0 - size:10
2018-05-15_23:03:47:095- message received - id:0 - topic:mqtt-roundtrip-qos2-10Byte-100-cycles - qos:0 - size:10
2018-05-15_23:03:47:095- message sent - id:0 - topic:mqtt-roundtrip-qos2-10Byte-100-cycles_2 - qos:0 - size:10
2018-05-15_23:03:47:095- message received - id:0 - topic:mqtt-roundtrip-qos2-10Byte-100-cycles - qos:0 - size:10
2018-05-15_23:03:47:095- message sent - id:0 - topic:mqtt-roundtrip-qos2-10Byte-100-cycles_2 - qos:0 - size:10
2018-05-15_23:03:47:095- message received - id:0 - topic:mqtt-roundtrip-qos2-10Byte-100-cycles - qos:0 - size:10
2018-05-15_23:03:47:096- message sent - id:0 - topic:mqtt-roundtrip-qos2-10Byte-100-cycles_2 - qos:0 - size:10
2018-05-15_23:03:47:096- message received - id:0 - topic:mqtt-roundtrip-qos2-10Byte-100-cycles - qos:0 - size:10
2018-05-15_23:03:47:096- message sent - id:0 - topic:mqtt-roundtrip-qos2-10Byte-100-cycles_2 - qos:0 - size:10
2018-05-15_23:03:47:096- message received - id:0 - topic:mqtt-roundtrip-qos2-10Byte-100-cycles - qos:0 - size:10
2018-05-15_23:03:47:096- message sent - id:0 - topic:mqtt-roundtrip-qos2-10Byte-100-cycles_2 - qos:0 - size:10
2018-05-15_23:03:47:097- message received - id:0 - topic:mqtt-roundtrip-qos2-10Byte-100-cycles - qos:0 - size:10
2018-05-15_23:03:47:097- message sent - id:0 - topic:mqtt-roundtrip-qos2-10Byte-100-cycles_2 - qos:0 - size:10
2018-05-15_23:03:47:097- message received - id:0 - topic:mqtt-roundtrip-qos2-10Byte-100-cycles - qos:0 - size:10
2018-05-15_23:03:47:097- message sent - id:0 - topic:mqtt-roundtrip-qos2-10Byte-100-cycles_2 - qos:0 - size:10
2018-05-15_23:03:47:097- message received - id:0 - topic:mqtt-roundtrip-qos2-10Byte-100-cycles - qos:0 - size:10
2018-05-15_23:03:47:097- message sent - id:0 - topic:mqtt-roundtrip-qos2-10Byte-100-cycles_2 - qos:0 - size:10
2018-05-15_23:03:47:098- message received - id:0 - topic:mqtt-roundtrip-qos2-10Byte-100-cycles - qos:0 - size:10
2018-05-15_23:03:47:098- message sent - id:0 - topic:mqtt-roundtrip-qos2-10Byte-100-cycles_2 - qos:0 - size:10
2018-05-15_23:03:47:098- message received - id:0 - topic:mqtt-roundtrip-qos2-10Byte-100-cycles - qos:0 - size:10
2018-05-15_23:03:47:098- message sent - id:0 - topic:mqtt-roundtrip-qos2-10Byte-100-cycles_2 - qos:0 - size:10
2018-05-15_23:03:47:099- message received - id:0 - topic:mqtt-roundtrip-qos2-10Byte-100-cycles - qos:0 - size:10
2018-05-15_23:03:47:099- message sent - id:0 - topic:mqtt-roundtrip-qos2-10Byte-100-cycles_2 - qos:0 - size:10
2018-05-15_23:03:47:099- message received - id:0 - topic:mqtt-roundtrip-qos2-10Byte-100-cycles - qos:0 - size:10
2018-05-15_23:03:47:099- message sent - id:0 - topic:mqtt-roundtrip-qos2-10Byte-100-cycles_2 - qos:0 - size:10
2018-05-15_23:03:47:100- message received - id:0 - topic:mqtt-roundtrip-qos2-10Byte-100-cycles - qos:0 - size:10
2018-05-15_23:03:47:100- message sent - id:0 - topic:mqtt-roundtrip-qos2-10Byte-100-cycles_2 - qos:0 - size:10
2018-05-15_23:03:47:100- message received - id:0 - topic:mqtt-roundtrip-qos2-10Byte-100-cycles - qos:0 - size:10
2018-05-15_23:03:47:100- message sent - id:0 - topic:mqtt-roundtrip-qos2-10Byte-100-cycles_2 - qos:0 - size:10
2018-05-15_23:03:47:101- message received - id:0 - topic:mqtt-roundtrip-qos2-10Byte-100-cycles - qos:0 - size:10
2018-05-15_23:03:47:101- message sent - id:0 - topic:mqtt-roundtrip-qos2-10Byte-100-cycles_2 - qos:0 - size:10
2018-05-15_23:03:47:101- message received - id:0 - topic:mqtt-roundtrip-qos2-10Byte-100-cycles - qos:0 - size:10
2018-05-15_23:03:47:101- message sent - id:0 - topic:mqtt-roundtrip-qos2-10Byte-100-cycles_2 - qos:0 - size:10
2018-05-15_23:03:47:101- message received - id:0 - topic:mqtt-roundtrip-qos2-10Byte-100-cycles - qos:0 - size:10
2018-05-15_23:03:47:102- message sent - id:0 - topic:mqtt-roundtrip-qos2-10Byte-100-cycles_2 - qos:0 - size:10
2018-05-15_23:03:47:102- message received - id:0 - topic:mqtt-roundtrip-qos2-10Byte-100-cycles - qos:0 - size:10
2018-05-15_23:03:47:102- message sent - id:0 - topic:mqtt-roundtrip-qos2-10Byte-100-cycles_2 - qos:0 - size:10
2018-05-15_23:03:47:102- message received - id:0 - topic:mqtt-roundtrip-qos2-10Byte-100-cycles - qos:0 - size:10
2018-05-15_23:03:47:103- message sent - id:0 - topic:mqtt-roundtrip-qos2-10Byte-100-cycles_2 - qos:0 - size:10
2018-05-15_23:03:47:103- message received - id:0 - topic:mqtt-roundtrip-qos2-10Byte-100-cycles - qos:0 - size:10
2018-05-15_23:03:47:103- message sent - id:0 - topic:mqtt-roundtrip-qos2-10Byte-100-cycles_2 - qos:0 - size:10
2018-05-15_23:03:47:103- message received - id:0 - topic:mqtt-roundtrip-qos2-10Byte-100-cycles - qos:0 - size:10
2018-05-15_23:03:47:103- message sent - id:0 - topic:mqtt-roundtrip-qos2-10Byte-100-cycles_2 - qos:0 - size:10
2018-05-15_23:03:47:104- message received - id:0 - topic:mqtt-roundtrip-qos2-10Byte-100-cycles - qos:0 - size:10
2018-05-15_23:03:47:104- message sent - id:0 - topic:mqtt-roundtrip-qos2-10Byte-100-cycles_2 - qos:0 - size:10
2018-05-15_23:03:47:104- message received - id:0 - topic:mqtt-roundtrip-qos2-10Byte-100-cycles - qos:0 - size:10
2018-05-15_23:03:47:104- message sent - id:0 - topic:mqtt-roundtrip-qos2-10Byte-100-cycles_2 - qos:0 - size:10
2018-05-15_23:03:47:104- message received - id:0 - topic:mqtt-roundtrip-qos2-10Byte-100-cycles - qos:0 - size:10
2018-05-15_23:03:47:105- message sent - id:0 - topic:mqtt-roundtrip-qos2-10Byte-100-cycles_2 - qos:0 - size:10
2018-05-15_23:03:47:105- message received - id:0 - topic:mqtt-roundtrip-qos2-10Byte-100-cycles - qos:0 - size:10
2018-05-15_23:03:47:105- message sent - id:0 - topic:mqtt-roundtrip-qos2-10Byte-100-cycles_2 - qos:0 - size:10
2018-05-15_23:03:47:105- message received - id:0 - topic:mqtt-roundtrip-qos2-10Byte-100-cycles - qos:0 - size:10
2018-05-15_23:03:47:105- message sent - id:0 - topic:mqtt-roundtrip-qos2-10Byte-100-cycles_2 - qos:0 - size:10
2018-05-15_23:03:47:106- message received - id:0 - topic:mqtt-roundtrip-qos2-10Byte-100-cycles - qos:0 - size:10
2018-05-15_23:03:47:106- message sent - id:0 - topic:mqtt-roundtrip-qos2-10Byte-100-cycles_2 - qos:0 - size:10
2018-05-15_23:03:47:106- message received - id:0 - topic:mqtt-roundtrip-qos2-10Byte-100-cycles - qos:0 - size:10
2018-05-15_23:03:47:106- message sent - id:0 - topic:mqtt-roundtrip-qos2-10Byte-100-cycles_2 - qos:0 - size:10
2018-05-15_23:03:47:107- message received - id:0 - topic:mqtt-roundtrip-qos2-10Byte-100-cycles - qos:0 - size:10
2018-05-15_23:03:47:107- message sent - id:0 - topic:mqtt-roundtrip-qos2-10Byte-100-cycles_2 - qos:0 - size:10
2018-05-15_23:03:47:107- message received - id:0 - topic:mqtt-roundtrip-qos2-10Byte-100-cycles - qos:0 - size:10
2018-05-15_23:03:47:107- message sent - id:0 - topic:mqtt-roundtrip-qos2-10Byte-100-cycles_2 - qos:0 - size:10
2018-05-15_23:03:47:108- message received - id:0 - topic:mqtt-roundtrip-qos2-10Byte-100-cycles - qos:0 - size:10
2018-05-15_23:03:47:108- message sent - id:0 - topic:mqtt-roundtrip-qos2-10Byte-100-cycles_2 - qos:0 - size:10
2018-05-15_23:03:47:108- message received - id:0 - topic:mqtt-roundtrip-qos2-10Byte-100-cycles - qos:0 - size:10
2018-05-15_23:03:47:108- message sent - id:0 - topic:mqtt-roundtrip-qos2-10Byte-100-cycles_2 - qos:0 - size:10
2018-05-15_23:03:47:109- message received - id:0 - topic:mqtt-roundtrip-qos2-10Byte-100-cycles - qos:0 - size:10
2018-05-15_23:03:47:109- message sent - id:0 - topic:mqtt-roundtrip-qos2-10Byte-100-cycles_2 - qos:0 - size:10
2018-05-15_23:03:47:109- message received - id:0 - topic:mqtt-roundtrip-qos2-10Byte-100-cycles - qos:0 - size:10
2018-05-15_23:03:47:109- message sent - id:0 - topic:mqtt-roundtrip-qos2-10Byte-100-cycles_2 - qos:0 - size:10
2018-05-15_23:03:47:109- message received - id:0 - topic:mqtt-roundtrip-qos2-10Byte-100-cycles - qos:0 - size:10
2018-05-15_23:03:47:110- message sent - id:0 - topic:mqtt-roundtrip-qos2-10Byte-100-cycles_2 - qos:0 - size:10
2018-05-15_23:03:47:110- message received - id:0 - topic:mqtt-roundtrip-qos2-10Byte-100-cycles - qos:0 - size:10
2018-05-15_23:03:47:110- message sent - id:0 - topic:mqtt-roundtrip-qos2-10Byte-100-cycles_2 - qos:0 - size:10
2018-05-15_23:03:47:110- message received - id:0 - topic:mqtt-roundtrip-qos2-10Byte-100-cycles - qos:0 - size:10
2018-05-15_23:03:47:110- message sent - id:0 - topic:mqtt-roundtrip-qos2-10Byte-100-cycles_2 - qos:0 - size:10
2018-05-15_23:03:47:111- message received - id:0 - topic:mqtt-roundtrip-qos2-10Byte-100-cycles - qos:0 - size:10
2018-05-15_23:03:47:111- message sent - id:0 - topic:mqtt-roundtrip-qos2-10Byte-100-cycles_2 - qos:0 - size:10
2018-05-15_23:03:47:111- message received - id:0 - topic:mqtt-roundtrip-qos2-10Byte-100-cycles - qos:0 - size:10
2018-05-15_23:03:47:111- message sent - id:0 - topic:mqtt-roundtrip-qos2-10Byte-100-cycles_2 - qos:0 - size:10
2018-05-15_23:03:47:112- message received - id:0 - topic:mqtt-roundtrip-qos2-10Byte-100-cycles - qos:0 - size:10
2018-05-15_23:03:47:112- message sent - id:0 - topic:mqtt-roundtrip-qos2-10Byte-100-cycles_2 - qos:0 - size:10
2018-05-15_23:03:47:112- message received - id:0 - topic:mqtt-roundtrip-qos2-10Byte-100-cycles - qos:0 - size:10
2018-05-15_23:03:47:112- message sent - id:0 - topic:mqtt-roundtrip-qos2-10Byte-100-cycles_2 - qos:0 - size:10
2018-05-15_23:03:47:112- message received - id:0 - topic:mqtt-roundtrip-qos2-10Byte-100-cycles - qos:0 - size:10
2018-05-15_23:03:47:112- message sent - id:0 - topic:mqtt-roundtrip-qos2-10Byte-100-cycles_2 - qos:0 - size:10
2018-05-15_23:03:47:113- message received - id:0 - topic:mqtt-roundtrip-qos2-10Byte-100-cycles - qos:0 - size:10
2018-05-15_23:03:47:113- message sent - id:0 - topic:mqtt-roundtrip-qos2-10Byte-100-cycles_2 - qos:0 - size:10
2018-05-15_23:03:47:113- message received - id:0 - topic:mqtt-roundtrip-qos2-10Byte-100-cycles - qos:0 - size:10
2018-05-15_23:03:47:113- message sent - id:0 - topic:mqtt-roundtrip-qos2-10Byte-100-cycles_2 - qos:0 - size:10
2018-05-15_23:03:47:113- message received - id:0 - topic:mqtt-roundtrip-qos2-10Byte-100-cycles - qos:0 - size:10
2018-05-15_23:03:47:113- message sent - id:0 - topic:mqtt-roundtrip-qos2-10Byte-100-cycles_2 - qos:0 - size:10
2018-05-15_23:03:47:114- message received - id:0 - topic:mqtt-roundtrip-qos2-10Byte-100-cycles - qos:0 - size:10
2018-05-15_23:03:47:114- message sent - id:0 - topic:mqtt-roundtrip-qos2-10Byte-100-cycles_2 - qos:0 - size:10
2018-05-15_23:03:47:114- message received - id:0 - topic:mqtt-roundtrip-qos2-10Byte-100-cycles - qos:0 - size:10
2018-05-15_23:03:47:114- message sent - id:0 - topic:mqtt-roundtrip-qos2-10Byte-100-cycles_2 - qos:0 - size:10
2018-05-15_23:03:47:114- message received - id:0 - topic:mqtt-roundtrip-qos2-10Byte-100-cycles - qos:0 - size:10
2018-05-15_23:03:47:115- message sent - id:0 - topic:mqtt-roundtrip-qos2-10Byte-100-cycles_2 - qos:0 - size:10
2018-05-15_23:03:47:115- message received - id:0 - topic:mqtt-roundtrip-qos2-10Byte-100-cycles - qos:0 - size:10
2018-05-15_23:03:47:115- message sent - id:0 - topic:mqtt-roundtrip-qos2-10Byte-100-cycles_2 - qos:0 - size:10
2018-05-15_23:03:47:115- message received - id:0 - topic:mqtt-roundtrip-qos2-10Byte-100-cycles - qos:0 - size:10
2018-05-15_23:03:47:115- message sent - id:0 - topic:mqtt-roundtrip-qos2-10Byte-100-cycles_2 - qos:0 - size:10
2018-05-15_23:03:47:115- message received - id:0 - topic:mqtt-roundtrip-qos2-10Byte-100-cycles - qos:0 - size:10
2018-05-15_23:03:47:116- message sent - id:0 - topic:mqtt-roundtrip-qos2-10Byte-100-cycles_2 - qos:0 - size:10
2018-05-15_23:03:47:116- message received - id:0 - topic:mqtt-roundtrip-qos2-10Byte-100-cycles - qos:0 - size:10
2018-05-15_23:03:47:116- message sent - id:0 - topic:mqtt-roundtrip-qos2-10Byte-100-cycles_2 - qos:0 - size:10
2018-05-15_23:03:47:116- message received - id:0 - topic:mqtt-roundtrip-qos2-10Byte-100-cycles - qos:0 - size:10
2018-05-15_23:03:47:116- message sent - id:0 - topic:mqtt-roundtrip-qos2-10Byte-100-cycles_2 - qos:0 - size:10
2018-05-15_23:03:47:117- message received - id:0 - topic:mqtt-roundtrip-qos2-10Byte-100-cycles - qos:0 - size:10
2018-05-15_23:03:47:117- message sent - id:0 - topic:mqtt-roundtrip-qos2-10Byte-100-cycles_2 - qos:0 - size:10
2018-05-15_23:03:47:117- message received - id:0 - topic:mqtt-roundtrip-qos2-10Byte-100-cycles - qos:0 - size:10
2018-05-15_23:03:47:117- message sent - id:0 - topic:mqtt-roundtrip-qos2-10Byte-100-cycles_2 - qos:0 - size:10
2018-05-15_23:03:47:117- message received - id:0 - topic:mqtt-roundtrip-qos2-10Byte-100-cycles - qos:0 - size:10
2018-05-15_23:03:47:117- message sent - id:0 - topic:mqtt-roundtrip-qos2-10Byte-100-cycles_2 - qos:0 - size:10
2018-05-15_23:03:47:118- message received - id:0 - topic:mqtt-roundtrip-qos2-10Byte-100-cycles - qos:0 - size:10
2018-05-15_23:03:47:118- message sent - id:0 - topic:mqtt-roundtrip-qos2-10Byte-100-cycles_2 - qos:0 - size:10
2018-05-15_23:03:47:118- message received - id:0 - topic:mqtt-roundtrip-qos2-10Byte-100-cycles - qos:0 - size:10
2018-05-15_23:03:47:118- message sent - id:0 - topic:mqtt-roundtrip-qos2-10Byte-100-cycles_2 - qos:0 - size:10
2018-05-15_23:03:47:118- message received - id:0 - topic:mqtt-roundtrip-qos2-10Byte-100-cycles - qos:0 - size:10
2018-05-15_23:03:47:118- message sent - id:0 - topic:mqtt-roundtrip-qos2-10Byte-100-cycles_2 - qos:0 - size:10
2018-05-15_23:03:47:119- message received - id:0 - topic:mqtt-roundtrip-qos2-10Byte-100-cycles - qos:0 - size:10
2018-05-15_23:03:47:119- message sent - id:0 - topic:mqtt-roundtrip-qos2-10Byte-100-cycles_2 - qos:0 - size:10
2018-05-15_23:03:47:119- message received - id:0 - topic:mqtt-roundtrip-qos2-10Byte-100-cycles - qos:0 - size:10
2018-05-15_23:03:47:119- message sent - id:0 - topic:mqtt-roundtrip-qos2-10Byte-100-cycles_2 - qos:0 - size:10
2018-05-15_23:03:47:119- message received - id:0 - topic:mqtt-roundtrip-qos2-10Byte-100-cycles - qos:0 - size:10
2018-05-15_23:03:47:120- message sent - id:0 - topic:mqtt-roundtrip-qos2-10Byte-100-cycles_2 - qos:0 - size:10
2018-05-15_23:03:47:120- message received - id:0 - topic:mqtt-roundtrip-qos2-10Byte-100-cycles - qos:0 - size:10
2018-05-15_23:03:47:120- message sent - id:0 - topic:mqtt-roundtrip-qos2-10Byte-100-cycles_2 - qos:0 - size:10
2018-05-15_23:03:47:120- message received - id:0 - topic:mqtt-roundtrip-qos2-10Byte-100-cycles - qos:0 - size:10
2018-05-15_23:03:47:120- message sent - id:0 - topic:mqtt-roundtrip-qos2-10Byte-100-cycles_2 - qos:0 - size:10
2018-05-15_23:03:47:120- message received - id:0 - topic:mqtt-roundtrip-qos2-10Byte-100-cycles - qos:0 - size:10
2018-05-15_23:03:47:121- message sent - id:0 - topic:mqtt-roundtrip-qos2-10Byte-100-cycles_2 - qos:0 - size:10
2018-05-15_23:03:47:121- message received - id:0 - topic:mqtt-roundtrip-qos2-10Byte-100-cycles - qos:0 - size:10
2018-05-15_23:03:47:121- message sent - id:0 - topic:mqtt-roundtrip-qos2-10Byte-100-cycles_2 - qos:0 - size:10
2018-05-15_23:03:47:121- message received - id:0 - topic:mqtt-roundtrip-qos2-10Byte-100-cycles - qos:0 - size:10
2018-05-15_23:03:47:121- message sent - id:0 - topic:mqtt-roundtrip-qos2-10Byte-100-cycles_2 - qos:0 - size:10
2018-05-15_23:03:47:122- message received - id:0 - topic:mqtt-roundtrip-qos2-10Byte-100-cycles - qos:0 - size:10
2018-05-15_23:03:47:122- message sent - id:0 - topic:mqtt-roundtrip-qos2-10Byte-100-cycles_2 - qos:0 - size:10
2018-05-15_23:03:47:122- message received - id:0 - topic:mqtt-roundtrip-qos2-10Byte-100-cycles - qos:0 - size:10
2018-05-15_23:03:47:122- message sent - id:0 - topic:mqtt-roundtrip-qos2-10Byte-100-cycles_2 - qos:0 - size:10
2018-05-15_23:03:47:122- message received - id:0 - topic:mqtt-roundtrip-qos2-10Byte-100-cycles - qos:0 - size:10
2018-05-15_23:03:47:122- message sent - id:0 - topic:mqtt-roundtrip-qos2-10Byte-100-cycles_2 - qos:0 - size:10
2018-05-15_23:03:47:123- message received - id:0 - topic:mqtt-roundtrip-qos2-10Byte-100-cycles - qos:0 - size:10
2018-05-15_23:03:47:123- message sent - id:0 - topic:mqtt-roundtrip-qos2-10Byte-100-cycles_2 - qos:0 - size:10
2018-05-15_23:03:47:123- message received - id:0 - topic:mqtt-roundtrip-qos2-10Byte-100-cycles - qos:0 - size:10
2018-05-15_23:03:47:123- message sent - id:0 - topic:mqtt-roundtrip-qos2-10Byte-100-cycles_2 - qos:0 - size:10
2018-05-15_23:03:47:123- message received - id:0 - topic:mqtt-roundtrip-qos2-10Byte-100-cycles - qos:0 - size:10
2018-05-15_23:03:47:124- message sent - id:0 - topic:mqtt-roundtrip-qos2-10Byte-100-cycles_2 - qos:0 - size:10
