2018-05-15_23:06:13:984- connecting to broker 192.168.1.100:1883
2018-05-15_23:06:13:985- Subscribing to topicmqtt-roundtrip-qos1-100Byte-100-cycles
2018-05-15_23:06:13:985- subscribe returned (0, 1)
2018-05-15_23:06:13:985- Client connected to broker
2018-05-15_23:06:16:155- message received - id:0 - topic:mqtt-roundtrip-qos1-100Byte-100-cycles - qos:0 - size:100
2018-05-15_23:06:16:156- message sent - id:0 - topic:mqtt-roundtrip-qos1-100Byte-100-cycles_2 - qos:0 - size:100
2018-05-15_23:06:16:156- message received - id:0 - topic:mqtt-roundtrip-qos1-100Byte-100-cycles - qos:0 - size:100
2018-05-15_23:06:16:156- message sent - id:0 - topic:mqtt-roundtrip-qos1-100Byte-100-cycles_2 - qos:0 - size:100
2018-05-15_23:06:16:157- message received - id:0 - topic:mqtt-roundtrip-qos1-100Byte-100-cycles - qos:0 - size:100
2018-05-15_23:06:16:157- message sent - id:0 - topic:mqtt-roundtrip-qos1-100Byte-100-cycles_2 - qos:0 - size:100
2018-05-15_23:06:16:157- message received - id:0 - topic:mqtt-roundtrip-qos1-100Byte-100-cycles - qos:0 - size:100
2018-05-15_23:06:16:157- message sent - id:0 - topic:mqtt-roundtrip-qos1-100Byte-100-cycles_2 - qos:0 - size:100
2018-05-15_23:06:16:158- message received - id:0 - topic:mqtt-roundtrip-qos1-100Byte-100-cycles - qos:0 - size:100
2018-05-15_23:06:16:158- message sent - id:0 - topic:mqtt-roundtrip-qos1-100Byte-100-cycles_2 - qos:0 - size:100
2018-05-15_23:06:16:158- message received - id:0 - topic:mqtt-roundtrip-qos1-100Byte-100-cycles - qos:0 - size:100
2018-05-15_23:06:16:158- message sent - id:0 - topic:mqtt-roundtrip-qos1-100Byte-100-cycles_2 - qos:0 - size:100
2018-05-15_23:06:16:159- message received - id:0 - topic:mqtt-roundtrip-qos1-100Byte-100-cycles - qos:0 - size:100
2018-05-15_23:06:16:159- message sent - id:0 - topic:mqtt-roundtrip-qos1-100Byte-100-cycles_2 - qos:0 - size:100
2018-05-15_23:06:16:159- message received - id:0 - topic:mqtt-roundtrip-qos1-100Byte-100-cycles - qos:0 - size:100
2018-05-15_23:06:16:160- message sent - id:0 - topic:mqtt-roundtrip-qos1-100Byte-100-cycles_2 - qos:0 - size:100
2018-05-15_23:06:16:160- message received - id:0 - topic:mqtt-roundtrip-qos1-100Byte-100-cycles - qos:0 - size:100
2018-05-15_23:06:16:160- message sent - id:0 - topic:mqtt-roundtrip-qos1-100Byte-100-cycles_2 - qos:0 - size:100
2018-05-15_23:06:16:160- message received - id:0 - topic:mqtt-roundtrip-qos1-100Byte-100-cycles - qos:0 - size:100
2018-05-15_23:06:16:161- message sent - id:0 - topic:mqtt-roundtrip-qos1-100Byte-100-cycles_2 - qos:0 - size:100
2018-05-15_23:06:16:161- message received - id:0 - topic:mqtt-roundtrip-qos1-100Byte-100-cycles - qos:0 - size:100
2018-05-15_23:06:16:161- message sent - id:0 - topic:mqtt-roundtrip-qos1-100Byte-100-cycles_2 - qos:0 - size:100
2018-05-15_23:06:16:161- message received - id:0 - topic:mqtt-roundtrip-qos1-100Byte-100-cycles - qos:0 - size:100
2018-05-15_23:06:16:161- message sent - id:0 - topic:mqtt-roundtrip-qos1-100Byte-100-cycles_2 - qos:0 - size:100
2018-05-15_23:06:16:162- message received - id:0 - topic:mqtt-roundtrip-qos1-100Byte-100-cycles - qos:0 - size:100
2018-05-15_23:06:16:162- message sent - id:0 - topic:mqtt-roundtrip-qos1-100Byte-100-cycles_2 - qos:0 - size:100
2018-05-15_23:06:16:162- message received - id:0 - topic:mqtt-roundtrip-qos1-100Byte-100-cycles - qos:0 - size:100
2018-05-15_23:06:16:162- message sent - id:0 - topic:mqtt-roundtrip-qos1-100Byte-100-cycles_2 - qos:0 - size:100
2018-05-15_23:06:16:163- message received - id:0 - topic:mqtt-roundtrip-qos1-100Byte-100-cycles - qos:0 - size:100
2018-05-15_23:06:16:163- message sent - id:0 - topic:mqtt-roundtrip-qos1-100Byte-100-cycles_2 - qos:0 - size:100
2018-05-15_23:06:16:163- message received - id:0 - topic:mqtt-roundtrip-qos1-100Byte-100-cycles - qos:0 - size:100
2018-05-15_23:06:16:163- message sent - id:0 - topic:mqtt-roundtrip-qos1-100Byte-100-cycles_2 - qos:0 - size:100
2018-05-15_23:06:16:164- message received - id:0 - topic:mqtt-roundtrip-qos1-100Byte-100-cycles - qos:0 - size:100
2018-05-15_23:06:16:164- message sent - id:0 - topic:mqtt-roundtrip-qos1-100Byte-100-cycles_2 - qos:0 - size:100
2018-05-15_23:06:16:164- message received - id:0 - topic:mqtt-roundtrip-qos1-100Byte-100-cycles - qos:0 - size:100
2018-05-15_23:06:16:164- message sent - id:0 - topic:mqtt-roundtrip-qos1-100Byte-100-cycles_2 - qos:0 - size:100
2018-05-15_23:06:16:164- message received - id:0 - topic:mqtt-roundtrip-qos1-100Byte-100-cycles - qos:0 - size:100
2018-05-15_23:06:16:165- message sent - id:0 - topic:mqtt-roundtrip-qos1-100Byte-100-cycles_2 - qos:0 - size:100
2018-05-15_23:06:16:165- message received - id:0 - topic:mqtt-roundtrip-qos1-100Byte-100-cycles - qos:0 - size:100
2018-05-15_23:06:16:165- message sent - id:0 - topic:mqtt-roundtrip-qos1-100Byte-100-cycles_2 - qos:0 - size:100
2018-05-15_23:06:16:165- message received - id:0 - topic:mqtt-roundtrip-qos1-100Byte-100-cycles - qos:0 - size:100
2018-05-15_23:06:16:165- message sent - id:0 - topic:mqtt-roundtrip-qos1-100Byte-100-cycles_2 - qos:0 - size:100
2018-05-15_23:06:16:166- message received - id:0 - topic:mqtt-roundtrip-qos1-100Byte-100-cycles - qos:0 - size:100
2018-05-15_23:06:16:166- message sent - id:0 - topic:mqtt-roundtrip-qos1-100Byte-100-cycles_2 - qos:0 - size:100
2018-05-15_23:06:16:166- message received - id:0 - topic:mqtt-roundtrip-qos1-100Byte-100-cycles - qos:0 - size:100
2018-05-15_23:06:16:166- message sent - id:0 - topic:mqtt-roundtrip-qos1-100Byte-100-cycles_2 - qos:0 - size:100
2018-05-15_23:06:16:167- message received - id:0 - topic:mqtt-roundtrip-qos1-100Byte-100-cycles - qos:0 - size:100
2018-05-15_23:06:16:167- message sent - id:0 - topic:mqtt-roundtrip-qos1-100Byte-100-cycles_2 - qos:0 - size:100
2018-05-15_23:06:16:167- message received - id:0 - topic:mqtt-roundtrip-qos1-100Byte-100-cycles - qos:0 - size:100
2018-05-15_23:06:16:167- message sent - id:0 - topic:mqtt-roundtrip-qos1-100Byte-100-cycles_2 - qos:0 - size:100
2018-05-15_23:06:16:168- message received - id:0 - topic:mqtt-roundtrip-qos1-100Byte-100-cycles - qos:0 - size:100
2018-05-15_23:06:16:168- message sent - id:0 - topic:mqtt-roundtrip-qos1-100Byte-100-cycles_2 - qos:0 - size:100
2018-05-15_23:06:16:168- message received - id:0 - topic:mqtt-roundtrip-qos1-100Byte-100-cycles - qos:0 - size:100
2018-05-15_23:06:16:168- message sent - id:0 - topic:mqtt-roundtrip-qos1-100Byte-100-cycles_2 - qos:0 - size:100
2018-05-15_23:06:16:168- message received - id:0 - topic:mqtt-roundtrip-qos1-100Byte-100-cycles - qos:0 - size:100
2018-05-15_23:06:16:169- message sent - id:0 - topic:mqtt-roundtrip-qos1-100Byte-100-cycles_2 - qos:0 - size:100
2018-05-15_23:06:16:169- message received - id:0 - topic:mqtt-roundtrip-qos1-100Byte-100-cycles - qos:0 - size:100
2018-05-15_23:06:16:169- message sent - id:0 - topic:mqtt-roundtrip-qos1-100Byte-100-cycles_2 - qos:0 - size:100
2018-05-15_23:06:16:169- message received - id:0 - topic:mqtt-roundtrip-qos1-100Byte-100-cycles - qos:0 - size:100
2018-05-15_23:06:16:170- message sent - id:0 - topic:mqtt-roundtrip-qos1-100Byte-100-cycles_2 - qos:0 - size:100
2018-05-15_23:06:16:170- message received - id:0 - topic:mqtt-roundtrip-qos1-100Byte-100-cycles - qos:0 - size:100
2018-05-15_23:06:16:170- message sent - id:0 - topic:mqtt-roundtrip-qos1-100Byte-100-cycles_2 - qos:0 - size:100
2018-05-15_23:06:16:170- message received - id:0 - topic:mqtt-roundtrip-qos1-100Byte-100-cycles - qos:0 - size:100
2018-05-15_23:06:16:170- message sent - id:0 - topic:mqtt-roundtrip-qos1-100Byte-100-cycles_2 - qos:0 - size:100
2018-05-15_23:06:16:171- message received - id:0 - topic:mqtt-roundtrip-qos1-100Byte-100-cycles - qos:0 - size:100
2018-05-15_23:06:16:171- message sent - id:0 - topic:mqtt-roundtrip-qos1-100Byte-100-cycles_2 - qos:0 - size:100
2018-05-15_23:06:16:171- message received - id:0 - topic:mqtt-roundtrip-qos1-100Byte-100-cycles - qos:0 - size:100
2018-05-15_23:06:16:171- message sent - id:0 - topic:mqtt-roundtrip-qos1-100Byte-100-cycles_2 - qos:0 - size:100
2018-05-15_23:06:16:171- message received - id:0 - topic:mqtt-roundtrip-qos1-100Byte-100-cycles - qos:0 - size:100
2018-05-15_23:06:16:172- message sent - id:0 - topic:mqtt-roundtrip-qos1-100Byte-100-cycles_2 - qos:0 - size:100
2018-05-15_23:06:16:172- message received - id:0 - topic:mqtt-roundtrip-qos1-100Byte-100-cycles - qos:0 - size:100
2018-05-15_23:06:16:172- message sent - id:0 - topic:mqtt-roundtrip-qos1-100Byte-100-cycles_2 - qos:0 - size:100
2018-05-15_23:06:16:172- message received - id:0 - topic:mqtt-roundtrip-qos1-100Byte-100-cycles - qos:0 - size:100
2018-05-15_23:06:16:172- message sent - id:0 - topic:mqtt-roundtrip-qos1-100Byte-100-cycles_2 - qos:0 - size:100
2018-05-15_23:06:16:172- message received - id:0 - topic:mqtt-roundtrip-qos1-100Byte-100-cycles - qos:0 - size:100
2018-05-15_23:06:16:173- message sent - id:0 - topic:mqtt-roundtrip-qos1-100Byte-100-cycles_2 - qos:0 - size:100
2018-05-15_23:06:16:173- message received - id:0 - topic:mqtt-roundtrip-qos1-100Byte-100-cycles - qos:0 - size:100
2018-05-15_23:06:16:173- message sent - id:0 - topic:mqtt-roundtrip-qos1-100Byte-100-cycles_2 - qos:0 - size:100
2018-05-15_23:06:16:173- message received - id:0 - topic:mqtt-roundtrip-qos1-100Byte-100-cycles - qos:0 - size:100
2018-05-15_23:06:16:173- message sent - id:0 - topic:mqtt-roundtrip-qos1-100Byte-100-cycles_2 - qos:0 - size:100
2018-05-15_23:06:16:173- message received - id:0 - topic:mqtt-roundtrip-qos1-100Byte-100-cycles - qos:0 - size:100
2018-05-15_23:06:16:174- message sent - id:0 - topic:mqtt-roundtrip-qos1-100Byte-100-cycles_2 - qos:0 - size:100
2018-05-15_23:06:16:174- message received - id:0 - topic:mqtt-roundtrip-qos1-100Byte-100-cycles - qos:0 - size:100
2018-05-15_23:06:16:174- message sent - id:0 - topic:mqtt-roundtrip-qos1-100Byte-100-cycles_2 - qos:0 - size:100
2018-05-15_23:06:16:174- message received - id:0 - topic:mqtt-roundtrip-qos1-100Byte-100-cycles - qos:0 - size:100
2018-05-15_23:06:16:174- message sent - id:0 - topic:mqtt-roundtrip-qos1-100Byte-100-cycles_2 - qos:0 - size:100
2018-05-15_23:06:16:175- message received - id:0 - topic:mqtt-roundtrip-qos1-100Byte-100-cycles - qos:0 - size:100
2018-05-15_23:06:16:175- message sent - id:0 - topic:mqtt-roundtrip-qos1-100Byte-100-cycles_2 - qos:0 - size:100
2018-05-15_23:06:16:175- message received - id:0 - topic:mqtt-roundtrip-qos1-100Byte-100-cycles - qos:0 - size:100
2018-05-15_23:06:16:175- message sent - id:0 - topic:mqtt-roundtrip-qos1-100Byte-100-cycles_2 - qos:0 - size:100
2018-05-15_23:06:16:175- message received - id:0 - topic:mqtt-roundtrip-qos1-100Byte-100-cycles - qos:0 - size:100
2018-05-15_23:06:16:175- message sent - id:0 - topic:mqtt-roundtrip-qos1-100Byte-100-cycles_2 - qos:0 - size:100
2018-05-15_23:06:16:176- message received - id:0 - topic:mqtt-roundtrip-qos1-100Byte-100-cycles - qos:0 - size:100
2018-05-15_23:06:16:176- message sent - id:0 - topic:mqtt-roundtrip-qos1-100Byte-100-cycles_2 - qos:0 - size:100
2018-05-15_23:06:16:176- message received - id:0 - topic:mqtt-roundtrip-qos1-100Byte-100-cycles - qos:0 - size:100
2018-05-15_23:06:16:176- message sent - id:0 - topic:mqtt-roundtrip-qos1-100Byte-100-cycles_2 - qos:0 - size:100
2018-05-15_23:06:16:176- message received - id:0 - topic:mqtt-roundtrip-qos1-100Byte-100-cycles - qos:0 - size:100
2018-05-15_23:06:16:176- message sent - id:0 - topic:mqtt-roundtrip-qos1-100Byte-100-cycles_2 - qos:0 - size:100
2018-05-15_23:06:16:177- message received - id:0 - topic:mqtt-roundtrip-qos1-100Byte-100-cycles - qos:0 - size:100
2018-05-15_23:06:16:177- message sent - id:0 - topic:mqtt-roundtrip-qos1-100Byte-100-cycles_2 - qos:0 - size:100
2018-05-15_23:06:16:177- message received - id:0 - topic:mqtt-roundtrip-qos1-100Byte-100-cycles - qos:0 - size:100
2018-05-15_23:06:16:177- message sent - id:0 - topic:mqtt-roundtrip-qos1-100Byte-100-cycles_2 - qos:0 - size:100
2018-05-15_23:06:16:177- message received - id:0 - topic:mqtt-roundtrip-qos1-100Byte-100-cycles - qos:0 - size:100
2018-05-15_23:06:16:178- message sent - id:0 - topic:mqtt-roundtrip-qos1-100Byte-100-cycles_2 - qos:0 - size:100
2018-05-15_23:06:16:178- message received - id:0 - topic:mqtt-roundtrip-qos1-100Byte-100-cycles - qos:0 - size:100
2018-05-15_23:06:16:178- message sent - id:0 - topic:mqtt-roundtrip-qos1-100Byte-100-cycles_2 - qos:0 - size:100
2018-05-15_23:06:16:178- message received - id:0 - topic:mqtt-roundtrip-qos1-100Byte-100-cycles - qos:0 - size:100
2018-05-15_23:06:16:178- message sent - id:0 - topic:mqtt-roundtrip-qos1-100Byte-100-cycles_2 - qos:0 - size:100
2018-05-15_23:06:16:179- message received - id:0 - topic:mqtt-roundtrip-qos1-100Byte-100-cycles - qos:0 - size:100
2018-05-15_23:06:16:179- message sent - id:0 - topic:mqtt-roundtrip-qos1-100Byte-100-cycles_2 - qos:0 - size:100
2018-05-15_23:06:16:179- message received - id:0 - topic:mqtt-roundtrip-qos1-100Byte-100-cycles - qos:0 - size:100
2018-05-15_23:06:16:179- message sent - id:0 - topic:mqtt-roundtrip-qos1-100Byte-100-cycles_2 - qos:0 - size:100
2018-05-15_23:06:16:180- message received - id:0 - topic:mqtt-roundtrip-qos1-100Byte-100-cycles - qos:0 - size:100
2018-05-15_23:06:16:180- message sent - id:0 - topic:mqtt-roundtrip-qos1-100Byte-100-cycles_2 - qos:0 - size:100
2018-05-15_23:06:16:180- message received - id:0 - topic:mqtt-roundtrip-qos1-100Byte-100-cycles - qos:0 - size:100
2018-05-15_23:06:16:180- message sent - id:0 - topic:mqtt-roundtrip-qos1-100Byte-100-cycles_2 - qos:0 - size:100
2018-05-15_23:06:16:181- message received - id:0 - topic:mqtt-roundtrip-qos1-100Byte-100-cycles - qos:0 - size:100
2018-05-15_23:06:16:181- message sent - id:0 - topic:mqtt-roundtrip-qos1-100Byte-100-cycles_2 - qos:0 - size:100
2018-05-15_23:06:16:181- message received - id:0 - topic:mqtt-roundtrip-qos1-100Byte-100-cycles - qos:0 - size:100
2018-05-15_23:06:16:181- message sent - id:0 - topic:mqtt-roundtrip-qos1-100Byte-100-cycles_2 - qos:0 - size:100
2018-05-15_23:06:16:182- message received - id:0 - topic:mqtt-roundtrip-qos1-100Byte-100-cycles - qos:0 - size:100
2018-05-15_23:06:16:182- message sent - id:0 - topic:mqtt-roundtrip-qos1-100Byte-100-cycles_2 - qos:0 - size:100
2018-05-15_23:06:16:183- message received - id:0 - topic:mqtt-roundtrip-qos1-100Byte-100-cycles - qos:0 - size:100
2018-05-15_23:06:16:183- message sent - id:0 - topic:mqtt-roundtrip-qos1-100Byte-100-cycles_2 - qos:0 - size:100
2018-05-15_23:06:16:183- message received - id:0 - topic:mqtt-roundtrip-qos1-100Byte-100-cycles - qos:0 - size:100
2018-05-15_23:06:16:183- message sent - id:0 - topic:mqtt-roundtrip-qos1-100Byte-100-cycles_2 - qos:0 - size:100
2018-05-15_23:06:16:184- message received - id:0 - topic:mqtt-roundtrip-qos1-100Byte-100-cycles - qos:0 - size:100
2018-05-15_23:06:16:184- message sent - id:0 - topic:mqtt-roundtrip-qos1-100Byte-100-cycles_2 - qos:0 - size:100
2018-05-15_23:06:16:185- message received - id:0 - topic:mqtt-roundtrip-qos1-100Byte-100-cycles - qos:0 - size:100
2018-05-15_23:06:16:185- message sent - id:0 - topic:mqtt-roundtrip-qos1-100Byte-100-cycles_2 - qos:0 - size:100
2018-05-15_23:06:16:185- message received - id:0 - topic:mqtt-roundtrip-qos1-100Byte-100-cycles - qos:0 - size:100
2018-05-15_23:06:16:186- message sent - id:0 - topic:mqtt-roundtrip-qos1-100Byte-100-cycles_2 - qos:0 - size:100
2018-05-15_23:06:16:186- message received - id:0 - topic:mqtt-roundtrip-qos1-100Byte-100-cycles - qos:0 - size:100
2018-05-15_23:06:16:186- message sent - id:0 - topic:mqtt-roundtrip-qos1-100Byte-100-cycles_2 - qos:0 - size:100
2018-05-15_23:06:16:186- message received - id:0 - topic:mqtt-roundtrip-qos1-100Byte-100-cycles - qos:0 - size:100
2018-05-15_23:06:16:187- message sent - id:0 - topic:mqtt-roundtrip-qos1-100Byte-100-cycles_2 - qos:0 - size:100
2018-05-15_23:06:16:187- message received - id:0 - topic:mqtt-roundtrip-qos1-100Byte-100-cycles - qos:0 - size:100
2018-05-15_23:06:16:187- message sent - id:0 - topic:mqtt-roundtrip-qos1-100Byte-100-cycles_2 - qos:0 - size:100
2018-05-15_23:06:16:187- message received - id:0 - topic:mqtt-roundtrip-qos1-100Byte-100-cycles - qos:0 - size:100
2018-05-15_23:06:16:188- message sent - id:0 - topic:mqtt-roundtrip-qos1-100Byte-100-cycles_2 - qos:0 - size:100
2018-05-15_23:06:16:188- message received - id:0 - topic:mqtt-roundtrip-qos1-100Byte-100-cycles - qos:0 - size:100
2018-05-15_23:06:16:188- message sent - id:0 - topic:mqtt-roundtrip-qos1-100Byte-100-cycles_2 - qos:0 - size:100
2018-05-15_23:06:16:188- message received - id:0 - topic:mqtt-roundtrip-qos1-100Byte-100-cycles - qos:0 - size:100
2018-05-15_23:06:16:188- message sent - id:0 - topic:mqtt-roundtrip-qos1-100Byte-100-cycles_2 - qos:0 - size:100
2018-05-15_23:06:16:189- message received - id:0 - topic:mqtt-roundtrip-qos1-100Byte-100-cycles - qos:0 - size:100
2018-05-15_23:06:16:189- message sent - id:0 - topic:mqtt-roundtrip-qos1-100Byte-100-cycles_2 - qos:0 - size:100
2018-05-15_23:06:16:189- message received - id:0 - topic:mqtt-roundtrip-qos1-100Byte-100-cycles - qos:0 - size:100
2018-05-15_23:06:16:189- message sent - id:0 - topic:mqtt-roundtrip-qos1-100Byte-100-cycles_2 - qos:0 - size:100
2018-05-15_23:06:16:190- message received - id:0 - topic:mqtt-roundtrip-qos1-100Byte-100-cycles - qos:0 - size:100
2018-05-15_23:06:16:190- message sent - id:0 - topic:mqtt-roundtrip-qos1-100Byte-100-cycles_2 - qos:0 - size:100
2018-05-15_23:06:16:190- message received - id:0 - topic:mqtt-roundtrip-qos1-100Byte-100-cycles - qos:0 - size:100
2018-05-15_23:06:16:190- message sent - id:0 - topic:mqtt-roundtrip-qos1-100Byte-100-cycles_2 - qos:0 - size:100
2018-05-15_23:06:16:190- message received - id:0 - topic:mqtt-roundtrip-qos1-100Byte-100-cycles - qos:0 - size:100
2018-05-15_23:06:16:191- message sent - id:0 - topic:mqtt-roundtrip-qos1-100Byte-100-cycles_2 - qos:0 - size:100
2018-05-15_23:06:16:191- message received - id:0 - topic:mqtt-roundtrip-qos1-100Byte-100-cycles - qos:0 - size:100
2018-05-15_23:06:16:191- message sent - id:0 - topic:mqtt-roundtrip-qos1-100Byte-100-cycles_2 - qos:0 - size:100
2018-05-15_23:06:16:192- message received - id:0 - topic:mqtt-roundtrip-qos1-100Byte-100-cycles - qos:0 - size:100
2018-05-15_23:06:16:192- message sent - id:0 - topic:mqtt-roundtrip-qos1-100Byte-100-cycles_2 - qos:0 - size:100
2018-05-15_23:06:16:193- message received - id:0 - topic:mqtt-roundtrip-qos1-100Byte-100-cycles - qos:0 - size:100
2018-05-15_23:06:16:193- message sent - id:0 - topic:mqtt-roundtrip-qos1-100Byte-100-cycles_2 - qos:0 - size:100
2018-05-15_23:06:16:193- message received - id:0 - topic:mqtt-roundtrip-qos1-100Byte-100-cycles - qos:0 - size:100
2018-05-15_23:06:16:194- message sent - id:0 - topic:mqtt-roundtrip-qos1-100Byte-100-cycles_2 - qos:0 - size:100
2018-05-15_23:06:16:194- message received - id:0 - topic:mqtt-roundtrip-qos1-100Byte-100-cycles - qos:0 - size:100
2018-05-15_23:06:16:194- message sent - id:0 - topic:mqtt-roundtrip-qos1-100Byte-100-cycles_2 - qos:0 - size:100
2018-05-15_23:06:16:194- message received - id:0 - topic:mqtt-roundtrip-qos1-100Byte-100-cycles - qos:0 - size:100
2018-05-15_23:06:16:194- message sent - id:0 - topic:mqtt-roundtrip-qos1-100Byte-100-cycles_2 - qos:0 - size:100
2018-05-15_23:06:16:195- message received - id:0 - topic:mqtt-roundtrip-qos1-100Byte-100-cycles - qos:0 - size:100
2018-05-15_23:06:16:195- message sent - id:0 - topic:mqtt-roundtrip-qos1-100Byte-100-cycles_2 - qos:0 - size:100
2018-05-15_23:06:16:195- message received - id:0 - topic:mqtt-roundtrip-qos1-100Byte-100-cycles - qos:0 - size:100
2018-05-15_23:06:16:195- message sent - id:0 - topic:mqtt-roundtrip-qos1-100Byte-100-cycles_2 - qos:0 - size:100
2018-05-15_23:06:16:195- message received - id:0 - topic:mqtt-roundtrip-qos1-100Byte-100-cycles - qos:0 - size:100
2018-05-15_23:06:16:195- message sent - id:0 - topic:mqtt-roundtrip-qos1-100Byte-100-cycles_2 - qos:0 - size:100
2018-05-15_23:06:16:196- message received - id:0 - topic:mqtt-roundtrip-qos1-100Byte-100-cycles - qos:0 - size:100
2018-05-15_23:06:16:196- message sent - id:0 - topic:mqtt-roundtrip-qos1-100Byte-100-cycles_2 - qos:0 - size:100
2018-05-15_23:06:16:196- message received - id:0 - topic:mqtt-roundtrip-qos1-100Byte-100-cycles - qos:0 - size:100
2018-05-15_23:06:16:196- message sent - id:0 - topic:mqtt-roundtrip-qos1-100Byte-100-cycles_2 - qos:0 - size:100
2018-05-15_23:06:16:196- message received - id:0 - topic:mqtt-roundtrip-qos1-100Byte-100-cycles - qos:0 - size:100
2018-05-15_23:06:16:197- message sent - id:0 - topic:mqtt-roundtrip-qos1-100Byte-100-cycles_2 - qos:0 - size:100
2018-05-15_23:06:16:197- message received - id:0 - topic:mqtt-roundtrip-qos1-100Byte-100-cycles - qos:0 - size:100
2018-05-15_23:06:16:197- message sent - id:0 - topic:mqtt-roundtrip-qos1-100Byte-100-cycles_2 - qos:0 - size:100
2018-05-15_23:06:16:197- message received - id:0 - topic:mqtt-roundtrip-qos1-100Byte-100-cycles - qos:0 - size:100
2018-05-15_23:06:16:198- message sent - id:0 - topic:mqtt-roundtrip-qos1-100Byte-100-cycles_2 - qos:0 - size:100
2018-05-15_23:06:16:198- message received - id:0 - topic:mqtt-roundtrip-qos1-100Byte-100-cycles - qos:0 - size:100
2018-05-15_23:06:16:198- message sent - id:0 - topic:mqtt-roundtrip-qos1-100Byte-100-cycles_2 - qos:0 - size:100
2018-05-15_23:06:16:198- message received - id:0 - topic:mqtt-roundtrip-qos1-100Byte-100-cycles - qos:0 - size:100
2018-05-15_23:06:16:199- message sent - id:0 - topic:mqtt-roundtrip-qos1-100Byte-100-cycles_2 - qos:0 - size:100
2018-05-15_23:06:16:199- message received - id:0 - topic:mqtt-roundtrip-qos1-100Byte-100-cycles - qos:0 - size:100
2018-05-15_23:06:16:199- message sent - id:0 - topic:mqtt-roundtrip-qos1-100Byte-100-cycles_2 - qos:0 - size:100
2018-05-15_23:06:16:199- message received - id:0 - topic:mqtt-roundtrip-qos1-100Byte-100-cycles - qos:0 - size:100
2018-05-15_23:06:16:199- message sent - id:0 - topic:mqtt-roundtrip-qos1-100Byte-100-cycles_2 - qos:0 - size:100
2018-05-15_23:06:16:199- message received - id:0 - topic:mqtt-roundtrip-qos1-100Byte-100-cycles - qos:0 - size:100
2018-05-15_23:06:16:200- message sent - id:0 - topic:mqtt-roundtrip-qos1-100Byte-100-cycles_2 - qos:0 - size:100
2018-05-15_23:06:16:200- message received - id:0 - topic:mqtt-roundtrip-qos1-100Byte-100-cycles - qos:0 - size:100
2018-05-15_23:06:16:200- message sent - id:0 - topic:mqtt-roundtrip-qos1-100Byte-100-cycles_2 - qos:0 - size:100
2018-05-15_23:06:16:200- message received - id:0 - topic:mqtt-roundtrip-qos1-100Byte-100-cycles - qos:0 - size:100
2018-05-15_23:06:16:200- message sent - id:0 - topic:mqtt-roundtrip-qos1-100Byte-100-cycles_2 - qos:0 - size:100
2018-05-15_23:06:16:201- message received - id:0 - topic:mqtt-roundtrip-qos1-100Byte-100-cycles - qos:0 - size:100
2018-05-15_23:06:16:201- message sent - id:0 - topic:mqtt-roundtrip-qos1-100Byte-100-cycles_2 - qos:0 - size:100
2018-05-15_23:06:16:201- message received - id:0 - topic:mqtt-roundtrip-qos1-100Byte-100-cycles - qos:0 - size:100
2018-05-15_23:06:16:201- message sent - id:0 - topic:mqtt-roundtrip-qos1-100Byte-100-cycles_2 - qos:0 - size:100
