2018-05-15_23:16:01:120- connecting to broker 192.168.1.100:1883
2018-05-15_23:16:01:121- Subscribing to topic mqtt-roundtrip-qos2-10KByte-100-cycles_2
2018-05-15_23:16:01:121- subscribe returned (0, 1)
2018-05-15_23:16:01:121- Client connected to broker
2018-05-15_23:16:04:163- Performing message publishing for 100 cycles
2018-05-15_23:16:04:190- message sent - id:2 - topic:mqtt-roundtrip-qos2-10KByte-100-cycles - qos:2 - size:10240
2018-05-15_23:16:04:190- message sent - id:3 - topic:mqtt-roundtrip-qos2-10KByte-100-cycles - qos:2 - size:10240
2018-05-15_23:16:04:190- message sent - id:4 - topic:mqtt-roundtrip-qos2-10KByte-100-cycles - qos:2 - size:10240
2018-05-15_23:16:04:190- message sent - id:5 - topic:mqtt-roundtrip-qos2-10KByte-100-cycles - qos:2 - size:10240
2018-05-15_23:16:04:191- message sent - id:6 - topic:mqtt-roundtrip-qos2-10KByte-100-cycles - qos:2 - size:10240
2018-05-15_23:16:04:191- message sent - id:7 - topic:mqtt-roundtrip-qos2-10KByte-100-cycles - qos:2 - size:10240
2018-05-15_23:16:04:191- message sent - id:8 - topic:mqtt-roundtrip-qos2-10KByte-100-cycles - qos:2 - size:10240
2018-05-15_23:16:04:191- message sent - id:9 - topic:mqtt-roundtrip-qos2-10KByte-100-cycles - qos:2 - size:10240
2018-05-15_23:16:04:191- message sent - id:10 - topic:mqtt-roundtrip-qos2-10KByte-100-cycles - qos:2 - size:10240
2018-05-15_23:16:04:192- message received - id:0 - topic:mqtt-roundtrip-qos2-10KByte-100-cycles_2 - qos:0 - size:10240
2018-05-15_23:16:04:194- message sent - id:11 - topic:mqtt-roundtrip-qos2-10KByte-100-cycles - qos:2 - size:10240
2018-05-15_23:16:04:195- message received - id:0 - topic:mqtt-roundtrip-qos2-10KByte-100-cycles_2 - qos:0 - size:10240
2018-05-15_23:16:04:196- message sent - id:12 - topic:mqtt-roundtrip-qos2-10KByte-100-cycles - qos:2 - size:10240
2018-05-15_23:16:04:198- message received - id:0 - topic:mqtt-roundtrip-qos2-10KByte-100-cycles_2 - qos:0 - size:10240
2018-05-15_23:16:04:199- message sent - id:13 - topic:mqtt-roundtrip-qos2-10KByte-100-cycles - qos:2 - size:10240
2018-05-15_23:16:04:199- message received - id:0 - topic:mqtt-roundtrip-qos2-10KByte-100-cycles_2 - qos:0 - size:10240
2018-05-15_23:16:04:201- message sent - id:14 - topic:mqtt-roundtrip-qos2-10KByte-100-cycles - qos:2 - size:10240
2018-05-15_23:16:04:204- message received - id:0 - topic:mqtt-roundtrip-qos2-10KByte-100-cycles_2 - qos:0 - size:10240
2018-05-15_23:16:04:204- message sent - id:15 - topic:mqtt-roundtrip-qos2-10KByte-100-cycles - qos:2 - size:10240
2018-05-15_23:16:04:206- message received - id:0 - topic:mqtt-roundtrip-qos2-10KByte-100-cycles_2 - qos:0 - size:10240
2018-05-15_23:16:04:207- message sent - id:16 - topic:mqtt-roundtrip-qos2-10KByte-100-cycles - qos:2 - size:10240
2018-05-15_23:16:04:209- message received - id:0 - topic:mqtt-roundtrip-qos2-10KByte-100-cycles_2 - qos:0 - size:10240
2018-05-15_23:16:04:209- message sent - id:17 - topic:mqtt-roundtrip-qos2-10KByte-100-cycles - qos:2 - size:10240
2018-05-15_23:16:04:210- message received - id:0 - topic:mqtt-roundtrip-qos2-10KByte-100-cycles_2 - qos:0 - size:10240
2018-05-15_23:16:04:212- message sent - id:18 - topic:mqtt-roundtrip-qos2-10KByte-100-cycles - qos:2 - size:10240
2018-05-15_23:16:04:215- message received - id:0 - topic:mqtt-roundtrip-qos2-10KByte-100-cycles_2 - qos:0 - size:10240
2018-05-15_23:16:04:215- message sent - id:19 - topic:mqtt-roundtrip-qos2-10KByte-100-cycles - qos:2 - size:10240
2018-05-15_23:16:04:215- message received - id:0 - topic:mqtt-roundtrip-qos2-10KByte-100-cycles_2 - qos:0 - size:10240
2018-05-15_23:16:04:217- message sent - id:20 - topic:mqtt-roundtrip-qos2-10KByte-100-cycles - qos:2 - size:10240
2018-05-15_23:16:04:219- message received - id:0 - topic:mqtt-roundtrip-qos2-10KByte-100-cycles_2 - qos:0 - size:10240
2018-05-15_23:16:04:220- message sent - id:21 - topic:mqtt-roundtrip-qos2-10KByte-100-cycles - qos:2 - size:10240
2018-05-15_23:16:04:222- message received - id:0 - topic:mqtt-roundtrip-qos2-10KByte-100-cycles_2 - qos:0 - size:10240
2018-05-15_23:16:04:224- message received - id:0 - topic:mqtt-roundtrip-qos2-10KByte-100-cycles_2 - qos:0 - size:10240
2018-05-15_23:16:04:226- message received - id:0 - topic:mqtt-roundtrip-qos2-10KByte-100-cycles_2 - qos:0 - size:10240
2018-05-15_23:16:04:227- message received - id:0 - topic:mqtt-roundtrip-qos2-10KByte-100-cycles_2 - qos:0 - size:10240
2018-05-15_23:16:04:227- message received - id:0 - topic:mqtt-roundtrip-qos2-10KByte-100-cycles_2 - qos:0 - size:10240
2018-05-15_23:16:04:228- message received - id:0 - topic:mqtt-roundtrip-qos2-10KByte-100-cycles_2 - qos:0 - size:10240
2018-05-15_23:16:04:229- message received - id:0 - topic:mqtt-roundtrip-qos2-10KByte-100-cycles_2 - qos:0 - size:10240
2018-05-15_23:16:04:230- message received - id:0 - topic:mqtt-roundtrip-qos2-10KByte-100-cycles_2 - qos:0 - size:10240
2018-05-15_23:16:04:231- message received - id:0 - topic:mqtt-roundtrip-qos2-10KByte-100-cycles_2 - qos:0 - size:10240
2018-05-15_23:16:04:237- message sent - id:22 - topic:mqtt-roundtrip-qos2-10KByte-100-cycles - qos:2 - size:10240
2018-05-15_23:16:04:237- message sent - id:23 - topic:mqtt-roundtrip-qos2-10KByte-100-cycles - qos:2 - size:10240
2018-05-15_23:16:04:237- message sent - id:24 - topic:mqtt-roundtrip-qos2-10KByte-100-cycles - qos:2 - size:10240
2018-05-15_23:16:04:237- message sent - id:25 - topic:mqtt-roundtrip-qos2-10KByte-100-cycles - qos:2 - size:10240
2018-05-15_23:16:04:237- message sent - id:26 - topic:mqtt-roundtrip-qos2-10KByte-100-cycles - qos:2 - size:10240
2018-05-15_23:16:04:238- message received - id:0 - topic:mqtt-roundtrip-qos2-10KByte-100-cycles_2 - qos:0 - size:10240
2018-05-15_23:16:04:238- message sent - id:27 - topic:mqtt-roundtrip-qos2-10KByte-100-cycles - qos:2 - size:10240
2018-05-15_23:16:04:241- message received - id:0 - topic:mqtt-roundtrip-qos2-10KByte-100-cycles_2 - qos:0 - size:10240
2018-05-15_23:16:04:242- message sent - id:28 - topic:mqtt-roundtrip-qos2-10KByte-100-cycles - qos:2 - size:10240
2018-05-15_23:16:04:243- message received - id:0 - topic:mqtt-roundtrip-qos2-10KByte-100-cycles_2 - qos:0 - size:10240
2018-05-15_23:16:04:244- message sent - id:29 - topic:mqtt-roundtrip-qos2-10KByte-100-cycles - qos:2 - size:10240
2018-05-15_23:16:04:247- message received - id:0 - topic:mqtt-roundtrip-qos2-10KByte-100-cycles_2 - qos:0 - size:10240
2018-05-15_23:16:04:248- message sent - id:30 - topic:mqtt-roundtrip-qos2-10KByte-100-cycles - qos:2 - size:10240
2018-05-15_23:16:04:249- message received - id:0 - topic:mqtt-roundtrip-qos2-10KByte-100-cycles_2 - qos:0 - size:10240
2018-05-15_23:16:04:250- message sent - id:31 - topic:mqtt-roundtrip-qos2-10KByte-100-cycles - qos:2 - size:10240
2018-05-15_23:16:04:252- message received - id:0 - topic:mqtt-roundtrip-qos2-10KByte-100-cycles_2 - qos:0 - size:10240
2018-05-15_23:16:04:252- message sent - id:32 - topic:mqtt-roundtrip-qos2-10KByte-100-cycles - qos:2 - size:10240
2018-05-15_23:16:04:253- message received - id:0 - topic:mqtt-roundtrip-qos2-10KByte-100-cycles_2 - qos:0 - size:10240
2018-05-15_23:16:04:255- message sent - id:33 - topic:mqtt-roundtrip-qos2-10KByte-100-cycles - qos:2 - size:10240
2018-05-15_23:16:04:256- message received - id:0 - topic:mqtt-roundtrip-qos2-10KByte-100-cycles_2 - qos:0 - size:10240
2018-05-15_23:16:04:257- message sent - id:34 - topic:mqtt-roundtrip-qos2-10KByte-100-cycles - qos:2 - size:10240
2018-05-15_23:16:04:259- message received - id:0 - topic:mqtt-roundtrip-qos2-10KByte-100-cycles_2 - qos:0 - size:10240
2018-05-15_23:16:04:259- message sent - id:35 - topic:mqtt-roundtrip-qos2-10KByte-100-cycles - qos:2 - size:10240
2018-05-15_23:16:04:260- message received - id:0 - topic:mqtt-roundtrip-qos2-10KByte-100-cycles_2 - qos:0 - size:10240
2018-05-15_23:16:04:261- message sent - id:36 - topic:mqtt-roundtrip-qos2-10KByte-100-cycles - qos:2 - size:10240
2018-05-15_23:16:04:262- message received - id:0 - topic:mqtt-roundtrip-qos2-10KByte-100-cycles_2 - qos:0 - size:10240
2018-05-15_23:16:04:263- message sent - id:37 - topic:mqtt-roundtrip-qos2-10KByte-100-cycles - qos:2 - size:10240
2018-05-15_23:16:04:265- message received - id:0 - topic:mqtt-roundtrip-qos2-10KByte-100-cycles_2 - qos:0 - size:10240
2018-05-15_23:16:04:266- message sent - id:38 - topic:mqtt-roundtrip-qos2-10KByte-100-cycles - qos:2 - size:10240
2018-05-15_23:16:04:268- message received - id:0 - topic:mqtt-roundtrip-qos2-10KByte-100-cycles_2 - qos:0 - size:10240
2018-05-15_23:16:04:268- message sent - id:39 - topic:mqtt-roundtrip-qos2-10KByte-100-cycles - qos:2 - size:10240
2018-05-15_23:16:04:270- message received - id:0 - topic:mqtt-roundtrip-qos2-10KByte-100-cycles_2 - qos:0 - size:10240
2018-05-15_23:16:04:271- message sent - id:40 - topic:mqtt-roundtrip-qos2-10KByte-100-cycles - qos:2 - size:10240
2018-05-15_23:16:04:272- message received - id:0 - topic:mqtt-roundtrip-qos2-10KByte-100-cycles_2 - qos:0 - size:10240
2018-05-15_23:16:04:272- message sent - id:41 - topic:mqtt-roundtrip-qos2-10KByte-100-cycles - qos:2 - size:10240
2018-05-15_23:16:04:274- message received - id:0 - topic:mqtt-roundtrip-qos2-10KByte-100-cycles_2 - qos:0 - size:10240
2018-05-15_23:16:04:276- message received - id:0 - topic:mqtt-roundtrip-qos2-10KByte-100-cycles_2 - qos:0 - size:10240
2018-05-15_23:16:04:277- message received - id:0 - topic:mqtt-roundtrip-qos2-10KByte-100-cycles_2 - qos:0 - size:10240
2018-05-15_23:16:04:278- message received - id:0 - topic:mqtt-roundtrip-qos2-10KByte-100-cycles_2 - qos:0 - size:10240
2018-05-15_23:16:04:279- message received - id:0 - topic:mqtt-roundtrip-qos2-10KByte-100-cycles_2 - qos:0 - size:10240
2018-05-15_23:16:04:282- message sent - id:42 - topic:mqtt-roundtrip-qos2-10KByte-100-cycles - qos:2 - size:10240
2018-05-15_23:16:04:283- message sent - id:43 - topic:mqtt-roundtrip-qos2-10KByte-100-cycles - qos:2 - size:10240
2018-05-15_23:16:04:284- message sent - id:44 - topic:mqtt-roundtrip-qos2-10KByte-100-cycles - qos:2 - size:10240
2018-05-15_23:16:04:285- message sent - id:45 - topic:mqtt-roundtrip-qos2-10KByte-100-cycles - qos:2 - size:10240
2018-05-15_23:16:04:287- message received - id:0 - topic:mqtt-roundtrip-qos2-10KByte-100-cycles_2 - qos:0 - size:10240
2018-05-15_23:16:04:289- message sent - id:46 - topic:mqtt-roundtrip-qos2-10KByte-100-cycles - qos:2 - size:10240
2018-05-15_23:16:04:291- message received - id:0 - topic:mqtt-roundtrip-qos2-10KByte-100-cycles_2 - qos:0 - size:10240
2018-05-15_23:16:04:291- message sent - id:47 - topic:mqtt-roundtrip-qos2-10KByte-100-cycles - qos:2 - size:10240
2018-05-15_23:16:04:293- message received - id:0 - topic:mqtt-roundtrip-qos2-10KByte-100-cycles_2 - qos:0 - size:10240
2018-05-15_23:16:04:293- message sent - id:48 - topic:mqtt-roundtrip-qos2-10KByte-100-cycles - qos:2 - size:10240
2018-05-15_23:16:04:294- message sent - id:49 - topic:mqtt-roundtrip-qos2-10KByte-100-cycles - qos:2 - size:10240
2018-05-15_23:16:04:294- message sent - id:50 - topic:mqtt-roundtrip-qos2-10KByte-100-cycles - qos:2 - size:10240
2018-05-15_23:16:04:294- message sent - id:51 - topic:mqtt-roundtrip-qos2-10KByte-100-cycles - qos:2 - size:10240
2018-05-15_23:16:04:294- message received - id:0 - topic:mqtt-roundtrip-qos2-10KByte-100-cycles_2 - qos:0 - size:10240
2018-05-15_23:16:04:294- message sent - id:52 - topic:mqtt-roundtrip-qos2-10KByte-100-cycles - qos:2 - size:10240
2018-05-15_23:16:04:296- message sent - id:53 - topic:mqtt-roundtrip-qos2-10KByte-100-cycles - qos:2 - size:10240
2018-05-15_23:16:04:296- message sent - id:54 - topic:mqtt-roundtrip-qos2-10KByte-100-cycles - qos:2 - size:10240
2018-05-15_23:16:04:296- message sent - id:55 - topic:mqtt-roundtrip-qos2-10KByte-100-cycles - qos:2 - size:10240
2018-05-15_23:16:04:297- message sent - id:56 - topic:mqtt-roundtrip-qos2-10KByte-100-cycles - qos:2 - size:10240
2018-05-15_23:16:04:297- message sent - id:57 - topic:mqtt-roundtrip-qos2-10KByte-100-cycles - qos:2 - size:10240
2018-05-15_23:16:04:297- message sent - id:58 - topic:mqtt-roundtrip-qos2-10KByte-100-cycles - qos:2 - size:10240
2018-05-15_23:16:04:297- message sent - id:59 - topic:mqtt-roundtrip-qos2-10KByte-100-cycles - qos:2 - size:10240
2018-05-15_23:16:04:297- message sent - id:60 - topic:mqtt-roundtrip-qos2-10KByte-100-cycles - qos:2 - size:10240
2018-05-15_23:16:04:298- message sent - id:61 - topic:mqtt-roundtrip-qos2-10KByte-100-cycles - qos:2 - size:10240
2018-05-15_23:16:04:298- message received - id:0 - topic:mqtt-roundtrip-qos2-10KByte-100-cycles_2 - qos:0 - size:10240
2018-05-15_23:16:04:300- message received - id:0 - topic:mqtt-roundtrip-qos2-10KByte-100-cycles_2 - qos:0 - size:10240
2018-05-15_23:16:04:302- message received - id:0 - topic:mqtt-roundtrip-qos2-10KByte-100-cycles_2 - qos:0 - size:10240
2018-05-15_23:16:04:306- message received - id:0 - topic:mqtt-roundtrip-qos2-10KByte-100-cycles_2 - qos:0 - size:10240
2018-05-15_23:16:04:308- message received - id:0 - topic:mqtt-roundtrip-qos2-10KByte-100-cycles_2 - qos:0 - size:10240
2018-05-15_23:16:04:312- message received - id:0 - topic:mqtt-roundtrip-qos2-10KByte-100-cycles_2 - qos:0 - size:10240
2018-05-15_23:16:04:313- message received - id:0 - topic:mqtt-roundtrip-qos2-10KByte-100-cycles_2 - qos:0 - size:10240
2018-05-15_23:16:04:315- message received - id:0 - topic:mqtt-roundtrip-qos2-10KByte-100-cycles_2 - qos:0 - size:10240
2018-05-15_23:16:04:318- message received - id:0 - topic:mqtt-roundtrip-qos2-10KByte-100-cycles_2 - qos:0 - size:10240
2018-05-15_23:16:04:320- message received - id:0 - topic:mqtt-roundtrip-qos2-10KByte-100-cycles_2 - qos:0 - size:10240
2018-05-15_23:16:04:320- message sent - id:62 - topic:mqtt-roundtrip-qos2-10KByte-100-cycles - qos:2 - size:10240
2018-05-15_23:16:04:320- message sent - id:63 - topic:mqtt-roundtrip-qos2-10KByte-100-cycles - qos:2 - size:10240
2018-05-15_23:16:04:320- message sent - id:64 - topic:mqtt-roundtrip-qos2-10KByte-100-cycles - qos:2 - size:10240
2018-05-15_23:16:04:322- message received - id:0 - topic:mqtt-roundtrip-qos2-10KByte-100-cycles_2 - qos:0 - size:10240
2018-05-15_23:16:04:322- message sent - id:65 - topic:mqtt-roundtrip-qos2-10KByte-100-cycles - qos:2 - size:10240
2018-05-15_23:16:04:322- message sent - id:66 - topic:mqtt-roundtrip-qos2-10KByte-100-cycles - qos:2 - size:10240
2018-05-15_23:16:04:322- message sent - id:67 - topic:mqtt-roundtrip-qos2-10KByte-100-cycles - qos:2 - size:10240
2018-05-15_23:16:04:322- message sent - id:68 - topic:mqtt-roundtrip-qos2-10KByte-100-cycles - qos:2 - size:10240
2018-05-15_23:16:04:323- message sent - id:69 - topic:mqtt-roundtrip-qos2-10KByte-100-cycles - qos:2 - size:10240
2018-05-15_23:16:04:324- message received - id:0 - topic:mqtt-roundtrip-qos2-10KByte-100-cycles_2 - qos:0 - size:10240
2018-05-15_23:16:04:324- message sent - id:70 - topic:mqtt-roundtrip-qos2-10KByte-100-cycles - qos:2 - size:10240
2018-05-15_23:16:04:325- message sent - id:71 - topic:mqtt-roundtrip-qos2-10KByte-100-cycles - qos:2 - size:10240
2018-05-15_23:16:04:325- message sent - id:72 - topic:mqtt-roundtrip-qos2-10KByte-100-cycles - qos:2 - size:10240
2018-05-15_23:16:04:325- message sent - id:73 - topic:mqtt-roundtrip-qos2-10KByte-100-cycles - qos:2 - size:10240
2018-05-15_23:16:04:325- message sent - id:74 - topic:mqtt-roundtrip-qos2-10KByte-100-cycles - qos:2 - size:10240
2018-05-15_23:16:04:327- message received - id:0 - topic:mqtt-roundtrip-qos2-10KByte-100-cycles_2 - qos:0 - size:10240
2018-05-15_23:16:04:327- message sent - id:75 - topic:mqtt-roundtrip-qos2-10KByte-100-cycles - qos:2 - size:10240
2018-05-15_23:16:04:327- message sent - id:76 - topic:mqtt-roundtrip-qos2-10KByte-100-cycles - qos:2 - size:10240
2018-05-15_23:16:04:327- message sent - id:77 - topic:mqtt-roundtrip-qos2-10KByte-100-cycles - qos:2 - size:10240
2018-05-15_23:16:04:328- message received - id:0 - topic:mqtt-roundtrip-qos2-10KByte-100-cycles_2 - qos:0 - size:10240
2018-05-15_23:16:04:328- message sent - id:78 - topic:mqtt-roundtrip-qos2-10KByte-100-cycles - qos:2 - size:10240
2018-05-15_23:16:04:330- message received - id:0 - topic:mqtt-roundtrip-qos2-10KByte-100-cycles_2 - qos:0 - size:10240
2018-05-15_23:16:04:330- message sent - id:79 - topic:mqtt-roundtrip-qos2-10KByte-100-cycles - qos:2 - size:10240
2018-05-15_23:16:04:331- message sent - id:80 - topic:mqtt-roundtrip-qos2-10KByte-100-cycles - qos:2 - size:10240
2018-05-15_23:16:04:332- message received - id:0 - topic:mqtt-roundtrip-qos2-10KByte-100-cycles_2 - qos:0 - size:10240
2018-05-15_23:16:04:333- message sent - id:81 - topic:mqtt-roundtrip-qos2-10KByte-100-cycles - qos:2 - size:10240
2018-05-15_23:16:04:335- message received - id:0 - topic:mqtt-roundtrip-qos2-10KByte-100-cycles_2 - qos:0 - size:10240
2018-05-15_23:16:04:336- message received - id:0 - topic:mqtt-roundtrip-qos2-10KByte-100-cycles_2 - qos:0 - size:10240
2018-05-15_23:16:04:339- message received - id:0 - topic:mqtt-roundtrip-qos2-10KByte-100-cycles_2 - qos:0 - size:10240
2018-05-15_23:16:04:341- message received - id:0 - topic:mqtt-roundtrip-qos2-10KByte-100-cycles_2 - qos:0 - size:10240
2018-05-15_23:16:04:343- message received - id:0 - topic:mqtt-roundtrip-qos2-10KByte-100-cycles_2 - qos:0 - size:10240
2018-05-15_23:16:04:346- message received - id:0 - topic:mqtt-roundtrip-qos2-10KByte-100-cycles_2 - qos:0 - size:10240
2018-05-15_23:16:04:347- message received - id:0 - topic:mqtt-roundtrip-qos2-10KByte-100-cycles_2 - qos:0 - size:10240
2018-05-15_23:16:04:350- message received - id:0 - topic:mqtt-roundtrip-qos2-10KByte-100-cycles_2 - qos:0 - size:10240
2018-05-15_23:16:04:351- message received - id:0 - topic:mqtt-roundtrip-qos2-10KByte-100-cycles_2 - qos:0 - size:10240
2018-05-15_23:16:04:353- message received - id:0 - topic:mqtt-roundtrip-qos2-10KByte-100-cycles_2 - qos:0 - size:10240
2018-05-15_23:16:04:355- message received - id:0 - topic:mqtt-roundtrip-qos2-10KByte-100-cycles_2 - qos:0 - size:10240
2018-05-15_23:16:04:355- message sent - id:82 - topic:mqtt-roundtrip-qos2-10KByte-100-cycles - qos:2 - size:10240
2018-05-15_23:16:04:356- message sent - id:83 - topic:mqtt-roundtrip-qos2-10KByte-100-cycles - qos:2 - size:10240
2018-05-15_23:16:04:357- message received - id:0 - topic:mqtt-roundtrip-qos2-10KByte-100-cycles_2 - qos:0 - size:10240
2018-05-15_23:16:04:358- message sent - id:84 - topic:mqtt-roundtrip-qos2-10KByte-100-cycles - qos:2 - size:10240
2018-05-15_23:16:04:358- message sent - id:85 - topic:mqtt-roundtrip-qos2-10KByte-100-cycles - qos:2 - size:10240
2018-05-15_23:16:04:358- message sent - id:86 - topic:mqtt-roundtrip-qos2-10KByte-100-cycles - qos:2 - size:10240
2018-05-15_23:16:04:359- message received - id:0 - topic:mqtt-roundtrip-qos2-10KByte-100-cycles_2 - qos:0 - size:10240
2018-05-15_23:16:04:360- message sent - id:87 - topic:mqtt-roundtrip-qos2-10KByte-100-cycles - qos:2 - size:10240
2018-05-15_23:16:04:360- message sent - id:88 - topic:mqtt-roundtrip-qos2-10KByte-100-cycles - qos:2 - size:10240
2018-05-15_23:16:04:360- message sent - id:89 - topic:mqtt-roundtrip-qos2-10KByte-100-cycles - qos:2 - size:10240
2018-05-15_23:16:04:362- message received - id:0 - topic:mqtt-roundtrip-qos2-10KByte-100-cycles_2 - qos:0 - size:10240
2018-05-15_23:16:04:362- message sent - id:90 - topic:mqtt-roundtrip-qos2-10KByte-100-cycles - qos:2 - size:10240
2018-05-15_23:16:04:363- message received - id:0 - topic:mqtt-roundtrip-qos2-10KByte-100-cycles_2 - qos:0 - size:10240
2018-05-15_23:16:04:363- message sent - id:91 - topic:mqtt-roundtrip-qos2-10KByte-100-cycles - qos:2 - size:10240
2018-05-15_23:16:04:363- message sent - id:92 - topic:mqtt-roundtrip-qos2-10KByte-100-cycles - qos:2 - size:10240
2018-05-15_23:16:04:364- message sent - id:93 - topic:mqtt-roundtrip-qos2-10KByte-100-cycles - qos:2 - size:10240
2018-05-15_23:16:04:364- message sent - id:94 - topic:mqtt-roundtrip-qos2-10KByte-100-cycles - qos:2 - size:10240
2018-05-15_23:16:04:364- message sent - id:95 - topic:mqtt-roundtrip-qos2-10KByte-100-cycles - qos:2 - size:10240
2018-05-15_23:16:04:365- message received - id:0 - topic:mqtt-roundtrip-qos2-10KByte-100-cycles_2 - qos:0 - size:10240
2018-05-15_23:16:04:367- message received - id:0 - topic:mqtt-roundtrip-qos2-10KByte-100-cycles_2 - qos:0 - size:10240
2018-05-15_23:16:04:369- message received - id:0 - topic:mqtt-roundtrip-qos2-10KByte-100-cycles_2 - qos:0 - size:10240
2018-05-15_23:16:04:369- message sent - id:96 - topic:mqtt-roundtrip-qos2-10KByte-100-cycles - qos:2 - size:10240
2018-05-15_23:16:04:370- message sent - id:97 - topic:mqtt-roundtrip-qos2-10KByte-100-cycles - qos:2 - size:10240
2018-05-15_23:16:04:370- message sent - id:98 - topic:mqtt-roundtrip-qos2-10KByte-100-cycles - qos:2 - size:10240
2018-05-15_23:16:04:370- message sent - id:99 - topic:mqtt-roundtrip-qos2-10KByte-100-cycles - qos:2 - size:10240
2018-05-15_23:16:04:371- message received - id:0 - topic:mqtt-roundtrip-qos2-10KByte-100-cycles_2 - qos:0 - size:10240
2018-05-15_23:16:04:371- message sent - id:100 - topic:mqtt-roundtrip-qos2-10KByte-100-cycles - qos:2 - size:10240
2018-05-15_23:16:04:373- message received - id:0 - topic:mqtt-roundtrip-qos2-10KByte-100-cycles_2 - qos:0 - size:10240
2018-05-15_23:16:04:373- message sent - id:101 - topic:mqtt-roundtrip-qos2-10KByte-100-cycles - qos:2 - size:10240
2018-05-15_23:16:04:375- message received - id:0 - topic:mqtt-roundtrip-qos2-10KByte-100-cycles_2 - qos:0 - size:10240
2018-05-15_23:16:04:377- message received - id:0 - topic:mqtt-roundtrip-qos2-10KByte-100-cycles_2 - qos:0 - size:10240
2018-05-15_23:16:04:379- message received - id:0 - topic:mqtt-roundtrip-qos2-10KByte-100-cycles_2 - qos:0 - size:10240
2018-05-15_23:16:04:381- message received - id:0 - topic:mqtt-roundtrip-qos2-10KByte-100-cycles_2 - qos:0 - size:10240
2018-05-15_23:16:04:383- message received - id:0 - topic:mqtt-roundtrip-qos2-10KByte-100-cycles_2 - qos:0 - size:10240
2018-05-15_23:16:04:384- message received - id:0 - topic:mqtt-roundtrip-qos2-10KByte-100-cycles_2 - qos:0 - size:10240
2018-05-15_23:16:04:387- message received - id:0 - topic:mqtt-roundtrip-qos2-10KByte-100-cycles_2 - qos:0 - size:10240
2018-05-15_23:16:04:388- message received - id:0 - topic:mqtt-roundtrip-qos2-10KByte-100-cycles_2 - qos:0 - size:10240
2018-05-15_23:16:04:389- message received - id:0 - topic:mqtt-roundtrip-qos2-10KByte-100-cycles_2 - qos:0 - size:10240
2018-05-15_23:16:04:390- message received - id:0 - topic:mqtt-roundtrip-qos2-10KByte-100-cycles_2 - qos:0 - size:10240
2018-05-15_23:16:04:391- message received - id:0 - topic:mqtt-roundtrip-qos2-10KByte-100-cycles_2 - qos:0 - size:10240
2018-05-15_23:16:04:392- message received - id:0 - topic:mqtt-roundtrip-qos2-10KByte-100-cycles_2 - qos:0 - size:10240
2018-05-15_23:16:04:393- message received - id:0 - topic:mqtt-roundtrip-qos2-10KByte-100-cycles_2 - qos:0 - size:10240
2018-05-15_23:16:04:394- message received - id:0 - topic:mqtt-roundtrip-qos2-10KByte-100-cycles_2 - qos:0 - size:10240
2018-05-15_23:16:04:395- message received - id:0 - topic:mqtt-roundtrip-qos2-10KByte-100-cycles_2 - qos:0 - size:10240
2018-05-15_23:16:04:396- message received - id:0 - topic:mqtt-roundtrip-qos2-10KByte-100-cycles_2 - qos:0 - size:10240
2018-05-15_23:16:04:396- message received - id:0 - topic:mqtt-roundtrip-qos2-10KByte-100-cycles_2 - qos:0 - size:10240
2018-05-15_23:16:04:397- message received - id:0 - topic:mqtt-roundtrip-qos2-10KByte-100-cycles_2 - qos:0 - size:10240
2018-05-15_23:16:04:398- message received - id:0 - topic:mqtt-roundtrip-qos2-10KByte-100-cycles_2 - qos:0 - size:10240
2018-05-15_23:16:04:399- message received - id:0 - topic:mqtt-roundtrip-qos2-10KByte-100-cycles_2 - qos:0 - size:10240
