2018-05-15_22:50:29:699- connecting to broker 192.168.1.100:1883
2018-05-15_22:50:29:700- Subscribing to topic mqtt-roundtrip-qos1-1Byte-10-cycles_2
2018-05-15_22:50:29:700- subscribe returned (0, 1)
2018-05-15_22:50:29:700- Client connected to broker
2018-05-15_22:50:48:527- Performing message publishing for 10 cycles
2018-05-15_22:50:48:528- message sent - id:2 - topic:mqtt-roundtrip-qos1-1Byte-10-cycles - qos:1 - size:1
2018-05-15_22:50:48:529- message sent - id:3 - topic:mqtt-roundtrip-qos1-1Byte-10-cycles - qos:1 - size:1
2018-05-15_22:50:48:529- message sent - id:4 - topic:mqtt-roundtrip-qos1-1Byte-10-cycles - qos:1 - size:1
2018-05-15_22:50:48:529- message sent - id:5 - topic:mqtt-roundtrip-qos1-1Byte-10-cycles - qos:1 - size:1
2018-05-15_22:50:48:529- message sent - id:6 - topic:mqtt-roundtrip-qos1-1Byte-10-cycles - qos:1 - size:1
2018-05-15_22:50:48:529- message sent - id:7 - topic:mqtt-roundtrip-qos1-1Byte-10-cycles - qos:1 - size:1
2018-05-15_22:50:48:529- message sent - id:8 - topic:mqtt-roundtrip-qos1-1Byte-10-cycles - qos:1 - size:1
2018-05-15_22:50:48:530- message sent - id:9 - topic:mqtt-roundtrip-qos1-1Byte-10-cycles - qos:1 - size:1
2018-05-15_22:50:48:569- message sent - id:10 - topic:mqtt-roundtrip-qos1-1Byte-10-cycles - qos:1 - size:1
2018-05-15_22:50:48:570- message sent - id:11 - topic:mqtt-roundtrip-qos1-1Byte-10-cycles - qos:1 - size:1
2018-05-15_22:50:48:570- message received - id:0 - topic:mqtt-roundtrip-qos1-1Byte-10-cycles_2 - qos:0 - size:1
2018-05-15_22:50:48:579- message received - id:0 - topic:mqtt-roundtrip-qos1-1Byte-10-cycles_2 - qos:0 - size:1
2018-05-15_22:50:48:580- message received - id:0 - topic:mqtt-roundtrip-qos1-1Byte-10-cycles_2 - qos:0 - size:1
2018-05-15_22:50:48:580- message received - id:0 - topic:mqtt-roundtrip-qos1-1Byte-10-cycles_2 - qos:0 - size:1
2018-05-15_22:50:48:581- message received - id:0 - topic:mqtt-roundtrip-qos1-1Byte-10-cycles_2 - qos:0 - size:1
2018-05-15_22:50:48:581- message received - id:0 - topic:mqtt-roundtrip-qos1-1Byte-10-cycles_2 - qos:0 - size:1
2018-05-15_22:50:48:581- message received - id:0 - topic:mqtt-roundtrip-qos1-1Byte-10-cycles_2 - qos:0 - size:1
2018-05-15_22:50:48:581- message received - id:0 - topic:mqtt-roundtrip-qos1-1Byte-10-cycles_2 - qos:0 - size:1
2018-05-15_22:50:48:582- message received - id:0 - topic:mqtt-roundtrip-qos1-1Byte-10-cycles_2 - qos:0 - size:1
2018-05-15_22:50:48:582- message received - id:0 - topic:mqtt-roundtrip-qos1-1Byte-10-cycles_2 - qos:0 - size:1
