2018-05-15_23:18:50:888- connecting to broker 192.168.1.100:1883
2018-05-15_23:18:50:890- Subscribing to topicmqtt-roundtrip-qos1-100KByte-10-cycles
2018-05-15_23:18:50:890- subscribe returned (0, 1)
2018-05-15_23:18:50:891- Client connected to broker
2018-05-15_23:18:51:801- message received - id:0 - topic:mqtt-roundtrip-qos1-100KByte-10-cycles - qos:0 - size:102400
2018-05-15_23:18:51:802- message sent - id:0 - topic:mqtt-roundtrip-qos1-100KByte-10-cycles_2 - qos:0 - size:102400
2018-05-15_23:18:51:817- message received - id:0 - topic:mqtt-roundtrip-qos1-100KByte-10-cycles - qos:0 - size:102400
2018-05-15_23:18:51:817- message sent - id:0 - topic:mqtt-roundtrip-qos1-100KByte-10-cycles_2 - qos:0 - size:102400
2018-05-15_23:18:51:831- message received - id:0 - topic:mqtt-roundtrip-qos1-100KByte-10-cycles - qos:0 - size:102400
2018-05-15_23:18:51:831- message sent - id:0 - topic:mqtt-roundtrip-qos1-100KByte-10-cycles_2 - qos:0 - size:102400
2018-05-15_23:18:51:854- message received - id:0 - topic:mqtt-roundtrip-qos1-100KByte-10-cycles - qos:0 - size:102400
2018-05-15_23:18:51:854- message sent - id:0 - topic:mqtt-roundtrip-qos1-100KByte-10-cycles_2 - qos:0 - size:102400
2018-05-15_23:18:51:882- message received - id:0 - topic:mqtt-roundtrip-qos1-100KByte-10-cycles - qos:0 - size:102400
2018-05-15_23:18:51:883- message sent - id:0 - topic:mqtt-roundtrip-qos1-100KByte-10-cycles_2 - qos:0 - size:102400
2018-05-15_23:18:51:909- message received - id:0 - topic:mqtt-roundtrip-qos1-100KByte-10-cycles - qos:0 - size:102400
2018-05-15_23:18:51:909- message sent - id:0 - topic:mqtt-roundtrip-qos1-100KByte-10-cycles_2 - qos:0 - size:102400
2018-05-15_23:18:51:923- message received - id:0 - topic:mqtt-roundtrip-qos1-100KByte-10-cycles - qos:0 - size:102400
2018-05-15_23:18:51:923- message sent - id:0 - topic:mqtt-roundtrip-qos1-100KByte-10-cycles_2 - qos:0 - size:102400
2018-05-15_23:18:51:940- message received - id:0 - topic:mqtt-roundtrip-qos1-100KByte-10-cycles - qos:0 - size:102400
2018-05-15_23:18:51:941- message sent - id:0 - topic:mqtt-roundtrip-qos1-100KByte-10-cycles_2 - qos:0 - size:102400
2018-05-15_23:18:51:958- message received - id:0 - topic:mqtt-roundtrip-qos1-100KByte-10-cycles - qos:0 - size:102400
2018-05-15_23:18:51:958- message sent - id:0 - topic:mqtt-roundtrip-qos1-100KByte-10-cycles_2 - qos:0 - size:102400
2018-05-15_23:18:51:975- message received - id:0 - topic:mqtt-roundtrip-qos1-100KByte-10-cycles - qos:0 - size:102400
2018-05-15_23:18:51:975- message sent - id:0 - topic:mqtt-roundtrip-qos1-100KByte-10-cycles_2 - qos:0 - size:102400
