2018-05-15_23:18:16:641- connecting to broker 192.168.1.100:1883
2018-05-15_23:18:16:642- Subscribing to topicmqtt-roundtrip-qos0-100KByte-100-cycles
2018-05-15_23:18:16:643- subscribe returned (0, 1)
2018-05-15_23:18:16:643- Client connected to broker
2018-05-15_23:18:18:450- message received - id:0 - topic:mqtt-roundtrip-qos0-100KByte-100-cycles - qos:0 - size:102400
2018-05-15_23:18:18:451- message sent - id:0 - topic:mqtt-roundtrip-qos0-100KByte-100-cycles_2 - qos:0 - size:102400
2018-05-15_23:18:18:464- message received - id:0 - topic:mqtt-roundtrip-qos0-100KByte-100-cycles - qos:0 - size:102400
2018-05-15_23:18:18:464- message sent - id:0 - topic:mqtt-roundtrip-qos0-100KByte-100-cycles_2 - qos:0 - size:102400
2018-05-15_23:18:18:482- message received - id:0 - topic:mqtt-roundtrip-qos0-100KByte-100-cycles - qos:0 - size:102400
2018-05-15_23:18:18:482- message sent - id:0 - topic:mqtt-roundtrip-qos0-100KByte-100-cycles_2 - qos:0 - size:102400
2018-05-15_23:18:18:506- message received - id:0 - topic:mqtt-roundtrip-qos0-100KByte-100-cycles - qos:0 - size:102400
2018-05-15_23:18:18:506- message sent - id:0 - topic:mqtt-roundtrip-qos0-100KByte-100-cycles_2 - qos:0 - size:102400
2018-05-15_23:18:18:532- message received - id:0 - topic:mqtt-roundtrip-qos0-100KByte-100-cycles - qos:0 - size:102400
2018-05-15_23:18:18:532- message sent - id:0 - topic:mqtt-roundtrip-qos0-100KByte-100-cycles_2 - qos:0 - size:102400
2018-05-15_23:18:18:556- message received - id:0 - topic:mqtt-roundtrip-qos0-100KByte-100-cycles - qos:0 - size:102400
2018-05-15_23:18:18:556- message sent - id:0 - topic:mqtt-roundtrip-qos0-100KByte-100-cycles_2 - qos:0 - size:102400
2018-05-15_23:18:18:573- message received - id:0 - topic:mqtt-roundtrip-qos0-100KByte-100-cycles - qos:0 - size:102400
2018-05-15_23:18:18:573- message sent - id:0 - topic:mqtt-roundtrip-qos0-100KByte-100-cycles_2 - qos:0 - size:102400
2018-05-15_23:18:18:588- message received - id:0 - topic:mqtt-roundtrip-qos0-100KByte-100-cycles - qos:0 - size:102400
2018-05-15_23:18:18:588- message sent - id:0 - topic:mqtt-roundtrip-qos0-100KByte-100-cycles_2 - qos:0 - size:102400
2018-05-15_23:18:18:604- message received - id:0 - topic:mqtt-roundtrip-qos0-100KByte-100-cycles - qos:0 - size:102400
2018-05-15_23:18:18:604- message sent - id:0 - topic:mqtt-roundtrip-qos0-100KByte-100-cycles_2 - qos:0 - size:102400
2018-05-15_23:18:18:621- message received - id:0 - topic:mqtt-roundtrip-qos0-100KByte-100-cycles - qos:0 - size:102400
2018-05-15_23:18:18:621- message sent - id:0 - topic:mqtt-roundtrip-qos0-100KByte-100-cycles_2 - qos:0 - size:102400
2018-05-15_23:18:18:639- message received - id:0 - topic:mqtt-roundtrip-qos0-100KByte-100-cycles - qos:0 - size:102400
2018-05-15_23:18:18:639- message sent - id:0 - topic:mqtt-roundtrip-qos0-100KByte-100-cycles_2 - qos:0 - size:102400
2018-05-15_23:18:18:655- message received - id:0 - topic:mqtt-roundtrip-qos0-100KByte-100-cycles - qos:0 - size:102400
2018-05-15_23:18:18:656- message sent - id:0 - topic:mqtt-roundtrip-qos0-100KByte-100-cycles_2 - qos:0 - size:102400
2018-05-15_23:18:18:673- message received - id:0 - topic:mqtt-roundtrip-qos0-100KByte-100-cycles - qos:0 - size:102400
2018-05-15_23:18:18:674- message sent - id:0 - topic:mqtt-roundtrip-qos0-100KByte-100-cycles_2 - qos:0 - size:102400
2018-05-15_23:18:18:690- message received - id:0 - topic:mqtt-roundtrip-qos0-100KByte-100-cycles - qos:0 - size:102400
2018-05-15_23:18:18:690- message sent - id:0 - topic:mqtt-roundtrip-qos0-100KByte-100-cycles_2 - qos:0 - size:102400
2018-05-15_23:18:18:707- message received - id:0 - topic:mqtt-roundtrip-qos0-100KByte-100-cycles - qos:0 - size:102400
2018-05-15_23:18:18:707- message sent - id:0 - topic:mqtt-roundtrip-qos0-100KByte-100-cycles_2 - qos:0 - size:102400
2018-05-15_23:18:18:724- message received - id:0 - topic:mqtt-roundtrip-qos0-100KByte-100-cycles - qos:0 - size:102400
2018-05-15_23:18:18:724- message sent - id:0 - topic:mqtt-roundtrip-qos0-100KByte-100-cycles_2 - qos:0 - size:102400
2018-05-15_23:18:18:742- message received - id:0 - topic:mqtt-roundtrip-qos0-100KByte-100-cycles - qos:0 - size:102400
2018-05-15_23:18:18:742- message sent - id:0 - topic:mqtt-roundtrip-qos0-100KByte-100-cycles_2 - qos:0 - size:102400
2018-05-15_23:18:18:759- message received - id:0 - topic:mqtt-roundtrip-qos0-100KByte-100-cycles - qos:0 - size:102400
2018-05-15_23:18:18:759- message sent - id:0 - topic:mqtt-roundtrip-qos0-100KByte-100-cycles_2 - qos:0 - size:102400
2018-05-15_23:18:18:775- message received - id:0 - topic:mqtt-roundtrip-qos0-100KByte-100-cycles - qos:0 - size:102400
2018-05-15_23:18:18:776- message sent - id:0 - topic:mqtt-roundtrip-qos0-100KByte-100-cycles_2 - qos:0 - size:102400
2018-05-15_23:18:18:792- message received - id:0 - topic:mqtt-roundtrip-qos0-100KByte-100-cycles - qos:0 - size:102400
2018-05-15_23:18:18:793- message sent - id:0 - topic:mqtt-roundtrip-qos0-100KByte-100-cycles_2 - qos:0 - size:102400
2018-05-15_23:18:18:810- message received - id:0 - topic:mqtt-roundtrip-qos0-100KByte-100-cycles - qos:0 - size:102400
2018-05-15_23:18:18:810- message sent - id:0 - topic:mqtt-roundtrip-qos0-100KByte-100-cycles_2 - qos:0 - size:102400
2018-05-15_23:18:18:827- message received - id:0 - topic:mqtt-roundtrip-qos0-100KByte-100-cycles - qos:0 - size:102400
2018-05-15_23:18:18:827- message sent - id:0 - topic:mqtt-roundtrip-qos0-100KByte-100-cycles_2 - qos:0 - size:102400
2018-05-15_23:18:18:843- message received - id:0 - topic:mqtt-roundtrip-qos0-100KByte-100-cycles - qos:0 - size:102400
2018-05-15_23:18:18:844- message sent - id:0 - topic:mqtt-roundtrip-qos0-100KByte-100-cycles_2 - qos:0 - size:102400
2018-05-15_23:18:18:861- message received - id:0 - topic:mqtt-roundtrip-qos0-100KByte-100-cycles - qos:0 - size:102400
2018-05-15_23:18:18:862- message sent - id:0 - topic:mqtt-roundtrip-qos0-100KByte-100-cycles_2 - qos:0 - size:102400
2018-05-15_23:18:18:878- message received - id:0 - topic:mqtt-roundtrip-qos0-100KByte-100-cycles - qos:0 - size:102400
2018-05-15_23:18:18:878- message sent - id:0 - topic:mqtt-roundtrip-qos0-100KByte-100-cycles_2 - qos:0 - size:102400
2018-05-15_23:18:18:895- message received - id:0 - topic:mqtt-roundtrip-qos0-100KByte-100-cycles - qos:0 - size:102400
2018-05-15_23:18:18:896- message sent - id:0 - topic:mqtt-roundtrip-qos0-100KByte-100-cycles_2 - qos:0 - size:102400
2018-05-15_23:18:18:912- message received - id:0 - topic:mqtt-roundtrip-qos0-100KByte-100-cycles - qos:0 - size:102400
2018-05-15_23:18:18:913- message sent - id:0 - topic:mqtt-roundtrip-qos0-100KByte-100-cycles_2 - qos:0 - size:102400
2018-05-15_23:18:18:929- message received - id:0 - topic:mqtt-roundtrip-qos0-100KByte-100-cycles - qos:0 - size:102400
2018-05-15_23:18:18:930- message sent - id:0 - topic:mqtt-roundtrip-qos0-100KByte-100-cycles_2 - qos:0 - size:102400
2018-05-15_23:18:18:946- message received - id:0 - topic:mqtt-roundtrip-qos0-100KByte-100-cycles - qos:0 - size:102400
2018-05-15_23:18:18:947- message sent - id:0 - topic:mqtt-roundtrip-qos0-100KByte-100-cycles_2 - qos:0 - size:102400
2018-05-15_23:18:18:963- message received - id:0 - topic:mqtt-roundtrip-qos0-100KByte-100-cycles - qos:0 - size:102400
2018-05-15_23:18:18:964- message sent - id:0 - topic:mqtt-roundtrip-qos0-100KByte-100-cycles_2 - qos:0 - size:102400
2018-05-15_23:18:18:980- message received - id:0 - topic:mqtt-roundtrip-qos0-100KByte-100-cycles - qos:0 - size:102400
2018-05-15_23:18:18:981- message sent - id:0 - topic:mqtt-roundtrip-qos0-100KByte-100-cycles_2 - qos:0 - size:102400
2018-05-15_23:18:18:997- message received - id:0 - topic:mqtt-roundtrip-qos0-100KByte-100-cycles - qos:0 - size:102400
2018-05-15_23:18:18:997- message sent - id:0 - topic:mqtt-roundtrip-qos0-100KByte-100-cycles_2 - qos:0 - size:102400
2018-05-15_23:18:19:014- message received - id:0 - topic:mqtt-roundtrip-qos0-100KByte-100-cycles - qos:0 - size:102400
2018-05-15_23:18:19:014- message sent - id:0 - topic:mqtt-roundtrip-qos0-100KByte-100-cycles_2 - qos:0 - size:102400
2018-05-15_23:18:19:031- message received - id:0 - topic:mqtt-roundtrip-qos0-100KByte-100-cycles - qos:0 - size:102400
2018-05-15_23:18:19:031- message sent - id:0 - topic:mqtt-roundtrip-qos0-100KByte-100-cycles_2 - qos:0 - size:102400
2018-05-15_23:18:19:048- message received - id:0 - topic:mqtt-roundtrip-qos0-100KByte-100-cycles - qos:0 - size:102400
2018-05-15_23:18:19:048- message sent - id:0 - topic:mqtt-roundtrip-qos0-100KByte-100-cycles_2 - qos:0 - size:102400
2018-05-15_23:18:19:064- message received - id:0 - topic:mqtt-roundtrip-qos0-100KByte-100-cycles - qos:0 - size:102400
2018-05-15_23:18:19:065- message sent - id:0 - topic:mqtt-roundtrip-qos0-100KByte-100-cycles_2 - qos:0 - size:102400
2018-05-15_23:18:19:082- message received - id:0 - topic:mqtt-roundtrip-qos0-100KByte-100-cycles - qos:0 - size:102400
2018-05-15_23:18:19:082- message sent - id:0 - topic:mqtt-roundtrip-qos0-100KByte-100-cycles_2 - qos:0 - size:102400
2018-05-15_23:18:19:099- message received - id:0 - topic:mqtt-roundtrip-qos0-100KByte-100-cycles - qos:0 - size:102400
2018-05-15_23:18:19:099- message sent - id:0 - topic:mqtt-roundtrip-qos0-100KByte-100-cycles_2 - qos:0 - size:102400
2018-05-15_23:18:19:115- message received - id:0 - topic:mqtt-roundtrip-qos0-100KByte-100-cycles - qos:0 - size:102400
2018-05-15_23:18:19:115- message sent - id:0 - topic:mqtt-roundtrip-qos0-100KByte-100-cycles_2 - qos:0 - size:102400
2018-05-15_23:18:19:132- message received - id:0 - topic:mqtt-roundtrip-qos0-100KByte-100-cycles - qos:0 - size:102400
2018-05-15_23:18:19:132- message sent - id:0 - topic:mqtt-roundtrip-qos0-100KByte-100-cycles_2 - qos:0 - size:102400
2018-05-15_23:18:19:149- message received - id:0 - topic:mqtt-roundtrip-qos0-100KByte-100-cycles - qos:0 - size:102400
2018-05-15_23:18:19:149- message sent - id:0 - topic:mqtt-roundtrip-qos0-100KByte-100-cycles_2 - qos:0 - size:102400
2018-05-15_23:18:19:166- message received - id:0 - topic:mqtt-roundtrip-qos0-100KByte-100-cycles - qos:0 - size:102400
2018-05-15_23:18:19:167- message sent - id:0 - topic:mqtt-roundtrip-qos0-100KByte-100-cycles_2 - qos:0 - size:102400
2018-05-15_23:18:19:184- message received - id:0 - topic:mqtt-roundtrip-qos0-100KByte-100-cycles - qos:0 - size:102400
2018-05-15_23:18:19:184- message sent - id:0 - topic:mqtt-roundtrip-qos0-100KByte-100-cycles_2 - qos:0 - size:102400
2018-05-15_23:18:19:200- message received - id:0 - topic:mqtt-roundtrip-qos0-100KByte-100-cycles - qos:0 - size:102400
2018-05-15_23:18:19:200- message sent - id:0 - topic:mqtt-roundtrip-qos0-100KByte-100-cycles_2 - qos:0 - size:102400
2018-05-15_23:18:19:217- message received - id:0 - topic:mqtt-roundtrip-qos0-100KByte-100-cycles - qos:0 - size:102400
2018-05-15_23:18:19:217- message sent - id:0 - topic:mqtt-roundtrip-qos0-100KByte-100-cycles_2 - qos:0 - size:102400
2018-05-15_23:18:19:234- message received - id:0 - topic:mqtt-roundtrip-qos0-100KByte-100-cycles - qos:0 - size:102400
2018-05-15_23:18:19:234- message sent - id:0 - topic:mqtt-roundtrip-qos0-100KByte-100-cycles_2 - qos:0 - size:102400
2018-05-15_23:18:19:250- message received - id:0 - topic:mqtt-roundtrip-qos0-100KByte-100-cycles - qos:0 - size:102400
2018-05-15_23:18:19:250- message sent - id:0 - topic:mqtt-roundtrip-qos0-100KByte-100-cycles_2 - qos:0 - size:102400
2018-05-15_23:18:19:267- message received - id:0 - topic:mqtt-roundtrip-qos0-100KByte-100-cycles - qos:0 - size:102400
2018-05-15_23:18:19:267- message sent - id:0 - topic:mqtt-roundtrip-qos0-100KByte-100-cycles_2 - qos:0 - size:102400
2018-05-15_23:18:19:284- message received - id:0 - topic:mqtt-roundtrip-qos0-100KByte-100-cycles - qos:0 - size:102400
2018-05-15_23:18:19:284- message sent - id:0 - topic:mqtt-roundtrip-qos0-100KByte-100-cycles_2 - qos:0 - size:102400
2018-05-15_23:18:19:300- message received - id:0 - topic:mqtt-roundtrip-qos0-100KByte-100-cycles - qos:0 - size:102400
2018-05-15_23:18:19:301- message sent - id:0 - topic:mqtt-roundtrip-qos0-100KByte-100-cycles_2 - qos:0 - size:102400
2018-05-15_23:18:19:317- message received - id:0 - topic:mqtt-roundtrip-qos0-100KByte-100-cycles - qos:0 - size:102400
2018-05-15_23:18:19:317- message sent - id:0 - topic:mqtt-roundtrip-qos0-100KByte-100-cycles_2 - qos:0 - size:102400
2018-05-15_23:18:19:334- message received - id:0 - topic:mqtt-roundtrip-qos0-100KByte-100-cycles - qos:0 - size:102400
2018-05-15_23:18:19:334- message sent - id:0 - topic:mqtt-roundtrip-qos0-100KByte-100-cycles_2 - qos:0 - size:102400
2018-05-15_23:18:19:351- message received - id:0 - topic:mqtt-roundtrip-qos0-100KByte-100-cycles - qos:0 - size:102400
2018-05-15_23:18:19:352- message sent - id:0 - topic:mqtt-roundtrip-qos0-100KByte-100-cycles_2 - qos:0 - size:102400
2018-05-15_23:18:19:368- message received - id:0 - topic:mqtt-roundtrip-qos0-100KByte-100-cycles - qos:0 - size:102400
2018-05-15_23:18:19:368- message sent - id:0 - topic:mqtt-roundtrip-qos0-100KByte-100-cycles_2 - qos:0 - size:102400
2018-05-15_23:18:19:384- message received - id:0 - topic:mqtt-roundtrip-qos0-100KByte-100-cycles - qos:0 - size:102400
2018-05-15_23:18:19:384- message sent - id:0 - topic:mqtt-roundtrip-qos0-100KByte-100-cycles_2 - qos:0 - size:102400
2018-05-15_23:18:19:401- message received - id:0 - topic:mqtt-roundtrip-qos0-100KByte-100-cycles - qos:0 - size:102400
2018-05-15_23:18:19:401- message sent - id:0 - topic:mqtt-roundtrip-qos0-100KByte-100-cycles_2 - qos:0 - size:102400
2018-05-15_23:18:19:417- message received - id:0 - topic:mqtt-roundtrip-qos0-100KByte-100-cycles - qos:0 - size:102400
2018-05-15_23:18:19:417- message sent - id:0 - topic:mqtt-roundtrip-qos0-100KByte-100-cycles_2 - qos:0 - size:102400
2018-05-15_23:18:19:433- message received - id:0 - topic:mqtt-roundtrip-qos0-100KByte-100-cycles - qos:0 - size:102400
2018-05-15_23:18:19:434- message sent - id:0 - topic:mqtt-roundtrip-qos0-100KByte-100-cycles_2 - qos:0 - size:102400
2018-05-15_23:18:19:450- message received - id:0 - topic:mqtt-roundtrip-qos0-100KByte-100-cycles - qos:0 - size:102400
2018-05-15_23:18:19:450- message sent - id:0 - topic:mqtt-roundtrip-qos0-100KByte-100-cycles_2 - qos:0 - size:102400
2018-05-15_23:18:19:466- message received - id:0 - topic:mqtt-roundtrip-qos0-100KByte-100-cycles - qos:0 - size:102400
2018-05-15_23:18:19:467- message sent - id:0 - topic:mqtt-roundtrip-qos0-100KByte-100-cycles_2 - qos:0 - size:102400
2018-05-15_23:18:19:483- message received - id:0 - topic:mqtt-roundtrip-qos0-100KByte-100-cycles - qos:0 - size:102400
2018-05-15_23:18:19:484- message sent - id:0 - topic:mqtt-roundtrip-qos0-100KByte-100-cycles_2 - qos:0 - size:102400
2018-05-15_23:18:19:500- message received - id:0 - topic:mqtt-roundtrip-qos0-100KByte-100-cycles - qos:0 - size:102400
2018-05-15_23:18:19:501- message sent - id:0 - topic:mqtt-roundtrip-qos0-100KByte-100-cycles_2 - qos:0 - size:102400
2018-05-15_23:18:19:517- message received - id:0 - topic:mqtt-roundtrip-qos0-100KByte-100-cycles - qos:0 - size:102400
2018-05-15_23:18:19:517- message sent - id:0 - topic:mqtt-roundtrip-qos0-100KByte-100-cycles_2 - qos:0 - size:102400
2018-05-15_23:18:19:535- message received - id:0 - topic:mqtt-roundtrip-qos0-100KByte-100-cycles - qos:0 - size:102400
2018-05-15_23:18:19:535- message sent - id:0 - topic:mqtt-roundtrip-qos0-100KByte-100-cycles_2 - qos:0 - size:102400
2018-05-15_23:18:19:551- message received - id:0 - topic:mqtt-roundtrip-qos0-100KByte-100-cycles - qos:0 - size:102400
2018-05-15_23:18:19:551- message sent - id:0 - topic:mqtt-roundtrip-qos0-100KByte-100-cycles_2 - qos:0 - size:102400
2018-05-15_23:18:19:569- message received - id:0 - topic:mqtt-roundtrip-qos0-100KByte-100-cycles - qos:0 - size:102400
2018-05-15_23:18:19:569- message sent - id:0 - topic:mqtt-roundtrip-qos0-100KByte-100-cycles_2 - qos:0 - size:102400
2018-05-15_23:18:19:585- message received - id:0 - topic:mqtt-roundtrip-qos0-100KByte-100-cycles - qos:0 - size:102400
2018-05-15_23:18:19:586- message sent - id:0 - topic:mqtt-roundtrip-qos0-100KByte-100-cycles_2 - qos:0 - size:102400
2018-05-15_23:18:19:601- message received - id:0 - topic:mqtt-roundtrip-qos0-100KByte-100-cycles - qos:0 - size:102400
2018-05-15_23:18:19:601- message sent - id:0 - topic:mqtt-roundtrip-qos0-100KByte-100-cycles_2 - qos:0 - size:102400
2018-05-15_23:18:19:619- message received - id:0 - topic:mqtt-roundtrip-qos0-100KByte-100-cycles - qos:0 - size:102400
2018-05-15_23:18:19:619- message sent - id:0 - topic:mqtt-roundtrip-qos0-100KByte-100-cycles_2 - qos:0 - size:102400
2018-05-15_23:18:19:635- message received - id:0 - topic:mqtt-roundtrip-qos0-100KByte-100-cycles - qos:0 - size:102400
2018-05-15_23:18:19:635- message sent - id:0 - topic:mqtt-roundtrip-qos0-100KByte-100-cycles_2 - qos:0 - size:102400
2018-05-15_23:18:19:651- message received - id:0 - topic:mqtt-roundtrip-qos0-100KByte-100-cycles - qos:0 - size:102400
2018-05-15_23:18:19:652- message sent - id:0 - topic:mqtt-roundtrip-qos0-100KByte-100-cycles_2 - qos:0 - size:102400
2018-05-15_23:18:19:667- message received - id:0 - topic:mqtt-roundtrip-qos0-100KByte-100-cycles - qos:0 - size:102400
2018-05-15_23:18:19:667- message sent - id:0 - topic:mqtt-roundtrip-qos0-100KByte-100-cycles_2 - qos:0 - size:102400
2018-05-15_23:18:19:683- message received - id:0 - topic:mqtt-roundtrip-qos0-100KByte-100-cycles - qos:0 - size:102400
2018-05-15_23:18:19:683- message sent - id:0 - topic:mqtt-roundtrip-qos0-100KByte-100-cycles_2 - qos:0 - size:102400
2018-05-15_23:18:19:699- message received - id:0 - topic:mqtt-roundtrip-qos0-100KByte-100-cycles - qos:0 - size:102400
2018-05-15_23:18:19:699- message sent - id:0 - topic:mqtt-roundtrip-qos0-100KByte-100-cycles_2 - qos:0 - size:102400
2018-05-15_23:18:19:715- message received - id:0 - topic:mqtt-roundtrip-qos0-100KByte-100-cycles - qos:0 - size:102400
2018-05-15_23:18:19:715- message sent - id:0 - topic:mqtt-roundtrip-qos0-100KByte-100-cycles_2 - qos:0 - size:102400
2018-05-15_23:18:19:731- message received - id:0 - topic:mqtt-roundtrip-qos0-100KByte-100-cycles - qos:0 - size:102400
2018-05-15_23:18:19:731- message sent - id:0 - topic:mqtt-roundtrip-qos0-100KByte-100-cycles_2 - qos:0 - size:102400
2018-05-15_23:18:19:745- message received - id:0 - topic:mqtt-roundtrip-qos0-100KByte-100-cycles - qos:0 - size:102400
2018-05-15_23:18:19:745- message sent - id:0 - topic:mqtt-roundtrip-qos0-100KByte-100-cycles_2 - qos:0 - size:102400
2018-05-15_23:18:19:762- message received - id:0 - topic:mqtt-roundtrip-qos0-100KByte-100-cycles - qos:0 - size:102400
2018-05-15_23:18:19:762- message sent - id:0 - topic:mqtt-roundtrip-qos0-100KByte-100-cycles_2 - qos:0 - size:102400
2018-05-15_23:18:19:778- message received - id:0 - topic:mqtt-roundtrip-qos0-100KByte-100-cycles - qos:0 - size:102400
2018-05-15_23:18:19:778- message sent - id:0 - topic:mqtt-roundtrip-qos0-100KByte-100-cycles_2 - qos:0 - size:102400
2018-05-15_23:18:19:794- message received - id:0 - topic:mqtt-roundtrip-qos0-100KByte-100-cycles - qos:0 - size:102400
2018-05-15_23:18:19:794- message sent - id:0 - topic:mqtt-roundtrip-qos0-100KByte-100-cycles_2 - qos:0 - size:102400
2018-05-15_23:18:19:811- message received - id:0 - topic:mqtt-roundtrip-qos0-100KByte-100-cycles - qos:0 - size:102400
2018-05-15_23:18:19:811- message sent - id:0 - topic:mqtt-roundtrip-qos0-100KByte-100-cycles_2 - qos:0 - size:102400
2018-05-15_23:18:19:827- message received - id:0 - topic:mqtt-roundtrip-qos0-100KByte-100-cycles - qos:0 - size:102400
2018-05-15_23:18:19:828- message sent - id:0 - topic:mqtt-roundtrip-qos0-100KByte-100-cycles_2 - qos:0 - size:102400
2018-05-15_23:18:19:844- message received - id:0 - topic:mqtt-roundtrip-qos0-100KByte-100-cycles - qos:0 - size:102400
2018-05-15_23:18:19:844- message sent - id:0 - topic:mqtt-roundtrip-qos0-100KByte-100-cycles_2 - qos:0 - size:102400
2018-05-15_23:18:19:860- message received - id:0 - topic:mqtt-roundtrip-qos0-100KByte-100-cycles - qos:0 - size:102400
2018-05-15_23:18:19:860- message sent - id:0 - topic:mqtt-roundtrip-qos0-100KByte-100-cycles_2 - qos:0 - size:102400
2018-05-15_23:18:19:877- message received - id:0 - topic:mqtt-roundtrip-qos0-100KByte-100-cycles - qos:0 - size:102400
2018-05-15_23:18:19:877- message sent - id:0 - topic:mqtt-roundtrip-qos0-100KByte-100-cycles_2 - qos:0 - size:102400
2018-05-15_23:18:19:894- message received - id:0 - topic:mqtt-roundtrip-qos0-100KByte-100-cycles - qos:0 - size:102400
2018-05-15_23:18:19:894- message sent - id:0 - topic:mqtt-roundtrip-qos0-100KByte-100-cycles_2 - qos:0 - size:102400
2018-05-15_23:18:19:910- message received - id:0 - topic:mqtt-roundtrip-qos0-100KByte-100-cycles - qos:0 - size:102400
2018-05-15_23:18:19:910- message sent - id:0 - topic:mqtt-roundtrip-qos0-100KByte-100-cycles_2 - qos:0 - size:102400
2018-05-15_23:18:19:926- message received - id:0 - topic:mqtt-roundtrip-qos0-100KByte-100-cycles - qos:0 - size:102400
2018-05-15_23:18:19:926- message sent - id:0 - topic:mqtt-roundtrip-qos0-100KByte-100-cycles_2 - qos:0 - size:102400
2018-05-15_23:18:19:942- message received - id:0 - topic:mqtt-roundtrip-qos0-100KByte-100-cycles - qos:0 - size:102400
2018-05-15_23:18:19:942- message sent - id:0 - topic:mqtt-roundtrip-qos0-100KByte-100-cycles_2 - qos:0 - size:102400
2018-05-15_23:18:19:958- message received - id:0 - topic:mqtt-roundtrip-qos0-100KByte-100-cycles - qos:0 - size:102400
2018-05-15_23:18:19:958- message sent - id:0 - topic:mqtt-roundtrip-qos0-100KByte-100-cycles_2 - qos:0 - size:102400
2018-05-15_23:18:19:974- message received - id:0 - topic:mqtt-roundtrip-qos0-100KByte-100-cycles - qos:0 - size:102400
2018-05-15_23:18:19:974- message sent - id:0 - topic:mqtt-roundtrip-qos0-100KByte-100-cycles_2 - qos:0 - size:102400
2018-05-15_23:18:19:990- message received - id:0 - topic:mqtt-roundtrip-qos0-100KByte-100-cycles - qos:0 - size:102400
2018-05-15_23:18:19:990- message sent - id:0 - topic:mqtt-roundtrip-qos0-100KByte-100-cycles_2 - qos:0 - size:102400
2018-05-15_23:18:20:005- message received - id:0 - topic:mqtt-roundtrip-qos0-100KByte-100-cycles - qos:0 - size:102400
2018-05-15_23:18:20:005- message sent - id:0 - topic:mqtt-roundtrip-qos0-100KByte-100-cycles_2 - qos:0 - size:102400
2018-05-15_23:18:20:021- message received - id:0 - topic:mqtt-roundtrip-qos0-100KByte-100-cycles - qos:0 - size:102400
2018-05-15_23:18:20:021- message sent - id:0 - topic:mqtt-roundtrip-qos0-100KByte-100-cycles_2 - qos:0 - size:102400
2018-05-15_23:18:20:036- message received - id:0 - topic:mqtt-roundtrip-qos0-100KByte-100-cycles - qos:0 - size:102400
2018-05-15_23:18:20:036- message sent - id:0 - topic:mqtt-roundtrip-qos0-100KByte-100-cycles_2 - qos:0 - size:102400
2018-05-15_23:18:20:052- message received - id:0 - topic:mqtt-roundtrip-qos0-100KByte-100-cycles - qos:0 - size:102400
2018-05-15_23:18:20:052- message sent - id:0 - topic:mqtt-roundtrip-qos0-100KByte-100-cycles_2 - qos:0 - size:102400
2018-05-15_23:18:20:068- message received - id:0 - topic:mqtt-roundtrip-qos0-100KByte-100-cycles - qos:0 - size:102400
2018-05-15_23:18:20:068- message sent - id:0 - topic:mqtt-roundtrip-qos0-100KByte-100-cycles_2 - qos:0 - size:102400
2018-05-15_23:18:20:084- message received - id:0 - topic:mqtt-roundtrip-qos0-100KByte-100-cycles - qos:0 - size:102400
2018-05-15_23:18:20:084- message sent - id:0 - topic:mqtt-roundtrip-qos0-100KByte-100-cycles_2 - qos:0 - size:102400
2018-05-15_23:18:20:100- message received - id:0 - topic:mqtt-roundtrip-qos0-100KByte-100-cycles - qos:0 - size:102400
2018-05-15_23:18:20:100- message sent - id:0 - topic:mqtt-roundtrip-qos0-100KByte-100-cycles_2 - qos:0 - size:102400
2018-05-15_23:18:20:115- message received - id:0 - topic:mqtt-roundtrip-qos0-100KByte-100-cycles - qos:0 - size:102400
2018-05-15_23:18:20:115- message sent - id:0 - topic:mqtt-roundtrip-qos0-100KByte-100-cycles_2 - qos:0 - size:102400
