2018-05-15_22:02:26 :691- connecting to broker 192.168.1.100:1883
2018-05-15_22:02:26 :692- Subscribing to topic mqtt-roundtrip-qos1-empty_message-10-cycles_2
2018-05-15_22:02:26 :692- subscribe returned (0, 1)
2018-05-15_22:02:26 :692- Client connected to broker
2018-05-15_22:02:48 :568- Performing message publishing for 10 cycles
2018-05-15_22:02:48 :570- message sent - id:2 - topic:mqtt-roundtrip-qos1-empty_message-10-cycles - qos:1 - size:0
2018-05-15_22:02:48 :570- message sent - id:3 - topic:mqtt-roundtrip-qos1-empty_message-10-cycles - qos:1 - size:0
2018-05-15_22:02:48 :571- message sent - id:4 - topic:mqtt-roundtrip-qos1-empty_message-10-cycles - qos:1 - size:0
2018-05-15_22:02:48 :571- message sent - id:5 - topic:mqtt-roundtrip-qos1-empty_message-10-cycles - qos:1 - size:0
2018-05-15_22:02:48 :609- message sent - id:6 - topic:mqtt-roundtrip-qos1-empty_message-10-cycles - qos:1 - size:0
2018-05-15_22:02:48 :610- message sent - id:7 - topic:mqtt-roundtrip-qos1-empty_message-10-cycles - qos:1 - size:0
2018-05-15_22:02:48 :610- message sent - id:8 - topic:mqtt-roundtrip-qos1-empty_message-10-cycles - qos:1 - size:0
2018-05-15_22:02:48 :610- message sent - id:9 - topic:mqtt-roundtrip-qos1-empty_message-10-cycles - qos:1 - size:0
2018-05-15_22:02:48 :610- message sent - id:10 - topic:mqtt-roundtrip-qos1-empty_message-10-cycles - qos:1 - size:0
2018-05-15_22:02:48 :610- message received - id:0 - topic:mqtt-roundtrip-qos1-empty_message-10-cycles_2 - qos:0 - size:0
2018-05-15_22:02:48 :611- message sent - id:11 - topic:mqtt-roundtrip-qos1-empty_message-10-cycles - qos:1 - size:0
2018-05-15_22:02:48 :611- message received - id:0 - topic:mqtt-roundtrip-qos1-empty_message-10-cycles_2 - qos:0 - size:0
2018-05-15_22:02:48 :611- message received - id:0 - topic:mqtt-roundtrip-qos1-empty_message-10-cycles_2 - qos:0 - size:0
2018-05-15_22:02:48 :611- message received - id:0 - topic:mqtt-roundtrip-qos1-empty_message-10-cycles_2 - qos:0 - size:0
2018-05-15_22:02:48 :611- message received - id:0 - topic:mqtt-roundtrip-qos1-empty_message-10-cycles_2 - qos:0 - size:0
2018-05-15_22:02:48 :611- message received - id:0 - topic:mqtt-roundtrip-qos1-empty_message-10-cycles_2 - qos:0 - size:0
2018-05-15_22:02:48 :612- message received - id:0 - topic:mqtt-roundtrip-qos1-empty_message-10-cycles_2 - qos:0 - size:0
2018-05-15_22:02:48 :659- message received - id:0 - topic:mqtt-roundtrip-qos1-empty_message-10-cycles_2 - qos:0 - size:0
2018-05-15_22:02:48 :660- message received - id:0 - topic:mqtt-roundtrip-qos1-empty_message-10-cycles_2 - qos:0 - size:0
2018-05-15_22:02:48 :660- message received - id:0 - topic:mqtt-roundtrip-qos1-empty_message-10-cycles_2 - qos:0 - size:0
