2018-05-17_21:26:46:097- connecting to broker 192.168.1.100:1883
2018-05-17_21:26:46:098- Subscribing to topic mqtt-roundtrip-qos1-10MByte-1000-cycles_2
2018-05-17_21:26:46:098- subscribe returned (0, 1)
2018-05-17_21:26:46:098- Performing message publishing for 1000 cycles
2018-05-17_21:26:46:129- message sent - topic:mqtt-roundtrip-qos1-10MByte-1000-cycles - qos:1 - id:000000
2018-05-17_21:26:46:142- message sent - topic:mqtt-roundtrip-qos1-10MByte-1000-cycles - qos:1 - id:000001
2018-05-17_21:26:46:153- message sent - topic:mqtt-roundtrip-qos1-10MByte-1000-cycles - qos:1 - id:000002
2018-05-17_21:26:46:170- message sent - topic:mqtt-roundtrip-qos1-10MByte-1000-cycles - qos:1 - id:000003
2018-05-17_21:26:46:198- message sent - topic:mqtt-roundtrip-qos1-10MByte-1000-cycles - qos:1 - id:000004
2018-05-17_21:26:46:209- message sent - topic:mqtt-roundtrip-qos1-10MByte-1000-cycles - qos:1 - id:000005
2018-05-17_21:26:46:230- message sent - topic:mqtt-roundtrip-qos1-10MByte-1000-cycles - qos:1 - id:000006
2018-05-17_21:26:46:245- message sent - topic:mqtt-roundtrip-qos1-10MByte-1000-cycles - qos:1 - id:000007
2018-05-17_21:26:46:263- message sent - topic:mqtt-roundtrip-qos1-10MByte-1000-cycles - qos:1 - id:000008
2018-05-17_21:26:46:277- message sent - topic:mqtt-roundtrip-qos1-10MByte-1000-cycles - qos:1 - id:000009
2018-05-17_21:26:46:295- message sent - topic:mqtt-roundtrip-qos1-10MByte-1000-cycles - qos:1 - id:000010
2018-05-17_21:26:46:309- message sent - topic:mqtt-roundtrip-qos1-10MByte-1000-cycles - qos:1 - id:000011
2018-05-17_21:26:46:327- message sent - topic:mqtt-roundtrip-qos1-10MByte-1000-cycles - qos:1 - id:000012
2018-05-17_21:26:46:341- message sent - topic:mqtt-roundtrip-qos1-10MByte-1000-cycles - qos:1 - id:000013
2018-05-17_21:26:46:359- message sent - topic:mqtt-roundtrip-qos1-10MByte-1000-cycles - qos:1 - id:000014
2018-05-17_21:26:46:373- message sent - topic:mqtt-roundtrip-qos1-10MByte-1000-cycles - qos:1 - id:000015
2018-05-17_21:26:46:388- message sent - topic:mqtt-roundtrip-qos1-10MByte-1000-cycles - qos:1 - id:000016
2018-05-17_21:26:46:403- message sent - topic:mqtt-roundtrip-qos1-10MByte-1000-cycles - qos:1 - id:000017
2018-05-17_21:26:46:417- message sent - topic:mqtt-roundtrip-qos1-10MByte-1000-cycles - qos:1 - id:000018
2018-05-17_21:26:46:427- message sent - topic:mqtt-roundtrip-qos1-10MByte-1000-cycles - qos:1 - id:000019
2018-05-17_21:26:46:433- message sent - topic:mqtt-roundtrip-qos1-10MByte-1000-cycles - qos:1 - id:000020
2018-05-17_21:26:46:442- message sent - topic:mqtt-roundtrip-qos1-10MByte-1000-cycles - qos:1 - id:000021
2018-05-17_21:26:46:448- message sent - topic:mqtt-roundtrip-qos1-10MByte-1000-cycles - qos:1 - id:000022
2018-05-17_21:26:46:453- message sent - topic:mqtt-roundtrip-qos1-10MByte-1000-cycles - qos:1 - id:000023
2018-05-17_21:26:46:459- message sent - topic:mqtt-roundtrip-qos1-10MByte-1000-cycles - qos:1 - id:000024
2018-05-17_21:26:46:465- message sent - topic:mqtt-roundtrip-qos1-10MByte-1000-cycles - qos:1 - id:000025
2018-05-17_21:26:46:470- message sent - topic:mqtt-roundtrip-qos1-10MByte-1000-cycles - qos:1 - id:000026
2018-05-17_21:26:46:476- message sent - topic:mqtt-roundtrip-qos1-10MByte-1000-cycles - qos:1 - id:000027
2018-05-17_21:26:46:482- message sent - topic:mqtt-roundtrip-qos1-10MByte-1000-cycles - qos:1 - id:000028
2018-05-17_21:26:46:487- message sent - topic:mqtt-roundtrip-qos1-10MByte-1000-cycles - qos:1 - id:000029
2018-05-17_21:26:46:493- message sent - topic:mqtt-roundtrip-qos1-10MByte-1000-cycles - qos:1 - id:000030
2018-05-17_21:26:46:499- message sent - topic:mqtt-roundtrip-qos1-10MByte-1000-cycles - qos:1 - id:000031
2018-05-17_21:26:46:504- message sent - topic:mqtt-roundtrip-qos1-10MByte-1000-cycles - qos:1 - id:000032
2018-05-17_21:26:46:508- message sent - topic:mqtt-roundtrip-qos1-10MByte-1000-cycles - qos:1 - id:000033
2018-05-17_21:26:46:514- message sent - topic:mqtt-roundtrip-qos1-10MByte-1000-cycles - qos:1 - id:000034
2018-05-17_21:26:46:520- message sent - topic:mqtt-roundtrip-qos1-10MByte-1000-cycles - qos:1 - id:000035
2018-05-17_21:26:46:526- message sent - topic:mqtt-roundtrip-qos1-10MByte-1000-cycles - qos:1 - id:000036
2018-05-17_21:26:46:532- message sent - topic:mqtt-roundtrip-qos1-10MByte-1000-cycles - qos:1 - id:000037
2018-05-17_21:26:46:537- message sent - topic:mqtt-roundtrip-qos1-10MByte-1000-cycles - qos:1 - id:000038
2018-05-17_21:26:46:543- message sent - topic:mqtt-roundtrip-qos1-10MByte-1000-cycles - qos:1 - id:000039
2018-05-17_21:26:46:549- message sent - topic:mqtt-roundtrip-qos1-10MByte-1000-cycles - qos:1 - id:000040
2018-05-17_21:26:46:555- message sent - topic:mqtt-roundtrip-qos1-10MByte-1000-cycles - qos:1 - id:000041
2018-05-17_21:26:46:560- message sent - topic:mqtt-roundtrip-qos1-10MByte-1000-cycles - qos:1 - id:000042
2018-05-17_21:26:46:566- message sent - topic:mqtt-roundtrip-qos1-10MByte-1000-cycles - qos:1 - id:000043
2018-05-17_21:26:46:572- message sent - topic:mqtt-roundtrip-qos1-10MByte-1000-cycles - qos:1 - id:000044
2018-05-17_21:26:46:577- message sent - topic:mqtt-roundtrip-qos1-10MByte-1000-cycles - qos:1 - id:000045
2018-05-17_21:26:46:583- message sent - topic:mqtt-roundtrip-qos1-10MByte-1000-cycles - qos:1 - id:000046
2018-05-17_21:26:46:583- Client connected to broker
2018-05-17_21:26:46:590- message sent - topic:mqtt-roundtrip-qos1-10MByte-1000-cycles - qos:1 - id:000047
2018-05-17_21:26:46:762- message sent - topic:mqtt-roundtrip-qos1-10MByte-1000-cycles - qos:1 - id:000048
2018-05-17_21:26:46:767- message sent - topic:mqtt-roundtrip-qos1-10MByte-1000-cycles - qos:1 - id:000049
2018-05-17_21:26:46:773- message sent - topic:mqtt-roundtrip-qos1-10MByte-1000-cycles - qos:1 - id:000050
2018-05-17_21:26:46:779- message sent - topic:mqtt-roundtrip-qos1-10MByte-1000-cycles - qos:1 - id:000051
2018-05-17_21:26:46:784- message sent - topic:mqtt-roundtrip-qos1-10MByte-1000-cycles - qos:1 - id:000052
2018-05-17_21:26:46:790- message sent - topic:mqtt-roundtrip-qos1-10MByte-1000-cycles - qos:1 - id:000053
2018-05-17_21:26:46:798- message sent - topic:mqtt-roundtrip-qos1-10MByte-1000-cycles - qos:1 - id:000054
2018-05-17_21:26:46:806- message sent - topic:mqtt-roundtrip-qos1-10MByte-1000-cycles - qos:1 - id:000055
2018-05-17_21:26:46:814- message sent - topic:mqtt-roundtrip-qos1-10MByte-1000-cycles - qos:1 - id:000056
2018-05-17_21:26:46:820- message sent - topic:mqtt-roundtrip-qos1-10MByte-1000-cycles - qos:1 - id:000057
2018-05-17_21:26:46:828- message sent - topic:mqtt-roundtrip-qos1-10MByte-1000-cycles - qos:1 - id:000058
2018-05-17_21:26:46:835- message sent - topic:mqtt-roundtrip-qos1-10MByte-1000-cycles - qos:1 - id:000059
2018-05-17_21:26:46:843- message sent - topic:mqtt-roundtrip-qos1-10MByte-1000-cycles - qos:1 - id:000060
2018-05-17_21:26:46:853- message sent - topic:mqtt-roundtrip-qos1-10MByte-1000-cycles - qos:1 - id:000061
2018-05-17_21:26:46:859- message sent - topic:mqtt-roundtrip-qos1-10MByte-1000-cycles - qos:1 - id:000062
2018-05-17_21:26:46:864- message sent - topic:mqtt-roundtrip-qos1-10MByte-1000-cycles - qos:1 - id:000063
2018-05-17_21:26:46:870- message sent - topic:mqtt-roundtrip-qos1-10MByte-1000-cycles - qos:1 - id:000064
2018-05-17_21:26:46:878- message sent - topic:mqtt-roundtrip-qos1-10MByte-1000-cycles - qos:1 - id:000065
2018-05-17_21:26:46:885- message sent - topic:mqtt-roundtrip-qos1-10MByte-1000-cycles - qos:1 - id:000066
2018-05-17_21:26:46:893- message sent - topic:mqtt-roundtrip-qos1-10MByte-1000-cycles - qos:1 - id:000067
2018-05-17_21:26:46:901- message sent - topic:mqtt-roundtrip-qos1-10MByte-1000-cycles - qos:1 - id:000068
2018-05-17_21:26:46:908- message sent - topic:mqtt-roundtrip-qos1-10MByte-1000-cycles - qos:1 - id:000069
2018-05-17_21:26:46:916- message sent - topic:mqtt-roundtrip-qos1-10MByte-1000-cycles - qos:1 - id:000070
2018-05-17_21:26:46:925- message sent - topic:mqtt-roundtrip-qos1-10MByte-1000-cycles - qos:1 - id:000071
2018-05-17_21:26:46:933- message sent - topic:mqtt-roundtrip-qos1-10MByte-1000-cycles - qos:1 - id:000072
2018-05-17_21:26:46:938- message sent - topic:mqtt-roundtrip-qos1-10MByte-1000-cycles - qos:1 - id:000073
2018-05-17_21:26:46:944- message sent - topic:mqtt-roundtrip-qos1-10MByte-1000-cycles - qos:1 - id:000074
2018-05-17_21:26:46:950- message sent - topic:mqtt-roundtrip-qos1-10MByte-1000-cycles - qos:1 - id:000075
2018-05-17_21:26:46:956- message sent - topic:mqtt-roundtrip-qos1-10MByte-1000-cycles - qos:1 - id:000076
2018-05-17_21:26:46:963- message sent - topic:mqtt-roundtrip-qos1-10MByte-1000-cycles - qos:1 - id:000077
2018-05-17_21:26:46:971- message sent - topic:mqtt-roundtrip-qos1-10MByte-1000-cycles - qos:1 - id:000078
2018-05-17_21:26:46:981- message sent - topic:mqtt-roundtrip-qos1-10MByte-1000-cycles - qos:1 - id:000079
2018-05-17_21:26:46:987- message sent - topic:mqtt-roundtrip-qos1-10MByte-1000-cycles - qos:1 - id:000080
2018-05-17_21:26:46:992- message sent - topic:mqtt-roundtrip-qos1-10MByte-1000-cycles - qos:1 - id:000081
2018-05-17_21:26:46:998- message sent - topic:mqtt-roundtrip-qos1-10MByte-1000-cycles - qos:1 - id:000082
2018-05-17_21:26:47:004- message sent - topic:mqtt-roundtrip-qos1-10MByte-1000-cycles - qos:1 - id:000083
2018-05-17_21:26:47:011- message sent - topic:mqtt-roundtrip-qos1-10MByte-1000-cycles - qos:1 - id:000084
2018-05-17_21:26:47:018- message sent - topic:mqtt-roundtrip-qos1-10MByte-1000-cycles - qos:1 - id:000085
2018-05-17_21:26:47:027- message sent - topic:mqtt-roundtrip-qos1-10MByte-1000-cycles - qos:1 - id:000086
2018-05-17_21:26:47:033- message sent - topic:mqtt-roundtrip-qos1-10MByte-1000-cycles - qos:1 - id:000087
2018-05-17_21:26:47:038- message sent - topic:mqtt-roundtrip-qos1-10MByte-1000-cycles - qos:1 - id:000088
2018-05-17_21:26:47:044- message sent - topic:mqtt-roundtrip-qos1-10MByte-1000-cycles - qos:1 - id:000089
2018-05-17_21:26:47:050- message sent - topic:mqtt-roundtrip-qos1-10MByte-1000-cycles - qos:1 - id:000090
2018-05-17_21:26:47:057- message sent - topic:mqtt-roundtrip-qos1-10MByte-1000-cycles - qos:1 - id:000091
2018-05-17_21:26:47:064- message sent - topic:mqtt-roundtrip-qos1-10MByte-1000-cycles - qos:1 - id:000092
2018-05-17_21:26:47:071- message sent - topic:mqtt-roundtrip-qos1-10MByte-1000-cycles - qos:1 - id:000093
2018-05-17_21:26:47:078- message sent - topic:mqtt-roundtrip-qos1-10MByte-1000-cycles - qos:1 - id:000094
2018-05-17_21:26:47:085- message sent - topic:mqtt-roundtrip-qos1-10MByte-1000-cycles - qos:1 - id:000095
2018-05-17_21:26:47:091- message sent - topic:mqtt-roundtrip-qos1-10MByte-1000-cycles - qos:1 - id:000096
2018-05-17_21:26:47:098- message sent - topic:mqtt-roundtrip-qos1-10MByte-1000-cycles - qos:1 - id:000097
2018-05-17_21:26:47:106- message sent - topic:mqtt-roundtrip-qos1-10MByte-1000-cycles - qos:1 - id:000098
2018-05-17_21:26:47:116- message sent - topic:mqtt-roundtrip-qos1-10MByte-1000-cycles - qos:1 - id:000099
2018-05-17_21:26:47:124- message sent - topic:mqtt-roundtrip-qos1-10MByte-1000-cycles - qos:1 - id:000100
2018-05-17_21:26:47:130- message sent - topic:mqtt-roundtrip-qos1-10MByte-1000-cycles - qos:1 - id:000101
2018-05-17_21:26:47:135- message sent - topic:mqtt-roundtrip-qos1-10MByte-1000-cycles - qos:1 - id:000102
2018-05-17_21:26:47:146- message sent - topic:mqtt-roundtrip-qos1-10MByte-1000-cycles - qos:1 - id:000103
2018-05-17_21:26:47:152- message sent - topic:mqtt-roundtrip-qos1-10MByte-1000-cycles - qos:1 - id:000104
2018-05-17_21:26:47:159- message sent - topic:mqtt-roundtrip-qos1-10MByte-1000-cycles - qos:1 - id:000105
2018-05-17_21:26:47:165- message sent - topic:mqtt-roundtrip-qos1-10MByte-1000-cycles - qos:1 - id:000106
2018-05-17_21:26:47:172- message sent - topic:mqtt-roundtrip-qos1-10MByte-1000-cycles - qos:1 - id:000107
2018-05-17_21:26:47:178- message sent - topic:mqtt-roundtrip-qos1-10MByte-1000-cycles - qos:1 - id:000108
2018-05-17_21:26:47:185- message sent - topic:mqtt-roundtrip-qos1-10MByte-1000-cycles - qos:1 - id:000109
2018-05-17_21:26:47:191- message sent - topic:mqtt-roundtrip-qos1-10MByte-1000-cycles - qos:1 - id:000110
2018-05-17_21:26:47:198- message sent - topic:mqtt-roundtrip-qos1-10MByte-1000-cycles - qos:1 - id:000111
2018-05-17_21:26:47:204- message sent - topic:mqtt-roundtrip-qos1-10MByte-1000-cycles - qos:1 - id:000112
2018-05-17_21:26:47:214- message sent - topic:mqtt-roundtrip-qos1-10MByte-1000-cycles - qos:1 - id:000113
2018-05-17_21:26:47:219- message sent - topic:mqtt-roundtrip-qos1-10MByte-1000-cycles - qos:1 - id:000114
2018-05-17_21:26:47:225- message sent - topic:mqtt-roundtrip-qos1-10MByte-1000-cycles - qos:1 - id:000115
2018-05-17_21:26:47:233- message sent - topic:mqtt-roundtrip-qos1-10MByte-1000-cycles - qos:1 - id:000116
2018-05-17_21:26:47:238- message sent - topic:mqtt-roundtrip-qos1-10MByte-1000-cycles - qos:1 - id:000117
2018-05-17_21:26:47:244- message sent - topic:mqtt-roundtrip-qos1-10MByte-1000-cycles - qos:1 - id:000118
2018-05-17_21:26:47:250- message sent - topic:mqtt-roundtrip-qos1-10MByte-1000-cycles - qos:1 - id:000119
2018-05-17_21:26:47:256- message sent - topic:mqtt-roundtrip-qos1-10MByte-1000-cycles - qos:1 - id:000120
2018-05-17_21:26:47:263- message sent - topic:mqtt-roundtrip-qos1-10MByte-1000-cycles - qos:1 - id:000121
2018-05-17_21:26:47:269- message sent - topic:mqtt-roundtrip-qos1-10MByte-1000-cycles - qos:1 - id:000122
2018-05-17_21:26:47:275- message sent - topic:mqtt-roundtrip-qos1-10MByte-1000-cycles - qos:1 - id:000123
2018-05-17_21:26:47:281- message sent - topic:mqtt-roundtrip-qos1-10MByte-1000-cycles - qos:1 - id:000124
2018-05-17_21:26:47:287- message sent - topic:mqtt-roundtrip-qos1-10MByte-1000-cycles - qos:1 - id:000125
2018-05-17_21:26:47:293- message sent - topic:mqtt-roundtrip-qos1-10MByte-1000-cycles - qos:1 - id:000126
2018-05-17_21:26:47:300- message sent - topic:mqtt-roundtrip-qos1-10MByte-1000-cycles - qos:1 - id:000127
2018-05-17_21:26:47:306- message sent - topic:mqtt-roundtrip-qos1-10MByte-1000-cycles - qos:1 - id:000128
2018-05-17_21:26:47:311- message sent - topic:mqtt-roundtrip-qos1-10MByte-1000-cycles - qos:1 - id:000129
2018-05-17_21:26:47:317- message sent - topic:mqtt-roundtrip-qos1-10MByte-1000-cycles - qos:1 - id:000130
2018-05-17_21:26:47:324- message sent - topic:mqtt-roundtrip-qos1-10MByte-1000-cycles - qos:1 - id:000131
2018-05-17_21:26:47:330- message sent - topic:mqtt-roundtrip-qos1-10MByte-1000-cycles - qos:1 - id:000132
2018-05-17_21:26:47:336- message sent - topic:mqtt-roundtrip-qos1-10MByte-1000-cycles - qos:1 - id:000133
2018-05-17_21:26:47:342- message sent - topic:mqtt-roundtrip-qos1-10MByte-1000-cycles - qos:1 - id:000134
2018-05-17_21:26:47:348- message sent - topic:mqtt-roundtrip-qos1-10MByte-1000-cycles - qos:1 - id:000135
2018-05-17_21:26:47:354- message sent - topic:mqtt-roundtrip-qos1-10MByte-1000-cycles - qos:1 - id:000136
2018-05-17_21:26:47:360- message sent - topic:mqtt-roundtrip-qos1-10MByte-1000-cycles - qos:1 - id:000137
2018-05-17_21:26:47:366- message sent - topic:mqtt-roundtrip-qos1-10MByte-1000-cycles - qos:1 - id:000138
2018-05-17_21:26:47:372- message sent - topic:mqtt-roundtrip-qos1-10MByte-1000-cycles - qos:1 - id:000139
2018-05-17_21:26:47:385- message sent - topic:mqtt-roundtrip-qos1-10MByte-1000-cycles - qos:1 - id:000140
2018-05-17_21:26:47:395- message sent - topic:mqtt-roundtrip-qos1-10MByte-1000-cycles - qos:1 - id:000141
2018-05-17_21:26:47:415- message sent - topic:mqtt-roundtrip-qos1-10MByte-1000-cycles - qos:1 - id:000142
2018-05-17_21:26:47:421- message sent - topic:mqtt-roundtrip-qos1-10MByte-1000-cycles - qos:1 - id:000143
2018-05-17_21:26:47:427- message sent - topic:mqtt-roundtrip-qos1-10MByte-1000-cycles - qos:1 - id:000144
2018-05-17_21:26:47:432- message sent - topic:mqtt-roundtrip-qos1-10MByte-1000-cycles - qos:1 - id:000145
2018-05-17_21:26:47:438- message sent - topic:mqtt-roundtrip-qos1-10MByte-1000-cycles - qos:1 - id:000146
2018-05-17_21:26:47:447- message sent - topic:mqtt-roundtrip-qos1-10MByte-1000-cycles - qos:1 - id:000147
2018-05-17_21:26:47:456- message sent - topic:mqtt-roundtrip-qos1-10MByte-1000-cycles - qos:1 - id:000148
2018-05-17_21:26:47:461- message sent - topic:mqtt-roundtrip-qos1-10MByte-1000-cycles - qos:1 - id:000149
2018-05-17_21:26:47:467- message sent - topic:mqtt-roundtrip-qos1-10MByte-1000-cycles - qos:1 - id:000150
2018-05-17_21:26:47:472- message sent - topic:mqtt-roundtrip-qos1-10MByte-1000-cycles - qos:1 - id:000151
2018-05-17_21:26:47:478- message sent - topic:mqtt-roundtrip-qos1-10MByte-1000-cycles - qos:1 - id:000152
2018-05-17_21:26:47:484- message sent - topic:mqtt-roundtrip-qos1-10MByte-1000-cycles - qos:1 - id:000153
2018-05-17_21:26:47:494- message sent - topic:mqtt-roundtrip-qos1-10MByte-1000-cycles - qos:1 - id:000154
2018-05-17_21:26:47:499- message sent - topic:mqtt-roundtrip-qos1-10MByte-1000-cycles - qos:1 - id:000155
2018-05-17_21:26:47:510- message sent - topic:mqtt-roundtrip-qos1-10MByte-1000-cycles - qos:1 - id:000156
2018-05-17_21:26:47:518- message sent - topic:mqtt-roundtrip-qos1-10MByte-1000-cycles - qos:1 - id:000157
2018-05-17_21:26:47:524- message sent - topic:mqtt-roundtrip-qos1-10MByte-1000-cycles - qos:1 - id:000158
2018-05-17_21:26:47:533- message sent - topic:mqtt-roundtrip-qos1-10MByte-1000-cycles - qos:1 - id:000159
2018-05-17_21:26:47:544- message sent - topic:mqtt-roundtrip-qos1-10MByte-1000-cycles - qos:1 - id:000160
2018-05-17_21:26:47:553- message sent - topic:mqtt-roundtrip-qos1-10MByte-1000-cycles - qos:1 - id:000161
2018-05-17_21:26:47:561- message sent - topic:mqtt-roundtrip-qos1-10MByte-1000-cycles - qos:1 - id:000162
2018-05-17_21:26:47:570- message sent - topic:mqtt-roundtrip-qos1-10MByte-1000-cycles - qos:1 - id:000163
2018-05-17_21:26:47:579- message sent - topic:mqtt-roundtrip-qos1-10MByte-1000-cycles - qos:1 - id:000164
2018-05-17_21:26:47:587- message sent - topic:mqtt-roundtrip-qos1-10MByte-1000-cycles - qos:1 - id:000165
2018-05-17_21:26:47:598- message sent - topic:mqtt-roundtrip-qos1-10MByte-1000-cycles - qos:1 - id:000166
2018-05-17_21:26:47:610- message sent - topic:mqtt-roundtrip-qos1-10MByte-1000-cycles - qos:1 - id:000167
2018-05-17_21:26:47:624- message sent - topic:mqtt-roundtrip-qos1-10MByte-1000-cycles - qos:1 - id:000168
2018-05-17_21:26:47:633- message sent - topic:mqtt-roundtrip-qos1-10MByte-1000-cycles - qos:1 - id:000169
2018-05-17_21:26:47:642- message sent - topic:mqtt-roundtrip-qos1-10MByte-1000-cycles - qos:1 - id:000170
2018-05-17_21:26:47:652- message sent - topic:mqtt-roundtrip-qos1-10MByte-1000-cycles - qos:1 - id:000171
2018-05-17_21:26:47:660- message sent - topic:mqtt-roundtrip-qos1-10MByte-1000-cycles - qos:1 - id:000172
2018-05-17_21:26:47:669- message sent - topic:mqtt-roundtrip-qos1-10MByte-1000-cycles - qos:1 - id:000173
2018-05-17_21:26:47:677- message sent - topic:mqtt-roundtrip-qos1-10MByte-1000-cycles - qos:1 - id:000174
2018-05-17_21:26:47:689- message sent - topic:mqtt-roundtrip-qos1-10MByte-1000-cycles - qos:1 - id:000175
2018-05-17_21:26:47:695- message sent - topic:mqtt-roundtrip-qos1-10MByte-1000-cycles - qos:1 - id:000176
2018-05-17_21:26:47:700- message sent - topic:mqtt-roundtrip-qos1-10MByte-1000-cycles - qos:1 - id:000177
2018-05-17_21:26:47:706- message sent - topic:mqtt-roundtrip-qos1-10MByte-1000-cycles - qos:1 - id:000178
2018-05-17_21:26:47:712- message sent - topic:mqtt-roundtrip-qos1-10MByte-1000-cycles - qos:1 - id:000179
2018-05-17_21:26:47:720- message sent - topic:mqtt-roundtrip-qos1-10MByte-1000-cycles - qos:1 - id:000180
2018-05-17_21:26:47:728- message sent - topic:mqtt-roundtrip-qos1-10MByte-1000-cycles - qos:1 - id:000181
2018-05-17_21:26:47:738- message sent - topic:mqtt-roundtrip-qos1-10MByte-1000-cycles - qos:1 - id:000182
2018-05-17_21:26:47:744- message sent - topic:mqtt-roundtrip-qos1-10MByte-1000-cycles - qos:1 - id:000183
2018-05-17_21:26:47:749- message sent - topic:mqtt-roundtrip-qos1-10MByte-1000-cycles - qos:1 - id:000184
2018-05-17_21:26:47:755- message sent - topic:mqtt-roundtrip-qos1-10MByte-1000-cycles - qos:1 - id:000185
2018-05-17_21:26:47:761- message sent - topic:mqtt-roundtrip-qos1-10MByte-1000-cycles - qos:1 - id:000186
2018-05-17_21:26:47:766- message sent - topic:mqtt-roundtrip-qos1-10MByte-1000-cycles - qos:1 - id:000187
2018-05-17_21:26:47:774- message sent - topic:mqtt-roundtrip-qos1-10MByte-1000-cycles - qos:1 - id:000188
2018-05-17_21:26:47:783- message sent - topic:mqtt-roundtrip-qos1-10MByte-1000-cycles - qos:1 - id:000189
2018-05-17_21:26:47:791- message sent - topic:mqtt-roundtrip-qos1-10MByte-1000-cycles - qos:1 - id:000190
2018-05-17_21:26:47:798- message sent - topic:mqtt-roundtrip-qos1-10MByte-1000-cycles - qos:1 - id:000191
2018-05-17_21:26:47:806- message sent - topic:mqtt-roundtrip-qos1-10MByte-1000-cycles - qos:1 - id:000192
2018-05-17_21:26:47:813- message sent - topic:mqtt-roundtrip-qos1-10MByte-1000-cycles - qos:1 - id:000193
2018-05-17_21:26:47:821- message sent - topic:mqtt-roundtrip-qos1-10MByte-1000-cycles - qos:1 - id:000194
2018-05-17_21:26:47:828- message sent - topic:mqtt-roundtrip-qos1-10MByte-1000-cycles - qos:1 - id:000195
2018-05-17_21:26:47:836- message sent - topic:mqtt-roundtrip-qos1-10MByte-1000-cycles - qos:1 - id:000196
2018-05-17_21:26:47:843- message sent - topic:mqtt-roundtrip-qos1-10MByte-1000-cycles - qos:1 - id:000197
2018-05-17_21:26:47:851- message sent - topic:mqtt-roundtrip-qos1-10MByte-1000-cycles - qos:1 - id:000198
2018-05-17_21:26:47:858- message sent - topic:mqtt-roundtrip-qos1-10MByte-1000-cycles - qos:1 - id:000199
2018-05-17_21:26:47:867- message sent - topic:mqtt-roundtrip-qos1-10MByte-1000-cycles - qos:1 - id:000200
2018-05-17_21:26:47:873- message sent - topic:mqtt-roundtrip-qos1-10MByte-1000-cycles - qos:1 - id:000201
2018-05-17_21:26:47:878- message sent - topic:mqtt-roundtrip-qos1-10MByte-1000-cycles - qos:1 - id:000202
2018-05-17_21:26:47:884- message sent - topic:mqtt-roundtrip-qos1-10MByte-1000-cycles - qos:1 - id:000203
2018-05-17_21:26:47:890- message sent - topic:mqtt-roundtrip-qos1-10MByte-1000-cycles - qos:1 - id:000204
2018-05-17_21:26:47:895- message sent - topic:mqtt-roundtrip-qos1-10MByte-1000-cycles - qos:1 - id:000205
2018-05-17_21:26:47:903- message sent - topic:mqtt-roundtrip-qos1-10MByte-1000-cycles - qos:1 - id:000206
2018-05-17_21:26:47:910- message sent - topic:mqtt-roundtrip-qos1-10MByte-1000-cycles - qos:1 - id:000207
2018-05-17_21:26:47:921- message sent - topic:mqtt-roundtrip-qos1-10MByte-1000-cycles - qos:1 - id:000208
2018-05-17_21:26:47:930- message sent - topic:mqtt-roundtrip-qos1-10MByte-1000-cycles - qos:1 - id:000209
2018-05-17_21:26:47:936- message sent - topic:mqtt-roundtrip-qos1-10MByte-1000-cycles - qos:1 - id:000210
2018-05-17_21:26:47:942- message sent - topic:mqtt-roundtrip-qos1-10MByte-1000-cycles - qos:1 - id:000211
2018-05-17_21:26:47:947- message sent - topic:mqtt-roundtrip-qos1-10MByte-1000-cycles - qos:1 - id:000212
2018-05-17_21:26:47:953- message sent - topic:mqtt-roundtrip-qos1-10MByte-1000-cycles - qos:1 - id:000213
2018-05-17_21:26:47:961- message sent - topic:mqtt-roundtrip-qos1-10MByte-1000-cycles - qos:1 - id:000214
2018-05-17_21:26:47:967- message sent - topic:mqtt-roundtrip-qos1-10MByte-1000-cycles - qos:1 - id:000215
2018-05-17_21:26:47:976- message sent - topic:mqtt-roundtrip-qos1-10MByte-1000-cycles - qos:1 - id:000216
2018-05-17_21:26:47:981- message sent - topic:mqtt-roundtrip-qos1-10MByte-1000-cycles - qos:1 - id:000217
2018-05-17_21:26:47:986- message sent - topic:mqtt-roundtrip-qos1-10MByte-1000-cycles - qos:1 - id:000218
2018-05-17_21:26:47:994- message sent - topic:mqtt-roundtrip-qos1-10MByte-1000-cycles - qos:1 - id:000219
2018-05-17_21:26:48:000- message sent - topic:mqtt-roundtrip-qos1-10MByte-1000-cycles - qos:1 - id:000220
2018-05-17_21:26:48:005- message sent - topic:mqtt-roundtrip-qos1-10MByte-1000-cycles - qos:1 - id:000221
2018-05-17_21:26:48:011- message sent - topic:mqtt-roundtrip-qos1-10MByte-1000-cycles - qos:1 - id:000222
2018-05-17_21:26:48:017- message sent - topic:mqtt-roundtrip-qos1-10MByte-1000-cycles - qos:1 - id:000223
2018-05-17_21:26:48:024- message sent - topic:mqtt-roundtrip-qos1-10MByte-1000-cycles - qos:1 - id:000224
2018-05-17_21:26:48:031- message sent - topic:mqtt-roundtrip-qos1-10MByte-1000-cycles - qos:1 - id:000225
2018-05-17_21:26:48:037- message sent - topic:mqtt-roundtrip-qos1-10MByte-1000-cycles - qos:1 - id:000226
2018-05-17_21:26:48:043- message sent - topic:mqtt-roundtrip-qos1-10MByte-1000-cycles - qos:1 - id:000227
2018-05-17_21:26:48:048- message sent - topic:mqtt-roundtrip-qos1-10MByte-1000-cycles - qos:1 - id:000228
2018-05-17_21:26:48:054- message sent - topic:mqtt-roundtrip-qos1-10MByte-1000-cycles - qos:1 - id:000229
2018-05-17_21:26:48:060- message sent - topic:mqtt-roundtrip-qos1-10MByte-1000-cycles - qos:1 - id:000230
2018-05-17_21:26:48:066- message sent - topic:mqtt-roundtrip-qos1-10MByte-1000-cycles - qos:1 - id:000231
2018-05-17_21:26:48:073- message sent - topic:mqtt-roundtrip-qos1-10MByte-1000-cycles - qos:1 - id:000232
2018-05-17_21:26:48:080- message sent - topic:mqtt-roundtrip-qos1-10MByte-1000-cycles - qos:1 - id:000233
2018-05-17_21:26:48:086- message sent - topic:mqtt-roundtrip-qos1-10MByte-1000-cycles - qos:1 - id:000234
2018-05-17_21:26:48:093- message sent - topic:mqtt-roundtrip-qos1-10MByte-1000-cycles - qos:1 - id:000235
2018-05-17_21:26:48:099- message sent - topic:mqtt-roundtrip-qos1-10MByte-1000-cycles - qos:1 - id:000236
2018-05-17_21:26:48:106- message sent - topic:mqtt-roundtrip-qos1-10MByte-1000-cycles - qos:1 - id:000237
2018-05-17_21:26:48:113- message sent - topic:mqtt-roundtrip-qos1-10MByte-1000-cycles - qos:1 - id:000238
2018-05-17_21:26:48:120- message sent - topic:mqtt-roundtrip-qos1-10MByte-1000-cycles - qos:1 - id:000239
2018-05-17_21:26:48:128- message sent - topic:mqtt-roundtrip-qos1-10MByte-1000-cycles - qos:1 - id:000240
2018-05-17_21:26:48:133- message sent - topic:mqtt-roundtrip-qos1-10MByte-1000-cycles - qos:1 - id:000241
2018-05-17_21:26:48:139- message sent - topic:mqtt-roundtrip-qos1-10MByte-1000-cycles - qos:1 - id:000242
2018-05-17_21:26:48:145- message sent - topic:mqtt-roundtrip-qos1-10MByte-1000-cycles - qos:1 - id:000243
2018-05-17_21:26:48:152- message sent - topic:mqtt-roundtrip-qos1-10MByte-1000-cycles - qos:1 - id:000244
2018-05-17_21:26:48:158- message sent - topic:mqtt-roundtrip-qos1-10MByte-1000-cycles - qos:1 - id:000245
2018-05-17_21:26:48:164- message sent - topic:mqtt-roundtrip-qos1-10MByte-1000-cycles - qos:1 - id:000246
2018-05-17_21:26:48:170- message sent - topic:mqtt-roundtrip-qos1-10MByte-1000-cycles - qos:1 - id:000247
2018-05-17_21:26:48:177- message sent - topic:mqtt-roundtrip-qos1-10MByte-1000-cycles - qos:1 - id:000248
2018-05-17_21:26:48:182- message sent - topic:mqtt-roundtrip-qos1-10MByte-1000-cycles - qos:1 - id:000249
2018-05-17_21:26:48:188- message sent - topic:mqtt-roundtrip-qos1-10MByte-1000-cycles - qos:1 - id:000250
2018-05-17_21:26:48:194- message sent - topic:mqtt-roundtrip-qos1-10MByte-1000-cycles - qos:1 - id:000251
2018-05-17_21:26:48:199- message sent - topic:mqtt-roundtrip-qos1-10MByte-1000-cycles - qos:1 - id:000252
2018-05-17_21:26:48:205- message sent - topic:mqtt-roundtrip-qos1-10MByte-1000-cycles - qos:1 - id:000253
2018-05-17_21:26:48:211- message sent - topic:mqtt-roundtrip-qos1-10MByte-1000-cycles - qos:1 - id:000254
2018-05-17_21:26:48:217- message sent - topic:mqtt-roundtrip-qos1-10MByte-1000-cycles - qos:1 - id:000255
2018-05-17_21:26:48:223- message sent - topic:mqtt-roundtrip-qos1-10MByte-1000-cycles - qos:1 - id:000256
2018-05-17_21:26:48:229- message sent - topic:mqtt-roundtrip-qos1-10MByte-1000-cycles - qos:1 - id:000257
2018-05-17_21:26:48:235- message sent - topic:mqtt-roundtrip-qos1-10MByte-1000-cycles - qos:1 - id:000258
2018-05-17_21:26:48:240- message sent - topic:mqtt-roundtrip-qos1-10MByte-1000-cycles - qos:1 - id:000259
2018-05-17_21:26:48:249- message sent - topic:mqtt-roundtrip-qos1-10MByte-1000-cycles - qos:1 - id:000260
2018-05-17_21:26:48:256- message sent - topic:mqtt-roundtrip-qos1-10MByte-1000-cycles - qos:1 - id:000261
2018-05-17_21:26:48:263- message sent - topic:mqtt-roundtrip-qos1-10MByte-1000-cycles - qos:1 - id:000262
2018-05-17_21:26:48:270- message sent - topic:mqtt-roundtrip-qos1-10MByte-1000-cycles - qos:1 - id:000263
2018-05-17_21:26:48:296- message sent - topic:mqtt-roundtrip-qos1-10MByte-1000-cycles - qos:1 - id:000264
2018-05-17_21:26:48:299- message sent - topic:mqtt-roundtrip-qos1-10MByte-1000-cycles - qos:1 - id:000265
2018-05-17_21:26:48:305- message sent - topic:mqtt-roundtrip-qos1-10MByte-1000-cycles - qos:1 - id:000266
2018-05-17_21:26:48:312- message sent - topic:mqtt-roundtrip-qos1-10MByte-1000-cycles - qos:1 - id:000267
2018-05-17_21:26:48:334- message sent - topic:mqtt-roundtrip-qos1-10MByte-1000-cycles - qos:1 - id:000268
2018-05-17_21:26:48:343- message sent - topic:mqtt-roundtrip-qos1-10MByte-1000-cycles - qos:1 - id:000269
2018-05-17_21:26:48:349- message sent - topic:mqtt-roundtrip-qos1-10MByte-1000-cycles - qos:1 - id:000270
2018-05-17_21:26:48:358- message sent - topic:mqtt-roundtrip-qos1-10MByte-1000-cycles - qos:1 - id:000271
2018-05-17_21:26:48:377- message sent - topic:mqtt-roundtrip-qos1-10MByte-1000-cycles - qos:1 - id:000272
2018-05-17_21:26:48:383- message sent - topic:mqtt-roundtrip-qos1-10MByte-1000-cycles - qos:1 - id:000273
2018-05-17_21:26:48:389- message sent - topic:mqtt-roundtrip-qos1-10MByte-1000-cycles - qos:1 - id:000274
2018-05-17_21:26:48:395- message sent - topic:mqtt-roundtrip-qos1-10MByte-1000-cycles - qos:1 - id:000275
2018-05-17_21:26:48:402- message sent - topic:mqtt-roundtrip-qos1-10MByte-1000-cycles - qos:1 - id:000276
2018-05-17_21:26:48:424- message sent - topic:mqtt-roundtrip-qos1-10MByte-1000-cycles - qos:1 - id:000277
2018-05-17_21:26:48:427- message sent - topic:mqtt-roundtrip-qos1-10MByte-1000-cycles - qos:1 - id:000278
2018-05-17_21:26:48:455- message sent - topic:mqtt-roundtrip-qos1-10MByte-1000-cycles - qos:1 - id:000279
2018-05-17_21:26:48:463- message sent - topic:mqtt-roundtrip-qos1-10MByte-1000-cycles - qos:1 - id:000280
2018-05-17_21:26:48:484- message sent - topic:mqtt-roundtrip-qos1-10MByte-1000-cycles - qos:1 - id:000281
2018-05-17_21:26:48:503- message sent - topic:mqtt-roundtrip-qos1-10MByte-1000-cycles - qos:1 - id:000282
2018-05-17_21:26:48:532- message sent - topic:mqtt-roundtrip-qos1-10MByte-1000-cycles - qos:1 - id:000283
2018-05-17_21:26:48:550- message sent - topic:mqtt-roundtrip-qos1-10MByte-1000-cycles - qos:1 - id:000284
2018-05-17_21:26:48:580- message sent - topic:mqtt-roundtrip-qos1-10MByte-1000-cycles - qos:1 - id:000285
2018-05-17_21:26:48:596- message sent - topic:mqtt-roundtrip-qos1-10MByte-1000-cycles - qos:1 - id:000286
2018-05-17_21:26:48:639- message sent - topic:mqtt-roundtrip-qos1-10MByte-1000-cycles - qos:1 - id:000287
2018-05-17_21:26:48:708- message sent - topic:mqtt-roundtrip-qos1-10MByte-1000-cycles - qos:1 - id:000288
2018-05-17_21:26:48:787- message sent - topic:mqtt-roundtrip-qos1-10MByte-1000-cycles - qos:1 - id:000289
2018-05-17_21:26:48:927- message sent - topic:mqtt-roundtrip-qos1-10MByte-1000-cycles - qos:1 - id:000290
2018-05-17_21:26:48:964- message sent - topic:mqtt-roundtrip-qos1-10MByte-1000-cycles - qos:1 - id:000291
2018-05-17_21:26:48:980- message sent - topic:mqtt-roundtrip-qos1-10MByte-1000-cycles - qos:1 - id:000292
2018-05-17_21:26:48:999- message sent - topic:mqtt-roundtrip-qos1-10MByte-1000-cycles - qos:1 - id:000293
2018-05-17_21:26:49:043- message sent - topic:mqtt-roundtrip-qos1-10MByte-1000-cycles - qos:1 - id:000294
2018-05-17_21:26:49:066- message sent - topic:mqtt-roundtrip-qos1-10MByte-1000-cycles - qos:1 - id:000295
2018-05-17_21:26:49:120- message sent - topic:mqtt-roundtrip-qos1-10MByte-1000-cycles - qos:1 - id:000296
2018-05-17_21:26:49:145- message sent - topic:mqtt-roundtrip-qos1-10MByte-1000-cycles - qos:1 - id:000297
2018-05-17_21:26:49:174- message sent - topic:mqtt-roundtrip-qos1-10MByte-1000-cycles - qos:1 - id:000298
2018-05-17_21:26:49:228- message sent - topic:mqtt-roundtrip-qos1-10MByte-1000-cycles - qos:1 - id:000299
2018-05-17_21:26:49:255- message sent - topic:mqtt-roundtrip-qos1-10MByte-1000-cycles - qos:1 - id:000300
2018-05-17_21:26:49:314- message sent - topic:mqtt-roundtrip-qos1-10MByte-1000-cycles - qos:1 - id:000301
2018-05-17_21:26:50:605- message sent - topic:mqtt-roundtrip-qos1-10MByte-1000-cycles - qos:1 - id:000302
2018-05-17_21:26:50:618- message sent - topic:mqtt-roundtrip-qos1-10MByte-1000-cycles - qos:1 - id:000303
2018-05-17_21:26:50:629- message sent - topic:mqtt-roundtrip-qos1-10MByte-1000-cycles - qos:1 - id:000304
2018-05-17_21:26:50:648- message sent - topic:mqtt-roundtrip-qos1-10MByte-1000-cycles - qos:1 - id:000305
2018-05-17_21:26:50:675- message sent - topic:mqtt-roundtrip-qos1-10MByte-1000-cycles - qos:1 - id:000306
2018-05-17_21:26:50:770- message sent - topic:mqtt-roundtrip-qos1-10MByte-1000-cycles - qos:1 - id:000307
2018-05-17_21:26:50:880- message sent - topic:mqtt-roundtrip-qos1-10MByte-1000-cycles - qos:1 - id:000308
2018-05-17_21:26:50:892- message sent - topic:mqtt-roundtrip-qos1-10MByte-1000-cycles - qos:1 - id:000309
2018-05-17_21:26:50:904- message sent - topic:mqtt-roundtrip-qos1-10MByte-1000-cycles - qos:1 - id:000310
2018-05-17_21:26:50:913- message sent - topic:mqtt-roundtrip-qos1-10MByte-1000-cycles - qos:1 - id:000311
2018-05-17_21:26:50:919- message sent - topic:mqtt-roundtrip-qos1-10MByte-1000-cycles - qos:1 - id:000312
2018-05-17_21:26:50:925- message sent - topic:mqtt-roundtrip-qos1-10MByte-1000-cycles - qos:1 - id:000313
2018-05-17_21:26:50:933- message sent - topic:mqtt-roundtrip-qos1-10MByte-1000-cycles - qos:1 - id:000314
2018-05-17_21:26:50:939- message sent - topic:mqtt-roundtrip-qos1-10MByte-1000-cycles - qos:1 - id:000315
2018-05-17_21:26:50:947- message sent - topic:mqtt-roundtrip-qos1-10MByte-1000-cycles - qos:1 - id:000316
2018-05-17_21:26:50:957- message sent - topic:mqtt-roundtrip-qos1-10MByte-1000-cycles - qos:1 - id:000317
2018-05-17_21:26:50:963- message sent - topic:mqtt-roundtrip-qos1-10MByte-1000-cycles - qos:1 - id:000318
2018-05-17_21:26:50:970- message sent - topic:mqtt-roundtrip-qos1-10MByte-1000-cycles - qos:1 - id:000319
2018-05-17_21:26:50:976- message sent - topic:mqtt-roundtrip-qos1-10MByte-1000-cycles - qos:1 - id:000320
2018-05-17_21:26:50:985- message sent - topic:mqtt-roundtrip-qos1-10MByte-1000-cycles - qos:1 - id:000321
2018-05-17_21:26:50:998- message sent - topic:mqtt-roundtrip-qos1-10MByte-1000-cycles - qos:1 - id:000322
2018-05-17_21:26:51:005- message sent - topic:mqtt-roundtrip-qos1-10MByte-1000-cycles - qos:1 - id:000323
2018-05-17_21:26:51:013- message sent - topic:mqtt-roundtrip-qos1-10MByte-1000-cycles - qos:1 - id:000324
2018-05-17_21:26:51:019- message sent - topic:mqtt-roundtrip-qos1-10MByte-1000-cycles - qos:1 - id:000325
2018-05-17_21:26:51:028- message sent - topic:mqtt-roundtrip-qos1-10MByte-1000-cycles - qos:1 - id:000326
2018-05-17_21:26:51:039- message sent - topic:mqtt-roundtrip-qos1-10MByte-1000-cycles - qos:1 - id:000327
2018-05-17_21:26:51:045- message sent - topic:mqtt-roundtrip-qos1-10MByte-1000-cycles - qos:1 - id:000328
2018-05-17_21:26:51:050- message sent - topic:mqtt-roundtrip-qos1-10MByte-1000-cycles - qos:1 - id:000329
2018-05-17_21:26:51:057- message sent - topic:mqtt-roundtrip-qos1-10MByte-1000-cycles - qos:1 - id:000330
2018-05-17_21:26:51:068- message sent - topic:mqtt-roundtrip-qos1-10MByte-1000-cycles - qos:1 - id:000331
2018-05-17_21:26:51:080- message sent - topic:mqtt-roundtrip-qos1-10MByte-1000-cycles - qos:1 - id:000332
2018-05-17_21:26:51:086- message sent - topic:mqtt-roundtrip-qos1-10MByte-1000-cycles - qos:1 - id:000333
2018-05-17_21:26:51:091- message sent - topic:mqtt-roundtrip-qos1-10MByte-1000-cycles - qos:1 - id:000334
2018-05-17_21:26:51:123- message sent - topic:mqtt-roundtrip-qos1-10MByte-1000-cycles - qos:1 - id:000335
2018-05-17_21:26:51:135- message sent - topic:mqtt-roundtrip-qos1-10MByte-1000-cycles - qos:1 - id:000336
2018-05-17_21:26:51:141- message sent - topic:mqtt-roundtrip-qos1-10MByte-1000-cycles - qos:1 - id:000337
2018-05-17_21:26:51:176- message sent - topic:mqtt-roundtrip-qos1-10MByte-1000-cycles - qos:1 - id:000338
2018-05-17_21:26:51:192- message sent - topic:mqtt-roundtrip-qos1-10MByte-1000-cycles - qos:1 - id:000339
2018-05-17_21:26:51:258- message sent - topic:mqtt-roundtrip-qos1-10MByte-1000-cycles - qos:1 - id:000340
2018-05-17_21:26:51:302- message sent - topic:mqtt-roundtrip-qos1-10MByte-1000-cycles - qos:1 - id:000341
2018-05-17_21:26:51:423- message sent - topic:mqtt-roundtrip-qos1-10MByte-1000-cycles - qos:1 - id:000342
2018-05-17_21:26:51:448- message sent - topic:mqtt-roundtrip-qos1-10MByte-1000-cycles - qos:1 - id:000343
2018-05-17_21:26:51:527- message sent - topic:mqtt-roundtrip-qos1-10MByte-1000-cycles - qos:1 - id:000344
2018-05-17_21:26:51:542- message sent - topic:mqtt-roundtrip-qos1-10MByte-1000-cycles - qos:1 - id:000345
2018-05-17_21:26:51:649- message sent - topic:mqtt-roundtrip-qos1-10MByte-1000-cycles - qos:1 - id:000346
2018-05-17_21:26:51:671- message sent - topic:mqtt-roundtrip-qos1-10MByte-1000-cycles - qos:1 - id:000347
2018-05-17_21:26:52:498- message sent - topic:mqtt-roundtrip-qos1-10MByte-1000-cycles - qos:1 - id:000348
2018-05-17_21:26:52:513- message sent - topic:mqtt-roundtrip-qos1-10MByte-1000-cycles - qos:1 - id:000349
2018-05-17_21:26:52:525- message sent - topic:mqtt-roundtrip-qos1-10MByte-1000-cycles - qos:1 - id:000350
2018-05-17_21:26:52:532- message sent - topic:mqtt-roundtrip-qos1-10MByte-1000-cycles - qos:1 - id:000351
2018-05-17_21:26:52:557- message sent - topic:mqtt-roundtrip-qos1-10MByte-1000-cycles - qos:1 - id:000352
2018-05-17_21:26:52:570- message sent - topic:mqtt-roundtrip-qos1-10MByte-1000-cycles - qos:1 - id:000353
2018-05-17_21:26:52:752- message sent - topic:mqtt-roundtrip-qos1-10MByte-1000-cycles - qos:1 - id:000354
2018-05-17_21:26:52:962- message sent - topic:mqtt-roundtrip-qos1-10MByte-1000-cycles - qos:1 - id:000355
2018-05-17_21:26:52:986- message sent - topic:mqtt-roundtrip-qos1-10MByte-1000-cycles - qos:1 - id:000356
2018-05-17_21:26:52:992- message sent - topic:mqtt-roundtrip-qos1-10MByte-1000-cycles - qos:1 - id:000357
2018-05-17_21:26:53:003- message sent - topic:mqtt-roundtrip-qos1-10MByte-1000-cycles - qos:1 - id:000358
2018-05-17_21:26:53:009- message sent - topic:mqtt-roundtrip-qos1-10MByte-1000-cycles - qos:1 - id:000359
2018-05-17_21:26:53:019- message sent - topic:mqtt-roundtrip-qos1-10MByte-1000-cycles - qos:1 - id:000360
2018-05-17_21:26:53:024- message sent - topic:mqtt-roundtrip-qos1-10MByte-1000-cycles - qos:1 - id:000361
2018-05-17_21:26:53:042- message sent - topic:mqtt-roundtrip-qos1-10MByte-1000-cycles - qos:1 - id:000362
2018-05-17_21:26:53:051- message sent - topic:mqtt-roundtrip-qos1-10MByte-1000-cycles - qos:1 - id:000363
2018-05-17_21:26:53:057- message sent - topic:mqtt-roundtrip-qos1-10MByte-1000-cycles - qos:1 - id:000364
2018-05-17_21:26:53:065- message sent - topic:mqtt-roundtrip-qos1-10MByte-1000-cycles - qos:1 - id:000365
2018-05-17_21:26:53:073- message sent - topic:mqtt-roundtrip-qos1-10MByte-1000-cycles - qos:1 - id:000366
2018-05-17_21:26:53:095- message sent - topic:mqtt-roundtrip-qos1-10MByte-1000-cycles - qos:1 - id:000367
2018-05-17_21:26:53:103- message sent - topic:mqtt-roundtrip-qos1-10MByte-1000-cycles - qos:1 - id:000368
2018-05-17_21:26:53:345- message sent - topic:mqtt-roundtrip-qos1-10MByte-1000-cycles - qos:1 - id:000369
2018-05-17_21:26:53:565- message sent - topic:mqtt-roundtrip-qos1-10MByte-1000-cycles - qos:1 - id:000370
2018-05-17_21:26:53:630- message sent - topic:mqtt-roundtrip-qos1-10MByte-1000-cycles - qos:1 - id:000371
2018-05-17_21:26:54:288- message sent - topic:mqtt-roundtrip-qos1-10MByte-1000-cycles - qos:1 - id:000372
2018-05-17_21:26:54:297- message sent - topic:mqtt-roundtrip-qos1-10MByte-1000-cycles - qos:1 - id:000373
2018-05-17_21:26:54:303- message sent - topic:mqtt-roundtrip-qos1-10MByte-1000-cycles - qos:1 - id:000374
2018-05-17_21:26:54:309- message sent - topic:mqtt-roundtrip-qos1-10MByte-1000-cycles - qos:1 - id:000375
2018-05-17_21:26:54:397- message sent - topic:mqtt-roundtrip-qos1-10MByte-1000-cycles - qos:1 - id:000376
2018-05-17_21:26:54:481- message sent - topic:mqtt-roundtrip-qos1-10MByte-1000-cycles - qos:1 - id:000377
2018-05-17_21:26:54:492- message sent - topic:mqtt-roundtrip-qos1-10MByte-1000-cycles - qos:1 - id:000378
2018-05-17_21:26:54:500- message sent - topic:mqtt-roundtrip-qos1-10MByte-1000-cycles - qos:1 - id:000379
2018-05-17_21:26:54:509- message sent - topic:mqtt-roundtrip-qos1-10MByte-1000-cycles - qos:1 - id:000380
2018-05-17_21:26:54:517- message sent - topic:mqtt-roundtrip-qos1-10MByte-1000-cycles - qos:1 - id:000381
2018-05-17_21:26:54:533- message sent - topic:mqtt-roundtrip-qos1-10MByte-1000-cycles - qos:1 - id:000382
2018-05-17_21:26:54:541- message sent - topic:mqtt-roundtrip-qos1-10MByte-1000-cycles - qos:1 - id:000383
2018-05-17_21:26:54:554- message sent - topic:mqtt-roundtrip-qos1-10MByte-1000-cycles - qos:1 - id:000384
2018-05-17_21:26:54:575- message sent - topic:mqtt-roundtrip-qos1-10MByte-1000-cycles - qos:1 - id:000385
2018-05-17_21:26:54:587- message sent - topic:mqtt-roundtrip-qos1-10MByte-1000-cycles - qos:1 - id:000386
2018-05-17_21:26:54:601- message sent - topic:mqtt-roundtrip-qos1-10MByte-1000-cycles - qos:1 - id:000387
2018-05-17_21:26:54:607- message sent - topic:mqtt-roundtrip-qos1-10MByte-1000-cycles - qos:1 - id:000388
2018-05-17_21:26:54:613- message sent - topic:mqtt-roundtrip-qos1-10MByte-1000-cycles - qos:1 - id:000389
2018-05-17_21:26:54:621- message sent - topic:mqtt-roundtrip-qos1-10MByte-1000-cycles - qos:1 - id:000390
2018-05-17_21:26:54:631- message sent - topic:mqtt-roundtrip-qos1-10MByte-1000-cycles - qos:1 - id:000391
2018-05-17_21:26:54:641- message sent - topic:mqtt-roundtrip-qos1-10MByte-1000-cycles - qos:1 - id:000392
2018-05-17_21:26:54:656- message sent - topic:mqtt-roundtrip-qos1-10MByte-1000-cycles - qos:1 - id:000393
2018-05-17_21:26:54:679- message sent - topic:mqtt-roundtrip-qos1-10MByte-1000-cycles - qos:1 - id:000394
2018-05-17_21:26:54:706- message sent - topic:mqtt-roundtrip-qos1-10MByte-1000-cycles - qos:1 - id:000395
2018-05-17_21:26:54:784- message sent - topic:mqtt-roundtrip-qos1-10MByte-1000-cycles - qos:1 - id:000396
2018-05-17_21:26:54:800- message sent - topic:mqtt-roundtrip-qos1-10MByte-1000-cycles - qos:1 - id:000397
2018-05-17_21:26:54:826- message sent - topic:mqtt-roundtrip-qos1-10MByte-1000-cycles - qos:1 - id:000398
2018-05-17_21:26:54:919- message sent - topic:mqtt-roundtrip-qos1-10MByte-1000-cycles - qos:1 - id:000399
2018-05-17_21:26:54:986- message sent - topic:mqtt-roundtrip-qos1-10MByte-1000-cycles - qos:1 - id:000400
2018-05-17_21:26:55:001- message sent - topic:mqtt-roundtrip-qos1-10MByte-1000-cycles - qos:1 - id:000401
2018-05-17_21:26:55:087- message sent - topic:mqtt-roundtrip-qos1-10MByte-1000-cycles - qos:1 - id:000402
2018-05-17_21:26:55:559- message sent - topic:mqtt-roundtrip-qos1-10MByte-1000-cycles - qos:1 - id:000403
2018-05-17_21:26:55:571- message sent - topic:mqtt-roundtrip-qos1-10MByte-1000-cycles - qos:1 - id:000404
2018-05-17_21:26:55:591- message sent - topic:mqtt-roundtrip-qos1-10MByte-1000-cycles - qos:1 - id:000405
2018-05-17_21:26:55:597- message sent - topic:mqtt-roundtrip-qos1-10MByte-1000-cycles - qos:1 - id:000406
2018-05-17_21:26:55:603- message sent - topic:mqtt-roundtrip-qos1-10MByte-1000-cycles - qos:1 - id:000407
2018-05-17_21:26:55:613- message sent - topic:mqtt-roundtrip-qos1-10MByte-1000-cycles - qos:1 - id:000408
2018-05-17_21:26:55:626- message sent - topic:mqtt-roundtrip-qos1-10MByte-1000-cycles - qos:1 - id:000409
2018-05-17_21:26:55:634- message sent - topic:mqtt-roundtrip-qos1-10MByte-1000-cycles - qos:1 - id:000410
2018-05-17_21:26:55:644- message sent - topic:mqtt-roundtrip-qos1-10MByte-1000-cycles - qos:1 - id:000411
2018-05-17_21:26:55:660- message sent - topic:mqtt-roundtrip-qos1-10MByte-1000-cycles - qos:1 - id:000412
2018-05-17_21:26:55:701- message sent - topic:mqtt-roundtrip-qos1-10MByte-1000-cycles - qos:1 - id:000413
2018-05-17_21:26:55:714- message sent - topic:mqtt-roundtrip-qos1-10MByte-1000-cycles - qos:1 - id:000414
2018-05-17_21:26:55:746- message sent - topic:mqtt-roundtrip-qos1-10MByte-1000-cycles - qos:1 - id:000415
2018-05-17_21:26:55:801- message sent - topic:mqtt-roundtrip-qos1-10MByte-1000-cycles - qos:1 - id:000416
2018-05-17_21:26:55:852- message sent - topic:mqtt-roundtrip-qos1-10MByte-1000-cycles - qos:1 - id:000417
2018-05-17_21:26:56:610- message sent - topic:mqtt-roundtrip-qos1-10MByte-1000-cycles - qos:1 - id:000418
2018-05-17_21:26:56:825- message sent - topic:mqtt-roundtrip-qos1-10MByte-1000-cycles - qos:1 - id:000419
2018-05-17_21:26:56:840- message sent - topic:mqtt-roundtrip-qos1-10MByte-1000-cycles - qos:1 - id:000420
2018-05-17_21:26:56:846- message sent - topic:mqtt-roundtrip-qos1-10MByte-1000-cycles - qos:1 - id:000421
2018-05-17_21:26:56:855- message sent - topic:mqtt-roundtrip-qos1-10MByte-1000-cycles - qos:1 - id:000422
2018-05-17_21:26:56:864- message sent - topic:mqtt-roundtrip-qos1-10MByte-1000-cycles - qos:1 - id:000423
2018-05-17_21:26:56:883- message sent - topic:mqtt-roundtrip-qos1-10MByte-1000-cycles - qos:1 - id:000424
2018-05-17_21:26:56:891- message sent - topic:mqtt-roundtrip-qos1-10MByte-1000-cycles - qos:1 - id:000425
2018-05-17_21:26:56:898- message sent - topic:mqtt-roundtrip-qos1-10MByte-1000-cycles - qos:1 - id:000426
2018-05-17_21:26:56:967- message sent - topic:mqtt-roundtrip-qos1-10MByte-1000-cycles - qos:1 - id:000427
2018-05-17_21:26:57:023- message sent - topic:mqtt-roundtrip-qos1-10MByte-1000-cycles - qos:1 - id:000428
2018-05-17_21:26:57:047- message sent - topic:mqtt-roundtrip-qos1-10MByte-1000-cycles - qos:1 - id:000429
2018-05-17_21:26:57:056- message sent - topic:mqtt-roundtrip-qos1-10MByte-1000-cycles - qos:1 - id:000430
2018-05-17_21:26:57:065- message sent - topic:mqtt-roundtrip-qos1-10MByte-1000-cycles - qos:1 - id:000431
2018-05-17_21:26:57:082- message sent - topic:mqtt-roundtrip-qos1-10MByte-1000-cycles - qos:1 - id:000432
2018-05-17_21:26:57:100- message sent - topic:mqtt-roundtrip-qos1-10MByte-1000-cycles - qos:1 - id:000433
2018-05-17_21:26:57:128- message sent - topic:mqtt-roundtrip-qos1-10MByte-1000-cycles - qos:1 - id:000434
2018-05-17_21:26:57:146- message sent - topic:mqtt-roundtrip-qos1-10MByte-1000-cycles - qos:1 - id:000435
2018-05-17_21:26:57:158- message sent - topic:mqtt-roundtrip-qos1-10MByte-1000-cycles - qos:1 - id:000436
2018-05-17_21:26:57:191- message sent - topic:mqtt-roundtrip-qos1-10MByte-1000-cycles - qos:1 - id:000437
2018-05-17_21:26:57:228- message sent - topic:mqtt-roundtrip-qos1-10MByte-1000-cycles - qos:1 - id:000438
2018-05-17_21:26:58:260- message sent - topic:mqtt-roundtrip-qos1-10MByte-1000-cycles - qos:1 - id:000439
2018-05-17_21:26:58:272- message sent - topic:mqtt-roundtrip-qos1-10MByte-1000-cycles - qos:1 - id:000440
2018-05-17_21:26:58:290- message sent - topic:mqtt-roundtrip-qos1-10MByte-1000-cycles - qos:1 - id:000441
2018-05-17_21:26:58:305- message sent - topic:mqtt-roundtrip-qos1-10MByte-1000-cycles - qos:1 - id:000442
2018-05-17_21:26:58:326- message sent - topic:mqtt-roundtrip-qos1-10MByte-1000-cycles - qos:1 - id:000443
2018-05-17_21:26:58:335- message sent - topic:mqtt-roundtrip-qos1-10MByte-1000-cycles - qos:1 - id:000444
2018-05-17_21:26:58:340- message sent - topic:mqtt-roundtrip-qos1-10MByte-1000-cycles - qos:1 - id:000445
2018-05-17_21:26:58:357- message sent - topic:mqtt-roundtrip-qos1-10MByte-1000-cycles - qos:1 - id:000446
2018-05-17_21:26:58:373- message sent - topic:mqtt-roundtrip-qos1-10MByte-1000-cycles - qos:1 - id:000447
2018-05-17_21:26:58:389- message sent - topic:mqtt-roundtrip-qos1-10MByte-1000-cycles - qos:1 - id:000448
2018-05-17_21:26:58:522- message sent - topic:mqtt-roundtrip-qos1-10MByte-1000-cycles - qos:1 - id:000449
2018-05-17_21:26:58:625- message sent - topic:mqtt-roundtrip-qos1-10MByte-1000-cycles - qos:1 - id:000450
2018-05-17_21:26:58:639- message sent - topic:mqtt-roundtrip-qos1-10MByte-1000-cycles - qos:1 - id:000451
2018-05-17_21:26:58:655- message sent - topic:mqtt-roundtrip-qos1-10MByte-1000-cycles - qos:1 - id:000452
2018-05-17_21:26:58:663- message sent - topic:mqtt-roundtrip-qos1-10MByte-1000-cycles - qos:1 - id:000453
2018-05-17_21:26:58:672- message sent - topic:mqtt-roundtrip-qos1-10MByte-1000-cycles - qos:1 - id:000454
2018-05-17_21:26:58:697- message sent - topic:mqtt-roundtrip-qos1-10MByte-1000-cycles - qos:1 - id:000455
2018-05-17_21:26:58:703- message sent - topic:mqtt-roundtrip-qos1-10MByte-1000-cycles - qos:1 - id:000456
2018-05-17_21:26:58:714- message sent - topic:mqtt-roundtrip-qos1-10MByte-1000-cycles - qos:1 - id:000457
2018-05-17_21:26:58:724- message sent - topic:mqtt-roundtrip-qos1-10MByte-1000-cycles - qos:1 - id:000458
2018-05-17_21:26:58:733- message sent - topic:mqtt-roundtrip-qos1-10MByte-1000-cycles - qos:1 - id:000459
2018-05-17_21:26:58:745- message sent - topic:mqtt-roundtrip-qos1-10MByte-1000-cycles - qos:1 - id:000460
2018-05-17_21:26:58:755- message sent - topic:mqtt-roundtrip-qos1-10MByte-1000-cycles - qos:1 - id:000461
2018-05-17_21:26:58:766- message sent - topic:mqtt-roundtrip-qos1-10MByte-1000-cycles - qos:1 - id:000462
2018-05-17_21:26:58:783- message sent - topic:mqtt-roundtrip-qos1-10MByte-1000-cycles - qos:1 - id:000463
2018-05-17_21:26:58:793- message sent - topic:mqtt-roundtrip-qos1-10MByte-1000-cycles - qos:1 - id:000464
2018-05-17_21:26:58:841- message sent - topic:mqtt-roundtrip-qos1-10MByte-1000-cycles - qos:1 - id:000465
2018-05-17_21:26:58:859- message sent - topic:mqtt-roundtrip-qos1-10MByte-1000-cycles - qos:1 - id:000466
2018-05-17_21:26:58:892- message sent - topic:mqtt-roundtrip-qos1-10MByte-1000-cycles - qos:1 - id:000467
2018-05-17_21:26:58:899- message sent - topic:mqtt-roundtrip-qos1-10MByte-1000-cycles - qos:1 - id:000468
2018-05-17_21:26:58:952- message sent - topic:mqtt-roundtrip-qos1-10MByte-1000-cycles - qos:1 - id:000469
2018-05-17_21:26:59:036- message sent - topic:mqtt-roundtrip-qos1-10MByte-1000-cycles - qos:1 - id:000470
2018-05-17_21:26:59:177- message sent - topic:mqtt-roundtrip-qos1-10MByte-1000-cycles - qos:1 - id:000471
2018-05-17_21:26:59:237- message sent - topic:mqtt-roundtrip-qos1-10MByte-1000-cycles - qos:1 - id:000472
2018-05-17_21:26:59:265- message sent - topic:mqtt-roundtrip-qos1-10MByte-1000-cycles - qos:1 - id:000473
2018-05-17_21:26:59:291- message sent - topic:mqtt-roundtrip-qos1-10MByte-1000-cycles - qos:1 - id:000474
2018-05-17_21:26:59:339- message sent - topic:mqtt-roundtrip-qos1-10MByte-1000-cycles - qos:1 - id:000475
2018-05-17_21:26:59:365- message sent - topic:mqtt-roundtrip-qos1-10MByte-1000-cycles - qos:1 - id:000476
2018-05-17_21:27:00:133- message sent - topic:mqtt-roundtrip-qos1-10MByte-1000-cycles - qos:1 - id:000477
2018-05-17_21:27:00:145- message sent - topic:mqtt-roundtrip-qos1-10MByte-1000-cycles - qos:1 - id:000478
2018-05-17_21:27:00:157- message sent - topic:mqtt-roundtrip-qos1-10MByte-1000-cycles - qos:1 - id:000479
2018-05-17_21:27:00:162- message sent - topic:mqtt-roundtrip-qos1-10MByte-1000-cycles - qos:1 - id:000480
2018-05-17_21:27:00:174- message sent - topic:mqtt-roundtrip-qos1-10MByte-1000-cycles - qos:1 - id:000481
2018-05-17_21:27:00:182- message sent - topic:mqtt-roundtrip-qos1-10MByte-1000-cycles - qos:1 - id:000482
2018-05-17_21:27:00:188- message sent - topic:mqtt-roundtrip-qos1-10MByte-1000-cycles - qos:1 - id:000483
2018-05-17_21:27:00:193- message sent - topic:mqtt-roundtrip-qos1-10MByte-1000-cycles - qos:1 - id:000484
2018-05-17_21:27:00:202- message sent - topic:mqtt-roundtrip-qos1-10MByte-1000-cycles - qos:1 - id:000485
2018-05-17_21:27:00:210- message sent - topic:mqtt-roundtrip-qos1-10MByte-1000-cycles - qos:1 - id:000486
2018-05-17_21:27:00:229- message sent - topic:mqtt-roundtrip-qos1-10MByte-1000-cycles - qos:1 - id:000487
2018-05-17_21:27:00:236- message sent - topic:mqtt-roundtrip-qos1-10MByte-1000-cycles - qos:1 - id:000488
2018-05-17_21:27:00:681- message sent - topic:mqtt-roundtrip-qos1-10MByte-1000-cycles - qos:1 - id:000489
2018-05-17_21:27:00:759- message sent - topic:mqtt-roundtrip-qos1-10MByte-1000-cycles - qos:1 - id:000490
2018-05-17_21:27:00:768- message sent - topic:mqtt-roundtrip-qos1-10MByte-1000-cycles - qos:1 - id:000491
2018-05-17_21:27:00:776- message sent - topic:mqtt-roundtrip-qos1-10MByte-1000-cycles - qos:1 - id:000492
2018-05-17_21:27:00:784- message sent - topic:mqtt-roundtrip-qos1-10MByte-1000-cycles - qos:1 - id:000493
2018-05-17_21:27:00:797- message sent - topic:mqtt-roundtrip-qos1-10MByte-1000-cycles - qos:1 - id:000494
2018-05-17_21:27:00:804- message sent - topic:mqtt-roundtrip-qos1-10MByte-1000-cycles - qos:1 - id:000495
2018-05-17_21:27:00:810- message sent - topic:mqtt-roundtrip-qos1-10MByte-1000-cycles - qos:1 - id:000496
2018-05-17_21:27:00:816- message sent - topic:mqtt-roundtrip-qos1-10MByte-1000-cycles - qos:1 - id:000497
2018-05-17_21:27:00:822- message sent - topic:mqtt-roundtrip-qos1-10MByte-1000-cycles - qos:1 - id:000498
2018-05-17_21:27:00:828- message sent - topic:mqtt-roundtrip-qos1-10MByte-1000-cycles - qos:1 - id:000499
2018-05-17_21:27:00:834- message sent - topic:mqtt-roundtrip-qos1-10MByte-1000-cycles - qos:1 - id:000500
2018-05-17_21:27:00:840- message sent - topic:mqtt-roundtrip-qos1-10MByte-1000-cycles - qos:1 - id:000501
2018-05-17_21:27:00:846- message sent - topic:mqtt-roundtrip-qos1-10MByte-1000-cycles - qos:1 - id:000502
2018-05-17_21:27:00:853- message sent - topic:mqtt-roundtrip-qos1-10MByte-1000-cycles - qos:1 - id:000503
2018-05-17_21:27:00:895- message sent - topic:mqtt-roundtrip-qos1-10MByte-1000-cycles - qos:1 - id:000504
2018-05-17_21:27:00:951- message sent - topic:mqtt-roundtrip-qos1-10MByte-1000-cycles - qos:1 - id:000505
2018-05-17_21:27:01:058- message sent - topic:mqtt-roundtrip-qos1-10MByte-1000-cycles - qos:1 - id:000506
2018-05-17_21:27:01:180- message sent - topic:mqtt-roundtrip-qos1-10MByte-1000-cycles - qos:1 - id:000507
2018-05-17_21:27:01:262- message sent - topic:mqtt-roundtrip-qos1-10MByte-1000-cycles - qos:1 - id:000508
2018-05-17_21:27:01:299- message sent - topic:mqtt-roundtrip-qos1-10MByte-1000-cycles - qos:1 - id:000509
2018-05-17_21:27:01:317- message sent - topic:mqtt-roundtrip-qos1-10MByte-1000-cycles - qos:1 - id:000510
2018-05-17_21:27:01:710- message sent - topic:mqtt-roundtrip-qos1-10MByte-1000-cycles - qos:1 - id:000511
2018-05-17_21:27:01:716- message sent - topic:mqtt-roundtrip-qos1-10MByte-1000-cycles - qos:1 - id:000512
2018-05-17_21:27:01:724- message sent - topic:mqtt-roundtrip-qos1-10MByte-1000-cycles - qos:1 - id:000513
2018-05-17_21:27:01:735- message sent - topic:mqtt-roundtrip-qos1-10MByte-1000-cycles - qos:1 - id:000514
2018-05-17_21:27:01:749- message sent - topic:mqtt-roundtrip-qos1-10MByte-1000-cycles - qos:1 - id:000515
2018-05-17_21:27:01:755- message sent - topic:mqtt-roundtrip-qos1-10MByte-1000-cycles - qos:1 - id:000516
2018-05-17_21:27:01:870- message sent - topic:mqtt-roundtrip-qos1-10MByte-1000-cycles - qos:1 - id:000517
2018-05-17_21:27:02:066- message sent - topic:mqtt-roundtrip-qos1-10MByte-1000-cycles - qos:1 - id:000518
2018-05-17_21:27:02:074- message sent - topic:mqtt-roundtrip-qos1-10MByte-1000-cycles - qos:1 - id:000519
2018-05-17_21:27:02:082- message sent - topic:mqtt-roundtrip-qos1-10MByte-1000-cycles - qos:1 - id:000520
2018-05-17_21:27:02:089- message sent - topic:mqtt-roundtrip-qos1-10MByte-1000-cycles - qos:1 - id:000521
2018-05-17_21:27:02:134- message sent - topic:mqtt-roundtrip-qos1-10MByte-1000-cycles - qos:1 - id:000522
2018-05-17_21:27:02:309- message sent - topic:mqtt-roundtrip-qos1-10MByte-1000-cycles - qos:1 - id:000523
2018-05-17_21:27:02:343- message sent - topic:mqtt-roundtrip-qos1-10MByte-1000-cycles - qos:1 - id:000524
2018-05-17_21:27:02:361- message sent - topic:mqtt-roundtrip-qos1-10MByte-1000-cycles - qos:1 - id:000525
2018-05-17_21:27:02:375- message sent - topic:mqtt-roundtrip-qos1-10MByte-1000-cycles - qos:1 - id:000526
2018-05-17_21:27:02:394- message sent - topic:mqtt-roundtrip-qos1-10MByte-1000-cycles - qos:1 - id:000527
2018-05-17_21:27:02:408- message sent - topic:mqtt-roundtrip-qos1-10MByte-1000-cycles - qos:1 - id:000528
2018-05-17_21:27:02:464- message sent - topic:mqtt-roundtrip-qos1-10MByte-1000-cycles - qos:1 - id:000529
2018-05-17_21:27:02:525- message sent - topic:mqtt-roundtrip-qos1-10MByte-1000-cycles - qos:1 - id:000530
2018-05-17_21:27:02:551- message sent - topic:mqtt-roundtrip-qos1-10MByte-1000-cycles - qos:1 - id:000531
2018-05-17_21:27:02:577- message sent - topic:mqtt-roundtrip-qos1-10MByte-1000-cycles - qos:1 - id:000532
2018-05-17_21:27:02:596- message sent - topic:mqtt-roundtrip-qos1-10MByte-1000-cycles - qos:1 - id:000533
2018-05-17_21:27:02:627- message sent - topic:mqtt-roundtrip-qos1-10MByte-1000-cycles - qos:1 - id:000534
2018-05-17_21:27:02:649- message sent - topic:mqtt-roundtrip-qos1-10MByte-1000-cycles - qos:1 - id:000535
2018-05-17_21:27:02:672- message sent - topic:mqtt-roundtrip-qos1-10MByte-1000-cycles - qos:1 - id:000536
2018-05-17_21:27:04:771- message sent - topic:mqtt-roundtrip-qos1-10MByte-1000-cycles - qos:1 - id:000537
2018-05-17_21:27:04:780- message sent - topic:mqtt-roundtrip-qos1-10MByte-1000-cycles - qos:1 - id:000538
2018-05-17_21:27:04:791- message sent - topic:mqtt-roundtrip-qos1-10MByte-1000-cycles - qos:1 - id:000539
2018-05-17_21:27:04:803- message sent - topic:mqtt-roundtrip-qos1-10MByte-1000-cycles - qos:1 - id:000540
2018-05-17_21:27:04:812- message sent - topic:mqtt-roundtrip-qos1-10MByte-1000-cycles - qos:1 - id:000541
2018-05-17_21:27:04:947- message sent - topic:mqtt-roundtrip-qos1-10MByte-1000-cycles - qos:1 - id:000542
2018-05-17_21:27:05:053- message sent - topic:mqtt-roundtrip-qos1-10MByte-1000-cycles - qos:1 - id:000543
2018-05-17_21:27:05:064- message sent - topic:mqtt-roundtrip-qos1-10MByte-1000-cycles - qos:1 - id:000544
2018-05-17_21:27:05:070- message sent - topic:mqtt-roundtrip-qos1-10MByte-1000-cycles - qos:1 - id:000545
2018-05-17_21:27:05:076- message sent - topic:mqtt-roundtrip-qos1-10MByte-1000-cycles - qos:1 - id:000546
2018-05-17_21:27:05:081- message sent - topic:mqtt-roundtrip-qos1-10MByte-1000-cycles - qos:1 - id:000547
2018-05-17_21:27:05:089- message sent - topic:mqtt-roundtrip-qos1-10MByte-1000-cycles - qos:1 - id:000548
2018-05-17_21:27:05:095- message sent - topic:mqtt-roundtrip-qos1-10MByte-1000-cycles - qos:1 - id:000549
2018-05-17_21:27:05:101- message sent - topic:mqtt-roundtrip-qos1-10MByte-1000-cycles - qos:1 - id:000550
2018-05-17_21:27:05:111- message sent - topic:mqtt-roundtrip-qos1-10MByte-1000-cycles - qos:1 - id:000551
2018-05-17_21:27:05:116- message sent - topic:mqtt-roundtrip-qos1-10MByte-1000-cycles - qos:1 - id:000552
2018-05-17_21:27:05:122- message sent - topic:mqtt-roundtrip-qos1-10MByte-1000-cycles - qos:1 - id:000553
2018-05-17_21:27:05:127- message sent - topic:mqtt-roundtrip-qos1-10MByte-1000-cycles - qos:1 - id:000554
2018-05-17_21:27:05:133- message sent - topic:mqtt-roundtrip-qos1-10MByte-1000-cycles - qos:1 - id:000555
2018-05-17_21:27:05:139- message sent - topic:mqtt-roundtrip-qos1-10MByte-1000-cycles - qos:1 - id:000556
2018-05-17_21:27:05:144- message sent - topic:mqtt-roundtrip-qos1-10MByte-1000-cycles - qos:1 - id:000557
2018-05-17_21:27:05:150- message sent - topic:mqtt-roundtrip-qos1-10MByte-1000-cycles - qos:1 - id:000558
2018-05-17_21:27:05:155- message sent - topic:mqtt-roundtrip-qos1-10MByte-1000-cycles - qos:1 - id:000559
2018-05-17_21:27:05:161- message sent - topic:mqtt-roundtrip-qos1-10MByte-1000-cycles - qos:1 - id:000560
2018-05-17_21:27:05:166- message sent - topic:mqtt-roundtrip-qos1-10MByte-1000-cycles - qos:1 - id:000561
2018-05-17_21:27:05:173- message sent - topic:mqtt-roundtrip-qos1-10MByte-1000-cycles - qos:1 - id:000562
2018-05-17_21:27:05:181- message sent - topic:mqtt-roundtrip-qos1-10MByte-1000-cycles - qos:1 - id:000563
2018-05-17_21:27:05:186- message sent - topic:mqtt-roundtrip-qos1-10MByte-1000-cycles - qos:1 - id:000564
2018-05-17_21:27:05:191- message sent - topic:mqtt-roundtrip-qos1-10MByte-1000-cycles - qos:1 - id:000565
2018-05-17_21:27:05:196- message sent - topic:mqtt-roundtrip-qos1-10MByte-1000-cycles - qos:1 - id:000566
2018-05-17_21:27:05:201- message sent - topic:mqtt-roundtrip-qos1-10MByte-1000-cycles - qos:1 - id:000567
2018-05-17_21:27:05:205- message sent - topic:mqtt-roundtrip-qos1-10MByte-1000-cycles - qos:1 - id:000568
2018-05-17_21:27:05:210- message sent - topic:mqtt-roundtrip-qos1-10MByte-1000-cycles - qos:1 - id:000569
2018-05-17_21:27:05:215- message sent - topic:mqtt-roundtrip-qos1-10MByte-1000-cycles - qos:1 - id:000570
2018-05-17_21:27:05:220- message sent - topic:mqtt-roundtrip-qos1-10MByte-1000-cycles - qos:1 - id:000571
2018-05-17_21:27:05:225- message sent - topic:mqtt-roundtrip-qos1-10MByte-1000-cycles - qos:1 - id:000572
2018-05-17_21:27:05:230- message sent - topic:mqtt-roundtrip-qos1-10MByte-1000-cycles - qos:1 - id:000573
2018-05-17_21:27:05:234- message sent - topic:mqtt-roundtrip-qos1-10MByte-1000-cycles - qos:1 - id:000574
2018-05-17_21:27:05:242- message sent - topic:mqtt-roundtrip-qos1-10MByte-1000-cycles - qos:1 - id:000575
2018-05-17_21:27:05:249- message sent - topic:mqtt-roundtrip-qos1-10MByte-1000-cycles - qos:1 - id:000576
2018-05-17_21:27:05:256- message sent - topic:mqtt-roundtrip-qos1-10MByte-1000-cycles - qos:1 - id:000577
2018-05-17_21:27:05:264- message sent - topic:mqtt-roundtrip-qos1-10MByte-1000-cycles - qos:1 - id:000578
2018-05-17_21:27:05:269- message sent - topic:mqtt-roundtrip-qos1-10MByte-1000-cycles - qos:1 - id:000579
2018-05-17_21:27:05:274- message sent - topic:mqtt-roundtrip-qos1-10MByte-1000-cycles - qos:1 - id:000580
2018-05-17_21:27:05:279- message sent - topic:mqtt-roundtrip-qos1-10MByte-1000-cycles - qos:1 - id:000581
2018-05-17_21:27:05:284- message sent - topic:mqtt-roundtrip-qos1-10MByte-1000-cycles - qos:1 - id:000582
2018-05-17_21:27:05:289- message sent - topic:mqtt-roundtrip-qos1-10MByte-1000-cycles - qos:1 - id:000583
2018-05-17_21:27:05:294- message sent - topic:mqtt-roundtrip-qos1-10MByte-1000-cycles - qos:1 - id:000584
2018-05-17_21:27:05:302- message sent - topic:mqtt-roundtrip-qos1-10MByte-1000-cycles - qos:1 - id:000585
2018-05-17_21:27:05:312- message sent - topic:mqtt-roundtrip-qos1-10MByte-1000-cycles - qos:1 - id:000586
2018-05-17_21:27:05:321- message sent - topic:mqtt-roundtrip-qos1-10MByte-1000-cycles - qos:1 - id:000587
2018-05-17_21:27:05:400- message sent - topic:mqtt-roundtrip-qos1-10MByte-1000-cycles - qos:1 - id:000588
2018-05-17_21:27:05:435- message sent - topic:mqtt-roundtrip-qos1-10MByte-1000-cycles - qos:1 - id:000589
2018-05-17_21:27:05:488- message sent - topic:mqtt-roundtrip-qos1-10MByte-1000-cycles - qos:1 - id:000590
2018-05-17_21:27:05:576- message sent - topic:mqtt-roundtrip-qos1-10MByte-1000-cycles - qos:1 - id:000591
2018-05-17_21:27:06:082- message sent - topic:mqtt-roundtrip-qos1-10MByte-1000-cycles - qos:1 - id:000592
2018-05-17_21:27:06:090- message sent - topic:mqtt-roundtrip-qos1-10MByte-1000-cycles - qos:1 - id:000593
2018-05-17_21:27:06:096- message sent - topic:mqtt-roundtrip-qos1-10MByte-1000-cycles - qos:1 - id:000594
2018-05-17_21:27:06:198- message sent - topic:mqtt-roundtrip-qos1-10MByte-1000-cycles - qos:1 - id:000595
2018-05-17_21:27:06:282- message sent - topic:mqtt-roundtrip-qos1-10MByte-1000-cycles - qos:1 - id:000596
2018-05-17_21:27:06:290- message sent - topic:mqtt-roundtrip-qos1-10MByte-1000-cycles - qos:1 - id:000597
2018-05-17_21:27:06:298- message sent - topic:mqtt-roundtrip-qos1-10MByte-1000-cycles - qos:1 - id:000598
2018-05-17_21:27:06:307- message sent - topic:mqtt-roundtrip-qos1-10MByte-1000-cycles - qos:1 - id:000599
2018-05-17_21:27:06:316- message sent - topic:mqtt-roundtrip-qos1-10MByte-1000-cycles - qos:1 - id:000600
2018-05-17_21:27:06:324- message sent - topic:mqtt-roundtrip-qos1-10MByte-1000-cycles - qos:1 - id:000601
2018-05-17_21:27:06:330- message sent - topic:mqtt-roundtrip-qos1-10MByte-1000-cycles - qos:1 - id:000602
2018-05-17_21:27:06:336- message sent - topic:mqtt-roundtrip-qos1-10MByte-1000-cycles - qos:1 - id:000603
2018-05-17_21:27:06:342- message sent - topic:mqtt-roundtrip-qos1-10MByte-1000-cycles - qos:1 - id:000604
2018-05-17_21:27:06:347- message sent - topic:mqtt-roundtrip-qos1-10MByte-1000-cycles - qos:1 - id:000605
2018-05-17_21:27:06:354- message sent - topic:mqtt-roundtrip-qos1-10MByte-1000-cycles - qos:1 - id:000606
2018-05-17_21:27:06:369- message sent - topic:mqtt-roundtrip-qos1-10MByte-1000-cycles - qos:1 - id:000607
2018-05-17_21:27:06:377- message sent - topic:mqtt-roundtrip-qos1-10MByte-1000-cycles - qos:1 - id:000608
2018-05-17_21:27:06:386- message sent - topic:mqtt-roundtrip-qos1-10MByte-1000-cycles - qos:1 - id:000609
2018-05-17_21:27:06:414- message sent - topic:mqtt-roundtrip-qos1-10MByte-1000-cycles - qos:1 - id:000610
2018-05-17_21:27:06:454- message sent - topic:mqtt-roundtrip-qos1-10MByte-1000-cycles - qos:1 - id:000611
2018-05-17_21:27:06:475- message sent - topic:mqtt-roundtrip-qos1-10MByte-1000-cycles - qos:1 - id:000612
2018-05-17_21:27:06:494- message sent - topic:mqtt-roundtrip-qos1-10MByte-1000-cycles - qos:1 - id:000613
