2018-05-15 22:05:07,282 - connecting to broker 192.168.1.100:1883
2018-05-15 22:05:07,283 - Subscribing to topicmqtt-roundtrip-qos2-empty_message-100-cycles
2018-05-15 22:05:07,284 - subscribe returned (0, 1)
2018-05-15 22:05:07,284 - Client connected to broker
2018-05-15 22:05:09,526 - message received - id:0 - topic:mqtt-roundtrip-qos2-empty_message-100-cycles - qos:0 - size:0
2018-05-15 22:05:09,527 - message sent - id:0 - topic:mqtt-roundtrip-qos2-empty_message-100-cycles_2 - qos:0 - size:0
2018-05-15 22:05:09,527 - message received - id:0 - topic:mqtt-roundtrip-qos2-empty_message-100-cycles - qos:0 - size:0
2018-05-15 22:05:09,527 - message sent - id:0 - topic:mqtt-roundtrip-qos2-empty_message-100-cycles_2 - qos:0 - size:0
2018-05-15 22:05:09,528 - message received - id:0 - topic:mqtt-roundtrip-qos2-empty_message-100-cycles - qos:0 - size:0
2018-05-15 22:05:09,528 - message sent - id:0 - topic:mqtt-roundtrip-qos2-empty_message-100-cycles_2 - qos:0 - size:0
2018-05-15 22:05:09,528 - message received - id:0 - topic:mqtt-roundtrip-qos2-empty_message-100-cycles - qos:0 - size:0
2018-05-15 22:05:09,529 - message sent - id:0 - topic:mqtt-roundtrip-qos2-empty_message-100-cycles_2 - qos:0 - size:0
2018-05-15 22:05:09,529 - message received - id:0 - topic:mqtt-roundtrip-qos2-empty_message-100-cycles - qos:0 - size:0
2018-05-15 22:05:09,529 - message sent - id:0 - topic:mqtt-roundtrip-qos2-empty_message-100-cycles_2 - qos:0 - size:0
2018-05-15 22:05:09,529 - message received - id:0 - topic:mqtt-roundtrip-qos2-empty_message-100-cycles - qos:0 - size:0
2018-05-15 22:05:09,530 - message sent - id:0 - topic:mqtt-roundtrip-qos2-empty_message-100-cycles_2 - qos:0 - size:0
2018-05-15 22:05:09,530 - message received - id:0 - topic:mqtt-roundtrip-qos2-empty_message-100-cycles - qos:0 - size:0
2018-05-15 22:05:09,530 - message sent - id:0 - topic:mqtt-roundtrip-qos2-empty_message-100-cycles_2 - qos:0 - size:0
2018-05-15 22:05:09,530 - message received - id:0 - topic:mqtt-roundtrip-qos2-empty_message-100-cycles - qos:0 - size:0
2018-05-15 22:05:09,531 - message sent - id:0 - topic:mqtt-roundtrip-qos2-empty_message-100-cycles_2 - qos:0 - size:0
2018-05-15 22:05:09,531 - message received - id:0 - topic:mqtt-roundtrip-qos2-empty_message-100-cycles - qos:0 - size:0
2018-05-15 22:05:09,531 - message sent - id:0 - topic:mqtt-roundtrip-qos2-empty_message-100-cycles_2 - qos:0 - size:0
2018-05-15 22:05:09,531 - message received - id:0 - topic:mqtt-roundtrip-qos2-empty_message-100-cycles - qos:0 - size:0
2018-05-15 22:05:09,532 - message sent - id:0 - topic:mqtt-roundtrip-qos2-empty_message-100-cycles_2 - qos:0 - size:0
2018-05-15 22:05:09,532 - message received - id:0 - topic:mqtt-roundtrip-qos2-empty_message-100-cycles - qos:0 - size:0
2018-05-15 22:05:09,532 - message sent - id:0 - topic:mqtt-roundtrip-qos2-empty_message-100-cycles_2 - qos:0 - size:0
2018-05-15 22:05:09,532 - message received - id:0 - topic:mqtt-roundtrip-qos2-empty_message-100-cycles - qos:0 - size:0
2018-05-15 22:05:09,533 - message sent - id:0 - topic:mqtt-roundtrip-qos2-empty_message-100-cycles_2 - qos:0 - size:0
2018-05-15 22:05:09,533 - message received - id:0 - topic:mqtt-roundtrip-qos2-empty_message-100-cycles - qos:0 - size:0
2018-05-15 22:05:09,533 - message sent - id:0 - topic:mqtt-roundtrip-qos2-empty_message-100-cycles_2 - qos:0 - size:0
2018-05-15 22:05:09,533 - message received - id:0 - topic:mqtt-roundtrip-qos2-empty_message-100-cycles - qos:0 - size:0
2018-05-15 22:05:09,534 - message sent - id:0 - topic:mqtt-roundtrip-qos2-empty_message-100-cycles_2 - qos:0 - size:0
2018-05-15 22:05:09,534 - message received - id:0 - topic:mqtt-roundtrip-qos2-empty_message-100-cycles - qos:0 - size:0
2018-05-15 22:05:09,534 - message sent - id:0 - topic:mqtt-roundtrip-qos2-empty_message-100-cycles_2 - qos:0 - size:0
2018-05-15 22:05:09,534 - message received - id:0 - topic:mqtt-roundtrip-qos2-empty_message-100-cycles - qos:0 - size:0
2018-05-15 22:05:09,535 - message sent - id:0 - topic:mqtt-roundtrip-qos2-empty_message-100-cycles_2 - qos:0 - size:0
2018-05-15 22:05:09,535 - message received - id:0 - topic:mqtt-roundtrip-qos2-empty_message-100-cycles - qos:0 - size:0
2018-05-15 22:05:09,535 - message sent - id:0 - topic:mqtt-roundtrip-qos2-empty_message-100-cycles_2 - qos:0 - size:0
2018-05-15 22:05:09,539 - message received - id:0 - topic:mqtt-roundtrip-qos2-empty_message-100-cycles - qos:0 - size:0
2018-05-15 22:05:09,540 - message sent - id:0 - topic:mqtt-roundtrip-qos2-empty_message-100-cycles_2 - qos:0 - size:0
2018-05-15 22:05:09,540 - message received - id:0 - topic:mqtt-roundtrip-qos2-empty_message-100-cycles - qos:0 - size:0
2018-05-15 22:05:09,540 - message sent - id:0 - topic:mqtt-roundtrip-qos2-empty_message-100-cycles_2 - qos:0 - size:0
2018-05-15 22:05:09,540 - message received - id:0 - topic:mqtt-roundtrip-qos2-empty_message-100-cycles - qos:0 - size:0
2018-05-15 22:05:09,540 - message sent - id:0 - topic:mqtt-roundtrip-qos2-empty_message-100-cycles_2 - qos:0 - size:0
2018-05-15 22:05:09,541 - message received - id:0 - topic:mqtt-roundtrip-qos2-empty_message-100-cycles - qos:0 - size:0
2018-05-15 22:05:09,541 - message sent - id:0 - topic:mqtt-roundtrip-qos2-empty_message-100-cycles_2 - qos:0 - size:0
2018-05-15 22:05:09,541 - message received - id:0 - topic:mqtt-roundtrip-qos2-empty_message-100-cycles - qos:0 - size:0
2018-05-15 22:05:09,542 - message sent - id:0 - topic:mqtt-roundtrip-qos2-empty_message-100-cycles_2 - qos:0 - size:0
2018-05-15 22:05:09,542 - message received - id:0 - topic:mqtt-roundtrip-qos2-empty_message-100-cycles - qos:0 - size:0
2018-05-15 22:05:09,542 - message sent - id:0 - topic:mqtt-roundtrip-qos2-empty_message-100-cycles_2 - qos:0 - size:0
2018-05-15 22:05:09,542 - message received - id:0 - topic:mqtt-roundtrip-qos2-empty_message-100-cycles - qos:0 - size:0
2018-05-15 22:05:09,543 - message sent - id:0 - topic:mqtt-roundtrip-qos2-empty_message-100-cycles_2 - qos:0 - size:0
2018-05-15 22:05:09,543 - message received - id:0 - topic:mqtt-roundtrip-qos2-empty_message-100-cycles - qos:0 - size:0
2018-05-15 22:05:09,543 - message sent - id:0 - topic:mqtt-roundtrip-qos2-empty_message-100-cycles_2 - qos:0 - size:0
2018-05-15 22:05:09,543 - message received - id:0 - topic:mqtt-roundtrip-qos2-empty_message-100-cycles - qos:0 - size:0
2018-05-15 22:05:09,544 - message sent - id:0 - topic:mqtt-roundtrip-qos2-empty_message-100-cycles_2 - qos:0 - size:0
2018-05-15 22:05:09,544 - message received - id:0 - topic:mqtt-roundtrip-qos2-empty_message-100-cycles - qos:0 - size:0
2018-05-15 22:05:09,544 - message sent - id:0 - topic:mqtt-roundtrip-qos2-empty_message-100-cycles_2 - qos:0 - size:0
2018-05-15 22:05:09,544 - message received - id:0 - topic:mqtt-roundtrip-qos2-empty_message-100-cycles - qos:0 - size:0
2018-05-15 22:05:09,545 - message sent - id:0 - topic:mqtt-roundtrip-qos2-empty_message-100-cycles_2 - qos:0 - size:0
2018-05-15 22:05:09,545 - message received - id:0 - topic:mqtt-roundtrip-qos2-empty_message-100-cycles - qos:0 - size:0
2018-05-15 22:05:09,545 - message sent - id:0 - topic:mqtt-roundtrip-qos2-empty_message-100-cycles_2 - qos:0 - size:0
2018-05-15 22:05:09,545 - message received - id:0 - topic:mqtt-roundtrip-qos2-empty_message-100-cycles - qos:0 - size:0
2018-05-15 22:05:09,546 - message sent - id:0 - topic:mqtt-roundtrip-qos2-empty_message-100-cycles_2 - qos:0 - size:0
2018-05-15 22:05:09,546 - message received - id:0 - topic:mqtt-roundtrip-qos2-empty_message-100-cycles - qos:0 - size:0
2018-05-15 22:05:09,546 - message sent - id:0 - topic:mqtt-roundtrip-qos2-empty_message-100-cycles_2 - qos:0 - size:0
2018-05-15 22:05:09,546 - message received - id:0 - topic:mqtt-roundtrip-qos2-empty_message-100-cycles - qos:0 - size:0
2018-05-15 22:05:09,547 - message sent - id:0 - topic:mqtt-roundtrip-qos2-empty_message-100-cycles_2 - qos:0 - size:0
2018-05-15 22:05:09,547 - message received - id:0 - topic:mqtt-roundtrip-qos2-empty_message-100-cycles - qos:0 - size:0
2018-05-15 22:05:09,547 - message sent - id:0 - topic:mqtt-roundtrip-qos2-empty_message-100-cycles_2 - qos:0 - size:0
2018-05-15 22:05:09,547 - message received - id:0 - topic:mqtt-roundtrip-qos2-empty_message-100-cycles - qos:0 - size:0
2018-05-15 22:05:09,548 - message sent - id:0 - topic:mqtt-roundtrip-qos2-empty_message-100-cycles_2 - qos:0 - size:0
2018-05-15 22:05:09,548 - message received - id:0 - topic:mqtt-roundtrip-qos2-empty_message-100-cycles - qos:0 - size:0
2018-05-15 22:05:09,548 - message sent - id:0 - topic:mqtt-roundtrip-qos2-empty_message-100-cycles_2 - qos:0 - size:0
2018-05-15 22:05:09,548 - message received - id:0 - topic:mqtt-roundtrip-qos2-empty_message-100-cycles - qos:0 - size:0
2018-05-15 22:05:09,549 - message sent - id:0 - topic:mqtt-roundtrip-qos2-empty_message-100-cycles_2 - qos:0 - size:0
2018-05-15 22:05:09,549 - message received - id:0 - topic:mqtt-roundtrip-qos2-empty_message-100-cycles - qos:0 - size:0
2018-05-15 22:05:09,549 - message sent - id:0 - topic:mqtt-roundtrip-qos2-empty_message-100-cycles_2 - qos:0 - size:0
2018-05-15 22:05:09,550 - message received - id:0 - topic:mqtt-roundtrip-qos2-empty_message-100-cycles - qos:0 - size:0
2018-05-15 22:05:09,550 - message sent - id:0 - topic:mqtt-roundtrip-qos2-empty_message-100-cycles_2 - qos:0 - size:0
2018-05-15 22:05:09,551 - message received - id:0 - topic:mqtt-roundtrip-qos2-empty_message-100-cycles - qos:0 - size:0
2018-05-15 22:05:09,551 - message sent - id:0 - topic:mqtt-roundtrip-qos2-empty_message-100-cycles_2 - qos:0 - size:0
2018-05-15 22:05:09,551 - message received - id:0 - topic:mqtt-roundtrip-qos2-empty_message-100-cycles - qos:0 - size:0
2018-05-15 22:05:09,551 - message sent - id:0 - topic:mqtt-roundtrip-qos2-empty_message-100-cycles_2 - qos:0 - size:0
2018-05-15 22:05:09,552 - message received - id:0 - topic:mqtt-roundtrip-qos2-empty_message-100-cycles - qos:0 - size:0
2018-05-15 22:05:09,552 - message sent - id:0 - topic:mqtt-roundtrip-qos2-empty_message-100-cycles_2 - qos:0 - size:0
2018-05-15 22:05:09,552 - message received - id:0 - topic:mqtt-roundtrip-qos2-empty_message-100-cycles - qos:0 - size:0
2018-05-15 22:05:09,552 - message sent - id:0 - topic:mqtt-roundtrip-qos2-empty_message-100-cycles_2 - qos:0 - size:0
2018-05-15 22:05:09,553 - message received - id:0 - topic:mqtt-roundtrip-qos2-empty_message-100-cycles - qos:0 - size:0
2018-05-15 22:05:09,553 - message sent - id:0 - topic:mqtt-roundtrip-qos2-empty_message-100-cycles_2 - qos:0 - size:0
2018-05-15 22:05:09,553 - message received - id:0 - topic:mqtt-roundtrip-qos2-empty_message-100-cycles - qos:0 - size:0
2018-05-15 22:05:09,554 - message sent - id:0 - topic:mqtt-roundtrip-qos2-empty_message-100-cycles_2 - qos:0 - size:0
2018-05-15 22:05:09,554 - message received - id:0 - topic:mqtt-roundtrip-qos2-empty_message-100-cycles - qos:0 - size:0
2018-05-15 22:05:09,554 - message sent - id:0 - topic:mqtt-roundtrip-qos2-empty_message-100-cycles_2 - qos:0 - size:0
2018-05-15 22:05:09,555 - message received - id:0 - topic:mqtt-roundtrip-qos2-empty_message-100-cycles - qos:0 - size:0
2018-05-15 22:05:09,555 - message sent - id:0 - topic:mqtt-roundtrip-qos2-empty_message-100-cycles_2 - qos:0 - size:0
2018-05-15 22:05:09,555 - message received - id:0 - topic:mqtt-roundtrip-qos2-empty_message-100-cycles - qos:0 - size:0
2018-05-15 22:05:09,555 - message sent - id:0 - topic:mqtt-roundtrip-qos2-empty_message-100-cycles_2 - qos:0 - size:0
2018-05-15 22:05:09,556 - message received - id:0 - topic:mqtt-roundtrip-qos2-empty_message-100-cycles - qos:0 - size:0
2018-05-15 22:05:09,556 - message sent - id:0 - topic:mqtt-roundtrip-qos2-empty_message-100-cycles_2 - qos:0 - size:0
2018-05-15 22:05:09,556 - message received - id:0 - topic:mqtt-roundtrip-qos2-empty_message-100-cycles - qos:0 - size:0
2018-05-15 22:05:09,556 - message sent - id:0 - topic:mqtt-roundtrip-qos2-empty_message-100-cycles_2 - qos:0 - size:0
2018-05-15 22:05:09,557 - message received - id:0 - topic:mqtt-roundtrip-qos2-empty_message-100-cycles - qos:0 - size:0
2018-05-15 22:05:09,557 - message sent - id:0 - topic:mqtt-roundtrip-qos2-empty_message-100-cycles_2 - qos:0 - size:0
2018-05-15 22:05:09,557 - message received - id:0 - topic:mqtt-roundtrip-qos2-empty_message-100-cycles - qos:0 - size:0
2018-05-15 22:05:09,557 - message sent - id:0 - topic:mqtt-roundtrip-qos2-empty_message-100-cycles_2 - qos:0 - size:0
2018-05-15 22:05:09,557 - message received - id:0 - topic:mqtt-roundtrip-qos2-empty_message-100-cycles - qos:0 - size:0
2018-05-15 22:05:09,558 - message sent - id:0 - topic:mqtt-roundtrip-qos2-empty_message-100-cycles_2 - qos:0 - size:0
2018-05-15 22:05:09,558 - message received - id:0 - topic:mqtt-roundtrip-qos2-empty_message-100-cycles - qos:0 - size:0
2018-05-15 22:05:09,558 - message sent - id:0 - topic:mqtt-roundtrip-qos2-empty_message-100-cycles_2 - qos:0 - size:0
2018-05-15 22:05:09,559 - message received - id:0 - topic:mqtt-roundtrip-qos2-empty_message-100-cycles - qos:0 - size:0
2018-05-15 22:05:09,559 - message sent - id:0 - topic:mqtt-roundtrip-qos2-empty_message-100-cycles_2 - qos:0 - size:0
2018-05-15 22:05:09,559 - message received - id:0 - topic:mqtt-roundtrip-qos2-empty_message-100-cycles - qos:0 - size:0
2018-05-15 22:05:09,559 - message sent - id:0 - topic:mqtt-roundtrip-qos2-empty_message-100-cycles_2 - qos:0 - size:0
2018-05-15 22:05:09,560 - message received - id:0 - topic:mqtt-roundtrip-qos2-empty_message-100-cycles - qos:0 - size:0
2018-05-15 22:05:09,560 - message sent - id:0 - topic:mqtt-roundtrip-qos2-empty_message-100-cycles_2 - qos:0 - size:0
2018-05-15 22:05:09,560 - message received - id:0 - topic:mqtt-roundtrip-qos2-empty_message-100-cycles - qos:0 - size:0
2018-05-15 22:05:09,560 - message sent - id:0 - topic:mqtt-roundtrip-qos2-empty_message-100-cycles_2 - qos:0 - size:0
2018-05-15 22:05:09,561 - message received - id:0 - topic:mqtt-roundtrip-qos2-empty_message-100-cycles - qos:0 - size:0
2018-05-15 22:05:09,561 - message sent - id:0 - topic:mqtt-roundtrip-qos2-empty_message-100-cycles_2 - qos:0 - size:0
2018-05-15 22:05:09,561 - message received - id:0 - topic:mqtt-roundtrip-qos2-empty_message-100-cycles - qos:0 - size:0
2018-05-15 22:05:09,561 - message sent - id:0 - topic:mqtt-roundtrip-qos2-empty_message-100-cycles_2 - qos:0 - size:0
2018-05-15 22:05:09,561 - message received - id:0 - topic:mqtt-roundtrip-qos2-empty_message-100-cycles - qos:0 - size:0
2018-05-15 22:05:09,561 - message sent - id:0 - topic:mqtt-roundtrip-qos2-empty_message-100-cycles_2 - qos:0 - size:0
2018-05-15 22:05:09,562 - message received - id:0 - topic:mqtt-roundtrip-qos2-empty_message-100-cycles - qos:0 - size:0
2018-05-15 22:05:09,562 - message sent - id:0 - topic:mqtt-roundtrip-qos2-empty_message-100-cycles_2 - qos:0 - size:0
2018-05-15 22:05:09,562 - message received - id:0 - topic:mqtt-roundtrip-qos2-empty_message-100-cycles - qos:0 - size:0
2018-05-15 22:05:09,562 - message sent - id:0 - topic:mqtt-roundtrip-qos2-empty_message-100-cycles_2 - qos:0 - size:0
2018-05-15 22:05:09,562 - message received - id:0 - topic:mqtt-roundtrip-qos2-empty_message-100-cycles - qos:0 - size:0
2018-05-15 22:05:09,562 - message sent - id:0 - topic:mqtt-roundtrip-qos2-empty_message-100-cycles_2 - qos:0 - size:0
2018-05-15 22:05:09,563 - message received - id:0 - topic:mqtt-roundtrip-qos2-empty_message-100-cycles - qos:0 - size:0
2018-05-15 22:05:09,563 - message sent - id:0 - topic:mqtt-roundtrip-qos2-empty_message-100-cycles_2 - qos:0 - size:0
2018-05-15 22:05:09,563 - message received - id:0 - topic:mqtt-roundtrip-qos2-empty_message-100-cycles - qos:0 - size:0
2018-05-15 22:05:09,563 - message sent - id:0 - topic:mqtt-roundtrip-qos2-empty_message-100-cycles_2 - qos:0 - size:0
2018-05-15 22:05:09,563 - message received - id:0 - topic:mqtt-roundtrip-qos2-empty_message-100-cycles - qos:0 - size:0
2018-05-15 22:05:09,563 - message sent - id:0 - topic:mqtt-roundtrip-qos2-empty_message-100-cycles_2 - qos:0 - size:0
2018-05-15 22:05:09,564 - message received - id:0 - topic:mqtt-roundtrip-qos2-empty_message-100-cycles - qos:0 - size:0
2018-05-15 22:05:09,564 - message sent - id:0 - topic:mqtt-roundtrip-qos2-empty_message-100-cycles_2 - qos:0 - size:0
2018-05-15 22:05:09,564 - message received - id:0 - topic:mqtt-roundtrip-qos2-empty_message-100-cycles - qos:0 - size:0
2018-05-15 22:05:09,564 - message sent - id:0 - topic:mqtt-roundtrip-qos2-empty_message-100-cycles_2 - qos:0 - size:0
2018-05-15 22:05:09,564 - message received - id:0 - topic:mqtt-roundtrip-qos2-empty_message-100-cycles - qos:0 - size:0
2018-05-15 22:05:09,564 - message sent - id:0 - topic:mqtt-roundtrip-qos2-empty_message-100-cycles_2 - qos:0 - size:0
2018-05-15 22:05:09,565 - message received - id:0 - topic:mqtt-roundtrip-qos2-empty_message-100-cycles - qos:0 - size:0
2018-05-15 22:05:09,565 - message sent - id:0 - topic:mqtt-roundtrip-qos2-empty_message-100-cycles_2 - qos:0 - size:0
2018-05-15 22:05:09,565 - message received - id:0 - topic:mqtt-roundtrip-qos2-empty_message-100-cycles - qos:0 - size:0
2018-05-15 22:05:09,565 - message sent - id:0 - topic:mqtt-roundtrip-qos2-empty_message-100-cycles_2 - qos:0 - size:0
2018-05-15 22:05:09,565 - message received - id:0 - topic:mqtt-roundtrip-qos2-empty_message-100-cycles - qos:0 - size:0
2018-05-15 22:05:09,565 - message sent - id:0 - topic:mqtt-roundtrip-qos2-empty_message-100-cycles_2 - qos:0 - size:0
2018-05-15 22:05:09,566 - message received - id:0 - topic:mqtt-roundtrip-qos2-empty_message-100-cycles - qos:0 - size:0
2018-05-15 22:05:09,566 - message sent - id:0 - topic:mqtt-roundtrip-qos2-empty_message-100-cycles_2 - qos:0 - size:0
2018-05-15 22:05:09,566 - message received - id:0 - topic:mqtt-roundtrip-qos2-empty_message-100-cycles - qos:0 - size:0
2018-05-15 22:05:09,566 - message sent - id:0 - topic:mqtt-roundtrip-qos2-empty_message-100-cycles_2 - qos:0 - size:0
2018-05-15 22:05:09,566 - message received - id:0 - topic:mqtt-roundtrip-qos2-empty_message-100-cycles - qos:0 - size:0
2018-05-15 22:05:09,566 - message sent - id:0 - topic:mqtt-roundtrip-qos2-empty_message-100-cycles_2 - qos:0 - size:0
2018-05-15 22:05:09,567 - message received - id:0 - topic:mqtt-roundtrip-qos2-empty_message-100-cycles - qos:0 - size:0
2018-05-15 22:05:09,567 - message sent - id:0 - topic:mqtt-roundtrip-qos2-empty_message-100-cycles_2 - qos:0 - size:0
2018-05-15 22:05:09,567 - message received - id:0 - topic:mqtt-roundtrip-qos2-empty_message-100-cycles - qos:0 - size:0
2018-05-15 22:05:09,567 - message sent - id:0 - topic:mqtt-roundtrip-qos2-empty_message-100-cycles_2 - qos:0 - size:0
2018-05-15 22:05:09,567 - message received - id:0 - topic:mqtt-roundtrip-qos2-empty_message-100-cycles - qos:0 - size:0
2018-05-15 22:05:09,567 - message sent - id:0 - topic:mqtt-roundtrip-qos2-empty_message-100-cycles_2 - qos:0 - size:0
2018-05-15 22:05:09,568 - message received - id:0 - topic:mqtt-roundtrip-qos2-empty_message-100-cycles - qos:0 - size:0
2018-05-15 22:05:09,568 - message sent - id:0 - topic:mqtt-roundtrip-qos2-empty_message-100-cycles_2 - qos:0 - size:0
2018-05-15 22:05:09,568 - message received - id:0 - topic:mqtt-roundtrip-qos2-empty_message-100-cycles - qos:0 - size:0
2018-05-15 22:05:09,568 - message sent - id:0 - topic:mqtt-roundtrip-qos2-empty_message-100-cycles_2 - qos:0 - size:0
2018-05-15 22:05:09,568 - message received - id:0 - topic:mqtt-roundtrip-qos2-empty_message-100-cycles - qos:0 - size:0
2018-05-15 22:05:09,568 - message sent - id:0 - topic:mqtt-roundtrip-qos2-empty_message-100-cycles_2 - qos:0 - size:0
2018-05-15 22:05:09,569 - message received - id:0 - topic:mqtt-roundtrip-qos2-empty_message-100-cycles - qos:0 - size:0
2018-05-15 22:05:09,569 - message sent - id:0 - topic:mqtt-roundtrip-qos2-empty_message-100-cycles_2 - qos:0 - size:0
2018-05-15 22:05:09,569 - message received - id:0 - topic:mqtt-roundtrip-qos2-empty_message-100-cycles - qos:0 - size:0
2018-05-15 22:05:09,569 - message sent - id:0 - topic:mqtt-roundtrip-qos2-empty_message-100-cycles_2 - qos:0 - size:0
2018-05-15 22:05:09,569 - message received - id:0 - topic:mqtt-roundtrip-qos2-empty_message-100-cycles - qos:0 - size:0
2018-05-15 22:05:09,569 - message sent - id:0 - topic:mqtt-roundtrip-qos2-empty_message-100-cycles_2 - qos:0 - size:0
2018-05-15 22:05:09,570 - message received - id:0 - topic:mqtt-roundtrip-qos2-empty_message-100-cycles - qos:0 - size:0
2018-05-15 22:05:09,570 - message sent - id:0 - topic:mqtt-roundtrip-qos2-empty_message-100-cycles_2 - qos:0 - size:0
2018-05-15 22:05:09,570 - message received - id:0 - topic:mqtt-roundtrip-qos2-empty_message-100-cycles - qos:0 - size:0
2018-05-15 22:05:09,570 - message sent - id:0 - topic:mqtt-roundtrip-qos2-empty_message-100-cycles_2 - qos:0 - size:0
2018-05-15 22:05:09,570 - message received - id:0 - topic:mqtt-roundtrip-qos2-empty_message-100-cycles - qos:0 - size:0
2018-05-15 22:05:09,570 - message sent - id:0 - topic:mqtt-roundtrip-qos2-empty_message-100-cycles_2 - qos:0 - size:0
2018-05-15 22:05:09,571 - message received - id:0 - topic:mqtt-roundtrip-qos2-empty_message-100-cycles - qos:0 - size:0
2018-05-15 22:05:09,571 - message sent - id:0 - topic:mqtt-roundtrip-qos2-empty_message-100-cycles_2 - qos:0 - size:0
2018-05-15 22:05:09,571 - message received - id:0 - topic:mqtt-roundtrip-qos2-empty_message-100-cycles - qos:0 - size:0
2018-05-15 22:05:09,571 - message sent - id:0 - topic:mqtt-roundtrip-qos2-empty_message-100-cycles_2 - qos:0 - size:0
2018-05-15 22:05:09,571 - message received - id:0 - topic:mqtt-roundtrip-qos2-empty_message-100-cycles - qos:0 - size:0
2018-05-15 22:05:09,571 - message sent - id:0 - topic:mqtt-roundtrip-qos2-empty_message-100-cycles_2 - qos:0 - size:0
2018-05-15 22:05:09,572 - message received - id:0 - topic:mqtt-roundtrip-qos2-empty_message-100-cycles - qos:0 - size:0
2018-05-15 22:05:09,572 - message sent - id:0 - topic:mqtt-roundtrip-qos2-empty_message-100-cycles_2 - qos:0 - size:0
2018-05-15 22:05:09,572 - message received - id:0 - topic:mqtt-roundtrip-qos2-empty_message-100-cycles - qos:0 - size:0
2018-05-15 22:05:09,572 - message sent - id:0 - topic:mqtt-roundtrip-qos2-empty_message-100-cycles_2 - qos:0 - size:0
2018-05-15 22:05:09,573 - message received - id:0 - topic:mqtt-roundtrip-qos2-empty_message-100-cycles - qos:0 - size:0
2018-05-15 22:05:09,573 - message sent - id:0 - topic:mqtt-roundtrip-qos2-empty_message-100-cycles_2 - qos:0 - size:0
2018-05-15 22:05:09,573 - message received - id:0 - topic:mqtt-roundtrip-qos2-empty_message-100-cycles - qos:0 - size:0
2018-05-15 22:05:09,573 - message sent - id:0 - topic:mqtt-roundtrip-qos2-empty_message-100-cycles_2 - qos:0 - size:0
2018-05-15 22:05:09,574 - message received - id:0 - topic:mqtt-roundtrip-qos2-empty_message-100-cycles - qos:0 - size:0
2018-05-15 22:05:09,574 - message sent - id:0 - topic:mqtt-roundtrip-qos2-empty_message-100-cycles_2 - qos:0 - size:0
2018-05-15 22:05:09,574 - message received - id:0 - topic:mqtt-roundtrip-qos2-empty_message-100-cycles - qos:0 - size:0
2018-05-15 22:05:09,574 - message sent - id:0 - topic:mqtt-roundtrip-qos2-empty_message-100-cycles_2 - qos:0 - size:0
2018-05-15 22:05:09,575 - message received - id:0 - topic:mqtt-roundtrip-qos2-empty_message-100-cycles - qos:0 - size:0
2018-05-15 22:05:09,575 - message sent - id:0 - topic:mqtt-roundtrip-qos2-empty_message-100-cycles_2 - qos:0 - size:0
2018-05-15 22:05:09,575 - message received - id:0 - topic:mqtt-roundtrip-qos2-empty_message-100-cycles - qos:0 - size:0
2018-05-15 22:05:09,575 - message sent - id:0 - topic:mqtt-roundtrip-qos2-empty_message-100-cycles_2 - qos:0 - size:0
2018-05-15 22:05:09,576 - message received - id:0 - topic:mqtt-roundtrip-qos2-empty_message-100-cycles - qos:0 - size:0
2018-05-15 22:05:09,576 - message sent - id:0 - topic:mqtt-roundtrip-qos2-empty_message-100-cycles_2 - qos:0 - size:0
2018-05-15 22:05:09,576 - message received - id:0 - topic:mqtt-roundtrip-qos2-empty_message-100-cycles - qos:0 - size:0
2018-05-15 22:05:09,576 - message sent - id:0 - topic:mqtt-roundtrip-qos2-empty_message-100-cycles_2 - qos:0 - size:0
