2018-05-15_22:59:14:655- connecting to broker 192.168.1.100:1883
2018-05-15_22:59:14:657- Subscribing to topicmqtt-roundtrip-qos0-10Byte-10-cycles
2018-05-15_22:59:14:657- subscribe returned (0, 1)
2018-05-15_22:59:14:658- Client connected to broker
2018-05-15_22:59:16:504- message received - id:0 - topic:mqtt-roundtrip-qos0-10Byte-10-cycles - qos:0 - size:10
2018-05-15_22:59:16:505- message sent - id:0 - topic:mqtt-roundtrip-qos0-10Byte-10-cycles_2 - qos:0 - size:10
2018-05-15_22:59:16:506- message received - id:0 - topic:mqtt-roundtrip-qos0-10Byte-10-cycles - qos:0 - size:10
2018-05-15_22:59:16:506- message sent - id:0 - topic:mqtt-roundtrip-qos0-10Byte-10-cycles_2 - qos:0 - size:10
2018-05-15_22:59:16:507- message received - id:0 - topic:mqtt-roundtrip-qos0-10Byte-10-cycles - qos:0 - size:10
2018-05-15_22:59:16:507- message sent - id:0 - topic:mqtt-roundtrip-qos0-10Byte-10-cycles_2 - qos:0 - size:10
2018-05-15_22:59:16:508- message received - id:0 - topic:mqtt-roundtrip-qos0-10Byte-10-cycles - qos:0 - size:10
2018-05-15_22:59:16:508- message sent - id:0 - topic:mqtt-roundtrip-qos0-10Byte-10-cycles_2 - qos:0 - size:10
2018-05-15_22:59:16:509- message received - id:0 - topic:mqtt-roundtrip-qos0-10Byte-10-cycles - qos:0 - size:10
2018-05-15_22:59:16:509- message sent - id:0 - topic:mqtt-roundtrip-qos0-10Byte-10-cycles_2 - qos:0 - size:10
2018-05-15_22:59:16:510- message received - id:0 - topic:mqtt-roundtrip-qos0-10Byte-10-cycles - qos:0 - size:10
2018-05-15_22:59:16:510- message sent - id:0 - topic:mqtt-roundtrip-qos0-10Byte-10-cycles_2 - qos:0 - size:10
2018-05-15_22:59:16:511- message received - id:0 - topic:mqtt-roundtrip-qos0-10Byte-10-cycles - qos:0 - size:10
2018-05-15_22:59:16:512- message sent - id:0 - topic:mqtt-roundtrip-qos0-10Byte-10-cycles_2 - qos:0 - size:10
2018-05-15_22:59:16:512- message received - id:0 - topic:mqtt-roundtrip-qos0-10Byte-10-cycles - qos:0 - size:10
2018-05-15_22:59:16:513- message sent - id:0 - topic:mqtt-roundtrip-qos0-10Byte-10-cycles_2 - qos:0 - size:10
2018-05-15_22:59:16:513- message received - id:0 - topic:mqtt-roundtrip-qos0-10Byte-10-cycles - qos:0 - size:10
2018-05-15_22:59:16:514- message sent - id:0 - topic:mqtt-roundtrip-qos0-10Byte-10-cycles_2 - qos:0 - size:10
2018-05-15_22:59:16:514- message received - id:0 - topic:mqtt-roundtrip-qos0-10Byte-10-cycles - qos:0 - size:10
2018-05-15_22:59:16:515- message sent - id:0 - topic:mqtt-roundtrip-qos0-10Byte-10-cycles_2 - qos:0 - size:10
2018-05-15_23:02:23:651- connecting to broker 192.168.1.100:1883
2018-05-15_23:02:23:652- Subscribing to topicmqtt-roundtrip-qos0-10Byte-10-cycles
2018-05-15_23:02:23:653- subscribe returned (0, 1)
2018-05-15_23:02:23:653- Client connected to broker
2018-05-15_23:02:26:106- message received - id:0 - topic:mqtt-roundtrip-qos0-10Byte-10-cycles - qos:0 - size:10
2018-05-15_23:02:26:107- message sent - id:0 - topic:mqtt-roundtrip-qos0-10Byte-10-cycles_2 - qos:0 - size:10
2018-05-15_23:02:26:108- message received - id:0 - topic:mqtt-roundtrip-qos0-10Byte-10-cycles - qos:0 - size:10
2018-05-15_23:02:26:108- message sent - id:0 - topic:mqtt-roundtrip-qos0-10Byte-10-cycles_2 - qos:0 - size:10
2018-05-15_23:02:26:109- message received - id:0 - topic:mqtt-roundtrip-qos0-10Byte-10-cycles - qos:0 - size:10
2018-05-15_23:02:26:109- message sent - id:0 - topic:mqtt-roundtrip-qos0-10Byte-10-cycles_2 - qos:0 - size:10
2018-05-15_23:02:26:109- message received - id:0 - topic:mqtt-roundtrip-qos0-10Byte-10-cycles - qos:0 - size:10
2018-05-15_23:02:26:110- message sent - id:0 - topic:mqtt-roundtrip-qos0-10Byte-10-cycles_2 - qos:0 - size:10
2018-05-15_23:02:26:110- message received - id:0 - topic:mqtt-roundtrip-qos0-10Byte-10-cycles - qos:0 - size:10
2018-05-15_23:02:26:111- message sent - id:0 - topic:mqtt-roundtrip-qos0-10Byte-10-cycles_2 - qos:0 - size:10
2018-05-15_23:02:26:111- message received - id:0 - topic:mqtt-roundtrip-qos0-10Byte-10-cycles - qos:0 - size:10
2018-05-15_23:02:26:111- message sent - id:0 - topic:mqtt-roundtrip-qos0-10Byte-10-cycles_2 - qos:0 - size:10
2018-05-15_23:02:26:111- message received - id:0 - topic:mqtt-roundtrip-qos0-10Byte-10-cycles - qos:0 - size:10
2018-05-15_23:02:26:112- message sent - id:0 - topic:mqtt-roundtrip-qos0-10Byte-10-cycles_2 - qos:0 - size:10
2018-05-15_23:02:26:112- message received - id:0 - topic:mqtt-roundtrip-qos0-10Byte-10-cycles - qos:0 - size:10
2018-05-15_23:02:26:112- message sent - id:0 - topic:mqtt-roundtrip-qos0-10Byte-10-cycles_2 - qos:0 - size:10
2018-05-15_23:02:26:112- message received - id:0 - topic:mqtt-roundtrip-qos0-10Byte-10-cycles - qos:0 - size:10
2018-05-15_23:02:26:112- message sent - id:0 - topic:mqtt-roundtrip-qos0-10Byte-10-cycles_2 - qos:0 - size:10
2018-05-15_23:02:26:113- message received - id:0 - topic:mqtt-roundtrip-qos0-10Byte-10-cycles - qos:0 - size:10
2018-05-15_23:02:26:113- message sent - id:0 - topic:mqtt-roundtrip-qos0-10Byte-10-cycles_2 - qos:0 - size:10
