2018-05-15_23:12:19:898- connecting to broker 192.168.1.100:1883
2018-05-15_23:12:19:899- Subscribing to topic mqtt-roundtrip-qos0-1KByte-10-cycles_2
2018-05-15_23:12:19:899- subscribe returned (0, 1)
2018-05-15_23:12:19:900- Client connected to broker
2018-05-15_23:12:25:804- Performing message publishing for 10 cycles
2018-05-15_23:12:25:805- message sent - id:2 - topic:mqtt-roundtrip-qos0-1KByte-10-cycles - qos:0 - size:1024
2018-05-15_23:12:25:805- message sent - id:3 - topic:mqtt-roundtrip-qos0-1KByte-10-cycles - qos:0 - size:1024
2018-05-15_23:12:25:805- message sent - id:4 - topic:mqtt-roundtrip-qos0-1KByte-10-cycles - qos:0 - size:1024
2018-05-15_23:12:25:805- message sent - id:5 - topic:mqtt-roundtrip-qos0-1KByte-10-cycles - qos:0 - size:1024
2018-05-15_23:12:25:806- message sent - id:6 - topic:mqtt-roundtrip-qos0-1KByte-10-cycles - qos:0 - size:1024
2018-05-15_23:12:25:806- message sent - id:7 - topic:mqtt-roundtrip-qos0-1KByte-10-cycles - qos:0 - size:1024
2018-05-15_23:12:25:806- message sent - id:8 - topic:mqtt-roundtrip-qos0-1KByte-10-cycles - qos:0 - size:1024
2018-05-15_23:12:25:806- message sent - id:9 - topic:mqtt-roundtrip-qos0-1KByte-10-cycles - qos:0 - size:1024
2018-05-15_23:12:25:807- message sent - id:10 - topic:mqtt-roundtrip-qos0-1KByte-10-cycles - qos:0 - size:1024
2018-05-15_23:12:25:807- message sent - id:11 - topic:mqtt-roundtrip-qos0-1KByte-10-cycles - qos:0 - size:1024
2018-05-15_23:12:25:808- message received - id:0 - topic:mqtt-roundtrip-qos0-1KByte-10-cycles_2 - qos:0 - size:1024
2018-05-15_23:12:25:809- message received - id:0 - topic:mqtt-roundtrip-qos0-1KByte-10-cycles_2 - qos:0 - size:1024
2018-05-15_23:12:25:809- message received - id:0 - topic:mqtt-roundtrip-qos0-1KByte-10-cycles_2 - qos:0 - size:1024
2018-05-15_23:12:25:809- message received - id:0 - topic:mqtt-roundtrip-qos0-1KByte-10-cycles_2 - qos:0 - size:1024
2018-05-15_23:12:25:809- message received - id:0 - topic:mqtt-roundtrip-qos0-1KByte-10-cycles_2 - qos:0 - size:1024
2018-05-15_23:12:25:810- message received - id:0 - topic:mqtt-roundtrip-qos0-1KByte-10-cycles_2 - qos:0 - size:1024
2018-05-15_23:12:25:810- message received - id:0 - topic:mqtt-roundtrip-qos0-1KByte-10-cycles_2 - qos:0 - size:1024
2018-05-15_23:12:25:811- message received - id:0 - topic:mqtt-roundtrip-qos0-1KByte-10-cycles_2 - qos:0 - size:1024
2018-05-15_23:12:25:811- message received - id:0 - topic:mqtt-roundtrip-qos0-1KByte-10-cycles_2 - qos:0 - size:1024
2018-05-15_23:12:25:811- message received - id:0 - topic:mqtt-roundtrip-qos0-1KByte-10-cycles_2 - qos:0 - size:1024
