2018-05-15_23:05:40:782- connecting to broker 192.168.1.100:1883
2018-05-15_23:05:40:784- Subscribing to topicmqtt-roundtrip-qos0-100Byte-100-cycles
2018-05-15_23:05:40:785- Client connected to broker
2018-05-15_23:05:40:785- subscribe returned (0, 1)
2018-05-15_23:05:42:627- message received - id:0 - topic:mqtt-roundtrip-qos0-100Byte-100-cycles - qos:0 - size:100
2018-05-15_23:05:42:628- message sent - id:0 - topic:mqtt-roundtrip-qos0-100Byte-100-cycles_2 - qos:0 - size:100
2018-05-15_23:05:42:629- message received - id:0 - topic:mqtt-roundtrip-qos0-100Byte-100-cycles - qos:0 - size:100
2018-05-15_23:05:42:629- message sent - id:0 - topic:mqtt-roundtrip-qos0-100Byte-100-cycles_2 - qos:0 - size:100
2018-05-15_23:05:42:630- message received - id:0 - topic:mqtt-roundtrip-qos0-100Byte-100-cycles - qos:0 - size:100
2018-05-15_23:05:42:630- message sent - id:0 - topic:mqtt-roundtrip-qos0-100Byte-100-cycles_2 - qos:0 - size:100
2018-05-15_23:05:42:631- message received - id:0 - topic:mqtt-roundtrip-qos0-100Byte-100-cycles - qos:0 - size:100
2018-05-15_23:05:42:631- message sent - id:0 - topic:mqtt-roundtrip-qos0-100Byte-100-cycles_2 - qos:0 - size:100
2018-05-15_23:05:42:631- message received - id:0 - topic:mqtt-roundtrip-qos0-100Byte-100-cycles - qos:0 - size:100
2018-05-15_23:05:42:632- message sent - id:0 - topic:mqtt-roundtrip-qos0-100Byte-100-cycles_2 - qos:0 - size:100
2018-05-15_23:05:42:632- message received - id:0 - topic:mqtt-roundtrip-qos0-100Byte-100-cycles - qos:0 - size:100
2018-05-15_23:05:42:632- message sent - id:0 - topic:mqtt-roundtrip-qos0-100Byte-100-cycles_2 - qos:0 - size:100
2018-05-15_23:05:42:632- message received - id:0 - topic:mqtt-roundtrip-qos0-100Byte-100-cycles - qos:0 - size:100
2018-05-15_23:05:42:633- message sent - id:0 - topic:mqtt-roundtrip-qos0-100Byte-100-cycles_2 - qos:0 - size:100
2018-05-15_23:05:42:633- message received - id:0 - topic:mqtt-roundtrip-qos0-100Byte-100-cycles - qos:0 - size:100
2018-05-15_23:05:42:633- message sent - id:0 - topic:mqtt-roundtrip-qos0-100Byte-100-cycles_2 - qos:0 - size:100
2018-05-15_23:05:42:633- message received - id:0 - topic:mqtt-roundtrip-qos0-100Byte-100-cycles - qos:0 - size:100
2018-05-15_23:05:42:634- message sent - id:0 - topic:mqtt-roundtrip-qos0-100Byte-100-cycles_2 - qos:0 - size:100
2018-05-15_23:05:42:634- message received - id:0 - topic:mqtt-roundtrip-qos0-100Byte-100-cycles - qos:0 - size:100
2018-05-15_23:05:42:634- message sent - id:0 - topic:mqtt-roundtrip-qos0-100Byte-100-cycles_2 - qos:0 - size:100
2018-05-15_23:05:42:635- message received - id:0 - topic:mqtt-roundtrip-qos0-100Byte-100-cycles - qos:0 - size:100
2018-05-15_23:05:42:635- message sent - id:0 - topic:mqtt-roundtrip-qos0-100Byte-100-cycles_2 - qos:0 - size:100
2018-05-15_23:05:42:635- message received - id:0 - topic:mqtt-roundtrip-qos0-100Byte-100-cycles - qos:0 - size:100
2018-05-15_23:05:42:636- message sent - id:0 - topic:mqtt-roundtrip-qos0-100Byte-100-cycles_2 - qos:0 - size:100
2018-05-15_23:05:42:636- message received - id:0 - topic:mqtt-roundtrip-qos0-100Byte-100-cycles - qos:0 - size:100
2018-05-15_23:05:42:636- message sent - id:0 - topic:mqtt-roundtrip-qos0-100Byte-100-cycles_2 - qos:0 - size:100
2018-05-15_23:05:42:636- message received - id:0 - topic:mqtt-roundtrip-qos0-100Byte-100-cycles - qos:0 - size:100
2018-05-15_23:05:42:637- message sent - id:0 - topic:mqtt-roundtrip-qos0-100Byte-100-cycles_2 - qos:0 - size:100
2018-05-15_23:05:42:637- message received - id:0 - topic:mqtt-roundtrip-qos0-100Byte-100-cycles - qos:0 - size:100
2018-05-15_23:05:42:637- message sent - id:0 - topic:mqtt-roundtrip-qos0-100Byte-100-cycles_2 - qos:0 - size:100
2018-05-15_23:05:42:638- message received - id:0 - topic:mqtt-roundtrip-qos0-100Byte-100-cycles - qos:0 - size:100
2018-05-15_23:05:42:638- message sent - id:0 - topic:mqtt-roundtrip-qos0-100Byte-100-cycles_2 - qos:0 - size:100
2018-05-15_23:05:42:638- message received - id:0 - topic:mqtt-roundtrip-qos0-100Byte-100-cycles - qos:0 - size:100
2018-05-15_23:05:42:639- message sent - id:0 - topic:mqtt-roundtrip-qos0-100Byte-100-cycles_2 - qos:0 - size:100
2018-05-15_23:05:42:639- message received - id:0 - topic:mqtt-roundtrip-qos0-100Byte-100-cycles - qos:0 - size:100
2018-05-15_23:05:42:639- message sent - id:0 - topic:mqtt-roundtrip-qos0-100Byte-100-cycles_2 - qos:0 - size:100
2018-05-15_23:05:42:640- message received - id:0 - topic:mqtt-roundtrip-qos0-100Byte-100-cycles - qos:0 - size:100
2018-05-15_23:05:42:640- message sent - id:0 - topic:mqtt-roundtrip-qos0-100Byte-100-cycles_2 - qos:0 - size:100
2018-05-15_23:05:42:640- message received - id:0 - topic:mqtt-roundtrip-qos0-100Byte-100-cycles - qos:0 - size:100
2018-05-15_23:05:42:640- message sent - id:0 - topic:mqtt-roundtrip-qos0-100Byte-100-cycles_2 - qos:0 - size:100
2018-05-15_23:05:42:641- message received - id:0 - topic:mqtt-roundtrip-qos0-100Byte-100-cycles - qos:0 - size:100
2018-05-15_23:05:42:641- message sent - id:0 - topic:mqtt-roundtrip-qos0-100Byte-100-cycles_2 - qos:0 - size:100
2018-05-15_23:05:42:641- message received - id:0 - topic:mqtt-roundtrip-qos0-100Byte-100-cycles - qos:0 - size:100
2018-05-15_23:05:42:641- message sent - id:0 - topic:mqtt-roundtrip-qos0-100Byte-100-cycles_2 - qos:0 - size:100
2018-05-15_23:05:42:642- message received - id:0 - topic:mqtt-roundtrip-qos0-100Byte-100-cycles - qos:0 - size:100
2018-05-15_23:05:42:642- message sent - id:0 - topic:mqtt-roundtrip-qos0-100Byte-100-cycles_2 - qos:0 - size:100
2018-05-15_23:05:42:642- message received - id:0 - topic:mqtt-roundtrip-qos0-100Byte-100-cycles - qos:0 - size:100
2018-05-15_23:05:42:643- message sent - id:0 - topic:mqtt-roundtrip-qos0-100Byte-100-cycles_2 - qos:0 - size:100
2018-05-15_23:05:42:643- message received - id:0 - topic:mqtt-roundtrip-qos0-100Byte-100-cycles - qos:0 - size:100
2018-05-15_23:05:42:643- message sent - id:0 - topic:mqtt-roundtrip-qos0-100Byte-100-cycles_2 - qos:0 - size:100
2018-05-15_23:05:42:644- message received - id:0 - topic:mqtt-roundtrip-qos0-100Byte-100-cycles - qos:0 - size:100
2018-05-15_23:05:42:644- message sent - id:0 - topic:mqtt-roundtrip-qos0-100Byte-100-cycles_2 - qos:0 - size:100
2018-05-15_23:05:42:644- message received - id:0 - topic:mqtt-roundtrip-qos0-100Byte-100-cycles - qos:0 - size:100
2018-05-15_23:05:42:644- message sent - id:0 - topic:mqtt-roundtrip-qos0-100Byte-100-cycles_2 - qos:0 - size:100
2018-05-15_23:05:42:645- message received - id:0 - topic:mqtt-roundtrip-qos0-100Byte-100-cycles - qos:0 - size:100
2018-05-15_23:05:42:645- message sent - id:0 - topic:mqtt-roundtrip-qos0-100Byte-100-cycles_2 - qos:0 - size:100
2018-05-15_23:05:42:645- message received - id:0 - topic:mqtt-roundtrip-qos0-100Byte-100-cycles - qos:0 - size:100
2018-05-15_23:05:42:646- message sent - id:0 - topic:mqtt-roundtrip-qos0-100Byte-100-cycles_2 - qos:0 - size:100
2018-05-15_23:05:42:646- message received - id:0 - topic:mqtt-roundtrip-qos0-100Byte-100-cycles - qos:0 - size:100
2018-05-15_23:05:42:646- message sent - id:0 - topic:mqtt-roundtrip-qos0-100Byte-100-cycles_2 - qos:0 - size:100
2018-05-15_23:05:42:647- message received - id:0 - topic:mqtt-roundtrip-qos0-100Byte-100-cycles - qos:0 - size:100
2018-05-15_23:05:42:647- message sent - id:0 - topic:mqtt-roundtrip-qos0-100Byte-100-cycles_2 - qos:0 - size:100
2018-05-15_23:05:42:647- message received - id:0 - topic:mqtt-roundtrip-qos0-100Byte-100-cycles - qos:0 - size:100
2018-05-15_23:05:42:647- message sent - id:0 - topic:mqtt-roundtrip-qos0-100Byte-100-cycles_2 - qos:0 - size:100
2018-05-15_23:05:42:648- message received - id:0 - topic:mqtt-roundtrip-qos0-100Byte-100-cycles - qos:0 - size:100
2018-05-15_23:05:42:648- message sent - id:0 - topic:mqtt-roundtrip-qos0-100Byte-100-cycles_2 - qos:0 - size:100
2018-05-15_23:05:42:648- message received - id:0 - topic:mqtt-roundtrip-qos0-100Byte-100-cycles - qos:0 - size:100
2018-05-15_23:05:42:648- message sent - id:0 - topic:mqtt-roundtrip-qos0-100Byte-100-cycles_2 - qos:0 - size:100
2018-05-15_23:05:42:649- message received - id:0 - topic:mqtt-roundtrip-qos0-100Byte-100-cycles - qos:0 - size:100
2018-05-15_23:05:42:649- message sent - id:0 - topic:mqtt-roundtrip-qos0-100Byte-100-cycles_2 - qos:0 - size:100
2018-05-15_23:05:42:649- message received - id:0 - topic:mqtt-roundtrip-qos0-100Byte-100-cycles - qos:0 - size:100
2018-05-15_23:05:42:649- message sent - id:0 - topic:mqtt-roundtrip-qos0-100Byte-100-cycles_2 - qos:0 - size:100
2018-05-15_23:05:42:650- message received - id:0 - topic:mqtt-roundtrip-qos0-100Byte-100-cycles - qos:0 - size:100
2018-05-15_23:05:42:650- message sent - id:0 - topic:mqtt-roundtrip-qos0-100Byte-100-cycles_2 - qos:0 - size:100
2018-05-15_23:05:42:650- message received - id:0 - topic:mqtt-roundtrip-qos0-100Byte-100-cycles - qos:0 - size:100
2018-05-15_23:05:42:651- message sent - id:0 - topic:mqtt-roundtrip-qos0-100Byte-100-cycles_2 - qos:0 - size:100
2018-05-15_23:05:42:651- message received - id:0 - topic:mqtt-roundtrip-qos0-100Byte-100-cycles - qos:0 - size:100
2018-05-15_23:05:42:651- message sent - id:0 - topic:mqtt-roundtrip-qos0-100Byte-100-cycles_2 - qos:0 - size:100
2018-05-15_23:05:42:651- message received - id:0 - topic:mqtt-roundtrip-qos0-100Byte-100-cycles - qos:0 - size:100
2018-05-15_23:05:42:651- message sent - id:0 - topic:mqtt-roundtrip-qos0-100Byte-100-cycles_2 - qos:0 - size:100
2018-05-15_23:05:42:652- message received - id:0 - topic:mqtt-roundtrip-qos0-100Byte-100-cycles - qos:0 - size:100
2018-05-15_23:05:42:652- message sent - id:0 - topic:mqtt-roundtrip-qos0-100Byte-100-cycles_2 - qos:0 - size:100
2018-05-15_23:05:42:652- message received - id:0 - topic:mqtt-roundtrip-qos0-100Byte-100-cycles - qos:0 - size:100
2018-05-15_23:05:42:652- message sent - id:0 - topic:mqtt-roundtrip-qos0-100Byte-100-cycles_2 - qos:0 - size:100
2018-05-15_23:05:42:652- message received - id:0 - topic:mqtt-roundtrip-qos0-100Byte-100-cycles - qos:0 - size:100
2018-05-15_23:05:42:652- message sent - id:0 - topic:mqtt-roundtrip-qos0-100Byte-100-cycles_2 - qos:0 - size:100
2018-05-15_23:05:42:653- message received - id:0 - topic:mqtt-roundtrip-qos0-100Byte-100-cycles - qos:0 - size:100
2018-05-15_23:05:42:653- message sent - id:0 - topic:mqtt-roundtrip-qos0-100Byte-100-cycles_2 - qos:0 - size:100
2018-05-15_23:05:42:653- message received - id:0 - topic:mqtt-roundtrip-qos0-100Byte-100-cycles - qos:0 - size:100
2018-05-15_23:05:42:654- message sent - id:0 - topic:mqtt-roundtrip-qos0-100Byte-100-cycles_2 - qos:0 - size:100
2018-05-15_23:05:42:654- message received - id:0 - topic:mqtt-roundtrip-qos0-100Byte-100-cycles - qos:0 - size:100
2018-05-15_23:05:42:654- message sent - id:0 - topic:mqtt-roundtrip-qos0-100Byte-100-cycles_2 - qos:0 - size:100
2018-05-15_23:05:42:654- message received - id:0 - topic:mqtt-roundtrip-qos0-100Byte-100-cycles - qos:0 - size:100
2018-05-15_23:05:42:655- message sent - id:0 - topic:mqtt-roundtrip-qos0-100Byte-100-cycles_2 - qos:0 - size:100
2018-05-15_23:05:42:655- message received - id:0 - topic:mqtt-roundtrip-qos0-100Byte-100-cycles - qos:0 - size:100
2018-05-15_23:05:42:655- message sent - id:0 - topic:mqtt-roundtrip-qos0-100Byte-100-cycles_2 - qos:0 - size:100
2018-05-15_23:05:42:655- message received - id:0 - topic:mqtt-roundtrip-qos0-100Byte-100-cycles - qos:0 - size:100
2018-05-15_23:05:42:655- message sent - id:0 - topic:mqtt-roundtrip-qos0-100Byte-100-cycles_2 - qos:0 - size:100
2018-05-15_23:05:42:656- message received - id:0 - topic:mqtt-roundtrip-qos0-100Byte-100-cycles - qos:0 - size:100
2018-05-15_23:05:42:656- message sent - id:0 - topic:mqtt-roundtrip-qos0-100Byte-100-cycles_2 - qos:0 - size:100
2018-05-15_23:05:42:656- message received - id:0 - topic:mqtt-roundtrip-qos0-100Byte-100-cycles - qos:0 - size:100
2018-05-15_23:05:42:656- message sent - id:0 - topic:mqtt-roundtrip-qos0-100Byte-100-cycles_2 - qos:0 - size:100
2018-05-15_23:05:42:656- message received - id:0 - topic:mqtt-roundtrip-qos0-100Byte-100-cycles - qos:0 - size:100
2018-05-15_23:05:42:656- message sent - id:0 - topic:mqtt-roundtrip-qos0-100Byte-100-cycles_2 - qos:0 - size:100
2018-05-15_23:05:42:657- message received - id:0 - topic:mqtt-roundtrip-qos0-100Byte-100-cycles - qos:0 - size:100
2018-05-15_23:05:42:657- message sent - id:0 - topic:mqtt-roundtrip-qos0-100Byte-100-cycles_2 - qos:0 - size:100
2018-05-15_23:05:42:657- message received - id:0 - topic:mqtt-roundtrip-qos0-100Byte-100-cycles - qos:0 - size:100
2018-05-15_23:05:42:657- message sent - id:0 - topic:mqtt-roundtrip-qos0-100Byte-100-cycles_2 - qos:0 - size:100
2018-05-15_23:05:42:658- message received - id:0 - topic:mqtt-roundtrip-qos0-100Byte-100-cycles - qos:0 - size:100
2018-05-15_23:05:42:658- message sent - id:0 - topic:mqtt-roundtrip-qos0-100Byte-100-cycles_2 - qos:0 - size:100
2018-05-15_23:05:42:658- message received - id:0 - topic:mqtt-roundtrip-qos0-100Byte-100-cycles - qos:0 - size:100
2018-05-15_23:05:42:658- message sent - id:0 - topic:mqtt-roundtrip-qos0-100Byte-100-cycles_2 - qos:0 - size:100
2018-05-15_23:05:42:659- message received - id:0 - topic:mqtt-roundtrip-qos0-100Byte-100-cycles - qos:0 - size:100
2018-05-15_23:05:42:659- message sent - id:0 - topic:mqtt-roundtrip-qos0-100Byte-100-cycles_2 - qos:0 - size:100
2018-05-15_23:05:42:659- message received - id:0 - topic:mqtt-roundtrip-qos0-100Byte-100-cycles - qos:0 - size:100
2018-05-15_23:05:42:659- message sent - id:0 - topic:mqtt-roundtrip-qos0-100Byte-100-cycles_2 - qos:0 - size:100
2018-05-15_23:05:42:660- message received - id:0 - topic:mqtt-roundtrip-qos0-100Byte-100-cycles - qos:0 - size:100
2018-05-15_23:05:42:660- message sent - id:0 - topic:mqtt-roundtrip-qos0-100Byte-100-cycles_2 - qos:0 - size:100
2018-05-15_23:05:42:660- message received - id:0 - topic:mqtt-roundtrip-qos0-100Byte-100-cycles - qos:0 - size:100
2018-05-15_23:05:42:660- message sent - id:0 - topic:mqtt-roundtrip-qos0-100Byte-100-cycles_2 - qos:0 - size:100
2018-05-15_23:05:42:660- message received - id:0 - topic:mqtt-roundtrip-qos0-100Byte-100-cycles - qos:0 - size:100
2018-05-15_23:05:42:660- message sent - id:0 - topic:mqtt-roundtrip-qos0-100Byte-100-cycles_2 - qos:0 - size:100
2018-05-15_23:05:42:661- message received - id:0 - topic:mqtt-roundtrip-qos0-100Byte-100-cycles - qos:0 - size:100
2018-05-15_23:05:42:661- message sent - id:0 - topic:mqtt-roundtrip-qos0-100Byte-100-cycles_2 - qos:0 - size:100
2018-05-15_23:05:42:661- message received - id:0 - topic:mqtt-roundtrip-qos0-100Byte-100-cycles - qos:0 - size:100
2018-05-15_23:05:42:661- message sent - id:0 - topic:mqtt-roundtrip-qos0-100Byte-100-cycles_2 - qos:0 - size:100
2018-05-15_23:05:42:661- message received - id:0 - topic:mqtt-roundtrip-qos0-100Byte-100-cycles - qos:0 - size:100
2018-05-15_23:05:42:662- message sent - id:0 - topic:mqtt-roundtrip-qos0-100Byte-100-cycles_2 - qos:0 - size:100
2018-05-15_23:05:42:662- message received - id:0 - topic:mqtt-roundtrip-qos0-100Byte-100-cycles - qos:0 - size:100
2018-05-15_23:05:42:662- message sent - id:0 - topic:mqtt-roundtrip-qos0-100Byte-100-cycles_2 - qos:0 - size:100
2018-05-15_23:05:42:662- message received - id:0 - topic:mqtt-roundtrip-qos0-100Byte-100-cycles - qos:0 - size:100
2018-05-15_23:05:42:662- message sent - id:0 - topic:mqtt-roundtrip-qos0-100Byte-100-cycles_2 - qos:0 - size:100
2018-05-15_23:05:42:663- message received - id:0 - topic:mqtt-roundtrip-qos0-100Byte-100-cycles - qos:0 - size:100
2018-05-15_23:05:42:663- message sent - id:0 - topic:mqtt-roundtrip-qos0-100Byte-100-cycles_2 - qos:0 - size:100
2018-05-15_23:05:42:663- message received - id:0 - topic:mqtt-roundtrip-qos0-100Byte-100-cycles - qos:0 - size:100
2018-05-15_23:05:42:663- message sent - id:0 - topic:mqtt-roundtrip-qos0-100Byte-100-cycles_2 - qos:0 - size:100
2018-05-15_23:05:42:664- message received - id:0 - topic:mqtt-roundtrip-qos0-100Byte-100-cycles - qos:0 - size:100
2018-05-15_23:05:42:664- message sent - id:0 - topic:mqtt-roundtrip-qos0-100Byte-100-cycles_2 - qos:0 - size:100
2018-05-15_23:05:42:664- message received - id:0 - topic:mqtt-roundtrip-qos0-100Byte-100-cycles - qos:0 - size:100
2018-05-15_23:05:42:664- message sent - id:0 - topic:mqtt-roundtrip-qos0-100Byte-100-cycles_2 - qos:0 - size:100
2018-05-15_23:05:42:665- message received - id:0 - topic:mqtt-roundtrip-qos0-100Byte-100-cycles - qos:0 - size:100
2018-05-15_23:05:42:665- message sent - id:0 - topic:mqtt-roundtrip-qos0-100Byte-100-cycles_2 - qos:0 - size:100
2018-05-15_23:05:42:665- message received - id:0 - topic:mqtt-roundtrip-qos0-100Byte-100-cycles - qos:0 - size:100
2018-05-15_23:05:42:665- message sent - id:0 - topic:mqtt-roundtrip-qos0-100Byte-100-cycles_2 - qos:0 - size:100
2018-05-15_23:05:42:665- message received - id:0 - topic:mqtt-roundtrip-qos0-100Byte-100-cycles - qos:0 - size:100
2018-05-15_23:05:42:665- message sent - id:0 - topic:mqtt-roundtrip-qos0-100Byte-100-cycles_2 - qos:0 - size:100
2018-05-15_23:05:42:666- message received - id:0 - topic:mqtt-roundtrip-qos0-100Byte-100-cycles - qos:0 - size:100
2018-05-15_23:05:42:666- message sent - id:0 - topic:mqtt-roundtrip-qos0-100Byte-100-cycles_2 - qos:0 - size:100
2018-05-15_23:05:42:666- message received - id:0 - topic:mqtt-roundtrip-qos0-100Byte-100-cycles - qos:0 - size:100
2018-05-15_23:05:42:666- message sent - id:0 - topic:mqtt-roundtrip-qos0-100Byte-100-cycles_2 - qos:0 - size:100
2018-05-15_23:05:42:666- message received - id:0 - topic:mqtt-roundtrip-qos0-100Byte-100-cycles - qos:0 - size:100
2018-05-15_23:05:42:666- message sent - id:0 - topic:mqtt-roundtrip-qos0-100Byte-100-cycles_2 - qos:0 - size:100
2018-05-15_23:05:42:667- message received - id:0 - topic:mqtt-roundtrip-qos0-100Byte-100-cycles - qos:0 - size:100
2018-05-15_23:05:42:667- message sent - id:0 - topic:mqtt-roundtrip-qos0-100Byte-100-cycles_2 - qos:0 - size:100
2018-05-15_23:05:42:667- message received - id:0 - topic:mqtt-roundtrip-qos0-100Byte-100-cycles - qos:0 - size:100
2018-05-15_23:05:42:667- message sent - id:0 - topic:mqtt-roundtrip-qos0-100Byte-100-cycles_2 - qos:0 - size:100
2018-05-15_23:05:42:668- message received - id:0 - topic:mqtt-roundtrip-qos0-100Byte-100-cycles - qos:0 - size:100
2018-05-15_23:05:42:668- message sent - id:0 - topic:mqtt-roundtrip-qos0-100Byte-100-cycles_2 - qos:0 - size:100
2018-05-15_23:05:42:668- message received - id:0 - topic:mqtt-roundtrip-qos0-100Byte-100-cycles - qos:0 - size:100
2018-05-15_23:05:42:668- message sent - id:0 - topic:mqtt-roundtrip-qos0-100Byte-100-cycles_2 - qos:0 - size:100
2018-05-15_23:05:42:669- message received - id:0 - topic:mqtt-roundtrip-qos0-100Byte-100-cycles - qos:0 - size:100
2018-05-15_23:05:42:669- message sent - id:0 - topic:mqtt-roundtrip-qos0-100Byte-100-cycles_2 - qos:0 - size:100
2018-05-15_23:05:42:669- message received - id:0 - topic:mqtt-roundtrip-qos0-100Byte-100-cycles - qos:0 - size:100
2018-05-15_23:05:42:669- message sent - id:0 - topic:mqtt-roundtrip-qos0-100Byte-100-cycles_2 - qos:0 - size:100
2018-05-15_23:05:42:669- message received - id:0 - topic:mqtt-roundtrip-qos0-100Byte-100-cycles - qos:0 - size:100
2018-05-15_23:05:42:670- message sent - id:0 - topic:mqtt-roundtrip-qos0-100Byte-100-cycles_2 - qos:0 - size:100
2018-05-15_23:05:42:670- message received - id:0 - topic:mqtt-roundtrip-qos0-100Byte-100-cycles - qos:0 - size:100
2018-05-15_23:05:42:670- message sent - id:0 - topic:mqtt-roundtrip-qos0-100Byte-100-cycles_2 - qos:0 - size:100
2018-05-15_23:05:42:670- message received - id:0 - topic:mqtt-roundtrip-qos0-100Byte-100-cycles - qos:0 - size:100
2018-05-15_23:05:42:670- message sent - id:0 - topic:mqtt-roundtrip-qos0-100Byte-100-cycles_2 - qos:0 - size:100
2018-05-15_23:05:42:671- message received - id:0 - topic:mqtt-roundtrip-qos0-100Byte-100-cycles - qos:0 - size:100
2018-05-15_23:05:42:671- message sent - id:0 - topic:mqtt-roundtrip-qos0-100Byte-100-cycles_2 - qos:0 - size:100
2018-05-15_23:05:42:671- message received - id:0 - topic:mqtt-roundtrip-qos0-100Byte-100-cycles - qos:0 - size:100
2018-05-15_23:05:42:671- message sent - id:0 - topic:mqtt-roundtrip-qos0-100Byte-100-cycles_2 - qos:0 - size:100
2018-05-15_23:05:42:671- message received - id:0 - topic:mqtt-roundtrip-qos0-100Byte-100-cycles - qos:0 - size:100
2018-05-15_23:05:42:672- message sent - id:0 - topic:mqtt-roundtrip-qos0-100Byte-100-cycles_2 - qos:0 - size:100
2018-05-15_23:05:42:672- message received - id:0 - topic:mqtt-roundtrip-qos0-100Byte-100-cycles - qos:0 - size:100
2018-05-15_23:05:42:672- message sent - id:0 - topic:mqtt-roundtrip-qos0-100Byte-100-cycles_2 - qos:0 - size:100
2018-05-15_23:05:42:672- message received - id:0 - topic:mqtt-roundtrip-qos0-100Byte-100-cycles - qos:0 - size:100
2018-05-15_23:05:42:673- message sent - id:0 - topic:mqtt-roundtrip-qos0-100Byte-100-cycles_2 - qos:0 - size:100
2018-05-15_23:05:42:673- message received - id:0 - topic:mqtt-roundtrip-qos0-100Byte-100-cycles - qos:0 - size:100
2018-05-15_23:05:42:673- message sent - id:0 - topic:mqtt-roundtrip-qos0-100Byte-100-cycles_2 - qos:0 - size:100
2018-05-15_23:05:42:673- message received - id:0 - topic:mqtt-roundtrip-qos0-100Byte-100-cycles - qos:0 - size:100
2018-05-15_23:05:42:673- message sent - id:0 - topic:mqtt-roundtrip-qos0-100Byte-100-cycles_2 - qos:0 - size:100
2018-05-15_23:05:42:674- message received - id:0 - topic:mqtt-roundtrip-qos0-100Byte-100-cycles - qos:0 - size:100
2018-05-15_23:05:42:674- message sent - id:0 - topic:mqtt-roundtrip-qos0-100Byte-100-cycles_2 - qos:0 - size:100
2018-05-15_23:05:42:674- message received - id:0 - topic:mqtt-roundtrip-qos0-100Byte-100-cycles - qos:0 - size:100
2018-05-15_23:05:42:674- message sent - id:0 - topic:mqtt-roundtrip-qos0-100Byte-100-cycles_2 - qos:0 - size:100
2018-05-15_23:05:42:674- message received - id:0 - topic:mqtt-roundtrip-qos0-100Byte-100-cycles - qos:0 - size:100
2018-05-15_23:05:42:675- message sent - id:0 - topic:mqtt-roundtrip-qos0-100Byte-100-cycles_2 - qos:0 - size:100
2018-05-15_23:05:42:675- message received - id:0 - topic:mqtt-roundtrip-qos0-100Byte-100-cycles - qos:0 - size:100
2018-05-15_23:05:42:675- message sent - id:0 - topic:mqtt-roundtrip-qos0-100Byte-100-cycles_2 - qos:0 - size:100
2018-05-15_23:05:42:675- message received - id:0 - topic:mqtt-roundtrip-qos0-100Byte-100-cycles - qos:0 - size:100
2018-05-15_23:05:42:675- message sent - id:0 - topic:mqtt-roundtrip-qos0-100Byte-100-cycles_2 - qos:0 - size:100
2018-05-15_23:05:42:675- message received - id:0 - topic:mqtt-roundtrip-qos0-100Byte-100-cycles - qos:0 - size:100
2018-05-15_23:05:42:676- message sent - id:0 - topic:mqtt-roundtrip-qos0-100Byte-100-cycles_2 - qos:0 - size:100
2018-05-15_23:05:42:676- message received - id:0 - topic:mqtt-roundtrip-qos0-100Byte-100-cycles - qos:0 - size:100
2018-05-15_23:05:42:676- message sent - id:0 - topic:mqtt-roundtrip-qos0-100Byte-100-cycles_2 - qos:0 - size:100
2018-05-15_23:05:42:676- message received - id:0 - topic:mqtt-roundtrip-qos0-100Byte-100-cycles - qos:0 - size:100
2018-05-15_23:05:42:677- message sent - id:0 - topic:mqtt-roundtrip-qos0-100Byte-100-cycles_2 - qos:0 - size:100
