2018-05-15_22:51:29:082- connecting to broker 192.168.1.100:1883
2018-05-15_22:51:29:084- Subscribing to topicmqtt-roundtrip-qos2-1Byte-10-cycles
2018-05-15_22:51:29:084- subscribe returned (0, 1)
2018-05-15_22:51:29:085- Client connected to broker
2018-05-15_22:51:33:388- message received - id:0 - topic:mqtt-roundtrip-qos2-1Byte-10-cycles - qos:0 - size:1
2018-05-15_22:51:33:389- message sent - id:0 - topic:mqtt-roundtrip-qos2-1Byte-10-cycles_2 - qos:0 - size:1
2018-05-15_22:51:33:389- message received - id:0 - topic:mqtt-roundtrip-qos2-1Byte-10-cycles - qos:0 - size:1
2018-05-15_22:51:33:389- message sent - id:0 - topic:mqtt-roundtrip-qos2-1Byte-10-cycles_2 - qos:0 - size:1
2018-05-15_22:51:33:390- message received - id:0 - topic:mqtt-roundtrip-qos2-1Byte-10-cycles - qos:0 - size:1
2018-05-15_22:51:33:390- message sent - id:0 - topic:mqtt-roundtrip-qos2-1Byte-10-cycles_2 - qos:0 - size:1
2018-05-15_22:51:33:390- message received - id:0 - topic:mqtt-roundtrip-qos2-1Byte-10-cycles - qos:0 - size:1
2018-05-15_22:51:33:390- message sent - id:0 - topic:mqtt-roundtrip-qos2-1Byte-10-cycles_2 - qos:0 - size:1
2018-05-15_22:51:33:391- message received - id:0 - topic:mqtt-roundtrip-qos2-1Byte-10-cycles - qos:0 - size:1
2018-05-15_22:51:33:391- message sent - id:0 - topic:mqtt-roundtrip-qos2-1Byte-10-cycles_2 - qos:0 - size:1
2018-05-15_22:51:33:391- message received - id:0 - topic:mqtt-roundtrip-qos2-1Byte-10-cycles - qos:0 - size:1
2018-05-15_22:51:33:391- message sent - id:0 - topic:mqtt-roundtrip-qos2-1Byte-10-cycles_2 - qos:0 - size:1
2018-05-15_22:51:33:391- message received - id:0 - topic:mqtt-roundtrip-qos2-1Byte-10-cycles - qos:0 - size:1
2018-05-15_22:51:33:391- message sent - id:0 - topic:mqtt-roundtrip-qos2-1Byte-10-cycles_2 - qos:0 - size:1
2018-05-15_22:51:33:392- message received - id:0 - topic:mqtt-roundtrip-qos2-1Byte-10-cycles - qos:0 - size:1
2018-05-15_22:51:33:392- message sent - id:0 - topic:mqtt-roundtrip-qos2-1Byte-10-cycles_2 - qos:0 - size:1
2018-05-15_22:51:33:429- message received - id:0 - topic:mqtt-roundtrip-qos2-1Byte-10-cycles - qos:0 - size:1
2018-05-15_22:51:33:430- message sent - id:0 - topic:mqtt-roundtrip-qos2-1Byte-10-cycles_2 - qos:0 - size:1
2018-05-15_22:51:33:430- message received - id:0 - topic:mqtt-roundtrip-qos2-1Byte-10-cycles - qos:0 - size:1
2018-05-15_22:51:33:430- message sent - id:0 - topic:mqtt-roundtrip-qos2-1Byte-10-cycles_2 - qos:0 - size:1
