2018-05-17_21:27:50:549- connecting to broker 192.168.1.100:1883
2018-05-17_21:27:50:551- Subscribing to topic mqtt-roundtrip-qos2-10MByte-1000-cycles_2
2018-05-17_21:27:50:551- subscribe returned (0, 1)
2018-05-17_21:27:50:551- Performing message publishing for 1000 cycles
2018-05-17_21:27:50:562- Client connected to broker
2018-05-17_21:27:50:572- message sent - topic:mqtt-roundtrip-qos2-10MByte-1000-cycles - qos:2 - id:000000
2018-05-17_21:27:50:612- message sent - topic:mqtt-roundtrip-qos2-10MByte-1000-cycles - qos:2 - id:000001
2018-05-17_21:27:50:631- message sent - topic:mqtt-roundtrip-qos2-10MByte-1000-cycles - qos:2 - id:000002
2018-05-17_21:27:50:642- message sent - topic:mqtt-roundtrip-qos2-10MByte-1000-cycles - qos:2 - id:000003
2018-05-17_21:27:50:667- message sent - topic:mqtt-roundtrip-qos2-10MByte-1000-cycles - qos:2 - id:000004
2018-05-17_21:27:50:686- message sent - topic:mqtt-roundtrip-qos2-10MByte-1000-cycles - qos:2 - id:000005
2018-05-17_21:27:50:704- message sent - topic:mqtt-roundtrip-qos2-10MByte-1000-cycles - qos:2 - id:000006
2018-05-17_21:27:50:722- message sent - topic:mqtt-roundtrip-qos2-10MByte-1000-cycles - qos:2 - id:000007
2018-05-17_21:27:50:738- message sent - topic:mqtt-roundtrip-qos2-10MByte-1000-cycles - qos:2 - id:000008
2018-05-17_21:27:50:756- message sent - topic:mqtt-roundtrip-qos2-10MByte-1000-cycles - qos:2 - id:000009
2018-05-17_21:27:50:776- message sent - topic:mqtt-roundtrip-qos2-10MByte-1000-cycles - qos:2 - id:000010
2018-05-17_21:27:50:794- message sent - topic:mqtt-roundtrip-qos2-10MByte-1000-cycles - qos:2 - id:000011
2018-05-17_21:27:50:809- message sent - topic:mqtt-roundtrip-qos2-10MByte-1000-cycles - qos:2 - id:000012
2018-05-17_21:27:50:825- message sent - topic:mqtt-roundtrip-qos2-10MByte-1000-cycles - qos:2 - id:000013
2018-05-17_21:27:50:844- message sent - topic:mqtt-roundtrip-qos2-10MByte-1000-cycles - qos:2 - id:000014
2018-05-17_21:27:50:859- message sent - topic:mqtt-roundtrip-qos2-10MByte-1000-cycles - qos:2 - id:000015
2018-05-17_21:27:50:883- message sent - topic:mqtt-roundtrip-qos2-10MByte-1000-cycles - qos:2 - id:000016
2018-05-17_21:27:50:893- message sent - topic:mqtt-roundtrip-qos2-10MByte-1000-cycles - qos:2 - id:000017
2018-05-17_21:27:50:917- message sent - topic:mqtt-roundtrip-qos2-10MByte-1000-cycles - qos:2 - id:000018
2018-05-17_21:27:50:942- message sent - topic:mqtt-roundtrip-qos2-10MByte-1000-cycles - qos:2 - id:000019
2018-05-17_21:27:50:947- message sent - topic:mqtt-roundtrip-qos2-10MByte-1000-cycles - qos:2 - id:000020
2018-05-17_21:27:50:958- message sent - topic:mqtt-roundtrip-qos2-10MByte-1000-cycles - qos:2 - id:000021
2018-05-17_21:27:50:963- message sent - topic:mqtt-roundtrip-qos2-10MByte-1000-cycles - qos:2 - id:000022
2018-05-17_21:27:50:969- message sent - topic:mqtt-roundtrip-qos2-10MByte-1000-cycles - qos:2 - id:000023
2018-05-17_21:27:50:975- message sent - topic:mqtt-roundtrip-qos2-10MByte-1000-cycles - qos:2 - id:000024
2018-05-17_21:27:50:980- message sent - topic:mqtt-roundtrip-qos2-10MByte-1000-cycles - qos:2 - id:000025
2018-05-17_21:27:50:986- message sent - topic:mqtt-roundtrip-qos2-10MByte-1000-cycles - qos:2 - id:000026
2018-05-17_21:27:50:996- message sent - topic:mqtt-roundtrip-qos2-10MByte-1000-cycles - qos:2 - id:000027
2018-05-17_21:27:51:001- message sent - topic:mqtt-roundtrip-qos2-10MByte-1000-cycles - qos:2 - id:000028
2018-05-17_21:27:51:007- message sent - topic:mqtt-roundtrip-qos2-10MByte-1000-cycles - qos:2 - id:000029
2018-05-17_21:27:51:013- message sent - topic:mqtt-roundtrip-qos2-10MByte-1000-cycles - qos:2 - id:000030
2018-05-17_21:27:51:018- message sent - topic:mqtt-roundtrip-qos2-10MByte-1000-cycles - qos:2 - id:000031
2018-05-17_21:27:51:025- message sent - topic:mqtt-roundtrip-qos2-10MByte-1000-cycles - qos:2 - id:000032
2018-05-17_21:27:51:033- message sent - topic:mqtt-roundtrip-qos2-10MByte-1000-cycles - qos:2 - id:000033
2018-05-17_21:27:51:043- message sent - topic:mqtt-roundtrip-qos2-10MByte-1000-cycles - qos:2 - id:000034
2018-05-17_21:27:51:051- message sent - topic:mqtt-roundtrip-qos2-10MByte-1000-cycles - qos:2 - id:000035
2018-05-17_21:27:51:058- message sent - topic:mqtt-roundtrip-qos2-10MByte-1000-cycles - qos:2 - id:000036
2018-05-17_21:27:51:067- message sent - topic:mqtt-roundtrip-qos2-10MByte-1000-cycles - qos:2 - id:000037
2018-05-17_21:27:51:072- message sent - topic:mqtt-roundtrip-qos2-10MByte-1000-cycles - qos:2 - id:000038
2018-05-17_21:27:51:078- message sent - topic:mqtt-roundtrip-qos2-10MByte-1000-cycles - qos:2 - id:000039
2018-05-17_21:27:51:084- message sent - topic:mqtt-roundtrip-qos2-10MByte-1000-cycles - qos:2 - id:000040
2018-05-17_21:27:51:093- message sent - topic:mqtt-roundtrip-qos2-10MByte-1000-cycles - qos:2 - id:000041
2018-05-17_21:27:51:099- message sent - topic:mqtt-roundtrip-qos2-10MByte-1000-cycles - qos:2 - id:000042
2018-05-17_21:27:51:105- message sent - topic:mqtt-roundtrip-qos2-10MByte-1000-cycles - qos:2 - id:000043
2018-05-17_21:27:51:111- message sent - topic:mqtt-roundtrip-qos2-10MByte-1000-cycles - qos:2 - id:000044
2018-05-17_21:27:51:116- message sent - topic:mqtt-roundtrip-qos2-10MByte-1000-cycles - qos:2 - id:000045
2018-05-17_21:27:51:125- message sent - topic:mqtt-roundtrip-qos2-10MByte-1000-cycles - qos:2 - id:000046
2018-05-17_21:27:51:131- message sent - topic:mqtt-roundtrip-qos2-10MByte-1000-cycles - qos:2 - id:000047
2018-05-17_21:27:51:137- message sent - topic:mqtt-roundtrip-qos2-10MByte-1000-cycles - qos:2 - id:000048
2018-05-17_21:27:51:143- message sent - topic:mqtt-roundtrip-qos2-10MByte-1000-cycles - qos:2 - id:000049
2018-05-17_21:27:51:149- message sent - topic:mqtt-roundtrip-qos2-10MByte-1000-cycles - qos:2 - id:000050
2018-05-17_21:27:51:157- message sent - topic:mqtt-roundtrip-qos2-10MByte-1000-cycles - qos:2 - id:000051
2018-05-17_21:27:51:162- message sent - topic:mqtt-roundtrip-qos2-10MByte-1000-cycles - qos:2 - id:000052
2018-05-17_21:27:51:168- message sent - topic:mqtt-roundtrip-qos2-10MByte-1000-cycles - qos:2 - id:000053
2018-05-17_21:27:51:174- message sent - topic:mqtt-roundtrip-qos2-10MByte-1000-cycles - qos:2 - id:000054
2018-05-17_21:27:51:180- message sent - topic:mqtt-roundtrip-qos2-10MByte-1000-cycles - qos:2 - id:000055
2018-05-17_21:27:51:187- message sent - topic:mqtt-roundtrip-qos2-10MByte-1000-cycles - qos:2 - id:000056
2018-05-17_21:27:51:194- message sent - topic:mqtt-roundtrip-qos2-10MByte-1000-cycles - qos:2 - id:000057
2018-05-17_21:27:51:200- message sent - topic:mqtt-roundtrip-qos2-10MByte-1000-cycles - qos:2 - id:000058
2018-05-17_21:27:51:206- message sent - topic:mqtt-roundtrip-qos2-10MByte-1000-cycles - qos:2 - id:000059
2018-05-17_21:27:51:212- message sent - topic:mqtt-roundtrip-qos2-10MByte-1000-cycles - qos:2 - id:000060
2018-05-17_21:27:51:219- message sent - topic:mqtt-roundtrip-qos2-10MByte-1000-cycles - qos:2 - id:000061
2018-05-17_21:27:51:225- message sent - topic:mqtt-roundtrip-qos2-10MByte-1000-cycles - qos:2 - id:000062
2018-05-17_21:27:51:231- message sent - topic:mqtt-roundtrip-qos2-10MByte-1000-cycles - qos:2 - id:000063
2018-05-17_21:27:51:237- message sent - topic:mqtt-roundtrip-qos2-10MByte-1000-cycles - qos:2 - id:000064
2018-05-17_21:27:51:243- message sent - topic:mqtt-roundtrip-qos2-10MByte-1000-cycles - qos:2 - id:000065
2018-05-17_21:27:51:250- message sent - topic:mqtt-roundtrip-qos2-10MByte-1000-cycles - qos:2 - id:000066
2018-05-17_21:27:51:256- message sent - topic:mqtt-roundtrip-qos2-10MByte-1000-cycles - qos:2 - id:000067
2018-05-17_21:27:51:262- message sent - topic:mqtt-roundtrip-qos2-10MByte-1000-cycles - qos:2 - id:000068
2018-05-17_21:27:51:268- message sent - topic:mqtt-roundtrip-qos2-10MByte-1000-cycles - qos:2 - id:000069
2018-05-17_21:27:51:274- message sent - topic:mqtt-roundtrip-qos2-10MByte-1000-cycles - qos:2 - id:000070
2018-05-17_21:27:51:281- message sent - topic:mqtt-roundtrip-qos2-10MByte-1000-cycles - qos:2 - id:000071
2018-05-17_21:27:51:287- message sent - topic:mqtt-roundtrip-qos2-10MByte-1000-cycles - qos:2 - id:000072
2018-05-17_21:27:51:293- message sent - topic:mqtt-roundtrip-qos2-10MByte-1000-cycles - qos:2 - id:000073
2018-05-17_21:27:51:299- message sent - topic:mqtt-roundtrip-qos2-10MByte-1000-cycles - qos:2 - id:000074
2018-05-17_21:27:51:305- message sent - topic:mqtt-roundtrip-qos2-10MByte-1000-cycles - qos:2 - id:000075
2018-05-17_21:27:51:311- message sent - topic:mqtt-roundtrip-qos2-10MByte-1000-cycles - qos:2 - id:000076
2018-05-17_21:27:51:317- message sent - topic:mqtt-roundtrip-qos2-10MByte-1000-cycles - qos:2 - id:000077
2018-05-17_21:27:51:323- message sent - topic:mqtt-roundtrip-qos2-10MByte-1000-cycles - qos:2 - id:000078
2018-05-17_21:27:51:329- message sent - topic:mqtt-roundtrip-qos2-10MByte-1000-cycles - qos:2 - id:000079
2018-05-17_21:27:51:335- message sent - topic:mqtt-roundtrip-qos2-10MByte-1000-cycles - qos:2 - id:000080
2018-05-17_21:27:51:341- message sent - topic:mqtt-roundtrip-qos2-10MByte-1000-cycles - qos:2 - id:000081
2018-05-17_21:27:51:347- message sent - topic:mqtt-roundtrip-qos2-10MByte-1000-cycles - qos:2 - id:000082
2018-05-17_21:27:51:353- message sent - topic:mqtt-roundtrip-qos2-10MByte-1000-cycles - qos:2 - id:000083
2018-05-17_21:27:51:359- message sent - topic:mqtt-roundtrip-qos2-10MByte-1000-cycles - qos:2 - id:000084
2018-05-17_21:27:51:365- message sent - topic:mqtt-roundtrip-qos2-10MByte-1000-cycles - qos:2 - id:000085
2018-05-17_21:27:51:371- message sent - topic:mqtt-roundtrip-qos2-10MByte-1000-cycles - qos:2 - id:000086
2018-05-17_21:27:51:377- message sent - topic:mqtt-roundtrip-qos2-10MByte-1000-cycles - qos:2 - id:000087
2018-05-17_21:27:51:386- message sent - topic:mqtt-roundtrip-qos2-10MByte-1000-cycles - qos:2 - id:000088
2018-05-17_21:27:51:392- message sent - topic:mqtt-roundtrip-qos2-10MByte-1000-cycles - qos:2 - id:000089
2018-05-17_21:27:51:397- message sent - topic:mqtt-roundtrip-qos2-10MByte-1000-cycles - qos:2 - id:000090
2018-05-17_21:27:51:403- message sent - topic:mqtt-roundtrip-qos2-10MByte-1000-cycles - qos:2 - id:000091
2018-05-17_21:27:51:412- message sent - topic:mqtt-roundtrip-qos2-10MByte-1000-cycles - qos:2 - id:000092
2018-05-17_21:27:51:421- message sent - topic:mqtt-roundtrip-qos2-10MByte-1000-cycles - qos:2 - id:000093
2018-05-17_21:27:51:433- message sent - topic:mqtt-roundtrip-qos2-10MByte-1000-cycles - qos:2 - id:000094
2018-05-17_21:27:51:438- message sent - topic:mqtt-roundtrip-qos2-10MByte-1000-cycles - qos:2 - id:000095
2018-05-17_21:27:51:445- message sent - topic:mqtt-roundtrip-qos2-10MByte-1000-cycles - qos:2 - id:000096
2018-05-17_21:27:51:450- message sent - topic:mqtt-roundtrip-qos2-10MByte-1000-cycles - qos:2 - id:000097
2018-05-17_21:27:51:456- message sent - topic:mqtt-roundtrip-qos2-10MByte-1000-cycles - qos:2 - id:000098
2018-05-17_21:27:51:471- message sent - topic:mqtt-roundtrip-qos2-10MByte-1000-cycles - qos:2 - id:000099
2018-05-17_21:27:51:477- message sent - topic:mqtt-roundtrip-qos2-10MByte-1000-cycles - qos:2 - id:000100
2018-05-17_21:27:51:482- message sent - topic:mqtt-roundtrip-qos2-10MByte-1000-cycles - qos:2 - id:000101
2018-05-17_21:27:51:488- message sent - topic:mqtt-roundtrip-qos2-10MByte-1000-cycles - qos:2 - id:000102
2018-05-17_21:27:51:494- message sent - topic:mqtt-roundtrip-qos2-10MByte-1000-cycles - qos:2 - id:000103
2018-05-17_21:27:51:499- message sent - topic:mqtt-roundtrip-qos2-10MByte-1000-cycles - qos:2 - id:000104
2018-05-17_21:27:51:505- message sent - topic:mqtt-roundtrip-qos2-10MByte-1000-cycles - qos:2 - id:000105
2018-05-17_21:27:51:511- message sent - topic:mqtt-roundtrip-qos2-10MByte-1000-cycles - qos:2 - id:000106
2018-05-17_21:27:51:519- message sent - topic:mqtt-roundtrip-qos2-10MByte-1000-cycles - qos:2 - id:000107
2018-05-17_21:27:51:528- message sent - topic:mqtt-roundtrip-qos2-10MByte-1000-cycles - qos:2 - id:000108
2018-05-17_21:27:51:536- message sent - topic:mqtt-roundtrip-qos2-10MByte-1000-cycles - qos:2 - id:000109
2018-05-17_21:27:51:543- message sent - topic:mqtt-roundtrip-qos2-10MByte-1000-cycles - qos:2 - id:000110
2018-05-17_21:27:51:552- message sent - topic:mqtt-roundtrip-qos2-10MByte-1000-cycles - qos:2 - id:000111
2018-05-17_21:27:51:560- message sent - topic:mqtt-roundtrip-qos2-10MByte-1000-cycles - qos:2 - id:000112
2018-05-17_21:27:51:568- message sent - topic:mqtt-roundtrip-qos2-10MByte-1000-cycles - qos:2 - id:000113
2018-05-17_21:27:51:576- message sent - topic:mqtt-roundtrip-qos2-10MByte-1000-cycles - qos:2 - id:000114
2018-05-17_21:27:51:584- message sent - topic:mqtt-roundtrip-qos2-10MByte-1000-cycles - qos:2 - id:000115
2018-05-17_21:27:51:595- message sent - topic:mqtt-roundtrip-qos2-10MByte-1000-cycles - qos:2 - id:000116
2018-05-17_21:27:51:603- message sent - topic:mqtt-roundtrip-qos2-10MByte-1000-cycles - qos:2 - id:000117
2018-05-17_21:27:51:612- message sent - topic:mqtt-roundtrip-qos2-10MByte-1000-cycles - qos:2 - id:000118
2018-05-17_21:27:51:618- message sent - topic:mqtt-roundtrip-qos2-10MByte-1000-cycles - qos:2 - id:000119
2018-05-17_21:27:51:629- message sent - topic:mqtt-roundtrip-qos2-10MByte-1000-cycles - qos:2 - id:000120
2018-05-17_21:27:51:635- message sent - topic:mqtt-roundtrip-qos2-10MByte-1000-cycles - qos:2 - id:000121
2018-05-17_21:27:51:641- message sent - topic:mqtt-roundtrip-qos2-10MByte-1000-cycles - qos:2 - id:000122
2018-05-17_21:27:51:647- message sent - topic:mqtt-roundtrip-qos2-10MByte-1000-cycles - qos:2 - id:000123
2018-05-17_21:27:51:653- message sent - topic:mqtt-roundtrip-qos2-10MByte-1000-cycles - qos:2 - id:000124
2018-05-17_21:27:51:667- message sent - topic:mqtt-roundtrip-qos2-10MByte-1000-cycles - qos:2 - id:000125
2018-05-17_21:27:51:673- message sent - topic:mqtt-roundtrip-qos2-10MByte-1000-cycles - qos:2 - id:000126
2018-05-17_21:27:51:679- message sent - topic:mqtt-roundtrip-qos2-10MByte-1000-cycles - qos:2 - id:000127
2018-05-17_21:27:51:685- message sent - topic:mqtt-roundtrip-qos2-10MByte-1000-cycles - qos:2 - id:000128
2018-05-17_21:27:51:691- message sent - topic:mqtt-roundtrip-qos2-10MByte-1000-cycles - qos:2 - id:000129
2018-05-17_21:27:51:696- message sent - topic:mqtt-roundtrip-qos2-10MByte-1000-cycles - qos:2 - id:000130
2018-05-17_21:27:51:707- message sent - topic:mqtt-roundtrip-qos2-10MByte-1000-cycles - qos:2 - id:000131
2018-05-17_21:27:51:713- message sent - topic:mqtt-roundtrip-qos2-10MByte-1000-cycles - qos:2 - id:000132
2018-05-17_21:27:51:719- message sent - topic:mqtt-roundtrip-qos2-10MByte-1000-cycles - qos:2 - id:000133
2018-05-17_21:27:51:725- message sent - topic:mqtt-roundtrip-qos2-10MByte-1000-cycles - qos:2 - id:000134
2018-05-17_21:27:51:731- message sent - topic:mqtt-roundtrip-qos2-10MByte-1000-cycles - qos:2 - id:000135
2018-05-17_21:27:51:744- message sent - topic:mqtt-roundtrip-qos2-10MByte-1000-cycles - qos:2 - id:000136
2018-05-17_21:27:51:752- message sent - topic:mqtt-roundtrip-qos2-10MByte-1000-cycles - qos:2 - id:000137
2018-05-17_21:27:51:757- message sent - topic:mqtt-roundtrip-qos2-10MByte-1000-cycles - qos:2 - id:000138
2018-05-17_21:27:51:763- message sent - topic:mqtt-roundtrip-qos2-10MByte-1000-cycles - qos:2 - id:000139
2018-05-17_21:27:51:768- message sent - topic:mqtt-roundtrip-qos2-10MByte-1000-cycles - qos:2 - id:000140
2018-05-17_21:27:51:774- message sent - topic:mqtt-roundtrip-qos2-10MByte-1000-cycles - qos:2 - id:000141
2018-05-17_21:27:51:780- message sent - topic:mqtt-roundtrip-qos2-10MByte-1000-cycles - qos:2 - id:000142
2018-05-17_21:27:51:788- message sent - topic:mqtt-roundtrip-qos2-10MByte-1000-cycles - qos:2 - id:000143
2018-05-17_21:27:51:795- message sent - topic:mqtt-roundtrip-qos2-10MByte-1000-cycles - qos:2 - id:000144
2018-05-17_21:27:51:807- message sent - topic:mqtt-roundtrip-qos2-10MByte-1000-cycles - qos:2 - id:000145
2018-05-17_21:27:51:813- message sent - topic:mqtt-roundtrip-qos2-10MByte-1000-cycles - qos:2 - id:000146
2018-05-17_21:27:51:819- message sent - topic:mqtt-roundtrip-qos2-10MByte-1000-cycles - qos:2 - id:000147
2018-05-17_21:27:51:825- message sent - topic:mqtt-roundtrip-qos2-10MByte-1000-cycles - qos:2 - id:000148
2018-05-17_21:27:51:831- message sent - topic:mqtt-roundtrip-qos2-10MByte-1000-cycles - qos:2 - id:000149
2018-05-17_21:27:51:841- message sent - topic:mqtt-roundtrip-qos2-10MByte-1000-cycles - qos:2 - id:000150
2018-05-17_21:27:51:847- message sent - topic:mqtt-roundtrip-qos2-10MByte-1000-cycles - qos:2 - id:000151
2018-05-17_21:27:51:853- message sent - topic:mqtt-roundtrip-qos2-10MByte-1000-cycles - qos:2 - id:000152
2018-05-17_21:27:51:858- message sent - topic:mqtt-roundtrip-qos2-10MByte-1000-cycles - qos:2 - id:000153
2018-05-17_21:27:51:864- message sent - topic:mqtt-roundtrip-qos2-10MByte-1000-cycles - qos:2 - id:000154
2018-05-17_21:27:51:870- message sent - topic:mqtt-roundtrip-qos2-10MByte-1000-cycles - qos:2 - id:000155
2018-05-17_21:27:51:880- message sent - topic:mqtt-roundtrip-qos2-10MByte-1000-cycles - qos:2 - id:000156
2018-05-17_21:27:51:886- message sent - topic:mqtt-roundtrip-qos2-10MByte-1000-cycles - qos:2 - id:000157
2018-05-17_21:27:51:891- message sent - topic:mqtt-roundtrip-qos2-10MByte-1000-cycles - qos:2 - id:000158
2018-05-17_21:27:51:897- message sent - topic:mqtt-roundtrip-qos2-10MByte-1000-cycles - qos:2 - id:000159
2018-05-17_21:27:51:903- message sent - topic:mqtt-roundtrip-qos2-10MByte-1000-cycles - qos:2 - id:000160
2018-05-17_21:27:51:909- message sent - topic:mqtt-roundtrip-qos2-10MByte-1000-cycles - qos:2 - id:000161
2018-05-17_21:27:51:918- message sent - topic:mqtt-roundtrip-qos2-10MByte-1000-cycles - qos:2 - id:000162
2018-05-17_21:27:51:924- message sent - topic:mqtt-roundtrip-qos2-10MByte-1000-cycles - qos:2 - id:000163
2018-05-17_21:27:51:930- message sent - topic:mqtt-roundtrip-qos2-10MByte-1000-cycles - qos:2 - id:000164
2018-05-17_21:27:51:936- message sent - topic:mqtt-roundtrip-qos2-10MByte-1000-cycles - qos:2 - id:000165
2018-05-17_21:27:51:942- message sent - topic:mqtt-roundtrip-qos2-10MByte-1000-cycles - qos:2 - id:000166
2018-05-17_21:27:51:948- message sent - topic:mqtt-roundtrip-qos2-10MByte-1000-cycles - qos:2 - id:000167
2018-05-17_21:27:51:957- message sent - topic:mqtt-roundtrip-qos2-10MByte-1000-cycles - qos:2 - id:000168
2018-05-17_21:27:51:963- message sent - topic:mqtt-roundtrip-qos2-10MByte-1000-cycles - qos:2 - id:000169
2018-05-17_21:27:51:969- message sent - topic:mqtt-roundtrip-qos2-10MByte-1000-cycles - qos:2 - id:000170
2018-05-17_21:27:51:975- message sent - topic:mqtt-roundtrip-qos2-10MByte-1000-cycles - qos:2 - id:000171
2018-05-17_21:27:51:980- message sent - topic:mqtt-roundtrip-qos2-10MByte-1000-cycles - qos:2 - id:000172
2018-05-17_21:27:51:986- message sent - topic:mqtt-roundtrip-qos2-10MByte-1000-cycles - qos:2 - id:000173
2018-05-17_21:27:51:995- message sent - topic:mqtt-roundtrip-qos2-10MByte-1000-cycles - qos:2 - id:000174
2018-05-17_21:27:52:001- message sent - topic:mqtt-roundtrip-qos2-10MByte-1000-cycles - qos:2 - id:000175
2018-05-17_21:27:52:007- message sent - topic:mqtt-roundtrip-qos2-10MByte-1000-cycles - qos:2 - id:000176
2018-05-17_21:27:52:013- message sent - topic:mqtt-roundtrip-qos2-10MByte-1000-cycles - qos:2 - id:000177
2018-05-17_21:27:52:019- message sent - topic:mqtt-roundtrip-qos2-10MByte-1000-cycles - qos:2 - id:000178
2018-05-17_21:27:52:024- message sent - topic:mqtt-roundtrip-qos2-10MByte-1000-cycles - qos:2 - id:000179
2018-05-17_21:27:52:033- message sent - topic:mqtt-roundtrip-qos2-10MByte-1000-cycles - qos:2 - id:000180
2018-05-17_21:27:52:039- message sent - topic:mqtt-roundtrip-qos2-10MByte-1000-cycles - qos:2 - id:000181
2018-05-17_21:27:52:044- message sent - topic:mqtt-roundtrip-qos2-10MByte-1000-cycles - qos:2 - id:000182
2018-05-17_21:27:52:050- message sent - topic:mqtt-roundtrip-qos2-10MByte-1000-cycles - qos:2 - id:000183
2018-05-17_21:27:52:055- message sent - topic:mqtt-roundtrip-qos2-10MByte-1000-cycles - qos:2 - id:000184
2018-05-17_21:27:52:061- message sent - topic:mqtt-roundtrip-qos2-10MByte-1000-cycles - qos:2 - id:000185
2018-05-17_21:27:52:067- message sent - topic:mqtt-roundtrip-qos2-10MByte-1000-cycles - qos:2 - id:000186
2018-05-17_21:27:52:074- message sent - topic:mqtt-roundtrip-qos2-10MByte-1000-cycles - qos:2 - id:000187
2018-05-17_21:27:52:083- message sent - topic:mqtt-roundtrip-qos2-10MByte-1000-cycles - qos:2 - id:000188
2018-05-17_21:27:52:094- message sent - topic:mqtt-roundtrip-qos2-10MByte-1000-cycles - qos:2 - id:000189
2018-05-17_21:27:52:100- message sent - topic:mqtt-roundtrip-qos2-10MByte-1000-cycles - qos:2 - id:000190
2018-05-17_21:27:52:106- message sent - topic:mqtt-roundtrip-qos2-10MByte-1000-cycles - qos:2 - id:000191
2018-05-17_21:27:52:114- message sent - topic:mqtt-roundtrip-qos2-10MByte-1000-cycles - qos:2 - id:000192
2018-05-17_21:27:52:120- message sent - topic:mqtt-roundtrip-qos2-10MByte-1000-cycles - qos:2 - id:000193
2018-05-17_21:27:52:126- message sent - topic:mqtt-roundtrip-qos2-10MByte-1000-cycles - qos:2 - id:000194
2018-05-17_21:27:52:132- message sent - topic:mqtt-roundtrip-qos2-10MByte-1000-cycles - qos:2 - id:000195
2018-05-17_21:27:52:138- message sent - topic:mqtt-roundtrip-qos2-10MByte-1000-cycles - qos:2 - id:000196
2018-05-17_21:27:52:144- message sent - topic:mqtt-roundtrip-qos2-10MByte-1000-cycles - qos:2 - id:000197
2018-05-17_21:27:52:151- message sent - topic:mqtt-roundtrip-qos2-10MByte-1000-cycles - qos:2 - id:000198
2018-05-17_21:27:52:157- message sent - topic:mqtt-roundtrip-qos2-10MByte-1000-cycles - qos:2 - id:000199
2018-05-17_21:27:52:163- message sent - topic:mqtt-roundtrip-qos2-10MByte-1000-cycles - qos:2 - id:000200
2018-05-17_21:27:52:169- message sent - topic:mqtt-roundtrip-qos2-10MByte-1000-cycles - qos:2 - id:000201
2018-05-17_21:27:52:175- message sent - topic:mqtt-roundtrip-qos2-10MByte-1000-cycles - qos:2 - id:000202
2018-05-17_21:27:52:181- message sent - topic:mqtt-roundtrip-qos2-10MByte-1000-cycles - qos:2 - id:000203
2018-05-17_21:27:52:188- message sent - topic:mqtt-roundtrip-qos2-10MByte-1000-cycles - qos:2 - id:000204
2018-05-17_21:27:52:194- message sent - topic:mqtt-roundtrip-qos2-10MByte-1000-cycles - qos:2 - id:000205
2018-05-17_21:27:52:200- message sent - topic:mqtt-roundtrip-qos2-10MByte-1000-cycles - qos:2 - id:000206
2018-05-17_21:27:52:206- message sent - topic:mqtt-roundtrip-qos2-10MByte-1000-cycles - qos:2 - id:000207
2018-05-17_21:27:52:212- message sent - topic:mqtt-roundtrip-qos2-10MByte-1000-cycles - qos:2 - id:000208
2018-05-17_21:27:52:219- message sent - topic:mqtt-roundtrip-qos2-10MByte-1000-cycles - qos:2 - id:000209
2018-05-17_21:27:52:225- message sent - topic:mqtt-roundtrip-qos2-10MByte-1000-cycles - qos:2 - id:000210
2018-05-17_21:27:52:231- message sent - topic:mqtt-roundtrip-qos2-10MByte-1000-cycles - qos:2 - id:000211
2018-05-17_21:27:52:236- message sent - topic:mqtt-roundtrip-qos2-10MByte-1000-cycles - qos:2 - id:000212
2018-05-17_21:27:52:242- message sent - topic:mqtt-roundtrip-qos2-10MByte-1000-cycles - qos:2 - id:000213
2018-05-17_21:27:52:248- message sent - topic:mqtt-roundtrip-qos2-10MByte-1000-cycles - qos:2 - id:000214
2018-05-17_21:27:52:255- message sent - topic:mqtt-roundtrip-qos2-10MByte-1000-cycles - qos:2 - id:000215
2018-05-17_21:27:52:261- message sent - topic:mqtt-roundtrip-qos2-10MByte-1000-cycles - qos:2 - id:000216
2018-05-17_21:27:52:267- message sent - topic:mqtt-roundtrip-qos2-10MByte-1000-cycles - qos:2 - id:000217
2018-05-17_21:27:52:272- message sent - topic:mqtt-roundtrip-qos2-10MByte-1000-cycles - qos:2 - id:000218
2018-05-17_21:27:52:278- message sent - topic:mqtt-roundtrip-qos2-10MByte-1000-cycles - qos:2 - id:000219
2018-05-17_21:27:52:284- message sent - topic:mqtt-roundtrip-qos2-10MByte-1000-cycles - qos:2 - id:000220
2018-05-17_21:27:52:297- message sent - topic:mqtt-roundtrip-qos2-10MByte-1000-cycles - qos:2 - id:000221
2018-05-17_21:27:52:303- message sent - topic:mqtt-roundtrip-qos2-10MByte-1000-cycles - qos:2 - id:000222
2018-05-17_21:27:52:309- message sent - topic:mqtt-roundtrip-qos2-10MByte-1000-cycles - qos:2 - id:000223
2018-05-17_21:27:52:314- message sent - topic:mqtt-roundtrip-qos2-10MByte-1000-cycles - qos:2 - id:000224
2018-05-17_21:27:52:320- message sent - topic:mqtt-roundtrip-qos2-10MByte-1000-cycles - qos:2 - id:000225
2018-05-17_21:27:52:326- message sent - topic:mqtt-roundtrip-qos2-10MByte-1000-cycles - qos:2 - id:000226
2018-05-17_21:27:52:331- message sent - topic:mqtt-roundtrip-qos2-10MByte-1000-cycles - qos:2 - id:000227
2018-05-17_21:27:52:347- message sent - topic:mqtt-roundtrip-qos2-10MByte-1000-cycles - qos:2 - id:000228
2018-05-17_21:27:52:355- message sent - topic:mqtt-roundtrip-qos2-10MByte-1000-cycles - qos:2 - id:000229
2018-05-17_21:27:52:368- message sent - topic:mqtt-roundtrip-qos2-10MByte-1000-cycles - qos:2 - id:000230
2018-05-17_21:27:52:374- message sent - topic:mqtt-roundtrip-qos2-10MByte-1000-cycles - qos:2 - id:000231
2018-05-17_21:27:52:380- message sent - topic:mqtt-roundtrip-qos2-10MByte-1000-cycles - qos:2 - id:000232
2018-05-17_21:27:52:385- message sent - topic:mqtt-roundtrip-qos2-10MByte-1000-cycles - qos:2 - id:000233
2018-05-17_21:27:52:391- message sent - topic:mqtt-roundtrip-qos2-10MByte-1000-cycles - qos:2 - id:000234
2018-05-17_21:27:52:396- message sent - topic:mqtt-roundtrip-qos2-10MByte-1000-cycles - qos:2 - id:000235
2018-05-17_21:27:52:402- message sent - topic:mqtt-roundtrip-qos2-10MByte-1000-cycles - qos:2 - id:000236
2018-05-17_21:27:52:408- message sent - topic:mqtt-roundtrip-qos2-10MByte-1000-cycles - qos:2 - id:000237
2018-05-17_21:27:52:413- message sent - topic:mqtt-roundtrip-qos2-10MByte-1000-cycles - qos:2 - id:000238
2018-05-17_21:27:52:428- message sent - topic:mqtt-roundtrip-qos2-10MByte-1000-cycles - qos:2 - id:000239
2018-05-17_21:27:52:437- message sent - topic:mqtt-roundtrip-qos2-10MByte-1000-cycles - qos:2 - id:000240
2018-05-17_21:27:52:448- message sent - topic:mqtt-roundtrip-qos2-10MByte-1000-cycles - qos:2 - id:000241
2018-05-17_21:27:52:453- message sent - topic:mqtt-roundtrip-qos2-10MByte-1000-cycles - qos:2 - id:000242
2018-05-17_21:27:52:459- message sent - topic:mqtt-roundtrip-qos2-10MByte-1000-cycles - qos:2 - id:000243
2018-05-17_21:27:52:464- message sent - topic:mqtt-roundtrip-qos2-10MByte-1000-cycles - qos:2 - id:000244
2018-05-17_21:27:52:470- message sent - topic:mqtt-roundtrip-qos2-10MByte-1000-cycles - qos:2 - id:000245
2018-05-17_21:27:52:476- message sent - topic:mqtt-roundtrip-qos2-10MByte-1000-cycles - qos:2 - id:000246
2018-05-17_21:27:52:484- message sent - topic:mqtt-roundtrip-qos2-10MByte-1000-cycles - qos:2 - id:000247
2018-05-17_21:27:52:498- message sent - topic:mqtt-roundtrip-qos2-10MByte-1000-cycles - qos:2 - id:000248
2018-05-17_21:27:52:503- message sent - topic:mqtt-roundtrip-qos2-10MByte-1000-cycles - qos:2 - id:000249
2018-05-17_21:27:52:509- message sent - topic:mqtt-roundtrip-qos2-10MByte-1000-cycles - qos:2 - id:000250
2018-05-17_21:27:52:515- message sent - topic:mqtt-roundtrip-qos2-10MByte-1000-cycles - qos:2 - id:000251
2018-05-17_21:27:52:520- message sent - topic:mqtt-roundtrip-qos2-10MByte-1000-cycles - qos:2 - id:000252
2018-05-17_21:27:52:526- message sent - topic:mqtt-roundtrip-qos2-10MByte-1000-cycles - qos:2 - id:000253
2018-05-17_21:27:52:534- message sent - topic:mqtt-roundtrip-qos2-10MByte-1000-cycles - qos:2 - id:000254
2018-05-17_21:27:52:542- message sent - topic:mqtt-roundtrip-qos2-10MByte-1000-cycles - qos:2 - id:000255
2018-05-17_21:27:52:552- message sent - topic:mqtt-roundtrip-qos2-10MByte-1000-cycles - qos:2 - id:000256
2018-05-17_21:27:52:558- message sent - topic:mqtt-roundtrip-qos2-10MByte-1000-cycles - qos:2 - id:000257
2018-05-17_21:27:52:564- message sent - topic:mqtt-roundtrip-qos2-10MByte-1000-cycles - qos:2 - id:000258
2018-05-17_21:27:52:569- message sent - topic:mqtt-roundtrip-qos2-10MByte-1000-cycles - qos:2 - id:000259
2018-05-17_21:27:52:575- message sent - topic:mqtt-roundtrip-qos2-10MByte-1000-cycles - qos:2 - id:000260
2018-05-17_21:27:52:581- message sent - topic:mqtt-roundtrip-qos2-10MByte-1000-cycles - qos:2 - id:000261
2018-05-17_21:27:52:592- message sent - topic:mqtt-roundtrip-qos2-10MByte-1000-cycles - qos:2 - id:000262
2018-05-17_21:27:52:598- message sent - topic:mqtt-roundtrip-qos2-10MByte-1000-cycles - qos:2 - id:000263
2018-05-17_21:27:52:604- message sent - topic:mqtt-roundtrip-qos2-10MByte-1000-cycles - qos:2 - id:000264
2018-05-17_21:27:52:610- message sent - topic:mqtt-roundtrip-qos2-10MByte-1000-cycles - qos:2 - id:000265
2018-05-17_21:27:52:616- message sent - topic:mqtt-roundtrip-qos2-10MByte-1000-cycles - qos:2 - id:000266
2018-05-17_21:27:52:629- message sent - topic:mqtt-roundtrip-qos2-10MByte-1000-cycles - qos:2 - id:000267
2018-05-17_21:27:52:635- message sent - topic:mqtt-roundtrip-qos2-10MByte-1000-cycles - qos:2 - id:000268
2018-05-17_21:27:52:641- message sent - topic:mqtt-roundtrip-qos2-10MByte-1000-cycles - qos:2 - id:000269
2018-05-17_21:27:52:647- message sent - topic:mqtt-roundtrip-qos2-10MByte-1000-cycles - qos:2 - id:000270
2018-05-17_21:27:52:653- message sent - topic:mqtt-roundtrip-qos2-10MByte-1000-cycles - qos:2 - id:000271
2018-05-17_21:27:52:660- message sent - topic:mqtt-roundtrip-qos2-10MByte-1000-cycles - qos:2 - id:000272
2018-05-17_21:27:52:674- message sent - topic:mqtt-roundtrip-qos2-10MByte-1000-cycles - qos:2 - id:000273
2018-05-17_21:27:52:680- message sent - topic:mqtt-roundtrip-qos2-10MByte-1000-cycles - qos:2 - id:000274
2018-05-17_21:27:52:686- message sent - topic:mqtt-roundtrip-qos2-10MByte-1000-cycles - qos:2 - id:000275
2018-05-17_21:27:52:692- message sent - topic:mqtt-roundtrip-qos2-10MByte-1000-cycles - qos:2 - id:000276
2018-05-17_21:27:52:697- message sent - topic:mqtt-roundtrip-qos2-10MByte-1000-cycles - qos:2 - id:000277
2018-05-17_21:27:52:703- message sent - topic:mqtt-roundtrip-qos2-10MByte-1000-cycles - qos:2 - id:000278
2018-05-17_21:27:52:711- message sent - topic:mqtt-roundtrip-qos2-10MByte-1000-cycles - qos:2 - id:000279
2018-05-17_21:27:52:719- message sent - topic:mqtt-roundtrip-qos2-10MByte-1000-cycles - qos:2 - id:000280
2018-05-17_21:27:52:725- message sent - topic:mqtt-roundtrip-qos2-10MByte-1000-cycles - qos:2 - id:000281
2018-05-17_21:27:52:731- message sent - topic:mqtt-roundtrip-qos2-10MByte-1000-cycles - qos:2 - id:000282
2018-05-17_21:27:52:737- message sent - topic:mqtt-roundtrip-qos2-10MByte-1000-cycles - qos:2 - id:000283
2018-05-17_21:27:52:743- message sent - topic:mqtt-roundtrip-qos2-10MByte-1000-cycles - qos:2 - id:000284
2018-05-17_21:27:52:749- message sent - topic:mqtt-roundtrip-qos2-10MByte-1000-cycles - qos:2 - id:000285
2018-05-17_21:27:52:757- message sent - topic:mqtt-roundtrip-qos2-10MByte-1000-cycles - qos:2 - id:000286
2018-05-17_21:27:52:764- message sent - topic:mqtt-roundtrip-qos2-10MByte-1000-cycles - qos:2 - id:000287
2018-05-17_21:27:52:779- message sent - topic:mqtt-roundtrip-qos2-10MByte-1000-cycles - qos:2 - id:000288
2018-05-17_21:27:52:787- message sent - topic:mqtt-roundtrip-qos2-10MByte-1000-cycles - qos:2 - id:000289
2018-05-17_21:27:52:796- message sent - topic:mqtt-roundtrip-qos2-10MByte-1000-cycles - qos:2 - id:000290
2018-05-17_21:27:52:808- message sent - topic:mqtt-roundtrip-qos2-10MByte-1000-cycles - qos:2 - id:000291
2018-05-17_21:27:52:822- message sent - topic:mqtt-roundtrip-qos2-10MByte-1000-cycles - qos:2 - id:000292
2018-05-17_21:27:52:828- message sent - topic:mqtt-roundtrip-qos2-10MByte-1000-cycles - qos:2 - id:000293
2018-05-17_21:27:52:839- message sent - topic:mqtt-roundtrip-qos2-10MByte-1000-cycles - qos:2 - id:000294
2018-05-17_21:27:52:853- message sent - topic:mqtt-roundtrip-qos2-10MByte-1000-cycles - qos:2 - id:000295
2018-05-17_21:27:52:866- message sent - topic:mqtt-roundtrip-qos2-10MByte-1000-cycles - qos:2 - id:000296
2018-05-17_21:27:52:874- message sent - topic:mqtt-roundtrip-qos2-10MByte-1000-cycles - qos:2 - id:000297
2018-05-17_21:27:52:881- message sent - topic:mqtt-roundtrip-qos2-10MByte-1000-cycles - qos:2 - id:000298
2018-05-17_21:27:52:891- message sent - topic:mqtt-roundtrip-qos2-10MByte-1000-cycles - qos:2 - id:000299
2018-05-17_21:27:52:908- message sent - topic:mqtt-roundtrip-qos2-10MByte-1000-cycles - qos:2 - id:000300
2018-05-17_21:27:52:952- message sent - topic:mqtt-roundtrip-qos2-10MByte-1000-cycles - qos:2 - id:000301
2018-05-17_21:27:52:997- message sent - topic:mqtt-roundtrip-qos2-10MByte-1000-cycles - qos:2 - id:000302
2018-05-17_21:27:53:087- message sent - topic:mqtt-roundtrip-qos2-10MByte-1000-cycles - qos:2 - id:000303
2018-05-17_21:27:53:318- message sent - topic:mqtt-roundtrip-qos2-10MByte-1000-cycles - qos:2 - id:000304
2018-05-17_21:27:53:481- message sent - topic:mqtt-roundtrip-qos2-10MByte-1000-cycles - qos:2 - id:000305
2018-05-17_21:27:53:488- message sent - topic:mqtt-roundtrip-qos2-10MByte-1000-cycles - qos:2 - id:000306
2018-05-17_21:27:53:496- message sent - topic:mqtt-roundtrip-qos2-10MByte-1000-cycles - qos:2 - id:000307
2018-05-17_21:27:53:503- message sent - topic:mqtt-roundtrip-qos2-10MByte-1000-cycles - qos:2 - id:000308
2018-05-17_21:27:53:509- message sent - topic:mqtt-roundtrip-qos2-10MByte-1000-cycles - qos:2 - id:000309
2018-05-17_21:27:53:515- message sent - topic:mqtt-roundtrip-qos2-10MByte-1000-cycles - qos:2 - id:000310
2018-05-17_21:27:53:523- message sent - topic:mqtt-roundtrip-qos2-10MByte-1000-cycles - qos:2 - id:000311
2018-05-17_21:27:54:140- message sent - topic:mqtt-roundtrip-qos2-10MByte-1000-cycles - qos:2 - id:000312
2018-05-17_21:27:54:212- message sent - topic:mqtt-roundtrip-qos2-10MByte-1000-cycles - qos:2 - id:000313
2018-05-17_21:27:54:225- message sent - topic:mqtt-roundtrip-qos2-10MByte-1000-cycles - qos:2 - id:000314
2018-05-17_21:27:54:242- message sent - topic:mqtt-roundtrip-qos2-10MByte-1000-cycles - qos:2 - id:000315
2018-05-17_21:27:54:252- message sent - topic:mqtt-roundtrip-qos2-10MByte-1000-cycles - qos:2 - id:000316
2018-05-17_21:27:54:259- message sent - topic:mqtt-roundtrip-qos2-10MByte-1000-cycles - qos:2 - id:000317
2018-05-17_21:27:54:266- message sent - topic:mqtt-roundtrip-qos2-10MByte-1000-cycles - qos:2 - id:000318
2018-05-17_21:27:54:286- message sent - topic:mqtt-roundtrip-qos2-10MByte-1000-cycles - qos:2 - id:000319
2018-05-17_21:27:54:302- message sent - topic:mqtt-roundtrip-qos2-10MByte-1000-cycles - qos:2 - id:000320
2018-05-17_21:27:54:325- message sent - topic:mqtt-roundtrip-qos2-10MByte-1000-cycles - qos:2 - id:000321
2018-05-17_21:27:54:331- message sent - topic:mqtt-roundtrip-qos2-10MByte-1000-cycles - qos:2 - id:000322
2018-05-17_21:27:54:342- message sent - topic:mqtt-roundtrip-qos2-10MByte-1000-cycles - qos:2 - id:000323
2018-05-17_21:27:54:352- message sent - topic:mqtt-roundtrip-qos2-10MByte-1000-cycles - qos:2 - id:000324
2018-05-17_21:27:54:359- message sent - topic:mqtt-roundtrip-qos2-10MByte-1000-cycles - qos:2 - id:000325
2018-05-17_21:27:54:376- message sent - topic:mqtt-roundtrip-qos2-10MByte-1000-cycles - qos:2 - id:000326
2018-05-17_21:27:54:399- message sent - topic:mqtt-roundtrip-qos2-10MByte-1000-cycles - qos:2 - id:000327
2018-05-17_21:27:54:456- message sent - topic:mqtt-roundtrip-qos2-10MByte-1000-cycles - qos:2 - id:000328
2018-05-17_21:27:54:490- message sent - topic:mqtt-roundtrip-qos2-10MByte-1000-cycles - qos:2 - id:000329
2018-05-17_21:27:54:541- message sent - topic:mqtt-roundtrip-qos2-10MByte-1000-cycles - qos:2 - id:000330
2018-05-17_21:27:54:585- message sent - topic:mqtt-roundtrip-qos2-10MByte-1000-cycles - qos:2 - id:000331
2018-05-17_21:27:54:672- message sent - topic:mqtt-roundtrip-qos2-10MByte-1000-cycles - qos:2 - id:000332
2018-05-17_21:27:54:751- message sent - topic:mqtt-roundtrip-qos2-10MByte-1000-cycles - qos:2 - id:000333
2018-05-17_21:27:54:812- message sent - topic:mqtt-roundtrip-qos2-10MByte-1000-cycles - qos:2 - id:000334
2018-05-17_21:27:54:944- message sent - topic:mqtt-roundtrip-qos2-10MByte-1000-cycles - qos:2 - id:000335
2018-05-17_21:27:54:962- message sent - topic:mqtt-roundtrip-qos2-10MByte-1000-cycles - qos:2 - id:000336
2018-05-17_21:27:54:976- message sent - topic:mqtt-roundtrip-qos2-10MByte-1000-cycles - qos:2 - id:000337
2018-05-17_21:27:54:995- message sent - topic:mqtt-roundtrip-qos2-10MByte-1000-cycles - qos:2 - id:000338
2018-05-17_21:27:55:013- message sent - topic:mqtt-roundtrip-qos2-10MByte-1000-cycles - qos:2 - id:000339
2018-05-17_21:27:55:042- message sent - topic:mqtt-roundtrip-qos2-10MByte-1000-cycles - qos:2 - id:000340
2018-05-17_21:27:57:067- message sent - topic:mqtt-roundtrip-qos2-10MByte-1000-cycles - qos:2 - id:000341
2018-05-17_21:27:57:070- message sent - topic:mqtt-roundtrip-qos2-10MByte-1000-cycles - qos:2 - id:000342
2018-05-17_21:27:57:078- message sent - topic:mqtt-roundtrip-qos2-10MByte-1000-cycles - qos:2 - id:000343
2018-05-17_21:27:57:105- message sent - topic:mqtt-roundtrip-qos2-10MByte-1000-cycles - qos:2 - id:000344
2018-05-17_21:27:57:120- message sent - topic:mqtt-roundtrip-qos2-10MByte-1000-cycles - qos:2 - id:000345
2018-05-17_21:27:57:127- message sent - topic:mqtt-roundtrip-qos2-10MByte-1000-cycles - qos:2 - id:000346
2018-05-17_21:27:57:145- message sent - topic:mqtt-roundtrip-qos2-10MByte-1000-cycles - qos:2 - id:000347
2018-05-17_21:27:57:165- message sent - topic:mqtt-roundtrip-qos2-10MByte-1000-cycles - qos:2 - id:000348
2018-05-17_21:27:57:172- message sent - topic:mqtt-roundtrip-qos2-10MByte-1000-cycles - qos:2 - id:000349
2018-05-17_21:27:57:185- message sent - topic:mqtt-roundtrip-qos2-10MByte-1000-cycles - qos:2 - id:000350
2018-05-17_21:27:57:193- message sent - topic:mqtt-roundtrip-qos2-10MByte-1000-cycles - qos:2 - id:000351
2018-05-17_21:27:57:200- message sent - topic:mqtt-roundtrip-qos2-10MByte-1000-cycles - qos:2 - id:000352
2018-05-17_21:27:57:207- message sent - topic:mqtt-roundtrip-qos2-10MByte-1000-cycles - qos:2 - id:000353
2018-05-17_21:27:57:215- message sent - topic:mqtt-roundtrip-qos2-10MByte-1000-cycles - qos:2 - id:000354
2018-05-17_21:27:57:230- message sent - topic:mqtt-roundtrip-qos2-10MByte-1000-cycles - qos:2 - id:000355
2018-05-17_21:27:57:237- message sent - topic:mqtt-roundtrip-qos2-10MByte-1000-cycles - qos:2 - id:000356
2018-05-17_21:27:57:243- message sent - topic:mqtt-roundtrip-qos2-10MByte-1000-cycles - qos:2 - id:000357
2018-05-17_21:27:57:249- message sent - topic:mqtt-roundtrip-qos2-10MByte-1000-cycles - qos:2 - id:000358
2018-05-17_21:27:57:258- message sent - topic:mqtt-roundtrip-qos2-10MByte-1000-cycles - qos:2 - id:000359
2018-05-17_21:27:57:270- message sent - topic:mqtt-roundtrip-qos2-10MByte-1000-cycles - qos:2 - id:000360
2018-05-17_21:27:57:276- message sent - topic:mqtt-roundtrip-qos2-10MByte-1000-cycles - qos:2 - id:000361
2018-05-17_21:27:57:282- message sent - topic:mqtt-roundtrip-qos2-10MByte-1000-cycles - qos:2 - id:000362
2018-05-17_21:27:57:288- message sent - topic:mqtt-roundtrip-qos2-10MByte-1000-cycles - qos:2 - id:000363
2018-05-17_21:27:57:298- message sent - topic:mqtt-roundtrip-qos2-10MByte-1000-cycles - qos:2 - id:000364
2018-05-17_21:27:57:312- message sent - topic:mqtt-roundtrip-qos2-10MByte-1000-cycles - qos:2 - id:000365
2018-05-17_21:27:57:317- message sent - topic:mqtt-roundtrip-qos2-10MByte-1000-cycles - qos:2 - id:000366
2018-05-17_21:27:57:323- message sent - topic:mqtt-roundtrip-qos2-10MByte-1000-cycles - qos:2 - id:000367
2018-05-17_21:27:57:329- message sent - topic:mqtt-roundtrip-qos2-10MByte-1000-cycles - qos:2 - id:000368
2018-05-17_21:27:57:335- message sent - topic:mqtt-roundtrip-qos2-10MByte-1000-cycles - qos:2 - id:000369
2018-05-17_21:27:57:341- message sent - topic:mqtt-roundtrip-qos2-10MByte-1000-cycles - qos:2 - id:000370
2018-05-17_21:27:57:362- message sent - topic:mqtt-roundtrip-qos2-10MByte-1000-cycles - qos:2 - id:000371
2018-05-17_21:27:57:368- message sent - topic:mqtt-roundtrip-qos2-10MByte-1000-cycles - qos:2 - id:000372
2018-05-17_21:27:57:374- message sent - topic:mqtt-roundtrip-qos2-10MByte-1000-cycles - qos:2 - id:000373
2018-05-17_21:27:57:381- message sent - topic:mqtt-roundtrip-qos2-10MByte-1000-cycles - qos:2 - id:000374
2018-05-17_21:27:57:387- message sent - topic:mqtt-roundtrip-qos2-10MByte-1000-cycles - qos:2 - id:000375
2018-05-17_21:27:57:393- message sent - topic:mqtt-roundtrip-qos2-10MByte-1000-cycles - qos:2 - id:000376
2018-05-17_21:27:57:405- message sent - topic:mqtt-roundtrip-qos2-10MByte-1000-cycles - qos:2 - id:000377
2018-05-17_21:27:57:410- message sent - topic:mqtt-roundtrip-qos2-10MByte-1000-cycles - qos:2 - id:000378
2018-05-17_21:27:57:416- message sent - topic:mqtt-roundtrip-qos2-10MByte-1000-cycles - qos:2 - id:000379
2018-05-17_21:27:57:423- message sent - topic:mqtt-roundtrip-qos2-10MByte-1000-cycles - qos:2 - id:000380
2018-05-17_21:27:57:430- message sent - topic:mqtt-roundtrip-qos2-10MByte-1000-cycles - qos:2 - id:000381
2018-05-17_21:27:57:437- message sent - topic:mqtt-roundtrip-qos2-10MByte-1000-cycles - qos:2 - id:000382
2018-05-17_21:27:57:450- message sent - topic:mqtt-roundtrip-qos2-10MByte-1000-cycles - qos:2 - id:000383
2018-05-17_21:27:57:473- message sent - topic:mqtt-roundtrip-qos2-10MByte-1000-cycles - qos:2 - id:000384
2018-05-17_21:27:57:479- message sent - topic:mqtt-roundtrip-qos2-10MByte-1000-cycles - qos:2 - id:000385
2018-05-17_21:27:57:489- message sent - topic:mqtt-roundtrip-qos2-10MByte-1000-cycles - qos:2 - id:000386
2018-05-17_21:27:57:494- message sent - topic:mqtt-roundtrip-qos2-10MByte-1000-cycles - qos:2 - id:000387
2018-05-17_21:27:57:509- message sent - topic:mqtt-roundtrip-qos2-10MByte-1000-cycles - qos:2 - id:000388
2018-05-17_21:27:57:545- message sent - topic:mqtt-roundtrip-qos2-10MByte-1000-cycles - qos:2 - id:000389
2018-05-17_21:27:57:619- message sent - topic:mqtt-roundtrip-qos2-10MByte-1000-cycles - qos:2 - id:000390
2018-05-17_21:27:57:674- message sent - topic:mqtt-roundtrip-qos2-10MByte-1000-cycles - qos:2 - id:000391
2018-05-17_21:27:57:694- message sent - topic:mqtt-roundtrip-qos2-10MByte-1000-cycles - qos:2 - id:000392
2018-05-17_21:27:57:763- message sent - topic:mqtt-roundtrip-qos2-10MByte-1000-cycles - qos:2 - id:000393
2018-05-17_21:27:57:866- message sent - topic:mqtt-roundtrip-qos2-10MByte-1000-cycles - qos:2 - id:000394
2018-05-17_21:27:57:943- message sent - topic:mqtt-roundtrip-qos2-10MByte-1000-cycles - qos:2 - id:000395
2018-05-17_21:27:58:687- message sent - topic:mqtt-roundtrip-qos2-10MByte-1000-cycles - qos:2 - id:000396
2018-05-17_21:27:58:693- message sent - topic:mqtt-roundtrip-qos2-10MByte-1000-cycles - qos:2 - id:000397
2018-05-17_21:27:58:698- message sent - topic:mqtt-roundtrip-qos2-10MByte-1000-cycles - qos:2 - id:000398
2018-05-17_21:27:58:704- message sent - topic:mqtt-roundtrip-qos2-10MByte-1000-cycles - qos:2 - id:000399
2018-05-17_21:27:58:713- message sent - topic:mqtt-roundtrip-qos2-10MByte-1000-cycles - qos:2 - id:000400
2018-05-17_21:27:58:722- message sent - topic:mqtt-roundtrip-qos2-10MByte-1000-cycles - qos:2 - id:000401
2018-05-17_21:27:58:734- message sent - topic:mqtt-roundtrip-qos2-10MByte-1000-cycles - qos:2 - id:000402
2018-05-17_21:27:58:742- message sent - topic:mqtt-roundtrip-qos2-10MByte-1000-cycles - qos:2 - id:000403
2018-05-17_21:27:58:748- message sent - topic:mqtt-roundtrip-qos2-10MByte-1000-cycles - qos:2 - id:000404
2018-05-17_21:27:58:753- message sent - topic:mqtt-roundtrip-qos2-10MByte-1000-cycles - qos:2 - id:000405
2018-05-17_21:27:58:759- message sent - topic:mqtt-roundtrip-qos2-10MByte-1000-cycles - qos:2 - id:000406
2018-05-17_21:27:58:765- message sent - topic:mqtt-roundtrip-qos2-10MByte-1000-cycles - qos:2 - id:000407
2018-05-17_21:27:58:770- message sent - topic:mqtt-roundtrip-qos2-10MByte-1000-cycles - qos:2 - id:000408
2018-05-17_21:27:58:779- message sent - topic:mqtt-roundtrip-qos2-10MByte-1000-cycles - qos:2 - id:000409
2018-05-17_21:27:58:787- message sent - topic:mqtt-roundtrip-qos2-10MByte-1000-cycles - qos:2 - id:000410
2018-05-17_21:27:58:796- message sent - topic:mqtt-roundtrip-qos2-10MByte-1000-cycles - qos:2 - id:000411
2018-05-17_21:27:58:802- message sent - topic:mqtt-roundtrip-qos2-10MByte-1000-cycles - qos:2 - id:000412
2018-05-17_21:27:58:808- message sent - topic:mqtt-roundtrip-qos2-10MByte-1000-cycles - qos:2 - id:000413
2018-05-17_21:27:58:813- message sent - topic:mqtt-roundtrip-qos2-10MByte-1000-cycles - qos:2 - id:000414
2018-05-17_21:27:58:819- message sent - topic:mqtt-roundtrip-qos2-10MByte-1000-cycles - qos:2 - id:000415
2018-05-17_21:27:58:888- message sent - topic:mqtt-roundtrip-qos2-10MByte-1000-cycles - qos:2 - id:000416
2018-05-17_21:27:58:901- message sent - topic:mqtt-roundtrip-qos2-10MByte-1000-cycles - qos:2 - id:000417
2018-05-17_21:27:58:918- message sent - topic:mqtt-roundtrip-qos2-10MByte-1000-cycles - qos:2 - id:000418
2018-05-17_21:27:58:947- message sent - topic:mqtt-roundtrip-qos2-10MByte-1000-cycles - qos:2 - id:000419
2018-05-17_21:27:59:074- message sent - topic:mqtt-roundtrip-qos2-10MByte-1000-cycles - qos:2 - id:000420
2018-05-17_21:27:59:133- message sent - topic:mqtt-roundtrip-qos2-10MByte-1000-cycles - qos:2 - id:000421
2018-05-17_21:27:59:217- message sent - topic:mqtt-roundtrip-qos2-10MByte-1000-cycles - qos:2 - id:000422
2018-05-17_21:27:59:225- message sent - topic:mqtt-roundtrip-qos2-10MByte-1000-cycles - qos:2 - id:000423
2018-05-17_21:27:59:233- message sent - topic:mqtt-roundtrip-qos2-10MByte-1000-cycles - qos:2 - id:000424
2018-05-17_21:27:59:239- message sent - topic:mqtt-roundtrip-qos2-10MByte-1000-cycles - qos:2 - id:000425
2018-05-17_21:27:59:246- message sent - topic:mqtt-roundtrip-qos2-10MByte-1000-cycles - qos:2 - id:000426
2018-05-17_21:27:59:254- message sent - topic:mqtt-roundtrip-qos2-10MByte-1000-cycles - qos:2 - id:000427
2018-05-17_21:27:59:265- message sent - topic:mqtt-roundtrip-qos2-10MByte-1000-cycles - qos:2 - id:000428
2018-05-17_21:27:59:280- message sent - topic:mqtt-roundtrip-qos2-10MByte-1000-cycles - qos:2 - id:000429
2018-05-17_21:27:59:295- message sent - topic:mqtt-roundtrip-qos2-10MByte-1000-cycles - qos:2 - id:000430
2018-05-17_21:27:59:313- message sent - topic:mqtt-roundtrip-qos2-10MByte-1000-cycles - qos:2 - id:000431
2018-05-17_21:27:59:343- message sent - topic:mqtt-roundtrip-qos2-10MByte-1000-cycles - qos:2 - id:000432
2018-05-17_21:27:59:353- message sent - topic:mqtt-roundtrip-qos2-10MByte-1000-cycles - qos:2 - id:000433
2018-05-17_21:27:59:365- message sent - topic:mqtt-roundtrip-qos2-10MByte-1000-cycles - qos:2 - id:000434
2018-05-17_21:27:59:433- message sent - topic:mqtt-roundtrip-qos2-10MByte-1000-cycles - qos:2 - id:000435
2018-05-17_21:27:59:480- message sent - topic:mqtt-roundtrip-qos2-10MByte-1000-cycles - qos:2 - id:000436
2018-05-17_21:28:01:093- message sent - topic:mqtt-roundtrip-qos2-10MByte-1000-cycles - qos:2 - id:000437
2018-05-17_21:28:01:099- message sent - topic:mqtt-roundtrip-qos2-10MByte-1000-cycles - qos:2 - id:000438
2018-05-17_21:28:01:109- message sent - topic:mqtt-roundtrip-qos2-10MByte-1000-cycles - qos:2 - id:000439
2018-05-17_21:28:01:118- message sent - topic:mqtt-roundtrip-qos2-10MByte-1000-cycles - qos:2 - id:000440
2018-05-17_21:28:01:124- message sent - topic:mqtt-roundtrip-qos2-10MByte-1000-cycles - qos:2 - id:000441
2018-05-17_21:28:01:133- message sent - topic:mqtt-roundtrip-qos2-10MByte-1000-cycles - qos:2 - id:000442
2018-05-17_21:28:01:143- message sent - topic:mqtt-roundtrip-qos2-10MByte-1000-cycles - qos:2 - id:000443
2018-05-17_21:28:01:154- message sent - topic:mqtt-roundtrip-qos2-10MByte-1000-cycles - qos:2 - id:000444
2018-05-17_21:28:01:165- message sent - topic:mqtt-roundtrip-qos2-10MByte-1000-cycles - qos:2 - id:000445
2018-05-17_21:28:01:179- message sent - topic:mqtt-roundtrip-qos2-10MByte-1000-cycles - qos:2 - id:000446
2018-05-17_21:28:01:192- message sent - topic:mqtt-roundtrip-qos2-10MByte-1000-cycles - qos:2 - id:000447
2018-05-17_21:28:01:203- message sent - topic:mqtt-roundtrip-qos2-10MByte-1000-cycles - qos:2 - id:000448
2018-05-17_21:28:01:216- message sent - topic:mqtt-roundtrip-qos2-10MByte-1000-cycles - qos:2 - id:000449
2018-05-17_21:28:01:230- message sent - topic:mqtt-roundtrip-qos2-10MByte-1000-cycles - qos:2 - id:000450
2018-05-17_21:28:01:236- message sent - topic:mqtt-roundtrip-qos2-10MByte-1000-cycles - qos:2 - id:000451
2018-05-17_21:28:01:242- message sent - topic:mqtt-roundtrip-qos2-10MByte-1000-cycles - qos:2 - id:000452
2018-05-17_21:28:01:248- message sent - topic:mqtt-roundtrip-qos2-10MByte-1000-cycles - qos:2 - id:000453
2018-05-17_21:28:01:254- message sent - topic:mqtt-roundtrip-qos2-10MByte-1000-cycles - qos:2 - id:000454
2018-05-17_21:28:01:267- message sent - topic:mqtt-roundtrip-qos2-10MByte-1000-cycles - qos:2 - id:000455
2018-05-17_21:28:01:273- message sent - topic:mqtt-roundtrip-qos2-10MByte-1000-cycles - qos:2 - id:000456
2018-05-17_21:28:01:279- message sent - topic:mqtt-roundtrip-qos2-10MByte-1000-cycles - qos:2 - id:000457
2018-05-17_21:28:01:285- message sent - topic:mqtt-roundtrip-qos2-10MByte-1000-cycles - qos:2 - id:000458
2018-05-17_21:28:01:304- message sent - topic:mqtt-roundtrip-qos2-10MByte-1000-cycles - qos:2 - id:000459
2018-05-17_21:28:01:310- message sent - topic:mqtt-roundtrip-qos2-10MByte-1000-cycles - qos:2 - id:000460
2018-05-17_21:28:01:319- message sent - topic:mqtt-roundtrip-qos2-10MByte-1000-cycles - qos:2 - id:000461
2018-05-17_21:28:01:328- message sent - topic:mqtt-roundtrip-qos2-10MByte-1000-cycles - qos:2 - id:000462
2018-05-17_21:28:01:338- message sent - topic:mqtt-roundtrip-qos2-10MByte-1000-cycles - qos:2 - id:000463
2018-05-17_21:28:01:345- message sent - topic:mqtt-roundtrip-qos2-10MByte-1000-cycles - qos:2 - id:000464
2018-05-17_21:28:01:352- message sent - topic:mqtt-roundtrip-qos2-10MByte-1000-cycles - qos:2 - id:000465
2018-05-17_21:28:01:360- message sent - topic:mqtt-roundtrip-qos2-10MByte-1000-cycles - qos:2 - id:000466
2018-05-17_21:28:01:367- message sent - topic:mqtt-roundtrip-qos2-10MByte-1000-cycles - qos:2 - id:000467
2018-05-17_21:28:01:375- message sent - topic:mqtt-roundtrip-qos2-10MByte-1000-cycles - qos:2 - id:000468
2018-05-17_21:28:01:382- message sent - topic:mqtt-roundtrip-qos2-10MByte-1000-cycles - qos:2 - id:000469
2018-05-17_21:28:01:392- message sent - topic:mqtt-roundtrip-qos2-10MByte-1000-cycles - qos:2 - id:000470
2018-05-17_21:28:01:400- message sent - topic:mqtt-roundtrip-qos2-10MByte-1000-cycles - qos:2 - id:000471
2018-05-17_21:28:01:408- message sent - topic:mqtt-roundtrip-qos2-10MByte-1000-cycles - qos:2 - id:000472
2018-05-17_21:28:01:422- message sent - topic:mqtt-roundtrip-qos2-10MByte-1000-cycles - qos:2 - id:000473
2018-05-17_21:28:01:431- message sent - topic:mqtt-roundtrip-qos2-10MByte-1000-cycles - qos:2 - id:000474
2018-05-17_21:28:01:460- message sent - topic:mqtt-roundtrip-qos2-10MByte-1000-cycles - qos:2 - id:000475
2018-05-17_21:28:01:564- message sent - topic:mqtt-roundtrip-qos2-10MByte-1000-cycles - qos:2 - id:000476
2018-05-17_21:28:01:600- message sent - topic:mqtt-roundtrip-qos2-10MByte-1000-cycles - qos:2 - id:000477
2018-05-17_21:28:01:620- message sent - topic:mqtt-roundtrip-qos2-10MByte-1000-cycles - qos:2 - id:000478
2018-05-17_21:28:01:655- message sent - topic:mqtt-roundtrip-qos2-10MByte-1000-cycles - qos:2 - id:000479
2018-05-17_21:28:01:838- message sent - topic:mqtt-roundtrip-qos2-10MByte-1000-cycles - qos:2 - id:000480
2018-05-17_21:28:01:862- message sent - topic:mqtt-roundtrip-qos2-10MByte-1000-cycles - qos:2 - id:000481
2018-05-17_21:28:01:879- message sent - topic:mqtt-roundtrip-qos2-10MByte-1000-cycles - qos:2 - id:000482
2018-05-17_21:28:01:895- message sent - topic:mqtt-roundtrip-qos2-10MByte-1000-cycles - qos:2 - id:000483
2018-05-17_21:28:01:909- message sent - topic:mqtt-roundtrip-qos2-10MByte-1000-cycles - qos:2 - id:000484
2018-05-17_21:28:01:950- message sent - topic:mqtt-roundtrip-qos2-10MByte-1000-cycles - qos:2 - id:000485
2018-05-17_21:28:01:970- message sent - topic:mqtt-roundtrip-qos2-10MByte-1000-cycles - qos:2 - id:000486
2018-05-17_21:28:02:054- message sent - topic:mqtt-roundtrip-qos2-10MByte-1000-cycles - qos:2 - id:000487
2018-05-17_21:28:03:286- message sent - topic:mqtt-roundtrip-qos2-10MByte-1000-cycles - qos:2 - id:000488
2018-05-17_21:28:03:292- message sent - topic:mqtt-roundtrip-qos2-10MByte-1000-cycles - qos:2 - id:000489
2018-05-17_21:28:03:298- message sent - topic:mqtt-roundtrip-qos2-10MByte-1000-cycles - qos:2 - id:000490
2018-05-17_21:28:03:324- message sent - topic:mqtt-roundtrip-qos2-10MByte-1000-cycles - qos:2 - id:000491
2018-05-17_21:28:03:329- message sent - topic:mqtt-roundtrip-qos2-10MByte-1000-cycles - qos:2 - id:000492
2018-05-17_21:28:03:335- message sent - topic:mqtt-roundtrip-qos2-10MByte-1000-cycles - qos:2 - id:000493
2018-05-17_21:28:03:341- message sent - topic:mqtt-roundtrip-qos2-10MByte-1000-cycles - qos:2 - id:000494
2018-05-17_21:28:03:346- message sent - topic:mqtt-roundtrip-qos2-10MByte-1000-cycles - qos:2 - id:000495
2018-05-17_21:28:03:352- message sent - topic:mqtt-roundtrip-qos2-10MByte-1000-cycles - qos:2 - id:000496
2018-05-17_21:28:03:363- message sent - topic:mqtt-roundtrip-qos2-10MByte-1000-cycles - qos:2 - id:000497
2018-05-17_21:28:03:369- message sent - topic:mqtt-roundtrip-qos2-10MByte-1000-cycles - qos:2 - id:000498
2018-05-17_21:28:03:374- message sent - topic:mqtt-roundtrip-qos2-10MByte-1000-cycles - qos:2 - id:000499
2018-05-17_21:28:03:380- message sent - topic:mqtt-roundtrip-qos2-10MByte-1000-cycles - qos:2 - id:000500
2018-05-17_21:28:03:386- message sent - topic:mqtt-roundtrip-qos2-10MByte-1000-cycles - qos:2 - id:000501
2018-05-17_21:28:03:391- message sent - topic:mqtt-roundtrip-qos2-10MByte-1000-cycles - qos:2 - id:000502
2018-05-17_21:28:03:402- message sent - topic:mqtt-roundtrip-qos2-10MByte-1000-cycles - qos:2 - id:000503
2018-05-17_21:28:03:408- message sent - topic:mqtt-roundtrip-qos2-10MByte-1000-cycles - qos:2 - id:000504
2018-05-17_21:28:03:413- message sent - topic:mqtt-roundtrip-qos2-10MByte-1000-cycles - qos:2 - id:000505
2018-05-17_21:28:03:419- message sent - topic:mqtt-roundtrip-qos2-10MByte-1000-cycles - qos:2 - id:000506
2018-05-17_21:28:03:425- message sent - topic:mqtt-roundtrip-qos2-10MByte-1000-cycles - qos:2 - id:000507
2018-05-17_21:28:03:431- message sent - topic:mqtt-roundtrip-qos2-10MByte-1000-cycles - qos:2 - id:000508
2018-05-17_21:28:03:444- message sent - topic:mqtt-roundtrip-qos2-10MByte-1000-cycles - qos:2 - id:000509
2018-05-17_21:28:03:450- message sent - topic:mqtt-roundtrip-qos2-10MByte-1000-cycles - qos:2 - id:000510
2018-05-17_21:28:03:462- message sent - topic:mqtt-roundtrip-qos2-10MByte-1000-cycles - qos:2 - id:000511
2018-05-17_21:28:03:471- message sent - topic:mqtt-roundtrip-qos2-10MByte-1000-cycles - qos:2 - id:000512
2018-05-17_21:28:03:483- message sent - topic:mqtt-roundtrip-qos2-10MByte-1000-cycles - qos:2 - id:000513
2018-05-17_21:28:03:488- message sent - topic:mqtt-roundtrip-qos2-10MByte-1000-cycles - qos:2 - id:000514
2018-05-17_21:28:03:494- message sent - topic:mqtt-roundtrip-qos2-10MByte-1000-cycles - qos:2 - id:000515
2018-05-17_21:28:03:500- message sent - topic:mqtt-roundtrip-qos2-10MByte-1000-cycles - qos:2 - id:000516
2018-05-17_21:28:03:505- message sent - topic:mqtt-roundtrip-qos2-10MByte-1000-cycles - qos:2 - id:000517
2018-05-17_21:28:03:511- message sent - topic:mqtt-roundtrip-qos2-10MByte-1000-cycles - qos:2 - id:000518
2018-05-17_21:28:03:543- message sent - topic:mqtt-roundtrip-qos2-10MByte-1000-cycles - qos:2 - id:000519
2018-05-17_21:28:03:579- message sent - topic:mqtt-roundtrip-qos2-10MByte-1000-cycles - qos:2 - id:000520
2018-05-17_21:28:03:802- message sent - topic:mqtt-roundtrip-qos2-10MByte-1000-cycles - qos:2 - id:000521
2018-05-17_21:28:04:043- message sent - topic:mqtt-roundtrip-qos2-10MByte-1000-cycles - qos:2 - id:000522
2018-05-17_21:28:04:099- message sent - topic:mqtt-roundtrip-qos2-10MByte-1000-cycles - qos:2 - id:000523
2018-05-17_21:28:04:234- message sent - topic:mqtt-roundtrip-qos2-10MByte-1000-cycles - qos:2 - id:000524
2018-05-17_21:28:04:281- message sent - topic:mqtt-roundtrip-qos2-10MByte-1000-cycles - qos:2 - id:000525
2018-05-17_21:28:04:294- message sent - topic:mqtt-roundtrip-qos2-10MByte-1000-cycles - qos:2 - id:000526
2018-05-17_21:28:04:402- message sent - topic:mqtt-roundtrip-qos2-10MByte-1000-cycles - qos:2 - id:000527
2018-05-17_21:28:04:424- message sent - topic:mqtt-roundtrip-qos2-10MByte-1000-cycles - qos:2 - id:000528
2018-05-17_21:28:06:072- message sent - topic:mqtt-roundtrip-qos2-10MByte-1000-cycles - qos:2 - id:000529
2018-05-17_21:28:06:078- message sent - topic:mqtt-roundtrip-qos2-10MByte-1000-cycles - qos:2 - id:000530
2018-05-17_21:28:06:084- message sent - topic:mqtt-roundtrip-qos2-10MByte-1000-cycles - qos:2 - id:000531
2018-05-17_21:28:06:113- message sent - topic:mqtt-roundtrip-qos2-10MByte-1000-cycles - qos:2 - id:000532
2018-05-17_21:28:06:119- message sent - topic:mqtt-roundtrip-qos2-10MByte-1000-cycles - qos:2 - id:000533
2018-05-17_21:28:06:131- message sent - topic:mqtt-roundtrip-qos2-10MByte-1000-cycles - qos:2 - id:000534
2018-05-17_21:28:06:136- message sent - topic:mqtt-roundtrip-qos2-10MByte-1000-cycles - qos:2 - id:000535
2018-05-17_21:28:06:142- message sent - topic:mqtt-roundtrip-qos2-10MByte-1000-cycles - qos:2 - id:000536
2018-05-17_21:28:06:152- message sent - topic:mqtt-roundtrip-qos2-10MByte-1000-cycles - qos:2 - id:000537
2018-05-17_21:28:06:157- message sent - topic:mqtt-roundtrip-qos2-10MByte-1000-cycles - qos:2 - id:000538
2018-05-17_21:28:06:164- message sent - topic:mqtt-roundtrip-qos2-10MByte-1000-cycles - qos:2 - id:000539
2018-05-17_21:28:06:181- message sent - topic:mqtt-roundtrip-qos2-10MByte-1000-cycles - qos:2 - id:000540
2018-05-17_21:28:06:187- message sent - topic:mqtt-roundtrip-qos2-10MByte-1000-cycles - qos:2 - id:000541
2018-05-17_21:28:06:193- message sent - topic:mqtt-roundtrip-qos2-10MByte-1000-cycles - qos:2 - id:000542
2018-05-17_21:28:06:199- message sent - topic:mqtt-roundtrip-qos2-10MByte-1000-cycles - qos:2 - id:000543
2018-05-17_21:28:06:204- message sent - topic:mqtt-roundtrip-qos2-10MByte-1000-cycles - qos:2 - id:000544
2018-05-17_21:28:06:210- message sent - topic:mqtt-roundtrip-qos2-10MByte-1000-cycles - qos:2 - id:000545
2018-05-17_21:28:06:216- message sent - topic:mqtt-roundtrip-qos2-10MByte-1000-cycles - qos:2 - id:000546
2018-05-17_21:28:06:224- message sent - topic:mqtt-roundtrip-qos2-10MByte-1000-cycles - qos:2 - id:000547
2018-05-17_21:28:06:233- message sent - topic:mqtt-roundtrip-qos2-10MByte-1000-cycles - qos:2 - id:000548
2018-05-17_21:28:06:243- message sent - topic:mqtt-roundtrip-qos2-10MByte-1000-cycles - qos:2 - id:000549
2018-05-17_21:28:06:255- message sent - topic:mqtt-roundtrip-qos2-10MByte-1000-cycles - qos:2 - id:000550
2018-05-17_21:28:06:264- message sent - topic:mqtt-roundtrip-qos2-10MByte-1000-cycles - qos:2 - id:000551
2018-05-17_21:28:06:274- message sent - topic:mqtt-roundtrip-qos2-10MByte-1000-cycles - qos:2 - id:000552
2018-05-17_21:28:06:280- message sent - topic:mqtt-roundtrip-qos2-10MByte-1000-cycles - qos:2 - id:000553
2018-05-17_21:28:06:285- message sent - topic:mqtt-roundtrip-qos2-10MByte-1000-cycles - qos:2 - id:000554
2018-05-17_21:28:06:291- message sent - topic:mqtt-roundtrip-qos2-10MByte-1000-cycles - qos:2 - id:000555
2018-05-17_21:28:06:297- message sent - topic:mqtt-roundtrip-qos2-10MByte-1000-cycles - qos:2 - id:000556
2018-05-17_21:28:06:302- message sent - topic:mqtt-roundtrip-qos2-10MByte-1000-cycles - qos:2 - id:000557
2018-05-17_21:28:06:308- message sent - topic:mqtt-roundtrip-qos2-10MByte-1000-cycles - qos:2 - id:000558
2018-05-17_21:28:06:316- message sent - topic:mqtt-roundtrip-qos2-10MByte-1000-cycles - qos:2 - id:000559
2018-05-17_21:28:06:329- message sent - topic:mqtt-roundtrip-qos2-10MByte-1000-cycles - qos:2 - id:000560
2018-05-17_21:28:06:335- message sent - topic:mqtt-roundtrip-qos2-10MByte-1000-cycles - qos:2 - id:000561
2018-05-17_21:28:06:374- message sent - topic:mqtt-roundtrip-qos2-10MByte-1000-cycles - qos:2 - id:000562
2018-05-17_21:28:06:382- message sent - topic:mqtt-roundtrip-qos2-10MByte-1000-cycles - qos:2 - id:000563
2018-05-17_21:28:06:390- message sent - topic:mqtt-roundtrip-qos2-10MByte-1000-cycles - qos:2 - id:000564
2018-05-17_21:28:06:401- message sent - topic:mqtt-roundtrip-qos2-10MByte-1000-cycles - qos:2 - id:000565
2018-05-17_21:28:06:408- message sent - topic:mqtt-roundtrip-qos2-10MByte-1000-cycles - qos:2 - id:000566
2018-05-17_21:28:06:414- message sent - topic:mqtt-roundtrip-qos2-10MByte-1000-cycles - qos:2 - id:000567
2018-05-17_21:28:06:421- message sent - topic:mqtt-roundtrip-qos2-10MByte-1000-cycles - qos:2 - id:000568
2018-05-17_21:28:06:428- message sent - topic:mqtt-roundtrip-qos2-10MByte-1000-cycles - qos:2 - id:000569
2018-05-17_21:28:06:442- message sent - topic:mqtt-roundtrip-qos2-10MByte-1000-cycles - qos:2 - id:000570
2018-05-17_21:28:06:464- message sent - topic:mqtt-roundtrip-qos2-10MByte-1000-cycles - qos:2 - id:000571
2018-05-17_21:28:06:483- message sent - topic:mqtt-roundtrip-qos2-10MByte-1000-cycles - qos:2 - id:000572
2018-05-17_21:28:06:491- message sent - topic:mqtt-roundtrip-qos2-10MByte-1000-cycles - qos:2 - id:000573
2018-05-17_21:28:06:498- message sent - topic:mqtt-roundtrip-qos2-10MByte-1000-cycles - qos:2 - id:000574
2018-05-17_21:28:06:505- message sent - topic:mqtt-roundtrip-qos2-10MByte-1000-cycles - qos:2 - id:000575
2018-05-17_21:28:06:512- message sent - topic:mqtt-roundtrip-qos2-10MByte-1000-cycles - qos:2 - id:000576
2018-05-17_21:28:06:520- message sent - topic:mqtt-roundtrip-qos2-10MByte-1000-cycles - qos:2 - id:000577
2018-05-17_21:28:06:546- message sent - topic:mqtt-roundtrip-qos2-10MByte-1000-cycles - qos:2 - id:000578
2018-05-17_21:28:06:552- message sent - topic:mqtt-roundtrip-qos2-10MByte-1000-cycles - qos:2 - id:000579
2018-05-17_21:28:06:558- message sent - topic:mqtt-roundtrip-qos2-10MByte-1000-cycles - qos:2 - id:000580
2018-05-17_21:28:06:563- message sent - topic:mqtt-roundtrip-qos2-10MByte-1000-cycles - qos:2 - id:000581
2018-05-17_21:28:06:574- message sent - topic:mqtt-roundtrip-qos2-10MByte-1000-cycles - qos:2 - id:000582
2018-05-17_21:28:06:592- message sent - topic:mqtt-roundtrip-qos2-10MByte-1000-cycles - qos:2 - id:000583
2018-05-17_21:28:06:648- message sent - topic:mqtt-roundtrip-qos2-10MByte-1000-cycles - qos:2 - id:000584
2018-05-17_21:28:06:847- message sent - topic:mqtt-roundtrip-qos2-10MByte-1000-cycles - qos:2 - id:000585
2018-05-17_21:28:06:866- message sent - topic:mqtt-roundtrip-qos2-10MByte-1000-cycles - qos:2 - id:000586
2018-05-17_21:28:06:883- message sent - topic:mqtt-roundtrip-qos2-10MByte-1000-cycles - qos:2 - id:000587
2018-05-17_21:28:06:895- message sent - topic:mqtt-roundtrip-qos2-10MByte-1000-cycles - qos:2 - id:000588
2018-05-17_21:28:06:916- message sent - topic:mqtt-roundtrip-qos2-10MByte-1000-cycles - qos:2 - id:000589
2018-05-17_21:28:07:022- message sent - topic:mqtt-roundtrip-qos2-10MByte-1000-cycles - qos:2 - id:000590
2018-05-17_21:28:07:063- message sent - topic:mqtt-roundtrip-qos2-10MByte-1000-cycles - qos:2 - id:000591
2018-05-17_21:28:07:658- message sent - topic:mqtt-roundtrip-qos2-10MByte-1000-cycles - qos:2 - id:000592
2018-05-17_21:28:07:674- message sent - topic:mqtt-roundtrip-qos2-10MByte-1000-cycles - qos:2 - id:000593
2018-05-17_21:28:07:680- message sent - topic:mqtt-roundtrip-qos2-10MByte-1000-cycles - qos:2 - id:000594
2018-05-17_21:28:07:687- message sent - topic:mqtt-roundtrip-qos2-10MByte-1000-cycles - qos:2 - id:000595
2018-05-17_21:28:07:702- message sent - topic:mqtt-roundtrip-qos2-10MByte-1000-cycles - qos:2 - id:000596
2018-05-17_21:28:07:715- message sent - topic:mqtt-roundtrip-qos2-10MByte-1000-cycles - qos:2 - id:000597
2018-05-17_21:28:07:724- message sent - topic:mqtt-roundtrip-qos2-10MByte-1000-cycles - qos:2 - id:000598
2018-05-17_21:28:07:730- message sent - topic:mqtt-roundtrip-qos2-10MByte-1000-cycles - qos:2 - id:000599
2018-05-17_21:28:07:736- message sent - topic:mqtt-roundtrip-qos2-10MByte-1000-cycles - qos:2 - id:000600
2018-05-17_21:28:07:751- message sent - topic:mqtt-roundtrip-qos2-10MByte-1000-cycles - qos:2 - id:000601
2018-05-17_21:28:07:777- message sent - topic:mqtt-roundtrip-qos2-10MByte-1000-cycles - qos:2 - id:000602
2018-05-17_21:28:07:800- message sent - topic:mqtt-roundtrip-qos2-10MByte-1000-cycles - qos:2 - id:000603
2018-05-17_21:28:07:809- message sent - topic:mqtt-roundtrip-qos2-10MByte-1000-cycles - qos:2 - id:000604
2018-05-17_21:28:07:818- message sent - topic:mqtt-roundtrip-qos2-10MByte-1000-cycles - qos:2 - id:000605
2018-05-17_21:28:07:824- message sent - topic:mqtt-roundtrip-qos2-10MByte-1000-cycles - qos:2 - id:000606
2018-05-17_21:28:07:838- message sent - topic:mqtt-roundtrip-qos2-10MByte-1000-cycles - qos:2 - id:000607
2018-05-17_21:28:07:864- message sent - topic:mqtt-roundtrip-qos2-10MByte-1000-cycles - qos:2 - id:000608
2018-05-17_21:28:07:886- message sent - topic:mqtt-roundtrip-qos2-10MByte-1000-cycles - qos:2 - id:000609
2018-05-17_21:28:07:916- message sent - topic:mqtt-roundtrip-qos2-10MByte-1000-cycles - qos:2 - id:000610
