2018-05-15_23:13:20:264- connecting to broker 192.168.1.100:1883
2018-05-15_23:13:20:266- Subscribing to topicmqtt-roundtrip-qos2-1KByte-10-cycles
2018-05-15_23:13:20:266- subscribe returned (0, 1)
2018-05-15_23:13:20:266- Client connected to broker
2018-05-15_23:13:21:199- message received - id:0 - topic:mqtt-roundtrip-qos2-1KByte-10-cycles - qos:0 - size:1024
2018-05-15_23:13:21:200- message sent - id:0 - topic:mqtt-roundtrip-qos2-1KByte-10-cycles_2 - qos:0 - size:1024
2018-05-15_23:13:21:238- message received - id:0 - topic:mqtt-roundtrip-qos2-1KByte-10-cycles - qos:0 - size:1024
2018-05-15_23:13:21:238- message sent - id:0 - topic:mqtt-roundtrip-qos2-1KByte-10-cycles_2 - qos:0 - size:1024
2018-05-15_23:13:21:239- message received - id:0 - topic:mqtt-roundtrip-qos2-1KByte-10-cycles - qos:0 - size:1024
2018-05-15_23:13:21:240- message sent - id:0 - topic:mqtt-roundtrip-qos2-1KByte-10-cycles_2 - qos:0 - size:1024
2018-05-15_23:13:21:240- message received - id:0 - topic:mqtt-roundtrip-qos2-1KByte-10-cycles - qos:0 - size:1024
2018-05-15_23:13:21:240- message sent - id:0 - topic:mqtt-roundtrip-qos2-1KByte-10-cycles_2 - qos:0 - size:1024
2018-05-15_23:13:21:240- message received - id:0 - topic:mqtt-roundtrip-qos2-1KByte-10-cycles - qos:0 - size:1024
2018-05-15_23:13:21:241- message sent - id:0 - topic:mqtt-roundtrip-qos2-1KByte-10-cycles_2 - qos:0 - size:1024
2018-05-15_23:13:21:241- message received - id:0 - topic:mqtt-roundtrip-qos2-1KByte-10-cycles - qos:0 - size:1024
2018-05-15_23:13:21:241- message sent - id:0 - topic:mqtt-roundtrip-qos2-1KByte-10-cycles_2 - qos:0 - size:1024
2018-05-15_23:13:21:241- message received - id:0 - topic:mqtt-roundtrip-qos2-1KByte-10-cycles - qos:0 - size:1024
2018-05-15_23:13:21:242- message sent - id:0 - topic:mqtt-roundtrip-qos2-1KByte-10-cycles_2 - qos:0 - size:1024
2018-05-15_23:13:21:242- message received - id:0 - topic:mqtt-roundtrip-qos2-1KByte-10-cycles - qos:0 - size:1024
2018-05-15_23:13:21:242- message sent - id:0 - topic:mqtt-roundtrip-qos2-1KByte-10-cycles_2 - qos:0 - size:1024
2018-05-15_23:13:21:242- message received - id:0 - topic:mqtt-roundtrip-qos2-1KByte-10-cycles - qos:0 - size:1024
2018-05-15_23:13:21:243- message sent - id:0 - topic:mqtt-roundtrip-qos2-1KByte-10-cycles_2 - qos:0 - size:1024
2018-05-15_23:13:21:243- message received - id:0 - topic:mqtt-roundtrip-qos2-1KByte-10-cycles - qos:0 - size:1024
2018-05-15_23:13:21:243- message sent - id:0 - topic:mqtt-roundtrip-qos2-1KByte-10-cycles_2 - qos:0 - size:1024
