2018-05-15_23:15:08:703- connecting to broker 192.168.1.100:1883
2018-05-15_23:15:08:704- Subscribing to topicmqtt-roundtrip-qos1-10KByte-10-cycles
2018-05-15_23:15:08:704- subscribe returned (0, 1)
2018-05-15_23:15:08:705- Client connected to broker
2018-05-15_23:15:09:937- message received - id:0 - topic:mqtt-roundtrip-qos1-10KByte-10-cycles - qos:0 - size:10240
2018-05-15_23:15:09:938- message sent - id:0 - topic:mqtt-roundtrip-qos1-10KByte-10-cycles_2 - qos:0 - size:10240
2018-05-15_23:15:09:940- message received - id:0 - topic:mqtt-roundtrip-qos1-10KByte-10-cycles - qos:0 - size:10240
2018-05-15_23:15:09:940- message sent - id:0 - topic:mqtt-roundtrip-qos1-10KByte-10-cycles_2 - qos:0 - size:10240
2018-05-15_23:15:09:942- message received - id:0 - topic:mqtt-roundtrip-qos1-10KByte-10-cycles - qos:0 - size:10240
2018-05-15_23:15:09:942- message sent - id:0 - topic:mqtt-roundtrip-qos1-10KByte-10-cycles_2 - qos:0 - size:10240
2018-05-15_23:15:09:945- message received - id:0 - topic:mqtt-roundtrip-qos1-10KByte-10-cycles - qos:0 - size:10240
2018-05-15_23:15:09:945- message sent - id:0 - topic:mqtt-roundtrip-qos1-10KByte-10-cycles_2 - qos:0 - size:10240
2018-05-15_23:15:09:949- message received - id:0 - topic:mqtt-roundtrip-qos1-10KByte-10-cycles - qos:0 - size:10240
2018-05-15_23:15:09:949- message sent - id:0 - topic:mqtt-roundtrip-qos1-10KByte-10-cycles_2 - qos:0 - size:10240
2018-05-15_23:15:09:950- message received - id:0 - topic:mqtt-roundtrip-qos1-10KByte-10-cycles - qos:0 - size:10240
2018-05-15_23:15:09:951- message sent - id:0 - topic:mqtt-roundtrip-qos1-10KByte-10-cycles_2 - qos:0 - size:10240
2018-05-15_23:15:09:952- message received - id:0 - topic:mqtt-roundtrip-qos1-10KByte-10-cycles - qos:0 - size:10240
2018-05-15_23:15:09:952- message sent - id:0 - topic:mqtt-roundtrip-qos1-10KByte-10-cycles_2 - qos:0 - size:10240
2018-05-15_23:15:09:954- message received - id:0 - topic:mqtt-roundtrip-qos1-10KByte-10-cycles - qos:0 - size:10240
2018-05-15_23:15:09:954- message sent - id:0 - topic:mqtt-roundtrip-qos1-10KByte-10-cycles_2 - qos:0 - size:10240
2018-05-15_23:15:09:956- message received - id:0 - topic:mqtt-roundtrip-qos1-10KByte-10-cycles - qos:0 - size:10240
2018-05-15_23:15:09:956- message sent - id:0 - topic:mqtt-roundtrip-qos1-10KByte-10-cycles_2 - qos:0 - size:10240
2018-05-15_23:15:09:958- message received - id:0 - topic:mqtt-roundtrip-qos1-10KByte-10-cycles - qos:0 - size:10240
2018-05-15_23:15:09:958- message sent - id:0 - topic:mqtt-roundtrip-qos1-10KByte-10-cycles_2 - qos:0 - size:10240
