2018-05-15_23:09:24:033- connecting to broker 192.168.1.100:1883
2018-05-15_23:09:24:034- Subscribing to topicmqtt-roundtrip-qos0-1500Byte-100-cycles
2018-05-15_23:09:24:035- subscribe returned (0, 1)
2018-05-15_23:09:24:037- Client connected to broker
2018-05-15_23:09:26:561- message received - id:0 - topic:mqtt-roundtrip-qos0-1500Byte-100-cycles - qos:0 - size:1500
2018-05-15_23:09:26:562- message sent - id:0 - topic:mqtt-roundtrip-qos0-1500Byte-100-cycles_2 - qos:0 - size:1500
2018-05-15_23:09:26:562- message received - id:0 - topic:mqtt-roundtrip-qos0-1500Byte-100-cycles - qos:0 - size:1500
2018-05-15_23:09:26:562- message sent - id:0 - topic:mqtt-roundtrip-qos0-1500Byte-100-cycles_2 - qos:0 - size:1500
2018-05-15_23:09:26:563- message received - id:0 - topic:mqtt-roundtrip-qos0-1500Byte-100-cycles - qos:0 - size:1500
2018-05-15_23:09:26:563- message sent - id:0 - topic:mqtt-roundtrip-qos0-1500Byte-100-cycles_2 - qos:0 - size:1500
2018-05-15_23:09:26:563- message received - id:0 - topic:mqtt-roundtrip-qos0-1500Byte-100-cycles - qos:0 - size:1500
2018-05-15_23:09:26:563- message sent - id:0 - topic:mqtt-roundtrip-qos0-1500Byte-100-cycles_2 - qos:0 - size:1500
2018-05-15_23:09:26:565- message received - id:0 - topic:mqtt-roundtrip-qos0-1500Byte-100-cycles - qos:0 - size:1500
2018-05-15_23:09:26:565- message sent - id:0 - topic:mqtt-roundtrip-qos0-1500Byte-100-cycles_2 - qos:0 - size:1500
2018-05-15_23:09:26:565- message received - id:0 - topic:mqtt-roundtrip-qos0-1500Byte-100-cycles - qos:0 - size:1500
2018-05-15_23:09:26:565- message sent - id:0 - topic:mqtt-roundtrip-qos0-1500Byte-100-cycles_2 - qos:0 - size:1500
2018-05-15_23:09:26:566- message received - id:0 - topic:mqtt-roundtrip-qos0-1500Byte-100-cycles - qos:0 - size:1500
2018-05-15_23:09:26:566- message sent - id:0 - topic:mqtt-roundtrip-qos0-1500Byte-100-cycles_2 - qos:0 - size:1500
2018-05-15_23:09:26:566- message received - id:0 - topic:mqtt-roundtrip-qos0-1500Byte-100-cycles - qos:0 - size:1500
2018-05-15_23:09:26:566- message sent - id:0 - topic:mqtt-roundtrip-qos0-1500Byte-100-cycles_2 - qos:0 - size:1500
2018-05-15_23:09:26:567- message received - id:0 - topic:mqtt-roundtrip-qos0-1500Byte-100-cycles - qos:0 - size:1500
2018-05-15_23:09:26:567- message sent - id:0 - topic:mqtt-roundtrip-qos0-1500Byte-100-cycles_2 - qos:0 - size:1500
2018-05-15_23:09:26:569- message received - id:0 - topic:mqtt-roundtrip-qos0-1500Byte-100-cycles - qos:0 - size:1500
2018-05-15_23:09:26:569- message sent - id:0 - topic:mqtt-roundtrip-qos0-1500Byte-100-cycles_2 - qos:0 - size:1500
2018-05-15_23:09:26:569- message received - id:0 - topic:mqtt-roundtrip-qos0-1500Byte-100-cycles - qos:0 - size:1500
2018-05-15_23:09:26:570- message sent - id:0 - topic:mqtt-roundtrip-qos0-1500Byte-100-cycles_2 - qos:0 - size:1500
2018-05-15_23:09:26:571- message received - id:0 - topic:mqtt-roundtrip-qos0-1500Byte-100-cycles - qos:0 - size:1500
2018-05-15_23:09:26:571- message sent - id:0 - topic:mqtt-roundtrip-qos0-1500Byte-100-cycles_2 - qos:0 - size:1500
2018-05-15_23:09:26:573- message received - id:0 - topic:mqtt-roundtrip-qos0-1500Byte-100-cycles - qos:0 - size:1500
2018-05-15_23:09:26:573- message sent - id:0 - topic:mqtt-roundtrip-qos0-1500Byte-100-cycles_2 - qos:0 - size:1500
2018-05-15_23:09:26:575- message received - id:0 - topic:mqtt-roundtrip-qos0-1500Byte-100-cycles - qos:0 - size:1500
2018-05-15_23:09:26:575- message sent - id:0 - topic:mqtt-roundtrip-qos0-1500Byte-100-cycles_2 - qos:0 - size:1500
2018-05-15_23:09:26:575- message received - id:0 - topic:mqtt-roundtrip-qos0-1500Byte-100-cycles - qos:0 - size:1500
2018-05-15_23:09:26:575- message sent - id:0 - topic:mqtt-roundtrip-qos0-1500Byte-100-cycles_2 - qos:0 - size:1500
2018-05-15_23:09:26:577- message received - id:0 - topic:mqtt-roundtrip-qos0-1500Byte-100-cycles - qos:0 - size:1500
2018-05-15_23:09:26:577- message sent - id:0 - topic:mqtt-roundtrip-qos0-1500Byte-100-cycles_2 - qos:0 - size:1500
2018-05-15_23:09:26:577- message received - id:0 - topic:mqtt-roundtrip-qos0-1500Byte-100-cycles - qos:0 - size:1500
2018-05-15_23:09:26:577- message sent - id:0 - topic:mqtt-roundtrip-qos0-1500Byte-100-cycles_2 - qos:0 - size:1500
2018-05-15_23:09:26:578- message received - id:0 - topic:mqtt-roundtrip-qos0-1500Byte-100-cycles - qos:0 - size:1500
2018-05-15_23:09:26:578- message sent - id:0 - topic:mqtt-roundtrip-qos0-1500Byte-100-cycles_2 - qos:0 - size:1500
2018-05-15_23:09:26:579- message received - id:0 - topic:mqtt-roundtrip-qos0-1500Byte-100-cycles - qos:0 - size:1500
2018-05-15_23:09:26:579- message sent - id:0 - topic:mqtt-roundtrip-qos0-1500Byte-100-cycles_2 - qos:0 - size:1500
2018-05-15_23:09:26:579- message received - id:0 - topic:mqtt-roundtrip-qos0-1500Byte-100-cycles - qos:0 - size:1500
2018-05-15_23:09:26:579- message sent - id:0 - topic:mqtt-roundtrip-qos0-1500Byte-100-cycles_2 - qos:0 - size:1500
2018-05-15_23:09:26:580- message received - id:0 - topic:mqtt-roundtrip-qos0-1500Byte-100-cycles - qos:0 - size:1500
2018-05-15_23:09:26:580- message sent - id:0 - topic:mqtt-roundtrip-qos0-1500Byte-100-cycles_2 - qos:0 - size:1500
2018-05-15_23:09:26:580- message received - id:0 - topic:mqtt-roundtrip-qos0-1500Byte-100-cycles - qos:0 - size:1500
2018-05-15_23:09:26:581- message sent - id:0 - topic:mqtt-roundtrip-qos0-1500Byte-100-cycles_2 - qos:0 - size:1500
2018-05-15_23:09:26:581- message received - id:0 - topic:mqtt-roundtrip-qos0-1500Byte-100-cycles - qos:0 - size:1500
2018-05-15_23:09:26:581- message sent - id:0 - topic:mqtt-roundtrip-qos0-1500Byte-100-cycles_2 - qos:0 - size:1500
2018-05-15_23:09:26:582- message received - id:0 - topic:mqtt-roundtrip-qos0-1500Byte-100-cycles - qos:0 - size:1500
2018-05-15_23:09:26:582- message sent - id:0 - topic:mqtt-roundtrip-qos0-1500Byte-100-cycles_2 - qos:0 - size:1500
2018-05-15_23:09:26:582- message received - id:0 - topic:mqtt-roundtrip-qos0-1500Byte-100-cycles - qos:0 - size:1500
2018-05-15_23:09:26:582- message sent - id:0 - topic:mqtt-roundtrip-qos0-1500Byte-100-cycles_2 - qos:0 - size:1500
2018-05-15_23:09:26:583- message received - id:0 - topic:mqtt-roundtrip-qos0-1500Byte-100-cycles - qos:0 - size:1500
2018-05-15_23:09:26:583- message sent - id:0 - topic:mqtt-roundtrip-qos0-1500Byte-100-cycles_2 - qos:0 - size:1500
2018-05-15_23:09:26:584- message received - id:0 - topic:mqtt-roundtrip-qos0-1500Byte-100-cycles - qos:0 - size:1500
2018-05-15_23:09:26:584- message sent - id:0 - topic:mqtt-roundtrip-qos0-1500Byte-100-cycles_2 - qos:0 - size:1500
2018-05-15_23:09:26:584- message received - id:0 - topic:mqtt-roundtrip-qos0-1500Byte-100-cycles - qos:0 - size:1500
2018-05-15_23:09:26:584- message sent - id:0 - topic:mqtt-roundtrip-qos0-1500Byte-100-cycles_2 - qos:0 - size:1500
2018-05-15_23:09:26:585- message received - id:0 - topic:mqtt-roundtrip-qos0-1500Byte-100-cycles - qos:0 - size:1500
2018-05-15_23:09:26:585- message sent - id:0 - topic:mqtt-roundtrip-qos0-1500Byte-100-cycles_2 - qos:0 - size:1500
2018-05-15_23:09:26:585- message received - id:0 - topic:mqtt-roundtrip-qos0-1500Byte-100-cycles - qos:0 - size:1500
2018-05-15_23:09:26:586- message sent - id:0 - topic:mqtt-roundtrip-qos0-1500Byte-100-cycles_2 - qos:0 - size:1500
2018-05-15_23:09:26:586- message received - id:0 - topic:mqtt-roundtrip-qos0-1500Byte-100-cycles - qos:0 - size:1500
2018-05-15_23:09:26:586- message sent - id:0 - topic:mqtt-roundtrip-qos0-1500Byte-100-cycles_2 - qos:0 - size:1500
2018-05-15_23:09:26:590- message received - id:0 - topic:mqtt-roundtrip-qos0-1500Byte-100-cycles - qos:0 - size:1500
2018-05-15_23:09:26:590- message sent - id:0 - topic:mqtt-roundtrip-qos0-1500Byte-100-cycles_2 - qos:0 - size:1500
2018-05-15_23:09:26:590- message received - id:0 - topic:mqtt-roundtrip-qos0-1500Byte-100-cycles - qos:0 - size:1500
2018-05-15_23:09:26:590- message sent - id:0 - topic:mqtt-roundtrip-qos0-1500Byte-100-cycles_2 - qos:0 - size:1500
2018-05-15_23:09:26:591- message received - id:0 - topic:mqtt-roundtrip-qos0-1500Byte-100-cycles - qos:0 - size:1500
2018-05-15_23:09:26:591- message sent - id:0 - topic:mqtt-roundtrip-qos0-1500Byte-100-cycles_2 - qos:0 - size:1500
2018-05-15_23:09:26:591- message received - id:0 - topic:mqtt-roundtrip-qos0-1500Byte-100-cycles - qos:0 - size:1500
2018-05-15_23:09:26:591- message sent - id:0 - topic:mqtt-roundtrip-qos0-1500Byte-100-cycles_2 - qos:0 - size:1500
2018-05-15_23:09:26:592- message received - id:0 - topic:mqtt-roundtrip-qos0-1500Byte-100-cycles - qos:0 - size:1500
2018-05-15_23:09:26:592- message sent - id:0 - topic:mqtt-roundtrip-qos0-1500Byte-100-cycles_2 - qos:0 - size:1500
2018-05-15_23:09:26:592- message received - id:0 - topic:mqtt-roundtrip-qos0-1500Byte-100-cycles - qos:0 - size:1500
2018-05-15_23:09:26:592- message sent - id:0 - topic:mqtt-roundtrip-qos0-1500Byte-100-cycles_2 - qos:0 - size:1500
2018-05-15_23:09:26:592- message received - id:0 - topic:mqtt-roundtrip-qos0-1500Byte-100-cycles - qos:0 - size:1500
2018-05-15_23:09:26:593- message sent - id:0 - topic:mqtt-roundtrip-qos0-1500Byte-100-cycles_2 - qos:0 - size:1500
2018-05-15_23:09:26:593- message received - id:0 - topic:mqtt-roundtrip-qos0-1500Byte-100-cycles - qos:0 - size:1500
2018-05-15_23:09:26:593- message sent - id:0 - topic:mqtt-roundtrip-qos0-1500Byte-100-cycles_2 - qos:0 - size:1500
2018-05-15_23:09:26:594- message received - id:0 - topic:mqtt-roundtrip-qos0-1500Byte-100-cycles - qos:0 - size:1500
2018-05-15_23:09:26:594- message sent - id:0 - topic:mqtt-roundtrip-qos0-1500Byte-100-cycles_2 - qos:0 - size:1500
2018-05-15_23:09:26:594- message received - id:0 - topic:mqtt-roundtrip-qos0-1500Byte-100-cycles - qos:0 - size:1500
2018-05-15_23:09:26:594- message sent - id:0 - topic:mqtt-roundtrip-qos0-1500Byte-100-cycles_2 - qos:0 - size:1500
2018-05-15_23:09:26:595- message received - id:0 - topic:mqtt-roundtrip-qos0-1500Byte-100-cycles - qos:0 - size:1500
2018-05-15_23:09:26:595- message sent - id:0 - topic:mqtt-roundtrip-qos0-1500Byte-100-cycles_2 - qos:0 - size:1500
2018-05-15_23:09:26:595- message received - id:0 - topic:mqtt-roundtrip-qos0-1500Byte-100-cycles - qos:0 - size:1500
2018-05-15_23:09:26:595- message sent - id:0 - topic:mqtt-roundtrip-qos0-1500Byte-100-cycles_2 - qos:0 - size:1500
2018-05-15_23:09:26:596- message received - id:0 - topic:mqtt-roundtrip-qos0-1500Byte-100-cycles - qos:0 - size:1500
2018-05-15_23:09:26:596- message sent - id:0 - topic:mqtt-roundtrip-qos0-1500Byte-100-cycles_2 - qos:0 - size:1500
2018-05-15_23:09:26:596- message received - id:0 - topic:mqtt-roundtrip-qos0-1500Byte-100-cycles - qos:0 - size:1500
2018-05-15_23:09:26:596- message sent - id:0 - topic:mqtt-roundtrip-qos0-1500Byte-100-cycles_2 - qos:0 - size:1500
2018-05-15_23:09:26:597- message received - id:0 - topic:mqtt-roundtrip-qos0-1500Byte-100-cycles - qos:0 - size:1500
2018-05-15_23:09:26:597- message sent - id:0 - topic:mqtt-roundtrip-qos0-1500Byte-100-cycles_2 - qos:0 - size:1500
2018-05-15_23:09:26:597- message received - id:0 - topic:mqtt-roundtrip-qos0-1500Byte-100-cycles - qos:0 - size:1500
2018-05-15_23:09:26:597- message sent - id:0 - topic:mqtt-roundtrip-qos0-1500Byte-100-cycles_2 - qos:0 - size:1500
2018-05-15_23:09:26:598- message received - id:0 - topic:mqtt-roundtrip-qos0-1500Byte-100-cycles - qos:0 - size:1500
2018-05-15_23:09:26:598- message sent - id:0 - topic:mqtt-roundtrip-qos0-1500Byte-100-cycles_2 - qos:0 - size:1500
2018-05-15_23:09:26:598- message received - id:0 - topic:mqtt-roundtrip-qos0-1500Byte-100-cycles - qos:0 - size:1500
2018-05-15_23:09:26:598- message sent - id:0 - topic:mqtt-roundtrip-qos0-1500Byte-100-cycles_2 - qos:0 - size:1500
2018-05-15_23:09:26:599- message received - id:0 - topic:mqtt-roundtrip-qos0-1500Byte-100-cycles - qos:0 - size:1500
2018-05-15_23:09:26:599- message sent - id:0 - topic:mqtt-roundtrip-qos0-1500Byte-100-cycles_2 - qos:0 - size:1500
2018-05-15_23:09:26:599- message received - id:0 - topic:mqtt-roundtrip-qos0-1500Byte-100-cycles - qos:0 - size:1500
2018-05-15_23:09:26:599- message sent - id:0 - topic:mqtt-roundtrip-qos0-1500Byte-100-cycles_2 - qos:0 - size:1500
2018-05-15_23:09:26:600- message received - id:0 - topic:mqtt-roundtrip-qos0-1500Byte-100-cycles - qos:0 - size:1500
2018-05-15_23:09:26:600- message sent - id:0 - topic:mqtt-roundtrip-qos0-1500Byte-100-cycles_2 - qos:0 - size:1500
2018-05-15_23:09:26:600- message received - id:0 - topic:mqtt-roundtrip-qos0-1500Byte-100-cycles - qos:0 - size:1500
2018-05-15_23:09:26:600- message sent - id:0 - topic:mqtt-roundtrip-qos0-1500Byte-100-cycles_2 - qos:0 - size:1500
2018-05-15_23:09:26:601- message received - id:0 - topic:mqtt-roundtrip-qos0-1500Byte-100-cycles - qos:0 - size:1500
2018-05-15_23:09:26:601- message sent - id:0 - topic:mqtt-roundtrip-qos0-1500Byte-100-cycles_2 - qos:0 - size:1500
2018-05-15_23:09:26:601- message received - id:0 - topic:mqtt-roundtrip-qos0-1500Byte-100-cycles - qos:0 - size:1500
2018-05-15_23:09:26:601- message sent - id:0 - topic:mqtt-roundtrip-qos0-1500Byte-100-cycles_2 - qos:0 - size:1500
2018-05-15_23:09:26:602- message received - id:0 - topic:mqtt-roundtrip-qos0-1500Byte-100-cycles - qos:0 - size:1500
2018-05-15_23:09:26:602- message sent - id:0 - topic:mqtt-roundtrip-qos0-1500Byte-100-cycles_2 - qos:0 - size:1500
2018-05-15_23:09:26:602- message received - id:0 - topic:mqtt-roundtrip-qos0-1500Byte-100-cycles - qos:0 - size:1500
2018-05-15_23:09:26:602- message sent - id:0 - topic:mqtt-roundtrip-qos0-1500Byte-100-cycles_2 - qos:0 - size:1500
2018-05-15_23:09:26:603- message received - id:0 - topic:mqtt-roundtrip-qos0-1500Byte-100-cycles - qos:0 - size:1500
2018-05-15_23:09:26:603- message sent - id:0 - topic:mqtt-roundtrip-qos0-1500Byte-100-cycles_2 - qos:0 - size:1500
2018-05-15_23:09:26:603- message received - id:0 - topic:mqtt-roundtrip-qos0-1500Byte-100-cycles - qos:0 - size:1500
2018-05-15_23:09:26:603- message sent - id:0 - topic:mqtt-roundtrip-qos0-1500Byte-100-cycles_2 - qos:0 - size:1500
2018-05-15_23:09:26:603- message received - id:0 - topic:mqtt-roundtrip-qos0-1500Byte-100-cycles - qos:0 - size:1500
2018-05-15_23:09:26:604- message sent - id:0 - topic:mqtt-roundtrip-qos0-1500Byte-100-cycles_2 - qos:0 - size:1500
2018-05-15_23:09:26:604- message received - id:0 - topic:mqtt-roundtrip-qos0-1500Byte-100-cycles - qos:0 - size:1500
2018-05-15_23:09:26:604- message sent - id:0 - topic:mqtt-roundtrip-qos0-1500Byte-100-cycles_2 - qos:0 - size:1500
2018-05-15_23:09:26:604- message received - id:0 - topic:mqtt-roundtrip-qos0-1500Byte-100-cycles - qos:0 - size:1500
2018-05-15_23:09:26:604- message sent - id:0 - topic:mqtt-roundtrip-qos0-1500Byte-100-cycles_2 - qos:0 - size:1500
2018-05-15_23:09:26:605- message received - id:0 - topic:mqtt-roundtrip-qos0-1500Byte-100-cycles - qos:0 - size:1500
2018-05-15_23:09:26:605- message sent - id:0 - topic:mqtt-roundtrip-qos0-1500Byte-100-cycles_2 - qos:0 - size:1500
2018-05-15_23:09:26:605- message received - id:0 - topic:mqtt-roundtrip-qos0-1500Byte-100-cycles - qos:0 - size:1500
2018-05-15_23:09:26:605- message sent - id:0 - topic:mqtt-roundtrip-qos0-1500Byte-100-cycles_2 - qos:0 - size:1500
2018-05-15_23:09:26:606- message received - id:0 - topic:mqtt-roundtrip-qos0-1500Byte-100-cycles - qos:0 - size:1500
2018-05-15_23:09:26:606- message sent - id:0 - topic:mqtt-roundtrip-qos0-1500Byte-100-cycles_2 - qos:0 - size:1500
2018-05-15_23:09:26:606- message received - id:0 - topic:mqtt-roundtrip-qos0-1500Byte-100-cycles - qos:0 - size:1500
2018-05-15_23:09:26:606- message sent - id:0 - topic:mqtt-roundtrip-qos0-1500Byte-100-cycles_2 - qos:0 - size:1500
2018-05-15_23:09:26:607- message received - id:0 - topic:mqtt-roundtrip-qos0-1500Byte-100-cycles - qos:0 - size:1500
2018-05-15_23:09:26:607- message sent - id:0 - topic:mqtt-roundtrip-qos0-1500Byte-100-cycles_2 - qos:0 - size:1500
2018-05-15_23:09:26:607- message received - id:0 - topic:mqtt-roundtrip-qos0-1500Byte-100-cycles - qos:0 - size:1500
2018-05-15_23:09:26:607- message sent - id:0 - topic:mqtt-roundtrip-qos0-1500Byte-100-cycles_2 - qos:0 - size:1500
2018-05-15_23:09:26:607- message received - id:0 - topic:mqtt-roundtrip-qos0-1500Byte-100-cycles - qos:0 - size:1500
2018-05-15_23:09:26:608- message sent - id:0 - topic:mqtt-roundtrip-qos0-1500Byte-100-cycles_2 - qos:0 - size:1500
2018-05-15_23:09:26:608- message received - id:0 - topic:mqtt-roundtrip-qos0-1500Byte-100-cycles - qos:0 - size:1500
2018-05-15_23:09:26:608- message sent - id:0 - topic:mqtt-roundtrip-qos0-1500Byte-100-cycles_2 - qos:0 - size:1500
2018-05-15_23:09:26:608- message received - id:0 - topic:mqtt-roundtrip-qos0-1500Byte-100-cycles - qos:0 - size:1500
2018-05-15_23:09:26:609- message sent - id:0 - topic:mqtt-roundtrip-qos0-1500Byte-100-cycles_2 - qos:0 - size:1500
2018-05-15_23:09:26:609- message received - id:0 - topic:mqtt-roundtrip-qos0-1500Byte-100-cycles - qos:0 - size:1500
2018-05-15_23:09:26:609- message sent - id:0 - topic:mqtt-roundtrip-qos0-1500Byte-100-cycles_2 - qos:0 - size:1500
2018-05-15_23:09:26:609- message received - id:0 - topic:mqtt-roundtrip-qos0-1500Byte-100-cycles - qos:0 - size:1500
2018-05-15_23:09:26:609- message sent - id:0 - topic:mqtt-roundtrip-qos0-1500Byte-100-cycles_2 - qos:0 - size:1500
2018-05-15_23:09:26:610- message received - id:0 - topic:mqtt-roundtrip-qos0-1500Byte-100-cycles - qos:0 - size:1500
2018-05-15_23:09:26:610- message sent - id:0 - topic:mqtt-roundtrip-qos0-1500Byte-100-cycles_2 - qos:0 - size:1500
2018-05-15_23:09:26:610- message received - id:0 - topic:mqtt-roundtrip-qos0-1500Byte-100-cycles - qos:0 - size:1500
2018-05-15_23:09:26:610- message sent - id:0 - topic:mqtt-roundtrip-qos0-1500Byte-100-cycles_2 - qos:0 - size:1500
2018-05-15_23:09:26:611- message received - id:0 - topic:mqtt-roundtrip-qos0-1500Byte-100-cycles - qos:0 - size:1500
2018-05-15_23:09:26:611- message sent - id:0 - topic:mqtt-roundtrip-qos0-1500Byte-100-cycles_2 - qos:0 - size:1500
2018-05-15_23:09:26:611- message received - id:0 - topic:mqtt-roundtrip-qos0-1500Byte-100-cycles - qos:0 - size:1500
2018-05-15_23:09:26:611- message sent - id:0 - topic:mqtt-roundtrip-qos0-1500Byte-100-cycles_2 - qos:0 - size:1500
2018-05-15_23:09:26:612- message received - id:0 - topic:mqtt-roundtrip-qos0-1500Byte-100-cycles - qos:0 - size:1500
2018-05-15_23:09:26:612- message sent - id:0 - topic:mqtt-roundtrip-qos0-1500Byte-100-cycles_2 - qos:0 - size:1500
2018-05-15_23:09:26:612- message received - id:0 - topic:mqtt-roundtrip-qos0-1500Byte-100-cycles - qos:0 - size:1500
2018-05-15_23:09:26:612- message sent - id:0 - topic:mqtt-roundtrip-qos0-1500Byte-100-cycles_2 - qos:0 - size:1500
2018-05-15_23:09:26:612- message received - id:0 - topic:mqtt-roundtrip-qos0-1500Byte-100-cycles - qos:0 - size:1500
2018-05-15_23:09:26:613- message sent - id:0 - topic:mqtt-roundtrip-qos0-1500Byte-100-cycles_2 - qos:0 - size:1500
2018-05-15_23:09:26:613- message received - id:0 - topic:mqtt-roundtrip-qos0-1500Byte-100-cycles - qos:0 - size:1500
2018-05-15_23:09:26:613- message sent - id:0 - topic:mqtt-roundtrip-qos0-1500Byte-100-cycles_2 - qos:0 - size:1500
2018-05-15_23:09:26:613- message received - id:0 - topic:mqtt-roundtrip-qos0-1500Byte-100-cycles - qos:0 - size:1500
2018-05-15_23:09:26:614- message sent - id:0 - topic:mqtt-roundtrip-qos0-1500Byte-100-cycles_2 - qos:0 - size:1500
2018-05-15_23:09:26:614- message received - id:0 - topic:mqtt-roundtrip-qos0-1500Byte-100-cycles - qos:0 - size:1500
2018-05-15_23:09:26:614- message sent - id:0 - topic:mqtt-roundtrip-qos0-1500Byte-100-cycles_2 - qos:0 - size:1500
2018-05-15_23:09:26:614- message received - id:0 - topic:mqtt-roundtrip-qos0-1500Byte-100-cycles - qos:0 - size:1500
2018-05-15_23:09:26:614- message sent - id:0 - topic:mqtt-roundtrip-qos0-1500Byte-100-cycles_2 - qos:0 - size:1500
2018-05-15_23:09:26:615- message received - id:0 - topic:mqtt-roundtrip-qos0-1500Byte-100-cycles - qos:0 - size:1500
2018-05-15_23:09:26:615- message sent - id:0 - topic:mqtt-roundtrip-qos0-1500Byte-100-cycles_2 - qos:0 - size:1500
2018-05-15_23:09:26:615- message received - id:0 - topic:mqtt-roundtrip-qos0-1500Byte-100-cycles - qos:0 - size:1500
2018-05-15_23:09:26:615- message sent - id:0 - topic:mqtt-roundtrip-qos0-1500Byte-100-cycles_2 - qos:0 - size:1500
2018-05-15_23:09:26:616- message received - id:0 - topic:mqtt-roundtrip-qos0-1500Byte-100-cycles - qos:0 - size:1500
2018-05-15_23:09:26:616- message sent - id:0 - topic:mqtt-roundtrip-qos0-1500Byte-100-cycles_2 - qos:0 - size:1500
2018-05-15_23:09:26:616- message received - id:0 - topic:mqtt-roundtrip-qos0-1500Byte-100-cycles - qos:0 - size:1500
2018-05-15_23:09:26:616- message sent - id:0 - topic:mqtt-roundtrip-qos0-1500Byte-100-cycles_2 - qos:0 - size:1500
2018-05-15_23:09:26:617- message received - id:0 - topic:mqtt-roundtrip-qos0-1500Byte-100-cycles - qos:0 - size:1500
2018-05-15_23:09:26:617- message sent - id:0 - topic:mqtt-roundtrip-qos0-1500Byte-100-cycles_2 - qos:0 - size:1500
2018-05-15_23:09:26:617- message received - id:0 - topic:mqtt-roundtrip-qos0-1500Byte-100-cycles - qos:0 - size:1500
2018-05-15_23:09:26:617- message sent - id:0 - topic:mqtt-roundtrip-qos0-1500Byte-100-cycles_2 - qos:0 - size:1500
2018-05-15_23:09:26:617- message received - id:0 - topic:mqtt-roundtrip-qos0-1500Byte-100-cycles - qos:0 - size:1500
2018-05-15_23:09:26:617- message sent - id:0 - topic:mqtt-roundtrip-qos0-1500Byte-100-cycles_2 - qos:0 - size:1500
2018-05-15_23:09:26:618- message received - id:0 - topic:mqtt-roundtrip-qos0-1500Byte-100-cycles - qos:0 - size:1500
2018-05-15_23:09:26:618- message sent - id:0 - topic:mqtt-roundtrip-qos0-1500Byte-100-cycles_2 - qos:0 - size:1500
2018-05-15_23:09:26:618- message received - id:0 - topic:mqtt-roundtrip-qos0-1500Byte-100-cycles - qos:0 - size:1500
2018-05-15_23:09:26:618- message sent - id:0 - topic:mqtt-roundtrip-qos0-1500Byte-100-cycles_2 - qos:0 - size:1500
2018-05-15_23:09:26:618- message received - id:0 - topic:mqtt-roundtrip-qos0-1500Byte-100-cycles - qos:0 - size:1500
2018-05-15_23:09:26:618- message sent - id:0 - topic:mqtt-roundtrip-qos0-1500Byte-100-cycles_2 - qos:0 - size:1500
2018-05-15_23:09:26:619- message received - id:0 - topic:mqtt-roundtrip-qos0-1500Byte-100-cycles - qos:0 - size:1500
2018-05-15_23:09:26:619- message sent - id:0 - topic:mqtt-roundtrip-qos0-1500Byte-100-cycles_2 - qos:0 - size:1500
2018-05-15_23:09:26:619- message received - id:0 - topic:mqtt-roundtrip-qos0-1500Byte-100-cycles - qos:0 - size:1500
2018-05-15_23:09:26:619- message sent - id:0 - topic:mqtt-roundtrip-qos0-1500Byte-100-cycles_2 - qos:0 - size:1500
2018-05-15_23:09:26:620- message received - id:0 - topic:mqtt-roundtrip-qos0-1500Byte-100-cycles - qos:0 - size:1500
2018-05-15_23:09:26:620- message sent - id:0 - topic:mqtt-roundtrip-qos0-1500Byte-100-cycles_2 - qos:0 - size:1500
2018-05-15_23:09:26:620- message received - id:0 - topic:mqtt-roundtrip-qos0-1500Byte-100-cycles - qos:0 - size:1500
2018-05-15_23:09:26:620- message sent - id:0 - topic:mqtt-roundtrip-qos0-1500Byte-100-cycles_2 - qos:0 - size:1500
2018-05-15_23:09:26:621- message received - id:0 - topic:mqtt-roundtrip-qos0-1500Byte-100-cycles - qos:0 - size:1500
2018-05-15_23:09:26:621- message sent - id:0 - topic:mqtt-roundtrip-qos0-1500Byte-100-cycles_2 - qos:0 - size:1500
2018-05-15_23:09:26:621- message received - id:0 - topic:mqtt-roundtrip-qos0-1500Byte-100-cycles - qos:0 - size:1500
2018-05-15_23:09:26:622- message sent - id:0 - topic:mqtt-roundtrip-qos0-1500Byte-100-cycles_2 - qos:0 - size:1500
