2018-05-15_23:10:18:830- connecting to broker 192.168.1.100:1883
2018-05-15_23:10:18:831- Subscribing to topic mqtt-roundtrip-qos2-1500Byte-100-cycles_2
2018-05-15_23:10:18:831- subscribe returned (0, 1)
2018-05-15_23:10:18:831- Client connected to broker
2018-05-15_23:10:21:195- Performing message publishing for 100 cycles
2018-05-15_23:10:21:205- message sent - id:2 - topic:mqtt-roundtrip-qos2-1500Byte-100-cycles - qos:2 - size:1500
2018-05-15_23:10:21:205- message sent - id:3 - topic:mqtt-roundtrip-qos2-1500Byte-100-cycles - qos:2 - size:1500
2018-05-15_23:10:21:206- message received - id:0 - topic:mqtt-roundtrip-qos2-1500Byte-100-cycles_2 - qos:0 - size:1500
2018-05-15_23:10:21:206- message received - id:0 - topic:mqtt-roundtrip-qos2-1500Byte-100-cycles_2 - qos:0 - size:1500
2018-05-15_23:10:21:206- message sent - id:4 - topic:mqtt-roundtrip-qos2-1500Byte-100-cycles - qos:2 - size:1500
2018-05-15_23:10:21:206- message sent - id:5 - topic:mqtt-roundtrip-qos2-1500Byte-100-cycles - qos:2 - size:1500
2018-05-15_23:10:21:207- message sent - id:6 - topic:mqtt-roundtrip-qos2-1500Byte-100-cycles - qos:2 - size:1500
2018-05-15_23:10:21:207- message sent - id:7 - topic:mqtt-roundtrip-qos2-1500Byte-100-cycles - qos:2 - size:1500
2018-05-15_23:10:21:208- message received - id:0 - topic:mqtt-roundtrip-qos2-1500Byte-100-cycles_2 - qos:0 - size:1500
2018-05-15_23:10:21:208- message sent - id:8 - topic:mqtt-roundtrip-qos2-1500Byte-100-cycles - qos:2 - size:1500
2018-05-15_23:10:21:209- message received - id:0 - topic:mqtt-roundtrip-qos2-1500Byte-100-cycles_2 - qos:0 - size:1500
2018-05-15_23:10:21:209- message sent - id:9 - topic:mqtt-roundtrip-qos2-1500Byte-100-cycles - qos:2 - size:1500
2018-05-15_23:10:21:209- message received - id:0 - topic:mqtt-roundtrip-qos2-1500Byte-100-cycles_2 - qos:0 - size:1500
2018-05-15_23:10:21:209- message sent - id:10 - topic:mqtt-roundtrip-qos2-1500Byte-100-cycles - qos:2 - size:1500
2018-05-15_23:10:21:210- message received - id:0 - topic:mqtt-roundtrip-qos2-1500Byte-100-cycles_2 - qos:0 - size:1500
2018-05-15_23:10:21:210- message sent - id:11 - topic:mqtt-roundtrip-qos2-1500Byte-100-cycles - qos:2 - size:1500
2018-05-15_23:10:21:210- message sent - id:12 - topic:mqtt-roundtrip-qos2-1500Byte-100-cycles - qos:2 - size:1500
2018-05-15_23:10:21:211- message sent - id:13 - topic:mqtt-roundtrip-qos2-1500Byte-100-cycles - qos:2 - size:1500
2018-05-15_23:10:21:211- message received - id:0 - topic:mqtt-roundtrip-qos2-1500Byte-100-cycles_2 - qos:0 - size:1500
2018-05-15_23:10:21:212- message sent - id:14 - topic:mqtt-roundtrip-qos2-1500Byte-100-cycles - qos:2 - size:1500
2018-05-15_23:10:21:212- message received - id:0 - topic:mqtt-roundtrip-qos2-1500Byte-100-cycles_2 - qos:0 - size:1500
2018-05-15_23:10:21:212- message sent - id:15 - topic:mqtt-roundtrip-qos2-1500Byte-100-cycles - qos:2 - size:1500
2018-05-15_23:10:21:213- message received - id:0 - topic:mqtt-roundtrip-qos2-1500Byte-100-cycles_2 - qos:0 - size:1500
2018-05-15_23:10:21:213- message sent - id:16 - topic:mqtt-roundtrip-qos2-1500Byte-100-cycles - qos:2 - size:1500
2018-05-15_23:10:21:213- message received - id:0 - topic:mqtt-roundtrip-qos2-1500Byte-100-cycles_2 - qos:0 - size:1500
2018-05-15_23:10:21:214- message sent - id:17 - topic:mqtt-roundtrip-qos2-1500Byte-100-cycles - qos:2 - size:1500
2018-05-15_23:10:21:214- message received - id:0 - topic:mqtt-roundtrip-qos2-1500Byte-100-cycles_2 - qos:0 - size:1500
2018-05-15_23:10:21:214- message sent - id:18 - topic:mqtt-roundtrip-qos2-1500Byte-100-cycles - qos:2 - size:1500
2018-05-15_23:10:21:215- message received - id:0 - topic:mqtt-roundtrip-qos2-1500Byte-100-cycles_2 - qos:0 - size:1500
2018-05-15_23:10:21:215- message sent - id:19 - topic:mqtt-roundtrip-qos2-1500Byte-100-cycles - qos:2 - size:1500
2018-05-15_23:10:21:216- message received - id:0 - topic:mqtt-roundtrip-qos2-1500Byte-100-cycles_2 - qos:0 - size:1500
2018-05-15_23:10:21:216- message sent - id:20 - topic:mqtt-roundtrip-qos2-1500Byte-100-cycles - qos:2 - size:1500
2018-05-15_23:10:21:216- message received - id:0 - topic:mqtt-roundtrip-qos2-1500Byte-100-cycles_2 - qos:0 - size:1500
2018-05-15_23:10:21:217- message sent - id:21 - topic:mqtt-roundtrip-qos2-1500Byte-100-cycles - qos:2 - size:1500
2018-05-15_23:10:21:217- message received - id:0 - topic:mqtt-roundtrip-qos2-1500Byte-100-cycles_2 - qos:0 - size:1500
2018-05-15_23:10:21:218- message received - id:0 - topic:mqtt-roundtrip-qos2-1500Byte-100-cycles_2 - qos:0 - size:1500
2018-05-15_23:10:21:218- message received - id:0 - topic:mqtt-roundtrip-qos2-1500Byte-100-cycles_2 - qos:0 - size:1500
2018-05-15_23:10:21:218- message received - id:0 - topic:mqtt-roundtrip-qos2-1500Byte-100-cycles_2 - qos:0 - size:1500
2018-05-15_23:10:21:219- message received - id:0 - topic:mqtt-roundtrip-qos2-1500Byte-100-cycles_2 - qos:0 - size:1500
2018-05-15_23:10:21:219- message received - id:0 - topic:mqtt-roundtrip-qos2-1500Byte-100-cycles_2 - qos:0 - size:1500
2018-05-15_23:10:21:224- message sent - id:22 - topic:mqtt-roundtrip-qos2-1500Byte-100-cycles - qos:2 - size:1500
2018-05-15_23:10:21:224- message sent - id:23 - topic:mqtt-roundtrip-qos2-1500Byte-100-cycles - qos:2 - size:1500
2018-05-15_23:10:21:224- message sent - id:24 - topic:mqtt-roundtrip-qos2-1500Byte-100-cycles - qos:2 - size:1500
2018-05-15_23:10:21:225- message received - id:0 - topic:mqtt-roundtrip-qos2-1500Byte-100-cycles_2 - qos:0 - size:1500
2018-05-15_23:10:21:225- message received - id:0 - topic:mqtt-roundtrip-qos2-1500Byte-100-cycles_2 - qos:0 - size:1500
2018-05-15_23:10:21:225- message received - id:0 - topic:mqtt-roundtrip-qos2-1500Byte-100-cycles_2 - qos:0 - size:1500
2018-05-15_23:10:21:226- message sent - id:25 - topic:mqtt-roundtrip-qos2-1500Byte-100-cycles - qos:2 - size:1500
2018-05-15_23:10:21:226- message sent - id:26 - topic:mqtt-roundtrip-qos2-1500Byte-100-cycles - qos:2 - size:1500
2018-05-15_23:10:21:226- message sent - id:27 - topic:mqtt-roundtrip-qos2-1500Byte-100-cycles - qos:2 - size:1500
2018-05-15_23:10:21:226- message received - id:0 - topic:mqtt-roundtrip-qos2-1500Byte-100-cycles_2 - qos:0 - size:1500
2018-05-15_23:10:21:226- message received - id:0 - topic:mqtt-roundtrip-qos2-1500Byte-100-cycles_2 - qos:0 - size:1500
2018-05-15_23:10:21:227- message received - id:0 - topic:mqtt-roundtrip-qos2-1500Byte-100-cycles_2 - qos:0 - size:1500
2018-05-15_23:10:21:227- message sent - id:28 - topic:mqtt-roundtrip-qos2-1500Byte-100-cycles - qos:2 - size:1500
2018-05-15_23:10:21:228- message sent - id:29 - topic:mqtt-roundtrip-qos2-1500Byte-100-cycles - qos:2 - size:1500
2018-05-15_23:10:21:228- message sent - id:30 - topic:mqtt-roundtrip-qos2-1500Byte-100-cycles - qos:2 - size:1500
2018-05-15_23:10:21:229- message sent - id:31 - topic:mqtt-roundtrip-qos2-1500Byte-100-cycles - qos:2 - size:1500
2018-05-15_23:10:21:230- message received - id:0 - topic:mqtt-roundtrip-qos2-1500Byte-100-cycles_2 - qos:0 - size:1500
2018-05-15_23:10:21:230- message sent - id:32 - topic:mqtt-roundtrip-qos2-1500Byte-100-cycles - qos:2 - size:1500
2018-05-15_23:10:21:231- message sent - id:33 - topic:mqtt-roundtrip-qos2-1500Byte-100-cycles - qos:2 - size:1500
2018-05-15_23:10:21:231- message received - id:0 - topic:mqtt-roundtrip-qos2-1500Byte-100-cycles_2 - qos:0 - size:1500
2018-05-15_23:10:21:231- message sent - id:34 - topic:mqtt-roundtrip-qos2-1500Byte-100-cycles - qos:2 - size:1500
2018-05-15_23:10:21:231- message received - id:0 - topic:mqtt-roundtrip-qos2-1500Byte-100-cycles_2 - qos:0 - size:1500
2018-05-15_23:10:21:232- message sent - id:35 - topic:mqtt-roundtrip-qos2-1500Byte-100-cycles - qos:2 - size:1500
2018-05-15_23:10:21:232- message received - id:0 - topic:mqtt-roundtrip-qos2-1500Byte-100-cycles_2 - qos:0 - size:1500
2018-05-15_23:10:21:232- message sent - id:36 - topic:mqtt-roundtrip-qos2-1500Byte-100-cycles - qos:2 - size:1500
2018-05-15_23:10:21:232- message received - id:0 - topic:mqtt-roundtrip-qos2-1500Byte-100-cycles_2 - qos:0 - size:1500
2018-05-15_23:10:21:233- message sent - id:37 - topic:mqtt-roundtrip-qos2-1500Byte-100-cycles - qos:2 - size:1500
2018-05-15_23:10:21:233- message sent - id:38 - topic:mqtt-roundtrip-qos2-1500Byte-100-cycles - qos:2 - size:1500
2018-05-15_23:10:21:234- message sent - id:39 - topic:mqtt-roundtrip-qos2-1500Byte-100-cycles - qos:2 - size:1500
2018-05-15_23:10:21:234- message received - id:0 - topic:mqtt-roundtrip-qos2-1500Byte-100-cycles_2 - qos:0 - size:1500
2018-05-15_23:10:21:234- message sent - id:40 - topic:mqtt-roundtrip-qos2-1500Byte-100-cycles - qos:2 - size:1500
2018-05-15_23:10:21:235- message received - id:0 - topic:mqtt-roundtrip-qos2-1500Byte-100-cycles_2 - qos:0 - size:1500
2018-05-15_23:10:21:235- message sent - id:41 - topic:mqtt-roundtrip-qos2-1500Byte-100-cycles - qos:2 - size:1500
2018-05-15_23:10:21:235- message received - id:0 - topic:mqtt-roundtrip-qos2-1500Byte-100-cycles_2 - qos:0 - size:1500
2018-05-15_23:10:21:235- message received - id:0 - topic:mqtt-roundtrip-qos2-1500Byte-100-cycles_2 - qos:0 - size:1500
2018-05-15_23:10:21:236- message received - id:0 - topic:mqtt-roundtrip-qos2-1500Byte-100-cycles_2 - qos:0 - size:1500
2018-05-15_23:10:21:237- message received - id:0 - topic:mqtt-roundtrip-qos2-1500Byte-100-cycles_2 - qos:0 - size:1500
2018-05-15_23:10:21:237- message received - id:0 - topic:mqtt-roundtrip-qos2-1500Byte-100-cycles_2 - qos:0 - size:1500
2018-05-15_23:10:21:237- message received - id:0 - topic:mqtt-roundtrip-qos2-1500Byte-100-cycles_2 - qos:0 - size:1500
2018-05-15_23:10:21:238- message received - id:0 - topic:mqtt-roundtrip-qos2-1500Byte-100-cycles_2 - qos:0 - size:1500
2018-05-15_23:10:21:239- message sent - id:42 - topic:mqtt-roundtrip-qos2-1500Byte-100-cycles - qos:2 - size:1500
2018-05-15_23:10:21:239- message sent - id:43 - topic:mqtt-roundtrip-qos2-1500Byte-100-cycles - qos:2 - size:1500
2018-05-15_23:10:21:240- message sent - id:44 - topic:mqtt-roundtrip-qos2-1500Byte-100-cycles - qos:2 - size:1500
2018-05-15_23:10:21:240- message sent - id:45 - topic:mqtt-roundtrip-qos2-1500Byte-100-cycles - qos:2 - size:1500
2018-05-15_23:10:21:240- message sent - id:46 - topic:mqtt-roundtrip-qos2-1500Byte-100-cycles - qos:2 - size:1500
2018-05-15_23:10:21:241- message sent - id:47 - topic:mqtt-roundtrip-qos2-1500Byte-100-cycles - qos:2 - size:1500
2018-05-15_23:10:21:241- message received - id:0 - topic:mqtt-roundtrip-qos2-1500Byte-100-cycles_2 - qos:0 - size:1500
2018-05-15_23:10:21:242- message sent - id:48 - topic:mqtt-roundtrip-qos2-1500Byte-100-cycles - qos:2 - size:1500
2018-05-15_23:10:21:242- message received - id:0 - topic:mqtt-roundtrip-qos2-1500Byte-100-cycles_2 - qos:0 - size:1500
2018-05-15_23:10:21:243- message sent - id:49 - topic:mqtt-roundtrip-qos2-1500Byte-100-cycles - qos:2 - size:1500
2018-05-15_23:10:21:243- message received - id:0 - topic:mqtt-roundtrip-qos2-1500Byte-100-cycles_2 - qos:0 - size:1500
2018-05-15_23:10:21:243- message sent - id:50 - topic:mqtt-roundtrip-qos2-1500Byte-100-cycles - qos:2 - size:1500
2018-05-15_23:10:21:243- message received - id:0 - topic:mqtt-roundtrip-qos2-1500Byte-100-cycles_2 - qos:0 - size:1500
2018-05-15_23:10:21:243- message sent - id:51 - topic:mqtt-roundtrip-qos2-1500Byte-100-cycles - qos:2 - size:1500
2018-05-15_23:10:21:244- message received - id:0 - topic:mqtt-roundtrip-qos2-1500Byte-100-cycles_2 - qos:0 - size:1500
2018-05-15_23:10:21:244- message sent - id:52 - topic:mqtt-roundtrip-qos2-1500Byte-100-cycles - qos:2 - size:1500
2018-05-15_23:10:21:245- message received - id:0 - topic:mqtt-roundtrip-qos2-1500Byte-100-cycles_2 - qos:0 - size:1500
2018-05-15_23:10:21:245- message sent - id:53 - topic:mqtt-roundtrip-qos2-1500Byte-100-cycles - qos:2 - size:1500
2018-05-15_23:10:21:246- message received - id:0 - topic:mqtt-roundtrip-qos2-1500Byte-100-cycles_2 - qos:0 - size:1500
2018-05-15_23:10:21:246- message sent - id:54 - topic:mqtt-roundtrip-qos2-1500Byte-100-cycles - qos:2 - size:1500
2018-05-15_23:10:21:246- message received - id:0 - topic:mqtt-roundtrip-qos2-1500Byte-100-cycles_2 - qos:0 - size:1500
2018-05-15_23:10:21:246- message sent - id:55 - topic:mqtt-roundtrip-qos2-1500Byte-100-cycles - qos:2 - size:1500
2018-05-15_23:10:21:247- message received - id:0 - topic:mqtt-roundtrip-qos2-1500Byte-100-cycles_2 - qos:0 - size:1500
2018-05-15_23:10:21:247- message sent - id:56 - topic:mqtt-roundtrip-qos2-1500Byte-100-cycles - qos:2 - size:1500
2018-05-15_23:10:21:248- message received - id:0 - topic:mqtt-roundtrip-qos2-1500Byte-100-cycles_2 - qos:0 - size:1500
2018-05-15_23:10:21:248- message sent - id:57 - topic:mqtt-roundtrip-qos2-1500Byte-100-cycles - qos:2 - size:1500
2018-05-15_23:10:21:248- message received - id:0 - topic:mqtt-roundtrip-qos2-1500Byte-100-cycles_2 - qos:0 - size:1500
2018-05-15_23:10:21:248- message sent - id:58 - topic:mqtt-roundtrip-qos2-1500Byte-100-cycles - qos:2 - size:1500
2018-05-15_23:10:21:249- message received - id:0 - topic:mqtt-roundtrip-qos2-1500Byte-100-cycles_2 - qos:0 - size:1500
2018-05-15_23:10:21:249- message sent - id:59 - topic:mqtt-roundtrip-qos2-1500Byte-100-cycles - qos:2 - size:1500
2018-05-15_23:10:21:249- message received - id:0 - topic:mqtt-roundtrip-qos2-1500Byte-100-cycles_2 - qos:0 - size:1500
2018-05-15_23:10:21:249- message sent - id:60 - topic:mqtt-roundtrip-qos2-1500Byte-100-cycles - qos:2 - size:1500
2018-05-15_23:10:21:250- message received - id:0 - topic:mqtt-roundtrip-qos2-1500Byte-100-cycles_2 - qos:0 - size:1500
2018-05-15_23:10:21:250- message sent - id:61 - topic:mqtt-roundtrip-qos2-1500Byte-100-cycles - qos:2 - size:1500
2018-05-15_23:10:21:251- message received - id:0 - topic:mqtt-roundtrip-qos2-1500Byte-100-cycles_2 - qos:0 - size:1500
2018-05-15_23:10:21:252- message received - id:0 - topic:mqtt-roundtrip-qos2-1500Byte-100-cycles_2 - qos:0 - size:1500
2018-05-15_23:10:21:252- message received - id:0 - topic:mqtt-roundtrip-qos2-1500Byte-100-cycles_2 - qos:0 - size:1500
2018-05-15_23:10:21:252- message received - id:0 - topic:mqtt-roundtrip-qos2-1500Byte-100-cycles_2 - qos:0 - size:1500
2018-05-15_23:10:21:252- message received - id:0 - topic:mqtt-roundtrip-qos2-1500Byte-100-cycles_2 - qos:0 - size:1500
2018-05-15_23:10:21:253- message received - id:0 - topic:mqtt-roundtrip-qos2-1500Byte-100-cycles_2 - qos:0 - size:1500
2018-05-15_23:10:21:256- message sent - id:62 - topic:mqtt-roundtrip-qos2-1500Byte-100-cycles - qos:2 - size:1500
2018-05-15_23:10:21:256- message sent - id:63 - topic:mqtt-roundtrip-qos2-1500Byte-100-cycles - qos:2 - size:1500
2018-05-15_23:10:21:256- message sent - id:64 - topic:mqtt-roundtrip-qos2-1500Byte-100-cycles - qos:2 - size:1500
2018-05-15_23:10:21:256- message received - id:0 - topic:mqtt-roundtrip-qos2-1500Byte-100-cycles_2 - qos:0 - size:1500
2018-05-15_23:10:21:257- message received - id:0 - topic:mqtt-roundtrip-qos2-1500Byte-100-cycles_2 - qos:0 - size:1500
2018-05-15_23:10:21:257- message received - id:0 - topic:mqtt-roundtrip-qos2-1500Byte-100-cycles_2 - qos:0 - size:1500
2018-05-15_23:10:21:257- message sent - id:65 - topic:mqtt-roundtrip-qos2-1500Byte-100-cycles - qos:2 - size:1500
2018-05-15_23:10:21:257- message sent - id:66 - topic:mqtt-roundtrip-qos2-1500Byte-100-cycles - qos:2 - size:1500
2018-05-15_23:10:21:257- message sent - id:67 - topic:mqtt-roundtrip-qos2-1500Byte-100-cycles - qos:2 - size:1500
2018-05-15_23:10:21:258- message sent - id:68 - topic:mqtt-roundtrip-qos2-1500Byte-100-cycles - qos:2 - size:1500
2018-05-15_23:10:21:258- message sent - id:69 - topic:mqtt-roundtrip-qos2-1500Byte-100-cycles - qos:2 - size:1500
2018-05-15_23:10:21:258- message received - id:0 - topic:mqtt-roundtrip-qos2-1500Byte-100-cycles_2 - qos:0 - size:1500
2018-05-15_23:10:21:259- message received - id:0 - topic:mqtt-roundtrip-qos2-1500Byte-100-cycles_2 - qos:0 - size:1500
2018-05-15_23:10:21:259- message sent - id:70 - topic:mqtt-roundtrip-qos2-1500Byte-100-cycles - qos:2 - size:1500
2018-05-15_23:10:21:259- message received - id:0 - topic:mqtt-roundtrip-qos2-1500Byte-100-cycles_2 - qos:0 - size:1500
2018-05-15_23:10:21:259- message sent - id:71 - topic:mqtt-roundtrip-qos2-1500Byte-100-cycles - qos:2 - size:1500
2018-05-15_23:10:21:260- message received - id:0 - topic:mqtt-roundtrip-qos2-1500Byte-100-cycles_2 - qos:0 - size:1500
2018-05-15_23:10:21:260- message sent - id:72 - topic:mqtt-roundtrip-qos2-1500Byte-100-cycles - qos:2 - size:1500
2018-05-15_23:10:21:261- message received - id:0 - topic:mqtt-roundtrip-qos2-1500Byte-100-cycles_2 - qos:0 - size:1500
2018-05-15_23:10:21:261- message sent - id:73 - topic:mqtt-roundtrip-qos2-1500Byte-100-cycles - qos:2 - size:1500
2018-05-15_23:10:21:261- message received - id:0 - topic:mqtt-roundtrip-qos2-1500Byte-100-cycles_2 - qos:0 - size:1500
2018-05-15_23:10:21:262- message sent - id:74 - topic:mqtt-roundtrip-qos2-1500Byte-100-cycles - qos:2 - size:1500
2018-05-15_23:10:21:262- message received - id:0 - topic:mqtt-roundtrip-qos2-1500Byte-100-cycles_2 - qos:0 - size:1500
2018-05-15_23:10:21:262- message sent - id:75 - topic:mqtt-roundtrip-qos2-1500Byte-100-cycles - qos:2 - size:1500
2018-05-15_23:10:21:263- message received - id:0 - topic:mqtt-roundtrip-qos2-1500Byte-100-cycles_2 - qos:0 - size:1500
2018-05-15_23:10:21:263- message sent - id:76 - topic:mqtt-roundtrip-qos2-1500Byte-100-cycles - qos:2 - size:1500
2018-05-15_23:10:21:264- message received - id:0 - topic:mqtt-roundtrip-qos2-1500Byte-100-cycles_2 - qos:0 - size:1500
2018-05-15_23:10:21:264- message sent - id:77 - topic:mqtt-roundtrip-qos2-1500Byte-100-cycles - qos:2 - size:1500
2018-05-15_23:10:21:264- message received - id:0 - topic:mqtt-roundtrip-qos2-1500Byte-100-cycles_2 - qos:0 - size:1500
2018-05-15_23:10:21:264- message sent - id:78 - topic:mqtt-roundtrip-qos2-1500Byte-100-cycles - qos:2 - size:1500
2018-05-15_23:10:21:265- message received - id:0 - topic:mqtt-roundtrip-qos2-1500Byte-100-cycles_2 - qos:0 - size:1500
2018-05-15_23:10:21:265- message sent - id:79 - topic:mqtt-roundtrip-qos2-1500Byte-100-cycles - qos:2 - size:1500
2018-05-15_23:10:21:266- message received - id:0 - topic:mqtt-roundtrip-qos2-1500Byte-100-cycles_2 - qos:0 - size:1500
2018-05-15_23:10:21:266- message sent - id:80 - topic:mqtt-roundtrip-qos2-1500Byte-100-cycles - qos:2 - size:1500
2018-05-15_23:10:21:266- message received - id:0 - topic:mqtt-roundtrip-qos2-1500Byte-100-cycles_2 - qos:0 - size:1500
2018-05-15_23:10:21:267- message sent - id:81 - topic:mqtt-roundtrip-qos2-1500Byte-100-cycles - qos:2 - size:1500
2018-05-15_23:10:21:267- message received - id:0 - topic:mqtt-roundtrip-qos2-1500Byte-100-cycles_2 - qos:0 - size:1500
2018-05-15_23:10:21:267- message received - id:0 - topic:mqtt-roundtrip-qos2-1500Byte-100-cycles_2 - qos:0 - size:1500
2018-05-15_23:10:21:268- message received - id:0 - topic:mqtt-roundtrip-qos2-1500Byte-100-cycles_2 - qos:0 - size:1500
2018-05-15_23:10:21:268- message received - id:0 - topic:mqtt-roundtrip-qos2-1500Byte-100-cycles_2 - qos:0 - size:1500
2018-05-15_23:10:21:270- message sent - id:82 - topic:mqtt-roundtrip-qos2-1500Byte-100-cycles - qos:2 - size:1500
2018-05-15_23:10:21:270- message sent - id:83 - topic:mqtt-roundtrip-qos2-1500Byte-100-cycles - qos:2 - size:1500
2018-05-15_23:10:21:270- message sent - id:84 - topic:mqtt-roundtrip-qos2-1500Byte-100-cycles - qos:2 - size:1500
2018-05-15_23:10:21:270- message sent - id:85 - topic:mqtt-roundtrip-qos2-1500Byte-100-cycles - qos:2 - size:1500
2018-05-15_23:10:21:271- message sent - id:86 - topic:mqtt-roundtrip-qos2-1500Byte-100-cycles - qos:2 - size:1500
2018-05-15_23:10:21:271- message sent - id:87 - topic:mqtt-roundtrip-qos2-1500Byte-100-cycles - qos:2 - size:1500
2018-05-15_23:10:21:271- message received - id:0 - topic:mqtt-roundtrip-qos2-1500Byte-100-cycles_2 - qos:0 - size:1500
2018-05-15_23:10:21:272- message sent - id:88 - topic:mqtt-roundtrip-qos2-1500Byte-100-cycles - qos:2 - size:1500
2018-05-15_23:10:21:272- message sent - id:89 - topic:mqtt-roundtrip-qos2-1500Byte-100-cycles - qos:2 - size:1500
2018-05-15_23:10:21:272- message received - id:0 - topic:mqtt-roundtrip-qos2-1500Byte-100-cycles_2 - qos:0 - size:1500
2018-05-15_23:10:21:273- message sent - id:90 - topic:mqtt-roundtrip-qos2-1500Byte-100-cycles - qos:2 - size:1500
2018-05-15_23:10:21:273- message received - id:0 - topic:mqtt-roundtrip-qos2-1500Byte-100-cycles_2 - qos:0 - size:1500
2018-05-15_23:10:21:273- message sent - id:91 - topic:mqtt-roundtrip-qos2-1500Byte-100-cycles - qos:2 - size:1500
2018-05-15_23:10:21:273- message received - id:0 - topic:mqtt-roundtrip-qos2-1500Byte-100-cycles_2 - qos:0 - size:1500
2018-05-15_23:10:21:273- message sent - id:92 - topic:mqtt-roundtrip-qos2-1500Byte-100-cycles - qos:2 - size:1500
2018-05-15_23:10:21:274- message received - id:0 - topic:mqtt-roundtrip-qos2-1500Byte-100-cycles_2 - qos:0 - size:1500
2018-05-15_23:10:21:274- message sent - id:93 - topic:mqtt-roundtrip-qos2-1500Byte-100-cycles - qos:2 - size:1500
2018-05-15_23:10:21:275- message received - id:0 - topic:mqtt-roundtrip-qos2-1500Byte-100-cycles_2 - qos:0 - size:1500
2018-05-15_23:10:21:275- message sent - id:94 - topic:mqtt-roundtrip-qos2-1500Byte-100-cycles - qos:2 - size:1500
2018-05-15_23:10:21:275- message received - id:0 - topic:mqtt-roundtrip-qos2-1500Byte-100-cycles_2 - qos:0 - size:1500
2018-05-15_23:10:21:275- message sent - id:95 - topic:mqtt-roundtrip-qos2-1500Byte-100-cycles - qos:2 - size:1500
2018-05-15_23:10:21:275- message received - id:0 - topic:mqtt-roundtrip-qos2-1500Byte-100-cycles_2 - qos:0 - size:1500
2018-05-15_23:10:21:276- message sent - id:96 - topic:mqtt-roundtrip-qos2-1500Byte-100-cycles - qos:2 - size:1500
2018-05-15_23:10:21:276- message received - id:0 - topic:mqtt-roundtrip-qos2-1500Byte-100-cycles_2 - qos:0 - size:1500
2018-05-15_23:10:21:276- message sent - id:97 - topic:mqtt-roundtrip-qos2-1500Byte-100-cycles - qos:2 - size:1500
2018-05-15_23:10:21:277- message received - id:0 - topic:mqtt-roundtrip-qos2-1500Byte-100-cycles_2 - qos:0 - size:1500
2018-05-15_23:10:21:277- message sent - id:98 - topic:mqtt-roundtrip-qos2-1500Byte-100-cycles - qos:2 - size:1500
2018-05-15_23:10:21:277- message received - id:0 - topic:mqtt-roundtrip-qos2-1500Byte-100-cycles_2 - qos:0 - size:1500
2018-05-15_23:10:21:277- message sent - id:99 - topic:mqtt-roundtrip-qos2-1500Byte-100-cycles - qos:2 - size:1500
2018-05-15_23:10:21:277- message received - id:0 - topic:mqtt-roundtrip-qos2-1500Byte-100-cycles_2 - qos:0 - size:1500
2018-05-15_23:10:21:278- message sent - id:100 - topic:mqtt-roundtrip-qos2-1500Byte-100-cycles - qos:2 - size:1500
2018-05-15_23:10:21:278- message received - id:0 - topic:mqtt-roundtrip-qos2-1500Byte-100-cycles_2 - qos:0 - size:1500
2018-05-15_23:10:21:278- message sent - id:101 - topic:mqtt-roundtrip-qos2-1500Byte-100-cycles - qos:2 - size:1500
2018-05-15_23:10:21:279- message received - id:0 - topic:mqtt-roundtrip-qos2-1500Byte-100-cycles_2 - qos:0 - size:1500
2018-05-15_23:10:21:279- message received - id:0 - topic:mqtt-roundtrip-qos2-1500Byte-100-cycles_2 - qos:0 - size:1500
2018-05-15_23:10:21:279- message received - id:0 - topic:mqtt-roundtrip-qos2-1500Byte-100-cycles_2 - qos:0 - size:1500
2018-05-15_23:10:21:280- message received - id:0 - topic:mqtt-roundtrip-qos2-1500Byte-100-cycles_2 - qos:0 - size:1500
2018-05-15_23:10:21:280- message received - id:0 - topic:mqtt-roundtrip-qos2-1500Byte-100-cycles_2 - qos:0 - size:1500
2018-05-15_23:10:21:280- message received - id:0 - topic:mqtt-roundtrip-qos2-1500Byte-100-cycles_2 - qos:0 - size:1500
2018-05-15_23:10:21:280- message received - id:0 - topic:mqtt-roundtrip-qos2-1500Byte-100-cycles_2 - qos:0 - size:1500
