2018-05-15_23:01:30:895- connecting to broker 192.168.1.100:1883
2018-05-15_23:01:30:896- Subscribing to topicmqtt-roundtrip-qos2-10Byte-10-cycles
2018-05-15_23:01:30:897- subscribe returned (0, 1)
2018-05-15_23:01:30:897- Client connected to broker
2018-05-15_23:03:31:442- connecting to broker 192.168.1.100:1883
2018-05-15_23:03:31:443- Subscribing to topicmqtt-roundtrip-qos2-10Byte-10-cycles
2018-05-15_23:03:31:444- subscribe returned (0, 1)
2018-05-15_23:03:31:655- Client connected to broker
2018-05-15_23:03:34:514- message received - id:0 - topic:mqtt-roundtrip-qos2-10Byte-10-cycles - qos:0 - size:10
2018-05-15_23:03:34:515- message sent - id:0 - topic:mqtt-roundtrip-qos2-10Byte-10-cycles_2 - qos:0 - size:10
2018-05-15_23:03:34:515- message received - id:0 - topic:mqtt-roundtrip-qos2-10Byte-10-cycles - qos:0 - size:10
2018-05-15_23:03:34:515- message sent - id:0 - topic:mqtt-roundtrip-qos2-10Byte-10-cycles_2 - qos:0 - size:10
2018-05-15_23:03:34:515- message received - id:0 - topic:mqtt-roundtrip-qos2-10Byte-10-cycles - qos:0 - size:10
2018-05-15_23:03:34:516- message sent - id:0 - topic:mqtt-roundtrip-qos2-10Byte-10-cycles_2 - qos:0 - size:10
2018-05-15_23:03:34:516- message received - id:0 - topic:mqtt-roundtrip-qos2-10Byte-10-cycles - qos:0 - size:10
2018-05-15_23:03:34:516- message sent - id:0 - topic:mqtt-roundtrip-qos2-10Byte-10-cycles_2 - qos:0 - size:10
2018-05-15_23:03:34:516- message received - id:0 - topic:mqtt-roundtrip-qos2-10Byte-10-cycles - qos:0 - size:10
2018-05-15_23:03:34:517- message sent - id:0 - topic:mqtt-roundtrip-qos2-10Byte-10-cycles_2 - qos:0 - size:10
2018-05-15_23:03:34:517- message received - id:0 - topic:mqtt-roundtrip-qos2-10Byte-10-cycles - qos:0 - size:10
2018-05-15_23:03:34:517- message sent - id:0 - topic:mqtt-roundtrip-qos2-10Byte-10-cycles_2 - qos:0 - size:10
2018-05-15_23:03:34:518- message received - id:0 - topic:mqtt-roundtrip-qos2-10Byte-10-cycles - qos:0 - size:10
2018-05-15_23:03:34:519- message sent - id:0 - topic:mqtt-roundtrip-qos2-10Byte-10-cycles_2 - qos:0 - size:10
2018-05-15_23:03:34:519- message received - id:0 - topic:mqtt-roundtrip-qos2-10Byte-10-cycles - qos:0 - size:10
2018-05-15_23:03:34:520- message sent - id:0 - topic:mqtt-roundtrip-qos2-10Byte-10-cycles_2 - qos:0 - size:10
2018-05-15_23:03:34:520- message received - id:0 - topic:mqtt-roundtrip-qos2-10Byte-10-cycles - qos:0 - size:10
2018-05-15_23:03:34:521- message sent - id:0 - topic:mqtt-roundtrip-qos2-10Byte-10-cycles_2 - qos:0 - size:10
2018-05-15_23:03:34:521- message received - id:0 - topic:mqtt-roundtrip-qos2-10Byte-10-cycles - qos:0 - size:10
2018-05-15_23:03:34:522- message sent - id:0 - topic:mqtt-roundtrip-qos2-10Byte-10-cycles_2 - qos:0 - size:10
