2018-05-17_21:15:50:159- connecting to broker 192.168.1.100:1883
2018-05-17_21:15:50:160- Subscribing to topic mqtt-roundtrip-qos2-100Byte-100-cycles_2
2018-05-17_21:15:50:161- subscribe returned (0, 1)
2018-05-17_21:15:50:161- Performing message publishing for 100 cycles
2018-05-17_21:15:50:161- message sent - topic:mqtt-roundtrip-qos2-100Byte-100-cycles - qos:2 - id:000000
2018-05-17_21:15:50:161- message sent - topic:mqtt-roundtrip-qos2-100Byte-100-cycles - qos:2 - id:000001
2018-05-17_21:15:50:161- Client connected to broker
2018-05-17_21:15:50:162- message sent - topic:mqtt-roundtrip-qos2-100Byte-100-cycles - qos:2 - id:000002
2018-05-17_21:15:50:162- message sent - topic:mqtt-roundtrip-qos2-100Byte-100-cycles - qos:2 - id:000003
2018-05-17_21:15:50:162- message sent - topic:mqtt-roundtrip-qos2-100Byte-100-cycles - qos:2 - id:000004
2018-05-17_21:15:50:162- message sent - topic:mqtt-roundtrip-qos2-100Byte-100-cycles - qos:2 - id:000005
2018-05-17_21:15:50:163- message sent - topic:mqtt-roundtrip-qos2-100Byte-100-cycles - qos:2 - id:000006
2018-05-17_21:15:50:163- message sent - topic:mqtt-roundtrip-qos2-100Byte-100-cycles - qos:2 - id:000007
2018-05-17_21:15:50:163- message sent - topic:mqtt-roundtrip-qos2-100Byte-100-cycles - qos:2 - id:000008
2018-05-17_21:15:50:163- message sent - topic:mqtt-roundtrip-qos2-100Byte-100-cycles - qos:2 - id:000009
2018-05-17_21:15:50:164- message sent - topic:mqtt-roundtrip-qos2-100Byte-100-cycles - qos:2 - id:000010
2018-05-17_21:15:50:164- message sent - topic:mqtt-roundtrip-qos2-100Byte-100-cycles - qos:2 - id:000011
2018-05-17_21:15:50:164- message sent - topic:mqtt-roundtrip-qos2-100Byte-100-cycles - qos:2 - id:000012
2018-05-17_21:15:50:164- message sent - topic:mqtt-roundtrip-qos2-100Byte-100-cycles - qos:2 - id:000013
2018-05-17_21:15:50:165- message sent - topic:mqtt-roundtrip-qos2-100Byte-100-cycles - qos:2 - id:000014
2018-05-17_21:15:50:165- message sent - topic:mqtt-roundtrip-qos2-100Byte-100-cycles - qos:2 - id:000015
2018-05-17_21:15:50:165- message sent - topic:mqtt-roundtrip-qos2-100Byte-100-cycles - qos:2 - id:000016
2018-05-17_21:15:50:165- message sent - topic:mqtt-roundtrip-qos2-100Byte-100-cycles - qos:2 - id:000017
2018-05-17_21:15:50:165- message sent - topic:mqtt-roundtrip-qos2-100Byte-100-cycles - qos:2 - id:000018
2018-05-17_21:15:50:166- message sent - topic:mqtt-roundtrip-qos2-100Byte-100-cycles - qos:2 - id:000019
2018-05-17_21:15:50:166- message sent - topic:mqtt-roundtrip-qos2-100Byte-100-cycles - qos:2 - id:000020
2018-05-17_21:15:50:166- message sent - topic:mqtt-roundtrip-qos2-100Byte-100-cycles - qos:2 - id:000021
2018-05-17_21:15:50:166- message sent - topic:mqtt-roundtrip-qos2-100Byte-100-cycles - qos:2 - id:000022
2018-05-17_21:15:50:167- message sent - topic:mqtt-roundtrip-qos2-100Byte-100-cycles - qos:2 - id:000023
2018-05-17_21:15:50:167- message sent - topic:mqtt-roundtrip-qos2-100Byte-100-cycles - qos:2 - id:000024
2018-05-17_21:15:50:167- message sent - topic:mqtt-roundtrip-qos2-100Byte-100-cycles - qos:2 - id:000025
2018-05-17_21:15:50:167- message sent - topic:mqtt-roundtrip-qos2-100Byte-100-cycles - qos:2 - id:000026
2018-05-17_21:15:50:167- message sent - topic:mqtt-roundtrip-qos2-100Byte-100-cycles - qos:2 - id:000027
2018-05-17_21:15:50:167- message sent - topic:mqtt-roundtrip-qos2-100Byte-100-cycles - qos:2 - id:000028
2018-05-17_21:15:50:168- message sent - topic:mqtt-roundtrip-qos2-100Byte-100-cycles - qos:2 - id:000029
2018-05-17_21:15:50:168- message sent - topic:mqtt-roundtrip-qos2-100Byte-100-cycles - qos:2 - id:000030
2018-05-17_21:15:50:168- message sent - topic:mqtt-roundtrip-qos2-100Byte-100-cycles - qos:2 - id:000031
2018-05-17_21:15:50:168- message sent - topic:mqtt-roundtrip-qos2-100Byte-100-cycles - qos:2 - id:000032
2018-05-17_21:15:50:168- message sent - topic:mqtt-roundtrip-qos2-100Byte-100-cycles - qos:2 - id:000033
2018-05-17_21:15:50:168- message sent - topic:mqtt-roundtrip-qos2-100Byte-100-cycles - qos:2 - id:000034
2018-05-17_21:15:50:169- message sent - topic:mqtt-roundtrip-qos2-100Byte-100-cycles - qos:2 - id:000035
2018-05-17_21:15:50:169- message sent - topic:mqtt-roundtrip-qos2-100Byte-100-cycles - qos:2 - id:000036
2018-05-17_21:15:50:169- message sent - topic:mqtt-roundtrip-qos2-100Byte-100-cycles - qos:2 - id:000037
2018-05-17_21:15:50:169- message sent - topic:mqtt-roundtrip-qos2-100Byte-100-cycles - qos:2 - id:000038
2018-05-17_21:15:50:169- message sent - topic:mqtt-roundtrip-qos2-100Byte-100-cycles - qos:2 - id:000039
2018-05-17_21:15:50:169- message sent - topic:mqtt-roundtrip-qos2-100Byte-100-cycles - qos:2 - id:000040
2018-05-17_21:15:50:169- message sent - topic:mqtt-roundtrip-qos2-100Byte-100-cycles - qos:2 - id:000041
2018-05-17_21:15:50:170- message sent - topic:mqtt-roundtrip-qos2-100Byte-100-cycles - qos:2 - id:000042
2018-05-17_21:15:50:170- message sent - topic:mqtt-roundtrip-qos2-100Byte-100-cycles - qos:2 - id:000043
2018-05-17_21:15:50:170- message sent - topic:mqtt-roundtrip-qos2-100Byte-100-cycles - qos:2 - id:000044
2018-05-17_21:15:50:170- message sent - topic:mqtt-roundtrip-qos2-100Byte-100-cycles - qos:2 - id:000045
2018-05-17_21:15:50:170- message sent - topic:mqtt-roundtrip-qos2-100Byte-100-cycles - qos:2 - id:000046
2018-05-17_21:15:50:170- message sent - topic:mqtt-roundtrip-qos2-100Byte-100-cycles - qos:2 - id:000047
2018-05-17_21:15:50:170- message sent - topic:mqtt-roundtrip-qos2-100Byte-100-cycles - qos:2 - id:000048
2018-05-17_21:15:50:171- message sent - topic:mqtt-roundtrip-qos2-100Byte-100-cycles - qos:2 - id:000049
2018-05-17_21:15:50:171- message sent - topic:mqtt-roundtrip-qos2-100Byte-100-cycles - qos:2 - id:000050
2018-05-17_21:15:50:171- message sent - topic:mqtt-roundtrip-qos2-100Byte-100-cycles - qos:2 - id:000051
2018-05-17_21:15:50:171- message sent - topic:mqtt-roundtrip-qos2-100Byte-100-cycles - qos:2 - id:000052
2018-05-17_21:15:50:171- message sent - topic:mqtt-roundtrip-qos2-100Byte-100-cycles - qos:2 - id:000053
2018-05-17_21:15:50:171- message sent - topic:mqtt-roundtrip-qos2-100Byte-100-cycles - qos:2 - id:000054
2018-05-17_21:15:50:171- message sent - topic:mqtt-roundtrip-qos2-100Byte-100-cycles - qos:2 - id:000055
2018-05-17_21:15:50:172- message sent - topic:mqtt-roundtrip-qos2-100Byte-100-cycles - qos:2 - id:000056
2018-05-17_21:15:50:172- message sent - topic:mqtt-roundtrip-qos2-100Byte-100-cycles - qos:2 - id:000057
2018-05-17_21:15:50:172- message sent - topic:mqtt-roundtrip-qos2-100Byte-100-cycles - qos:2 - id:000058
2018-05-17_21:15:50:172- message sent - topic:mqtt-roundtrip-qos2-100Byte-100-cycles - qos:2 - id:000059
2018-05-17_21:15:50:172- message sent - topic:mqtt-roundtrip-qos2-100Byte-100-cycles - qos:2 - id:000060
2018-05-17_21:15:50:172- message sent - topic:mqtt-roundtrip-qos2-100Byte-100-cycles - qos:2 - id:000061
2018-05-17_21:15:50:172- message sent - topic:mqtt-roundtrip-qos2-100Byte-100-cycles - qos:2 - id:000062
2018-05-17_21:15:50:172- message sent - topic:mqtt-roundtrip-qos2-100Byte-100-cycles - qos:2 - id:000063
2018-05-17_21:15:50:173- message sent - topic:mqtt-roundtrip-qos2-100Byte-100-cycles - qos:2 - id:000064
2018-05-17_21:15:50:173- message sent - topic:mqtt-roundtrip-qos2-100Byte-100-cycles - qos:2 - id:000065
2018-05-17_21:15:50:173- message sent - topic:mqtt-roundtrip-qos2-100Byte-100-cycles - qos:2 - id:000066
2018-05-17_21:15:50:173- message sent - topic:mqtt-roundtrip-qos2-100Byte-100-cycles - qos:2 - id:000067
2018-05-17_21:15:50:173- message sent - topic:mqtt-roundtrip-qos2-100Byte-100-cycles - qos:2 - id:000068
2018-05-17_21:15:50:173- message sent - topic:mqtt-roundtrip-qos2-100Byte-100-cycles - qos:2 - id:000069
2018-05-17_21:15:50:174- message sent - topic:mqtt-roundtrip-qos2-100Byte-100-cycles - qos:2 - id:000070
2018-05-17_21:15:50:174- message sent - topic:mqtt-roundtrip-qos2-100Byte-100-cycles - qos:2 - id:000071
2018-05-17_21:15:50:174- message sent - topic:mqtt-roundtrip-qos2-100Byte-100-cycles - qos:2 - id:000072
2018-05-17_21:15:50:174- message sent - topic:mqtt-roundtrip-qos2-100Byte-100-cycles - qos:2 - id:000073
2018-05-17_21:15:50:174- message sent - topic:mqtt-roundtrip-qos2-100Byte-100-cycles - qos:2 - id:000074
2018-05-17_21:15:50:174- message sent - topic:mqtt-roundtrip-qos2-100Byte-100-cycles - qos:2 - id:000075
2018-05-17_21:15:50:175- message sent - topic:mqtt-roundtrip-qos2-100Byte-100-cycles - qos:2 - id:000076
2018-05-17_21:15:50:175- message sent - topic:mqtt-roundtrip-qos2-100Byte-100-cycles - qos:2 - id:000077
2018-05-17_21:15:50:175- message sent - topic:mqtt-roundtrip-qos2-100Byte-100-cycles - qos:2 - id:000078
2018-05-17_21:15:50:175- message sent - topic:mqtt-roundtrip-qos2-100Byte-100-cycles - qos:2 - id:000079
2018-05-17_21:15:50:175- message sent - topic:mqtt-roundtrip-qos2-100Byte-100-cycles - qos:2 - id:000080
2018-05-17_21:15:50:175- message sent - topic:mqtt-roundtrip-qos2-100Byte-100-cycles - qos:2 - id:000081
2018-05-17_21:15:50:176- message sent - topic:mqtt-roundtrip-qos2-100Byte-100-cycles - qos:2 - id:000082
2018-05-17_21:15:50:176- message sent - topic:mqtt-roundtrip-qos2-100Byte-100-cycles - qos:2 - id:000083
2018-05-17_21:15:50:176- message sent - topic:mqtt-roundtrip-qos2-100Byte-100-cycles - qos:2 - id:000084
2018-05-17_21:15:50:176- message sent - topic:mqtt-roundtrip-qos2-100Byte-100-cycles - qos:2 - id:000085
2018-05-17_21:15:50:176- message sent - topic:mqtt-roundtrip-qos2-100Byte-100-cycles - qos:2 - id:000086
2018-05-17_21:15:50:176- message sent - topic:mqtt-roundtrip-qos2-100Byte-100-cycles - qos:2 - id:000087
2018-05-17_21:15:50:176- message sent - topic:mqtt-roundtrip-qos2-100Byte-100-cycles - qos:2 - id:000088
2018-05-17_21:15:50:177- message sent - topic:mqtt-roundtrip-qos2-100Byte-100-cycles - qos:2 - id:000089
2018-05-17_21:15:50:177- message sent - topic:mqtt-roundtrip-qos2-100Byte-100-cycles - qos:2 - id:000090
2018-05-17_21:15:50:177- message sent - topic:mqtt-roundtrip-qos2-100Byte-100-cycles - qos:2 - id:000091
2018-05-17_21:15:50:177- message sent - topic:mqtt-roundtrip-qos2-100Byte-100-cycles - qos:2 - id:000092
2018-05-17_21:15:50:177- message sent - topic:mqtt-roundtrip-qos2-100Byte-100-cycles - qos:2 - id:000093
2018-05-17_21:15:50:177- message sent - topic:mqtt-roundtrip-qos2-100Byte-100-cycles - qos:2 - id:000094
2018-05-17_21:15:50:177- message sent - topic:mqtt-roundtrip-qos2-100Byte-100-cycles - qos:2 - id:000095
2018-05-17_21:15:50:178- message sent - topic:mqtt-roundtrip-qos2-100Byte-100-cycles - qos:2 - id:000096
2018-05-17_21:15:50:178- message sent - topic:mqtt-roundtrip-qos2-100Byte-100-cycles - qos:2 - id:000097
2018-05-17_21:15:50:178- message sent - topic:mqtt-roundtrip-qos2-100Byte-100-cycles - qos:2 - id:000098
2018-05-17_21:15:50:178- message sent - topic:mqtt-roundtrip-qos2-100Byte-100-cycles - qos:2 - id:000099
2018-05-17_21:15:50:178- message received - topic:mqtt-roundtrip-qos2-100Byte-100-cycles_2 - qos:2 - size:106 - id:000000
2018-05-17_21:15:50:180- message received - topic:mqtt-roundtrip-qos2-100Byte-100-cycles_2 - qos:2 - size:106 - id:000001
2018-05-17_21:15:50:180- message received - topic:mqtt-roundtrip-qos2-100Byte-100-cycles_2 - qos:2 - size:106 - id:000002
2018-05-17_21:15:50:181- message received - topic:mqtt-roundtrip-qos2-100Byte-100-cycles_2 - qos:2 - size:106 - id:000003
2018-05-17_21:15:50:181- message received - topic:mqtt-roundtrip-qos2-100Byte-100-cycles_2 - qos:2 - size:106 - id:000004
2018-05-17_21:15:50:182- message received - topic:mqtt-roundtrip-qos2-100Byte-100-cycles_2 - qos:2 - size:106 - id:000005
2018-05-17_21:15:50:182- message received - topic:mqtt-roundtrip-qos2-100Byte-100-cycles_2 - qos:2 - size:106 - id:000006
2018-05-17_21:15:50:182- message received - topic:mqtt-roundtrip-qos2-100Byte-100-cycles_2 - qos:2 - size:106 - id:000007
2018-05-17_21:15:50:189- message received - topic:mqtt-roundtrip-qos2-100Byte-100-cycles_2 - qos:2 - size:106 - id:000008
2018-05-17_21:15:50:190- message received - topic:mqtt-roundtrip-qos2-100Byte-100-cycles_2 - qos:2 - size:106 - id:000009
2018-05-17_21:15:50:190- message received - topic:mqtt-roundtrip-qos2-100Byte-100-cycles_2 - qos:2 - size:106 - id:000010
2018-05-17_21:15:50:190- message received - topic:mqtt-roundtrip-qos2-100Byte-100-cycles_2 - qos:2 - size:106 - id:000011
2018-05-17_21:15:50:192- message received - topic:mqtt-roundtrip-qos2-100Byte-100-cycles_2 - qos:2 - size:106 - id:000012
2018-05-17_21:15:50:192- message received - topic:mqtt-roundtrip-qos2-100Byte-100-cycles_2 - qos:2 - size:106 - id:000013
2018-05-17_21:15:50:193- message received - topic:mqtt-roundtrip-qos2-100Byte-100-cycles_2 - qos:2 - size:106 - id:000014
2018-05-17_21:15:50:193- message received - topic:mqtt-roundtrip-qos2-100Byte-100-cycles_2 - qos:2 - size:106 - id:000015
2018-05-17_21:15:50:194- message received - topic:mqtt-roundtrip-qos2-100Byte-100-cycles_2 - qos:2 - size:106 - id:000016
2018-05-17_21:15:50:200- message received - topic:mqtt-roundtrip-qos2-100Byte-100-cycles_2 - qos:2 - size:106 - id:000017
2018-05-17_21:15:50:201- message received - topic:mqtt-roundtrip-qos2-100Byte-100-cycles_2 - qos:2 - size:106 - id:000018
2018-05-17_21:15:50:202- message received - topic:mqtt-roundtrip-qos2-100Byte-100-cycles_2 - qos:2 - size:106 - id:000019
2018-05-17_21:15:50:204- message received - topic:mqtt-roundtrip-qos2-100Byte-100-cycles_2 - qos:2 - size:106 - id:000020
2018-05-17_21:15:50:204- message received - topic:mqtt-roundtrip-qos2-100Byte-100-cycles_2 - qos:2 - size:106 - id:000021
2018-05-17_21:15:50:205- message received - topic:mqtt-roundtrip-qos2-100Byte-100-cycles_2 - qos:2 - size:106 - id:000022
2018-05-17_21:15:50:205- message received - topic:mqtt-roundtrip-qos2-100Byte-100-cycles_2 - qos:2 - size:106 - id:000023
2018-05-17_21:15:50:205- message received - topic:mqtt-roundtrip-qos2-100Byte-100-cycles_2 - qos:2 - size:106 - id:000024
2018-05-17_21:15:50:206- message received - topic:mqtt-roundtrip-qos2-100Byte-100-cycles_2 - qos:2 - size:106 - id:000025
2018-05-17_21:15:50:209- message received - topic:mqtt-roundtrip-qos2-100Byte-100-cycles_2 - qos:2 - size:106 - id:000026
2018-05-17_21:15:50:209- message received - topic:mqtt-roundtrip-qos2-100Byte-100-cycles_2 - qos:2 - size:106 - id:000027
2018-05-17_21:15:50:210- message received - topic:mqtt-roundtrip-qos2-100Byte-100-cycles_2 - qos:2 - size:106 - id:000028
2018-05-17_21:15:50:210- message received - topic:mqtt-roundtrip-qos2-100Byte-100-cycles_2 - qos:2 - size:106 - id:000029
2018-05-17_21:15:50:210- message received - topic:mqtt-roundtrip-qos2-100Byte-100-cycles_2 - qos:2 - size:106 - id:000030
2018-05-17_21:15:50:213- message received - topic:mqtt-roundtrip-qos2-100Byte-100-cycles_2 - qos:2 - size:106 - id:000031
2018-05-17_21:15:50:213- message received - topic:mqtt-roundtrip-qos2-100Byte-100-cycles_2 - qos:2 - size:106 - id:000032
2018-05-17_21:15:50:213- message received - topic:mqtt-roundtrip-qos2-100Byte-100-cycles_2 - qos:2 - size:106 - id:000033
2018-05-17_21:15:50:214- message received - topic:mqtt-roundtrip-qos2-100Byte-100-cycles_2 - qos:2 - size:106 - id:000034
2018-05-17_21:15:50:214- message received - topic:mqtt-roundtrip-qos2-100Byte-100-cycles_2 - qos:2 - size:106 - id:000035
2018-05-17_21:15:50:214- message received - topic:mqtt-roundtrip-qos2-100Byte-100-cycles_2 - qos:2 - size:106 - id:000036
2018-05-17_21:15:50:215- message received - topic:mqtt-roundtrip-qos2-100Byte-100-cycles_2 - qos:2 - size:106 - id:000037
2018-05-17_21:15:50:215- message received - topic:mqtt-roundtrip-qos2-100Byte-100-cycles_2 - qos:2 - size:106 - id:000038
2018-05-17_21:15:50:216- message received - topic:mqtt-roundtrip-qos2-100Byte-100-cycles_2 - qos:2 - size:106 - id:000039
2018-05-17_21:15:50:216- message received - topic:mqtt-roundtrip-qos2-100Byte-100-cycles_2 - qos:2 - size:106 - id:000040
2018-05-17_21:15:50:216- message received - topic:mqtt-roundtrip-qos2-100Byte-100-cycles_2 - qos:2 - size:106 - id:000041
2018-05-17_21:15:50:217- message received - topic:mqtt-roundtrip-qos2-100Byte-100-cycles_2 - qos:2 - size:106 - id:000042
2018-05-17_21:15:50:217- message received - topic:mqtt-roundtrip-qos2-100Byte-100-cycles_2 - qos:2 - size:106 - id:000043
2018-05-17_21:15:50:220- message received - topic:mqtt-roundtrip-qos2-100Byte-100-cycles_2 - qos:2 - size:106 - id:000044
2018-05-17_21:15:50:221- message received - topic:mqtt-roundtrip-qos2-100Byte-100-cycles_2 - qos:2 - size:106 - id:000045
2018-05-17_21:15:50:221- message received - topic:mqtt-roundtrip-qos2-100Byte-100-cycles_2 - qos:2 - size:106 - id:000046
2018-05-17_21:15:50:224- message received - topic:mqtt-roundtrip-qos2-100Byte-100-cycles_2 - qos:2 - size:106 - id:000047
2018-05-17_21:15:50:224- message received - topic:mqtt-roundtrip-qos2-100Byte-100-cycles_2 - qos:2 - size:106 - id:000048
2018-05-17_21:15:50:224- message received - topic:mqtt-roundtrip-qos2-100Byte-100-cycles_2 - qos:2 - size:106 - id:000049
2018-05-17_21:15:50:225- message received - topic:mqtt-roundtrip-qos2-100Byte-100-cycles_2 - qos:2 - size:106 - id:000050
2018-05-17_21:15:50:227- message received - topic:mqtt-roundtrip-qos2-100Byte-100-cycles_2 - qos:2 - size:106 - id:000051
2018-05-17_21:15:50:228- message received - topic:mqtt-roundtrip-qos2-100Byte-100-cycles_2 - qos:2 - size:106 - id:000052
2018-05-17_21:15:50:228- message received - topic:mqtt-roundtrip-qos2-100Byte-100-cycles_2 - qos:2 - size:106 - id:000053
2018-05-17_21:15:50:228- message received - topic:mqtt-roundtrip-qos2-100Byte-100-cycles_2 - qos:2 - size:106 - id:000054
2018-05-17_21:15:50:229- message received - topic:mqtt-roundtrip-qos2-100Byte-100-cycles_2 - qos:2 - size:106 - id:000055
2018-05-17_21:15:50:229- message received - topic:mqtt-roundtrip-qos2-100Byte-100-cycles_2 - qos:2 - size:106 - id:000056
2018-05-17_21:15:50:229- message received - topic:mqtt-roundtrip-qos2-100Byte-100-cycles_2 - qos:2 - size:106 - id:000057
2018-05-17_21:15:50:229- message received - topic:mqtt-roundtrip-qos2-100Byte-100-cycles_2 - qos:2 - size:106 - id:000058
2018-05-17_21:15:50:229- message received - topic:mqtt-roundtrip-qos2-100Byte-100-cycles_2 - qos:2 - size:106 - id:000059
2018-05-17_21:15:50:231- message received - topic:mqtt-roundtrip-qos2-100Byte-100-cycles_2 - qos:2 - size:106 - id:000060
2018-05-17_21:15:50:231- message received - topic:mqtt-roundtrip-qos2-100Byte-100-cycles_2 - qos:2 - size:106 - id:000061
2018-05-17_21:15:50:231- message received - topic:mqtt-roundtrip-qos2-100Byte-100-cycles_2 - qos:2 - size:106 - id:000062
2018-05-17_21:15:50:231- message received - topic:mqtt-roundtrip-qos2-100Byte-100-cycles_2 - qos:2 - size:106 - id:000063
2018-05-17_21:15:50:232- message received - topic:mqtt-roundtrip-qos2-100Byte-100-cycles_2 - qos:2 - size:106 - id:000064
2018-05-17_21:15:50:235- message received - topic:mqtt-roundtrip-qos2-100Byte-100-cycles_2 - qos:2 - size:106 - id:000065
2018-05-17_21:15:50:235- message received - topic:mqtt-roundtrip-qos2-100Byte-100-cycles_2 - qos:2 - size:106 - id:000066
2018-05-17_21:15:50:238- message received - topic:mqtt-roundtrip-qos2-100Byte-100-cycles_2 - qos:2 - size:106 - id:000067
2018-05-17_21:15:50:239- message received - topic:mqtt-roundtrip-qos2-100Byte-100-cycles_2 - qos:2 - size:106 - id:000068
2018-05-17_21:15:50:239- message received - topic:mqtt-roundtrip-qos2-100Byte-100-cycles_2 - qos:2 - size:106 - id:000069
2018-05-17_21:15:50:239- message received - topic:mqtt-roundtrip-qos2-100Byte-100-cycles_2 - qos:2 - size:106 - id:000070
2018-05-17_21:15:50:241- message received - topic:mqtt-roundtrip-qos2-100Byte-100-cycles_2 - qos:2 - size:106 - id:000071
2018-05-17_21:15:50:242- message received - topic:mqtt-roundtrip-qos2-100Byte-100-cycles_2 - qos:2 - size:106 - id:000072
2018-05-17_21:15:50:242- message received - topic:mqtt-roundtrip-qos2-100Byte-100-cycles_2 - qos:2 - size:106 - id:000073
2018-05-17_21:15:50:242- message received - topic:mqtt-roundtrip-qos2-100Byte-100-cycles_2 - qos:2 - size:106 - id:000074
2018-05-17_21:15:50:243- message received - topic:mqtt-roundtrip-qos2-100Byte-100-cycles_2 - qos:2 - size:106 - id:000075
2018-05-17_21:15:50:243- message received - topic:mqtt-roundtrip-qos2-100Byte-100-cycles_2 - qos:2 - size:106 - id:000076
2018-05-17_21:15:50:243- message received - topic:mqtt-roundtrip-qos2-100Byte-100-cycles_2 - qos:2 - size:106 - id:000077
2018-05-17_21:15:50:243- message received - topic:mqtt-roundtrip-qos2-100Byte-100-cycles_2 - qos:2 - size:106 - id:000078
2018-05-17_21:15:50:243- message received - topic:mqtt-roundtrip-qos2-100Byte-100-cycles_2 - qos:2 - size:106 - id:000079
2018-05-17_21:15:50:244- message received - topic:mqtt-roundtrip-qos2-100Byte-100-cycles_2 - qos:2 - size:106 - id:000080
2018-05-17_21:15:50:245- message received - topic:mqtt-roundtrip-qos2-100Byte-100-cycles_2 - qos:2 - size:106 - id:000081
2018-05-17_21:15:50:245- message received - topic:mqtt-roundtrip-qos2-100Byte-100-cycles_2 - qos:2 - size:106 - id:000082
2018-05-17_21:15:50:245- message received - topic:mqtt-roundtrip-qos2-100Byte-100-cycles_2 - qos:2 - size:106 - id:000083
2018-05-17_21:15:50:245- message received - topic:mqtt-roundtrip-qos2-100Byte-100-cycles_2 - qos:2 - size:106 - id:000084
2018-05-17_21:15:50:249- message received - topic:mqtt-roundtrip-qos2-100Byte-100-cycles_2 - qos:2 - size:106 - id:000085
2018-05-17_21:15:50:249- message received - topic:mqtt-roundtrip-qos2-100Byte-100-cycles_2 - qos:2 - size:106 - id:000086
2018-05-17_21:15:50:250- message received - topic:mqtt-roundtrip-qos2-100Byte-100-cycles_2 - qos:2 - size:106 - id:000087
2018-05-17_21:15:50:251- message received - topic:mqtt-roundtrip-qos2-100Byte-100-cycles_2 - qos:2 - size:106 - id:000088
2018-05-17_21:15:50:251- message received - topic:mqtt-roundtrip-qos2-100Byte-100-cycles_2 - qos:2 - size:106 - id:000089
2018-05-17_21:15:50:251- message received - topic:mqtt-roundtrip-qos2-100Byte-100-cycles_2 - qos:2 - size:106 - id:000090
2018-05-17_21:15:50:251- message received - topic:mqtt-roundtrip-qos2-100Byte-100-cycles_2 - qos:2 - size:106 - id:000091
2018-05-17_21:15:50:251- message received - topic:mqtt-roundtrip-qos2-100Byte-100-cycles_2 - qos:2 - size:106 - id:000092
2018-05-17_21:15:50:252- message received - topic:mqtt-roundtrip-qos2-100Byte-100-cycles_2 - qos:2 - size:106 - id:000093
2018-05-17_21:15:50:252- message received - topic:mqtt-roundtrip-qos2-100Byte-100-cycles_2 - qos:2 - size:106 - id:000094
2018-05-17_21:15:50:252- message received - topic:mqtt-roundtrip-qos2-100Byte-100-cycles_2 - qos:2 - size:106 - id:000095
2018-05-17_21:15:50:252- message received - topic:mqtt-roundtrip-qos2-100Byte-100-cycles_2 - qos:2 - size:106 - id:000096
2018-05-17_21:15:50:253- message received - topic:mqtt-roundtrip-qos2-100Byte-100-cycles_2 - qos:2 - size:106 - id:000097
2018-05-17_21:15:50:253- message received - topic:mqtt-roundtrip-qos2-100Byte-100-cycles_2 - qos:2 - size:106 - id:000098
2018-05-17_21:15:50:253- message received - topic:mqtt-roundtrip-qos2-100Byte-100-cycles_2 - qos:2 - size:106 - id:000099
2018-05-17_21:15:53:257- Client disconnected from broker
