2018-05-17_21:19:11:782- connecting to broker 192.168.1.100:1883
2018-05-17_21:19:11:783- Subscribing to topic mqtt-roundtrip-qos1-10KByte-10-cycles_2
2018-05-17_21:19:11:784- subscribe returned (0, 1)
2018-05-17_21:19:11:784- Performing message publishing for 10 cycles
2018-05-17_21:19:11:784- message sent - topic:mqtt-roundtrip-qos1-10KByte-10-cycles - qos:1 - id:000000
2018-05-17_21:19:11:784- message sent - topic:mqtt-roundtrip-qos1-10KByte-10-cycles - qos:1 - id:000001
2018-05-17_21:19:11:784- message sent - topic:mqtt-roundtrip-qos1-10KByte-10-cycles - qos:1 - id:000002
2018-05-17_21:19:11:785- Client connected to broker
2018-05-17_21:19:11:785- message sent - topic:mqtt-roundtrip-qos1-10KByte-10-cycles - qos:1 - id:000003
2018-05-17_21:19:11:785- message sent - topic:mqtt-roundtrip-qos1-10KByte-10-cycles - qos:1 - id:000004
2018-05-17_21:19:11:785- message sent - topic:mqtt-roundtrip-qos1-10KByte-10-cycles - qos:1 - id:000005
2018-05-17_21:19:11:785- message sent - topic:mqtt-roundtrip-qos1-10KByte-10-cycles - qos:1 - id:000006
2018-05-17_21:19:11:786- message sent - topic:mqtt-roundtrip-qos1-10KByte-10-cycles - qos:1 - id:000007
2018-05-17_21:19:11:786- message sent - topic:mqtt-roundtrip-qos1-10KByte-10-cycles - qos:1 - id:000008
2018-05-17_21:19:11:786- message sent - topic:mqtt-roundtrip-qos1-10KByte-10-cycles - qos:1 - id:000009
2018-05-17_21:19:11:797- message received - topic:mqtt-roundtrip-qos1-10KByte-10-cycles_2 - qos:1 - size:10246 - id:000000
2018-05-17_21:19:11:801- message received - topic:mqtt-roundtrip-qos1-10KByte-10-cycles_2 - qos:1 - size:10246 - id:000001
2018-05-17_21:19:11:805- message received - topic:mqtt-roundtrip-qos1-10KByte-10-cycles_2 - qos:1 - size:10246 - id:000002
2018-05-17_21:19:11:807- message received - topic:mqtt-roundtrip-qos1-10KByte-10-cycles_2 - qos:1 - size:10246 - id:000003
2018-05-17_21:19:11:808- message received - topic:mqtt-roundtrip-qos1-10KByte-10-cycles_2 - qos:1 - size:10246 - id:000004
2018-05-17_21:19:11:809- message received - topic:mqtt-roundtrip-qos1-10KByte-10-cycles_2 - qos:1 - size:10246 - id:000005
2018-05-17_21:19:11:810- message received - topic:mqtt-roundtrip-qos1-10KByte-10-cycles_2 - qos:1 - size:10246 - id:000006
2018-05-17_21:19:11:811- message received - topic:mqtt-roundtrip-qos1-10KByte-10-cycles_2 - qos:1 - size:10246 - id:000007
2018-05-17_21:19:11:812- message received - topic:mqtt-roundtrip-qos1-10KByte-10-cycles_2 - qos:1 - size:10246 - id:000008
2018-05-17_21:19:11:812- message received - topic:mqtt-roundtrip-qos1-10KByte-10-cycles_2 - qos:1 - size:10246 - id:000009
2018-05-17_21:19:14:816- Client disconnected from broker
