2018-05-17_21:18:11:914- connecting to broker 192.168.1.100:1883
2018-05-17_21:18:11:915- Subscribing to topic mqtt-roundtrip-qos1-10Byte-100-cycles_2
2018-05-17_21:18:11:916- subscribe returned (0, 1)
2018-05-17_21:18:11:916- Performing message publishing for 100 cycles
2018-05-17_21:18:11:916- message sent - topic:mqtt-roundtrip-qos1-10Byte-100-cycles - qos:1 - id:000000
2018-05-17_21:18:11:916- message sent - topic:mqtt-roundtrip-qos1-10Byte-100-cycles - qos:1 - id:000001
2018-05-17_21:18:11:916- Client connected to broker
2018-05-17_21:18:11:916- message sent - topic:mqtt-roundtrip-qos1-10Byte-100-cycles - qos:1 - id:000002
2018-05-17_21:18:11:917- message sent - topic:mqtt-roundtrip-qos1-10Byte-100-cycles - qos:1 - id:000003
2018-05-17_21:18:11:917- message sent - topic:mqtt-roundtrip-qos1-10Byte-100-cycles - qos:1 - id:000004
2018-05-17_21:18:11:917- message sent - topic:mqtt-roundtrip-qos1-10Byte-100-cycles - qos:1 - id:000005
2018-05-17_21:18:11:917- message sent - topic:mqtt-roundtrip-qos1-10Byte-100-cycles - qos:1 - id:000006
2018-05-17_21:18:11:918- message sent - topic:mqtt-roundtrip-qos1-10Byte-100-cycles - qos:1 - id:000007
2018-05-17_21:18:11:918- message sent - topic:mqtt-roundtrip-qos1-10Byte-100-cycles - qos:1 - id:000008
2018-05-17_21:18:11:918- message sent - topic:mqtt-roundtrip-qos1-10Byte-100-cycles - qos:1 - id:000009
2018-05-17_21:18:11:918- message sent - topic:mqtt-roundtrip-qos1-10Byte-100-cycles - qos:1 - id:000010
2018-05-17_21:18:11:919- message sent - topic:mqtt-roundtrip-qos1-10Byte-100-cycles - qos:1 - id:000011
2018-05-17_21:18:11:919- message sent - topic:mqtt-roundtrip-qos1-10Byte-100-cycles - qos:1 - id:000012
2018-05-17_21:18:11:919- message sent - topic:mqtt-roundtrip-qos1-10Byte-100-cycles - qos:1 - id:000013
2018-05-17_21:18:11:919- message sent - topic:mqtt-roundtrip-qos1-10Byte-100-cycles - qos:1 - id:000014
2018-05-17_21:18:11:920- message sent - topic:mqtt-roundtrip-qos1-10Byte-100-cycles - qos:1 - id:000015
2018-05-17_21:18:11:920- message sent - topic:mqtt-roundtrip-qos1-10Byte-100-cycles - qos:1 - id:000016
2018-05-17_21:18:11:920- message sent - topic:mqtt-roundtrip-qos1-10Byte-100-cycles - qos:1 - id:000017
2018-05-17_21:18:11:920- message sent - topic:mqtt-roundtrip-qos1-10Byte-100-cycles - qos:1 - id:000018
2018-05-17_21:18:11:920- message sent - topic:mqtt-roundtrip-qos1-10Byte-100-cycles - qos:1 - id:000019
2018-05-17_21:18:11:921- message sent - topic:mqtt-roundtrip-qos1-10Byte-100-cycles - qos:1 - id:000020
2018-05-17_21:18:11:921- message sent - topic:mqtt-roundtrip-qos1-10Byte-100-cycles - qos:1 - id:000021
2018-05-17_21:18:11:921- message sent - topic:mqtt-roundtrip-qos1-10Byte-100-cycles - qos:1 - id:000022
2018-05-17_21:18:11:921- message sent - topic:mqtt-roundtrip-qos1-10Byte-100-cycles - qos:1 - id:000023
2018-05-17_21:18:11:921- message sent - topic:mqtt-roundtrip-qos1-10Byte-100-cycles - qos:1 - id:000024
2018-05-17_21:18:11:922- message sent - topic:mqtt-roundtrip-qos1-10Byte-100-cycles - qos:1 - id:000025
2018-05-17_21:18:11:922- message sent - topic:mqtt-roundtrip-qos1-10Byte-100-cycles - qos:1 - id:000026
2018-05-17_21:18:11:922- message sent - topic:mqtt-roundtrip-qos1-10Byte-100-cycles - qos:1 - id:000027
2018-05-17_21:18:11:922- message sent - topic:mqtt-roundtrip-qos1-10Byte-100-cycles - qos:1 - id:000028
2018-05-17_21:18:11:922- message sent - topic:mqtt-roundtrip-qos1-10Byte-100-cycles - qos:1 - id:000029
2018-05-17_21:18:11:923- message sent - topic:mqtt-roundtrip-qos1-10Byte-100-cycles - qos:1 - id:000030
2018-05-17_21:18:11:923- message sent - topic:mqtt-roundtrip-qos1-10Byte-100-cycles - qos:1 - id:000031
2018-05-17_21:18:11:923- message sent - topic:mqtt-roundtrip-qos1-10Byte-100-cycles - qos:1 - id:000032
2018-05-17_21:18:11:923- message sent - topic:mqtt-roundtrip-qos1-10Byte-100-cycles - qos:1 - id:000033
2018-05-17_21:18:11:923- message sent - topic:mqtt-roundtrip-qos1-10Byte-100-cycles - qos:1 - id:000034
2018-05-17_21:18:11:924- message sent - topic:mqtt-roundtrip-qos1-10Byte-100-cycles - qos:1 - id:000035
2018-05-17_21:18:11:924- message sent - topic:mqtt-roundtrip-qos1-10Byte-100-cycles - qos:1 - id:000036
2018-05-17_21:18:11:924- message sent - topic:mqtt-roundtrip-qos1-10Byte-100-cycles - qos:1 - id:000037
2018-05-17_21:18:11:924- message sent - topic:mqtt-roundtrip-qos1-10Byte-100-cycles - qos:1 - id:000038
2018-05-17_21:18:11:924- message sent - topic:mqtt-roundtrip-qos1-10Byte-100-cycles - qos:1 - id:000039
2018-05-17_21:18:11:924- message sent - topic:mqtt-roundtrip-qos1-10Byte-100-cycles - qos:1 - id:000040
2018-05-17_21:18:11:924- message sent - topic:mqtt-roundtrip-qos1-10Byte-100-cycles - qos:1 - id:000041
2018-05-17_21:18:11:925- message sent - topic:mqtt-roundtrip-qos1-10Byte-100-cycles - qos:1 - id:000042
2018-05-17_21:18:11:925- message sent - topic:mqtt-roundtrip-qos1-10Byte-100-cycles - qos:1 - id:000043
2018-05-17_21:18:11:925- message sent - topic:mqtt-roundtrip-qos1-10Byte-100-cycles - qos:1 - id:000044
2018-05-17_21:18:11:925- message sent - topic:mqtt-roundtrip-qos1-10Byte-100-cycles - qos:1 - id:000045
2018-05-17_21:18:11:925- message sent - topic:mqtt-roundtrip-qos1-10Byte-100-cycles - qos:1 - id:000046
2018-05-17_21:18:11:925- message sent - topic:mqtt-roundtrip-qos1-10Byte-100-cycles - qos:1 - id:000047
2018-05-17_21:18:11:926- message sent - topic:mqtt-roundtrip-qos1-10Byte-100-cycles - qos:1 - id:000048
2018-05-17_21:18:11:926- message sent - topic:mqtt-roundtrip-qos1-10Byte-100-cycles - qos:1 - id:000049
2018-05-17_21:18:11:926- message sent - topic:mqtt-roundtrip-qos1-10Byte-100-cycles - qos:1 - id:000050
2018-05-17_21:18:11:926- message sent - topic:mqtt-roundtrip-qos1-10Byte-100-cycles - qos:1 - id:000051
2018-05-17_21:18:11:926- message sent - topic:mqtt-roundtrip-qos1-10Byte-100-cycles - qos:1 - id:000052
2018-05-17_21:18:11:926- message sent - topic:mqtt-roundtrip-qos1-10Byte-100-cycles - qos:1 - id:000053
2018-05-17_21:18:11:926- message sent - topic:mqtt-roundtrip-qos1-10Byte-100-cycles - qos:1 - id:000054
2018-05-17_21:18:11:927- message sent - topic:mqtt-roundtrip-qos1-10Byte-100-cycles - qos:1 - id:000055
2018-05-17_21:18:11:927- message sent - topic:mqtt-roundtrip-qos1-10Byte-100-cycles - qos:1 - id:000056
2018-05-17_21:18:11:927- message sent - topic:mqtt-roundtrip-qos1-10Byte-100-cycles - qos:1 - id:000057
2018-05-17_21:18:11:927- message sent - topic:mqtt-roundtrip-qos1-10Byte-100-cycles - qos:1 - id:000058
2018-05-17_21:18:11:927- message sent - topic:mqtt-roundtrip-qos1-10Byte-100-cycles - qos:1 - id:000059
2018-05-17_21:18:11:927- message sent - topic:mqtt-roundtrip-qos1-10Byte-100-cycles - qos:1 - id:000060
2018-05-17_21:18:11:927- message sent - topic:mqtt-roundtrip-qos1-10Byte-100-cycles - qos:1 - id:000061
2018-05-17_21:18:11:927- message sent - topic:mqtt-roundtrip-qos1-10Byte-100-cycles - qos:1 - id:000062
2018-05-17_21:18:11:928- message sent - topic:mqtt-roundtrip-qos1-10Byte-100-cycles - qos:1 - id:000063
2018-05-17_21:18:11:928- message sent - topic:mqtt-roundtrip-qos1-10Byte-100-cycles - qos:1 - id:000064
2018-05-17_21:18:11:928- message sent - topic:mqtt-roundtrip-qos1-10Byte-100-cycles - qos:1 - id:000065
2018-05-17_21:18:11:928- message sent - topic:mqtt-roundtrip-qos1-10Byte-100-cycles - qos:1 - id:000066
2018-05-17_21:18:11:928- message sent - topic:mqtt-roundtrip-qos1-10Byte-100-cycles - qos:1 - id:000067
2018-05-17_21:18:11:928- message sent - topic:mqtt-roundtrip-qos1-10Byte-100-cycles - qos:1 - id:000068
2018-05-17_21:18:11:929- message sent - topic:mqtt-roundtrip-qos1-10Byte-100-cycles - qos:1 - id:000069
2018-05-17_21:18:11:929- message sent - topic:mqtt-roundtrip-qos1-10Byte-100-cycles - qos:1 - id:000070
2018-05-17_21:18:11:929- message sent - topic:mqtt-roundtrip-qos1-10Byte-100-cycles - qos:1 - id:000071
2018-05-17_21:18:11:929- message sent - topic:mqtt-roundtrip-qos1-10Byte-100-cycles - qos:1 - id:000072
2018-05-17_21:18:11:929- message sent - topic:mqtt-roundtrip-qos1-10Byte-100-cycles - qos:1 - id:000073
2018-05-17_21:18:11:929- message sent - topic:mqtt-roundtrip-qos1-10Byte-100-cycles - qos:1 - id:000074
2018-05-17_21:18:11:930- message sent - topic:mqtt-roundtrip-qos1-10Byte-100-cycles - qos:1 - id:000075
2018-05-17_21:18:11:930- message sent - topic:mqtt-roundtrip-qos1-10Byte-100-cycles - qos:1 - id:000076
2018-05-17_21:18:11:930- message sent - topic:mqtt-roundtrip-qos1-10Byte-100-cycles - qos:1 - id:000077
2018-05-17_21:18:11:930- message sent - topic:mqtt-roundtrip-qos1-10Byte-100-cycles - qos:1 - id:000078
2018-05-17_21:18:11:930- message sent - topic:mqtt-roundtrip-qos1-10Byte-100-cycles - qos:1 - id:000079
2018-05-17_21:18:11:930- message sent - topic:mqtt-roundtrip-qos1-10Byte-100-cycles - qos:1 - id:000080
2018-05-17_21:18:11:931- message sent - topic:mqtt-roundtrip-qos1-10Byte-100-cycles - qos:1 - id:000081
2018-05-17_21:18:11:931- message sent - topic:mqtt-roundtrip-qos1-10Byte-100-cycles - qos:1 - id:000082
2018-05-17_21:18:11:931- message sent - topic:mqtt-roundtrip-qos1-10Byte-100-cycles - qos:1 - id:000083
2018-05-17_21:18:11:931- message sent - topic:mqtt-roundtrip-qos1-10Byte-100-cycles - qos:1 - id:000084
2018-05-17_21:18:11:931- message sent - topic:mqtt-roundtrip-qos1-10Byte-100-cycles - qos:1 - id:000085
2018-05-17_21:18:11:932- message sent - topic:mqtt-roundtrip-qos1-10Byte-100-cycles - qos:1 - id:000086
2018-05-17_21:18:11:932- message sent - topic:mqtt-roundtrip-qos1-10Byte-100-cycles - qos:1 - id:000087
2018-05-17_21:18:11:932- message sent - topic:mqtt-roundtrip-qos1-10Byte-100-cycles - qos:1 - id:000088
2018-05-17_21:18:11:932- message sent - topic:mqtt-roundtrip-qos1-10Byte-100-cycles - qos:1 - id:000089
2018-05-17_21:18:11:932- message sent - topic:mqtt-roundtrip-qos1-10Byte-100-cycles - qos:1 - id:000090
2018-05-17_21:18:11:932- message sent - topic:mqtt-roundtrip-qos1-10Byte-100-cycles - qos:1 - id:000091
2018-05-17_21:18:11:933- message sent - topic:mqtt-roundtrip-qos1-10Byte-100-cycles - qos:1 - id:000092
2018-05-17_21:18:11:933- message sent - topic:mqtt-roundtrip-qos1-10Byte-100-cycles - qos:1 - id:000093
2018-05-17_21:18:11:933- message sent - topic:mqtt-roundtrip-qos1-10Byte-100-cycles - qos:1 - id:000094
2018-05-17_21:18:11:933- message sent - topic:mqtt-roundtrip-qos1-10Byte-100-cycles - qos:1 - id:000095
2018-05-17_21:18:11:933- message sent - topic:mqtt-roundtrip-qos1-10Byte-100-cycles - qos:1 - id:000096
2018-05-17_21:18:11:933- message sent - topic:mqtt-roundtrip-qos1-10Byte-100-cycles - qos:1 - id:000097
2018-05-17_21:18:11:934- message sent - topic:mqtt-roundtrip-qos1-10Byte-100-cycles - qos:1 - id:000098
2018-05-17_21:18:11:934- message sent - topic:mqtt-roundtrip-qos1-10Byte-100-cycles - qos:1 - id:000099
2018-05-17_21:18:11:976- message received - topic:mqtt-roundtrip-qos1-10Byte-100-cycles_2 - qos:1 - size:16 - id:000000
2018-05-17_21:18:11:976- message received - topic:mqtt-roundtrip-qos1-10Byte-100-cycles_2 - qos:1 - size:16 - id:000001
2018-05-17_21:18:11:977- message received - topic:mqtt-roundtrip-qos1-10Byte-100-cycles_2 - qos:1 - size:16 - id:000002
2018-05-17_21:18:11:977- message received - topic:mqtt-roundtrip-qos1-10Byte-100-cycles_2 - qos:1 - size:16 - id:000003
2018-05-17_21:18:11:977- message received - topic:mqtt-roundtrip-qos1-10Byte-100-cycles_2 - qos:1 - size:16 - id:000004
2018-05-17_21:18:11:977- message received - topic:mqtt-roundtrip-qos1-10Byte-100-cycles_2 - qos:1 - size:16 - id:000005
2018-05-17_21:18:11:978- message received - topic:mqtt-roundtrip-qos1-10Byte-100-cycles_2 - qos:1 - size:16 - id:000006
2018-05-17_21:18:11:978- message received - topic:mqtt-roundtrip-qos1-10Byte-100-cycles_2 - qos:1 - size:16 - id:000007
2018-05-17_21:18:11:978- message received - topic:mqtt-roundtrip-qos1-10Byte-100-cycles_2 - qos:1 - size:16 - id:000008
2018-05-17_21:18:11:978- message received - topic:mqtt-roundtrip-qos1-10Byte-100-cycles_2 - qos:1 - size:16 - id:000009
2018-05-17_21:18:11:979- message received - topic:mqtt-roundtrip-qos1-10Byte-100-cycles_2 - qos:1 - size:16 - id:000010
2018-05-17_21:18:11:979- message received - topic:mqtt-roundtrip-qos1-10Byte-100-cycles_2 - qos:1 - size:16 - id:000011
2018-05-17_21:18:11:979- message received - topic:mqtt-roundtrip-qos1-10Byte-100-cycles_2 - qos:1 - size:16 - id:000012
2018-05-17_21:18:11:979- message received - topic:mqtt-roundtrip-qos1-10Byte-100-cycles_2 - qos:1 - size:16 - id:000013
2018-05-17_21:18:11:979- message received - topic:mqtt-roundtrip-qos1-10Byte-100-cycles_2 - qos:1 - size:16 - id:000014
2018-05-17_21:18:11:980- message received - topic:mqtt-roundtrip-qos1-10Byte-100-cycles_2 - qos:1 - size:16 - id:000015
2018-05-17_21:18:11:980- message received - topic:mqtt-roundtrip-qos1-10Byte-100-cycles_2 - qos:1 - size:16 - id:000016
2018-05-17_21:18:11:980- message received - topic:mqtt-roundtrip-qos1-10Byte-100-cycles_2 - qos:1 - size:16 - id:000017
2018-05-17_21:18:11:980- message received - topic:mqtt-roundtrip-qos1-10Byte-100-cycles_2 - qos:1 - size:16 - id:000018
2018-05-17_21:18:11:981- message received - topic:mqtt-roundtrip-qos1-10Byte-100-cycles_2 - qos:1 - size:16 - id:000019
2018-05-17_21:18:11:981- message received - topic:mqtt-roundtrip-qos1-10Byte-100-cycles_2 - qos:1 - size:16 - id:000020
2018-05-17_21:18:11:981- message received - topic:mqtt-roundtrip-qos1-10Byte-100-cycles_2 - qos:1 - size:16 - id:000021
2018-05-17_21:18:11:981- message received - topic:mqtt-roundtrip-qos1-10Byte-100-cycles_2 - qos:1 - size:16 - id:000022
2018-05-17_21:18:11:981- message received - topic:mqtt-roundtrip-qos1-10Byte-100-cycles_2 - qos:1 - size:16 - id:000023
2018-05-17_21:18:11:982- message received - topic:mqtt-roundtrip-qos1-10Byte-100-cycles_2 - qos:1 - size:16 - id:000024
2018-05-17_21:18:11:982- message received - topic:mqtt-roundtrip-qos1-10Byte-100-cycles_2 - qos:1 - size:16 - id:000025
2018-05-17_21:18:11:982- message received - topic:mqtt-roundtrip-qos1-10Byte-100-cycles_2 - qos:1 - size:16 - id:000026
2018-05-17_21:18:11:982- message received - topic:mqtt-roundtrip-qos1-10Byte-100-cycles_2 - qos:1 - size:16 - id:000027
2018-05-17_21:18:11:983- message received - topic:mqtt-roundtrip-qos1-10Byte-100-cycles_2 - qos:1 - size:16 - id:000028
2018-05-17_21:18:11:983- message received - topic:mqtt-roundtrip-qos1-10Byte-100-cycles_2 - qos:1 - size:16 - id:000029
2018-05-17_21:18:11:983- message received - topic:mqtt-roundtrip-qos1-10Byte-100-cycles_2 - qos:1 - size:16 - id:000030
2018-05-17_21:18:11:983- message received - topic:mqtt-roundtrip-qos1-10Byte-100-cycles_2 - qos:1 - size:16 - id:000031
2018-05-17_21:18:11:984- message received - topic:mqtt-roundtrip-qos1-10Byte-100-cycles_2 - qos:1 - size:16 - id:000032
2018-05-17_21:18:11:984- message received - topic:mqtt-roundtrip-qos1-10Byte-100-cycles_2 - qos:1 - size:16 - id:000033
2018-05-17_21:18:11:984- message received - topic:mqtt-roundtrip-qos1-10Byte-100-cycles_2 - qos:1 - size:16 - id:000034
2018-05-17_21:18:11:984- message received - topic:mqtt-roundtrip-qos1-10Byte-100-cycles_2 - qos:1 - size:16 - id:000035
2018-05-17_21:18:11:985- message received - topic:mqtt-roundtrip-qos1-10Byte-100-cycles_2 - qos:1 - size:16 - id:000036
2018-05-17_21:18:11:985- message received - topic:mqtt-roundtrip-qos1-10Byte-100-cycles_2 - qos:1 - size:16 - id:000037
2018-05-17_21:18:11:985- message received - topic:mqtt-roundtrip-qos1-10Byte-100-cycles_2 - qos:1 - size:16 - id:000038
2018-05-17_21:18:11:985- message received - topic:mqtt-roundtrip-qos1-10Byte-100-cycles_2 - qos:1 - size:16 - id:000039
2018-05-17_21:18:11:986- message received - topic:mqtt-roundtrip-qos1-10Byte-100-cycles_2 - qos:1 - size:16 - id:000040
2018-05-17_21:18:11:986- message received - topic:mqtt-roundtrip-qos1-10Byte-100-cycles_2 - qos:1 - size:16 - id:000041
2018-05-17_21:18:11:986- message received - topic:mqtt-roundtrip-qos1-10Byte-100-cycles_2 - qos:1 - size:16 - id:000042
2018-05-17_21:18:11:986- message received - topic:mqtt-roundtrip-qos1-10Byte-100-cycles_2 - qos:1 - size:16 - id:000043
2018-05-17_21:18:11:987- message received - topic:mqtt-roundtrip-qos1-10Byte-100-cycles_2 - qos:1 - size:16 - id:000044
2018-05-17_21:18:11:987- message received - topic:mqtt-roundtrip-qos1-10Byte-100-cycles_2 - qos:1 - size:16 - id:000045
2018-05-17_21:18:11:987- message received - topic:mqtt-roundtrip-qos1-10Byte-100-cycles_2 - qos:1 - size:16 - id:000046
2018-05-17_21:18:11:987- message received - topic:mqtt-roundtrip-qos1-10Byte-100-cycles_2 - qos:1 - size:16 - id:000047
2018-05-17_21:18:11:988- message received - topic:mqtt-roundtrip-qos1-10Byte-100-cycles_2 - qos:1 - size:16 - id:000048
2018-05-17_21:18:11:988- message received - topic:mqtt-roundtrip-qos1-10Byte-100-cycles_2 - qos:1 - size:16 - id:000049
2018-05-17_21:18:11:988- message received - topic:mqtt-roundtrip-qos1-10Byte-100-cycles_2 - qos:1 - size:16 - id:000050
2018-05-17_21:18:11:988- message received - topic:mqtt-roundtrip-qos1-10Byte-100-cycles_2 - qos:1 - size:16 - id:000051
2018-05-17_21:18:11:989- message received - topic:mqtt-roundtrip-qos1-10Byte-100-cycles_2 - qos:1 - size:16 - id:000052
2018-05-17_21:18:11:989- message received - topic:mqtt-roundtrip-qos1-10Byte-100-cycles_2 - qos:1 - size:16 - id:000053
2018-05-17_21:18:11:989- message received - topic:mqtt-roundtrip-qos1-10Byte-100-cycles_2 - qos:1 - size:16 - id:000054
2018-05-17_21:18:11:989- message received - topic:mqtt-roundtrip-qos1-10Byte-100-cycles_2 - qos:1 - size:16 - id:000055
2018-05-17_21:18:11:990- message received - topic:mqtt-roundtrip-qos1-10Byte-100-cycles_2 - qos:1 - size:16 - id:000056
2018-05-17_21:18:11:990- message received - topic:mqtt-roundtrip-qos1-10Byte-100-cycles_2 - qos:1 - size:16 - id:000057
2018-05-17_21:18:11:990- message received - topic:mqtt-roundtrip-qos1-10Byte-100-cycles_2 - qos:1 - size:16 - id:000058
2018-05-17_21:18:11:991- message received - topic:mqtt-roundtrip-qos1-10Byte-100-cycles_2 - qos:1 - size:16 - id:000059
2018-05-17_21:18:11:991- message received - topic:mqtt-roundtrip-qos1-10Byte-100-cycles_2 - qos:1 - size:16 - id:000060
2018-05-17_21:18:11:991- message received - topic:mqtt-roundtrip-qos1-10Byte-100-cycles_2 - qos:1 - size:16 - id:000061
2018-05-17_21:18:11:991- message received - topic:mqtt-roundtrip-qos1-10Byte-100-cycles_2 - qos:1 - size:16 - id:000062
2018-05-17_21:18:11:992- message received - topic:mqtt-roundtrip-qos1-10Byte-100-cycles_2 - qos:1 - size:16 - id:000063
2018-05-17_21:18:11:992- message received - topic:mqtt-roundtrip-qos1-10Byte-100-cycles_2 - qos:1 - size:16 - id:000064
2018-05-17_21:18:11:992- message received - topic:mqtt-roundtrip-qos1-10Byte-100-cycles_2 - qos:1 - size:16 - id:000065
2018-05-17_21:18:11:992- message received - topic:mqtt-roundtrip-qos1-10Byte-100-cycles_2 - qos:1 - size:16 - id:000066
2018-05-17_21:18:11:993- message received - topic:mqtt-roundtrip-qos1-10Byte-100-cycles_2 - qos:1 - size:16 - id:000067
2018-05-17_21:18:11:993- message received - topic:mqtt-roundtrip-qos1-10Byte-100-cycles_2 - qos:1 - size:16 - id:000068
2018-05-17_21:18:11:993- message received - topic:mqtt-roundtrip-qos1-10Byte-100-cycles_2 - qos:1 - size:16 - id:000069
2018-05-17_21:18:11:994- message received - topic:mqtt-roundtrip-qos1-10Byte-100-cycles_2 - qos:1 - size:16 - id:000070
2018-05-17_21:18:11:994- message received - topic:mqtt-roundtrip-qos1-10Byte-100-cycles_2 - qos:1 - size:16 - id:000071
2018-05-17_21:18:11:994- message received - topic:mqtt-roundtrip-qos1-10Byte-100-cycles_2 - qos:1 - size:16 - id:000072
2018-05-17_21:18:11:995- message received - topic:mqtt-roundtrip-qos1-10Byte-100-cycles_2 - qos:1 - size:16 - id:000073
2018-05-17_21:18:11:995- message received - topic:mqtt-roundtrip-qos1-10Byte-100-cycles_2 - qos:1 - size:16 - id:000074
2018-05-17_21:18:11:995- message received - topic:mqtt-roundtrip-qos1-10Byte-100-cycles_2 - qos:1 - size:16 - id:000075
2018-05-17_21:18:11:995- message received - topic:mqtt-roundtrip-qos1-10Byte-100-cycles_2 - qos:1 - size:16 - id:000076
2018-05-17_21:18:11:996- message received - topic:mqtt-roundtrip-qos1-10Byte-100-cycles_2 - qos:1 - size:16 - id:000077
2018-05-17_21:18:11:997- message received - topic:mqtt-roundtrip-qos1-10Byte-100-cycles_2 - qos:1 - size:16 - id:000078
2018-05-17_21:18:11:997- message received - topic:mqtt-roundtrip-qos1-10Byte-100-cycles_2 - qos:1 - size:16 - id:000079
2018-05-17_21:18:11:998- message received - topic:mqtt-roundtrip-qos1-10Byte-100-cycles_2 - qos:1 - size:16 - id:000080
2018-05-17_21:18:11:998- message received - topic:mqtt-roundtrip-qos1-10Byte-100-cycles_2 - qos:1 - size:16 - id:000081
2018-05-17_21:18:11:998- message received - topic:mqtt-roundtrip-qos1-10Byte-100-cycles_2 - qos:1 - size:16 - id:000082
2018-05-17_21:18:11:999- message received - topic:mqtt-roundtrip-qos1-10Byte-100-cycles_2 - qos:1 - size:16 - id:000083
2018-05-17_21:18:11:999- message received - topic:mqtt-roundtrip-qos1-10Byte-100-cycles_2 - qos:1 - size:16 - id:000084
2018-05-17_21:18:11:999- message received - topic:mqtt-roundtrip-qos1-10Byte-100-cycles_2 - qos:1 - size:16 - id:000085
2018-05-17_21:18:11:999- message received - topic:mqtt-roundtrip-qos1-10Byte-100-cycles_2 - qos:1 - size:16 - id:000086
2018-05-17_21:18:12:000- message received - topic:mqtt-roundtrip-qos1-10Byte-100-cycles_2 - qos:1 - size:16 - id:000087
2018-05-17_21:18:12:001- message received - topic:mqtt-roundtrip-qos1-10Byte-100-cycles_2 - qos:1 - size:16 - id:000088
2018-05-17_21:18:12:001- message received - topic:mqtt-roundtrip-qos1-10Byte-100-cycles_2 - qos:1 - size:16 - id:000089
2018-05-17_21:18:12:001- message received - topic:mqtt-roundtrip-qos1-10Byte-100-cycles_2 - qos:1 - size:16 - id:000090
2018-05-17_21:18:12:002- message received - topic:mqtt-roundtrip-qos1-10Byte-100-cycles_2 - qos:1 - size:16 - id:000091
2018-05-17_21:18:12:002- message received - topic:mqtt-roundtrip-qos1-10Byte-100-cycles_2 - qos:1 - size:16 - id:000092
2018-05-17_21:18:12:002- message received - topic:mqtt-roundtrip-qos1-10Byte-100-cycles_2 - qos:1 - size:16 - id:000093
2018-05-17_21:18:12:003- message received - topic:mqtt-roundtrip-qos1-10Byte-100-cycles_2 - qos:1 - size:16 - id:000094
2018-05-17_21:18:12:003- message received - topic:mqtt-roundtrip-qos1-10Byte-100-cycles_2 - qos:1 - size:16 - id:000095
2018-05-17_21:18:12:003- message received - topic:mqtt-roundtrip-qos1-10Byte-100-cycles_2 - qos:1 - size:16 - id:000096
2018-05-17_21:18:12:003- message received - topic:mqtt-roundtrip-qos1-10Byte-100-cycles_2 - qos:1 - size:16 - id:000097
2018-05-17_21:18:12:004- message received - topic:mqtt-roundtrip-qos1-10Byte-100-cycles_2 - qos:1 - size:16 - id:000098
2018-05-17_21:18:12:004- message received - topic:mqtt-roundtrip-qos1-10Byte-100-cycles_2 - qos:1 - size:16 - id:000099
2018-05-17_21:18:15:008- Client disconnected from broker
