2018-05-17_21:15:44:968- connecting to broker 192.168.1.100:1883
2018-05-17_21:15:44:969- Subscribing to topic mqtt-roundtrip-qos2-100Byte-10-cycles_2
2018-05-17_21:15:44:969- subscribe returned (0, 1)
2018-05-17_21:15:44:969- Performing message publishing for 10 cycles
2018-05-17_21:15:44:969- message sent - topic:mqtt-roundtrip-qos2-100Byte-10-cycles - qos:2 - id:000000
2018-05-17_21:15:44:970- message sent - topic:mqtt-roundtrip-qos2-100Byte-10-cycles - qos:2 - id:000001
2018-05-17_21:15:44:970- message sent - topic:mqtt-roundtrip-qos2-100Byte-10-cycles - qos:2 - id:000002
2018-05-17_21:15:44:970- message sent - topic:mqtt-roundtrip-qos2-100Byte-10-cycles - qos:2 - id:000003
2018-05-17_21:15:44:970- message sent - topic:mqtt-roundtrip-qos2-100Byte-10-cycles - qos:2 - id:000004
2018-05-17_21:15:44:970- message sent - topic:mqtt-roundtrip-qos2-100Byte-10-cycles - qos:2 - id:000005
2018-05-17_21:15:44:971- message sent - topic:mqtt-roundtrip-qos2-100Byte-10-cycles - qos:2 - id:000006
2018-05-17_21:15:44:971- message sent - topic:mqtt-roundtrip-qos2-100Byte-10-cycles - qos:2 - id:000007
2018-05-17_21:15:44:971- message sent - topic:mqtt-roundtrip-qos2-100Byte-10-cycles - qos:2 - id:000008
2018-05-17_21:15:44:971- message sent - topic:mqtt-roundtrip-qos2-100Byte-10-cycles - qos:2 - id:000009
2018-05-17_21:15:44:972- Client connected to broker
2018-05-17_21:15:45:051- message received - topic:mqtt-roundtrip-qos2-100Byte-10-cycles_2 - qos:2 - size:106 - id:000000
2018-05-17_21:15:45:100- message received - topic:mqtt-roundtrip-qos2-100Byte-10-cycles_2 - qos:2 - size:106 - id:000001
2018-05-17_21:15:45:101- message received - topic:mqtt-roundtrip-qos2-100Byte-10-cycles_2 - qos:2 - size:106 - id:000002
2018-05-17_21:15:45:101- message received - topic:mqtt-roundtrip-qos2-100Byte-10-cycles_2 - qos:2 - size:106 - id:000003
2018-05-17_21:15:45:102- message received - topic:mqtt-roundtrip-qos2-100Byte-10-cycles_2 - qos:2 - size:106 - id:000004
2018-05-17_21:15:45:102- message received - topic:mqtt-roundtrip-qos2-100Byte-10-cycles_2 - qos:2 - size:106 - id:000005
2018-05-17_21:15:45:102- message received - topic:mqtt-roundtrip-qos2-100Byte-10-cycles_2 - qos:2 - size:106 - id:000006
2018-05-17_21:15:45:102- message received - topic:mqtt-roundtrip-qos2-100Byte-10-cycles_2 - qos:2 - size:106 - id:000007
2018-05-17_21:15:45:102- message received - topic:mqtt-roundtrip-qos2-100Byte-10-cycles_2 - qos:2 - size:106 - id:000008
2018-05-17_21:15:45:102- message received - topic:mqtt-roundtrip-qos2-100Byte-10-cycles_2 - qos:2 - size:106 - id:000009
2018-05-17_21:15:48:106- Client disconnected from broker
