2018-05-15_22:52:28:116- connecting to broker 192.168.1.100:1883
2018-05-15_22:52:28:118- Subscribing to topicmqtt-roundtrip-qos0-1Byte-100-cycles
2018-05-15_22:52:28:118- subscribe returned (0, 1)
2018-05-15_22:52:28:118- Client connected to broker
2018-05-15_22:52:32:922- message received - id:0 - topic:mqtt-roundtrip-qos0-1Byte-100-cycles - qos:0 - size:1
2018-05-15_22:52:32:923- message sent - id:0 - topic:mqtt-roundtrip-qos0-1Byte-100-cycles_2 - qos:0 - size:1
2018-05-15_22:52:32:925- message received - id:0 - topic:mqtt-roundtrip-qos0-1Byte-100-cycles - qos:0 - size:1
2018-05-15_22:52:32:926- message sent - id:0 - topic:mqtt-roundtrip-qos0-1Byte-100-cycles_2 - qos:0 - size:1
2018-05-15_22:52:32:927- message received - id:0 - topic:mqtt-roundtrip-qos0-1Byte-100-cycles - qos:0 - size:1
2018-05-15_22:52:32:927- message sent - id:0 - topic:mqtt-roundtrip-qos0-1Byte-100-cycles_2 - qos:0 - size:1
2018-05-15_22:52:32:928- message received - id:0 - topic:mqtt-roundtrip-qos0-1Byte-100-cycles - qos:0 - size:1
2018-05-15_22:52:32:928- message sent - id:0 - topic:mqtt-roundtrip-qos0-1Byte-100-cycles_2 - qos:0 - size:1
2018-05-15_22:52:32:928- message received - id:0 - topic:mqtt-roundtrip-qos0-1Byte-100-cycles - qos:0 - size:1
2018-05-15_22:52:32:928- message sent - id:0 - topic:mqtt-roundtrip-qos0-1Byte-100-cycles_2 - qos:0 - size:1
2018-05-15_22:52:32:928- message received - id:0 - topic:mqtt-roundtrip-qos0-1Byte-100-cycles - qos:0 - size:1
2018-05-15_22:52:32:929- message sent - id:0 - topic:mqtt-roundtrip-qos0-1Byte-100-cycles_2 - qos:0 - size:1
2018-05-15_22:52:32:929- message received - id:0 - topic:mqtt-roundtrip-qos0-1Byte-100-cycles - qos:0 - size:1
2018-05-15_22:52:32:929- message sent - id:0 - topic:mqtt-roundtrip-qos0-1Byte-100-cycles_2 - qos:0 - size:1
2018-05-15_22:52:32:929- message received - id:0 - topic:mqtt-roundtrip-qos0-1Byte-100-cycles - qos:0 - size:1
2018-05-15_22:52:32:930- message sent - id:0 - topic:mqtt-roundtrip-qos0-1Byte-100-cycles_2 - qos:0 - size:1
2018-05-15_22:52:32:930- message received - id:0 - topic:mqtt-roundtrip-qos0-1Byte-100-cycles - qos:0 - size:1
2018-05-15_22:52:32:930- message sent - id:0 - topic:mqtt-roundtrip-qos0-1Byte-100-cycles_2 - qos:0 - size:1
2018-05-15_22:52:32:930- message received - id:0 - topic:mqtt-roundtrip-qos0-1Byte-100-cycles - qos:0 - size:1
2018-05-15_22:52:32:930- message sent - id:0 - topic:mqtt-roundtrip-qos0-1Byte-100-cycles_2 - qos:0 - size:1
2018-05-15_22:52:32:931- message received - id:0 - topic:mqtt-roundtrip-qos0-1Byte-100-cycles - qos:0 - size:1
2018-05-15_22:52:32:931- message sent - id:0 - topic:mqtt-roundtrip-qos0-1Byte-100-cycles_2 - qos:0 - size:1
2018-05-15_22:52:32:931- message received - id:0 - topic:mqtt-roundtrip-qos0-1Byte-100-cycles - qos:0 - size:1
2018-05-15_22:52:32:931- message sent - id:0 - topic:mqtt-roundtrip-qos0-1Byte-100-cycles_2 - qos:0 - size:1
2018-05-15_22:52:32:932- message received - id:0 - topic:mqtt-roundtrip-qos0-1Byte-100-cycles - qos:0 - size:1
2018-05-15_22:52:32:932- message sent - id:0 - topic:mqtt-roundtrip-qos0-1Byte-100-cycles_2 - qos:0 - size:1
2018-05-15_22:52:32:932- message received - id:0 - topic:mqtt-roundtrip-qos0-1Byte-100-cycles - qos:0 - size:1
2018-05-15_22:52:32:932- message sent - id:0 - topic:mqtt-roundtrip-qos0-1Byte-100-cycles_2 - qos:0 - size:1
2018-05-15_22:52:32:933- message received - id:0 - topic:mqtt-roundtrip-qos0-1Byte-100-cycles - qos:0 - size:1
2018-05-15_22:52:32:933- message sent - id:0 - topic:mqtt-roundtrip-qos0-1Byte-100-cycles_2 - qos:0 - size:1
2018-05-15_22:52:32:933- message received - id:0 - topic:mqtt-roundtrip-qos0-1Byte-100-cycles - qos:0 - size:1
2018-05-15_22:52:32:933- message sent - id:0 - topic:mqtt-roundtrip-qos0-1Byte-100-cycles_2 - qos:0 - size:1
2018-05-15_22:52:32:934- message received - id:0 - topic:mqtt-roundtrip-qos0-1Byte-100-cycles - qos:0 - size:1
2018-05-15_22:52:32:934- message sent - id:0 - topic:mqtt-roundtrip-qos0-1Byte-100-cycles_2 - qos:0 - size:1
2018-05-15_22:52:32:934- message received - id:0 - topic:mqtt-roundtrip-qos0-1Byte-100-cycles - qos:0 - size:1
2018-05-15_22:52:32:934- message sent - id:0 - topic:mqtt-roundtrip-qos0-1Byte-100-cycles_2 - qos:0 - size:1
2018-05-15_22:52:32:935- message received - id:0 - topic:mqtt-roundtrip-qos0-1Byte-100-cycles - qos:0 - size:1
2018-05-15_22:52:32:935- message sent - id:0 - topic:mqtt-roundtrip-qos0-1Byte-100-cycles_2 - qos:0 - size:1
2018-05-15_22:52:32:935- message received - id:0 - topic:mqtt-roundtrip-qos0-1Byte-100-cycles - qos:0 - size:1
2018-05-15_22:52:32:935- message sent - id:0 - topic:mqtt-roundtrip-qos0-1Byte-100-cycles_2 - qos:0 - size:1
2018-05-15_22:52:32:936- message received - id:0 - topic:mqtt-roundtrip-qos0-1Byte-100-cycles - qos:0 - size:1
2018-05-15_22:52:32:936- message sent - id:0 - topic:mqtt-roundtrip-qos0-1Byte-100-cycles_2 - qos:0 - size:1
2018-05-15_22:52:32:936- message received - id:0 - topic:mqtt-roundtrip-qos0-1Byte-100-cycles - qos:0 - size:1
2018-05-15_22:52:32:936- message sent - id:0 - topic:mqtt-roundtrip-qos0-1Byte-100-cycles_2 - qos:0 - size:1
2018-05-15_22:52:32:936- message received - id:0 - topic:mqtt-roundtrip-qos0-1Byte-100-cycles - qos:0 - size:1
2018-05-15_22:52:32:937- message sent - id:0 - topic:mqtt-roundtrip-qos0-1Byte-100-cycles_2 - qos:0 - size:1
2018-05-15_22:52:32:937- message received - id:0 - topic:mqtt-roundtrip-qos0-1Byte-100-cycles - qos:0 - size:1
2018-05-15_22:52:32:937- message sent - id:0 - topic:mqtt-roundtrip-qos0-1Byte-100-cycles_2 - qos:0 - size:1
2018-05-15_22:52:32:937- message received - id:0 - topic:mqtt-roundtrip-qos0-1Byte-100-cycles - qos:0 - size:1
2018-05-15_22:52:32:937- message sent - id:0 - topic:mqtt-roundtrip-qos0-1Byte-100-cycles_2 - qos:0 - size:1
2018-05-15_22:52:32:938- message received - id:0 - topic:mqtt-roundtrip-qos0-1Byte-100-cycles - qos:0 - size:1
2018-05-15_22:52:32:938- message sent - id:0 - topic:mqtt-roundtrip-qos0-1Byte-100-cycles_2 - qos:0 - size:1
2018-05-15_22:52:32:938- message received - id:0 - topic:mqtt-roundtrip-qos0-1Byte-100-cycles - qos:0 - size:1
2018-05-15_22:52:32:938- message sent - id:0 - topic:mqtt-roundtrip-qos0-1Byte-100-cycles_2 - qos:0 - size:1
2018-05-15_22:52:32:938- message received - id:0 - topic:mqtt-roundtrip-qos0-1Byte-100-cycles - qos:0 - size:1
2018-05-15_22:52:32:939- message sent - id:0 - topic:mqtt-roundtrip-qos0-1Byte-100-cycles_2 - qos:0 - size:1
2018-05-15_22:52:32:939- message received - id:0 - topic:mqtt-roundtrip-qos0-1Byte-100-cycles - qos:0 - size:1
2018-05-15_22:52:32:939- message sent - id:0 - topic:mqtt-roundtrip-qos0-1Byte-100-cycles_2 - qos:0 - size:1
2018-05-15_22:52:32:939- message received - id:0 - topic:mqtt-roundtrip-qos0-1Byte-100-cycles - qos:0 - size:1
2018-05-15_22:52:32:939- message sent - id:0 - topic:mqtt-roundtrip-qos0-1Byte-100-cycles_2 - qos:0 - size:1
2018-05-15_22:52:32:939- message received - id:0 - topic:mqtt-roundtrip-qos0-1Byte-100-cycles - qos:0 - size:1
2018-05-15_22:52:32:940- message sent - id:0 - topic:mqtt-roundtrip-qos0-1Byte-100-cycles_2 - qos:0 - size:1
2018-05-15_22:52:32:940- message received - id:0 - topic:mqtt-roundtrip-qos0-1Byte-100-cycles - qos:0 - size:1
2018-05-15_22:52:32:940- message sent - id:0 - topic:mqtt-roundtrip-qos0-1Byte-100-cycles_2 - qos:0 - size:1
2018-05-15_22:52:32:940- message received - id:0 - topic:mqtt-roundtrip-qos0-1Byte-100-cycles - qos:0 - size:1
2018-05-15_22:52:32:940- message sent - id:0 - topic:mqtt-roundtrip-qos0-1Byte-100-cycles_2 - qos:0 - size:1
2018-05-15_22:52:32:940- message received - id:0 - topic:mqtt-roundtrip-qos0-1Byte-100-cycles - qos:0 - size:1
2018-05-15_22:52:32:940- message sent - id:0 - topic:mqtt-roundtrip-qos0-1Byte-100-cycles_2 - qos:0 - size:1
2018-05-15_22:52:32:941- message received - id:0 - topic:mqtt-roundtrip-qos0-1Byte-100-cycles - qos:0 - size:1
2018-05-15_22:52:32:941- message sent - id:0 - topic:mqtt-roundtrip-qos0-1Byte-100-cycles_2 - qos:0 - size:1
2018-05-15_22:52:32:941- message received - id:0 - topic:mqtt-roundtrip-qos0-1Byte-100-cycles - qos:0 - size:1
2018-05-15_22:52:32:941- message sent - id:0 - topic:mqtt-roundtrip-qos0-1Byte-100-cycles_2 - qos:0 - size:1
2018-05-15_22:52:32:941- message received - id:0 - topic:mqtt-roundtrip-qos0-1Byte-100-cycles - qos:0 - size:1
2018-05-15_22:52:32:941- message sent - id:0 - topic:mqtt-roundtrip-qos0-1Byte-100-cycles_2 - qos:0 - size:1
2018-05-15_22:52:32:942- message received - id:0 - topic:mqtt-roundtrip-qos0-1Byte-100-cycles - qos:0 - size:1
2018-05-15_22:52:32:942- message sent - id:0 - topic:mqtt-roundtrip-qos0-1Byte-100-cycles_2 - qos:0 - size:1
2018-05-15_22:52:32:942- message received - id:0 - topic:mqtt-roundtrip-qos0-1Byte-100-cycles - qos:0 - size:1
2018-05-15_22:52:32:942- message sent - id:0 - topic:mqtt-roundtrip-qos0-1Byte-100-cycles_2 - qos:0 - size:1
2018-05-15_22:52:32:942- message received - id:0 - topic:mqtt-roundtrip-qos0-1Byte-100-cycles - qos:0 - size:1
2018-05-15_22:52:32:942- message sent - id:0 - topic:mqtt-roundtrip-qos0-1Byte-100-cycles_2 - qos:0 - size:1
2018-05-15_22:52:32:943- message received - id:0 - topic:mqtt-roundtrip-qos0-1Byte-100-cycles - qos:0 - size:1
2018-05-15_22:52:32:943- message sent - id:0 - topic:mqtt-roundtrip-qos0-1Byte-100-cycles_2 - qos:0 - size:1
2018-05-15_22:52:32:943- message received - id:0 - topic:mqtt-roundtrip-qos0-1Byte-100-cycles - qos:0 - size:1
2018-05-15_22:52:32:943- message sent - id:0 - topic:mqtt-roundtrip-qos0-1Byte-100-cycles_2 - qos:0 - size:1
2018-05-15_22:52:32:943- message received - id:0 - topic:mqtt-roundtrip-qos0-1Byte-100-cycles - qos:0 - size:1
2018-05-15_22:52:32:943- message sent - id:0 - topic:mqtt-roundtrip-qos0-1Byte-100-cycles_2 - qos:0 - size:1
2018-05-15_22:52:32:944- message received - id:0 - topic:mqtt-roundtrip-qos0-1Byte-100-cycles - qos:0 - size:1
2018-05-15_22:52:32:944- message sent - id:0 - topic:mqtt-roundtrip-qos0-1Byte-100-cycles_2 - qos:0 - size:1
2018-05-15_22:52:32:944- message received - id:0 - topic:mqtt-roundtrip-qos0-1Byte-100-cycles - qos:0 - size:1
2018-05-15_22:52:32:944- message sent - id:0 - topic:mqtt-roundtrip-qos0-1Byte-100-cycles_2 - qos:0 - size:1
2018-05-15_22:52:32:944- message received - id:0 - topic:mqtt-roundtrip-qos0-1Byte-100-cycles - qos:0 - size:1
2018-05-15_22:52:32:944- message sent - id:0 - topic:mqtt-roundtrip-qos0-1Byte-100-cycles_2 - qos:0 - size:1
2018-05-15_22:52:32:945- message received - id:0 - topic:mqtt-roundtrip-qos0-1Byte-100-cycles - qos:0 - size:1
2018-05-15_22:52:32:945- message sent - id:0 - topic:mqtt-roundtrip-qos0-1Byte-100-cycles_2 - qos:0 - size:1
2018-05-15_22:52:32:945- message received - id:0 - topic:mqtt-roundtrip-qos0-1Byte-100-cycles - qos:0 - size:1
2018-05-15_22:52:32:945- message sent - id:0 - topic:mqtt-roundtrip-qos0-1Byte-100-cycles_2 - qos:0 - size:1
2018-05-15_22:52:32:945- message received - id:0 - topic:mqtt-roundtrip-qos0-1Byte-100-cycles - qos:0 - size:1
2018-05-15_22:52:32:945- message sent - id:0 - topic:mqtt-roundtrip-qos0-1Byte-100-cycles_2 - qos:0 - size:1
2018-05-15_22:52:32:946- message received - id:0 - topic:mqtt-roundtrip-qos0-1Byte-100-cycles - qos:0 - size:1
2018-05-15_22:52:32:946- message sent - id:0 - topic:mqtt-roundtrip-qos0-1Byte-100-cycles_2 - qos:0 - size:1
2018-05-15_22:52:32:946- message received - id:0 - topic:mqtt-roundtrip-qos0-1Byte-100-cycles - qos:0 - size:1
2018-05-15_22:52:32:946- message sent - id:0 - topic:mqtt-roundtrip-qos0-1Byte-100-cycles_2 - qos:0 - size:1
2018-05-15_22:52:32:946- message received - id:0 - topic:mqtt-roundtrip-qos0-1Byte-100-cycles - qos:0 - size:1
2018-05-15_22:52:32:946- message sent - id:0 - topic:mqtt-roundtrip-qos0-1Byte-100-cycles_2 - qos:0 - size:1
2018-05-15_22:52:32:947- message received - id:0 - topic:mqtt-roundtrip-qos0-1Byte-100-cycles - qos:0 - size:1
2018-05-15_22:52:32:947- message sent - id:0 - topic:mqtt-roundtrip-qos0-1Byte-100-cycles_2 - qos:0 - size:1
2018-05-15_22:52:32:947- message received - id:0 - topic:mqtt-roundtrip-qos0-1Byte-100-cycles - qos:0 - size:1
2018-05-15_22:52:32:947- message sent - id:0 - topic:mqtt-roundtrip-qos0-1Byte-100-cycles_2 - qos:0 - size:1
2018-05-15_22:52:32:947- message received - id:0 - topic:mqtt-roundtrip-qos0-1Byte-100-cycles - qos:0 - size:1
2018-05-15_22:52:32:947- message sent - id:0 - topic:mqtt-roundtrip-qos0-1Byte-100-cycles_2 - qos:0 - size:1
2018-05-15_22:52:32:948- message received - id:0 - topic:mqtt-roundtrip-qos0-1Byte-100-cycles - qos:0 - size:1
2018-05-15_22:52:32:948- message sent - id:0 - topic:mqtt-roundtrip-qos0-1Byte-100-cycles_2 - qos:0 - size:1
2018-05-15_22:52:32:948- message received - id:0 - topic:mqtt-roundtrip-qos0-1Byte-100-cycles - qos:0 - size:1
2018-05-15_22:52:32:948- message sent - id:0 - topic:mqtt-roundtrip-qos0-1Byte-100-cycles_2 - qos:0 - size:1
2018-05-15_22:52:32:949- message received - id:0 - topic:mqtt-roundtrip-qos0-1Byte-100-cycles - qos:0 - size:1
2018-05-15_22:52:32:949- message sent - id:0 - topic:mqtt-roundtrip-qos0-1Byte-100-cycles_2 - qos:0 - size:1
2018-05-15_22:52:32:949- message received - id:0 - topic:mqtt-roundtrip-qos0-1Byte-100-cycles - qos:0 - size:1
2018-05-15_22:52:32:949- message sent - id:0 - topic:mqtt-roundtrip-qos0-1Byte-100-cycles_2 - qos:0 - size:1
2018-05-15_22:52:32:950- message received - id:0 - topic:mqtt-roundtrip-qos0-1Byte-100-cycles - qos:0 - size:1
2018-05-15_22:52:32:950- message sent - id:0 - topic:mqtt-roundtrip-qos0-1Byte-100-cycles_2 - qos:0 - size:1
2018-05-15_22:52:32:950- message received - id:0 - topic:mqtt-roundtrip-qos0-1Byte-100-cycles - qos:0 - size:1
2018-05-15_22:52:32:950- message sent - id:0 - topic:mqtt-roundtrip-qos0-1Byte-100-cycles_2 - qos:0 - size:1
2018-05-15_22:52:32:950- message received - id:0 - topic:mqtt-roundtrip-qos0-1Byte-100-cycles - qos:0 - size:1
2018-05-15_22:52:32:951- message sent - id:0 - topic:mqtt-roundtrip-qos0-1Byte-100-cycles_2 - qos:0 - size:1
2018-05-15_22:52:32:951- message received - id:0 - topic:mqtt-roundtrip-qos0-1Byte-100-cycles - qos:0 - size:1
2018-05-15_22:52:32:951- message sent - id:0 - topic:mqtt-roundtrip-qos0-1Byte-100-cycles_2 - qos:0 - size:1
2018-05-15_22:52:32:952- message received - id:0 - topic:mqtt-roundtrip-qos0-1Byte-100-cycles - qos:0 - size:1
2018-05-15_22:52:32:952- message sent - id:0 - topic:mqtt-roundtrip-qos0-1Byte-100-cycles_2 - qos:0 - size:1
2018-05-15_22:52:32:952- message received - id:0 - topic:mqtt-roundtrip-qos0-1Byte-100-cycles - qos:0 - size:1
2018-05-15_22:52:32:952- message sent - id:0 - topic:mqtt-roundtrip-qos0-1Byte-100-cycles_2 - qos:0 - size:1
2018-05-15_22:52:32:953- message received - id:0 - topic:mqtt-roundtrip-qos0-1Byte-100-cycles - qos:0 - size:1
2018-05-15_22:52:32:953- message sent - id:0 - topic:mqtt-roundtrip-qos0-1Byte-100-cycles_2 - qos:0 - size:1
2018-05-15_22:52:32:953- message received - id:0 - topic:mqtt-roundtrip-qos0-1Byte-100-cycles - qos:0 - size:1
2018-05-15_22:52:32:953- message sent - id:0 - topic:mqtt-roundtrip-qos0-1Byte-100-cycles_2 - qos:0 - size:1
2018-05-15_22:52:32:954- message received - id:0 - topic:mqtt-roundtrip-qos0-1Byte-100-cycles - qos:0 - size:1
2018-05-15_22:52:32:954- message sent - id:0 - topic:mqtt-roundtrip-qos0-1Byte-100-cycles_2 - qos:0 - size:1
2018-05-15_22:52:32:954- message received - id:0 - topic:mqtt-roundtrip-qos0-1Byte-100-cycles - qos:0 - size:1
2018-05-15_22:52:32:955- message sent - id:0 - topic:mqtt-roundtrip-qos0-1Byte-100-cycles_2 - qos:0 - size:1
2018-05-15_22:52:32:955- message received - id:0 - topic:mqtt-roundtrip-qos0-1Byte-100-cycles - qos:0 - size:1
2018-05-15_22:52:32:955- message sent - id:0 - topic:mqtt-roundtrip-qos0-1Byte-100-cycles_2 - qos:0 - size:1
2018-05-15_22:52:32:955- message received - id:0 - topic:mqtt-roundtrip-qos0-1Byte-100-cycles - qos:0 - size:1
2018-05-15_22:52:32:956- message sent - id:0 - topic:mqtt-roundtrip-qos0-1Byte-100-cycles_2 - qos:0 - size:1
2018-05-15_22:52:32:956- message received - id:0 - topic:mqtt-roundtrip-qos0-1Byte-100-cycles - qos:0 - size:1
2018-05-15_22:52:32:956- message sent - id:0 - topic:mqtt-roundtrip-qos0-1Byte-100-cycles_2 - qos:0 - size:1
2018-05-15_22:52:32:956- message received - id:0 - topic:mqtt-roundtrip-qos0-1Byte-100-cycles - qos:0 - size:1
2018-05-15_22:52:32:957- message sent - id:0 - topic:mqtt-roundtrip-qos0-1Byte-100-cycles_2 - qos:0 - size:1
2018-05-15_22:52:32:957- message received - id:0 - topic:mqtt-roundtrip-qos0-1Byte-100-cycles - qos:0 - size:1
2018-05-15_22:52:32:957- message sent - id:0 - topic:mqtt-roundtrip-qos0-1Byte-100-cycles_2 - qos:0 - size:1
2018-05-15_22:52:32:958- message received - id:0 - topic:mqtt-roundtrip-qos0-1Byte-100-cycles - qos:0 - size:1
2018-05-15_22:52:32:958- message sent - id:0 - topic:mqtt-roundtrip-qos0-1Byte-100-cycles_2 - qos:0 - size:1
2018-05-15_22:52:32:959- message received - id:0 - topic:mqtt-roundtrip-qos0-1Byte-100-cycles - qos:0 - size:1
2018-05-15_22:52:32:959- message sent - id:0 - topic:mqtt-roundtrip-qos0-1Byte-100-cycles_2 - qos:0 - size:1
2018-05-15_22:52:32:959- message received - id:0 - topic:mqtt-roundtrip-qos0-1Byte-100-cycles - qos:0 - size:1
2018-05-15_22:52:32:960- message sent - id:0 - topic:mqtt-roundtrip-qos0-1Byte-100-cycles_2 - qos:0 - size:1
2018-05-15_22:52:32:960- message received - id:0 - topic:mqtt-roundtrip-qos0-1Byte-100-cycles - qos:0 - size:1
2018-05-15_22:52:32:960- message sent - id:0 - topic:mqtt-roundtrip-qos0-1Byte-100-cycles_2 - qos:0 - size:1
2018-05-15_22:52:32:960- message received - id:0 - topic:mqtt-roundtrip-qos0-1Byte-100-cycles - qos:0 - size:1
2018-05-15_22:52:32:960- message sent - id:0 - topic:mqtt-roundtrip-qos0-1Byte-100-cycles_2 - qos:0 - size:1
2018-05-15_22:52:32:961- message received - id:0 - topic:mqtt-roundtrip-qos0-1Byte-100-cycles - qos:0 - size:1
2018-05-15_22:52:32:961- message sent - id:0 - topic:mqtt-roundtrip-qos0-1Byte-100-cycles_2 - qos:0 - size:1
2018-05-15_22:52:32:961- message received - id:0 - topic:mqtt-roundtrip-qos0-1Byte-100-cycles - qos:0 - size:1
2018-05-15_22:52:32:961- message sent - id:0 - topic:mqtt-roundtrip-qos0-1Byte-100-cycles_2 - qos:0 - size:1
2018-05-15_22:52:32:961- message received - id:0 - topic:mqtt-roundtrip-qos0-1Byte-100-cycles - qos:0 - size:1
2018-05-15_22:52:32:961- message sent - id:0 - topic:mqtt-roundtrip-qos0-1Byte-100-cycles_2 - qos:0 - size:1
2018-05-15_22:52:32:962- message received - id:0 - topic:mqtt-roundtrip-qos0-1Byte-100-cycles - qos:0 - size:1
2018-05-15_22:52:32:962- message sent - id:0 - topic:mqtt-roundtrip-qos0-1Byte-100-cycles_2 - qos:0 - size:1
2018-05-15_22:52:32:962- message received - id:0 - topic:mqtt-roundtrip-qos0-1Byte-100-cycles - qos:0 - size:1
2018-05-15_22:52:32:962- message sent - id:0 - topic:mqtt-roundtrip-qos0-1Byte-100-cycles_2 - qos:0 - size:1
2018-05-15_22:52:32:962- message received - id:0 - topic:mqtt-roundtrip-qos0-1Byte-100-cycles - qos:0 - size:1
2018-05-15_22:52:32:962- message sent - id:0 - topic:mqtt-roundtrip-qos0-1Byte-100-cycles_2 - qos:0 - size:1
2018-05-15_22:52:32:963- message received - id:0 - topic:mqtt-roundtrip-qos0-1Byte-100-cycles - qos:0 - size:1
2018-05-15_22:52:32:963- message sent - id:0 - topic:mqtt-roundtrip-qos0-1Byte-100-cycles_2 - qos:0 - size:1
2018-05-15_22:52:32:963- message received - id:0 - topic:mqtt-roundtrip-qos0-1Byte-100-cycles - qos:0 - size:1
2018-05-15_22:52:32:963- message sent - id:0 - topic:mqtt-roundtrip-qos0-1Byte-100-cycles_2 - qos:0 - size:1
2018-05-15_22:52:32:963- message received - id:0 - topic:mqtt-roundtrip-qos0-1Byte-100-cycles - qos:0 - size:1
2018-05-15_22:52:32:963- message sent - id:0 - topic:mqtt-roundtrip-qos0-1Byte-100-cycles_2 - qos:0 - size:1
2018-05-15_22:52:32:964- message received - id:0 - topic:mqtt-roundtrip-qos0-1Byte-100-cycles - qos:0 - size:1
2018-05-15_22:52:32:964- message sent - id:0 - topic:mqtt-roundtrip-qos0-1Byte-100-cycles_2 - qos:0 - size:1
2018-05-15_22:52:32:964- message received - id:0 - topic:mqtt-roundtrip-qos0-1Byte-100-cycles - qos:0 - size:1
2018-05-15_22:52:32:964- message sent - id:0 - topic:mqtt-roundtrip-qos0-1Byte-100-cycles_2 - qos:0 - size:1
2018-05-15_22:52:32:964- message received - id:0 - topic:mqtt-roundtrip-qos0-1Byte-100-cycles - qos:0 - size:1
2018-05-15_22:52:32:964- message sent - id:0 - topic:mqtt-roundtrip-qos0-1Byte-100-cycles_2 - qos:0 - size:1
2018-05-15_22:52:32:965- message received - id:0 - topic:mqtt-roundtrip-qos0-1Byte-100-cycles - qos:0 - size:1
2018-05-15_22:52:32:965- message sent - id:0 - topic:mqtt-roundtrip-qos0-1Byte-100-cycles_2 - qos:0 - size:1
2018-05-15_22:52:32:965- message received - id:0 - topic:mqtt-roundtrip-qos0-1Byte-100-cycles - qos:0 - size:1
2018-05-15_22:52:32:965- message sent - id:0 - topic:mqtt-roundtrip-qos0-1Byte-100-cycles_2 - qos:0 - size:1
2018-05-15_22:52:32:965- message received - id:0 - topic:mqtt-roundtrip-qos0-1Byte-100-cycles - qos:0 - size:1
2018-05-15_22:52:32:965- message sent - id:0 - topic:mqtt-roundtrip-qos0-1Byte-100-cycles_2 - qos:0 - size:1
2018-05-15_22:52:32:966- message received - id:0 - topic:mqtt-roundtrip-qos0-1Byte-100-cycles - qos:0 - size:1
2018-05-15_22:52:32:966- message sent - id:0 - topic:mqtt-roundtrip-qos0-1Byte-100-cycles_2 - qos:0 - size:1
2018-05-15_22:52:32:966- message received - id:0 - topic:mqtt-roundtrip-qos0-1Byte-100-cycles - qos:0 - size:1
2018-05-15_22:52:32:966- message sent - id:0 - topic:mqtt-roundtrip-qos0-1Byte-100-cycles_2 - qos:0 - size:1
2018-05-15_22:52:32:966- message received - id:0 - topic:mqtt-roundtrip-qos0-1Byte-100-cycles - qos:0 - size:1
2018-05-15_22:52:32:967- message sent - id:0 - topic:mqtt-roundtrip-qos0-1Byte-100-cycles_2 - qos:0 - size:1
2018-05-15_22:52:32:967- message received - id:0 - topic:mqtt-roundtrip-qos0-1Byte-100-cycles - qos:0 - size:1
2018-05-15_22:52:32:967- message sent - id:0 - topic:mqtt-roundtrip-qos0-1Byte-100-cycles_2 - qos:0 - size:1
2018-05-15_22:52:32:967- message received - id:0 - topic:mqtt-roundtrip-qos0-1Byte-100-cycles - qos:0 - size:1
2018-05-15_22:52:32:967- message sent - id:0 - topic:mqtt-roundtrip-qos0-1Byte-100-cycles_2 - qos:0 - size:1
2018-05-15_22:52:32:967- message received - id:0 - topic:mqtt-roundtrip-qos0-1Byte-100-cycles - qos:0 - size:1
2018-05-15_22:52:32:968- message sent - id:0 - topic:mqtt-roundtrip-qos0-1Byte-100-cycles_2 - qos:0 - size:1
