2018-05-17_21:28:33:186- connecting to broker 192.168.1.100:1883
2018-05-17_21:28:33:196- Subscribing to topic mqtt-roundtrip-qos1-1500Byte-100-cycles_2
2018-05-17_21:28:33:196- subscribe returned (0, 1)
2018-05-17_21:28:33:196- Performing message publishing for 100 cycles
2018-05-17_21:28:33:196- Client connected to broker
2018-05-17_21:28:33:196- message sent - topic:mqtt-roundtrip-qos1-1500Byte-100-cycles - qos:1 - id:000000
2018-05-17_21:28:33:197- message sent - topic:mqtt-roundtrip-qos1-1500Byte-100-cycles - qos:1 - id:000001
2018-05-17_21:28:33:197- message sent - topic:mqtt-roundtrip-qos1-1500Byte-100-cycles - qos:1 - id:000002
2018-05-17_21:28:33:197- message sent - topic:mqtt-roundtrip-qos1-1500Byte-100-cycles - qos:1 - id:000003
2018-05-17_21:28:33:197- message sent - topic:mqtt-roundtrip-qos1-1500Byte-100-cycles - qos:1 - id:000004
2018-05-17_21:28:33:198- message sent - topic:mqtt-roundtrip-qos1-1500Byte-100-cycles - qos:1 - id:000005
2018-05-17_21:28:33:198- message sent - topic:mqtt-roundtrip-qos1-1500Byte-100-cycles - qos:1 - id:000006
2018-05-17_21:28:33:198- message sent - topic:mqtt-roundtrip-qos1-1500Byte-100-cycles - qos:1 - id:000007
2018-05-17_21:28:33:198- message sent - topic:mqtt-roundtrip-qos1-1500Byte-100-cycles - qos:1 - id:000008
2018-05-17_21:28:33:198- message sent - topic:mqtt-roundtrip-qos1-1500Byte-100-cycles - qos:1 - id:000009
2018-05-17_21:28:33:199- message sent - topic:mqtt-roundtrip-qos1-1500Byte-100-cycles - qos:1 - id:000010
2018-05-17_21:28:33:199- message sent - topic:mqtt-roundtrip-qos1-1500Byte-100-cycles - qos:1 - id:000011
2018-05-17_21:28:33:199- message sent - topic:mqtt-roundtrip-qos1-1500Byte-100-cycles - qos:1 - id:000012
2018-05-17_21:28:33:200- message sent - topic:mqtt-roundtrip-qos1-1500Byte-100-cycles - qos:1 - id:000013
2018-05-17_21:28:33:200- message sent - topic:mqtt-roundtrip-qos1-1500Byte-100-cycles - qos:1 - id:000014
2018-05-17_21:28:33:200- message sent - topic:mqtt-roundtrip-qos1-1500Byte-100-cycles - qos:1 - id:000015
2018-05-17_21:28:33:200- message sent - topic:mqtt-roundtrip-qos1-1500Byte-100-cycles - qos:1 - id:000016
2018-05-17_21:28:33:200- message sent - topic:mqtt-roundtrip-qos1-1500Byte-100-cycles - qos:1 - id:000017
2018-05-17_21:28:33:201- message sent - topic:mqtt-roundtrip-qos1-1500Byte-100-cycles - qos:1 - id:000018
2018-05-17_21:28:33:201- message sent - topic:mqtt-roundtrip-qos1-1500Byte-100-cycles - qos:1 - id:000019
2018-05-17_21:28:33:201- message sent - topic:mqtt-roundtrip-qos1-1500Byte-100-cycles - qos:1 - id:000020
2018-05-17_21:28:33:201- message sent - topic:mqtt-roundtrip-qos1-1500Byte-100-cycles - qos:1 - id:000021
2018-05-17_21:28:33:202- message sent - topic:mqtt-roundtrip-qos1-1500Byte-100-cycles - qos:1 - id:000022
2018-05-17_21:28:33:202- message sent - topic:mqtt-roundtrip-qos1-1500Byte-100-cycles - qos:1 - id:000023
2018-05-17_21:28:33:202- message sent - topic:mqtt-roundtrip-qos1-1500Byte-100-cycles - qos:1 - id:000024
2018-05-17_21:28:33:202- message sent - topic:mqtt-roundtrip-qos1-1500Byte-100-cycles - qos:1 - id:000025
2018-05-17_21:28:33:203- message sent - topic:mqtt-roundtrip-qos1-1500Byte-100-cycles - qos:1 - id:000026
2018-05-17_21:28:33:203- message sent - topic:mqtt-roundtrip-qos1-1500Byte-100-cycles - qos:1 - id:000027
2018-05-17_21:28:33:203- message sent - topic:mqtt-roundtrip-qos1-1500Byte-100-cycles - qos:1 - id:000028
2018-05-17_21:28:33:203- message sent - topic:mqtt-roundtrip-qos1-1500Byte-100-cycles - qos:1 - id:000029
2018-05-17_21:28:33:204- message sent - topic:mqtt-roundtrip-qos1-1500Byte-100-cycles - qos:1 - id:000030
2018-05-17_21:28:33:204- message sent - topic:mqtt-roundtrip-qos1-1500Byte-100-cycles - qos:1 - id:000031
2018-05-17_21:28:33:204- message sent - topic:mqtt-roundtrip-qos1-1500Byte-100-cycles - qos:1 - id:000032
2018-05-17_21:28:33:204- message sent - topic:mqtt-roundtrip-qos1-1500Byte-100-cycles - qos:1 - id:000033
2018-05-17_21:28:33:204- message sent - topic:mqtt-roundtrip-qos1-1500Byte-100-cycles - qos:1 - id:000034
2018-05-17_21:28:33:205- message sent - topic:mqtt-roundtrip-qos1-1500Byte-100-cycles - qos:1 - id:000035
2018-05-17_21:28:33:205- message sent - topic:mqtt-roundtrip-qos1-1500Byte-100-cycles - qos:1 - id:000036
2018-05-17_21:28:33:205- message sent - topic:mqtt-roundtrip-qos1-1500Byte-100-cycles - qos:1 - id:000037
2018-05-17_21:28:33:205- message sent - topic:mqtt-roundtrip-qos1-1500Byte-100-cycles - qos:1 - id:000038
2018-05-17_21:28:33:206- message sent - topic:mqtt-roundtrip-qos1-1500Byte-100-cycles - qos:1 - id:000039
2018-05-17_21:28:33:206- message sent - topic:mqtt-roundtrip-qos1-1500Byte-100-cycles - qos:1 - id:000040
2018-05-17_21:28:33:206- message sent - topic:mqtt-roundtrip-qos1-1500Byte-100-cycles - qos:1 - id:000041
2018-05-17_21:28:33:206- message sent - topic:mqtt-roundtrip-qos1-1500Byte-100-cycles - qos:1 - id:000042
2018-05-17_21:28:33:207- message sent - topic:mqtt-roundtrip-qos1-1500Byte-100-cycles - qos:1 - id:000043
2018-05-17_21:28:33:207- message sent - topic:mqtt-roundtrip-qos1-1500Byte-100-cycles - qos:1 - id:000044
2018-05-17_21:28:33:207- message sent - topic:mqtt-roundtrip-qos1-1500Byte-100-cycles - qos:1 - id:000045
2018-05-17_21:28:33:207- message sent - topic:mqtt-roundtrip-qos1-1500Byte-100-cycles - qos:1 - id:000046
2018-05-17_21:28:33:208- message sent - topic:mqtt-roundtrip-qos1-1500Byte-100-cycles - qos:1 - id:000047
2018-05-17_21:28:33:208- message sent - topic:mqtt-roundtrip-qos1-1500Byte-100-cycles - qos:1 - id:000048
2018-05-17_21:28:33:208- message sent - topic:mqtt-roundtrip-qos1-1500Byte-100-cycles - qos:1 - id:000049
2018-05-17_21:28:33:208- message sent - topic:mqtt-roundtrip-qos1-1500Byte-100-cycles - qos:1 - id:000050
2018-05-17_21:28:33:208- message sent - topic:mqtt-roundtrip-qos1-1500Byte-100-cycles - qos:1 - id:000051
2018-05-17_21:28:33:209- message sent - topic:mqtt-roundtrip-qos1-1500Byte-100-cycles - qos:1 - id:000052
2018-05-17_21:28:33:209- message sent - topic:mqtt-roundtrip-qos1-1500Byte-100-cycles - qos:1 - id:000053
2018-05-17_21:28:33:209- message sent - topic:mqtt-roundtrip-qos1-1500Byte-100-cycles - qos:1 - id:000054
2018-05-17_21:28:33:209- message sent - topic:mqtt-roundtrip-qos1-1500Byte-100-cycles - qos:1 - id:000055
2018-05-17_21:28:33:209- message sent - topic:mqtt-roundtrip-qos1-1500Byte-100-cycles - qos:1 - id:000056
2018-05-17_21:28:33:209- message sent - topic:mqtt-roundtrip-qos1-1500Byte-100-cycles - qos:1 - id:000057
2018-05-17_21:28:33:209- message sent - topic:mqtt-roundtrip-qos1-1500Byte-100-cycles - qos:1 - id:000058
2018-05-17_21:28:33:209- message sent - topic:mqtt-roundtrip-qos1-1500Byte-100-cycles - qos:1 - id:000059
2018-05-17_21:28:33:210- message sent - topic:mqtt-roundtrip-qos1-1500Byte-100-cycles - qos:1 - id:000060
2018-05-17_21:28:33:210- message sent - topic:mqtt-roundtrip-qos1-1500Byte-100-cycles - qos:1 - id:000061
2018-05-17_21:28:33:210- message sent - topic:mqtt-roundtrip-qos1-1500Byte-100-cycles - qos:1 - id:000062
2018-05-17_21:28:33:211- message sent - topic:mqtt-roundtrip-qos1-1500Byte-100-cycles - qos:1 - id:000063
2018-05-17_21:28:33:211- message sent - topic:mqtt-roundtrip-qos1-1500Byte-100-cycles - qos:1 - id:000064
2018-05-17_21:28:33:212- message sent - topic:mqtt-roundtrip-qos1-1500Byte-100-cycles - qos:1 - id:000065
2018-05-17_21:28:33:212- message sent - topic:mqtt-roundtrip-qos1-1500Byte-100-cycles - qos:1 - id:000066
2018-05-17_21:28:33:213- message sent - topic:mqtt-roundtrip-qos1-1500Byte-100-cycles - qos:1 - id:000067
2018-05-17_21:28:33:213- message sent - topic:mqtt-roundtrip-qos1-1500Byte-100-cycles - qos:1 - id:000068
2018-05-17_21:28:33:213- message sent - topic:mqtt-roundtrip-qos1-1500Byte-100-cycles - qos:1 - id:000069
2018-05-17_21:28:33:213- message sent - topic:mqtt-roundtrip-qos1-1500Byte-100-cycles - qos:1 - id:000070
2018-05-17_21:28:33:214- message sent - topic:mqtt-roundtrip-qos1-1500Byte-100-cycles - qos:1 - id:000071
2018-05-17_21:28:33:214- message sent - topic:mqtt-roundtrip-qos1-1500Byte-100-cycles - qos:1 - id:000072
2018-05-17_21:28:33:214- message sent - topic:mqtt-roundtrip-qos1-1500Byte-100-cycles - qos:1 - id:000073
2018-05-17_21:28:33:214- message sent - topic:mqtt-roundtrip-qos1-1500Byte-100-cycles - qos:1 - id:000074
2018-05-17_21:28:33:215- message sent - topic:mqtt-roundtrip-qos1-1500Byte-100-cycles - qos:1 - id:000075
2018-05-17_21:28:33:215- message sent - topic:mqtt-roundtrip-qos1-1500Byte-100-cycles - qos:1 - id:000076
2018-05-17_21:28:33:215- message sent - topic:mqtt-roundtrip-qos1-1500Byte-100-cycles - qos:1 - id:000077
2018-05-17_21:28:33:215- message sent - topic:mqtt-roundtrip-qos1-1500Byte-100-cycles - qos:1 - id:000078
2018-05-17_21:28:33:216- message sent - topic:mqtt-roundtrip-qos1-1500Byte-100-cycles - qos:1 - id:000079
2018-05-17_21:28:33:216- message sent - topic:mqtt-roundtrip-qos1-1500Byte-100-cycles - qos:1 - id:000080
2018-05-17_21:28:33:216- message sent - topic:mqtt-roundtrip-qos1-1500Byte-100-cycles - qos:1 - id:000081
2018-05-17_21:28:33:216- message sent - topic:mqtt-roundtrip-qos1-1500Byte-100-cycles - qos:1 - id:000082
2018-05-17_21:28:33:216- message sent - topic:mqtt-roundtrip-qos1-1500Byte-100-cycles - qos:1 - id:000083
2018-05-17_21:28:33:216- message sent - topic:mqtt-roundtrip-qos1-1500Byte-100-cycles - qos:1 - id:000084
2018-05-17_21:28:33:216- message sent - topic:mqtt-roundtrip-qos1-1500Byte-100-cycles - qos:1 - id:000085
2018-05-17_21:28:33:217- message sent - topic:mqtt-roundtrip-qos1-1500Byte-100-cycles - qos:1 - id:000086
2018-05-17_21:28:33:217- message sent - topic:mqtt-roundtrip-qos1-1500Byte-100-cycles - qos:1 - id:000087
2018-05-17_21:28:33:217- message sent - topic:mqtt-roundtrip-qos1-1500Byte-100-cycles - qos:1 - id:000088
2018-05-17_21:28:33:217- message sent - topic:mqtt-roundtrip-qos1-1500Byte-100-cycles - qos:1 - id:000089
2018-05-17_21:28:33:217- message sent - topic:mqtt-roundtrip-qos1-1500Byte-100-cycles - qos:1 - id:000090
2018-05-17_21:28:33:217- message sent - topic:mqtt-roundtrip-qos1-1500Byte-100-cycles - qos:1 - id:000091
2018-05-17_21:28:33:217- message sent - topic:mqtt-roundtrip-qos1-1500Byte-100-cycles - qos:1 - id:000092
2018-05-17_21:28:33:217- message sent - topic:mqtt-roundtrip-qos1-1500Byte-100-cycles - qos:1 - id:000093
2018-05-17_21:28:33:218- message sent - topic:mqtt-roundtrip-qos1-1500Byte-100-cycles - qos:1 - id:000094
2018-05-17_21:28:33:218- message sent - topic:mqtt-roundtrip-qos1-1500Byte-100-cycles - qos:1 - id:000095
2018-05-17_21:28:33:218- message sent - topic:mqtt-roundtrip-qos1-1500Byte-100-cycles - qos:1 - id:000096
2018-05-17_21:28:33:218- message sent - topic:mqtt-roundtrip-qos1-1500Byte-100-cycles - qos:1 - id:000097
2018-05-17_21:28:33:218- message sent - topic:mqtt-roundtrip-qos1-1500Byte-100-cycles - qos:1 - id:000098
2018-05-17_21:28:33:218- message sent - topic:mqtt-roundtrip-qos1-1500Byte-100-cycles - qos:1 - id:000099
2018-05-17_21:28:36:266- Client disconnected from broker
