2018-05-15_22:59:27:230- connecting to broker 192.168.1.100:1883
2018-05-15_22:59:27:231- Subscribing to topicmqtt-roundtrip-qos0-10Byte-100-cycles
2018-05-15_22:59:27:231- subscribe returned (0, 1)
2018-05-15_22:59:27:232- Client connected to broker
2018-05-15_22:59:29:040- message received - id:0 - topic:mqtt-roundtrip-qos0-10Byte-100-cycles - qos:0 - size:10
2018-05-15_22:59:29:041- message sent - id:0 - topic:mqtt-roundtrip-qos0-10Byte-100-cycles_2 - qos:0 - size:10
2018-05-15_22:59:29:042- message received - id:0 - topic:mqtt-roundtrip-qos0-10Byte-100-cycles - qos:0 - size:10
2018-05-15_22:59:29:042- message sent - id:0 - topic:mqtt-roundtrip-qos0-10Byte-100-cycles_2 - qos:0 - size:10
2018-05-15_22:59:29:043- message received - id:0 - topic:mqtt-roundtrip-qos0-10Byte-100-cycles - qos:0 - size:10
2018-05-15_22:59:29:043- message sent - id:0 - topic:mqtt-roundtrip-qos0-10Byte-100-cycles_2 - qos:0 - size:10
2018-05-15_22:59:29:043- message received - id:0 - topic:mqtt-roundtrip-qos0-10Byte-100-cycles - qos:0 - size:10
2018-05-15_22:59:29:043- message sent - id:0 - topic:mqtt-roundtrip-qos0-10Byte-100-cycles_2 - qos:0 - size:10
2018-05-15_22:59:29:045- message received - id:0 - topic:mqtt-roundtrip-qos0-10Byte-100-cycles - qos:0 - size:10
2018-05-15_22:59:29:045- message sent - id:0 - topic:mqtt-roundtrip-qos0-10Byte-100-cycles_2 - qos:0 - size:10
2018-05-15_22:59:29:045- message received - id:0 - topic:mqtt-roundtrip-qos0-10Byte-100-cycles - qos:0 - size:10
2018-05-15_22:59:29:046- message sent - id:0 - topic:mqtt-roundtrip-qos0-10Byte-100-cycles_2 - qos:0 - size:10
2018-05-15_22:59:29:046- message received - id:0 - topic:mqtt-roundtrip-qos0-10Byte-100-cycles - qos:0 - size:10
2018-05-15_22:59:29:046- message sent - id:0 - topic:mqtt-roundtrip-qos0-10Byte-100-cycles_2 - qos:0 - size:10
2018-05-15_22:59:29:046- message received - id:0 - topic:mqtt-roundtrip-qos0-10Byte-100-cycles - qos:0 - size:10
2018-05-15_22:59:29:046- message sent - id:0 - topic:mqtt-roundtrip-qos0-10Byte-100-cycles_2 - qos:0 - size:10
2018-05-15_22:59:29:047- message received - id:0 - topic:mqtt-roundtrip-qos0-10Byte-100-cycles - qos:0 - size:10
2018-05-15_22:59:29:047- message sent - id:0 - topic:mqtt-roundtrip-qos0-10Byte-100-cycles_2 - qos:0 - size:10
2018-05-15_22:59:29:047- message received - id:0 - topic:mqtt-roundtrip-qos0-10Byte-100-cycles - qos:0 - size:10
2018-05-15_22:59:29:047- message sent - id:0 - topic:mqtt-roundtrip-qos0-10Byte-100-cycles_2 - qos:0 - size:10
2018-05-15_22:59:29:047- message received - id:0 - topic:mqtt-roundtrip-qos0-10Byte-100-cycles - qos:0 - size:10
2018-05-15_22:59:29:048- message sent - id:0 - topic:mqtt-roundtrip-qos0-10Byte-100-cycles_2 - qos:0 - size:10
2018-05-15_22:59:29:048- message received - id:0 - topic:mqtt-roundtrip-qos0-10Byte-100-cycles - qos:0 - size:10
2018-05-15_22:59:29:048- message sent - id:0 - topic:mqtt-roundtrip-qos0-10Byte-100-cycles_2 - qos:0 - size:10
2018-05-15_22:59:29:048- message received - id:0 - topic:mqtt-roundtrip-qos0-10Byte-100-cycles - qos:0 - size:10
2018-05-15_22:59:29:048- message sent - id:0 - topic:mqtt-roundtrip-qos0-10Byte-100-cycles_2 - qos:0 - size:10
2018-05-15_22:59:29:049- message received - id:0 - topic:mqtt-roundtrip-qos0-10Byte-100-cycles - qos:0 - size:10
2018-05-15_22:59:29:049- message sent - id:0 - topic:mqtt-roundtrip-qos0-10Byte-100-cycles_2 - qos:0 - size:10
2018-05-15_22:59:29:049- message received - id:0 - topic:mqtt-roundtrip-qos0-10Byte-100-cycles - qos:0 - size:10
2018-05-15_22:59:29:049- message sent - id:0 - topic:mqtt-roundtrip-qos0-10Byte-100-cycles_2 - qos:0 - size:10
2018-05-15_22:59:29:050- message received - id:0 - topic:mqtt-roundtrip-qos0-10Byte-100-cycles - qos:0 - size:10
2018-05-15_22:59:29:050- message sent - id:0 - topic:mqtt-roundtrip-qos0-10Byte-100-cycles_2 - qos:0 - size:10
2018-05-15_22:59:29:050- message received - id:0 - topic:mqtt-roundtrip-qos0-10Byte-100-cycles - qos:0 - size:10
2018-05-15_22:59:29:050- message sent - id:0 - topic:mqtt-roundtrip-qos0-10Byte-100-cycles_2 - qos:0 - size:10
2018-05-15_22:59:29:050- message received - id:0 - topic:mqtt-roundtrip-qos0-10Byte-100-cycles - qos:0 - size:10
2018-05-15_22:59:29:050- message sent - id:0 - topic:mqtt-roundtrip-qos0-10Byte-100-cycles_2 - qos:0 - size:10
2018-05-15_22:59:29:051- message received - id:0 - topic:mqtt-roundtrip-qos0-10Byte-100-cycles - qos:0 - size:10
2018-05-15_22:59:29:051- message sent - id:0 - topic:mqtt-roundtrip-qos0-10Byte-100-cycles_2 - qos:0 - size:10
2018-05-15_22:59:29:051- message received - id:0 - topic:mqtt-roundtrip-qos0-10Byte-100-cycles - qos:0 - size:10
2018-05-15_22:59:29:051- message sent - id:0 - topic:mqtt-roundtrip-qos0-10Byte-100-cycles_2 - qos:0 - size:10
2018-05-15_22:59:29:052- message received - id:0 - topic:mqtt-roundtrip-qos0-10Byte-100-cycles - qos:0 - size:10
2018-05-15_22:59:29:052- message sent - id:0 - topic:mqtt-roundtrip-qos0-10Byte-100-cycles_2 - qos:0 - size:10
2018-05-15_22:59:29:052- message received - id:0 - topic:mqtt-roundtrip-qos0-10Byte-100-cycles - qos:0 - size:10
2018-05-15_22:59:29:052- message sent - id:0 - topic:mqtt-roundtrip-qos0-10Byte-100-cycles_2 - qos:0 - size:10
2018-05-15_22:59:29:052- message received - id:0 - topic:mqtt-roundtrip-qos0-10Byte-100-cycles - qos:0 - size:10
2018-05-15_22:59:29:053- message sent - id:0 - topic:mqtt-roundtrip-qos0-10Byte-100-cycles_2 - qos:0 - size:10
2018-05-15_22:59:29:053- message received - id:0 - topic:mqtt-roundtrip-qos0-10Byte-100-cycles - qos:0 - size:10
2018-05-15_22:59:29:053- message sent - id:0 - topic:mqtt-roundtrip-qos0-10Byte-100-cycles_2 - qos:0 - size:10
2018-05-15_22:59:29:053- message received - id:0 - topic:mqtt-roundtrip-qos0-10Byte-100-cycles - qos:0 - size:10
2018-05-15_22:59:29:053- message sent - id:0 - topic:mqtt-roundtrip-qos0-10Byte-100-cycles_2 - qos:0 - size:10
2018-05-15_22:59:29:054- message received - id:0 - topic:mqtt-roundtrip-qos0-10Byte-100-cycles - qos:0 - size:10
2018-05-15_22:59:29:054- message sent - id:0 - topic:mqtt-roundtrip-qos0-10Byte-100-cycles_2 - qos:0 - size:10
2018-05-15_22:59:29:054- message received - id:0 - topic:mqtt-roundtrip-qos0-10Byte-100-cycles - qos:0 - size:10
2018-05-15_22:59:29:054- message sent - id:0 - topic:mqtt-roundtrip-qos0-10Byte-100-cycles_2 - qos:0 - size:10
2018-05-15_22:59:29:054- message received - id:0 - topic:mqtt-roundtrip-qos0-10Byte-100-cycles - qos:0 - size:10
2018-05-15_22:59:29:055- message sent - id:0 - topic:mqtt-roundtrip-qos0-10Byte-100-cycles_2 - qos:0 - size:10
2018-05-15_22:59:29:055- message received - id:0 - topic:mqtt-roundtrip-qos0-10Byte-100-cycles - qos:0 - size:10
2018-05-15_22:59:29:055- message sent - id:0 - topic:mqtt-roundtrip-qos0-10Byte-100-cycles_2 - qos:0 - size:10
2018-05-15_22:59:29:055- message received - id:0 - topic:mqtt-roundtrip-qos0-10Byte-100-cycles - qos:0 - size:10
2018-05-15_22:59:29:055- message sent - id:0 - topic:mqtt-roundtrip-qos0-10Byte-100-cycles_2 - qos:0 - size:10
2018-05-15_22:59:29:056- message received - id:0 - topic:mqtt-roundtrip-qos0-10Byte-100-cycles - qos:0 - size:10
2018-05-15_22:59:29:056- message sent - id:0 - topic:mqtt-roundtrip-qos0-10Byte-100-cycles_2 - qos:0 - size:10
2018-05-15_22:59:29:056- message received - id:0 - topic:mqtt-roundtrip-qos0-10Byte-100-cycles - qos:0 - size:10
2018-05-15_22:59:29:056- message sent - id:0 - topic:mqtt-roundtrip-qos0-10Byte-100-cycles_2 - qos:0 - size:10
2018-05-15_22:59:29:056- message received - id:0 - topic:mqtt-roundtrip-qos0-10Byte-100-cycles - qos:0 - size:10
2018-05-15_22:59:29:057- message sent - id:0 - topic:mqtt-roundtrip-qos0-10Byte-100-cycles_2 - qos:0 - size:10
2018-05-15_22:59:29:057- message received - id:0 - topic:mqtt-roundtrip-qos0-10Byte-100-cycles - qos:0 - size:10
2018-05-15_22:59:29:057- message sent - id:0 - topic:mqtt-roundtrip-qos0-10Byte-100-cycles_2 - qos:0 - size:10
2018-05-15_22:59:29:057- message received - id:0 - topic:mqtt-roundtrip-qos0-10Byte-100-cycles - qos:0 - size:10
2018-05-15_22:59:29:057- message sent - id:0 - topic:mqtt-roundtrip-qos0-10Byte-100-cycles_2 - qos:0 - size:10
2018-05-15_22:59:29:058- message received - id:0 - topic:mqtt-roundtrip-qos0-10Byte-100-cycles - qos:0 - size:10
2018-05-15_22:59:29:058- message sent - id:0 - topic:mqtt-roundtrip-qos0-10Byte-100-cycles_2 - qos:0 - size:10
2018-05-15_22:59:29:058- message received - id:0 - topic:mqtt-roundtrip-qos0-10Byte-100-cycles - qos:0 - size:10
2018-05-15_22:59:29:058- message sent - id:0 - topic:mqtt-roundtrip-qos0-10Byte-100-cycles_2 - qos:0 - size:10
2018-05-15_22:59:29:058- message received - id:0 - topic:mqtt-roundtrip-qos0-10Byte-100-cycles - qos:0 - size:10
2018-05-15_22:59:29:058- message sent - id:0 - topic:mqtt-roundtrip-qos0-10Byte-100-cycles_2 - qos:0 - size:10
2018-05-15_22:59:29:059- message received - id:0 - topic:mqtt-roundtrip-qos0-10Byte-100-cycles - qos:0 - size:10
2018-05-15_22:59:29:059- message sent - id:0 - topic:mqtt-roundtrip-qos0-10Byte-100-cycles_2 - qos:0 - size:10
2018-05-15_22:59:29:059- message received - id:0 - topic:mqtt-roundtrip-qos0-10Byte-100-cycles - qos:0 - size:10
2018-05-15_22:59:29:059- message sent - id:0 - topic:mqtt-roundtrip-qos0-10Byte-100-cycles_2 - qos:0 - size:10
2018-05-15_22:59:29:059- message received - id:0 - topic:mqtt-roundtrip-qos0-10Byte-100-cycles - qos:0 - size:10
2018-05-15_22:59:29:060- message sent - id:0 - topic:mqtt-roundtrip-qos0-10Byte-100-cycles_2 - qos:0 - size:10
2018-05-15_22:59:29:060- message received - id:0 - topic:mqtt-roundtrip-qos0-10Byte-100-cycles - qos:0 - size:10
2018-05-15_22:59:29:060- message sent - id:0 - topic:mqtt-roundtrip-qos0-10Byte-100-cycles_2 - qos:0 - size:10
2018-05-15_22:59:29:060- message received - id:0 - topic:mqtt-roundtrip-qos0-10Byte-100-cycles - qos:0 - size:10
2018-05-15_22:59:29:060- message sent - id:0 - topic:mqtt-roundtrip-qos0-10Byte-100-cycles_2 - qos:0 - size:10
2018-05-15_22:59:29:061- message received - id:0 - topic:mqtt-roundtrip-qos0-10Byte-100-cycles - qos:0 - size:10
2018-05-15_22:59:29:061- message sent - id:0 - topic:mqtt-roundtrip-qos0-10Byte-100-cycles_2 - qos:0 - size:10
2018-05-15_22:59:29:061- message received - id:0 - topic:mqtt-roundtrip-qos0-10Byte-100-cycles - qos:0 - size:10
2018-05-15_22:59:29:061- message sent - id:0 - topic:mqtt-roundtrip-qos0-10Byte-100-cycles_2 - qos:0 - size:10
2018-05-15_22:59:29:061- message received - id:0 - topic:mqtt-roundtrip-qos0-10Byte-100-cycles - qos:0 - size:10
2018-05-15_22:59:29:061- message sent - id:0 - topic:mqtt-roundtrip-qos0-10Byte-100-cycles_2 - qos:0 - size:10
2018-05-15_22:59:29:062- message received - id:0 - topic:mqtt-roundtrip-qos0-10Byte-100-cycles - qos:0 - size:10
2018-05-15_22:59:29:062- message sent - id:0 - topic:mqtt-roundtrip-qos0-10Byte-100-cycles_2 - qos:0 - size:10
2018-05-15_22:59:29:062- message received - id:0 - topic:mqtt-roundtrip-qos0-10Byte-100-cycles - qos:0 - size:10
2018-05-15_22:59:29:062- message sent - id:0 - topic:mqtt-roundtrip-qos0-10Byte-100-cycles_2 - qos:0 - size:10
2018-05-15_22:59:29:062- message received - id:0 - topic:mqtt-roundtrip-qos0-10Byte-100-cycles - qos:0 - size:10
2018-05-15_22:59:29:062- message sent - id:0 - topic:mqtt-roundtrip-qos0-10Byte-100-cycles_2 - qos:0 - size:10
2018-05-15_22:59:29:063- message received - id:0 - topic:mqtt-roundtrip-qos0-10Byte-100-cycles - qos:0 - size:10
2018-05-15_22:59:29:063- message sent - id:0 - topic:mqtt-roundtrip-qos0-10Byte-100-cycles_2 - qos:0 - size:10
2018-05-15_22:59:29:063- message received - id:0 - topic:mqtt-roundtrip-qos0-10Byte-100-cycles - qos:0 - size:10
2018-05-15_22:59:29:063- message sent - id:0 - topic:mqtt-roundtrip-qos0-10Byte-100-cycles_2 - qos:0 - size:10
2018-05-15_22:59:29:063- message received - id:0 - topic:mqtt-roundtrip-qos0-10Byte-100-cycles - qos:0 - size:10
2018-05-15_22:59:29:064- message sent - id:0 - topic:mqtt-roundtrip-qos0-10Byte-100-cycles_2 - qos:0 - size:10
2018-05-15_22:59:29:064- message received - id:0 - topic:mqtt-roundtrip-qos0-10Byte-100-cycles - qos:0 - size:10
2018-05-15_22:59:29:064- message sent - id:0 - topic:mqtt-roundtrip-qos0-10Byte-100-cycles_2 - qos:0 - size:10
2018-05-15_22:59:29:064- message received - id:0 - topic:mqtt-roundtrip-qos0-10Byte-100-cycles - qos:0 - size:10
2018-05-15_22:59:29:064- message sent - id:0 - topic:mqtt-roundtrip-qos0-10Byte-100-cycles_2 - qos:0 - size:10
2018-05-15_22:59:29:065- message received - id:0 - topic:mqtt-roundtrip-qos0-10Byte-100-cycles - qos:0 - size:10
2018-05-15_22:59:29:065- message sent - id:0 - topic:mqtt-roundtrip-qos0-10Byte-100-cycles_2 - qos:0 - size:10
2018-05-15_22:59:29:065- message received - id:0 - topic:mqtt-roundtrip-qos0-10Byte-100-cycles - qos:0 - size:10
2018-05-15_22:59:29:066- message sent - id:0 - topic:mqtt-roundtrip-qos0-10Byte-100-cycles_2 - qos:0 - size:10
2018-05-15_22:59:29:066- message received - id:0 - topic:mqtt-roundtrip-qos0-10Byte-100-cycles - qos:0 - size:10
2018-05-15_22:59:29:066- message sent - id:0 - topic:mqtt-roundtrip-qos0-10Byte-100-cycles_2 - qos:0 - size:10
2018-05-15_22:59:29:066- message received - id:0 - topic:mqtt-roundtrip-qos0-10Byte-100-cycles - qos:0 - size:10
2018-05-15_22:59:29:066- message sent - id:0 - topic:mqtt-roundtrip-qos0-10Byte-100-cycles_2 - qos:0 - size:10
2018-05-15_22:59:29:067- message received - id:0 - topic:mqtt-roundtrip-qos0-10Byte-100-cycles - qos:0 - size:10
2018-05-15_22:59:29:067- message sent - id:0 - topic:mqtt-roundtrip-qos0-10Byte-100-cycles_2 - qos:0 - size:10
2018-05-15_22:59:29:067- message received - id:0 - topic:mqtt-roundtrip-qos0-10Byte-100-cycles - qos:0 - size:10
2018-05-15_22:59:29:067- message sent - id:0 - topic:mqtt-roundtrip-qos0-10Byte-100-cycles_2 - qos:0 - size:10
2018-05-15_22:59:29:068- message received - id:0 - topic:mqtt-roundtrip-qos0-10Byte-100-cycles - qos:0 - size:10
2018-05-15_22:59:29:068- message sent - id:0 - topic:mqtt-roundtrip-qos0-10Byte-100-cycles_2 - qos:0 - size:10
2018-05-15_22:59:29:068- message received - id:0 - topic:mqtt-roundtrip-qos0-10Byte-100-cycles - qos:0 - size:10
2018-05-15_22:59:29:069- message sent - id:0 - topic:mqtt-roundtrip-qos0-10Byte-100-cycles_2 - qos:0 - size:10
2018-05-15_22:59:29:069- message received - id:0 - topic:mqtt-roundtrip-qos0-10Byte-100-cycles - qos:0 - size:10
2018-05-15_22:59:29:069- message sent - id:0 - topic:mqtt-roundtrip-qos0-10Byte-100-cycles_2 - qos:0 - size:10
2018-05-15_22:59:29:069- message received - id:0 - topic:mqtt-roundtrip-qos0-10Byte-100-cycles - qos:0 - size:10
2018-05-15_22:59:29:069- message sent - id:0 - topic:mqtt-roundtrip-qos0-10Byte-100-cycles_2 - qos:0 - size:10
2018-05-15_22:59:29:070- message received - id:0 - topic:mqtt-roundtrip-qos0-10Byte-100-cycles - qos:0 - size:10
2018-05-15_22:59:29:070- message sent - id:0 - topic:mqtt-roundtrip-qos0-10Byte-100-cycles_2 - qos:0 - size:10
2018-05-15_22:59:29:070- message received - id:0 - topic:mqtt-roundtrip-qos0-10Byte-100-cycles - qos:0 - size:10
2018-05-15_22:59:29:070- message sent - id:0 - topic:mqtt-roundtrip-qos0-10Byte-100-cycles_2 - qos:0 - size:10
2018-05-15_22:59:29:070- message received - id:0 - topic:mqtt-roundtrip-qos0-10Byte-100-cycles - qos:0 - size:10
2018-05-15_22:59:29:070- message sent - id:0 - topic:mqtt-roundtrip-qos0-10Byte-100-cycles_2 - qos:0 - size:10
2018-05-15_22:59:29:071- message received - id:0 - topic:mqtt-roundtrip-qos0-10Byte-100-cycles - qos:0 - size:10
2018-05-15_22:59:29:071- message sent - id:0 - topic:mqtt-roundtrip-qos0-10Byte-100-cycles_2 - qos:0 - size:10
2018-05-15_22:59:29:071- message received - id:0 - topic:mqtt-roundtrip-qos0-10Byte-100-cycles - qos:0 - size:10
2018-05-15_22:59:29:071- message sent - id:0 - topic:mqtt-roundtrip-qos0-10Byte-100-cycles_2 - qos:0 - size:10
2018-05-15_22:59:29:071- message received - id:0 - topic:mqtt-roundtrip-qos0-10Byte-100-cycles - qos:0 - size:10
2018-05-15_22:59:29:072- message sent - id:0 - topic:mqtt-roundtrip-qos0-10Byte-100-cycles_2 - qos:0 - size:10
2018-05-15_22:59:29:072- message received - id:0 - topic:mqtt-roundtrip-qos0-10Byte-100-cycles - qos:0 - size:10
2018-05-15_22:59:29:072- message sent - id:0 - topic:mqtt-roundtrip-qos0-10Byte-100-cycles_2 - qos:0 - size:10
2018-05-15_22:59:29:072- message received - id:0 - topic:mqtt-roundtrip-qos0-10Byte-100-cycles - qos:0 - size:10
2018-05-15_22:59:29:072- message sent - id:0 - topic:mqtt-roundtrip-qos0-10Byte-100-cycles_2 - qos:0 - size:10
2018-05-15_22:59:29:072- message received - id:0 - topic:mqtt-roundtrip-qos0-10Byte-100-cycles - qos:0 - size:10
2018-05-15_22:59:29:073- message sent - id:0 - topic:mqtt-roundtrip-qos0-10Byte-100-cycles_2 - qos:0 - size:10
2018-05-15_22:59:29:073- message received - id:0 - topic:mqtt-roundtrip-qos0-10Byte-100-cycles - qos:0 - size:10
2018-05-15_22:59:29:073- message sent - id:0 - topic:mqtt-roundtrip-qos0-10Byte-100-cycles_2 - qos:0 - size:10
2018-05-15_22:59:29:074- message received - id:0 - topic:mqtt-roundtrip-qos0-10Byte-100-cycles - qos:0 - size:10
2018-05-15_22:59:29:074- message sent - id:0 - topic:mqtt-roundtrip-qos0-10Byte-100-cycles_2 - qos:0 - size:10
2018-05-15_22:59:29:074- message received - id:0 - topic:mqtt-roundtrip-qos0-10Byte-100-cycles - qos:0 - size:10
2018-05-15_22:59:29:075- message sent - id:0 - topic:mqtt-roundtrip-qos0-10Byte-100-cycles_2 - qos:0 - size:10
2018-05-15_22:59:29:075- message received - id:0 - topic:mqtt-roundtrip-qos0-10Byte-100-cycles - qos:0 - size:10
2018-05-15_22:59:29:075- message sent - id:0 - topic:mqtt-roundtrip-qos0-10Byte-100-cycles_2 - qos:0 - size:10
2018-05-15_22:59:29:076- message received - id:0 - topic:mqtt-roundtrip-qos0-10Byte-100-cycles - qos:0 - size:10
2018-05-15_22:59:29:076- message sent - id:0 - topic:mqtt-roundtrip-qos0-10Byte-100-cycles_2 - qos:0 - size:10
2018-05-15_22:59:29:076- message received - id:0 - topic:mqtt-roundtrip-qos0-10Byte-100-cycles - qos:0 - size:10
2018-05-15_22:59:29:076- message sent - id:0 - topic:mqtt-roundtrip-qos0-10Byte-100-cycles_2 - qos:0 - size:10
2018-05-15_22:59:29:077- message received - id:0 - topic:mqtt-roundtrip-qos0-10Byte-100-cycles - qos:0 - size:10
2018-05-15_22:59:29:077- message sent - id:0 - topic:mqtt-roundtrip-qos0-10Byte-100-cycles_2 - qos:0 - size:10
2018-05-15_22:59:29:077- message received - id:0 - topic:mqtt-roundtrip-qos0-10Byte-100-cycles - qos:0 - size:10
2018-05-15_22:59:29:077- message sent - id:0 - topic:mqtt-roundtrip-qos0-10Byte-100-cycles_2 - qos:0 - size:10
2018-05-15_22:59:29:078- message received - id:0 - topic:mqtt-roundtrip-qos0-10Byte-100-cycles - qos:0 - size:10
2018-05-15_22:59:29:078- message sent - id:0 - topic:mqtt-roundtrip-qos0-10Byte-100-cycles_2 - qos:0 - size:10
2018-05-15_22:59:29:078- message received - id:0 - topic:mqtt-roundtrip-qos0-10Byte-100-cycles - qos:0 - size:10
2018-05-15_22:59:29:078- message sent - id:0 - topic:mqtt-roundtrip-qos0-10Byte-100-cycles_2 - qos:0 - size:10
2018-05-15_22:59:29:079- message received - id:0 - topic:mqtt-roundtrip-qos0-10Byte-100-cycles - qos:0 - size:10
2018-05-15_22:59:29:079- message sent - id:0 - topic:mqtt-roundtrip-qos0-10Byte-100-cycles_2 - qos:0 - size:10
2018-05-15_22:59:29:079- message received - id:0 - topic:mqtt-roundtrip-qos0-10Byte-100-cycles - qos:0 - size:10
2018-05-15_22:59:29:079- message sent - id:0 - topic:mqtt-roundtrip-qos0-10Byte-100-cycles_2 - qos:0 - size:10
2018-05-15_22:59:29:079- message received - id:0 - topic:mqtt-roundtrip-qos0-10Byte-100-cycles - qos:0 - size:10
2018-05-15_22:59:29:080- message sent - id:0 - topic:mqtt-roundtrip-qos0-10Byte-100-cycles_2 - qos:0 - size:10
2018-05-15_22:59:29:080- message received - id:0 - topic:mqtt-roundtrip-qos0-10Byte-100-cycles - qos:0 - size:10
2018-05-15_22:59:29:080- message sent - id:0 - topic:mqtt-roundtrip-qos0-10Byte-100-cycles_2 - qos:0 - size:10
2018-05-15_22:59:29:080- message received - id:0 - topic:mqtt-roundtrip-qos0-10Byte-100-cycles - qos:0 - size:10
2018-05-15_22:59:29:081- message sent - id:0 - topic:mqtt-roundtrip-qos0-10Byte-100-cycles_2 - qos:0 - size:10
2018-05-15_22:59:29:081- message received - id:0 - topic:mqtt-roundtrip-qos0-10Byte-100-cycles - qos:0 - size:10
2018-05-15_22:59:29:081- message sent - id:0 - topic:mqtt-roundtrip-qos0-10Byte-100-cycles_2 - qos:0 - size:10
2018-05-15_22:59:29:081- message received - id:0 - topic:mqtt-roundtrip-qos0-10Byte-100-cycles - qos:0 - size:10
2018-05-15_22:59:29:081- message sent - id:0 - topic:mqtt-roundtrip-qos0-10Byte-100-cycles_2 - qos:0 - size:10
2018-05-15_22:59:29:082- message received - id:0 - topic:mqtt-roundtrip-qos0-10Byte-100-cycles - qos:0 - size:10
2018-05-15_22:59:29:082- message sent - id:0 - topic:mqtt-roundtrip-qos0-10Byte-100-cycles_2 - qos:0 - size:10
2018-05-15_22:59:29:082- message received - id:0 - topic:mqtt-roundtrip-qos0-10Byte-100-cycles - qos:0 - size:10
2018-05-15_22:59:29:082- message sent - id:0 - topic:mqtt-roundtrip-qos0-10Byte-100-cycles_2 - qos:0 - size:10
2018-05-15_22:59:29:083- message received - id:0 - topic:mqtt-roundtrip-qos0-10Byte-100-cycles - qos:0 - size:10
2018-05-15_22:59:29:083- message sent - id:0 - topic:mqtt-roundtrip-qos0-10Byte-100-cycles_2 - qos:0 - size:10
2018-05-15_22:59:29:083- message received - id:0 - topic:mqtt-roundtrip-qos0-10Byte-100-cycles - qos:0 - size:10
2018-05-15_22:59:29:083- message sent - id:0 - topic:mqtt-roundtrip-qos0-10Byte-100-cycles_2 - qos:0 - size:10
2018-05-15_22:59:29:083- message received - id:0 - topic:mqtt-roundtrip-qos0-10Byte-100-cycles - qos:0 - size:10
2018-05-15_22:59:29:084- message sent - id:0 - topic:mqtt-roundtrip-qos0-10Byte-100-cycles_2 - qos:0 - size:10
2018-05-15_22:59:29:084- message received - id:0 - topic:mqtt-roundtrip-qos0-10Byte-100-cycles - qos:0 - size:10
2018-05-15_22:59:29:084- message sent - id:0 - topic:mqtt-roundtrip-qos0-10Byte-100-cycles_2 - qos:0 - size:10
2018-05-15_22:59:29:084- message received - id:0 - topic:mqtt-roundtrip-qos0-10Byte-100-cycles - qos:0 - size:10
2018-05-15_22:59:29:084- message sent - id:0 - topic:mqtt-roundtrip-qos0-10Byte-100-cycles_2 - qos:0 - size:10
2018-05-15_22:59:29:085- message received - id:0 - topic:mqtt-roundtrip-qos0-10Byte-100-cycles - qos:0 - size:10
2018-05-15_22:59:29:085- message sent - id:0 - topic:mqtt-roundtrip-qos0-10Byte-100-cycles_2 - qos:0 - size:10
2018-05-15_22:59:29:085- message received - id:0 - topic:mqtt-roundtrip-qos0-10Byte-100-cycles - qos:0 - size:10
2018-05-15_22:59:29:085- message sent - id:0 - topic:mqtt-roundtrip-qos0-10Byte-100-cycles_2 - qos:0 - size:10
2018-05-15_22:59:29:086- message received - id:0 - topic:mqtt-roundtrip-qos0-10Byte-100-cycles - qos:0 - size:10
2018-05-15_22:59:29:086- message sent - id:0 - topic:mqtt-roundtrip-qos0-10Byte-100-cycles_2 - qos:0 - size:10
2018-05-15_23:02:34:076- connecting to broker 192.168.1.100:1883
2018-05-15_23:02:34:078- Subscribing to topicmqtt-roundtrip-qos0-10Byte-100-cycles
2018-05-15_23:02:34:079- subscribe returned (0, 1)
2018-05-15_23:02:34:079- Client connected to broker
2018-05-15_23:02:36:490- message received - id:0 - topic:mqtt-roundtrip-qos0-10Byte-100-cycles - qos:0 - size:10
2018-05-15_23:02:36:491- message sent - id:0 - topic:mqtt-roundtrip-qos0-10Byte-100-cycles_2 - qos:0 - size:10
2018-05-15_23:02:36:492- message received - id:0 - topic:mqtt-roundtrip-qos0-10Byte-100-cycles - qos:0 - size:10
2018-05-15_23:02:36:492- message sent - id:0 - topic:mqtt-roundtrip-qos0-10Byte-100-cycles_2 - qos:0 - size:10
2018-05-15_23:02:36:493- message received - id:0 - topic:mqtt-roundtrip-qos0-10Byte-100-cycles - qos:0 - size:10
2018-05-15_23:02:36:493- message sent - id:0 - topic:mqtt-roundtrip-qos0-10Byte-100-cycles_2 - qos:0 - size:10
2018-05-15_23:02:36:493- message received - id:0 - topic:mqtt-roundtrip-qos0-10Byte-100-cycles - qos:0 - size:10
2018-05-15_23:02:36:493- message sent - id:0 - topic:mqtt-roundtrip-qos0-10Byte-100-cycles_2 - qos:0 - size:10
2018-05-15_23:02:36:496- message received - id:0 - topic:mqtt-roundtrip-qos0-10Byte-100-cycles - qos:0 - size:10
2018-05-15_23:02:36:497- message sent - id:0 - topic:mqtt-roundtrip-qos0-10Byte-100-cycles_2 - qos:0 - size:10
2018-05-15_23:02:36:497- message received - id:0 - topic:mqtt-roundtrip-qos0-10Byte-100-cycles - qos:0 - size:10
2018-05-15_23:02:36:498- message sent - id:0 - topic:mqtt-roundtrip-qos0-10Byte-100-cycles_2 - qos:0 - size:10
2018-05-15_23:02:36:499- message received - id:0 - topic:mqtt-roundtrip-qos0-10Byte-100-cycles - qos:0 - size:10
2018-05-15_23:02:36:499- message sent - id:0 - topic:mqtt-roundtrip-qos0-10Byte-100-cycles_2 - qos:0 - size:10
2018-05-15_23:02:36:500- message received - id:0 - topic:mqtt-roundtrip-qos0-10Byte-100-cycles - qos:0 - size:10
2018-05-15_23:02:36:500- message sent - id:0 - topic:mqtt-roundtrip-qos0-10Byte-100-cycles_2 - qos:0 - size:10
2018-05-15_23:02:36:501- message received - id:0 - topic:mqtt-roundtrip-qos0-10Byte-100-cycles - qos:0 - size:10
2018-05-15_23:02:36:501- message sent - id:0 - topic:mqtt-roundtrip-qos0-10Byte-100-cycles_2 - qos:0 - size:10
2018-05-15_23:02:36:502- message received - id:0 - topic:mqtt-roundtrip-qos0-10Byte-100-cycles - qos:0 - size:10
2018-05-15_23:02:36:502- message sent - id:0 - topic:mqtt-roundtrip-qos0-10Byte-100-cycles_2 - qos:0 - size:10
2018-05-15_23:02:36:502- message received - id:0 - topic:mqtt-roundtrip-qos0-10Byte-100-cycles - qos:0 - size:10
2018-05-15_23:02:36:502- message sent - id:0 - topic:mqtt-roundtrip-qos0-10Byte-100-cycles_2 - qos:0 - size:10
2018-05-15_23:02:36:503- message received - id:0 - topic:mqtt-roundtrip-qos0-10Byte-100-cycles - qos:0 - size:10
2018-05-15_23:02:36:503- message sent - id:0 - topic:mqtt-roundtrip-qos0-10Byte-100-cycles_2 - qos:0 - size:10
2018-05-15_23:02:36:503- message received - id:0 - topic:mqtt-roundtrip-qos0-10Byte-100-cycles - qos:0 - size:10
2018-05-15_23:02:36:503- message sent - id:0 - topic:mqtt-roundtrip-qos0-10Byte-100-cycles_2 - qos:0 - size:10
2018-05-15_23:02:36:504- message received - id:0 - topic:mqtt-roundtrip-qos0-10Byte-100-cycles - qos:0 - size:10
2018-05-15_23:02:36:504- message sent - id:0 - topic:mqtt-roundtrip-qos0-10Byte-100-cycles_2 - qos:0 - size:10
2018-05-15_23:02:36:504- message received - id:0 - topic:mqtt-roundtrip-qos0-10Byte-100-cycles - qos:0 - size:10
2018-05-15_23:02:36:505- message sent - id:0 - topic:mqtt-roundtrip-qos0-10Byte-100-cycles_2 - qos:0 - size:10
2018-05-15_23:02:36:505- message received - id:0 - topic:mqtt-roundtrip-qos0-10Byte-100-cycles - qos:0 - size:10
2018-05-15_23:02:36:505- message sent - id:0 - topic:mqtt-roundtrip-qos0-10Byte-100-cycles_2 - qos:0 - size:10
2018-05-15_23:02:36:505- message received - id:0 - topic:mqtt-roundtrip-qos0-10Byte-100-cycles - qos:0 - size:10
2018-05-15_23:02:36:506- message sent - id:0 - topic:mqtt-roundtrip-qos0-10Byte-100-cycles_2 - qos:0 - size:10
2018-05-15_23:02:36:506- message received - id:0 - topic:mqtt-roundtrip-qos0-10Byte-100-cycles - qos:0 - size:10
2018-05-15_23:02:36:506- message sent - id:0 - topic:mqtt-roundtrip-qos0-10Byte-100-cycles_2 - qos:0 - size:10
2018-05-15_23:02:36:507- message received - id:0 - topic:mqtt-roundtrip-qos0-10Byte-100-cycles - qos:0 - size:10
2018-05-15_23:02:36:507- message sent - id:0 - topic:mqtt-roundtrip-qos0-10Byte-100-cycles_2 - qos:0 - size:10
2018-05-15_23:02:36:507- message received - id:0 - topic:mqtt-roundtrip-qos0-10Byte-100-cycles - qos:0 - size:10
2018-05-15_23:02:36:507- message sent - id:0 - topic:mqtt-roundtrip-qos0-10Byte-100-cycles_2 - qos:0 - size:10
2018-05-15_23:02:36:508- message received - id:0 - topic:mqtt-roundtrip-qos0-10Byte-100-cycles - qos:0 - size:10
2018-05-15_23:02:36:508- message sent - id:0 - topic:mqtt-roundtrip-qos0-10Byte-100-cycles_2 - qos:0 - size:10
2018-05-15_23:02:36:508- message received - id:0 - topic:mqtt-roundtrip-qos0-10Byte-100-cycles - qos:0 - size:10
2018-05-15_23:02:36:508- message sent - id:0 - topic:mqtt-roundtrip-qos0-10Byte-100-cycles_2 - qos:0 - size:10
2018-05-15_23:02:36:509- message received - id:0 - topic:mqtt-roundtrip-qos0-10Byte-100-cycles - qos:0 - size:10
2018-05-15_23:02:36:509- message sent - id:0 - topic:mqtt-roundtrip-qos0-10Byte-100-cycles_2 - qos:0 - size:10
2018-05-15_23:02:36:509- message received - id:0 - topic:mqtt-roundtrip-qos0-10Byte-100-cycles - qos:0 - size:10
2018-05-15_23:02:36:509- message sent - id:0 - topic:mqtt-roundtrip-qos0-10Byte-100-cycles_2 - qos:0 - size:10
2018-05-15_23:02:36:510- message received - id:0 - topic:mqtt-roundtrip-qos0-10Byte-100-cycles - qos:0 - size:10
2018-05-15_23:02:36:510- message sent - id:0 - topic:mqtt-roundtrip-qos0-10Byte-100-cycles_2 - qos:0 - size:10
2018-05-15_23:02:36:510- message received - id:0 - topic:mqtt-roundtrip-qos0-10Byte-100-cycles - qos:0 - size:10
2018-05-15_23:02:36:511- message sent - id:0 - topic:mqtt-roundtrip-qos0-10Byte-100-cycles_2 - qos:0 - size:10
2018-05-15_23:02:36:511- message received - id:0 - topic:mqtt-roundtrip-qos0-10Byte-100-cycles - qos:0 - size:10
2018-05-15_23:02:36:511- message sent - id:0 - topic:mqtt-roundtrip-qos0-10Byte-100-cycles_2 - qos:0 - size:10
2018-05-15_23:02:36:512- message received - id:0 - topic:mqtt-roundtrip-qos0-10Byte-100-cycles - qos:0 - size:10
2018-05-15_23:02:36:512- message sent - id:0 - topic:mqtt-roundtrip-qos0-10Byte-100-cycles_2 - qos:0 - size:10
2018-05-15_23:02:36:512- message received - id:0 - topic:mqtt-roundtrip-qos0-10Byte-100-cycles - qos:0 - size:10
2018-05-15_23:02:36:512- message sent - id:0 - topic:mqtt-roundtrip-qos0-10Byte-100-cycles_2 - qos:0 - size:10
2018-05-15_23:02:36:513- message received - id:0 - topic:mqtt-roundtrip-qos0-10Byte-100-cycles - qos:0 - size:10
2018-05-15_23:02:36:513- message sent - id:0 - topic:mqtt-roundtrip-qos0-10Byte-100-cycles_2 - qos:0 - size:10
2018-05-15_23:02:36:513- message received - id:0 - topic:mqtt-roundtrip-qos0-10Byte-100-cycles - qos:0 - size:10
2018-05-15_23:02:36:513- message sent - id:0 - topic:mqtt-roundtrip-qos0-10Byte-100-cycles_2 - qos:0 - size:10
2018-05-15_23:02:36:514- message received - id:0 - topic:mqtt-roundtrip-qos0-10Byte-100-cycles - qos:0 - size:10
2018-05-15_23:02:36:514- message sent - id:0 - topic:mqtt-roundtrip-qos0-10Byte-100-cycles_2 - qos:0 - size:10
2018-05-15_23:02:36:514- message received - id:0 - topic:mqtt-roundtrip-qos0-10Byte-100-cycles - qos:0 - size:10
2018-05-15_23:02:36:514- message sent - id:0 - topic:mqtt-roundtrip-qos0-10Byte-100-cycles_2 - qos:0 - size:10
2018-05-15_23:02:36:515- message received - id:0 - topic:mqtt-roundtrip-qos0-10Byte-100-cycles - qos:0 - size:10
2018-05-15_23:02:36:515- message sent - id:0 - topic:mqtt-roundtrip-qos0-10Byte-100-cycles_2 - qos:0 - size:10
2018-05-15_23:02:36:515- message received - id:0 - topic:mqtt-roundtrip-qos0-10Byte-100-cycles - qos:0 - size:10
2018-05-15_23:02:36:516- message sent - id:0 - topic:mqtt-roundtrip-qos0-10Byte-100-cycles_2 - qos:0 - size:10
2018-05-15_23:02:36:516- message received - id:0 - topic:mqtt-roundtrip-qos0-10Byte-100-cycles - qos:0 - size:10
2018-05-15_23:02:36:516- message sent - id:0 - topic:mqtt-roundtrip-qos0-10Byte-100-cycles_2 - qos:0 - size:10
2018-05-15_23:02:36:517- message received - id:0 - topic:mqtt-roundtrip-qos0-10Byte-100-cycles - qos:0 - size:10
2018-05-15_23:02:36:517- message sent - id:0 - topic:mqtt-roundtrip-qos0-10Byte-100-cycles_2 - qos:0 - size:10
2018-05-15_23:02:36:518- message received - id:0 - topic:mqtt-roundtrip-qos0-10Byte-100-cycles - qos:0 - size:10
2018-05-15_23:02:36:518- message sent - id:0 - topic:mqtt-roundtrip-qos0-10Byte-100-cycles_2 - qos:0 - size:10
2018-05-15_23:02:36:518- message received - id:0 - topic:mqtt-roundtrip-qos0-10Byte-100-cycles - qos:0 - size:10
2018-05-15_23:02:36:518- message sent - id:0 - topic:mqtt-roundtrip-qos0-10Byte-100-cycles_2 - qos:0 - size:10
2018-05-15_23:02:36:519- message received - id:0 - topic:mqtt-roundtrip-qos0-10Byte-100-cycles - qos:0 - size:10
2018-05-15_23:02:36:519- message sent - id:0 - topic:mqtt-roundtrip-qos0-10Byte-100-cycles_2 - qos:0 - size:10
2018-05-15_23:02:36:519- message received - id:0 - topic:mqtt-roundtrip-qos0-10Byte-100-cycles - qos:0 - size:10
2018-05-15_23:02:36:519- message sent - id:0 - topic:mqtt-roundtrip-qos0-10Byte-100-cycles_2 - qos:0 - size:10
2018-05-15_23:02:36:519- message received - id:0 - topic:mqtt-roundtrip-qos0-10Byte-100-cycles - qos:0 - size:10
2018-05-15_23:02:36:520- message sent - id:0 - topic:mqtt-roundtrip-qos0-10Byte-100-cycles_2 - qos:0 - size:10
2018-05-15_23:02:36:520- message received - id:0 - topic:mqtt-roundtrip-qos0-10Byte-100-cycles - qos:0 - size:10
2018-05-15_23:02:36:520- message sent - id:0 - topic:mqtt-roundtrip-qos0-10Byte-100-cycles_2 - qos:0 - size:10
2018-05-15_23:02:36:520- message received - id:0 - topic:mqtt-roundtrip-qos0-10Byte-100-cycles - qos:0 - size:10
2018-05-15_23:02:36:520- message sent - id:0 - topic:mqtt-roundtrip-qos0-10Byte-100-cycles_2 - qos:0 - size:10
2018-05-15_23:02:36:520- message received - id:0 - topic:mqtt-roundtrip-qos0-10Byte-100-cycles - qos:0 - size:10
2018-05-15_23:02:36:521- message sent - id:0 - topic:mqtt-roundtrip-qos0-10Byte-100-cycles_2 - qos:0 - size:10
2018-05-15_23:02:36:521- message received - id:0 - topic:mqtt-roundtrip-qos0-10Byte-100-cycles - qos:0 - size:10
2018-05-15_23:02:36:521- message sent - id:0 - topic:mqtt-roundtrip-qos0-10Byte-100-cycles_2 - qos:0 - size:10
2018-05-15_23:02:36:521- message received - id:0 - topic:mqtt-roundtrip-qos0-10Byte-100-cycles - qos:0 - size:10
2018-05-15_23:02:36:521- message sent - id:0 - topic:mqtt-roundtrip-qos0-10Byte-100-cycles_2 - qos:0 - size:10
2018-05-15_23:02:36:521- message received - id:0 - topic:mqtt-roundtrip-qos0-10Byte-100-cycles - qos:0 - size:10
2018-05-15_23:02:36:522- message sent - id:0 - topic:mqtt-roundtrip-qos0-10Byte-100-cycles_2 - qos:0 - size:10
2018-05-15_23:02:36:522- message received - id:0 - topic:mqtt-roundtrip-qos0-10Byte-100-cycles - qos:0 - size:10
2018-05-15_23:02:36:522- message sent - id:0 - topic:mqtt-roundtrip-qos0-10Byte-100-cycles_2 - qos:0 - size:10
2018-05-15_23:02:36:522- message received - id:0 - topic:mqtt-roundtrip-qos0-10Byte-100-cycles - qos:0 - size:10
2018-05-15_23:02:36:522- message sent - id:0 - topic:mqtt-roundtrip-qos0-10Byte-100-cycles_2 - qos:0 - size:10
2018-05-15_23:02:36:522- message received - id:0 - topic:mqtt-roundtrip-qos0-10Byte-100-cycles - qos:0 - size:10
2018-05-15_23:02:36:523- message sent - id:0 - topic:mqtt-roundtrip-qos0-10Byte-100-cycles_2 - qos:0 - size:10
2018-05-15_23:02:36:523- message received - id:0 - topic:mqtt-roundtrip-qos0-10Byte-100-cycles - qos:0 - size:10
2018-05-15_23:02:36:523- message sent - id:0 - topic:mqtt-roundtrip-qos0-10Byte-100-cycles_2 - qos:0 - size:10
2018-05-15_23:02:36:524- message received - id:0 - topic:mqtt-roundtrip-qos0-10Byte-100-cycles - qos:0 - size:10
2018-05-15_23:02:36:524- message sent - id:0 - topic:mqtt-roundtrip-qos0-10Byte-100-cycles_2 - qos:0 - size:10
2018-05-15_23:02:36:524- message received - id:0 - topic:mqtt-roundtrip-qos0-10Byte-100-cycles - qos:0 - size:10
2018-05-15_23:02:36:524- message sent - id:0 - topic:mqtt-roundtrip-qos0-10Byte-100-cycles_2 - qos:0 - size:10
2018-05-15_23:02:36:525- message received - id:0 - topic:mqtt-roundtrip-qos0-10Byte-100-cycles - qos:0 - size:10
2018-05-15_23:02:36:525- message sent - id:0 - topic:mqtt-roundtrip-qos0-10Byte-100-cycles_2 - qos:0 - size:10
2018-05-15_23:02:36:525- message received - id:0 - topic:mqtt-roundtrip-qos0-10Byte-100-cycles - qos:0 - size:10
2018-05-15_23:02:36:525- message sent - id:0 - topic:mqtt-roundtrip-qos0-10Byte-100-cycles_2 - qos:0 - size:10
2018-05-15_23:02:36:526- message received - id:0 - topic:mqtt-roundtrip-qos0-10Byte-100-cycles - qos:0 - size:10
2018-05-15_23:02:36:526- message sent - id:0 - topic:mqtt-roundtrip-qos0-10Byte-100-cycles_2 - qos:0 - size:10
2018-05-15_23:02:36:526- message received - id:0 - topic:mqtt-roundtrip-qos0-10Byte-100-cycles - qos:0 - size:10
2018-05-15_23:02:36:526- message sent - id:0 - topic:mqtt-roundtrip-qos0-10Byte-100-cycles_2 - qos:0 - size:10
2018-05-15_23:02:36:526- message received - id:0 - topic:mqtt-roundtrip-qos0-10Byte-100-cycles - qos:0 - size:10
2018-05-15_23:02:36:527- message sent - id:0 - topic:mqtt-roundtrip-qos0-10Byte-100-cycles_2 - qos:0 - size:10
2018-05-15_23:02:36:527- message received - id:0 - topic:mqtt-roundtrip-qos0-10Byte-100-cycles - qos:0 - size:10
2018-05-15_23:02:36:527- message sent - id:0 - topic:mqtt-roundtrip-qos0-10Byte-100-cycles_2 - qos:0 - size:10
2018-05-15_23:02:36:527- message received - id:0 - topic:mqtt-roundtrip-qos0-10Byte-100-cycles - qos:0 - size:10
2018-05-15_23:02:36:527- message sent - id:0 - topic:mqtt-roundtrip-qos0-10Byte-100-cycles_2 - qos:0 - size:10
2018-05-15_23:02:36:528- message received - id:0 - topic:mqtt-roundtrip-qos0-10Byte-100-cycles - qos:0 - size:10
2018-05-15_23:02:36:528- message sent - id:0 - topic:mqtt-roundtrip-qos0-10Byte-100-cycles_2 - qos:0 - size:10
2018-05-15_23:02:36:528- message received - id:0 - topic:mqtt-roundtrip-qos0-10Byte-100-cycles - qos:0 - size:10
2018-05-15_23:02:36:528- message sent - id:0 - topic:mqtt-roundtrip-qos0-10Byte-100-cycles_2 - qos:0 - size:10
2018-05-15_23:02:36:529- message received - id:0 - topic:mqtt-roundtrip-qos0-10Byte-100-cycles - qos:0 - size:10
2018-05-15_23:02:36:529- message sent - id:0 - topic:mqtt-roundtrip-qos0-10Byte-100-cycles_2 - qos:0 - size:10
2018-05-15_23:02:36:529- message received - id:0 - topic:mqtt-roundtrip-qos0-10Byte-100-cycles - qos:0 - size:10
2018-05-15_23:02:36:529- message sent - id:0 - topic:mqtt-roundtrip-qos0-10Byte-100-cycles_2 - qos:0 - size:10
2018-05-15_23:02:36:530- message received - id:0 - topic:mqtt-roundtrip-qos0-10Byte-100-cycles - qos:0 - size:10
2018-05-15_23:02:36:530- message sent - id:0 - topic:mqtt-roundtrip-qos0-10Byte-100-cycles_2 - qos:0 - size:10
2018-05-15_23:02:36:530- message received - id:0 - topic:mqtt-roundtrip-qos0-10Byte-100-cycles - qos:0 - size:10
2018-05-15_23:02:36:530- message sent - id:0 - topic:mqtt-roundtrip-qos0-10Byte-100-cycles_2 - qos:0 - size:10
2018-05-15_23:02:36:531- message received - id:0 - topic:mqtt-roundtrip-qos0-10Byte-100-cycles - qos:0 - size:10
2018-05-15_23:02:36:531- message sent - id:0 - topic:mqtt-roundtrip-qos0-10Byte-100-cycles_2 - qos:0 - size:10
2018-05-15_23:02:36:531- message received - id:0 - topic:mqtt-roundtrip-qos0-10Byte-100-cycles - qos:0 - size:10
2018-05-15_23:02:36:531- message sent - id:0 - topic:mqtt-roundtrip-qos0-10Byte-100-cycles_2 - qos:0 - size:10
2018-05-15_23:02:36:532- message received - id:0 - topic:mqtt-roundtrip-qos0-10Byte-100-cycles - qos:0 - size:10
2018-05-15_23:02:36:532- message sent - id:0 - topic:mqtt-roundtrip-qos0-10Byte-100-cycles_2 - qos:0 - size:10
2018-05-15_23:02:36:532- message received - id:0 - topic:mqtt-roundtrip-qos0-10Byte-100-cycles - qos:0 - size:10
2018-05-15_23:02:36:532- message sent - id:0 - topic:mqtt-roundtrip-qos0-10Byte-100-cycles_2 - qos:0 - size:10
2018-05-15_23:02:36:533- message received - id:0 - topic:mqtt-roundtrip-qos0-10Byte-100-cycles - qos:0 - size:10
2018-05-15_23:02:36:533- message sent - id:0 - topic:mqtt-roundtrip-qos0-10Byte-100-cycles_2 - qos:0 - size:10
2018-05-15_23:02:36:533- message received - id:0 - topic:mqtt-roundtrip-qos0-10Byte-100-cycles - qos:0 - size:10
2018-05-15_23:02:36:533- message sent - id:0 - topic:mqtt-roundtrip-qos0-10Byte-100-cycles_2 - qos:0 - size:10
2018-05-15_23:02:36:534- message received - id:0 - topic:mqtt-roundtrip-qos0-10Byte-100-cycles - qos:0 - size:10
2018-05-15_23:02:36:534- message sent - id:0 - topic:mqtt-roundtrip-qos0-10Byte-100-cycles_2 - qos:0 - size:10
2018-05-15_23:02:36:534- message received - id:0 - topic:mqtt-roundtrip-qos0-10Byte-100-cycles - qos:0 - size:10
2018-05-15_23:02:36:534- message sent - id:0 - topic:mqtt-roundtrip-qos0-10Byte-100-cycles_2 - qos:0 - size:10
2018-05-15_23:02:36:534- message received - id:0 - topic:mqtt-roundtrip-qos0-10Byte-100-cycles - qos:0 - size:10
2018-05-15_23:02:36:534- message sent - id:0 - topic:mqtt-roundtrip-qos0-10Byte-100-cycles_2 - qos:0 - size:10
2018-05-15_23:02:36:535- message received - id:0 - topic:mqtt-roundtrip-qos0-10Byte-100-cycles - qos:0 - size:10
2018-05-15_23:02:36:535- message sent - id:0 - topic:mqtt-roundtrip-qos0-10Byte-100-cycles_2 - qos:0 - size:10
2018-05-15_23:02:36:535- message received - id:0 - topic:mqtt-roundtrip-qos0-10Byte-100-cycles - qos:0 - size:10
2018-05-15_23:02:36:535- message sent - id:0 - topic:mqtt-roundtrip-qos0-10Byte-100-cycles_2 - qos:0 - size:10
2018-05-15_23:02:36:535- message received - id:0 - topic:mqtt-roundtrip-qos0-10Byte-100-cycles - qos:0 - size:10
2018-05-15_23:02:36:535- message sent - id:0 - topic:mqtt-roundtrip-qos0-10Byte-100-cycles_2 - qos:0 - size:10
2018-05-15_23:02:36:536- message received - id:0 - topic:mqtt-roundtrip-qos0-10Byte-100-cycles - qos:0 - size:10
2018-05-15_23:02:36:536- message sent - id:0 - topic:mqtt-roundtrip-qos0-10Byte-100-cycles_2 - qos:0 - size:10
2018-05-15_23:02:36:536- message received - id:0 - topic:mqtt-roundtrip-qos0-10Byte-100-cycles - qos:0 - size:10
2018-05-15_23:02:36:536- message sent - id:0 - topic:mqtt-roundtrip-qos0-10Byte-100-cycles_2 - qos:0 - size:10
2018-05-15_23:02:36:536- message received - id:0 - topic:mqtt-roundtrip-qos0-10Byte-100-cycles - qos:0 - size:10
2018-05-15_23:02:36:536- message sent - id:0 - topic:mqtt-roundtrip-qos0-10Byte-100-cycles_2 - qos:0 - size:10
2018-05-15_23:02:36:537- message received - id:0 - topic:mqtt-roundtrip-qos0-10Byte-100-cycles - qos:0 - size:10
2018-05-15_23:02:36:537- message sent - id:0 - topic:mqtt-roundtrip-qos0-10Byte-100-cycles_2 - qos:0 - size:10
2018-05-15_23:02:36:537- message received - id:0 - topic:mqtt-roundtrip-qos0-10Byte-100-cycles - qos:0 - size:10
2018-05-15_23:02:36:537- message sent - id:0 - topic:mqtt-roundtrip-qos0-10Byte-100-cycles_2 - qos:0 - size:10
2018-05-15_23:02:36:537- message received - id:0 - topic:mqtt-roundtrip-qos0-10Byte-100-cycles - qos:0 - size:10
2018-05-15_23:02:36:537- message sent - id:0 - topic:mqtt-roundtrip-qos0-10Byte-100-cycles_2 - qos:0 - size:10
2018-05-15_23:02:36:538- message received - id:0 - topic:mqtt-roundtrip-qos0-10Byte-100-cycles - qos:0 - size:10
2018-05-15_23:02:36:538- message sent - id:0 - topic:mqtt-roundtrip-qos0-10Byte-100-cycles_2 - qos:0 - size:10
2018-05-15_23:02:36:538- message received - id:0 - topic:mqtt-roundtrip-qos0-10Byte-100-cycles - qos:0 - size:10
2018-05-15_23:02:36:538- message sent - id:0 - topic:mqtt-roundtrip-qos0-10Byte-100-cycles_2 - qos:0 - size:10
2018-05-15_23:02:36:538- message received - id:0 - topic:mqtt-roundtrip-qos0-10Byte-100-cycles - qos:0 - size:10
2018-05-15_23:02:36:538- message sent - id:0 - topic:mqtt-roundtrip-qos0-10Byte-100-cycles_2 - qos:0 - size:10
2018-05-15_23:02:36:539- message received - id:0 - topic:mqtt-roundtrip-qos0-10Byte-100-cycles - qos:0 - size:10
2018-05-15_23:02:36:539- message sent - id:0 - topic:mqtt-roundtrip-qos0-10Byte-100-cycles_2 - qos:0 - size:10
2018-05-15_23:02:36:539- message received - id:0 - topic:mqtt-roundtrip-qos0-10Byte-100-cycles - qos:0 - size:10
2018-05-15_23:02:36:539- message sent - id:0 - topic:mqtt-roundtrip-qos0-10Byte-100-cycles_2 - qos:0 - size:10
2018-05-15_23:02:36:539- message received - id:0 - topic:mqtt-roundtrip-qos0-10Byte-100-cycles - qos:0 - size:10
2018-05-15_23:02:36:539- message sent - id:0 - topic:mqtt-roundtrip-qos0-10Byte-100-cycles_2 - qos:0 - size:10
2018-05-15_23:02:36:540- message received - id:0 - topic:mqtt-roundtrip-qos0-10Byte-100-cycles - qos:0 - size:10
2018-05-15_23:02:36:540- message sent - id:0 - topic:mqtt-roundtrip-qos0-10Byte-100-cycles_2 - qos:0 - size:10
2018-05-15_23:02:36:540- message received - id:0 - topic:mqtt-roundtrip-qos0-10Byte-100-cycles - qos:0 - size:10
2018-05-15_23:02:36:540- message sent - id:0 - topic:mqtt-roundtrip-qos0-10Byte-100-cycles_2 - qos:0 - size:10
2018-05-15_23:02:36:541- message received - id:0 - topic:mqtt-roundtrip-qos0-10Byte-100-cycles - qos:0 - size:10
2018-05-15_23:02:36:541- message sent - id:0 - topic:mqtt-roundtrip-qos0-10Byte-100-cycles_2 - qos:0 - size:10
2018-05-15_23:02:36:541- message received - id:0 - topic:mqtt-roundtrip-qos0-10Byte-100-cycles - qos:0 - size:10
2018-05-15_23:02:36:541- message sent - id:0 - topic:mqtt-roundtrip-qos0-10Byte-100-cycles_2 - qos:0 - size:10
2018-05-15_23:02:36:542- message received - id:0 - topic:mqtt-roundtrip-qos0-10Byte-100-cycles - qos:0 - size:10
2018-05-15_23:02:36:542- message sent - id:0 - topic:mqtt-roundtrip-qos0-10Byte-100-cycles_2 - qos:0 - size:10
2018-05-15_23:02:36:542- message received - id:0 - topic:mqtt-roundtrip-qos0-10Byte-100-cycles - qos:0 - size:10
2018-05-15_23:02:36:543- message sent - id:0 - topic:mqtt-roundtrip-qos0-10Byte-100-cycles_2 - qos:0 - size:10
2018-05-15_23:02:36:543- message received - id:0 - topic:mqtt-roundtrip-qos0-10Byte-100-cycles - qos:0 - size:10
2018-05-15_23:02:36:543- message sent - id:0 - topic:mqtt-roundtrip-qos0-10Byte-100-cycles_2 - qos:0 - size:10
2018-05-15_23:02:36:543- message received - id:0 - topic:mqtt-roundtrip-qos0-10Byte-100-cycles - qos:0 - size:10
2018-05-15_23:02:36:544- message sent - id:0 - topic:mqtt-roundtrip-qos0-10Byte-100-cycles_2 - qos:0 - size:10
2018-05-15_23:02:36:544- message received - id:0 - topic:mqtt-roundtrip-qos0-10Byte-100-cycles - qos:0 - size:10
2018-05-15_23:02:36:544- message sent - id:0 - topic:mqtt-roundtrip-qos0-10Byte-100-cycles_2 - qos:0 - size:10
