2018-05-17_21:19:16:869- connecting to broker 192.168.1.100:1883
2018-05-17_21:19:16:870- Subscribing to topic mqtt-roundtrip-qos1-10KByte-100-cycles_2
2018-05-17_21:19:16:870- subscribe returned (0, 1)
2018-05-17_21:19:16:870- Performing message publishing for 100 cycles
2018-05-17_21:19:16:871- message sent - topic:mqtt-roundtrip-qos1-10KByte-100-cycles - qos:1 - id:000000
2018-05-17_21:19:16:871- message sent - topic:mqtt-roundtrip-qos1-10KByte-100-cycles - qos:1 - id:000001
2018-05-17_21:19:16:871- Client connected to broker
2018-05-17_21:19:16:871- message sent - topic:mqtt-roundtrip-qos1-10KByte-100-cycles - qos:1 - id:000002
2018-05-17_21:19:16:871- message sent - topic:mqtt-roundtrip-qos1-10KByte-100-cycles - qos:1 - id:000003
2018-05-17_21:19:16:872- message sent - topic:mqtt-roundtrip-qos1-10KByte-100-cycles - qos:1 - id:000004
2018-05-17_21:19:16:872- message sent - topic:mqtt-roundtrip-qos1-10KByte-100-cycles - qos:1 - id:000005
2018-05-17_21:19:16:872- message sent - topic:mqtt-roundtrip-qos1-10KByte-100-cycles - qos:1 - id:000006
2018-05-17_21:19:16:872- message sent - topic:mqtt-roundtrip-qos1-10KByte-100-cycles - qos:1 - id:000007
2018-05-17_21:19:16:873- message sent - topic:mqtt-roundtrip-qos1-10KByte-100-cycles - qos:1 - id:000008
2018-05-17_21:19:16:873- message sent - topic:mqtt-roundtrip-qos1-10KByte-100-cycles - qos:1 - id:000009
2018-05-17_21:19:16:873- message sent - topic:mqtt-roundtrip-qos1-10KByte-100-cycles - qos:1 - id:000010
2018-05-17_21:19:16:873- message sent - topic:mqtt-roundtrip-qos1-10KByte-100-cycles - qos:1 - id:000011
2018-05-17_21:19:16:874- message sent - topic:mqtt-roundtrip-qos1-10KByte-100-cycles - qos:1 - id:000012
2018-05-17_21:19:16:874- message sent - topic:mqtt-roundtrip-qos1-10KByte-100-cycles - qos:1 - id:000013
2018-05-17_21:19:16:874- message sent - topic:mqtt-roundtrip-qos1-10KByte-100-cycles - qos:1 - id:000014
2018-05-17_21:19:16:874- message sent - topic:mqtt-roundtrip-qos1-10KByte-100-cycles - qos:1 - id:000015
2018-05-17_21:19:16:875- message sent - topic:mqtt-roundtrip-qos1-10KByte-100-cycles - qos:1 - id:000016
2018-05-17_21:19:16:875- message sent - topic:mqtt-roundtrip-qos1-10KByte-100-cycles - qos:1 - id:000017
2018-05-17_21:19:16:875- message sent - topic:mqtt-roundtrip-qos1-10KByte-100-cycles - qos:1 - id:000018
2018-05-17_21:19:16:875- message sent - topic:mqtt-roundtrip-qos1-10KByte-100-cycles - qos:1 - id:000019
2018-05-17_21:19:16:875- message sent - topic:mqtt-roundtrip-qos1-10KByte-100-cycles - qos:1 - id:000020
2018-05-17_21:19:16:875- message sent - topic:mqtt-roundtrip-qos1-10KByte-100-cycles - qos:1 - id:000021
2018-05-17_21:19:16:876- message sent - topic:mqtt-roundtrip-qos1-10KByte-100-cycles - qos:1 - id:000022
2018-05-17_21:19:16:876- message sent - topic:mqtt-roundtrip-qos1-10KByte-100-cycles - qos:1 - id:000023
2018-05-17_21:19:16:876- message sent - topic:mqtt-roundtrip-qos1-10KByte-100-cycles - qos:1 - id:000024
2018-05-17_21:19:16:876- message sent - topic:mqtt-roundtrip-qos1-10KByte-100-cycles - qos:1 - id:000025
2018-05-17_21:19:16:876- message sent - topic:mqtt-roundtrip-qos1-10KByte-100-cycles - qos:1 - id:000026
2018-05-17_21:19:16:877- message sent - topic:mqtt-roundtrip-qos1-10KByte-100-cycles - qos:1 - id:000027
2018-05-17_21:19:16:877- message sent - topic:mqtt-roundtrip-qos1-10KByte-100-cycles - qos:1 - id:000028
2018-05-17_21:19:16:877- message sent - topic:mqtt-roundtrip-qos1-10KByte-100-cycles - qos:1 - id:000029
2018-05-17_21:19:16:877- message sent - topic:mqtt-roundtrip-qos1-10KByte-100-cycles - qos:1 - id:000030
2018-05-17_21:19:16:877- message sent - topic:mqtt-roundtrip-qos1-10KByte-100-cycles - qos:1 - id:000031
2018-05-17_21:19:16:877- message sent - topic:mqtt-roundtrip-qos1-10KByte-100-cycles - qos:1 - id:000032
2018-05-17_21:19:16:877- message sent - topic:mqtt-roundtrip-qos1-10KByte-100-cycles - qos:1 - id:000033
2018-05-17_21:19:16:878- message sent - topic:mqtt-roundtrip-qos1-10KByte-100-cycles - qos:1 - id:000034
2018-05-17_21:19:16:878- message sent - topic:mqtt-roundtrip-qos1-10KByte-100-cycles - qos:1 - id:000035
2018-05-17_21:19:16:878- message sent - topic:mqtt-roundtrip-qos1-10KByte-100-cycles - qos:1 - id:000036
2018-05-17_21:19:16:878- message sent - topic:mqtt-roundtrip-qos1-10KByte-100-cycles - qos:1 - id:000037
2018-05-17_21:19:16:878- message sent - topic:mqtt-roundtrip-qos1-10KByte-100-cycles - qos:1 - id:000038
2018-05-17_21:19:16:878- message sent - topic:mqtt-roundtrip-qos1-10KByte-100-cycles - qos:1 - id:000039
2018-05-17_21:19:16:879- message sent - topic:mqtt-roundtrip-qos1-10KByte-100-cycles - qos:1 - id:000040
2018-05-17_21:19:16:879- message sent - topic:mqtt-roundtrip-qos1-10KByte-100-cycles - qos:1 - id:000041
2018-05-17_21:19:16:879- message sent - topic:mqtt-roundtrip-qos1-10KByte-100-cycles - qos:1 - id:000042
2018-05-17_21:19:16:879- message sent - topic:mqtt-roundtrip-qos1-10KByte-100-cycles - qos:1 - id:000043
2018-05-17_21:19:16:879- message sent - topic:mqtt-roundtrip-qos1-10KByte-100-cycles - qos:1 - id:000044
2018-05-17_21:19:16:879- message sent - topic:mqtt-roundtrip-qos1-10KByte-100-cycles - qos:1 - id:000045
2018-05-17_21:19:16:879- message sent - topic:mqtt-roundtrip-qos1-10KByte-100-cycles - qos:1 - id:000046
2018-05-17_21:19:16:879- message sent - topic:mqtt-roundtrip-qos1-10KByte-100-cycles - qos:1 - id:000047
2018-05-17_21:19:16:879- message sent - topic:mqtt-roundtrip-qos1-10KByte-100-cycles - qos:1 - id:000048
2018-05-17_21:19:16:880- message sent - topic:mqtt-roundtrip-qos1-10KByte-100-cycles - qos:1 - id:000049
2018-05-17_21:19:16:880- message sent - topic:mqtt-roundtrip-qos1-10KByte-100-cycles - qos:1 - id:000050
2018-05-17_21:19:16:880- message sent - topic:mqtt-roundtrip-qos1-10KByte-100-cycles - qos:1 - id:000051
2018-05-17_21:19:16:880- message sent - topic:mqtt-roundtrip-qos1-10KByte-100-cycles - qos:1 - id:000052
2018-05-17_21:19:16:880- message sent - topic:mqtt-roundtrip-qos1-10KByte-100-cycles - qos:1 - id:000053
2018-05-17_21:19:16:880- message sent - topic:mqtt-roundtrip-qos1-10KByte-100-cycles - qos:1 - id:000054
2018-05-17_21:19:16:880- message sent - topic:mqtt-roundtrip-qos1-10KByte-100-cycles - qos:1 - id:000055
2018-05-17_21:19:16:880- message sent - topic:mqtt-roundtrip-qos1-10KByte-100-cycles - qos:1 - id:000056
2018-05-17_21:19:16:880- message sent - topic:mqtt-roundtrip-qos1-10KByte-100-cycles - qos:1 - id:000057
2018-05-17_21:19:16:880- message sent - topic:mqtt-roundtrip-qos1-10KByte-100-cycles - qos:1 - id:000058
2018-05-17_21:19:16:880- message sent - topic:mqtt-roundtrip-qos1-10KByte-100-cycles - qos:1 - id:000059
2018-05-17_21:19:16:880- message sent - topic:mqtt-roundtrip-qos1-10KByte-100-cycles - qos:1 - id:000060
2018-05-17_21:19:16:881- message sent - topic:mqtt-roundtrip-qos1-10KByte-100-cycles - qos:1 - id:000061
2018-05-17_21:19:16:881- message sent - topic:mqtt-roundtrip-qos1-10KByte-100-cycles - qos:1 - id:000062
2018-05-17_21:19:16:881- message sent - topic:mqtt-roundtrip-qos1-10KByte-100-cycles - qos:1 - id:000063
2018-05-17_21:19:16:881- message sent - topic:mqtt-roundtrip-qos1-10KByte-100-cycles - qos:1 - id:000064
2018-05-17_21:19:16:881- message sent - topic:mqtt-roundtrip-qos1-10KByte-100-cycles - qos:1 - id:000065
2018-05-17_21:19:16:881- message sent - topic:mqtt-roundtrip-qos1-10KByte-100-cycles - qos:1 - id:000066
2018-05-17_21:19:16:881- message sent - topic:mqtt-roundtrip-qos1-10KByte-100-cycles - qos:1 - id:000067
2018-05-17_21:19:16:881- message sent - topic:mqtt-roundtrip-qos1-10KByte-100-cycles - qos:1 - id:000068
2018-05-17_21:19:16:882- message sent - topic:mqtt-roundtrip-qos1-10KByte-100-cycles - qos:1 - id:000069
2018-05-17_21:19:16:882- message sent - topic:mqtt-roundtrip-qos1-10KByte-100-cycles - qos:1 - id:000070
2018-05-17_21:19:16:882- message sent - topic:mqtt-roundtrip-qos1-10KByte-100-cycles - qos:1 - id:000071
2018-05-17_21:19:16:882- message sent - topic:mqtt-roundtrip-qos1-10KByte-100-cycles - qos:1 - id:000072
2018-05-17_21:19:16:882- message sent - topic:mqtt-roundtrip-qos1-10KByte-100-cycles - qos:1 - id:000073
2018-05-17_21:19:16:882- message sent - topic:mqtt-roundtrip-qos1-10KByte-100-cycles - qos:1 - id:000074
2018-05-17_21:19:16:882- message sent - topic:mqtt-roundtrip-qos1-10KByte-100-cycles - qos:1 - id:000075
2018-05-17_21:19:16:882- message sent - topic:mqtt-roundtrip-qos1-10KByte-100-cycles - qos:1 - id:000076
2018-05-17_21:19:16:882- message sent - topic:mqtt-roundtrip-qos1-10KByte-100-cycles - qos:1 - id:000077
2018-05-17_21:19:16:882- message sent - topic:mqtt-roundtrip-qos1-10KByte-100-cycles - qos:1 - id:000078
2018-05-17_21:19:16:882- message sent - topic:mqtt-roundtrip-qos1-10KByte-100-cycles - qos:1 - id:000079
2018-05-17_21:19:16:883- message sent - topic:mqtt-roundtrip-qos1-10KByte-100-cycles - qos:1 - id:000080
2018-05-17_21:19:16:883- message sent - topic:mqtt-roundtrip-qos1-10KByte-100-cycles - qos:1 - id:000081
2018-05-17_21:19:16:883- message sent - topic:mqtt-roundtrip-qos1-10KByte-100-cycles - qos:1 - id:000082
2018-05-17_21:19:16:883- message sent - topic:mqtt-roundtrip-qos1-10KByte-100-cycles - qos:1 - id:000083
2018-05-17_21:19:16:883- message sent - topic:mqtt-roundtrip-qos1-10KByte-100-cycles - qos:1 - id:000084
2018-05-17_21:19:16:883- message sent - topic:mqtt-roundtrip-qos1-10KByte-100-cycles - qos:1 - id:000085
2018-05-17_21:19:16:883- message sent - topic:mqtt-roundtrip-qos1-10KByte-100-cycles - qos:1 - id:000086
2018-05-17_21:19:16:884- message sent - topic:mqtt-roundtrip-qos1-10KByte-100-cycles - qos:1 - id:000087
2018-05-17_21:19:16:884- message sent - topic:mqtt-roundtrip-qos1-10KByte-100-cycles - qos:1 - id:000088
2018-05-17_21:19:16:884- message sent - topic:mqtt-roundtrip-qos1-10KByte-100-cycles - qos:1 - id:000089
2018-05-17_21:19:16:884- message sent - topic:mqtt-roundtrip-qos1-10KByte-100-cycles - qos:1 - id:000090
2018-05-17_21:19:16:884- message sent - topic:mqtt-roundtrip-qos1-10KByte-100-cycles - qos:1 - id:000091
2018-05-17_21:19:16:884- message sent - topic:mqtt-roundtrip-qos1-10KByte-100-cycles - qos:1 - id:000092
2018-05-17_21:19:16:884- message sent - topic:mqtt-roundtrip-qos1-10KByte-100-cycles - qos:1 - id:000093
2018-05-17_21:19:16:884- message sent - topic:mqtt-roundtrip-qos1-10KByte-100-cycles - qos:1 - id:000094
2018-05-17_21:19:16:884- message sent - topic:mqtt-roundtrip-qos1-10KByte-100-cycles - qos:1 - id:000095
2018-05-17_21:19:16:884- message sent - topic:mqtt-roundtrip-qos1-10KByte-100-cycles - qos:1 - id:000096
2018-05-17_21:19:16:884- message sent - topic:mqtt-roundtrip-qos1-10KByte-100-cycles - qos:1 - id:000097
2018-05-17_21:19:16:885- message sent - topic:mqtt-roundtrip-qos1-10KByte-100-cycles - qos:1 - id:000098
2018-05-17_21:19:16:885- message sent - topic:mqtt-roundtrip-qos1-10KByte-100-cycles - qos:1 - id:000099
2018-05-17_21:19:16:885- message received - topic:mqtt-roundtrip-qos1-10KByte-100-cycles_2 - qos:1 - size:10246 - id:000000
2018-05-17_21:19:16:891- message received - topic:mqtt-roundtrip-qos1-10KByte-100-cycles_2 - qos:1 - size:10246 - id:000001
2018-05-17_21:19:16:895- message received - topic:mqtt-roundtrip-qos1-10KByte-100-cycles_2 - qos:1 - size:10246 - id:000002
2018-05-17_21:19:16:900- message received - topic:mqtt-roundtrip-qos1-10KByte-100-cycles_2 - qos:1 - size:10246 - id:000003
2018-05-17_21:19:16:904- message received - topic:mqtt-roundtrip-qos1-10KByte-100-cycles_2 - qos:1 - size:10246 - id:000004
2018-05-17_21:19:16:909- message received - topic:mqtt-roundtrip-qos1-10KByte-100-cycles_2 - qos:1 - size:10246 - id:000005
2018-05-17_21:19:16:915- message received - topic:mqtt-roundtrip-qos1-10KByte-100-cycles_2 - qos:1 - size:10246 - id:000006
2018-05-17_21:19:16:919- message received - topic:mqtt-roundtrip-qos1-10KByte-100-cycles_2 - qos:1 - size:10246 - id:000007
2018-05-17_21:19:16:923- message received - topic:mqtt-roundtrip-qos1-10KByte-100-cycles_2 - qos:1 - size:10246 - id:000008
2018-05-17_21:19:16:928- message received - topic:mqtt-roundtrip-qos1-10KByte-100-cycles_2 - qos:1 - size:10246 - id:000009
2018-05-17_21:19:16:931- message received - topic:mqtt-roundtrip-qos1-10KByte-100-cycles_2 - qos:1 - size:10246 - id:000010
2018-05-17_21:19:16:934- message received - topic:mqtt-roundtrip-qos1-10KByte-100-cycles_2 - qos:1 - size:10246 - id:000011
2018-05-17_21:19:16:937- message received - topic:mqtt-roundtrip-qos1-10KByte-100-cycles_2 - qos:1 - size:10246 - id:000012
2018-05-17_21:19:16:941- message received - topic:mqtt-roundtrip-qos1-10KByte-100-cycles_2 - qos:1 - size:10246 - id:000013
2018-05-17_21:19:16:943- message received - topic:mqtt-roundtrip-qos1-10KByte-100-cycles_2 - qos:1 - size:10246 - id:000014
2018-05-17_21:19:16:946- message received - topic:mqtt-roundtrip-qos1-10KByte-100-cycles_2 - qos:1 - size:10246 - id:000015
2018-05-17_21:19:16:950- message received - topic:mqtt-roundtrip-qos1-10KByte-100-cycles_2 - qos:1 - size:10246 - id:000016
2018-05-17_21:19:16:953- message received - topic:mqtt-roundtrip-qos1-10KByte-100-cycles_2 - qos:1 - size:10246 - id:000017
2018-05-17_21:19:16:956- message received - topic:mqtt-roundtrip-qos1-10KByte-100-cycles_2 - qos:1 - size:10246 - id:000018
2018-05-17_21:19:16:959- message received - topic:mqtt-roundtrip-qos1-10KByte-100-cycles_2 - qos:1 - size:10246 - id:000019
2018-05-17_21:19:16:961- message received - topic:mqtt-roundtrip-qos1-10KByte-100-cycles_2 - qos:1 - size:10246 - id:000020
2018-05-17_21:19:16:965- message received - topic:mqtt-roundtrip-qos1-10KByte-100-cycles_2 - qos:1 - size:10246 - id:000021
2018-05-17_21:19:16:968- message received - topic:mqtt-roundtrip-qos1-10KByte-100-cycles_2 - qos:1 - size:10246 - id:000022
2018-05-17_21:19:16:972- message received - topic:mqtt-roundtrip-qos1-10KByte-100-cycles_2 - qos:1 - size:10246 - id:000023
2018-05-17_21:19:16:973- message received - topic:mqtt-roundtrip-qos1-10KByte-100-cycles_2 - qos:1 - size:10246 - id:000024
2018-05-17_21:19:16:976- message received - topic:mqtt-roundtrip-qos1-10KByte-100-cycles_2 - qos:1 - size:10246 - id:000025
2018-05-17_21:19:16:980- message received - topic:mqtt-roundtrip-qos1-10KByte-100-cycles_2 - qos:1 - size:10246 - id:000026
2018-05-17_21:19:16:982- message received - topic:mqtt-roundtrip-qos1-10KByte-100-cycles_2 - qos:1 - size:10246 - id:000027
2018-05-17_21:19:16:985- message received - topic:mqtt-roundtrip-qos1-10KByte-100-cycles_2 - qos:1 - size:10246 - id:000028
2018-05-17_21:19:16:987- message received - topic:mqtt-roundtrip-qos1-10KByte-100-cycles_2 - qos:1 - size:10246 - id:000029
2018-05-17_21:19:16:990- message received - topic:mqtt-roundtrip-qos1-10KByte-100-cycles_2 - qos:1 - size:10246 - id:000030
2018-05-17_21:19:16:993- message received - topic:mqtt-roundtrip-qos1-10KByte-100-cycles_2 - qos:1 - size:10246 - id:000031
2018-05-17_21:19:16:996- message received - topic:mqtt-roundtrip-qos1-10KByte-100-cycles_2 - qos:1 - size:10246 - id:000032
2018-05-17_21:19:16:999- message received - topic:mqtt-roundtrip-qos1-10KByte-100-cycles_2 - qos:1 - size:10246 - id:000033
2018-05-17_21:19:17:001- message received - topic:mqtt-roundtrip-qos1-10KByte-100-cycles_2 - qos:1 - size:10246 - id:000034
2018-05-17_21:19:17:004- message received - topic:mqtt-roundtrip-qos1-10KByte-100-cycles_2 - qos:1 - size:10246 - id:000035
2018-05-17_21:19:17:007- message received - topic:mqtt-roundtrip-qos1-10KByte-100-cycles_2 - qos:1 - size:10246 - id:000036
2018-05-17_21:19:17:009- message received - topic:mqtt-roundtrip-qos1-10KByte-100-cycles_2 - qos:1 - size:10246 - id:000037
2018-05-17_21:19:17:012- message received - topic:mqtt-roundtrip-qos1-10KByte-100-cycles_2 - qos:1 - size:10246 - id:000038
2018-05-17_21:19:17:014- message received - topic:mqtt-roundtrip-qos1-10KByte-100-cycles_2 - qos:1 - size:10246 - id:000039
2018-05-17_21:19:17:015- message received - topic:mqtt-roundtrip-qos1-10KByte-100-cycles_2 - qos:1 - size:10246 - id:000040
2018-05-17_21:19:17:018- message received - topic:mqtt-roundtrip-qos1-10KByte-100-cycles_2 - qos:1 - size:10246 - id:000041
2018-05-17_21:19:17:020- message received - topic:mqtt-roundtrip-qos1-10KByte-100-cycles_2 - qos:1 - size:10246 - id:000042
2018-05-17_21:19:17:022- message received - topic:mqtt-roundtrip-qos1-10KByte-100-cycles_2 - qos:1 - size:10246 - id:000043
2018-05-17_21:19:17:023- message received - topic:mqtt-roundtrip-qos1-10KByte-100-cycles_2 - qos:1 - size:10246 - id:000044
2018-05-17_21:19:17:025- message received - topic:mqtt-roundtrip-qos1-10KByte-100-cycles_2 - qos:1 - size:10246 - id:000045
2018-05-17_21:19:17:028- message received - topic:mqtt-roundtrip-qos1-10KByte-100-cycles_2 - qos:1 - size:10246 - id:000046
2018-05-17_21:19:17:029- message received - topic:mqtt-roundtrip-qos1-10KByte-100-cycles_2 - qos:1 - size:10246 - id:000047
2018-05-17_21:19:17:031- message received - topic:mqtt-roundtrip-qos1-10KByte-100-cycles_2 - qos:1 - size:10246 - id:000048
2018-05-17_21:19:17:034- message received - topic:mqtt-roundtrip-qos1-10KByte-100-cycles_2 - qos:1 - size:10246 - id:000049
2018-05-17_21:19:17:035- message received - topic:mqtt-roundtrip-qos1-10KByte-100-cycles_2 - qos:1 - size:10246 - id:000050
2018-05-17_21:19:17:037- message received - topic:mqtt-roundtrip-qos1-10KByte-100-cycles_2 - qos:1 - size:10246 - id:000051
2018-05-17_21:19:17:039- message received - topic:mqtt-roundtrip-qos1-10KByte-100-cycles_2 - qos:1 - size:10246 - id:000052
2018-05-17_21:19:17:040- message received - topic:mqtt-roundtrip-qos1-10KByte-100-cycles_2 - qos:1 - size:10246 - id:000053
2018-05-17_21:19:17:043- message received - topic:mqtt-roundtrip-qos1-10KByte-100-cycles_2 - qos:1 - size:10246 - id:000054
2018-05-17_21:19:17:045- message received - topic:mqtt-roundtrip-qos1-10KByte-100-cycles_2 - qos:1 - size:10246 - id:000055
2018-05-17_21:19:17:047- message received - topic:mqtt-roundtrip-qos1-10KByte-100-cycles_2 - qos:1 - size:10246 - id:000056
2018-05-17_21:19:17:049- message received - topic:mqtt-roundtrip-qos1-10KByte-100-cycles_2 - qos:1 - size:10246 - id:000057
2018-05-17_21:19:17:051- message received - topic:mqtt-roundtrip-qos1-10KByte-100-cycles_2 - qos:1 - size:10246 - id:000058
2018-05-17_21:19:17:052- message received - topic:mqtt-roundtrip-qos1-10KByte-100-cycles_2 - qos:1 - size:10246 - id:000059
2018-05-17_21:19:17:054- message received - topic:mqtt-roundtrip-qos1-10KByte-100-cycles_2 - qos:1 - size:10246 - id:000060
2018-05-17_21:19:17:056- message received - topic:mqtt-roundtrip-qos1-10KByte-100-cycles_2 - qos:1 - size:10246 - id:000061
2018-05-17_21:19:17:059- message received - topic:mqtt-roundtrip-qos1-10KByte-100-cycles_2 - qos:1 - size:10246 - id:000062
2018-05-17_21:19:17:060- message received - topic:mqtt-roundtrip-qos1-10KByte-100-cycles_2 - qos:1 - size:10246 - id:000063
2018-05-17_21:19:17:063- message received - topic:mqtt-roundtrip-qos1-10KByte-100-cycles_2 - qos:1 - size:10246 - id:000064
2018-05-17_21:19:17:065- message received - topic:mqtt-roundtrip-qos1-10KByte-100-cycles_2 - qos:1 - size:10246 - id:000065
2018-05-17_21:19:17:066- message received - topic:mqtt-roundtrip-qos1-10KByte-100-cycles_2 - qos:1 - size:10246 - id:000066
2018-05-17_21:19:17:068- message received - topic:mqtt-roundtrip-qos1-10KByte-100-cycles_2 - qos:1 - size:10246 - id:000067
2018-05-17_21:19:17:071- message received - topic:mqtt-roundtrip-qos1-10KByte-100-cycles_2 - qos:1 - size:10246 - id:000068
2018-05-17_21:19:17:073- message received - topic:mqtt-roundtrip-qos1-10KByte-100-cycles_2 - qos:1 - size:10246 - id:000069
2018-05-17_21:19:17:075- message received - topic:mqtt-roundtrip-qos1-10KByte-100-cycles_2 - qos:1 - size:10246 - id:000070
2018-05-17_21:19:17:076- message received - topic:mqtt-roundtrip-qos1-10KByte-100-cycles_2 - qos:1 - size:10246 - id:000071
2018-05-17_21:19:17:078- message received - topic:mqtt-roundtrip-qos1-10KByte-100-cycles_2 - qos:1 - size:10246 - id:000072
2018-05-17_21:19:17:081- message received - topic:mqtt-roundtrip-qos1-10KByte-100-cycles_2 - qos:1 - size:10246 - id:000073
2018-05-17_21:19:17:082- message received - topic:mqtt-roundtrip-qos1-10KByte-100-cycles_2 - qos:1 - size:10246 - id:000074
2018-05-17_21:19:17:084- message received - topic:mqtt-roundtrip-qos1-10KByte-100-cycles_2 - qos:1 - size:10246 - id:000075
2018-05-17_21:19:17:086- message received - topic:mqtt-roundtrip-qos1-10KByte-100-cycles_2 - qos:1 - size:10246 - id:000076
2018-05-17_21:19:17:087- message received - topic:mqtt-roundtrip-qos1-10KByte-100-cycles_2 - qos:1 - size:10246 - id:000077
2018-05-17_21:19:17:087- message received - topic:mqtt-roundtrip-qos1-10KByte-100-cycles_2 - qos:1 - size:10246 - id:000078
2018-05-17_21:19:17:088- message received - topic:mqtt-roundtrip-qos1-10KByte-100-cycles_2 - qos:1 - size:10246 - id:000079
2018-05-17_21:19:17:089- message received - topic:mqtt-roundtrip-qos1-10KByte-100-cycles_2 - qos:1 - size:10246 - id:000080
2018-05-17_21:19:17:090- message received - topic:mqtt-roundtrip-qos1-10KByte-100-cycles_2 - qos:1 - size:10246 - id:000081
2018-05-17_21:19:17:091- message received - topic:mqtt-roundtrip-qos1-10KByte-100-cycles_2 - qos:1 - size:10246 - id:000082
2018-05-17_21:19:17:092- message received - topic:mqtt-roundtrip-qos1-10KByte-100-cycles_2 - qos:1 - size:10246 - id:000083
2018-05-17_21:19:17:093- message received - topic:mqtt-roundtrip-qos1-10KByte-100-cycles_2 - qos:1 - size:10246 - id:000084
2018-05-17_21:19:17:094- message received - topic:mqtt-roundtrip-qos1-10KByte-100-cycles_2 - qos:1 - size:10246 - id:000085
2018-05-17_21:19:17:095- message received - topic:mqtt-roundtrip-qos1-10KByte-100-cycles_2 - qos:1 - size:10246 - id:000086
2018-05-17_21:19:17:095- message received - topic:mqtt-roundtrip-qos1-10KByte-100-cycles_2 - qos:1 - size:10246 - id:000087
2018-05-17_21:19:17:096- message received - topic:mqtt-roundtrip-qos1-10KByte-100-cycles_2 - qos:1 - size:10246 - id:000088
2018-05-17_21:19:17:097- message received - topic:mqtt-roundtrip-qos1-10KByte-100-cycles_2 - qos:1 - size:10246 - id:000089
2018-05-17_21:19:17:098- message received - topic:mqtt-roundtrip-qos1-10KByte-100-cycles_2 - qos:1 - size:10246 - id:000090
2018-05-17_21:19:17:099- message received - topic:mqtt-roundtrip-qos1-10KByte-100-cycles_2 - qos:1 - size:10246 - id:000091
2018-05-17_21:19:17:100- message received - topic:mqtt-roundtrip-qos1-10KByte-100-cycles_2 - qos:1 - size:10246 - id:000092
2018-05-17_21:19:17:101- message received - topic:mqtt-roundtrip-qos1-10KByte-100-cycles_2 - qos:1 - size:10246 - id:000093
2018-05-17_21:19:17:102- message received - topic:mqtt-roundtrip-qos1-10KByte-100-cycles_2 - qos:1 - size:10246 - id:000094
2018-05-17_21:19:17:102- message received - topic:mqtt-roundtrip-qos1-10KByte-100-cycles_2 - qos:1 - size:10246 - id:000095
2018-05-17_21:19:17:103- message received - topic:mqtt-roundtrip-qos1-10KByte-100-cycles_2 - qos:1 - size:10246 - id:000096
2018-05-17_21:19:17:104- message received - topic:mqtt-roundtrip-qos1-10KByte-100-cycles_2 - qos:1 - size:10246 - id:000097
2018-05-17_21:19:17:105- message received - topic:mqtt-roundtrip-qos1-10KByte-100-cycles_2 - qos:1 - size:10246 - id:000098
2018-05-17_21:19:17:106- message received - topic:mqtt-roundtrip-qos1-10KByte-100-cycles_2 - qos:1 - size:10246 - id:000099
2018-05-17_21:19:20:109- Client disconnected from broker
