2018-05-17_21:30:42:467- connecting to broker 192.168.1.100:1883
2018-05-17_21:30:42:471- Subscribing to topic mqtt-roundtrip-qos0-1MByte-100-cycles_2
2018-05-17_21:30:42:471- subscribe returned (0, 1)
2018-05-17_21:30:42:471- Performing message publishing for 100 cycles
2018-05-17_21:30:42:472- message sent - topic:mqtt-roundtrip-qos0-1MByte-100-cycles - qos:0 - id:000000
2018-05-17_21:30:42:473- message sent - topic:mqtt-roundtrip-qos0-1MByte-100-cycles - qos:0 - id:000001
2018-05-17_21:30:42:474- message sent - topic:mqtt-roundtrip-qos0-1MByte-100-cycles - qos:0 - id:000002
2018-05-17_21:30:42:475- message sent - topic:mqtt-roundtrip-qos0-1MByte-100-cycles - qos:0 - id:000003
2018-05-17_21:30:42:476- message sent - topic:mqtt-roundtrip-qos0-1MByte-100-cycles - qos:0 - id:000004
2018-05-17_21:30:42:477- message sent - topic:mqtt-roundtrip-qos0-1MByte-100-cycles - qos:0 - id:000005
2018-05-17_21:30:42:478- message sent - topic:mqtt-roundtrip-qos0-1MByte-100-cycles - qos:0 - id:000006
2018-05-17_21:30:42:479- message sent - topic:mqtt-roundtrip-qos0-1MByte-100-cycles - qos:0 - id:000007
2018-05-17_21:30:42:479- message sent - topic:mqtt-roundtrip-qos0-1MByte-100-cycles - qos:0 - id:000008
2018-05-17_21:30:42:480- message sent - topic:mqtt-roundtrip-qos0-1MByte-100-cycles - qos:0 - id:000009
2018-05-17_21:30:42:481- message sent - topic:mqtt-roundtrip-qos0-1MByte-100-cycles - qos:0 - id:000010
2018-05-17_21:30:42:482- message sent - topic:mqtt-roundtrip-qos0-1MByte-100-cycles - qos:0 - id:000011
2018-05-17_21:30:42:483- Client connected to broker
2018-05-17_21:30:42:487- message sent - topic:mqtt-roundtrip-qos0-1MByte-100-cycles - qos:0 - id:000012
2018-05-17_21:30:42:488- message sent - topic:mqtt-roundtrip-qos0-1MByte-100-cycles - qos:0 - id:000013
2018-05-17_21:30:42:488- message sent - topic:mqtt-roundtrip-qos0-1MByte-100-cycles - qos:0 - id:000014
2018-05-17_21:30:42:489- message sent - topic:mqtt-roundtrip-qos0-1MByte-100-cycles - qos:0 - id:000015
2018-05-17_21:30:42:490- message sent - topic:mqtt-roundtrip-qos0-1MByte-100-cycles - qos:0 - id:000016
2018-05-17_21:30:42:492- message sent - topic:mqtt-roundtrip-qos0-1MByte-100-cycles - qos:0 - id:000017
2018-05-17_21:30:42:493- message sent - topic:mqtt-roundtrip-qos0-1MByte-100-cycles - qos:0 - id:000018
2018-05-17_21:30:42:497- message sent - topic:mqtt-roundtrip-qos0-1MByte-100-cycles - qos:0 - id:000019
2018-05-17_21:30:42:499- message sent - topic:mqtt-roundtrip-qos0-1MByte-100-cycles - qos:0 - id:000020
2018-05-17_21:30:42:501- message sent - topic:mqtt-roundtrip-qos0-1MByte-100-cycles - qos:0 - id:000021
2018-05-17_21:30:42:505- message sent - topic:mqtt-roundtrip-qos0-1MByte-100-cycles - qos:0 - id:000022
2018-05-17_21:30:42:507- message sent - topic:mqtt-roundtrip-qos0-1MByte-100-cycles - qos:0 - id:000023
2018-05-17_21:30:42:510- message sent - topic:mqtt-roundtrip-qos0-1MByte-100-cycles - qos:0 - id:000024
2018-05-17_21:30:42:511- message sent - topic:mqtt-roundtrip-qos0-1MByte-100-cycles - qos:0 - id:000025
2018-05-17_21:30:42:512- message sent - topic:mqtt-roundtrip-qos0-1MByte-100-cycles - qos:0 - id:000026
2018-05-17_21:30:42:513- message sent - topic:mqtt-roundtrip-qos0-1MByte-100-cycles - qos:0 - id:000027
2018-05-17_21:30:42:514- message sent - topic:mqtt-roundtrip-qos0-1MByte-100-cycles - qos:0 - id:000028
2018-05-17_21:30:42:516- message sent - topic:mqtt-roundtrip-qos0-1MByte-100-cycles - qos:0 - id:000029
2018-05-17_21:30:42:517- message sent - topic:mqtt-roundtrip-qos0-1MByte-100-cycles - qos:0 - id:000030
2018-05-17_21:30:42:518- message sent - topic:mqtt-roundtrip-qos0-1MByte-100-cycles - qos:0 - id:000031
2018-05-17_21:30:42:519- message sent - topic:mqtt-roundtrip-qos0-1MByte-100-cycles - qos:0 - id:000032
2018-05-17_21:30:42:520- message sent - topic:mqtt-roundtrip-qos0-1MByte-100-cycles - qos:0 - id:000033
2018-05-17_21:30:42:522- message sent - topic:mqtt-roundtrip-qos0-1MByte-100-cycles - qos:0 - id:000034
2018-05-17_21:30:42:523- message sent - topic:mqtt-roundtrip-qos0-1MByte-100-cycles - qos:0 - id:000035
2018-05-17_21:30:42:524- message sent - topic:mqtt-roundtrip-qos0-1MByte-100-cycles - qos:0 - id:000036
2018-05-17_21:30:42:524- message sent - topic:mqtt-roundtrip-qos0-1MByte-100-cycles - qos:0 - id:000037
2018-05-17_21:30:42:525- message sent - topic:mqtt-roundtrip-qos0-1MByte-100-cycles - qos:0 - id:000038
2018-05-17_21:30:42:526- message sent - topic:mqtt-roundtrip-qos0-1MByte-100-cycles - qos:0 - id:000039
2018-05-17_21:30:42:527- message sent - topic:mqtt-roundtrip-qos0-1MByte-100-cycles - qos:0 - id:000040
2018-05-17_21:30:42:528- message sent - topic:mqtt-roundtrip-qos0-1MByte-100-cycles - qos:0 - id:000041
2018-05-17_21:30:42:529- message sent - topic:mqtt-roundtrip-qos0-1MByte-100-cycles - qos:0 - id:000042
2018-05-17_21:30:42:530- message sent - topic:mqtt-roundtrip-qos0-1MByte-100-cycles - qos:0 - id:000043
2018-05-17_21:30:42:531- message sent - topic:mqtt-roundtrip-qos0-1MByte-100-cycles - qos:0 - id:000044
2018-05-17_21:30:42:532- message sent - topic:mqtt-roundtrip-qos0-1MByte-100-cycles - qos:0 - id:000045
2018-05-17_21:30:42:533- message sent - topic:mqtt-roundtrip-qos0-1MByte-100-cycles - qos:0 - id:000046
2018-05-17_21:30:42:534- message sent - topic:mqtt-roundtrip-qos0-1MByte-100-cycles - qos:0 - id:000047
2018-05-17_21:30:42:534- message sent - topic:mqtt-roundtrip-qos0-1MByte-100-cycles - qos:0 - id:000048
2018-05-17_21:30:42:535- message sent - topic:mqtt-roundtrip-qos0-1MByte-100-cycles - qos:0 - id:000049
2018-05-17_21:30:42:536- message sent - topic:mqtt-roundtrip-qos0-1MByte-100-cycles - qos:0 - id:000050
2018-05-17_21:30:42:537- message sent - topic:mqtt-roundtrip-qos0-1MByte-100-cycles - qos:0 - id:000051
2018-05-17_21:30:42:538- message sent - topic:mqtt-roundtrip-qos0-1MByte-100-cycles - qos:0 - id:000052
2018-05-17_21:30:42:539- message sent - topic:mqtt-roundtrip-qos0-1MByte-100-cycles - qos:0 - id:000053
2018-05-17_21:30:42:540- message sent - topic:mqtt-roundtrip-qos0-1MByte-100-cycles - qos:0 - id:000054
2018-05-17_21:30:42:540- message sent - topic:mqtt-roundtrip-qos0-1MByte-100-cycles - qos:0 - id:000055
2018-05-17_21:30:42:541- message sent - topic:mqtt-roundtrip-qos0-1MByte-100-cycles - qos:0 - id:000056
2018-05-17_21:30:42:542- message sent - topic:mqtt-roundtrip-qos0-1MByte-100-cycles - qos:0 - id:000057
2018-05-17_21:30:42:543- message sent - topic:mqtt-roundtrip-qos0-1MByte-100-cycles - qos:0 - id:000058
2018-05-17_21:30:42:544- message sent - topic:mqtt-roundtrip-qos0-1MByte-100-cycles - qos:0 - id:000059
2018-05-17_21:30:42:545- message sent - topic:mqtt-roundtrip-qos0-1MByte-100-cycles - qos:0 - id:000060
2018-05-17_21:30:42:546- message sent - topic:mqtt-roundtrip-qos0-1MByte-100-cycles - qos:0 - id:000061
2018-05-17_21:30:42:547- message sent - topic:mqtt-roundtrip-qos0-1MByte-100-cycles - qos:0 - id:000062
2018-05-17_21:30:42:548- message sent - topic:mqtt-roundtrip-qos0-1MByte-100-cycles - qos:0 - id:000063
2018-05-17_21:30:42:550- message sent - topic:mqtt-roundtrip-qos0-1MByte-100-cycles - qos:0 - id:000064
2018-05-17_21:30:42:551- message sent - topic:mqtt-roundtrip-qos0-1MByte-100-cycles - qos:0 - id:000065
2018-05-17_21:30:42:552- message sent - topic:mqtt-roundtrip-qos0-1MByte-100-cycles - qos:0 - id:000066
2018-05-17_21:30:42:553- message sent - topic:mqtt-roundtrip-qos0-1MByte-100-cycles - qos:0 - id:000067
2018-05-17_21:30:42:555- message sent - topic:mqtt-roundtrip-qos0-1MByte-100-cycles - qos:0 - id:000068
2018-05-17_21:30:42:556- message sent - topic:mqtt-roundtrip-qos0-1MByte-100-cycles - qos:0 - id:000069
2018-05-17_21:30:42:557- message sent - topic:mqtt-roundtrip-qos0-1MByte-100-cycles - qos:0 - id:000070
2018-05-17_21:30:42:558- message sent - topic:mqtt-roundtrip-qos0-1MByte-100-cycles - qos:0 - id:000071
2018-05-17_21:30:42:560- message sent - topic:mqtt-roundtrip-qos0-1MByte-100-cycles - qos:0 - id:000072
2018-05-17_21:30:42:561- message sent - topic:mqtt-roundtrip-qos0-1MByte-100-cycles - qos:0 - id:000073
2018-05-17_21:30:42:562- message sent - topic:mqtt-roundtrip-qos0-1MByte-100-cycles - qos:0 - id:000074
2018-05-17_21:30:42:563- message sent - topic:mqtt-roundtrip-qos0-1MByte-100-cycles - qos:0 - id:000075
2018-05-17_21:30:42:564- message sent - topic:mqtt-roundtrip-qos0-1MByte-100-cycles - qos:0 - id:000076
2018-05-17_21:30:42:565- message sent - topic:mqtt-roundtrip-qos0-1MByte-100-cycles - qos:0 - id:000077
2018-05-17_21:30:42:567- message sent - topic:mqtt-roundtrip-qos0-1MByte-100-cycles - qos:0 - id:000078
2018-05-17_21:30:42:568- message sent - topic:mqtt-roundtrip-qos0-1MByte-100-cycles - qos:0 - id:000079
2018-05-17_21:30:42:569- message sent - topic:mqtt-roundtrip-qos0-1MByte-100-cycles - qos:0 - id:000080
2018-05-17_21:30:42:570- message sent - topic:mqtt-roundtrip-qos0-1MByte-100-cycles - qos:0 - id:000081
2018-05-17_21:30:42:571- message sent - topic:mqtt-roundtrip-qos0-1MByte-100-cycles - qos:0 - id:000082
2018-05-17_21:30:42:572- message sent - topic:mqtt-roundtrip-qos0-1MByte-100-cycles - qos:0 - id:000083
2018-05-17_21:30:42:573- message sent - topic:mqtt-roundtrip-qos0-1MByte-100-cycles - qos:0 - id:000084
2018-05-17_21:30:42:574- message sent - topic:mqtt-roundtrip-qos0-1MByte-100-cycles - qos:0 - id:000085
2018-05-17_21:30:42:575- message sent - topic:mqtt-roundtrip-qos0-1MByte-100-cycles - qos:0 - id:000086
2018-05-17_21:30:42:576- message sent - topic:mqtt-roundtrip-qos0-1MByte-100-cycles - qos:0 - id:000087
2018-05-17_21:30:42:577- message sent - topic:mqtt-roundtrip-qos0-1MByte-100-cycles - qos:0 - id:000088
2018-05-17_21:30:42:578- message sent - topic:mqtt-roundtrip-qos0-1MByte-100-cycles - qos:0 - id:000089
2018-05-17_21:30:42:579- message sent - topic:mqtt-roundtrip-qos0-1MByte-100-cycles - qos:0 - id:000090
2018-05-17_21:30:42:580- message sent - topic:mqtt-roundtrip-qos0-1MByte-100-cycles - qos:0 - id:000091
2018-05-17_21:30:42:581- message sent - topic:mqtt-roundtrip-qos0-1MByte-100-cycles - qos:0 - id:000092
2018-05-17_21:30:42:582- message sent - topic:mqtt-roundtrip-qos0-1MByte-100-cycles - qos:0 - id:000093
2018-05-17_21:30:42:583- message sent - topic:mqtt-roundtrip-qos0-1MByte-100-cycles - qos:0 - id:000094
2018-05-17_21:30:42:584- message sent - topic:mqtt-roundtrip-qos0-1MByte-100-cycles - qos:0 - id:000095
2018-05-17_21:30:42:585- message sent - topic:mqtt-roundtrip-qos0-1MByte-100-cycles - qos:0 - id:000096
2018-05-17_21:30:42:586- message sent - topic:mqtt-roundtrip-qos0-1MByte-100-cycles - qos:0 - id:000097
2018-05-17_21:30:42:587- message sent - topic:mqtt-roundtrip-qos0-1MByte-100-cycles - qos:0 - id:000098
2018-05-17_21:30:42:588- message sent - topic:mqtt-roundtrip-qos0-1MByte-100-cycles - qos:0 - id:000099
2018-05-17_21:30:51:276- Client disconnected from broker
