2018-05-17_21:23:43:753- connecting to broker 192.168.1.100:1883
2018-05-17_21:23:43:754- Subscribing to topic mqtt-roundtrip-qos1-10MByte-100-cycles_2
2018-05-17_21:23:43:754- subscribe returned (0, 1)
2018-05-17_21:23:43:754- Performing message publishing for 100 cycles
2018-05-17_21:23:43:766- message sent - topic:mqtt-roundtrip-qos1-10MByte-100-cycles - qos:1 - id:000000
2018-05-17_21:23:43:778- Client connected to broker
2018-05-17_21:23:43:779- message sent - topic:mqtt-roundtrip-qos1-10MByte-100-cycles - qos:1 - id:000001
2018-05-17_21:23:43:854- message sent - topic:mqtt-roundtrip-qos1-10MByte-100-cycles - qos:1 - id:000002
2018-05-17_21:23:43:865- message sent - topic:mqtt-roundtrip-qos1-10MByte-100-cycles - qos:1 - id:000003
2018-05-17_21:23:43:876- message sent - topic:mqtt-roundtrip-qos1-10MByte-100-cycles - qos:1 - id:000004
2018-05-17_21:23:43:890- message sent - topic:mqtt-roundtrip-qos1-10MByte-100-cycles - qos:1 - id:000005
2018-05-17_21:23:43:908- message sent - topic:mqtt-roundtrip-qos1-10MByte-100-cycles - qos:1 - id:000006
2018-05-17_21:23:43:924- message sent - topic:mqtt-roundtrip-qos1-10MByte-100-cycles - qos:1 - id:000007
2018-05-17_21:23:43:942- message sent - topic:mqtt-roundtrip-qos1-10MByte-100-cycles - qos:1 - id:000008
2018-05-17_21:23:43:958- message sent - topic:mqtt-roundtrip-qos1-10MByte-100-cycles - qos:1 - id:000009
2018-05-17_21:23:43:975- message sent - topic:mqtt-roundtrip-qos1-10MByte-100-cycles - qos:1 - id:000010
2018-05-17_21:23:43:990- message sent - topic:mqtt-roundtrip-qos1-10MByte-100-cycles - qos:1 - id:000011
2018-05-17_21:23:44:005- message sent - topic:mqtt-roundtrip-qos1-10MByte-100-cycles - qos:1 - id:000012
2018-05-17_21:23:44:020- message sent - topic:mqtt-roundtrip-qos1-10MByte-100-cycles - qos:1 - id:000013
2018-05-17_21:23:44:033- message sent - topic:mqtt-roundtrip-qos1-10MByte-100-cycles - qos:1 - id:000014
2018-05-17_21:23:44:045- message sent - topic:mqtt-roundtrip-qos1-10MByte-100-cycles - qos:1 - id:000015
2018-05-17_21:23:44:079- message sent - topic:mqtt-roundtrip-qos1-10MByte-100-cycles - qos:1 - id:000016
2018-05-17_21:23:44:094- message sent - topic:mqtt-roundtrip-qos1-10MByte-100-cycles - qos:1 - id:000017
2018-05-17_21:23:44:108- message sent - topic:mqtt-roundtrip-qos1-10MByte-100-cycles - qos:1 - id:000018
2018-05-17_21:23:44:123- message sent - topic:mqtt-roundtrip-qos1-10MByte-100-cycles - qos:1 - id:000019
2018-05-17_21:23:44:130- message sent - topic:mqtt-roundtrip-qos1-10MByte-100-cycles - qos:1 - id:000020
2018-05-17_21:23:44:138- message sent - topic:mqtt-roundtrip-qos1-10MByte-100-cycles - qos:1 - id:000021
2018-05-17_21:23:44:147- message sent - topic:mqtt-roundtrip-qos1-10MByte-100-cycles - qos:1 - id:000022
2018-05-17_21:23:44:154- message sent - topic:mqtt-roundtrip-qos1-10MByte-100-cycles - qos:1 - id:000023
2018-05-17_21:23:44:162- message sent - topic:mqtt-roundtrip-qos1-10MByte-100-cycles - qos:1 - id:000024
2018-05-17_21:23:44:169- message sent - topic:mqtt-roundtrip-qos1-10MByte-100-cycles - qos:1 - id:000025
2018-05-17_21:23:44:177- message sent - topic:mqtt-roundtrip-qos1-10MByte-100-cycles - qos:1 - id:000026
2018-05-17_21:23:44:185- message sent - topic:mqtt-roundtrip-qos1-10MByte-100-cycles - qos:1 - id:000027
2018-05-17_21:23:44:193- message sent - topic:mqtt-roundtrip-qos1-10MByte-100-cycles - qos:1 - id:000028
2018-05-17_21:23:44:200- message sent - topic:mqtt-roundtrip-qos1-10MByte-100-cycles - qos:1 - id:000029
2018-05-17_21:23:44:207- message sent - topic:mqtt-roundtrip-qos1-10MByte-100-cycles - qos:1 - id:000030
2018-05-17_21:23:44:214- message sent - topic:mqtt-roundtrip-qos1-10MByte-100-cycles - qos:1 - id:000031
2018-05-17_21:23:44:223- message sent - topic:mqtt-roundtrip-qos1-10MByte-100-cycles - qos:1 - id:000032
2018-05-17_21:23:44:230- message sent - topic:mqtt-roundtrip-qos1-10MByte-100-cycles - qos:1 - id:000033
2018-05-17_21:23:44:237- message sent - topic:mqtt-roundtrip-qos1-10MByte-100-cycles - qos:1 - id:000034
2018-05-17_21:23:44:246- message sent - topic:mqtt-roundtrip-qos1-10MByte-100-cycles - qos:1 - id:000035
2018-05-17_21:23:44:253- message sent - topic:mqtt-roundtrip-qos1-10MByte-100-cycles - qos:1 - id:000036
2018-05-17_21:23:44:260- message sent - topic:mqtt-roundtrip-qos1-10MByte-100-cycles - qos:1 - id:000037
2018-05-17_21:23:44:267- message sent - topic:mqtt-roundtrip-qos1-10MByte-100-cycles - qos:1 - id:000038
2018-05-17_21:23:44:274- message sent - topic:mqtt-roundtrip-qos1-10MByte-100-cycles - qos:1 - id:000039
2018-05-17_21:23:44:282- message sent - topic:mqtt-roundtrip-qos1-10MByte-100-cycles - qos:1 - id:000040
2018-05-17_21:23:44:289- message sent - topic:mqtt-roundtrip-qos1-10MByte-100-cycles - qos:1 - id:000041
2018-05-17_21:23:44:296- message sent - topic:mqtt-roundtrip-qos1-10MByte-100-cycles - qos:1 - id:000042
2018-05-17_21:23:44:303- message sent - topic:mqtt-roundtrip-qos1-10MByte-100-cycles - qos:1 - id:000043
2018-05-17_21:23:44:309- message sent - topic:mqtt-roundtrip-qos1-10MByte-100-cycles - qos:1 - id:000044
2018-05-17_21:23:44:317- message sent - topic:mqtt-roundtrip-qos1-10MByte-100-cycles - qos:1 - id:000045
2018-05-17_21:23:44:323- message sent - topic:mqtt-roundtrip-qos1-10MByte-100-cycles - qos:1 - id:000046
2018-05-17_21:23:44:330- message sent - topic:mqtt-roundtrip-qos1-10MByte-100-cycles - qos:1 - id:000047
2018-05-17_21:23:44:336- message sent - topic:mqtt-roundtrip-qos1-10MByte-100-cycles - qos:1 - id:000048
2018-05-17_21:23:44:344- message sent - topic:mqtt-roundtrip-qos1-10MByte-100-cycles - qos:1 - id:000049
2018-05-17_21:23:44:351- message sent - topic:mqtt-roundtrip-qos1-10MByte-100-cycles - qos:1 - id:000050
2018-05-17_21:23:44:357- message sent - topic:mqtt-roundtrip-qos1-10MByte-100-cycles - qos:1 - id:000051
2018-05-17_21:23:44:365- message sent - topic:mqtt-roundtrip-qos1-10MByte-100-cycles - qos:1 - id:000052
2018-05-17_21:23:44:372- message sent - topic:mqtt-roundtrip-qos1-10MByte-100-cycles - qos:1 - id:000053
2018-05-17_21:23:44:378- message sent - topic:mqtt-roundtrip-qos1-10MByte-100-cycles - qos:1 - id:000054
2018-05-17_21:23:44:386- message sent - topic:mqtt-roundtrip-qos1-10MByte-100-cycles - qos:1 - id:000055
2018-05-17_21:23:44:393- message sent - topic:mqtt-roundtrip-qos1-10MByte-100-cycles - qos:1 - id:000056
2018-05-17_21:23:44:399- message sent - topic:mqtt-roundtrip-qos1-10MByte-100-cycles - qos:1 - id:000057
2018-05-17_21:23:44:407- message sent - topic:mqtt-roundtrip-qos1-10MByte-100-cycles - qos:1 - id:000058
2018-05-17_21:23:44:414- message sent - topic:mqtt-roundtrip-qos1-10MByte-100-cycles - qos:1 - id:000059
2018-05-17_21:23:44:420- message sent - topic:mqtt-roundtrip-qos1-10MByte-100-cycles - qos:1 - id:000060
2018-05-17_21:23:44:426- message sent - topic:mqtt-roundtrip-qos1-10MByte-100-cycles - qos:1 - id:000061
2018-05-17_21:23:44:433- message sent - topic:mqtt-roundtrip-qos1-10MByte-100-cycles - qos:1 - id:000062
2018-05-17_21:23:44:439- message sent - topic:mqtt-roundtrip-qos1-10MByte-100-cycles - qos:1 - id:000063
2018-05-17_21:23:44:446- message sent - topic:mqtt-roundtrip-qos1-10MByte-100-cycles - qos:1 - id:000064
2018-05-17_21:23:44:451- message sent - topic:mqtt-roundtrip-qos1-10MByte-100-cycles - qos:1 - id:000065
2018-05-17_21:23:44:457- message sent - topic:mqtt-roundtrip-qos1-10MByte-100-cycles - qos:1 - id:000066
2018-05-17_21:23:44:463- message sent - topic:mqtt-roundtrip-qos1-10MByte-100-cycles - qos:1 - id:000067
2018-05-17_21:23:44:468- message sent - topic:mqtt-roundtrip-qos1-10MByte-100-cycles - qos:1 - id:000068
2018-05-17_21:23:44:474- message sent - topic:mqtt-roundtrip-qos1-10MByte-100-cycles - qos:1 - id:000069
2018-05-17_21:23:44:481- message sent - topic:mqtt-roundtrip-qos1-10MByte-100-cycles - qos:1 - id:000070
2018-05-17_21:23:44:487- message sent - topic:mqtt-roundtrip-qos1-10MByte-100-cycles - qos:1 - id:000071
2018-05-17_21:23:44:493- message sent - topic:mqtt-roundtrip-qos1-10MByte-100-cycles - qos:1 - id:000072
2018-05-17_21:23:44:499- message sent - topic:mqtt-roundtrip-qos1-10MByte-100-cycles - qos:1 - id:000073
2018-05-17_21:23:44:505- message sent - topic:mqtt-roundtrip-qos1-10MByte-100-cycles - qos:1 - id:000074
2018-05-17_21:23:44:511- message sent - topic:mqtt-roundtrip-qos1-10MByte-100-cycles - qos:1 - id:000075
2018-05-17_21:23:44:516- message sent - topic:mqtt-roundtrip-qos1-10MByte-100-cycles - qos:1 - id:000076
2018-05-17_21:23:44:522- message sent - topic:mqtt-roundtrip-qos1-10MByte-100-cycles - qos:1 - id:000077
2018-05-17_21:23:44:528- message sent - topic:mqtt-roundtrip-qos1-10MByte-100-cycles - qos:1 - id:000078
2018-05-17_21:23:44:534- message sent - topic:mqtt-roundtrip-qos1-10MByte-100-cycles - qos:1 - id:000079
2018-05-17_21:23:44:540- message sent - topic:mqtt-roundtrip-qos1-10MByte-100-cycles - qos:1 - id:000080
2018-05-17_21:23:44:546- message sent - topic:mqtt-roundtrip-qos1-10MByte-100-cycles - qos:1 - id:000081
2018-05-17_21:23:44:555- message sent - topic:mqtt-roundtrip-qos1-10MByte-100-cycles - qos:1 - id:000082
2018-05-17_21:23:44:561- message sent - topic:mqtt-roundtrip-qos1-10MByte-100-cycles - qos:1 - id:000083
2018-05-17_21:23:44:566- message sent - topic:mqtt-roundtrip-qos1-10MByte-100-cycles - qos:1 - id:000084
2018-05-17_21:23:44:570- message sent - topic:mqtt-roundtrip-qos1-10MByte-100-cycles - qos:1 - id:000085
2018-05-17_21:23:44:575- message sent - topic:mqtt-roundtrip-qos1-10MByte-100-cycles - qos:1 - id:000086
2018-05-17_21:23:44:581- message sent - topic:mqtt-roundtrip-qos1-10MByte-100-cycles - qos:1 - id:000087
2018-05-17_21:23:44:586- message sent - topic:mqtt-roundtrip-qos1-10MByte-100-cycles - qos:1 - id:000088
2018-05-17_21:23:44:591- message sent - topic:mqtt-roundtrip-qos1-10MByte-100-cycles - qos:1 - id:000089
2018-05-17_21:23:44:596- message sent - topic:mqtt-roundtrip-qos1-10MByte-100-cycles - qos:1 - id:000090
2018-05-17_21:23:44:601- message sent - topic:mqtt-roundtrip-qos1-10MByte-100-cycles - qos:1 - id:000091
2018-05-17_21:23:44:606- message sent - topic:mqtt-roundtrip-qos1-10MByte-100-cycles - qos:1 - id:000092
2018-05-17_21:23:44:611- message sent - topic:mqtt-roundtrip-qos1-10MByte-100-cycles - qos:1 - id:000093
2018-05-17_21:23:44:618- message sent - topic:mqtt-roundtrip-qos1-10MByte-100-cycles - qos:1 - id:000094
2018-05-17_21:23:44:625- message sent - topic:mqtt-roundtrip-qos1-10MByte-100-cycles - qos:1 - id:000095
2018-05-17_21:23:44:635- message sent - topic:mqtt-roundtrip-qos1-10MByte-100-cycles - qos:1 - id:000096
2018-05-17_21:23:44:644- message sent - topic:mqtt-roundtrip-qos1-10MByte-100-cycles - qos:1 - id:000097
2018-05-17_21:23:44:657- message sent - topic:mqtt-roundtrip-qos1-10MByte-100-cycles - qos:1 - id:000098
2018-05-17_21:23:44:666- message sent - topic:mqtt-roundtrip-qos1-10MByte-100-cycles - qos:1 - id:000099
2018-05-17_21:26:43:961- Client disconnected from broker
2018-05-17_21:26:43:961- Client disconnected from broker
