2018-05-15_23:13:02:746- connecting to broker 192.168.1.100:1883
2018-05-15_23:13:02:747- Subscribing to topicmqtt-roundtrip-qos1-1KByte-100-cycles
2018-05-15_23:13:02:748- subscribe returned (0, 1)
2018-05-15_23:13:02:748- Client connected to broker
2018-05-15_23:13:03:792- message received - id:0 - topic:mqtt-roundtrip-qos1-1KByte-100-cycles - qos:0 - size:1024
2018-05-15_23:13:03:793- message sent - id:0 - topic:mqtt-roundtrip-qos1-1KByte-100-cycles_2 - qos:0 - size:1024
2018-05-15_23:13:03:793- message received - id:0 - topic:mqtt-roundtrip-qos1-1KByte-100-cycles - qos:0 - size:1024
2018-05-15_23:13:03:793- message sent - id:0 - topic:mqtt-roundtrip-qos1-1KByte-100-cycles_2 - qos:0 - size:1024
2018-05-15_23:13:03:794- message received - id:0 - topic:mqtt-roundtrip-qos1-1KByte-100-cycles - qos:0 - size:1024
2018-05-15_23:13:03:794- message sent - id:0 - topic:mqtt-roundtrip-qos1-1KByte-100-cycles_2 - qos:0 - size:1024
2018-05-15_23:13:03:794- message received - id:0 - topic:mqtt-roundtrip-qos1-1KByte-100-cycles - qos:0 - size:1024
2018-05-15_23:13:03:795- message sent - id:0 - topic:mqtt-roundtrip-qos1-1KByte-100-cycles_2 - qos:0 - size:1024
2018-05-15_23:13:03:795- message received - id:0 - topic:mqtt-roundtrip-qos1-1KByte-100-cycles - qos:0 - size:1024
2018-05-15_23:13:03:795- message sent - id:0 - topic:mqtt-roundtrip-qos1-1KByte-100-cycles_2 - qos:0 - size:1024
2018-05-15_23:13:03:795- message received - id:0 - topic:mqtt-roundtrip-qos1-1KByte-100-cycles - qos:0 - size:1024
2018-05-15_23:13:03:795- message sent - id:0 - topic:mqtt-roundtrip-qos1-1KByte-100-cycles_2 - qos:0 - size:1024
2018-05-15_23:13:03:796- message received - id:0 - topic:mqtt-roundtrip-qos1-1KByte-100-cycles - qos:0 - size:1024
2018-05-15_23:13:03:796- message sent - id:0 - topic:mqtt-roundtrip-qos1-1KByte-100-cycles_2 - qos:0 - size:1024
2018-05-15_23:13:03:796- message received - id:0 - topic:mqtt-roundtrip-qos1-1KByte-100-cycles - qos:0 - size:1024
2018-05-15_23:13:03:796- message sent - id:0 - topic:mqtt-roundtrip-qos1-1KByte-100-cycles_2 - qos:0 - size:1024
2018-05-15_23:13:03:797- message received - id:0 - topic:mqtt-roundtrip-qos1-1KByte-100-cycles - qos:0 - size:1024
2018-05-15_23:13:03:797- message sent - id:0 - topic:mqtt-roundtrip-qos1-1KByte-100-cycles_2 - qos:0 - size:1024
2018-05-15_23:13:03:797- message received - id:0 - topic:mqtt-roundtrip-qos1-1KByte-100-cycles - qos:0 - size:1024
2018-05-15_23:13:03:797- message sent - id:0 - topic:mqtt-roundtrip-qos1-1KByte-100-cycles_2 - qos:0 - size:1024
2018-05-15_23:13:03:798- message received - id:0 - topic:mqtt-roundtrip-qos1-1KByte-100-cycles - qos:0 - size:1024
2018-05-15_23:13:03:798- message sent - id:0 - topic:mqtt-roundtrip-qos1-1KByte-100-cycles_2 - qos:0 - size:1024
2018-05-15_23:13:03:798- message received - id:0 - topic:mqtt-roundtrip-qos1-1KByte-100-cycles - qos:0 - size:1024
2018-05-15_23:13:03:798- message sent - id:0 - topic:mqtt-roundtrip-qos1-1KByte-100-cycles_2 - qos:0 - size:1024
2018-05-15_23:13:03:799- message received - id:0 - topic:mqtt-roundtrip-qos1-1KByte-100-cycles - qos:0 - size:1024
2018-05-15_23:13:03:799- message sent - id:0 - topic:mqtt-roundtrip-qos1-1KByte-100-cycles_2 - qos:0 - size:1024
2018-05-15_23:13:03:799- message received - id:0 - topic:mqtt-roundtrip-qos1-1KByte-100-cycles - qos:0 - size:1024
2018-05-15_23:13:03:799- message sent - id:0 - topic:mqtt-roundtrip-qos1-1KByte-100-cycles_2 - qos:0 - size:1024
2018-05-15_23:13:03:799- message received - id:0 - topic:mqtt-roundtrip-qos1-1KByte-100-cycles - qos:0 - size:1024
2018-05-15_23:13:03:800- message sent - id:0 - topic:mqtt-roundtrip-qos1-1KByte-100-cycles_2 - qos:0 - size:1024
2018-05-15_23:13:03:800- message received - id:0 - topic:mqtt-roundtrip-qos1-1KByte-100-cycles - qos:0 - size:1024
2018-05-15_23:13:03:800- message sent - id:0 - topic:mqtt-roundtrip-qos1-1KByte-100-cycles_2 - qos:0 - size:1024
2018-05-15_23:13:03:800- message received - id:0 - topic:mqtt-roundtrip-qos1-1KByte-100-cycles - qos:0 - size:1024
2018-05-15_23:13:03:801- message sent - id:0 - topic:mqtt-roundtrip-qos1-1KByte-100-cycles_2 - qos:0 - size:1024
2018-05-15_23:13:03:801- message received - id:0 - topic:mqtt-roundtrip-qos1-1KByte-100-cycles - qos:0 - size:1024
2018-05-15_23:13:03:801- message sent - id:0 - topic:mqtt-roundtrip-qos1-1KByte-100-cycles_2 - qos:0 - size:1024
2018-05-15_23:13:03:801- message received - id:0 - topic:mqtt-roundtrip-qos1-1KByte-100-cycles - qos:0 - size:1024
2018-05-15_23:13:03:801- message sent - id:0 - topic:mqtt-roundtrip-qos1-1KByte-100-cycles_2 - qos:0 - size:1024
2018-05-15_23:13:03:802- message received - id:0 - topic:mqtt-roundtrip-qos1-1KByte-100-cycles - qos:0 - size:1024
2018-05-15_23:13:03:802- message sent - id:0 - topic:mqtt-roundtrip-qos1-1KByte-100-cycles_2 - qos:0 - size:1024
2018-05-15_23:13:03:802- message received - id:0 - topic:mqtt-roundtrip-qos1-1KByte-100-cycles - qos:0 - size:1024
2018-05-15_23:13:03:802- message sent - id:0 - topic:mqtt-roundtrip-qos1-1KByte-100-cycles_2 - qos:0 - size:1024
2018-05-15_23:13:03:803- message received - id:0 - topic:mqtt-roundtrip-qos1-1KByte-100-cycles - qos:0 - size:1024
2018-05-15_23:13:03:803- message sent - id:0 - topic:mqtt-roundtrip-qos1-1KByte-100-cycles_2 - qos:0 - size:1024
2018-05-15_23:13:03:803- message received - id:0 - topic:mqtt-roundtrip-qos1-1KByte-100-cycles - qos:0 - size:1024
2018-05-15_23:13:03:803- message sent - id:0 - topic:mqtt-roundtrip-qos1-1KByte-100-cycles_2 - qos:0 - size:1024
2018-05-15_23:13:03:804- message received - id:0 - topic:mqtt-roundtrip-qos1-1KByte-100-cycles - qos:0 - size:1024
2018-05-15_23:13:03:804- message sent - id:0 - topic:mqtt-roundtrip-qos1-1KByte-100-cycles_2 - qos:0 - size:1024
2018-05-15_23:13:03:804- message received - id:0 - topic:mqtt-roundtrip-qos1-1KByte-100-cycles - qos:0 - size:1024
2018-05-15_23:13:03:804- message sent - id:0 - topic:mqtt-roundtrip-qos1-1KByte-100-cycles_2 - qos:0 - size:1024
2018-05-15_23:13:03:804- message received - id:0 - topic:mqtt-roundtrip-qos1-1KByte-100-cycles - qos:0 - size:1024
2018-05-15_23:13:03:805- message sent - id:0 - topic:mqtt-roundtrip-qos1-1KByte-100-cycles_2 - qos:0 - size:1024
2018-05-15_23:13:03:805- message received - id:0 - topic:mqtt-roundtrip-qos1-1KByte-100-cycles - qos:0 - size:1024
2018-05-15_23:13:03:805- message sent - id:0 - topic:mqtt-roundtrip-qos1-1KByte-100-cycles_2 - qos:0 - size:1024
2018-05-15_23:13:03:805- message received - id:0 - topic:mqtt-roundtrip-qos1-1KByte-100-cycles - qos:0 - size:1024
2018-05-15_23:13:03:806- message sent - id:0 - topic:mqtt-roundtrip-qos1-1KByte-100-cycles_2 - qos:0 - size:1024
2018-05-15_23:13:03:806- message received - id:0 - topic:mqtt-roundtrip-qos1-1KByte-100-cycles - qos:0 - size:1024
2018-05-15_23:13:03:806- message sent - id:0 - topic:mqtt-roundtrip-qos1-1KByte-100-cycles_2 - qos:0 - size:1024
2018-05-15_23:13:03:806- message received - id:0 - topic:mqtt-roundtrip-qos1-1KByte-100-cycles - qos:0 - size:1024
2018-05-15_23:13:03:807- message sent - id:0 - topic:mqtt-roundtrip-qos1-1KByte-100-cycles_2 - qos:0 - size:1024
2018-05-15_23:13:03:807- message received - id:0 - topic:mqtt-roundtrip-qos1-1KByte-100-cycles - qos:0 - size:1024
2018-05-15_23:13:03:807- message sent - id:0 - topic:mqtt-roundtrip-qos1-1KByte-100-cycles_2 - qos:0 - size:1024
2018-05-15_23:13:03:807- message received - id:0 - topic:mqtt-roundtrip-qos1-1KByte-100-cycles - qos:0 - size:1024
2018-05-15_23:13:03:808- message sent - id:0 - topic:mqtt-roundtrip-qos1-1KByte-100-cycles_2 - qos:0 - size:1024
2018-05-15_23:13:03:808- message received - id:0 - topic:mqtt-roundtrip-qos1-1KByte-100-cycles - qos:0 - size:1024
2018-05-15_23:13:03:808- message sent - id:0 - topic:mqtt-roundtrip-qos1-1KByte-100-cycles_2 - qos:0 - size:1024
2018-05-15_23:13:03:808- message received - id:0 - topic:mqtt-roundtrip-qos1-1KByte-100-cycles - qos:0 - size:1024
2018-05-15_23:13:03:808- message sent - id:0 - topic:mqtt-roundtrip-qos1-1KByte-100-cycles_2 - qos:0 - size:1024
2018-05-15_23:13:03:809- message received - id:0 - topic:mqtt-roundtrip-qos1-1KByte-100-cycles - qos:0 - size:1024
2018-05-15_23:13:03:809- message sent - id:0 - topic:mqtt-roundtrip-qos1-1KByte-100-cycles_2 - qos:0 - size:1024
2018-05-15_23:13:03:809- message received - id:0 - topic:mqtt-roundtrip-qos1-1KByte-100-cycles - qos:0 - size:1024
2018-05-15_23:13:03:810- message sent - id:0 - topic:mqtt-roundtrip-qos1-1KByte-100-cycles_2 - qos:0 - size:1024
2018-05-15_23:13:03:810- message received - id:0 - topic:mqtt-roundtrip-qos1-1KByte-100-cycles - qos:0 - size:1024
2018-05-15_23:13:03:810- message sent - id:0 - topic:mqtt-roundtrip-qos1-1KByte-100-cycles_2 - qos:0 - size:1024
2018-05-15_23:13:03:811- message received - id:0 - topic:mqtt-roundtrip-qos1-1KByte-100-cycles - qos:0 - size:1024
2018-05-15_23:13:03:811- message sent - id:0 - topic:mqtt-roundtrip-qos1-1KByte-100-cycles_2 - qos:0 - size:1024
2018-05-15_23:13:03:811- message received - id:0 - topic:mqtt-roundtrip-qos1-1KByte-100-cycles - qos:0 - size:1024
2018-05-15_23:13:03:811- message sent - id:0 - topic:mqtt-roundtrip-qos1-1KByte-100-cycles_2 - qos:0 - size:1024
2018-05-15_23:13:03:812- message received - id:0 - topic:mqtt-roundtrip-qos1-1KByte-100-cycles - qos:0 - size:1024
2018-05-15_23:13:03:812- message sent - id:0 - topic:mqtt-roundtrip-qos1-1KByte-100-cycles_2 - qos:0 - size:1024
2018-05-15_23:13:03:812- message received - id:0 - topic:mqtt-roundtrip-qos1-1KByte-100-cycles - qos:0 - size:1024
2018-05-15_23:13:03:812- message sent - id:0 - topic:mqtt-roundtrip-qos1-1KByte-100-cycles_2 - qos:0 - size:1024
2018-05-15_23:13:03:813- message received - id:0 - topic:mqtt-roundtrip-qos1-1KByte-100-cycles - qos:0 - size:1024
2018-05-15_23:13:03:813- message sent - id:0 - topic:mqtt-roundtrip-qos1-1KByte-100-cycles_2 - qos:0 - size:1024
2018-05-15_23:13:03:813- message received - id:0 - topic:mqtt-roundtrip-qos1-1KByte-100-cycles - qos:0 - size:1024
2018-05-15_23:13:03:813- message sent - id:0 - topic:mqtt-roundtrip-qos1-1KByte-100-cycles_2 - qos:0 - size:1024
2018-05-15_23:13:03:814- message received - id:0 - topic:mqtt-roundtrip-qos1-1KByte-100-cycles - qos:0 - size:1024
2018-05-15_23:13:03:814- message sent - id:0 - topic:mqtt-roundtrip-qos1-1KByte-100-cycles_2 - qos:0 - size:1024
2018-05-15_23:13:03:814- message received - id:0 - topic:mqtt-roundtrip-qos1-1KByte-100-cycles - qos:0 - size:1024
2018-05-15_23:13:03:815- message sent - id:0 - topic:mqtt-roundtrip-qos1-1KByte-100-cycles_2 - qos:0 - size:1024
2018-05-15_23:13:03:815- message received - id:0 - topic:mqtt-roundtrip-qos1-1KByte-100-cycles - qos:0 - size:1024
2018-05-15_23:13:03:815- message sent - id:0 - topic:mqtt-roundtrip-qos1-1KByte-100-cycles_2 - qos:0 - size:1024
2018-05-15_23:13:03:815- message received - id:0 - topic:mqtt-roundtrip-qos1-1KByte-100-cycles - qos:0 - size:1024
2018-05-15_23:13:03:816- message sent - id:0 - topic:mqtt-roundtrip-qos1-1KByte-100-cycles_2 - qos:0 - size:1024
2018-05-15_23:13:03:816- message received - id:0 - topic:mqtt-roundtrip-qos1-1KByte-100-cycles - qos:0 - size:1024
2018-05-15_23:13:03:816- message sent - id:0 - topic:mqtt-roundtrip-qos1-1KByte-100-cycles_2 - qos:0 - size:1024
2018-05-15_23:13:03:816- message received - id:0 - topic:mqtt-roundtrip-qos1-1KByte-100-cycles - qos:0 - size:1024
2018-05-15_23:13:03:817- message sent - id:0 - topic:mqtt-roundtrip-qos1-1KByte-100-cycles_2 - qos:0 - size:1024
2018-05-15_23:13:03:817- message received - id:0 - topic:mqtt-roundtrip-qos1-1KByte-100-cycles - qos:0 - size:1024
2018-05-15_23:13:03:817- message sent - id:0 - topic:mqtt-roundtrip-qos1-1KByte-100-cycles_2 - qos:0 - size:1024
2018-05-15_23:13:03:818- message received - id:0 - topic:mqtt-roundtrip-qos1-1KByte-100-cycles - qos:0 - size:1024
2018-05-15_23:13:03:818- message sent - id:0 - topic:mqtt-roundtrip-qos1-1KByte-100-cycles_2 - qos:0 - size:1024
2018-05-15_23:13:03:819- message received - id:0 - topic:mqtt-roundtrip-qos1-1KByte-100-cycles - qos:0 - size:1024
2018-05-15_23:13:03:819- message sent - id:0 - topic:mqtt-roundtrip-qos1-1KByte-100-cycles_2 - qos:0 - size:1024
2018-05-15_23:13:03:819- message received - id:0 - topic:mqtt-roundtrip-qos1-1KByte-100-cycles - qos:0 - size:1024
2018-05-15_23:13:03:819- message sent - id:0 - topic:mqtt-roundtrip-qos1-1KByte-100-cycles_2 - qos:0 - size:1024
2018-05-15_23:13:03:820- message received - id:0 - topic:mqtt-roundtrip-qos1-1KByte-100-cycles - qos:0 - size:1024
2018-05-15_23:13:03:821- message sent - id:0 - topic:mqtt-roundtrip-qos1-1KByte-100-cycles_2 - qos:0 - size:1024
2018-05-15_23:13:03:821- message received - id:0 - topic:mqtt-roundtrip-qos1-1KByte-100-cycles - qos:0 - size:1024
2018-05-15_23:13:03:821- message sent - id:0 - topic:mqtt-roundtrip-qos1-1KByte-100-cycles_2 - qos:0 - size:1024
2018-05-15_23:13:03:822- message received - id:0 - topic:mqtt-roundtrip-qos1-1KByte-100-cycles - qos:0 - size:1024
2018-05-15_23:13:03:822- message sent - id:0 - topic:mqtt-roundtrip-qos1-1KByte-100-cycles_2 - qos:0 - size:1024
2018-05-15_23:13:03:822- message received - id:0 - topic:mqtt-roundtrip-qos1-1KByte-100-cycles - qos:0 - size:1024
2018-05-15_23:13:03:822- message sent - id:0 - topic:mqtt-roundtrip-qos1-1KByte-100-cycles_2 - qos:0 - size:1024
2018-05-15_23:13:03:823- message received - id:0 - topic:mqtt-roundtrip-qos1-1KByte-100-cycles - qos:0 - size:1024
2018-05-15_23:13:03:823- message sent - id:0 - topic:mqtt-roundtrip-qos1-1KByte-100-cycles_2 - qos:0 - size:1024
2018-05-15_23:13:03:823- message received - id:0 - topic:mqtt-roundtrip-qos1-1KByte-100-cycles - qos:0 - size:1024
2018-05-15_23:13:03:823- message sent - id:0 - topic:mqtt-roundtrip-qos1-1KByte-100-cycles_2 - qos:0 - size:1024
2018-05-15_23:13:03:824- message received - id:0 - topic:mqtt-roundtrip-qos1-1KByte-100-cycles - qos:0 - size:1024
2018-05-15_23:13:03:824- message sent - id:0 - topic:mqtt-roundtrip-qos1-1KByte-100-cycles_2 - qos:0 - size:1024
2018-05-15_23:13:03:824- message received - id:0 - topic:mqtt-roundtrip-qos1-1KByte-100-cycles - qos:0 - size:1024
2018-05-15_23:13:03:824- message sent - id:0 - topic:mqtt-roundtrip-qos1-1KByte-100-cycles_2 - qos:0 - size:1024
2018-05-15_23:13:03:825- message received - id:0 - topic:mqtt-roundtrip-qos1-1KByte-100-cycles - qos:0 - size:1024
2018-05-15_23:13:03:825- message sent - id:0 - topic:mqtt-roundtrip-qos1-1KByte-100-cycles_2 - qos:0 - size:1024
2018-05-15_23:13:03:826- message received - id:0 - topic:mqtt-roundtrip-qos1-1KByte-100-cycles - qos:0 - size:1024
2018-05-15_23:13:03:826- message sent - id:0 - topic:mqtt-roundtrip-qos1-1KByte-100-cycles_2 - qos:0 - size:1024
2018-05-15_23:13:03:826- message received - id:0 - topic:mqtt-roundtrip-qos1-1KByte-100-cycles - qos:0 - size:1024
2018-05-15_23:13:03:827- message sent - id:0 - topic:mqtt-roundtrip-qos1-1KByte-100-cycles_2 - qos:0 - size:1024
2018-05-15_23:13:03:827- message received - id:0 - topic:mqtt-roundtrip-qos1-1KByte-100-cycles - qos:0 - size:1024
2018-05-15_23:13:03:827- message sent - id:0 - topic:mqtt-roundtrip-qos1-1KByte-100-cycles_2 - qos:0 - size:1024
2018-05-15_23:13:03:828- message received - id:0 - topic:mqtt-roundtrip-qos1-1KByte-100-cycles - qos:0 - size:1024
2018-05-15_23:13:03:828- message sent - id:0 - topic:mqtt-roundtrip-qos1-1KByte-100-cycles_2 - qos:0 - size:1024
2018-05-15_23:13:03:828- message received - id:0 - topic:mqtt-roundtrip-qos1-1KByte-100-cycles - qos:0 - size:1024
2018-05-15_23:13:03:828- message sent - id:0 - topic:mqtt-roundtrip-qos1-1KByte-100-cycles_2 - qos:0 - size:1024
2018-05-15_23:13:03:829- message received - id:0 - topic:mqtt-roundtrip-qos1-1KByte-100-cycles - qos:0 - size:1024
2018-05-15_23:13:03:829- message sent - id:0 - topic:mqtt-roundtrip-qos1-1KByte-100-cycles_2 - qos:0 - size:1024
2018-05-15_23:13:03:829- message received - id:0 - topic:mqtt-roundtrip-qos1-1KByte-100-cycles - qos:0 - size:1024
2018-05-15_23:13:03:829- message sent - id:0 - topic:mqtt-roundtrip-qos1-1KByte-100-cycles_2 - qos:0 - size:1024
2018-05-15_23:13:03:830- message received - id:0 - topic:mqtt-roundtrip-qos1-1KByte-100-cycles - qos:0 - size:1024
2018-05-15_23:13:03:830- message sent - id:0 - topic:mqtt-roundtrip-qos1-1KByte-100-cycles_2 - qos:0 - size:1024
2018-05-15_23:13:03:830- message received - id:0 - topic:mqtt-roundtrip-qos1-1KByte-100-cycles - qos:0 - size:1024
2018-05-15_23:13:03:830- message sent - id:0 - topic:mqtt-roundtrip-qos1-1KByte-100-cycles_2 - qos:0 - size:1024
2018-05-15_23:13:03:831- message received - id:0 - topic:mqtt-roundtrip-qos1-1KByte-100-cycles - qos:0 - size:1024
2018-05-15_23:13:03:831- message sent - id:0 - topic:mqtt-roundtrip-qos1-1KByte-100-cycles_2 - qos:0 - size:1024
2018-05-15_23:13:03:831- message received - id:0 - topic:mqtt-roundtrip-qos1-1KByte-100-cycles - qos:0 - size:1024
2018-05-15_23:13:03:831- message sent - id:0 - topic:mqtt-roundtrip-qos1-1KByte-100-cycles_2 - qos:0 - size:1024
2018-05-15_23:13:03:832- message received - id:0 - topic:mqtt-roundtrip-qos1-1KByte-100-cycles - qos:0 - size:1024
2018-05-15_23:13:03:832- message sent - id:0 - topic:mqtt-roundtrip-qos1-1KByte-100-cycles_2 - qos:0 - size:1024
2018-05-15_23:13:03:832- message received - id:0 - topic:mqtt-roundtrip-qos1-1KByte-100-cycles - qos:0 - size:1024
2018-05-15_23:13:03:832- message sent - id:0 - topic:mqtt-roundtrip-qos1-1KByte-100-cycles_2 - qos:0 - size:1024
2018-05-15_23:13:03:833- message received - id:0 - topic:mqtt-roundtrip-qos1-1KByte-100-cycles - qos:0 - size:1024
2018-05-15_23:13:03:833- message sent - id:0 - topic:mqtt-roundtrip-qos1-1KByte-100-cycles_2 - qos:0 - size:1024
2018-05-15_23:13:03:833- message received - id:0 - topic:mqtt-roundtrip-qos1-1KByte-100-cycles - qos:0 - size:1024
2018-05-15_23:13:03:834- message sent - id:0 - topic:mqtt-roundtrip-qos1-1KByte-100-cycles_2 - qos:0 - size:1024
2018-05-15_23:13:03:834- message received - id:0 - topic:mqtt-roundtrip-qos1-1KByte-100-cycles - qos:0 - size:1024
2018-05-15_23:13:03:834- message sent - id:0 - topic:mqtt-roundtrip-qos1-1KByte-100-cycles_2 - qos:0 - size:1024
2018-05-15_23:13:03:834- message received - id:0 - topic:mqtt-roundtrip-qos1-1KByte-100-cycles - qos:0 - size:1024
2018-05-15_23:13:03:835- message sent - id:0 - topic:mqtt-roundtrip-qos1-1KByte-100-cycles_2 - qos:0 - size:1024
2018-05-15_23:13:03:835- message received - id:0 - topic:mqtt-roundtrip-qos1-1KByte-100-cycles - qos:0 - size:1024
2018-05-15_23:13:03:835- message sent - id:0 - topic:mqtt-roundtrip-qos1-1KByte-100-cycles_2 - qos:0 - size:1024
2018-05-15_23:13:03:835- message received - id:0 - topic:mqtt-roundtrip-qos1-1KByte-100-cycles - qos:0 - size:1024
2018-05-15_23:13:03:836- message sent - id:0 - topic:mqtt-roundtrip-qos1-1KByte-100-cycles_2 - qos:0 - size:1024
2018-05-15_23:13:03:836- message received - id:0 - topic:mqtt-roundtrip-qos1-1KByte-100-cycles - qos:0 - size:1024
2018-05-15_23:13:03:836- message sent - id:0 - topic:mqtt-roundtrip-qos1-1KByte-100-cycles_2 - qos:0 - size:1024
2018-05-15_23:13:03:836- message received - id:0 - topic:mqtt-roundtrip-qos1-1KByte-100-cycles - qos:0 - size:1024
2018-05-15_23:13:03:837- message sent - id:0 - topic:mqtt-roundtrip-qos1-1KByte-100-cycles_2 - qos:0 - size:1024
2018-05-15_23:13:03:837- message received - id:0 - topic:mqtt-roundtrip-qos1-1KByte-100-cycles - qos:0 - size:1024
2018-05-15_23:13:03:837- message sent - id:0 - topic:mqtt-roundtrip-qos1-1KByte-100-cycles_2 - qos:0 - size:1024
2018-05-15_23:13:03:837- message received - id:0 - topic:mqtt-roundtrip-qos1-1KByte-100-cycles - qos:0 - size:1024
2018-05-15_23:13:03:837- message sent - id:0 - topic:mqtt-roundtrip-qos1-1KByte-100-cycles_2 - qos:0 - size:1024
2018-05-15_23:13:03:838- message received - id:0 - topic:mqtt-roundtrip-qos1-1KByte-100-cycles - qos:0 - size:1024
2018-05-15_23:13:03:838- message sent - id:0 - topic:mqtt-roundtrip-qos1-1KByte-100-cycles_2 - qos:0 - size:1024
2018-05-15_23:13:03:838- message received - id:0 - topic:mqtt-roundtrip-qos1-1KByte-100-cycles - qos:0 - size:1024
2018-05-15_23:13:03:838- message sent - id:0 - topic:mqtt-roundtrip-qos1-1KByte-100-cycles_2 - qos:0 - size:1024
2018-05-15_23:13:03:839- message received - id:0 - topic:mqtt-roundtrip-qos1-1KByte-100-cycles - qos:0 - size:1024
2018-05-15_23:13:03:839- message sent - id:0 - topic:mqtt-roundtrip-qos1-1KByte-100-cycles_2 - qos:0 - size:1024
2018-05-15_23:13:03:839- message received - id:0 - topic:mqtt-roundtrip-qos1-1KByte-100-cycles - qos:0 - size:1024
2018-05-15_23:13:03:839- message sent - id:0 - topic:mqtt-roundtrip-qos1-1KByte-100-cycles_2 - qos:0 - size:1024
2018-05-15_23:13:03:840- message received - id:0 - topic:mqtt-roundtrip-qos1-1KByte-100-cycles - qos:0 - size:1024
2018-05-15_23:13:03:840- message sent - id:0 - topic:mqtt-roundtrip-qos1-1KByte-100-cycles_2 - qos:0 - size:1024
2018-05-15_23:13:03:840- message received - id:0 - topic:mqtt-roundtrip-qos1-1KByte-100-cycles - qos:0 - size:1024
2018-05-15_23:13:03:840- message sent - id:0 - topic:mqtt-roundtrip-qos1-1KByte-100-cycles_2 - qos:0 - size:1024
2018-05-15_23:13:03:841- message received - id:0 - topic:mqtt-roundtrip-qos1-1KByte-100-cycles - qos:0 - size:1024
2018-05-15_23:13:03:841- message sent - id:0 - topic:mqtt-roundtrip-qos1-1KByte-100-cycles_2 - qos:0 - size:1024
2018-05-15_23:13:03:841- message received - id:0 - topic:mqtt-roundtrip-qos1-1KByte-100-cycles - qos:0 - size:1024
2018-05-15_23:13:03:841- message sent - id:0 - topic:mqtt-roundtrip-qos1-1KByte-100-cycles_2 - qos:0 - size:1024
2018-05-15_23:13:03:841- message received - id:0 - topic:mqtt-roundtrip-qos1-1KByte-100-cycles - qos:0 - size:1024
2018-05-15_23:13:03:842- message sent - id:0 - topic:mqtt-roundtrip-qos1-1KByte-100-cycles_2 - qos:0 - size:1024
2018-05-15_23:13:03:842- message received - id:0 - topic:mqtt-roundtrip-qos1-1KByte-100-cycles - qos:0 - size:1024
2018-05-15_23:13:03:842- message sent - id:0 - topic:mqtt-roundtrip-qos1-1KByte-100-cycles_2 - qos:0 - size:1024
2018-05-15_23:13:03:842- message received - id:0 - topic:mqtt-roundtrip-qos1-1KByte-100-cycles - qos:0 - size:1024
2018-05-15_23:13:03:843- message sent - id:0 - topic:mqtt-roundtrip-qos1-1KByte-100-cycles_2 - qos:0 - size:1024
2018-05-15_23:13:03:843- message received - id:0 - topic:mqtt-roundtrip-qos1-1KByte-100-cycles - qos:0 - size:1024
2018-05-15_23:13:03:843- message sent - id:0 - topic:mqtt-roundtrip-qos1-1KByte-100-cycles_2 - qos:0 - size:1024
2018-05-15_23:13:03:843- message received - id:0 - topic:mqtt-roundtrip-qos1-1KByte-100-cycles - qos:0 - size:1024
2018-05-15_23:13:03:843- message sent - id:0 - topic:mqtt-roundtrip-qos1-1KByte-100-cycles_2 - qos:0 - size:1024
2018-05-15_23:13:03:844- message received - id:0 - topic:mqtt-roundtrip-qos1-1KByte-100-cycles - qos:0 - size:1024
2018-05-15_23:13:03:844- message sent - id:0 - topic:mqtt-roundtrip-qos1-1KByte-100-cycles_2 - qos:0 - size:1024
2018-05-15_23:13:03:844- message received - id:0 - topic:mqtt-roundtrip-qos1-1KByte-100-cycles - qos:0 - size:1024
2018-05-15_23:13:03:844- message sent - id:0 - topic:mqtt-roundtrip-qos1-1KByte-100-cycles_2 - qos:0 - size:1024
