2018-05-15_22:50:36:317- connecting to broker 192.168.1.100:1883
2018-05-15_22:50:36:318- Subscribing to topicmqtt-roundtrip-qos1-1Byte-10-cycles
2018-05-15_22:50:36:318- subscribe returned (0, 1)
2018-05-15_22:50:36:319- Client connected to broker
2018-05-15_22:50:48:528- message received - id:0 - topic:mqtt-roundtrip-qos1-1Byte-10-cycles - qos:0 - size:1
2018-05-15_22:50:48:529- message sent - id:0 - topic:mqtt-roundtrip-qos1-1Byte-10-cycles_2 - qos:0 - size:1
2018-05-15_22:50:48:529- message received - id:0 - topic:mqtt-roundtrip-qos1-1Byte-10-cycles - qos:0 - size:1
2018-05-15_22:50:48:529- message sent - id:0 - topic:mqtt-roundtrip-qos1-1Byte-10-cycles_2 - qos:0 - size:1
2018-05-15_22:50:48:530- message received - id:0 - topic:mqtt-roundtrip-qos1-1Byte-10-cycles - qos:0 - size:1
2018-05-15_22:50:48:530- message sent - id:0 - topic:mqtt-roundtrip-qos1-1Byte-10-cycles_2 - qos:0 - size:1
2018-05-15_22:50:48:531- message received - id:0 - topic:mqtt-roundtrip-qos1-1Byte-10-cycles - qos:0 - size:1
2018-05-15_22:50:48:531- message sent - id:0 - topic:mqtt-roundtrip-qos1-1Byte-10-cycles_2 - qos:0 - size:1
2018-05-15_22:50:48:532- message received - id:0 - topic:mqtt-roundtrip-qos1-1Byte-10-cycles - qos:0 - size:1
2018-05-15_22:50:48:532- message sent - id:0 - topic:mqtt-roundtrip-qos1-1Byte-10-cycles_2 - qos:0 - size:1
2018-05-15_22:50:48:533- message received - id:0 - topic:mqtt-roundtrip-qos1-1Byte-10-cycles - qos:0 - size:1
2018-05-15_22:50:48:533- message sent - id:0 - topic:mqtt-roundtrip-qos1-1Byte-10-cycles_2 - qos:0 - size:1
2018-05-15_22:50:48:534- message received - id:0 - topic:mqtt-roundtrip-qos1-1Byte-10-cycles - qos:0 - size:1
2018-05-15_22:50:48:534- message sent - id:0 - topic:mqtt-roundtrip-qos1-1Byte-10-cycles_2 - qos:0 - size:1
2018-05-15_22:50:48:535- message received - id:0 - topic:mqtt-roundtrip-qos1-1Byte-10-cycles - qos:0 - size:1
2018-05-15_22:50:48:535- message sent - id:0 - topic:mqtt-roundtrip-qos1-1Byte-10-cycles_2 - qos:0 - size:1
2018-05-15_22:50:48:536- message received - id:0 - topic:mqtt-roundtrip-qos1-1Byte-10-cycles - qos:0 - size:1
2018-05-15_22:50:48:536- message sent - id:0 - topic:mqtt-roundtrip-qos1-1Byte-10-cycles_2 - qos:0 - size:1
2018-05-15_22:50:48:536- message received - id:0 - topic:mqtt-roundtrip-qos1-1Byte-10-cycles - qos:0 - size:1
2018-05-15_22:50:48:537- message sent - id:0 - topic:mqtt-roundtrip-qos1-1Byte-10-cycles_2 - qos:0 - size:1
