2018-05-15_23:19:00:811- connecting to broker 192.168.1.100:1883
2018-05-15_23:19:00:812- Subscribing to topicmqtt-roundtrip-qos1-100KByte-100-cycles
2018-05-15_23:19:00:813- subscribe returned (0, 1)
2018-05-15_23:19:00:813- Client connected to broker
2018-05-15_23:19:02:012- message received - id:0 - topic:mqtt-roundtrip-qos1-100KByte-100-cycles - qos:0 - size:102400
2018-05-15_23:19:02:012- message sent - id:0 - topic:mqtt-roundtrip-qos1-100KByte-100-cycles_2 - qos:0 - size:102400
2018-05-15_23:19:02:025- message received - id:0 - topic:mqtt-roundtrip-qos1-100KByte-100-cycles - qos:0 - size:102400
2018-05-15_23:19:02:025- message sent - id:0 - topic:mqtt-roundtrip-qos1-100KByte-100-cycles_2 - qos:0 - size:102400
2018-05-15_23:19:02:041- message received - id:0 - topic:mqtt-roundtrip-qos1-100KByte-100-cycles - qos:0 - size:102400
2018-05-15_23:19:02:041- message sent - id:0 - topic:mqtt-roundtrip-qos1-100KByte-100-cycles_2 - qos:0 - size:102400
2018-05-15_23:19:02:064- message received - id:0 - topic:mqtt-roundtrip-qos1-100KByte-100-cycles - qos:0 - size:102400
2018-05-15_23:19:02:065- message sent - id:0 - topic:mqtt-roundtrip-qos1-100KByte-100-cycles_2 - qos:0 - size:102400
2018-05-15_23:19:02:090- message received - id:0 - topic:mqtt-roundtrip-qos1-100KByte-100-cycles - qos:0 - size:102400
2018-05-15_23:19:02:090- message sent - id:0 - topic:mqtt-roundtrip-qos1-100KByte-100-cycles_2 - qos:0 - size:102400
2018-05-15_23:19:02:114- message received - id:0 - topic:mqtt-roundtrip-qos1-100KByte-100-cycles - qos:0 - size:102400
2018-05-15_23:19:02:115- message sent - id:0 - topic:mqtt-roundtrip-qos1-100KByte-100-cycles_2 - qos:0 - size:102400
2018-05-15_23:19:02:128- message received - id:0 - topic:mqtt-roundtrip-qos1-100KByte-100-cycles - qos:0 - size:102400
2018-05-15_23:19:02:129- message sent - id:0 - topic:mqtt-roundtrip-qos1-100KByte-100-cycles_2 - qos:0 - size:102400
2018-05-15_23:19:02:145- message received - id:0 - topic:mqtt-roundtrip-qos1-100KByte-100-cycles - qos:0 - size:102400
2018-05-15_23:19:02:145- message sent - id:0 - topic:mqtt-roundtrip-qos1-100KByte-100-cycles_2 - qos:0 - size:102400
2018-05-15_23:19:02:161- message received - id:0 - topic:mqtt-roundtrip-qos1-100KByte-100-cycles - qos:0 - size:102400
2018-05-15_23:19:02:162- message sent - id:0 - topic:mqtt-roundtrip-qos1-100KByte-100-cycles_2 - qos:0 - size:102400
2018-05-15_23:19:02:178- message received - id:0 - topic:mqtt-roundtrip-qos1-100KByte-100-cycles - qos:0 - size:102400
2018-05-15_23:19:02:178- message sent - id:0 - topic:mqtt-roundtrip-qos1-100KByte-100-cycles_2 - qos:0 - size:102400
2018-05-15_23:19:02:195- message received - id:0 - topic:mqtt-roundtrip-qos1-100KByte-100-cycles - qos:0 - size:102400
2018-05-15_23:19:02:195- message sent - id:0 - topic:mqtt-roundtrip-qos1-100KByte-100-cycles_2 - qos:0 - size:102400
2018-05-15_23:19:02:213- message received - id:0 - topic:mqtt-roundtrip-qos1-100KByte-100-cycles - qos:0 - size:102400
2018-05-15_23:19:02:213- message sent - id:0 - topic:mqtt-roundtrip-qos1-100KByte-100-cycles_2 - qos:0 - size:102400
2018-05-15_23:19:02:230- message received - id:0 - topic:mqtt-roundtrip-qos1-100KByte-100-cycles - qos:0 - size:102400
2018-05-15_23:19:02:230- message sent - id:0 - topic:mqtt-roundtrip-qos1-100KByte-100-cycles_2 - qos:0 - size:102400
2018-05-15_23:19:02:247- message received - id:0 - topic:mqtt-roundtrip-qos1-100KByte-100-cycles - qos:0 - size:102400
2018-05-15_23:19:02:247- message sent - id:0 - topic:mqtt-roundtrip-qos1-100KByte-100-cycles_2 - qos:0 - size:102400
2018-05-15_23:19:02:264- message received - id:0 - topic:mqtt-roundtrip-qos1-100KByte-100-cycles - qos:0 - size:102400
2018-05-15_23:19:02:264- message sent - id:0 - topic:mqtt-roundtrip-qos1-100KByte-100-cycles_2 - qos:0 - size:102400
2018-05-15_23:19:02:281- message received - id:0 - topic:mqtt-roundtrip-qos1-100KByte-100-cycles - qos:0 - size:102400
2018-05-15_23:19:02:282- message sent - id:0 - topic:mqtt-roundtrip-qos1-100KByte-100-cycles_2 - qos:0 - size:102400
2018-05-15_23:19:02:299- message received - id:0 - topic:mqtt-roundtrip-qos1-100KByte-100-cycles - qos:0 - size:102400
2018-05-15_23:19:02:299- message sent - id:0 - topic:mqtt-roundtrip-qos1-100KByte-100-cycles_2 - qos:0 - size:102400
2018-05-15_23:19:02:315- message received - id:0 - topic:mqtt-roundtrip-qos1-100KByte-100-cycles - qos:0 - size:102400
2018-05-15_23:19:02:315- message sent - id:0 - topic:mqtt-roundtrip-qos1-100KByte-100-cycles_2 - qos:0 - size:102400
2018-05-15_23:19:02:333- message received - id:0 - topic:mqtt-roundtrip-qos1-100KByte-100-cycles - qos:0 - size:102400
2018-05-15_23:19:02:333- message sent - id:0 - topic:mqtt-roundtrip-qos1-100KByte-100-cycles_2 - qos:0 - size:102400
2018-05-15_23:19:02:350- message received - id:0 - topic:mqtt-roundtrip-qos1-100KByte-100-cycles - qos:0 - size:102400
2018-05-15_23:19:02:350- message sent - id:0 - topic:mqtt-roundtrip-qos1-100KByte-100-cycles_2 - qos:0 - size:102400
2018-05-15_23:19:02:367- message received - id:0 - topic:mqtt-roundtrip-qos1-100KByte-100-cycles - qos:0 - size:102400
2018-05-15_23:19:02:367- message sent - id:0 - topic:mqtt-roundtrip-qos1-100KByte-100-cycles_2 - qos:0 - size:102400
2018-05-15_23:19:02:384- message received - id:0 - topic:mqtt-roundtrip-qos1-100KByte-100-cycles - qos:0 - size:102400
2018-05-15_23:19:02:384- message sent - id:0 - topic:mqtt-roundtrip-qos1-100KByte-100-cycles_2 - qos:0 - size:102400
2018-05-15_23:19:02:403- message received - id:0 - topic:mqtt-roundtrip-qos1-100KByte-100-cycles - qos:0 - size:102400
2018-05-15_23:19:02:403- message sent - id:0 - topic:mqtt-roundtrip-qos1-100KByte-100-cycles_2 - qos:0 - size:102400
2018-05-15_23:19:02:420- message received - id:0 - topic:mqtt-roundtrip-qos1-100KByte-100-cycles - qos:0 - size:102400
2018-05-15_23:19:02:420- message sent - id:0 - topic:mqtt-roundtrip-qos1-100KByte-100-cycles_2 - qos:0 - size:102400
2018-05-15_23:19:02:438- message received - id:0 - topic:mqtt-roundtrip-qos1-100KByte-100-cycles - qos:0 - size:102400
2018-05-15_23:19:02:438- message sent - id:0 - topic:mqtt-roundtrip-qos1-100KByte-100-cycles_2 - qos:0 - size:102400
2018-05-15_23:19:02:454- message received - id:0 - topic:mqtt-roundtrip-qos1-100KByte-100-cycles - qos:0 - size:102400
2018-05-15_23:19:02:454- message sent - id:0 - topic:mqtt-roundtrip-qos1-100KByte-100-cycles_2 - qos:0 - size:102400
2018-05-15_23:19:02:472- message received - id:0 - topic:mqtt-roundtrip-qos1-100KByte-100-cycles - qos:0 - size:102400
2018-05-15_23:19:02:472- message sent - id:0 - topic:mqtt-roundtrip-qos1-100KByte-100-cycles_2 - qos:0 - size:102400
2018-05-15_23:19:02:488- message received - id:0 - topic:mqtt-roundtrip-qos1-100KByte-100-cycles - qos:0 - size:102400
2018-05-15_23:19:02:489- message sent - id:0 - topic:mqtt-roundtrip-qos1-100KByte-100-cycles_2 - qos:0 - size:102400
2018-05-15_23:19:02:505- message received - id:0 - topic:mqtt-roundtrip-qos1-100KByte-100-cycles - qos:0 - size:102400
2018-05-15_23:19:02:506- message sent - id:0 - topic:mqtt-roundtrip-qos1-100KByte-100-cycles_2 - qos:0 - size:102400
2018-05-15_23:19:02:522- message received - id:0 - topic:mqtt-roundtrip-qos1-100KByte-100-cycles - qos:0 - size:102400
2018-05-15_23:19:02:523- message sent - id:0 - topic:mqtt-roundtrip-qos1-100KByte-100-cycles_2 - qos:0 - size:102400
2018-05-15_23:19:02:539- message received - id:0 - topic:mqtt-roundtrip-qos1-100KByte-100-cycles - qos:0 - size:102400
2018-05-15_23:19:02:540- message sent - id:0 - topic:mqtt-roundtrip-qos1-100KByte-100-cycles_2 - qos:0 - size:102400
2018-05-15_23:19:02:556- message received - id:0 - topic:mqtt-roundtrip-qos1-100KByte-100-cycles - qos:0 - size:102400
2018-05-15_23:19:02:557- message sent - id:0 - topic:mqtt-roundtrip-qos1-100KByte-100-cycles_2 - qos:0 - size:102400
2018-05-15_23:19:02:573- message received - id:0 - topic:mqtt-roundtrip-qos1-100KByte-100-cycles - qos:0 - size:102400
2018-05-15_23:19:02:574- message sent - id:0 - topic:mqtt-roundtrip-qos1-100KByte-100-cycles_2 - qos:0 - size:102400
2018-05-15_23:19:02:591- message received - id:0 - topic:mqtt-roundtrip-qos1-100KByte-100-cycles - qos:0 - size:102400
2018-05-15_23:19:02:591- message sent - id:0 - topic:mqtt-roundtrip-qos1-100KByte-100-cycles_2 - qos:0 - size:102400
2018-05-15_23:19:02:607- message received - id:0 - topic:mqtt-roundtrip-qos1-100KByte-100-cycles - qos:0 - size:102400
2018-05-15_23:19:02:608- message sent - id:0 - topic:mqtt-roundtrip-qos1-100KByte-100-cycles_2 - qos:0 - size:102400
2018-05-15_23:19:02:624- message received - id:0 - topic:mqtt-roundtrip-qos1-100KByte-100-cycles - qos:0 - size:102400
2018-05-15_23:19:02:625- message sent - id:0 - topic:mqtt-roundtrip-qos1-100KByte-100-cycles_2 - qos:0 - size:102400
2018-05-15_23:19:02:643- message received - id:0 - topic:mqtt-roundtrip-qos1-100KByte-100-cycles - qos:0 - size:102400
2018-05-15_23:19:02:644- message sent - id:0 - topic:mqtt-roundtrip-qos1-100KByte-100-cycles_2 - qos:0 - size:102400
2018-05-15_23:19:02:659- message received - id:0 - topic:mqtt-roundtrip-qos1-100KByte-100-cycles - qos:0 - size:102400
2018-05-15_23:19:02:659- message sent - id:0 - topic:mqtt-roundtrip-qos1-100KByte-100-cycles_2 - qos:0 - size:102400
2018-05-15_23:19:02:675- message received - id:0 - topic:mqtt-roundtrip-qos1-100KByte-100-cycles - qos:0 - size:102400
2018-05-15_23:19:02:675- message sent - id:0 - topic:mqtt-roundtrip-qos1-100KByte-100-cycles_2 - qos:0 - size:102400
2018-05-15_23:19:02:693- message received - id:0 - topic:mqtt-roundtrip-qos1-100KByte-100-cycles - qos:0 - size:102400
2018-05-15_23:19:02:693- message sent - id:0 - topic:mqtt-roundtrip-qos1-100KByte-100-cycles_2 - qos:0 - size:102400
2018-05-15_23:19:02:709- message received - id:0 - topic:mqtt-roundtrip-qos1-100KByte-100-cycles - qos:0 - size:102400
2018-05-15_23:19:02:709- message sent - id:0 - topic:mqtt-roundtrip-qos1-100KByte-100-cycles_2 - qos:0 - size:102400
2018-05-15_23:19:02:726- message received - id:0 - topic:mqtt-roundtrip-qos1-100KByte-100-cycles - qos:0 - size:102400
2018-05-15_23:19:02:726- message sent - id:0 - topic:mqtt-roundtrip-qos1-100KByte-100-cycles_2 - qos:0 - size:102400
2018-05-15_23:19:02:744- message received - id:0 - topic:mqtt-roundtrip-qos1-100KByte-100-cycles - qos:0 - size:102400
2018-05-15_23:19:02:744- message sent - id:0 - topic:mqtt-roundtrip-qos1-100KByte-100-cycles_2 - qos:0 - size:102400
2018-05-15_23:19:02:760- message received - id:0 - topic:mqtt-roundtrip-qos1-100KByte-100-cycles - qos:0 - size:102400
2018-05-15_23:19:02:760- message sent - id:0 - topic:mqtt-roundtrip-qos1-100KByte-100-cycles_2 - qos:0 - size:102400
2018-05-15_23:19:02:777- message received - id:0 - topic:mqtt-roundtrip-qos1-100KByte-100-cycles - qos:0 - size:102400
2018-05-15_23:19:02:777- message sent - id:0 - topic:mqtt-roundtrip-qos1-100KByte-100-cycles_2 - qos:0 - size:102400
2018-05-15_23:19:02:794- message received - id:0 - topic:mqtt-roundtrip-qos1-100KByte-100-cycles - qos:0 - size:102400
2018-05-15_23:19:02:794- message sent - id:0 - topic:mqtt-roundtrip-qos1-100KByte-100-cycles_2 - qos:0 - size:102400
2018-05-15_23:19:02:809- message received - id:0 - topic:mqtt-roundtrip-qos1-100KByte-100-cycles - qos:0 - size:102400
2018-05-15_23:19:02:809- message sent - id:0 - topic:mqtt-roundtrip-qos1-100KByte-100-cycles_2 - qos:0 - size:102400
2018-05-15_23:19:02:825- message received - id:0 - topic:mqtt-roundtrip-qos1-100KByte-100-cycles - qos:0 - size:102400
2018-05-15_23:19:02:825- message sent - id:0 - topic:mqtt-roundtrip-qos1-100KByte-100-cycles_2 - qos:0 - size:102400
2018-05-15_23:19:02:840- message received - id:0 - topic:mqtt-roundtrip-qos1-100KByte-100-cycles - qos:0 - size:102400
2018-05-15_23:19:02:840- message sent - id:0 - topic:mqtt-roundtrip-qos1-100KByte-100-cycles_2 - qos:0 - size:102400
2018-05-15_23:19:02:855- message received - id:0 - topic:mqtt-roundtrip-qos1-100KByte-100-cycles - qos:0 - size:102400
2018-05-15_23:19:02:856- message sent - id:0 - topic:mqtt-roundtrip-qos1-100KByte-100-cycles_2 - qos:0 - size:102400
2018-05-15_23:19:02:873- message received - id:0 - topic:mqtt-roundtrip-qos1-100KByte-100-cycles - qos:0 - size:102400
2018-05-15_23:19:02:873- message sent - id:0 - topic:mqtt-roundtrip-qos1-100KByte-100-cycles_2 - qos:0 - size:102400
2018-05-15_23:19:02:889- message received - id:0 - topic:mqtt-roundtrip-qos1-100KByte-100-cycles - qos:0 - size:102400
2018-05-15_23:19:02:890- message sent - id:0 - topic:mqtt-roundtrip-qos1-100KByte-100-cycles_2 - qos:0 - size:102400
2018-05-15_23:19:02:906- message received - id:0 - topic:mqtt-roundtrip-qos1-100KByte-100-cycles - qos:0 - size:102400
2018-05-15_23:19:02:907- message sent - id:0 - topic:mqtt-roundtrip-qos1-100KByte-100-cycles_2 - qos:0 - size:102400
2018-05-15_23:19:02:924- message received - id:0 - topic:mqtt-roundtrip-qos1-100KByte-100-cycles - qos:0 - size:102400
2018-05-15_23:19:02:924- message sent - id:0 - topic:mqtt-roundtrip-qos1-100KByte-100-cycles_2 - qos:0 - size:102400
2018-05-15_23:19:02:941- message received - id:0 - topic:mqtt-roundtrip-qos1-100KByte-100-cycles - qos:0 - size:102400
2018-05-15_23:19:02:941- message sent - id:0 - topic:mqtt-roundtrip-qos1-100KByte-100-cycles_2 - qos:0 - size:102400
2018-05-15_23:19:02:956- message received - id:0 - topic:mqtt-roundtrip-qos1-100KByte-100-cycles - qos:0 - size:102400
2018-05-15_23:19:02:956- message sent - id:0 - topic:mqtt-roundtrip-qos1-100KByte-100-cycles_2 - qos:0 - size:102400
2018-05-15_23:19:02:970- message received - id:0 - topic:mqtt-roundtrip-qos1-100KByte-100-cycles - qos:0 - size:102400
2018-05-15_23:19:02:971- message sent - id:0 - topic:mqtt-roundtrip-qos1-100KByte-100-cycles_2 - qos:0 - size:102400
2018-05-15_23:19:02:987- message received - id:0 - topic:mqtt-roundtrip-qos1-100KByte-100-cycles - qos:0 - size:102400
2018-05-15_23:19:02:987- message sent - id:0 - topic:mqtt-roundtrip-qos1-100KByte-100-cycles_2 - qos:0 - size:102400
2018-05-15_23:19:03:005- message received - id:0 - topic:mqtt-roundtrip-qos1-100KByte-100-cycles - qos:0 - size:102400
2018-05-15_23:19:03:005- message sent - id:0 - topic:mqtt-roundtrip-qos1-100KByte-100-cycles_2 - qos:0 - size:102400
2018-05-15_23:19:03:022- message received - id:0 - topic:mqtt-roundtrip-qos1-100KByte-100-cycles - qos:0 - size:102400
2018-05-15_23:19:03:022- message sent - id:0 - topic:mqtt-roundtrip-qos1-100KByte-100-cycles_2 - qos:0 - size:102400
2018-05-15_23:19:03:039- message received - id:0 - topic:mqtt-roundtrip-qos1-100KByte-100-cycles - qos:0 - size:102400
2018-05-15_23:19:03:039- message sent - id:0 - topic:mqtt-roundtrip-qos1-100KByte-100-cycles_2 - qos:0 - size:102400
2018-05-15_23:19:03:055- message received - id:0 - topic:mqtt-roundtrip-qos1-100KByte-100-cycles - qos:0 - size:102400
2018-05-15_23:19:03:056- message sent - id:0 - topic:mqtt-roundtrip-qos1-100KByte-100-cycles_2 - qos:0 - size:102400
2018-05-15_23:19:03:072- message received - id:0 - topic:mqtt-roundtrip-qos1-100KByte-100-cycles - qos:0 - size:102400
2018-05-15_23:19:03:072- message sent - id:0 - topic:mqtt-roundtrip-qos1-100KByte-100-cycles_2 - qos:0 - size:102400
2018-05-15_23:19:03:089- message received - id:0 - topic:mqtt-roundtrip-qos1-100KByte-100-cycles - qos:0 - size:102400
2018-05-15_23:19:03:089- message sent - id:0 - topic:mqtt-roundtrip-qos1-100KByte-100-cycles_2 - qos:0 - size:102400
2018-05-15_23:19:03:106- message received - id:0 - topic:mqtt-roundtrip-qos1-100KByte-100-cycles - qos:0 - size:102400
2018-05-15_23:19:03:107- message sent - id:0 - topic:mqtt-roundtrip-qos1-100KByte-100-cycles_2 - qos:0 - size:102400
2018-05-15_23:19:03:123- message received - id:0 - topic:mqtt-roundtrip-qos1-100KByte-100-cycles - qos:0 - size:102400
2018-05-15_23:19:03:124- message sent - id:0 - topic:mqtt-roundtrip-qos1-100KByte-100-cycles_2 - qos:0 - size:102400
2018-05-15_23:19:03:140- message received - id:0 - topic:mqtt-roundtrip-qos1-100KByte-100-cycles - qos:0 - size:102400
2018-05-15_23:19:03:140- message sent - id:0 - topic:mqtt-roundtrip-qos1-100KByte-100-cycles_2 - qos:0 - size:102400
2018-05-15_23:19:03:158- message received - id:0 - topic:mqtt-roundtrip-qos1-100KByte-100-cycles - qos:0 - size:102400
2018-05-15_23:19:03:158- message sent - id:0 - topic:mqtt-roundtrip-qos1-100KByte-100-cycles_2 - qos:0 - size:102400
2018-05-15_23:19:03:174- message received - id:0 - topic:mqtt-roundtrip-qos1-100KByte-100-cycles - qos:0 - size:102400
2018-05-15_23:19:03:174- message sent - id:0 - topic:mqtt-roundtrip-qos1-100KByte-100-cycles_2 - qos:0 - size:102400
2018-05-15_23:19:03:191- message received - id:0 - topic:mqtt-roundtrip-qos1-100KByte-100-cycles - qos:0 - size:102400
2018-05-15_23:19:03:191- message sent - id:0 - topic:mqtt-roundtrip-qos1-100KByte-100-cycles_2 - qos:0 - size:102400
2018-05-15_23:19:03:208- message received - id:0 - topic:mqtt-roundtrip-qos1-100KByte-100-cycles - qos:0 - size:102400
2018-05-15_23:19:03:208- message sent - id:0 - topic:mqtt-roundtrip-qos1-100KByte-100-cycles_2 - qos:0 - size:102400
2018-05-15_23:19:03:224- message received - id:0 - topic:mqtt-roundtrip-qos1-100KByte-100-cycles - qos:0 - size:102400
2018-05-15_23:19:03:225- message sent - id:0 - topic:mqtt-roundtrip-qos1-100KByte-100-cycles_2 - qos:0 - size:102400
2018-05-15_23:19:03:242- message received - id:0 - topic:mqtt-roundtrip-qos1-100KByte-100-cycles - qos:0 - size:102400
2018-05-15_23:19:03:242- message sent - id:0 - topic:mqtt-roundtrip-qos1-100KByte-100-cycles_2 - qos:0 - size:102400
2018-05-15_23:19:03:259- message received - id:0 - topic:mqtt-roundtrip-qos1-100KByte-100-cycles - qos:0 - size:102400
2018-05-15_23:19:03:259- message sent - id:0 - topic:mqtt-roundtrip-qos1-100KByte-100-cycles_2 - qos:0 - size:102400
2018-05-15_23:19:03:276- message received - id:0 - topic:mqtt-roundtrip-qos1-100KByte-100-cycles - qos:0 - size:102400
2018-05-15_23:19:03:277- message sent - id:0 - topic:mqtt-roundtrip-qos1-100KByte-100-cycles_2 - qos:0 - size:102400
2018-05-15_23:19:03:294- message received - id:0 - topic:mqtt-roundtrip-qos1-100KByte-100-cycles - qos:0 - size:102400
2018-05-15_23:19:03:294- message sent - id:0 - topic:mqtt-roundtrip-qos1-100KByte-100-cycles_2 - qos:0 - size:102400
2018-05-15_23:19:03:310- message received - id:0 - topic:mqtt-roundtrip-qos1-100KByte-100-cycles - qos:0 - size:102400
2018-05-15_23:19:03:310- message sent - id:0 - topic:mqtt-roundtrip-qos1-100KByte-100-cycles_2 - qos:0 - size:102400
2018-05-15_23:19:03:327- message received - id:0 - topic:mqtt-roundtrip-qos1-100KByte-100-cycles - qos:0 - size:102400
2018-05-15_23:19:03:327- message sent - id:0 - topic:mqtt-roundtrip-qos1-100KByte-100-cycles_2 - qos:0 - size:102400
2018-05-15_23:19:03:344- message received - id:0 - topic:mqtt-roundtrip-qos1-100KByte-100-cycles - qos:0 - size:102400
2018-05-15_23:19:03:345- message sent - id:0 - topic:mqtt-roundtrip-qos1-100KByte-100-cycles_2 - qos:0 - size:102400
2018-05-15_23:19:03:361- message received - id:0 - topic:mqtt-roundtrip-qos1-100KByte-100-cycles - qos:0 - size:102400
2018-05-15_23:19:03:362- message sent - id:0 - topic:mqtt-roundtrip-qos1-100KByte-100-cycles_2 - qos:0 - size:102400
2018-05-15_23:19:03:379- message received - id:0 - topic:mqtt-roundtrip-qos1-100KByte-100-cycles - qos:0 - size:102400
2018-05-15_23:19:03:379- message sent - id:0 - topic:mqtt-roundtrip-qos1-100KByte-100-cycles_2 - qos:0 - size:102400
2018-05-15_23:19:03:395- message received - id:0 - topic:mqtt-roundtrip-qos1-100KByte-100-cycles - qos:0 - size:102400
2018-05-15_23:19:03:396- message sent - id:0 - topic:mqtt-roundtrip-qos1-100KByte-100-cycles_2 - qos:0 - size:102400
2018-05-15_23:19:03:412- message received - id:0 - topic:mqtt-roundtrip-qos1-100KByte-100-cycles - qos:0 - size:102400
2018-05-15_23:19:03:412- message sent - id:0 - topic:mqtt-roundtrip-qos1-100KByte-100-cycles_2 - qos:0 - size:102400
2018-05-15_23:19:03:429- message received - id:0 - topic:mqtt-roundtrip-qos1-100KByte-100-cycles - qos:0 - size:102400
2018-05-15_23:19:03:429- message sent - id:0 - topic:mqtt-roundtrip-qos1-100KByte-100-cycles_2 - qos:0 - size:102400
2018-05-15_23:19:03:446- message received - id:0 - topic:mqtt-roundtrip-qos1-100KByte-100-cycles - qos:0 - size:102400
2018-05-15_23:19:03:446- message sent - id:0 - topic:mqtt-roundtrip-qos1-100KByte-100-cycles_2 - qos:0 - size:102400
2018-05-15_23:19:03:462- message received - id:0 - topic:mqtt-roundtrip-qos1-100KByte-100-cycles - qos:0 - size:102400
2018-05-15_23:19:03:463- message sent - id:0 - topic:mqtt-roundtrip-qos1-100KByte-100-cycles_2 - qos:0 - size:102400
2018-05-15_23:19:03:480- message received - id:0 - topic:mqtt-roundtrip-qos1-100KByte-100-cycles - qos:0 - size:102400
2018-05-15_23:19:03:480- message sent - id:0 - topic:mqtt-roundtrip-qos1-100KByte-100-cycles_2 - qos:0 - size:102400
2018-05-15_23:19:03:497- message received - id:0 - topic:mqtt-roundtrip-qos1-100KByte-100-cycles - qos:0 - size:102400
2018-05-15_23:19:03:497- message sent - id:0 - topic:mqtt-roundtrip-qos1-100KByte-100-cycles_2 - qos:0 - size:102400
2018-05-15_23:19:03:514- message received - id:0 - topic:mqtt-roundtrip-qos1-100KByte-100-cycles - qos:0 - size:102400
2018-05-15_23:19:03:514- message sent - id:0 - topic:mqtt-roundtrip-qos1-100KByte-100-cycles_2 - qos:0 - size:102400
2018-05-15_23:19:03:530- message received - id:0 - topic:mqtt-roundtrip-qos1-100KByte-100-cycles - qos:0 - size:102400
2018-05-15_23:19:03:531- message sent - id:0 - topic:mqtt-roundtrip-qos1-100KByte-100-cycles_2 - qos:0 - size:102400
2018-05-15_23:19:03:546- message received - id:0 - topic:mqtt-roundtrip-qos1-100KByte-100-cycles - qos:0 - size:102400
2018-05-15_23:19:03:547- message sent - id:0 - topic:mqtt-roundtrip-qos1-100KByte-100-cycles_2 - qos:0 - size:102400
2018-05-15_23:19:03:564- message received - id:0 - topic:mqtt-roundtrip-qos1-100KByte-100-cycles - qos:0 - size:102400
2018-05-15_23:19:03:564- message sent - id:0 - topic:mqtt-roundtrip-qos1-100KByte-100-cycles_2 - qos:0 - size:102400
2018-05-15_23:19:03:581- message received - id:0 - topic:mqtt-roundtrip-qos1-100KByte-100-cycles - qos:0 - size:102400
2018-05-15_23:19:03:581- message sent - id:0 - topic:mqtt-roundtrip-qos1-100KByte-100-cycles_2 - qos:0 - size:102400
2018-05-15_23:19:03:598- message received - id:0 - topic:mqtt-roundtrip-qos1-100KByte-100-cycles - qos:0 - size:102400
2018-05-15_23:19:03:598- message sent - id:0 - topic:mqtt-roundtrip-qos1-100KByte-100-cycles_2 - qos:0 - size:102400
2018-05-15_23:19:03:614- message received - id:0 - topic:mqtt-roundtrip-qos1-100KByte-100-cycles - qos:0 - size:102400
2018-05-15_23:19:03:614- message sent - id:0 - topic:mqtt-roundtrip-qos1-100KByte-100-cycles_2 - qos:0 - size:102400
2018-05-15_23:19:03:631- message received - id:0 - topic:mqtt-roundtrip-qos1-100KByte-100-cycles - qos:0 - size:102400
2018-05-15_23:19:03:631- message sent - id:0 - topic:mqtt-roundtrip-qos1-100KByte-100-cycles_2 - qos:0 - size:102400
2018-05-15_23:19:03:648- message received - id:0 - topic:mqtt-roundtrip-qos1-100KByte-100-cycles - qos:0 - size:102400
2018-05-15_23:19:03:648- message sent - id:0 - topic:mqtt-roundtrip-qos1-100KByte-100-cycles_2 - qos:0 - size:102400
2018-05-15_23:19:03:664- message received - id:0 - topic:mqtt-roundtrip-qos1-100KByte-100-cycles - qos:0 - size:102400
2018-05-15_23:19:03:665- message sent - id:0 - topic:mqtt-roundtrip-qos1-100KByte-100-cycles_2 - qos:0 - size:102400
2018-05-15_23:19:03:681- message received - id:0 - topic:mqtt-roundtrip-qos1-100KByte-100-cycles - qos:0 - size:102400
2018-05-15_23:19:03:681- message sent - id:0 - topic:mqtt-roundtrip-qos1-100KByte-100-cycles_2 - qos:0 - size:102400
2018-05-15_23:19:03:698- message received - id:0 - topic:mqtt-roundtrip-qos1-100KByte-100-cycles - qos:0 - size:102400
2018-05-15_23:19:03:698- message sent - id:0 - topic:mqtt-roundtrip-qos1-100KByte-100-cycles_2 - qos:0 - size:102400
