2018-05-15_23:18:58:067- connecting to broker 192.168.1.100:1883
2018-05-15_23:18:58:068- Subscribing to topic mqtt-roundtrip-qos1-100KByte-100-cycles_2
2018-05-15_23:18:58:068- subscribe returned (0, 1)
2018-05-15_23:18:58:069- Client connected to broker
2018-05-15_23:19:01:985- Performing message publishing for 100 cycles
2018-05-15_23:19:01:997- message sent - id:2 - topic:mqtt-roundtrip-qos1-100KByte-100-cycles - qos:1 - size:102400
2018-05-15_23:19:02:008- message sent - id:3 - topic:mqtt-roundtrip-qos1-100KByte-100-cycles - qos:1 - size:102400
2018-05-15_23:19:02:022- message sent - id:4 - topic:mqtt-roundtrip-qos1-100KByte-100-cycles - qos:1 - size:102400
2018-05-15_23:19:02:060- message received - id:0 - topic:mqtt-roundtrip-qos1-100KByte-100-cycles_2 - qos:0 - size:102400
2018-05-15_23:19:02:060- message sent - id:5 - topic:mqtt-roundtrip-qos1-100KByte-100-cycles - qos:1 - size:102400
2018-05-15_23:19:02:060- message sent - id:6 - topic:mqtt-roundtrip-qos1-100KByte-100-cycles - qos:1 - size:102400
2018-05-15_23:19:02:081- message received - id:0 - topic:mqtt-roundtrip-qos1-100KByte-100-cycles_2 - qos:0 - size:102400
2018-05-15_23:19:02:082- message sent - id:7 - topic:mqtt-roundtrip-qos1-100KByte-100-cycles - qos:1 - size:102400
2018-05-15_23:19:02:102- message received - id:0 - topic:mqtt-roundtrip-qos1-100KByte-100-cycles_2 - qos:0 - size:102400
2018-05-15_23:19:02:103- message sent - id:8 - topic:mqtt-roundtrip-qos1-100KByte-100-cycles - qos:1 - size:102400
2018-05-15_23:19:02:126- message received - id:0 - topic:mqtt-roundtrip-qos1-100KByte-100-cycles_2 - qos:0 - size:102400
2018-05-15_23:19:02:126- message sent - id:9 - topic:mqtt-roundtrip-qos1-100KByte-100-cycles - qos:1 - size:102400
2018-05-15_23:19:02:148- message received - id:0 - topic:mqtt-roundtrip-qos1-100KByte-100-cycles_2 - qos:0 - size:102400
2018-05-15_23:19:02:148- message sent - id:10 - topic:mqtt-roundtrip-qos1-100KByte-100-cycles - qos:1 - size:102400
2018-05-15_23:19:02:148- message sent - id:11 - topic:mqtt-roundtrip-qos1-100KByte-100-cycles - qos:1 - size:102400
2018-05-15_23:19:02:170- message received - id:0 - topic:mqtt-roundtrip-qos1-100KByte-100-cycles_2 - qos:0 - size:102400
2018-05-15_23:19:02:170- message sent - id:12 - topic:mqtt-roundtrip-qos1-100KByte-100-cycles - qos:1 - size:102400
2018-05-15_23:19:02:192- message received - id:0 - topic:mqtt-roundtrip-qos1-100KByte-100-cycles_2 - qos:0 - size:102400
2018-05-15_23:19:02:192- message sent - id:13 - topic:mqtt-roundtrip-qos1-100KByte-100-cycles - qos:1 - size:102400
2018-05-15_23:19:02:213- message received - id:0 - topic:mqtt-roundtrip-qos1-100KByte-100-cycles_2 - qos:0 - size:102400
2018-05-15_23:19:02:213- message sent - id:14 - topic:mqtt-roundtrip-qos1-100KByte-100-cycles - qos:1 - size:102400
2018-05-15_23:19:02:214- message sent - id:15 - topic:mqtt-roundtrip-qos1-100KByte-100-cycles - qos:1 - size:102400
2018-05-15_23:19:02:233- message received - id:0 - topic:mqtt-roundtrip-qos1-100KByte-100-cycles_2 - qos:0 - size:102400
2018-05-15_23:19:02:233- message sent - id:16 - topic:mqtt-roundtrip-qos1-100KByte-100-cycles - qos:1 - size:102400
2018-05-15_23:19:02:254- message received - id:0 - topic:mqtt-roundtrip-qos1-100KByte-100-cycles_2 - qos:0 - size:102400
2018-05-15_23:19:02:254- message sent - id:17 - topic:mqtt-roundtrip-qos1-100KByte-100-cycles - qos:1 - size:102400
2018-05-15_23:19:02:255- message sent - id:18 - topic:mqtt-roundtrip-qos1-100KByte-100-cycles - qos:1 - size:102400
2018-05-15_23:19:02:275- message received - id:0 - topic:mqtt-roundtrip-qos1-100KByte-100-cycles_2 - qos:0 - size:102400
2018-05-15_23:19:02:275- message sent - id:19 - topic:mqtt-roundtrip-qos1-100KByte-100-cycles - qos:1 - size:102400
2018-05-15_23:19:02:296- message received - id:0 - topic:mqtt-roundtrip-qos1-100KByte-100-cycles_2 - qos:0 - size:102400
2018-05-15_23:19:02:296- message sent - id:20 - topic:mqtt-roundtrip-qos1-100KByte-100-cycles - qos:1 - size:102400
2018-05-15_23:19:02:317- message received - id:0 - topic:mqtt-roundtrip-qos1-100KByte-100-cycles_2 - qos:0 - size:102400
2018-05-15_23:19:02:317- message sent - id:21 - topic:mqtt-roundtrip-qos1-100KByte-100-cycles - qos:1 - size:102400
2018-05-15_23:19:02:317- message sent - id:22 - topic:mqtt-roundtrip-qos1-100KByte-100-cycles - qos:1 - size:102400
2018-05-15_23:19:02:338- message received - id:0 - topic:mqtt-roundtrip-qos1-100KByte-100-cycles_2 - qos:0 - size:102400
2018-05-15_23:19:02:338- message sent - id:23 - topic:mqtt-roundtrip-qos1-100KByte-100-cycles - qos:1 - size:102400
2018-05-15_23:19:02:358- message received - id:0 - topic:mqtt-roundtrip-qos1-100KByte-100-cycles_2 - qos:0 - size:102400
2018-05-15_23:19:02:359- message sent - id:24 - topic:mqtt-roundtrip-qos1-100KByte-100-cycles - qos:1 - size:102400
2018-05-15_23:19:02:359- message sent - id:25 - topic:mqtt-roundtrip-qos1-100KByte-100-cycles - qos:1 - size:102400
2018-05-15_23:19:02:380- message received - id:0 - topic:mqtt-roundtrip-qos1-100KByte-100-cycles_2 - qos:0 - size:102400
2018-05-15_23:19:02:380- message sent - id:26 - topic:mqtt-roundtrip-qos1-100KByte-100-cycles - qos:1 - size:102400
2018-05-15_23:19:02:399- message received - id:0 - topic:mqtt-roundtrip-qos1-100KByte-100-cycles_2 - qos:0 - size:102400
2018-05-15_23:19:02:400- message sent - id:27 - topic:mqtt-roundtrip-qos1-100KByte-100-cycles - qos:1 - size:102400
2018-05-15_23:19:02:419- message received - id:0 - topic:mqtt-roundtrip-qos1-100KByte-100-cycles_2 - qos:0 - size:102400
2018-05-15_23:19:02:420- message sent - id:28 - topic:mqtt-roundtrip-qos1-100KByte-100-cycles - qos:1 - size:102400
2018-05-15_23:19:02:420- message sent - id:29 - topic:mqtt-roundtrip-qos1-100KByte-100-cycles - qos:1 - size:102400
2018-05-15_23:19:02:440- message received - id:0 - topic:mqtt-roundtrip-qos1-100KByte-100-cycles_2 - qos:0 - size:102400
2018-05-15_23:19:02:440- message sent - id:30 - topic:mqtt-roundtrip-qos1-100KByte-100-cycles - qos:1 - size:102400
2018-05-15_23:19:02:461- message received - id:0 - topic:mqtt-roundtrip-qos1-100KByte-100-cycles_2 - qos:0 - size:102400
2018-05-15_23:19:02:461- message sent - id:31 - topic:mqtt-roundtrip-qos1-100KByte-100-cycles - qos:1 - size:102400
2018-05-15_23:19:02:462- message sent - id:32 - topic:mqtt-roundtrip-qos1-100KByte-100-cycles - qos:1 - size:102400
2018-05-15_23:19:02:482- message received - id:0 - topic:mqtt-roundtrip-qos1-100KByte-100-cycles_2 - qos:0 - size:102400
2018-05-15_23:19:02:482- message sent - id:33 - topic:mqtt-roundtrip-qos1-100KByte-100-cycles - qos:1 - size:102400
2018-05-15_23:19:02:503- message received - id:0 - topic:mqtt-roundtrip-qos1-100KByte-100-cycles_2 - qos:0 - size:102400
2018-05-15_23:19:02:503- message sent - id:34 - topic:mqtt-roundtrip-qos1-100KByte-100-cycles - qos:1 - size:102400
2018-05-15_23:19:02:525- message received - id:0 - topic:mqtt-roundtrip-qos1-100KByte-100-cycles_2 - qos:0 - size:102400
2018-05-15_23:19:02:525- message sent - id:35 - topic:mqtt-roundtrip-qos1-100KByte-100-cycles - qos:1 - size:102400
2018-05-15_23:19:02:525- message sent - id:36 - topic:mqtt-roundtrip-qos1-100KByte-100-cycles - qos:1 - size:102400
2018-05-15_23:19:02:546- message received - id:0 - topic:mqtt-roundtrip-qos1-100KByte-100-cycles_2 - qos:0 - size:102400
2018-05-15_23:19:02:546- message sent - id:37 - topic:mqtt-roundtrip-qos1-100KByte-100-cycles - qos:1 - size:102400
2018-05-15_23:19:02:567- message received - id:0 - topic:mqtt-roundtrip-qos1-100KByte-100-cycles_2 - qos:0 - size:102400
2018-05-15_23:19:02:567- message sent - id:38 - topic:mqtt-roundtrip-qos1-100KByte-100-cycles - qos:1 - size:102400
2018-05-15_23:19:02:588- message received - id:0 - topic:mqtt-roundtrip-qos1-100KByte-100-cycles_2 - qos:0 - size:102400
2018-05-15_23:19:02:588- message sent - id:39 - topic:mqtt-roundtrip-qos1-100KByte-100-cycles - qos:1 - size:102400
2018-05-15_23:19:02:588- message sent - id:40 - topic:mqtt-roundtrip-qos1-100KByte-100-cycles - qos:1 - size:102400
2018-05-15_23:19:02:609- message received - id:0 - topic:mqtt-roundtrip-qos1-100KByte-100-cycles_2 - qos:0 - size:102400
2018-05-15_23:19:02:609- message sent - id:41 - topic:mqtt-roundtrip-qos1-100KByte-100-cycles - qos:1 - size:102400
2018-05-15_23:19:02:630- message received - id:0 - topic:mqtt-roundtrip-qos1-100KByte-100-cycles_2 - qos:0 - size:102400
2018-05-15_23:19:02:630- message sent - id:42 - topic:mqtt-roundtrip-qos1-100KByte-100-cycles - qos:1 - size:102400
2018-05-15_23:19:02:631- message sent - id:43 - topic:mqtt-roundtrip-qos1-100KByte-100-cycles - qos:1 - size:102400
2018-05-15_23:19:02:651- message received - id:0 - topic:mqtt-roundtrip-qos1-100KByte-100-cycles_2 - qos:0 - size:102400
2018-05-15_23:19:02:651- message sent - id:44 - topic:mqtt-roundtrip-qos1-100KByte-100-cycles - qos:1 - size:102400
2018-05-15_23:19:02:672- message received - id:0 - topic:mqtt-roundtrip-qos1-100KByte-100-cycles_2 - qos:0 - size:102400
2018-05-15_23:19:02:672- message sent - id:45 - topic:mqtt-roundtrip-qos1-100KByte-100-cycles - qos:1 - size:102400
2018-05-15_23:19:02:672- message sent - id:46 - topic:mqtt-roundtrip-qos1-100KByte-100-cycles - qos:1 - size:102400
2018-05-15_23:19:02:693- message received - id:0 - topic:mqtt-roundtrip-qos1-100KByte-100-cycles_2 - qos:0 - size:102400
2018-05-15_23:19:02:693- message sent - id:47 - topic:mqtt-roundtrip-qos1-100KByte-100-cycles - qos:1 - size:102400
2018-05-15_23:19:02:715- message received - id:0 - topic:mqtt-roundtrip-qos1-100KByte-100-cycles_2 - qos:0 - size:102400
2018-05-15_23:19:02:715- message sent - id:48 - topic:mqtt-roundtrip-qos1-100KByte-100-cycles - qos:1 - size:102400
2018-05-15_23:19:02:715- message sent - id:49 - topic:mqtt-roundtrip-qos1-100KByte-100-cycles - qos:1 - size:102400
2018-05-15_23:19:02:736- message received - id:0 - topic:mqtt-roundtrip-qos1-100KByte-100-cycles_2 - qos:0 - size:102400
2018-05-15_23:19:02:736- message sent - id:50 - topic:mqtt-roundtrip-qos1-100KByte-100-cycles - qos:1 - size:102400
2018-05-15_23:19:02:757- message received - id:0 - topic:mqtt-roundtrip-qos1-100KByte-100-cycles_2 - qos:0 - size:102400
2018-05-15_23:19:02:757- message sent - id:51 - topic:mqtt-roundtrip-qos1-100KByte-100-cycles - qos:1 - size:102400
2018-05-15_23:19:02:758- message sent - id:52 - topic:mqtt-roundtrip-qos1-100KByte-100-cycles - qos:1 - size:102400
2018-05-15_23:19:02:779- message received - id:0 - topic:mqtt-roundtrip-qos1-100KByte-100-cycles_2 - qos:0 - size:102400
2018-05-15_23:19:02:779- message sent - id:53 - topic:mqtt-roundtrip-qos1-100KByte-100-cycles - qos:1 - size:102400
2018-05-15_23:19:02:799- message received - id:0 - topic:mqtt-roundtrip-qos1-100KByte-100-cycles_2 - qos:0 - size:102400
2018-05-15_23:19:02:799- message sent - id:54 - topic:mqtt-roundtrip-qos1-100KByte-100-cycles - qos:1 - size:102400
2018-05-15_23:19:02:803- message sent - id:55 - topic:mqtt-roundtrip-qos1-100KByte-100-cycles - qos:1 - size:102400
2018-05-15_23:19:02:824- message received - id:0 - topic:mqtt-roundtrip-qos1-100KByte-100-cycles_2 - qos:0 - size:102400
2018-05-15_23:19:02:824- message sent - id:56 - topic:mqtt-roundtrip-qos1-100KByte-100-cycles - qos:1 - size:102400
2018-05-15_23:19:02:849- message received - id:0 - topic:mqtt-roundtrip-qos1-100KByte-100-cycles_2 - qos:0 - size:102400
2018-05-15_23:19:02:850- message sent - id:57 - topic:mqtt-roundtrip-qos1-100KByte-100-cycles - qos:1 - size:102400
2018-05-15_23:19:02:871- message received - id:0 - topic:mqtt-roundtrip-qos1-100KByte-100-cycles_2 - qos:0 - size:102400
2018-05-15_23:19:02:871- message sent - id:58 - topic:mqtt-roundtrip-qos1-100KByte-100-cycles - qos:1 - size:102400
2018-05-15_23:19:02:893- message received - id:0 - topic:mqtt-roundtrip-qos1-100KByte-100-cycles_2 - qos:0 - size:102400
2018-05-15_23:19:02:893- message sent - id:59 - topic:mqtt-roundtrip-qos1-100KByte-100-cycles - qos:1 - size:102400
2018-05-15_23:19:02:893- message sent - id:60 - topic:mqtt-roundtrip-qos1-100KByte-100-cycles - qos:1 - size:102400
2018-05-15_23:19:02:914- message received - id:0 - topic:mqtt-roundtrip-qos1-100KByte-100-cycles_2 - qos:0 - size:102400
2018-05-15_23:19:02:914- message sent - id:61 - topic:mqtt-roundtrip-qos1-100KByte-100-cycles - qos:1 - size:102400
2018-05-15_23:19:02:935- message received - id:0 - topic:mqtt-roundtrip-qos1-100KByte-100-cycles_2 - qos:0 - size:102400
2018-05-15_23:19:02:935- message sent - id:62 - topic:mqtt-roundtrip-qos1-100KByte-100-cycles - qos:1 - size:102400
2018-05-15_23:19:02:935- message sent - id:63 - topic:mqtt-roundtrip-qos1-100KByte-100-cycles - qos:1 - size:102400
2018-05-15_23:19:02:960- message received - id:0 - topic:mqtt-roundtrip-qos1-100KByte-100-cycles_2 - qos:0 - size:102400
2018-05-15_23:19:02:960- message sent - id:64 - topic:mqtt-roundtrip-qos1-100KByte-100-cycles - qos:1 - size:102400
2018-05-15_23:19:02:983- message received - id:0 - topic:mqtt-roundtrip-qos1-100KByte-100-cycles_2 - qos:0 - size:102400
2018-05-15_23:19:02:983- message sent - id:65 - topic:mqtt-roundtrip-qos1-100KByte-100-cycles - qos:1 - size:102400
2018-05-15_23:19:02:983- message sent - id:66 - topic:mqtt-roundtrip-qos1-100KByte-100-cycles - qos:1 - size:102400
2018-05-15_23:19:03:005- message received - id:0 - topic:mqtt-roundtrip-qos1-100KByte-100-cycles_2 - qos:0 - size:102400
2018-05-15_23:19:03:005- message sent - id:67 - topic:mqtt-roundtrip-qos1-100KByte-100-cycles - qos:1 - size:102400
2018-05-15_23:19:03:027- message received - id:0 - topic:mqtt-roundtrip-qos1-100KByte-100-cycles_2 - qos:0 - size:102400
2018-05-15_23:19:03:027- message sent - id:68 - topic:mqtt-roundtrip-qos1-100KByte-100-cycles - qos:1 - size:102400
2018-05-15_23:19:03:027- message sent - id:69 - topic:mqtt-roundtrip-qos1-100KByte-100-cycles - qos:1 - size:102400
2018-05-15_23:19:03:049- message received - id:0 - topic:mqtt-roundtrip-qos1-100KByte-100-cycles_2 - qos:0 - size:102400
2018-05-15_23:19:03:049- message sent - id:70 - topic:mqtt-roundtrip-qos1-100KByte-100-cycles - qos:1 - size:102400
2018-05-15_23:19:03:071- message received - id:0 - topic:mqtt-roundtrip-qos1-100KByte-100-cycles_2 - qos:0 - size:102400
2018-05-15_23:19:03:071- message sent - id:71 - topic:mqtt-roundtrip-qos1-100KByte-100-cycles - qos:1 - size:102400
2018-05-15_23:19:03:092- message received - id:0 - topic:mqtt-roundtrip-qos1-100KByte-100-cycles_2 - qos:0 - size:102400
2018-05-15_23:19:03:092- message sent - id:72 - topic:mqtt-roundtrip-qos1-100KByte-100-cycles - qos:1 - size:102400
2018-05-15_23:19:03:092- message sent - id:73 - topic:mqtt-roundtrip-qos1-100KByte-100-cycles - qos:1 - size:102400
2018-05-15_23:19:03:113- message received - id:0 - topic:mqtt-roundtrip-qos1-100KByte-100-cycles_2 - qos:0 - size:102400
2018-05-15_23:19:03:113- message sent - id:74 - topic:mqtt-roundtrip-qos1-100KByte-100-cycles - qos:1 - size:102400
2018-05-15_23:19:03:135- message received - id:0 - topic:mqtt-roundtrip-qos1-100KByte-100-cycles_2 - qos:0 - size:102400
2018-05-15_23:19:03:135- message sent - id:75 - topic:mqtt-roundtrip-qos1-100KByte-100-cycles - qos:1 - size:102400
2018-05-15_23:19:03:158- message received - id:0 - topic:mqtt-roundtrip-qos1-100KByte-100-cycles_2 - qos:0 - size:102400
2018-05-15_23:19:03:158- message sent - id:76 - topic:mqtt-roundtrip-qos1-100KByte-100-cycles - qos:1 - size:102400
2018-05-15_23:19:03:158- message sent - id:77 - topic:mqtt-roundtrip-qos1-100KByte-100-cycles - qos:1 - size:102400
2018-05-15_23:19:03:179- message received - id:0 - topic:mqtt-roundtrip-qos1-100KByte-100-cycles_2 - qos:0 - size:102400
2018-05-15_23:19:03:179- message sent - id:78 - topic:mqtt-roundtrip-qos1-100KByte-100-cycles - qos:1 - size:102400
2018-05-15_23:19:03:200- message received - id:0 - topic:mqtt-roundtrip-qos1-100KByte-100-cycles_2 - qos:0 - size:102400
2018-05-15_23:19:03:200- message sent - id:79 - topic:mqtt-roundtrip-qos1-100KByte-100-cycles - qos:1 - size:102400
2018-05-15_23:19:03:200- message sent - id:80 - topic:mqtt-roundtrip-qos1-100KByte-100-cycles - qos:1 - size:102400
2018-05-15_23:19:03:221- message received - id:0 - topic:mqtt-roundtrip-qos1-100KByte-100-cycles_2 - qos:0 - size:102400
2018-05-15_23:19:03:221- message sent - id:81 - topic:mqtt-roundtrip-qos1-100KByte-100-cycles - qos:1 - size:102400
2018-05-15_23:19:03:243- message received - id:0 - topic:mqtt-roundtrip-qos1-100KByte-100-cycles_2 - qos:0 - size:102400
2018-05-15_23:19:03:243- message sent - id:82 - topic:mqtt-roundtrip-qos1-100KByte-100-cycles - qos:1 - size:102400
2018-05-15_23:19:03:243- message sent - id:83 - topic:mqtt-roundtrip-qos1-100KByte-100-cycles - qos:1 - size:102400
2018-05-15_23:19:03:264- message received - id:0 - topic:mqtt-roundtrip-qos1-100KByte-100-cycles_2 - qos:0 - size:102400
2018-05-15_23:19:03:264- message sent - id:84 - topic:mqtt-roundtrip-qos1-100KByte-100-cycles - qos:1 - size:102400
2018-05-15_23:19:03:285- message received - id:0 - topic:mqtt-roundtrip-qos1-100KByte-100-cycles_2 - qos:0 - size:102400
2018-05-15_23:19:03:285- message sent - id:85 - topic:mqtt-roundtrip-qos1-100KByte-100-cycles - qos:1 - size:102400
2018-05-15_23:19:03:285- message sent - id:86 - topic:mqtt-roundtrip-qos1-100KByte-100-cycles - qos:1 - size:102400
2018-05-15_23:19:03:307- message received - id:0 - topic:mqtt-roundtrip-qos1-100KByte-100-cycles_2 - qos:0 - size:102400
2018-05-15_23:19:03:308- message sent - id:87 - topic:mqtt-roundtrip-qos1-100KByte-100-cycles - qos:1 - size:102400
2018-05-15_23:19:03:329- message received - id:0 - topic:mqtt-roundtrip-qos1-100KByte-100-cycles_2 - qos:0 - size:102400
2018-05-15_23:19:03:329- message sent - id:88 - topic:mqtt-roundtrip-qos1-100KByte-100-cycles - qos:1 - size:102400
2018-05-15_23:19:03:329- message sent - id:89 - topic:mqtt-roundtrip-qos1-100KByte-100-cycles - qos:1 - size:102400
2018-05-15_23:19:03:350- message received - id:0 - topic:mqtt-roundtrip-qos1-100KByte-100-cycles_2 - qos:0 - size:102400
2018-05-15_23:19:03:350- message sent - id:90 - topic:mqtt-roundtrip-qos1-100KByte-100-cycles - qos:1 - size:102400
2018-05-15_23:19:03:371- message received - id:0 - topic:mqtt-roundtrip-qos1-100KByte-100-cycles_2 - qos:0 - size:102400
2018-05-15_23:19:03:372- message sent - id:91 - topic:mqtt-roundtrip-qos1-100KByte-100-cycles - qos:1 - size:102400
2018-05-15_23:19:03:372- message sent - id:92 - topic:mqtt-roundtrip-qos1-100KByte-100-cycles - qos:1 - size:102400
2018-05-15_23:19:03:393- message received - id:0 - topic:mqtt-roundtrip-qos1-100KByte-100-cycles_2 - qos:0 - size:102400
2018-05-15_23:19:03:393- message sent - id:93 - topic:mqtt-roundtrip-qos1-100KByte-100-cycles - qos:1 - size:102400
2018-05-15_23:19:03:416- message received - id:0 - topic:mqtt-roundtrip-qos1-100KByte-100-cycles_2 - qos:0 - size:102400
2018-05-15_23:19:03:416- message sent - id:94 - topic:mqtt-roundtrip-qos1-100KByte-100-cycles - qos:1 - size:102400
2018-05-15_23:19:03:437- message received - id:0 - topic:mqtt-roundtrip-qos1-100KByte-100-cycles_2 - qos:0 - size:102400
2018-05-15_23:19:03:437- message sent - id:95 - topic:mqtt-roundtrip-qos1-100KByte-100-cycles - qos:1 - size:102400
2018-05-15_23:19:03:437- message sent - id:96 - topic:mqtt-roundtrip-qos1-100KByte-100-cycles - qos:1 - size:102400
2018-05-15_23:19:03:458- message received - id:0 - topic:mqtt-roundtrip-qos1-100KByte-100-cycles_2 - qos:0 - size:102400
2018-05-15_23:19:03:458- message sent - id:97 - topic:mqtt-roundtrip-qos1-100KByte-100-cycles - qos:1 - size:102400
2018-05-15_23:19:03:480- message received - id:0 - topic:mqtt-roundtrip-qos1-100KByte-100-cycles_2 - qos:0 - size:102400
2018-05-15_23:19:03:480- message sent - id:98 - topic:mqtt-roundtrip-qos1-100KByte-100-cycles - qos:1 - size:102400
2018-05-15_23:19:03:501- message received - id:0 - topic:mqtt-roundtrip-qos1-100KByte-100-cycles_2 - qos:0 - size:102400
2018-05-15_23:19:03:501- message sent - id:99 - topic:mqtt-roundtrip-qos1-100KByte-100-cycles - qos:1 - size:102400
2018-05-15_23:19:03:501- message sent - id:100 - topic:mqtt-roundtrip-qos1-100KByte-100-cycles - qos:1 - size:102400
2018-05-15_23:19:03:524- message received - id:0 - topic:mqtt-roundtrip-qos1-100KByte-100-cycles_2 - qos:0 - size:102400
2018-05-15_23:19:03:524- message sent - id:101 - topic:mqtt-roundtrip-qos1-100KByte-100-cycles - qos:1 - size:102400
2018-05-15_23:19:03:545- message received - id:0 - topic:mqtt-roundtrip-qos1-100KByte-100-cycles_2 - qos:0 - size:102400
2018-05-15_23:19:03:566- message received - id:0 - topic:mqtt-roundtrip-qos1-100KByte-100-cycles_2 - qos:0 - size:102400
2018-05-15_23:19:03:588- message received - id:0 - topic:mqtt-roundtrip-qos1-100KByte-100-cycles_2 - qos:0 - size:102400
2018-05-15_23:19:03:609- message received - id:0 - topic:mqtt-roundtrip-qos1-100KByte-100-cycles_2 - qos:0 - size:102400
2018-05-15_23:19:03:630- message received - id:0 - topic:mqtt-roundtrip-qos1-100KByte-100-cycles_2 - qos:0 - size:102400
2018-05-15_23:19:03:652- message received - id:0 - topic:mqtt-roundtrip-qos1-100KByte-100-cycles_2 - qos:0 - size:102400
2018-05-15_23:19:03:674- message received - id:0 - topic:mqtt-roundtrip-qos1-100KByte-100-cycles_2 - qos:0 - size:102400
2018-05-15_23:19:03:696- message received - id:0 - topic:mqtt-roundtrip-qos1-100KByte-100-cycles_2 - qos:0 - size:102400
2018-05-15_23:19:03:708- message received - id:0 - topic:mqtt-roundtrip-qos1-100KByte-100-cycles_2 - qos:0 - size:102400
2018-05-15_23:19:03:720- message received - id:0 - topic:mqtt-roundtrip-qos1-100KByte-100-cycles_2 - qos:0 - size:102400
2018-05-15_23:19:03:731- message received - id:0 - topic:mqtt-roundtrip-qos1-100KByte-100-cycles_2 - qos:0 - size:102400
2018-05-15_23:19:03:741- message received - id:0 - topic:mqtt-roundtrip-qos1-100KByte-100-cycles_2 - qos:0 - size:102400
2018-05-15_23:19:03:752- message received - id:0 - topic:mqtt-roundtrip-qos1-100KByte-100-cycles_2 - qos:0 - size:102400
2018-05-15_23:19:03:762- message received - id:0 - topic:mqtt-roundtrip-qos1-100KByte-100-cycles_2 - qos:0 - size:102400
2018-05-15_23:19:03:772- message received - id:0 - topic:mqtt-roundtrip-qos1-100KByte-100-cycles_2 - qos:0 - size:102400
2018-05-15_23:19:03:780- message received - id:0 - topic:mqtt-roundtrip-qos1-100KByte-100-cycles_2 - qos:0 - size:102400
2018-05-15_23:19:03:789- message received - id:0 - topic:mqtt-roundtrip-qos1-100KByte-100-cycles_2 - qos:0 - size:102400
2018-05-15_23:19:03:798- message received - id:0 - topic:mqtt-roundtrip-qos1-100KByte-100-cycles_2 - qos:0 - size:102400
2018-05-15_23:19:03:806- message received - id:0 - topic:mqtt-roundtrip-qos1-100KByte-100-cycles_2 - qos:0 - size:102400
2018-05-15_23:19:03:815- message received - id:0 - topic:mqtt-roundtrip-qos1-100KByte-100-cycles_2 - qos:0 - size:102400
2018-05-15_23:19:03:824- message received - id:0 - topic:mqtt-roundtrip-qos1-100KByte-100-cycles_2 - qos:0 - size:102400
2018-05-15_23:19:03:833- message received - id:0 - topic:mqtt-roundtrip-qos1-100KByte-100-cycles_2 - qos:0 - size:102400
2018-05-15_23:19:03:841- message received - id:0 - topic:mqtt-roundtrip-qos1-100KByte-100-cycles_2 - qos:0 - size:102400
2018-05-15_23:19:03:850- message received - id:0 - topic:mqtt-roundtrip-qos1-100KByte-100-cycles_2 - qos:0 - size:102400
2018-05-15_23:19:03:859- message received - id:0 - topic:mqtt-roundtrip-qos1-100KByte-100-cycles_2 - qos:0 - size:102400
2018-05-15_23:19:03:867- message received - id:0 - topic:mqtt-roundtrip-qos1-100KByte-100-cycles_2 - qos:0 - size:102400
2018-05-15_23:19:03:876- message received - id:0 - topic:mqtt-roundtrip-qos1-100KByte-100-cycles_2 - qos:0 - size:102400
2018-05-15_23:19:03:885- message received - id:0 - topic:mqtt-roundtrip-qos1-100KByte-100-cycles_2 - qos:0 - size:102400
2018-05-15_23:19:03:893- message received - id:0 - topic:mqtt-roundtrip-qos1-100KByte-100-cycles_2 - qos:0 - size:102400
2018-05-15_23:19:03:902- message received - id:0 - topic:mqtt-roundtrip-qos1-100KByte-100-cycles_2 - qos:0 - size:102400
2018-05-15_23:19:03:911- message received - id:0 - topic:mqtt-roundtrip-qos1-100KByte-100-cycles_2 - qos:0 - size:102400
