2018-05-15_22:01:24 :939- connecting to broker 192.168.1.100:1883
2018-05-15_22:01:40 :844- connecting to broker 192.168.1.100:1883
2018-05-15_22:01:40 :846- Subscribing to topic mqtt-roundtrip-qos0-empty_message-10-cycles_2
2018-05-15_22:01:40 :846- subscribe returned (0, 1)
2018-05-15_22:01:40 :847- Client connected to broker
2018-05-15_22:02:13 :326- Performing message publishing for 10 cycles
2018-05-15_22:02:13 :327- message sent - id:2 - topic:mqtt-roundtrip-qos0-empty_message-10-cycles - qos:0 - size:0
2018-05-15_22:02:13 :327- message sent - id:3 - topic:mqtt-roundtrip-qos0-empty_message-10-cycles - qos:0 - size:0
2018-05-15_22:02:13 :327- message sent - id:4 - topic:mqtt-roundtrip-qos0-empty_message-10-cycles - qos:0 - size:0
2018-05-15_22:02:13 :327- message sent - id:5 - topic:mqtt-roundtrip-qos0-empty_message-10-cycles - qos:0 - size:0
2018-05-15_22:02:13 :327- message sent - id:6 - topic:mqtt-roundtrip-qos0-empty_message-10-cycles - qos:0 - size:0
2018-05-15_22:02:13 :327- message sent - id:7 - topic:mqtt-roundtrip-qos0-empty_message-10-cycles - qos:0 - size:0
2018-05-15_22:02:13 :327- message sent - id:8 - topic:mqtt-roundtrip-qos0-empty_message-10-cycles - qos:0 - size:0
2018-05-15_22:02:13 :328- message sent - id:9 - topic:mqtt-roundtrip-qos0-empty_message-10-cycles - qos:0 - size:0
2018-05-15_22:02:13 :328- message sent - id:10 - topic:mqtt-roundtrip-qos0-empty_message-10-cycles - qos:0 - size:0
2018-05-15_22:02:13 :328- message sent - id:11 - topic:mqtt-roundtrip-qos0-empty_message-10-cycles - qos:0 - size:0
2018-05-15_22:02:13 :329- message received - id:0 - topic:mqtt-roundtrip-qos0-empty_message-10-cycles_2 - qos:0 - size:0
2018-05-15_22:02:13 :330- message received - id:0 - topic:mqtt-roundtrip-qos0-empty_message-10-cycles_2 - qos:0 - size:0
2018-05-15_22:02:13 :369- message received - id:0 - topic:mqtt-roundtrip-qos0-empty_message-10-cycles_2 - qos:0 - size:0
2018-05-15_22:02:13 :380- message received - id:0 - topic:mqtt-roundtrip-qos0-empty_message-10-cycles_2 - qos:0 - size:0
2018-05-15_22:02:13 :380- message received - id:0 - topic:mqtt-roundtrip-qos0-empty_message-10-cycles_2 - qos:0 - size:0
2018-05-15_22:02:13 :380- message received - id:0 - topic:mqtt-roundtrip-qos0-empty_message-10-cycles_2 - qos:0 - size:0
2018-05-15_22:02:13 :381- message received - id:0 - topic:mqtt-roundtrip-qos0-empty_message-10-cycles_2 - qos:0 - size:0
2018-05-15_22:02:13 :381- message received - id:0 - topic:mqtt-roundtrip-qos0-empty_message-10-cycles_2 - qos:0 - size:0
2018-05-15_22:02:13 :381- message received - id:0 - topic:mqtt-roundtrip-qos0-empty_message-10-cycles_2 - qos:0 - size:0
2018-05-15_22:02:13 :381- message received - id:0 - topic:mqtt-roundtrip-qos0-empty_message-10-cycles_2 - qos:0 - size:0
