2018-05-15_23:12:58:136- connecting to broker 192.168.1.100:1883
2018-05-15_23:12:58:137- Subscribing to topic mqtt-roundtrip-qos1-1KByte-100-cycles_2
2018-05-15_23:12:58:137- subscribe returned (0, 1)
2018-05-15_23:12:58:137- Client connected to broker
2018-05-15_23:13:03:790- Performing message publishing for 100 cycles
2018-05-15_23:13:03:792- message sent - id:2 - topic:mqtt-roundtrip-qos1-1KByte-100-cycles - qos:1 - size:1024
2018-05-15_23:13:03:793- message sent - id:3 - topic:mqtt-roundtrip-qos1-1KByte-100-cycles - qos:1 - size:1024
2018-05-15_23:13:03:794- message sent - id:4 - topic:mqtt-roundtrip-qos1-1KByte-100-cycles - qos:1 - size:1024
2018-05-15_23:13:03:794- message sent - id:5 - topic:mqtt-roundtrip-qos1-1KByte-100-cycles - qos:1 - size:1024
2018-05-15_23:13:03:794- message sent - id:6 - topic:mqtt-roundtrip-qos1-1KByte-100-cycles - qos:1 - size:1024
2018-05-15_23:13:03:794- message sent - id:7 - topic:mqtt-roundtrip-qos1-1KByte-100-cycles - qos:1 - size:1024
2018-05-15_23:13:03:795- message sent - id:8 - topic:mqtt-roundtrip-qos1-1KByte-100-cycles - qos:1 - size:1024
2018-05-15_23:13:03:795- message sent - id:9 - topic:mqtt-roundtrip-qos1-1KByte-100-cycles - qos:1 - size:1024
2018-05-15_23:13:03:795- message sent - id:10 - topic:mqtt-roundtrip-qos1-1KByte-100-cycles - qos:1 - size:1024
2018-05-15_23:13:03:796- message sent - id:11 - topic:mqtt-roundtrip-qos1-1KByte-100-cycles - qos:1 - size:1024
2018-05-15_23:13:03:796- message sent - id:12 - topic:mqtt-roundtrip-qos1-1KByte-100-cycles - qos:1 - size:1024
2018-05-15_23:13:03:796- message sent - id:13 - topic:mqtt-roundtrip-qos1-1KByte-100-cycles - qos:1 - size:1024
2018-05-15_23:13:03:797- message sent - id:14 - topic:mqtt-roundtrip-qos1-1KByte-100-cycles - qos:1 - size:1024
2018-05-15_23:13:03:797- message sent - id:15 - topic:mqtt-roundtrip-qos1-1KByte-100-cycles - qos:1 - size:1024
2018-05-15_23:13:03:797- message received - id:0 - topic:mqtt-roundtrip-qos1-1KByte-100-cycles_2 - qos:0 - size:1024
2018-05-15_23:13:03:798- message sent - id:16 - topic:mqtt-roundtrip-qos1-1KByte-100-cycles - qos:1 - size:1024
2018-05-15_23:13:03:799- message received - id:0 - topic:mqtt-roundtrip-qos1-1KByte-100-cycles_2 - qos:0 - size:1024
2018-05-15_23:13:03:800- message received - id:0 - topic:mqtt-roundtrip-qos1-1KByte-100-cycles_2 - qos:0 - size:1024
2018-05-15_23:13:03:800- message received - id:0 - topic:mqtt-roundtrip-qos1-1KByte-100-cycles_2 - qos:0 - size:1024
2018-05-15_23:13:03:800- message received - id:0 - topic:mqtt-roundtrip-qos1-1KByte-100-cycles_2 - qos:0 - size:1024
2018-05-15_23:13:03:800- message received - id:0 - topic:mqtt-roundtrip-qos1-1KByte-100-cycles_2 - qos:0 - size:1024
2018-05-15_23:13:03:800- message received - id:0 - topic:mqtt-roundtrip-qos1-1KByte-100-cycles_2 - qos:0 - size:1024
2018-05-15_23:13:03:800- message received - id:0 - topic:mqtt-roundtrip-qos1-1KByte-100-cycles_2 - qos:0 - size:1024
2018-05-15_23:13:03:800- message received - id:0 - topic:mqtt-roundtrip-qos1-1KByte-100-cycles_2 - qos:0 - size:1024
2018-05-15_23:13:03:800- message received - id:0 - topic:mqtt-roundtrip-qos1-1KByte-100-cycles_2 - qos:0 - size:1024
2018-05-15_23:13:03:800- message received - id:0 - topic:mqtt-roundtrip-qos1-1KByte-100-cycles_2 - qos:0 - size:1024
2018-05-15_23:13:03:801- message received - id:0 - topic:mqtt-roundtrip-qos1-1KByte-100-cycles_2 - qos:0 - size:1024
2018-05-15_23:13:03:801- message sent - id:17 - topic:mqtt-roundtrip-qos1-1KByte-100-cycles - qos:1 - size:1024
2018-05-15_23:13:03:801- message sent - id:18 - topic:mqtt-roundtrip-qos1-1KByte-100-cycles - qos:1 - size:1024
2018-05-15_23:13:03:801- message sent - id:19 - topic:mqtt-roundtrip-qos1-1KByte-100-cycles - qos:1 - size:1024
2018-05-15_23:13:03:801- message received - id:0 - topic:mqtt-roundtrip-qos1-1KByte-100-cycles_2 - qos:0 - size:1024
2018-05-15_23:13:03:801- message sent - id:20 - topic:mqtt-roundtrip-qos1-1KByte-100-cycles - qos:1 - size:1024
2018-05-15_23:13:03:801- message sent - id:21 - topic:mqtt-roundtrip-qos1-1KByte-100-cycles - qos:1 - size:1024
2018-05-15_23:13:03:802- message sent - id:22 - topic:mqtt-roundtrip-qos1-1KByte-100-cycles - qos:1 - size:1024
2018-05-15_23:13:03:802- message sent - id:23 - topic:mqtt-roundtrip-qos1-1KByte-100-cycles - qos:1 - size:1024
2018-05-15_23:13:03:802- message sent - id:24 - topic:mqtt-roundtrip-qos1-1KByte-100-cycles - qos:1 - size:1024
2018-05-15_23:13:03:802- message sent - id:25 - topic:mqtt-roundtrip-qos1-1KByte-100-cycles - qos:1 - size:1024
2018-05-15_23:13:03:802- message received - id:0 - topic:mqtt-roundtrip-qos1-1KByte-100-cycles_2 - qos:0 - size:1024
2018-05-15_23:13:03:802- message sent - id:26 - topic:mqtt-roundtrip-qos1-1KByte-100-cycles - qos:1 - size:1024
2018-05-15_23:13:03:803- message sent - id:27 - topic:mqtt-roundtrip-qos1-1KByte-100-cycles - qos:1 - size:1024
2018-05-15_23:13:03:803- message sent - id:28 - topic:mqtt-roundtrip-qos1-1KByte-100-cycles - qos:1 - size:1024
2018-05-15_23:13:03:803- message sent - id:29 - topic:mqtt-roundtrip-qos1-1KByte-100-cycles - qos:1 - size:1024
2018-05-15_23:13:03:803- message sent - id:30 - topic:mqtt-roundtrip-qos1-1KByte-100-cycles - qos:1 - size:1024
2018-05-15_23:13:03:803- message sent - id:31 - topic:mqtt-roundtrip-qos1-1KByte-100-cycles - qos:1 - size:1024
2018-05-15_23:13:03:803- message sent - id:32 - topic:mqtt-roundtrip-qos1-1KByte-100-cycles - qos:1 - size:1024
2018-05-15_23:13:03:803- message received - id:0 - topic:mqtt-roundtrip-qos1-1KByte-100-cycles_2 - qos:0 - size:1024
2018-05-15_23:13:03:803- message sent - id:33 - topic:mqtt-roundtrip-qos1-1KByte-100-cycles - qos:1 - size:1024
2018-05-15_23:13:03:804- message received - id:0 - topic:mqtt-roundtrip-qos1-1KByte-100-cycles_2 - qos:0 - size:1024
2018-05-15_23:13:03:804- message sent - id:34 - topic:mqtt-roundtrip-qos1-1KByte-100-cycles - qos:1 - size:1024
2018-05-15_23:13:03:804- message received - id:0 - topic:mqtt-roundtrip-qos1-1KByte-100-cycles_2 - qos:0 - size:1024
2018-05-15_23:13:03:804- message sent - id:35 - topic:mqtt-roundtrip-qos1-1KByte-100-cycles - qos:1 - size:1024
2018-05-15_23:13:03:804- message received - id:0 - topic:mqtt-roundtrip-qos1-1KByte-100-cycles_2 - qos:0 - size:1024
2018-05-15_23:13:03:804- message sent - id:36 - topic:mqtt-roundtrip-qos1-1KByte-100-cycles - qos:1 - size:1024
2018-05-15_23:13:03:804- message sent - id:37 - topic:mqtt-roundtrip-qos1-1KByte-100-cycles - qos:1 - size:1024
2018-05-15_23:13:03:804- message sent - id:38 - topic:mqtt-roundtrip-qos1-1KByte-100-cycles - qos:1 - size:1024
2018-05-15_23:13:03:805- message sent - id:39 - topic:mqtt-roundtrip-qos1-1KByte-100-cycles - qos:1 - size:1024
2018-05-15_23:13:03:805- message received - id:0 - topic:mqtt-roundtrip-qos1-1KByte-100-cycles_2 - qos:0 - size:1024
2018-05-15_23:13:03:805- message sent - id:40 - topic:mqtt-roundtrip-qos1-1KByte-100-cycles - qos:1 - size:1024
2018-05-15_23:13:03:805- message received - id:0 - topic:mqtt-roundtrip-qos1-1KByte-100-cycles_2 - qos:0 - size:1024
2018-05-15_23:13:03:805- message sent - id:41 - topic:mqtt-roundtrip-qos1-1KByte-100-cycles - qos:1 - size:1024
2018-05-15_23:13:03:805- message sent - id:42 - topic:mqtt-roundtrip-qos1-1KByte-100-cycles - qos:1 - size:1024
2018-05-15_23:13:03:805- message received - id:0 - topic:mqtt-roundtrip-qos1-1KByte-100-cycles_2 - qos:0 - size:1024
2018-05-15_23:13:03:805- message sent - id:43 - topic:mqtt-roundtrip-qos1-1KByte-100-cycles - qos:1 - size:1024
2018-05-15_23:13:03:806- message received - id:0 - topic:mqtt-roundtrip-qos1-1KByte-100-cycles_2 - qos:0 - size:1024
2018-05-15_23:13:03:806- message sent - id:44 - topic:mqtt-roundtrip-qos1-1KByte-100-cycles - qos:1 - size:1024
2018-05-15_23:13:03:806- message received - id:0 - topic:mqtt-roundtrip-qos1-1KByte-100-cycles_2 - qos:0 - size:1024
2018-05-15_23:13:03:806- message received - id:0 - topic:mqtt-roundtrip-qos1-1KByte-100-cycles_2 - qos:0 - size:1024
2018-05-15_23:13:03:806- message received - id:0 - topic:mqtt-roundtrip-qos1-1KByte-100-cycles_2 - qos:0 - size:1024
2018-05-15_23:13:03:806- message received - id:0 - topic:mqtt-roundtrip-qos1-1KByte-100-cycles_2 - qos:0 - size:1024
2018-05-15_23:13:03:807- message received - id:0 - topic:mqtt-roundtrip-qos1-1KByte-100-cycles_2 - qos:0 - size:1024
2018-05-15_23:13:03:807- message received - id:0 - topic:mqtt-roundtrip-qos1-1KByte-100-cycles_2 - qos:0 - size:1024
2018-05-15_23:13:03:809- message sent - id:45 - topic:mqtt-roundtrip-qos1-1KByte-100-cycles - qos:1 - size:1024
2018-05-15_23:13:03:809- message sent - id:46 - topic:mqtt-roundtrip-qos1-1KByte-100-cycles - qos:1 - size:1024
2018-05-15_23:13:03:809- message sent - id:47 - topic:mqtt-roundtrip-qos1-1KByte-100-cycles - qos:1 - size:1024
2018-05-15_23:13:03:809- message sent - id:48 - topic:mqtt-roundtrip-qos1-1KByte-100-cycles - qos:1 - size:1024
2018-05-15_23:13:03:810- message sent - id:49 - topic:mqtt-roundtrip-qos1-1KByte-100-cycles - qos:1 - size:1024
2018-05-15_23:13:03:810- message sent - id:50 - topic:mqtt-roundtrip-qos1-1KByte-100-cycles - qos:1 - size:1024
2018-05-15_23:13:03:810- message sent - id:51 - topic:mqtt-roundtrip-qos1-1KByte-100-cycles - qos:1 - size:1024
2018-05-15_23:13:03:810- message sent - id:52 - topic:mqtt-roundtrip-qos1-1KByte-100-cycles - qos:1 - size:1024
2018-05-15_23:13:03:810- message sent - id:53 - topic:mqtt-roundtrip-qos1-1KByte-100-cycles - qos:1 - size:1024
2018-05-15_23:13:03:811- message sent - id:54 - topic:mqtt-roundtrip-qos1-1KByte-100-cycles - qos:1 - size:1024
2018-05-15_23:13:03:811- message sent - id:55 - topic:mqtt-roundtrip-qos1-1KByte-100-cycles - qos:1 - size:1024
2018-05-15_23:13:03:811- message sent - id:56 - topic:mqtt-roundtrip-qos1-1KByte-100-cycles - qos:1 - size:1024
2018-05-15_23:13:03:811- message sent - id:57 - topic:mqtt-roundtrip-qos1-1KByte-100-cycles - qos:1 - size:1024
2018-05-15_23:13:03:811- message sent - id:58 - topic:mqtt-roundtrip-qos1-1KByte-100-cycles - qos:1 - size:1024
2018-05-15_23:13:03:812- message sent - id:59 - topic:mqtt-roundtrip-qos1-1KByte-100-cycles - qos:1 - size:1024
2018-05-15_23:13:03:812- message sent - id:60 - topic:mqtt-roundtrip-qos1-1KByte-100-cycles - qos:1 - size:1024
2018-05-15_23:13:03:812- message received - id:0 - topic:mqtt-roundtrip-qos1-1KByte-100-cycles_2 - qos:0 - size:1024
2018-05-15_23:13:03:812- message sent - id:61 - topic:mqtt-roundtrip-qos1-1KByte-100-cycles - qos:1 - size:1024
2018-05-15_23:13:03:813- message received - id:0 - topic:mqtt-roundtrip-qos1-1KByte-100-cycles_2 - qos:0 - size:1024
2018-05-15_23:13:03:813- message sent - id:62 - topic:mqtt-roundtrip-qos1-1KByte-100-cycles - qos:1 - size:1024
2018-05-15_23:13:03:813- message received - id:0 - topic:mqtt-roundtrip-qos1-1KByte-100-cycles_2 - qos:0 - size:1024
2018-05-15_23:13:03:813- message sent - id:63 - topic:mqtt-roundtrip-qos1-1KByte-100-cycles - qos:1 - size:1024
2018-05-15_23:13:03:813- message received - id:0 - topic:mqtt-roundtrip-qos1-1KByte-100-cycles_2 - qos:0 - size:1024
2018-05-15_23:13:03:814- message sent - id:64 - topic:mqtt-roundtrip-qos1-1KByte-100-cycles - qos:1 - size:1024
2018-05-15_23:13:03:814- message received - id:0 - topic:mqtt-roundtrip-qos1-1KByte-100-cycles_2 - qos:0 - size:1024
2018-05-15_23:13:03:814- message received - id:0 - topic:mqtt-roundtrip-qos1-1KByte-100-cycles_2 - qos:0 - size:1024
2018-05-15_23:13:03:814- message received - id:0 - topic:mqtt-roundtrip-qos1-1KByte-100-cycles_2 - qos:0 - size:1024
2018-05-15_23:13:03:814- message received - id:0 - topic:mqtt-roundtrip-qos1-1KByte-100-cycles_2 - qos:0 - size:1024
2018-05-15_23:13:03:815- message received - id:0 - topic:mqtt-roundtrip-qos1-1KByte-100-cycles_2 - qos:0 - size:1024
2018-05-15_23:13:03:815- message received - id:0 - topic:mqtt-roundtrip-qos1-1KByte-100-cycles_2 - qos:0 - size:1024
2018-05-15_23:13:03:815- message received - id:0 - topic:mqtt-roundtrip-qos1-1KByte-100-cycles_2 - qos:0 - size:1024
2018-05-15_23:13:03:815- message received - id:0 - topic:mqtt-roundtrip-qos1-1KByte-100-cycles_2 - qos:0 - size:1024
2018-05-15_23:13:03:815- message received - id:0 - topic:mqtt-roundtrip-qos1-1KByte-100-cycles_2 - qos:0 - size:1024
2018-05-15_23:13:03:815- message received - id:0 - topic:mqtt-roundtrip-qos1-1KByte-100-cycles_2 - qos:0 - size:1024
2018-05-15_23:13:03:816- message received - id:0 - topic:mqtt-roundtrip-qos1-1KByte-100-cycles_2 - qos:0 - size:1024
2018-05-15_23:13:03:816- message received - id:0 - topic:mqtt-roundtrip-qos1-1KByte-100-cycles_2 - qos:0 - size:1024
2018-05-15_23:13:03:817- message received - id:0 - topic:mqtt-roundtrip-qos1-1KByte-100-cycles_2 - qos:0 - size:1024
2018-05-15_23:13:03:818- message received - id:0 - topic:mqtt-roundtrip-qos1-1KByte-100-cycles_2 - qos:0 - size:1024
2018-05-15_23:13:03:819- message sent - id:65 - topic:mqtt-roundtrip-qos1-1KByte-100-cycles - qos:1 - size:1024
2018-05-15_23:13:03:819- message sent - id:66 - topic:mqtt-roundtrip-qos1-1KByte-100-cycles - qos:1 - size:1024
2018-05-15_23:13:03:819- message sent - id:67 - topic:mqtt-roundtrip-qos1-1KByte-100-cycles - qos:1 - size:1024
2018-05-15_23:13:03:820- message sent - id:68 - topic:mqtt-roundtrip-qos1-1KByte-100-cycles - qos:1 - size:1024
2018-05-15_23:13:03:820- message sent - id:69 - topic:mqtt-roundtrip-qos1-1KByte-100-cycles - qos:1 - size:1024
2018-05-15_23:13:03:821- message sent - id:70 - topic:mqtt-roundtrip-qos1-1KByte-100-cycles - qos:1 - size:1024
2018-05-15_23:13:03:821- message sent - id:71 - topic:mqtt-roundtrip-qos1-1KByte-100-cycles - qos:1 - size:1024
2018-05-15_23:13:03:821- message sent - id:72 - topic:mqtt-roundtrip-qos1-1KByte-100-cycles - qos:1 - size:1024
2018-05-15_23:13:03:821- message sent - id:73 - topic:mqtt-roundtrip-qos1-1KByte-100-cycles - qos:1 - size:1024
2018-05-15_23:13:03:822- message sent - id:74 - topic:mqtt-roundtrip-qos1-1KByte-100-cycles - qos:1 - size:1024
2018-05-15_23:13:03:822- message sent - id:75 - topic:mqtt-roundtrip-qos1-1KByte-100-cycles - qos:1 - size:1024
2018-05-15_23:13:03:822- message sent - id:76 - topic:mqtt-roundtrip-qos1-1KByte-100-cycles - qos:1 - size:1024
2018-05-15_23:13:03:822- message sent - id:77 - topic:mqtt-roundtrip-qos1-1KByte-100-cycles - qos:1 - size:1024
2018-05-15_23:13:03:822- message received - id:0 - topic:mqtt-roundtrip-qos1-1KByte-100-cycles_2 - qos:0 - size:1024
2018-05-15_23:13:03:823- message sent - id:78 - topic:mqtt-roundtrip-qos1-1KByte-100-cycles - qos:1 - size:1024
2018-05-15_23:13:03:823- message sent - id:79 - topic:mqtt-roundtrip-qos1-1KByte-100-cycles - qos:1 - size:1024
2018-05-15_23:13:03:823- message sent - id:80 - topic:mqtt-roundtrip-qos1-1KByte-100-cycles - qos:1 - size:1024
2018-05-15_23:13:03:823- message received - id:0 - topic:mqtt-roundtrip-qos1-1KByte-100-cycles_2 - qos:0 - size:1024
2018-05-15_23:13:03:823- message sent - id:81 - topic:mqtt-roundtrip-qos1-1KByte-100-cycles - qos:1 - size:1024
2018-05-15_23:13:03:824- message received - id:0 - topic:mqtt-roundtrip-qos1-1KByte-100-cycles_2 - qos:0 - size:1024
2018-05-15_23:13:03:824- message sent - id:82 - topic:mqtt-roundtrip-qos1-1KByte-100-cycles - qos:1 - size:1024
2018-05-15_23:13:03:824- message received - id:0 - topic:mqtt-roundtrip-qos1-1KByte-100-cycles_2 - qos:0 - size:1024
2018-05-15_23:13:03:824- message sent - id:83 - topic:mqtt-roundtrip-qos1-1KByte-100-cycles - qos:1 - size:1024
2018-05-15_23:13:03:824- message received - id:0 - topic:mqtt-roundtrip-qos1-1KByte-100-cycles_2 - qos:0 - size:1024
2018-05-15_23:13:03:825- message sent - id:84 - topic:mqtt-roundtrip-qos1-1KByte-100-cycles - qos:1 - size:1024
2018-05-15_23:13:03:825- message received - id:0 - topic:mqtt-roundtrip-qos1-1KByte-100-cycles_2 - qos:0 - size:1024
2018-05-15_23:13:03:825- message received - id:0 - topic:mqtt-roundtrip-qos1-1KByte-100-cycles_2 - qos:0 - size:1024
2018-05-15_23:13:03:825- message received - id:0 - topic:mqtt-roundtrip-qos1-1KByte-100-cycles_2 - qos:0 - size:1024
2018-05-15_23:13:03:826- message received - id:0 - topic:mqtt-roundtrip-qos1-1KByte-100-cycles_2 - qos:0 - size:1024
2018-05-15_23:13:03:826- message received - id:0 - topic:mqtt-roundtrip-qos1-1KByte-100-cycles_2 - qos:0 - size:1024
2018-05-15_23:13:03:826- message received - id:0 - topic:mqtt-roundtrip-qos1-1KByte-100-cycles_2 - qos:0 - size:1024
2018-05-15_23:13:03:826- message received - id:0 - topic:mqtt-roundtrip-qos1-1KByte-100-cycles_2 - qos:0 - size:1024
2018-05-15_23:13:03:826- message received - id:0 - topic:mqtt-roundtrip-qos1-1KByte-100-cycles_2 - qos:0 - size:1024
2018-05-15_23:13:03:826- message received - id:0 - topic:mqtt-roundtrip-qos1-1KByte-100-cycles_2 - qos:0 - size:1024
2018-05-15_23:13:03:827- message received - id:0 - topic:mqtt-roundtrip-qos1-1KByte-100-cycles_2 - qos:0 - size:1024
2018-05-15_23:13:03:828- message received - id:0 - topic:mqtt-roundtrip-qos1-1KByte-100-cycles_2 - qos:0 - size:1024
2018-05-15_23:13:03:828- message received - id:0 - topic:mqtt-roundtrip-qos1-1KByte-100-cycles_2 - qos:0 - size:1024
2018-05-15_23:13:03:829- message sent - id:85 - topic:mqtt-roundtrip-qos1-1KByte-100-cycles - qos:1 - size:1024
2018-05-15_23:13:03:829- message sent - id:86 - topic:mqtt-roundtrip-qos1-1KByte-100-cycles - qos:1 - size:1024
2018-05-15_23:13:03:830- message sent - id:87 - topic:mqtt-roundtrip-qos1-1KByte-100-cycles - qos:1 - size:1024
2018-05-15_23:13:03:830- message sent - id:88 - topic:mqtt-roundtrip-qos1-1KByte-100-cycles - qos:1 - size:1024
2018-05-15_23:13:03:830- message received - id:0 - topic:mqtt-roundtrip-qos1-1KByte-100-cycles_2 - qos:0 - size:1024
2018-05-15_23:13:03:830- message sent - id:89 - topic:mqtt-roundtrip-qos1-1KByte-100-cycles - qos:1 - size:1024
2018-05-15_23:13:03:831- message received - id:0 - topic:mqtt-roundtrip-qos1-1KByte-100-cycles_2 - qos:0 - size:1024
2018-05-15_23:13:03:831- message sent - id:90 - topic:mqtt-roundtrip-qos1-1KByte-100-cycles - qos:1 - size:1024
2018-05-15_23:13:03:831- message received - id:0 - topic:mqtt-roundtrip-qos1-1KByte-100-cycles_2 - qos:0 - size:1024
2018-05-15_23:13:03:831- message sent - id:91 - topic:mqtt-roundtrip-qos1-1KByte-100-cycles - qos:1 - size:1024
2018-05-15_23:13:03:831- message received - id:0 - topic:mqtt-roundtrip-qos1-1KByte-100-cycles_2 - qos:0 - size:1024
2018-05-15_23:13:03:831- message sent - id:92 - topic:mqtt-roundtrip-qos1-1KByte-100-cycles - qos:1 - size:1024
2018-05-15_23:13:03:832- message received - id:0 - topic:mqtt-roundtrip-qos1-1KByte-100-cycles_2 - qos:0 - size:1024
2018-05-15_23:13:03:832- message sent - id:93 - topic:mqtt-roundtrip-qos1-1KByte-100-cycles - qos:1 - size:1024
2018-05-15_23:13:03:832- message received - id:0 - topic:mqtt-roundtrip-qos1-1KByte-100-cycles_2 - qos:0 - size:1024
2018-05-15_23:13:03:832- message sent - id:94 - topic:mqtt-roundtrip-qos1-1KByte-100-cycles - qos:1 - size:1024
2018-05-15_23:13:03:832- message received - id:0 - topic:mqtt-roundtrip-qos1-1KByte-100-cycles_2 - qos:0 - size:1024
2018-05-15_23:13:03:833- message sent - id:95 - topic:mqtt-roundtrip-qos1-1KByte-100-cycles - qos:1 - size:1024
2018-05-15_23:13:03:833- message sent - id:96 - topic:mqtt-roundtrip-qos1-1KByte-100-cycles - qos:1 - size:1024
2018-05-15_23:13:03:833- message received - id:0 - topic:mqtt-roundtrip-qos1-1KByte-100-cycles_2 - qos:0 - size:1024
2018-05-15_23:13:03:833- message sent - id:97 - topic:mqtt-roundtrip-qos1-1KByte-100-cycles - qos:1 - size:1024
2018-05-15_23:13:03:833- message sent - id:98 - topic:mqtt-roundtrip-qos1-1KByte-100-cycles - qos:1 - size:1024
2018-05-15_23:13:03:834- message received - id:0 - topic:mqtt-roundtrip-qos1-1KByte-100-cycles_2 - qos:0 - size:1024
2018-05-15_23:13:03:834- message sent - id:99 - topic:mqtt-roundtrip-qos1-1KByte-100-cycles - qos:1 - size:1024
2018-05-15_23:13:03:834- message sent - id:100 - topic:mqtt-roundtrip-qos1-1KByte-100-cycles - qos:1 - size:1024
2018-05-15_23:13:03:834- message received - id:0 - topic:mqtt-roundtrip-qos1-1KByte-100-cycles_2 - qos:0 - size:1024
2018-05-15_23:13:03:834- message sent - id:101 - topic:mqtt-roundtrip-qos1-1KByte-100-cycles - qos:1 - size:1024
2018-05-15_23:13:03:834- message received - id:0 - topic:mqtt-roundtrip-qos1-1KByte-100-cycles_2 - qos:0 - size:1024
2018-05-15_23:13:03:835- message received - id:0 - topic:mqtt-roundtrip-qos1-1KByte-100-cycles_2 - qos:0 - size:1024
2018-05-15_23:13:03:835- message received - id:0 - topic:mqtt-roundtrip-qos1-1KByte-100-cycles_2 - qos:0 - size:1024
2018-05-15_23:13:03:835- message received - id:0 - topic:mqtt-roundtrip-qos1-1KByte-100-cycles_2 - qos:0 - size:1024
2018-05-15_23:13:03:836- message received - id:0 - topic:mqtt-roundtrip-qos1-1KByte-100-cycles_2 - qos:0 - size:1024
2018-05-15_23:13:03:836- message received - id:0 - topic:mqtt-roundtrip-qos1-1KByte-100-cycles_2 - qos:0 - size:1024
2018-05-15_23:13:03:837- message received - id:0 - topic:mqtt-roundtrip-qos1-1KByte-100-cycles_2 - qos:0 - size:1024
2018-05-15_23:13:03:837- message received - id:0 - topic:mqtt-roundtrip-qos1-1KByte-100-cycles_2 - qos:0 - size:1024
2018-05-15_23:13:03:838- message received - id:0 - topic:mqtt-roundtrip-qos1-1KByte-100-cycles_2 - qos:0 - size:1024
2018-05-15_23:13:03:838- message received - id:0 - topic:mqtt-roundtrip-qos1-1KByte-100-cycles_2 - qos:0 - size:1024
2018-05-15_23:13:03:839- message received - id:0 - topic:mqtt-roundtrip-qos1-1KByte-100-cycles_2 - qos:0 - size:1024
2018-05-15_23:13:03:839- message received - id:0 - topic:mqtt-roundtrip-qos1-1KByte-100-cycles_2 - qos:0 - size:1024
2018-05-15_23:13:03:840- message received - id:0 - topic:mqtt-roundtrip-qos1-1KByte-100-cycles_2 - qos:0 - size:1024
2018-05-15_23:13:03:840- message received - id:0 - topic:mqtt-roundtrip-qos1-1KByte-100-cycles_2 - qos:0 - size:1024
2018-05-15_23:13:03:841- message received - id:0 - topic:mqtt-roundtrip-qos1-1KByte-100-cycles_2 - qos:0 - size:1024
2018-05-15_23:13:03:841- message received - id:0 - topic:mqtt-roundtrip-qos1-1KByte-100-cycles_2 - qos:0 - size:1024
2018-05-15_23:13:03:841- message received - id:0 - topic:mqtt-roundtrip-qos1-1KByte-100-cycles_2 - qos:0 - size:1024
2018-05-15_23:13:03:842- message received - id:0 - topic:mqtt-roundtrip-qos1-1KByte-100-cycles_2 - qos:0 - size:1024
2018-05-15_23:13:03:842- message received - id:0 - topic:mqtt-roundtrip-qos1-1KByte-100-cycles_2 - qos:0 - size:1024
2018-05-15_23:13:03:843- message received - id:0 - topic:mqtt-roundtrip-qos1-1KByte-100-cycles_2 - qos:0 - size:1024
2018-05-15_23:13:03:843- message received - id:0 - topic:mqtt-roundtrip-qos1-1KByte-100-cycles_2 - qos:0 - size:1024
2018-05-15_23:13:03:844- message received - id:0 - topic:mqtt-roundtrip-qos1-1KByte-100-cycles_2 - qos:0 - size:1024
2018-05-15_23:13:03:844- message received - id:0 - topic:mqtt-roundtrip-qos1-1KByte-100-cycles_2 - qos:0 - size:1024
2018-05-15_23:13:03:845- message received - id:0 - topic:mqtt-roundtrip-qos1-1KByte-100-cycles_2 - qos:0 - size:1024
2018-05-15_23:13:03:845- message received - id:0 - topic:mqtt-roundtrip-qos1-1KByte-100-cycles_2 - qos:0 - size:1024
2018-05-15_23:13:03:845- message received - id:0 - topic:mqtt-roundtrip-qos1-1KByte-100-cycles_2 - qos:0 - size:1024
2018-05-15_23:13:03:890- message received - id:0 - topic:mqtt-roundtrip-qos1-1KByte-100-cycles_2 - qos:0 - size:1024
