2018-05-15_23:09:42:200- connecting to broker 192.168.1.100:1883
2018-05-15_23:09:42:202- Subscribing to topic mqtt-roundtrip-qos1-1500Byte-10-cycles_2
2018-05-15_23:09:42:202- subscribe returned (0, 1)
2018-05-15_23:09:42:202- Client connected to broker
2018-05-15_23:09:45:907- Performing message publishing for 10 cycles
2018-05-15_23:09:45:908- message sent - id:2 - topic:mqtt-roundtrip-qos1-1500Byte-10-cycles - qos:1 - size:1500
2018-05-15_23:09:45:909- message sent - id:3 - topic:mqtt-roundtrip-qos1-1500Byte-10-cycles - qos:1 - size:1500
2018-05-15_23:09:45:911- message sent - id:4 - topic:mqtt-roundtrip-qos1-1500Byte-10-cycles - qos:1 - size:1500
2018-05-15_23:09:45:911- message sent - id:5 - topic:mqtt-roundtrip-qos1-1500Byte-10-cycles - qos:1 - size:1500
2018-05-15_23:09:45:912- message received - id:0 - topic:mqtt-roundtrip-qos1-1500Byte-10-cycles_2 - qos:0 - size:1500
2018-05-15_23:09:45:912- message sent - id:6 - topic:mqtt-roundtrip-qos1-1500Byte-10-cycles - qos:1 - size:1500
2018-05-15_23:09:45:913- message received - id:0 - topic:mqtt-roundtrip-qos1-1500Byte-10-cycles_2 - qos:0 - size:1500
2018-05-15_23:09:45:913- message sent - id:7 - topic:mqtt-roundtrip-qos1-1500Byte-10-cycles - qos:1 - size:1500
2018-05-15_23:09:45:913- message sent - id:8 - topic:mqtt-roundtrip-qos1-1500Byte-10-cycles - qos:1 - size:1500
2018-05-15_23:09:45:914- message sent - id:9 - topic:mqtt-roundtrip-qos1-1500Byte-10-cycles - qos:1 - size:1500
2018-05-15_23:09:45:914- message sent - id:10 - topic:mqtt-roundtrip-qos1-1500Byte-10-cycles - qos:1 - size:1500
2018-05-15_23:09:45:914- message sent - id:11 - topic:mqtt-roundtrip-qos1-1500Byte-10-cycles - qos:1 - size:1500
2018-05-15_23:09:45:914- message received - id:0 - topic:mqtt-roundtrip-qos1-1500Byte-10-cycles_2 - qos:0 - size:1500
2018-05-15_23:09:45:915- message received - id:0 - topic:mqtt-roundtrip-qos1-1500Byte-10-cycles_2 - qos:0 - size:1500
2018-05-15_23:09:45:915- message received - id:0 - topic:mqtt-roundtrip-qos1-1500Byte-10-cycles_2 - qos:0 - size:1500
2018-05-15_23:09:45:915- message received - id:0 - topic:mqtt-roundtrip-qos1-1500Byte-10-cycles_2 - qos:0 - size:1500
2018-05-15_23:09:45:916- message received - id:0 - topic:mqtt-roundtrip-qos1-1500Byte-10-cycles_2 - qos:0 - size:1500
2018-05-15_23:09:45:917- message received - id:0 - topic:mqtt-roundtrip-qos1-1500Byte-10-cycles_2 - qos:0 - size:1500
2018-05-15_23:09:45:918- message received - id:0 - topic:mqtt-roundtrip-qos1-1500Byte-10-cycles_2 - qos:0 - size:1500
2018-05-15_23:09:45:919- message received - id:0 - topic:mqtt-roundtrip-qos1-1500Byte-10-cycles_2 - qos:0 - size:1500
