2018-05-15_23:06:51:966- connecting to broker 192.168.1.100:1883
2018-05-15_23:06:51:968- Subscribing to topicmqtt-roundtrip-qos2-100Byte-100-cycles
2018-05-15_23:06:51:968- subscribe returned (0, 1)
2018-05-15_23:06:51:968- Client connected to broker
2018-05-15_23:06:52:951- message received - id:0 - topic:mqtt-roundtrip-qos2-100Byte-100-cycles - qos:0 - size:100
2018-05-15_23:06:52:952- message sent - id:0 - topic:mqtt-roundtrip-qos2-100Byte-100-cycles_2 - qos:0 - size:100
2018-05-15_23:06:52:952- message received - id:0 - topic:mqtt-roundtrip-qos2-100Byte-100-cycles - qos:0 - size:100
2018-05-15_23:06:52:952- message sent - id:0 - topic:mqtt-roundtrip-qos2-100Byte-100-cycles_2 - qos:0 - size:100
2018-05-15_23:06:52:955- message received - id:0 - topic:mqtt-roundtrip-qos2-100Byte-100-cycles - qos:0 - size:100
2018-05-15_23:06:52:955- message sent - id:0 - topic:mqtt-roundtrip-qos2-100Byte-100-cycles_2 - qos:0 - size:100
2018-05-15_23:06:52:956- message received - id:0 - topic:mqtt-roundtrip-qos2-100Byte-100-cycles - qos:0 - size:100
2018-05-15_23:06:52:956- message sent - id:0 - topic:mqtt-roundtrip-qos2-100Byte-100-cycles_2 - qos:0 - size:100
2018-05-15_23:06:52:956- message received - id:0 - topic:mqtt-roundtrip-qos2-100Byte-100-cycles - qos:0 - size:100
2018-05-15_23:06:52:956- message sent - id:0 - topic:mqtt-roundtrip-qos2-100Byte-100-cycles_2 - qos:0 - size:100
2018-05-15_23:06:52:957- message received - id:0 - topic:mqtt-roundtrip-qos2-100Byte-100-cycles - qos:0 - size:100
2018-05-15_23:06:52:957- message sent - id:0 - topic:mqtt-roundtrip-qos2-100Byte-100-cycles_2 - qos:0 - size:100
2018-05-15_23:06:52:957- message received - id:0 - topic:mqtt-roundtrip-qos2-100Byte-100-cycles - qos:0 - size:100
2018-05-15_23:06:52:957- message sent - id:0 - topic:mqtt-roundtrip-qos2-100Byte-100-cycles_2 - qos:0 - size:100
2018-05-15_23:06:52:957- message received - id:0 - topic:mqtt-roundtrip-qos2-100Byte-100-cycles - qos:0 - size:100
2018-05-15_23:06:52:958- message sent - id:0 - topic:mqtt-roundtrip-qos2-100Byte-100-cycles_2 - qos:0 - size:100
2018-05-15_23:06:52:958- message received - id:0 - topic:mqtt-roundtrip-qos2-100Byte-100-cycles - qos:0 - size:100
2018-05-15_23:06:52:958- message sent - id:0 - topic:mqtt-roundtrip-qos2-100Byte-100-cycles_2 - qos:0 - size:100
2018-05-15_23:06:52:958- message received - id:0 - topic:mqtt-roundtrip-qos2-100Byte-100-cycles - qos:0 - size:100
2018-05-15_23:06:52:958- message sent - id:0 - topic:mqtt-roundtrip-qos2-100Byte-100-cycles_2 - qos:0 - size:100
2018-05-15_23:06:52:958- message received - id:0 - topic:mqtt-roundtrip-qos2-100Byte-100-cycles - qos:0 - size:100
2018-05-15_23:06:52:959- message sent - id:0 - topic:mqtt-roundtrip-qos2-100Byte-100-cycles_2 - qos:0 - size:100
2018-05-15_23:06:52:959- message received - id:0 - topic:mqtt-roundtrip-qos2-100Byte-100-cycles - qos:0 - size:100
2018-05-15_23:06:52:959- message sent - id:0 - topic:mqtt-roundtrip-qos2-100Byte-100-cycles_2 - qos:0 - size:100
2018-05-15_23:06:52:959- message received - id:0 - topic:mqtt-roundtrip-qos2-100Byte-100-cycles - qos:0 - size:100
2018-05-15_23:06:52:959- message sent - id:0 - topic:mqtt-roundtrip-qos2-100Byte-100-cycles_2 - qos:0 - size:100
2018-05-15_23:06:52:960- message received - id:0 - topic:mqtt-roundtrip-qos2-100Byte-100-cycles - qos:0 - size:100
2018-05-15_23:06:52:960- message sent - id:0 - topic:mqtt-roundtrip-qos2-100Byte-100-cycles_2 - qos:0 - size:100
2018-05-15_23:06:52:960- message received - id:0 - topic:mqtt-roundtrip-qos2-100Byte-100-cycles - qos:0 - size:100
2018-05-15_23:06:52:960- message sent - id:0 - topic:mqtt-roundtrip-qos2-100Byte-100-cycles_2 - qos:0 - size:100
2018-05-15_23:06:52:961- message received - id:0 - topic:mqtt-roundtrip-qos2-100Byte-100-cycles - qos:0 - size:100
2018-05-15_23:06:52:961- message sent - id:0 - topic:mqtt-roundtrip-qos2-100Byte-100-cycles_2 - qos:0 - size:100
2018-05-15_23:06:52:961- message received - id:0 - topic:mqtt-roundtrip-qos2-100Byte-100-cycles - qos:0 - size:100
2018-05-15_23:06:52:961- message sent - id:0 - topic:mqtt-roundtrip-qos2-100Byte-100-cycles_2 - qos:0 - size:100
2018-05-15_23:06:52:961- message received - id:0 - topic:mqtt-roundtrip-qos2-100Byte-100-cycles - qos:0 - size:100
2018-05-15_23:06:52:961- message sent - id:0 - topic:mqtt-roundtrip-qos2-100Byte-100-cycles_2 - qos:0 - size:100
2018-05-15_23:06:52:962- message received - id:0 - topic:mqtt-roundtrip-qos2-100Byte-100-cycles - qos:0 - size:100
2018-05-15_23:06:52:962- message sent - id:0 - topic:mqtt-roundtrip-qos2-100Byte-100-cycles_2 - qos:0 - size:100
2018-05-15_23:06:52:962- message received - id:0 - topic:mqtt-roundtrip-qos2-100Byte-100-cycles - qos:0 - size:100
2018-05-15_23:06:52:962- message sent - id:0 - topic:mqtt-roundtrip-qos2-100Byte-100-cycles_2 - qos:0 - size:100
2018-05-15_23:06:52:962- message received - id:0 - topic:mqtt-roundtrip-qos2-100Byte-100-cycles - qos:0 - size:100
2018-05-15_23:06:52:963- message sent - id:0 - topic:mqtt-roundtrip-qos2-100Byte-100-cycles_2 - qos:0 - size:100
2018-05-15_23:06:52:963- message received - id:0 - topic:mqtt-roundtrip-qos2-100Byte-100-cycles - qos:0 - size:100
2018-05-15_23:06:52:963- message sent - id:0 - topic:mqtt-roundtrip-qos2-100Byte-100-cycles_2 - qos:0 - size:100
2018-05-15_23:06:52:963- message received - id:0 - topic:mqtt-roundtrip-qos2-100Byte-100-cycles - qos:0 - size:100
2018-05-15_23:06:52:963- message sent - id:0 - topic:mqtt-roundtrip-qos2-100Byte-100-cycles_2 - qos:0 - size:100
2018-05-15_23:06:52:964- message received - id:0 - topic:mqtt-roundtrip-qos2-100Byte-100-cycles - qos:0 - size:100
2018-05-15_23:06:52:964- message sent - id:0 - topic:mqtt-roundtrip-qos2-100Byte-100-cycles_2 - qos:0 - size:100
2018-05-15_23:06:52:964- message received - id:0 - topic:mqtt-roundtrip-qos2-100Byte-100-cycles - qos:0 - size:100
2018-05-15_23:06:52:964- message sent - id:0 - topic:mqtt-roundtrip-qos2-100Byte-100-cycles_2 - qos:0 - size:100
2018-05-15_23:06:52:964- message received - id:0 - topic:mqtt-roundtrip-qos2-100Byte-100-cycles - qos:0 - size:100
2018-05-15_23:06:52:964- message sent - id:0 - topic:mqtt-roundtrip-qos2-100Byte-100-cycles_2 - qos:0 - size:100
2018-05-15_23:06:52:965- message received - id:0 - topic:mqtt-roundtrip-qos2-100Byte-100-cycles - qos:0 - size:100
2018-05-15_23:06:52:965- message sent - id:0 - topic:mqtt-roundtrip-qos2-100Byte-100-cycles_2 - qos:0 - size:100
2018-05-15_23:06:52:965- message received - id:0 - topic:mqtt-roundtrip-qos2-100Byte-100-cycles - qos:0 - size:100
2018-05-15_23:06:52:965- message sent - id:0 - topic:mqtt-roundtrip-qos2-100Byte-100-cycles_2 - qos:0 - size:100
2018-05-15_23:06:52:965- message received - id:0 - topic:mqtt-roundtrip-qos2-100Byte-100-cycles - qos:0 - size:100
2018-05-15_23:06:52:966- message sent - id:0 - topic:mqtt-roundtrip-qos2-100Byte-100-cycles_2 - qos:0 - size:100
2018-05-15_23:06:52:966- message received - id:0 - topic:mqtt-roundtrip-qos2-100Byte-100-cycles - qos:0 - size:100
2018-05-15_23:06:52:966- message sent - id:0 - topic:mqtt-roundtrip-qos2-100Byte-100-cycles_2 - qos:0 - size:100
2018-05-15_23:06:52:966- message received - id:0 - topic:mqtt-roundtrip-qos2-100Byte-100-cycles - qos:0 - size:100
2018-05-15_23:06:52:966- message sent - id:0 - topic:mqtt-roundtrip-qos2-100Byte-100-cycles_2 - qos:0 - size:100
2018-05-15_23:06:52:967- message received - id:0 - topic:mqtt-roundtrip-qos2-100Byte-100-cycles - qos:0 - size:100
2018-05-15_23:06:52:967- message sent - id:0 - topic:mqtt-roundtrip-qos2-100Byte-100-cycles_2 - qos:0 - size:100
2018-05-15_23:06:52:967- message received - id:0 - topic:mqtt-roundtrip-qos2-100Byte-100-cycles - qos:0 - size:100
2018-05-15_23:06:52:967- message sent - id:0 - topic:mqtt-roundtrip-qos2-100Byte-100-cycles_2 - qos:0 - size:100
2018-05-15_23:06:52:967- message received - id:0 - topic:mqtt-roundtrip-qos2-100Byte-100-cycles - qos:0 - size:100
2018-05-15_23:06:52:968- message sent - id:0 - topic:mqtt-roundtrip-qos2-100Byte-100-cycles_2 - qos:0 - size:100
2018-05-15_23:06:52:968- message received - id:0 - topic:mqtt-roundtrip-qos2-100Byte-100-cycles - qos:0 - size:100
2018-05-15_23:06:52:968- message sent - id:0 - topic:mqtt-roundtrip-qos2-100Byte-100-cycles_2 - qos:0 - size:100
2018-05-15_23:06:52:968- message received - id:0 - topic:mqtt-roundtrip-qos2-100Byte-100-cycles - qos:0 - size:100
2018-05-15_23:06:52:968- message sent - id:0 - topic:mqtt-roundtrip-qos2-100Byte-100-cycles_2 - qos:0 - size:100
2018-05-15_23:06:52:969- message received - id:0 - topic:mqtt-roundtrip-qos2-100Byte-100-cycles - qos:0 - size:100
2018-05-15_23:06:52:969- message sent - id:0 - topic:mqtt-roundtrip-qos2-100Byte-100-cycles_2 - qos:0 - size:100
2018-05-15_23:06:52:969- message received - id:0 - topic:mqtt-roundtrip-qos2-100Byte-100-cycles - qos:0 - size:100
2018-05-15_23:06:52:969- message sent - id:0 - topic:mqtt-roundtrip-qos2-100Byte-100-cycles_2 - qos:0 - size:100
2018-05-15_23:06:52:969- message received - id:0 - topic:mqtt-roundtrip-qos2-100Byte-100-cycles - qos:0 - size:100
2018-05-15_23:06:52:969- message sent - id:0 - topic:mqtt-roundtrip-qos2-100Byte-100-cycles_2 - qos:0 - size:100
2018-05-15_23:06:52:970- message received - id:0 - topic:mqtt-roundtrip-qos2-100Byte-100-cycles - qos:0 - size:100
2018-05-15_23:06:52:970- message sent - id:0 - topic:mqtt-roundtrip-qos2-100Byte-100-cycles_2 - qos:0 - size:100
2018-05-15_23:06:52:970- message received - id:0 - topic:mqtt-roundtrip-qos2-100Byte-100-cycles - qos:0 - size:100
2018-05-15_23:06:52:970- message sent - id:0 - topic:mqtt-roundtrip-qos2-100Byte-100-cycles_2 - qos:0 - size:100
2018-05-15_23:06:52:970- message received - id:0 - topic:mqtt-roundtrip-qos2-100Byte-100-cycles - qos:0 - size:100
2018-05-15_23:06:52:970- message sent - id:0 - topic:mqtt-roundtrip-qos2-100Byte-100-cycles_2 - qos:0 - size:100
2018-05-15_23:06:52:971- message received - id:0 - topic:mqtt-roundtrip-qos2-100Byte-100-cycles - qos:0 - size:100
2018-05-15_23:06:52:971- message sent - id:0 - topic:mqtt-roundtrip-qos2-100Byte-100-cycles_2 - qos:0 - size:100
2018-05-15_23:06:52:972- message received - id:0 - topic:mqtt-roundtrip-qos2-100Byte-100-cycles - qos:0 - size:100
2018-05-15_23:06:52:972- message sent - id:0 - topic:mqtt-roundtrip-qos2-100Byte-100-cycles_2 - qos:0 - size:100
2018-05-15_23:06:52:972- message received - id:0 - topic:mqtt-roundtrip-qos2-100Byte-100-cycles - qos:0 - size:100
2018-05-15_23:06:52:972- message sent - id:0 - topic:mqtt-roundtrip-qos2-100Byte-100-cycles_2 - qos:0 - size:100
2018-05-15_23:06:52:973- message received - id:0 - topic:mqtt-roundtrip-qos2-100Byte-100-cycles - qos:0 - size:100
2018-05-15_23:06:52:973- message sent - id:0 - topic:mqtt-roundtrip-qos2-100Byte-100-cycles_2 - qos:0 - size:100
2018-05-15_23:06:52:974- message received - id:0 - topic:mqtt-roundtrip-qos2-100Byte-100-cycles - qos:0 - size:100
2018-05-15_23:06:52:974- message sent - id:0 - topic:mqtt-roundtrip-qos2-100Byte-100-cycles_2 - qos:0 - size:100
2018-05-15_23:06:52:974- message received - id:0 - topic:mqtt-roundtrip-qos2-100Byte-100-cycles - qos:0 - size:100
2018-05-15_23:06:52:976- message sent - id:0 - topic:mqtt-roundtrip-qos2-100Byte-100-cycles_2 - qos:0 - size:100
2018-05-15_23:06:52:977- message received - id:0 - topic:mqtt-roundtrip-qos2-100Byte-100-cycles - qos:0 - size:100
2018-05-15_23:06:52:977- message sent - id:0 - topic:mqtt-roundtrip-qos2-100Byte-100-cycles_2 - qos:0 - size:100
2018-05-15_23:06:52:978- message received - id:0 - topic:mqtt-roundtrip-qos2-100Byte-100-cycles - qos:0 - size:100
2018-05-15_23:06:52:978- message sent - id:0 - topic:mqtt-roundtrip-qos2-100Byte-100-cycles_2 - qos:0 - size:100
2018-05-15_23:06:52:978- message received - id:0 - topic:mqtt-roundtrip-qos2-100Byte-100-cycles - qos:0 - size:100
2018-05-15_23:06:52:978- message sent - id:0 - topic:mqtt-roundtrip-qos2-100Byte-100-cycles_2 - qos:0 - size:100
2018-05-15_23:06:52:979- message received - id:0 - topic:mqtt-roundtrip-qos2-100Byte-100-cycles - qos:0 - size:100
2018-05-15_23:06:52:979- message sent - id:0 - topic:mqtt-roundtrip-qos2-100Byte-100-cycles_2 - qos:0 - size:100
2018-05-15_23:06:52:979- message received - id:0 - topic:mqtt-roundtrip-qos2-100Byte-100-cycles - qos:0 - size:100
2018-05-15_23:06:52:979- message sent - id:0 - topic:mqtt-roundtrip-qos2-100Byte-100-cycles_2 - qos:0 - size:100
2018-05-15_23:06:52:980- message received - id:0 - topic:mqtt-roundtrip-qos2-100Byte-100-cycles - qos:0 - size:100
2018-05-15_23:06:52:980- message sent - id:0 - topic:mqtt-roundtrip-qos2-100Byte-100-cycles_2 - qos:0 - size:100
2018-05-15_23:06:52:980- message received - id:0 - topic:mqtt-roundtrip-qos2-100Byte-100-cycles - qos:0 - size:100
2018-05-15_23:06:52:980- message sent - id:0 - topic:mqtt-roundtrip-qos2-100Byte-100-cycles_2 - qos:0 - size:100
2018-05-15_23:06:52:980- message received - id:0 - topic:mqtt-roundtrip-qos2-100Byte-100-cycles - qos:0 - size:100
2018-05-15_23:06:52:980- message sent - id:0 - topic:mqtt-roundtrip-qos2-100Byte-100-cycles_2 - qos:0 - size:100
2018-05-15_23:06:52:981- message received - id:0 - topic:mqtt-roundtrip-qos2-100Byte-100-cycles - qos:0 - size:100
2018-05-15_23:06:52:981- message sent - id:0 - topic:mqtt-roundtrip-qos2-100Byte-100-cycles_2 - qos:0 - size:100
2018-05-15_23:06:52:981- message received - id:0 - topic:mqtt-roundtrip-qos2-100Byte-100-cycles - qos:0 - size:100
2018-05-15_23:06:52:981- message sent - id:0 - topic:mqtt-roundtrip-qos2-100Byte-100-cycles_2 - qos:0 - size:100
2018-05-15_23:06:52:981- message received - id:0 - topic:mqtt-roundtrip-qos2-100Byte-100-cycles - qos:0 - size:100
2018-05-15_23:06:52:982- message sent - id:0 - topic:mqtt-roundtrip-qos2-100Byte-100-cycles_2 - qos:0 - size:100
2018-05-15_23:06:52:982- message received - id:0 - topic:mqtt-roundtrip-qos2-100Byte-100-cycles - qos:0 - size:100
2018-05-15_23:06:52:982- message sent - id:0 - topic:mqtt-roundtrip-qos2-100Byte-100-cycles_2 - qos:0 - size:100
2018-05-15_23:06:52:982- message received - id:0 - topic:mqtt-roundtrip-qos2-100Byte-100-cycles - qos:0 - size:100
2018-05-15_23:06:52:983- message sent - id:0 - topic:mqtt-roundtrip-qos2-100Byte-100-cycles_2 - qos:0 - size:100
2018-05-15_23:06:52:983- message received - id:0 - topic:mqtt-roundtrip-qos2-100Byte-100-cycles - qos:0 - size:100
2018-05-15_23:06:52:983- message sent - id:0 - topic:mqtt-roundtrip-qos2-100Byte-100-cycles_2 - qos:0 - size:100
2018-05-15_23:06:52:984- message received - id:0 - topic:mqtt-roundtrip-qos2-100Byte-100-cycles - qos:0 - size:100
2018-05-15_23:06:52:984- message sent - id:0 - topic:mqtt-roundtrip-qos2-100Byte-100-cycles_2 - qos:0 - size:100
2018-05-15_23:06:52:984- message received - id:0 - topic:mqtt-roundtrip-qos2-100Byte-100-cycles - qos:0 - size:100
2018-05-15_23:06:52:984- message sent - id:0 - topic:mqtt-roundtrip-qos2-100Byte-100-cycles_2 - qos:0 - size:100
2018-05-15_23:06:52:984- message received - id:0 - topic:mqtt-roundtrip-qos2-100Byte-100-cycles - qos:0 - size:100
2018-05-15_23:06:52:985- message sent - id:0 - topic:mqtt-roundtrip-qos2-100Byte-100-cycles_2 - qos:0 - size:100
2018-05-15_23:06:52:985- message received - id:0 - topic:mqtt-roundtrip-qos2-100Byte-100-cycles - qos:0 - size:100
2018-05-15_23:06:52:985- message sent - id:0 - topic:mqtt-roundtrip-qos2-100Byte-100-cycles_2 - qos:0 - size:100
2018-05-15_23:06:52:985- message received - id:0 - topic:mqtt-roundtrip-qos2-100Byte-100-cycles - qos:0 - size:100
2018-05-15_23:06:52:985- message sent - id:0 - topic:mqtt-roundtrip-qos2-100Byte-100-cycles_2 - qos:0 - size:100
2018-05-15_23:06:52:986- message received - id:0 - topic:mqtt-roundtrip-qos2-100Byte-100-cycles - qos:0 - size:100
2018-05-15_23:06:52:986- message sent - id:0 - topic:mqtt-roundtrip-qos2-100Byte-100-cycles_2 - qos:0 - size:100
2018-05-15_23:06:52:986- message received - id:0 - topic:mqtt-roundtrip-qos2-100Byte-100-cycles - qos:0 - size:100
2018-05-15_23:06:52:986- message sent - id:0 - topic:mqtt-roundtrip-qos2-100Byte-100-cycles_2 - qos:0 - size:100
2018-05-15_23:06:52:986- message received - id:0 - topic:mqtt-roundtrip-qos2-100Byte-100-cycles - qos:0 - size:100
2018-05-15_23:06:52:987- message sent - id:0 - topic:mqtt-roundtrip-qos2-100Byte-100-cycles_2 - qos:0 - size:100
2018-05-15_23:06:52:987- message received - id:0 - topic:mqtt-roundtrip-qos2-100Byte-100-cycles - qos:0 - size:100
2018-05-15_23:06:52:987- message sent - id:0 - topic:mqtt-roundtrip-qos2-100Byte-100-cycles_2 - qos:0 - size:100
2018-05-15_23:06:52:987- message received - id:0 - topic:mqtt-roundtrip-qos2-100Byte-100-cycles - qos:0 - size:100
2018-05-15_23:06:52:987- message sent - id:0 - topic:mqtt-roundtrip-qos2-100Byte-100-cycles_2 - qos:0 - size:100
2018-05-15_23:06:52:988- message received - id:0 - topic:mqtt-roundtrip-qos2-100Byte-100-cycles - qos:0 - size:100
2018-05-15_23:06:52:988- message sent - id:0 - topic:mqtt-roundtrip-qos2-100Byte-100-cycles_2 - qos:0 - size:100
2018-05-15_23:06:52:988- message received - id:0 - topic:mqtt-roundtrip-qos2-100Byte-100-cycles - qos:0 - size:100
2018-05-15_23:06:52:988- message sent - id:0 - topic:mqtt-roundtrip-qos2-100Byte-100-cycles_2 - qos:0 - size:100
2018-05-15_23:06:52:988- message received - id:0 - topic:mqtt-roundtrip-qos2-100Byte-100-cycles - qos:0 - size:100
2018-05-15_23:06:52:989- message sent - id:0 - topic:mqtt-roundtrip-qos2-100Byte-100-cycles_2 - qos:0 - size:100
2018-05-15_23:06:52:989- message received - id:0 - topic:mqtt-roundtrip-qos2-100Byte-100-cycles - qos:0 - size:100
2018-05-15_23:06:52:989- message sent - id:0 - topic:mqtt-roundtrip-qos2-100Byte-100-cycles_2 - qos:0 - size:100
2018-05-15_23:06:52:989- message received - id:0 - topic:mqtt-roundtrip-qos2-100Byte-100-cycles - qos:0 - size:100
2018-05-15_23:06:52:989- message sent - id:0 - topic:mqtt-roundtrip-qos2-100Byte-100-cycles_2 - qos:0 - size:100
2018-05-15_23:06:52:990- message received - id:0 - topic:mqtt-roundtrip-qos2-100Byte-100-cycles - qos:0 - size:100
2018-05-15_23:06:52:990- message sent - id:0 - topic:mqtt-roundtrip-qos2-100Byte-100-cycles_2 - qos:0 - size:100
2018-05-15_23:06:52:990- message received - id:0 - topic:mqtt-roundtrip-qos2-100Byte-100-cycles - qos:0 - size:100
2018-05-15_23:06:52:990- message sent - id:0 - topic:mqtt-roundtrip-qos2-100Byte-100-cycles_2 - qos:0 - size:100
2018-05-15_23:06:52:990- message received - id:0 - topic:mqtt-roundtrip-qos2-100Byte-100-cycles - qos:0 - size:100
2018-05-15_23:06:52:990- message sent - id:0 - topic:mqtt-roundtrip-qos2-100Byte-100-cycles_2 - qos:0 - size:100
2018-05-15_23:06:52:991- message received - id:0 - topic:mqtt-roundtrip-qos2-100Byte-100-cycles - qos:0 - size:100
2018-05-15_23:06:52:991- message sent - id:0 - topic:mqtt-roundtrip-qos2-100Byte-100-cycles_2 - qos:0 - size:100
2018-05-15_23:06:52:991- message received - id:0 - topic:mqtt-roundtrip-qos2-100Byte-100-cycles - qos:0 - size:100
2018-05-15_23:06:52:991- message sent - id:0 - topic:mqtt-roundtrip-qos2-100Byte-100-cycles_2 - qos:0 - size:100
2018-05-15_23:06:52:991- message received - id:0 - topic:mqtt-roundtrip-qos2-100Byte-100-cycles - qos:0 - size:100
2018-05-15_23:06:52:992- message sent - id:0 - topic:mqtt-roundtrip-qos2-100Byte-100-cycles_2 - qos:0 - size:100
2018-05-15_23:06:52:992- message received - id:0 - topic:mqtt-roundtrip-qos2-100Byte-100-cycles - qos:0 - size:100
2018-05-15_23:06:52:992- message sent - id:0 - topic:mqtt-roundtrip-qos2-100Byte-100-cycles_2 - qos:0 - size:100
2018-05-15_23:06:52:992- message received - id:0 - topic:mqtt-roundtrip-qos2-100Byte-100-cycles - qos:0 - size:100
2018-05-15_23:06:52:992- message sent - id:0 - topic:mqtt-roundtrip-qos2-100Byte-100-cycles_2 - qos:0 - size:100
2018-05-15_23:06:52:993- message received - id:0 - topic:mqtt-roundtrip-qos2-100Byte-100-cycles - qos:0 - size:100
2018-05-15_23:06:52:993- message sent - id:0 - topic:mqtt-roundtrip-qos2-100Byte-100-cycles_2 - qos:0 - size:100
2018-05-15_23:06:52:993- message received - id:0 - topic:mqtt-roundtrip-qos2-100Byte-100-cycles - qos:0 - size:100
2018-05-15_23:06:52:993- message sent - id:0 - topic:mqtt-roundtrip-qos2-100Byte-100-cycles_2 - qos:0 - size:100
2018-05-15_23:06:52:993- message received - id:0 - topic:mqtt-roundtrip-qos2-100Byte-100-cycles - qos:0 - size:100
2018-05-15_23:06:52:994- message sent - id:0 - topic:mqtt-roundtrip-qos2-100Byte-100-cycles_2 - qos:0 - size:100
2018-05-15_23:06:52:994- message received - id:0 - topic:mqtt-roundtrip-qos2-100Byte-100-cycles - qos:0 - size:100
2018-05-15_23:06:52:994- message sent - id:0 - topic:mqtt-roundtrip-qos2-100Byte-100-cycles_2 - qos:0 - size:100
2018-05-15_23:06:52:994- message received - id:0 - topic:mqtt-roundtrip-qos2-100Byte-100-cycles - qos:0 - size:100
2018-05-15_23:06:52:994- message sent - id:0 - topic:mqtt-roundtrip-qos2-100Byte-100-cycles_2 - qos:0 - size:100
2018-05-15_23:06:52:994- message received - id:0 - topic:mqtt-roundtrip-qos2-100Byte-100-cycles - qos:0 - size:100
2018-05-15_23:06:52:995- message sent - id:0 - topic:mqtt-roundtrip-qos2-100Byte-100-cycles_2 - qos:0 - size:100
2018-05-15_23:06:52:995- message received - id:0 - topic:mqtt-roundtrip-qos2-100Byte-100-cycles - qos:0 - size:100
2018-05-15_23:06:52:995- message sent - id:0 - topic:mqtt-roundtrip-qos2-100Byte-100-cycles_2 - qos:0 - size:100
2018-05-15_23:06:52:995- message received - id:0 - topic:mqtt-roundtrip-qos2-100Byte-100-cycles - qos:0 - size:100
2018-05-15_23:06:52:995- message sent - id:0 - topic:mqtt-roundtrip-qos2-100Byte-100-cycles_2 - qos:0 - size:100
2018-05-15_23:06:52:996- message received - id:0 - topic:mqtt-roundtrip-qos2-100Byte-100-cycles - qos:0 - size:100
2018-05-15_23:06:52:996- message sent - id:0 - topic:mqtt-roundtrip-qos2-100Byte-100-cycles_2 - qos:0 - size:100
2018-05-15_23:06:52:996- message received - id:0 - topic:mqtt-roundtrip-qos2-100Byte-100-cycles - qos:0 - size:100
2018-05-15_23:06:52:996- message sent - id:0 - topic:mqtt-roundtrip-qos2-100Byte-100-cycles_2 - qos:0 - size:100
2018-05-15_23:06:52:996- message received - id:0 - topic:mqtt-roundtrip-qos2-100Byte-100-cycles - qos:0 - size:100
2018-05-15_23:06:52:997- message sent - id:0 - topic:mqtt-roundtrip-qos2-100Byte-100-cycles_2 - qos:0 - size:100
2018-05-15_23:06:52:997- message received - id:0 - topic:mqtt-roundtrip-qos2-100Byte-100-cycles - qos:0 - size:100
2018-05-15_23:06:52:997- message sent - id:0 - topic:mqtt-roundtrip-qos2-100Byte-100-cycles_2 - qos:0 - size:100
2018-05-15_23:06:52:997- message received - id:0 - topic:mqtt-roundtrip-qos2-100Byte-100-cycles - qos:0 - size:100
2018-05-15_23:06:52:997- message sent - id:0 - topic:mqtt-roundtrip-qos2-100Byte-100-cycles_2 - qos:0 - size:100
2018-05-15_23:06:52:998- message received - id:0 - topic:mqtt-roundtrip-qos2-100Byte-100-cycles - qos:0 - size:100
2018-05-15_23:06:52:998- message sent - id:0 - topic:mqtt-roundtrip-qos2-100Byte-100-cycles_2 - qos:0 - size:100
2018-05-15_23:06:52:998- message received - id:0 - topic:mqtt-roundtrip-qos2-100Byte-100-cycles - qos:0 - size:100
2018-05-15_23:06:52:998- message sent - id:0 - topic:mqtt-roundtrip-qos2-100Byte-100-cycles_2 - qos:0 - size:100
