2018-05-17_21:16:48:466- connecting to broker 192.168.1.100:1883
2018-05-17_21:16:48:467- Subscribing to topic mqtt-roundtrip-qos1-100KByte-10-cycles_2
2018-05-17_21:16:48:468- subscribe returned (0, 1)
2018-05-17_21:16:48:468- Performing message publishing for 10 cycles
2018-05-17_21:16:48:468- message sent - topic:mqtt-roundtrip-qos1-100KByte-10-cycles - qos:1 - id:000000
2018-05-17_21:16:48:469- Client connected to broker
2018-05-17_21:16:48:469- message sent - topic:mqtt-roundtrip-qos1-100KByte-10-cycles - qos:1 - id:000001
2018-05-17_21:16:48:469- message sent - topic:mqtt-roundtrip-qos1-100KByte-10-cycles - qos:1 - id:000002
2018-05-17_21:16:48:469- message sent - topic:mqtt-roundtrip-qos1-100KByte-10-cycles - qos:1 - id:000003
2018-05-17_21:16:48:470- message sent - topic:mqtt-roundtrip-qos1-100KByte-10-cycles - qos:1 - id:000004
2018-05-17_21:16:48:470- message sent - topic:mqtt-roundtrip-qos1-100KByte-10-cycles - qos:1 - id:000005
2018-05-17_21:16:48:470- message sent - topic:mqtt-roundtrip-qos1-100KByte-10-cycles - qos:1 - id:000006
2018-05-17_21:16:48:471- message sent - topic:mqtt-roundtrip-qos1-100KByte-10-cycles - qos:1 - id:000007
2018-05-17_21:16:48:471- message sent - topic:mqtt-roundtrip-qos1-100KByte-10-cycles - qos:1 - id:000008
2018-05-17_21:16:48:471- message sent - topic:mqtt-roundtrip-qos1-100KByte-10-cycles - qos:1 - id:000009
2018-05-17_21:16:48:557- message received - topic:mqtt-roundtrip-qos1-100KByte-10-cycles_2 - qos:1 - size:102406 - id:000000
2018-05-17_21:16:48:586- message received - topic:mqtt-roundtrip-qos1-100KByte-10-cycles_2 - qos:1 - size:102406 - id:000001
2018-05-17_21:16:48:610- message received - topic:mqtt-roundtrip-qos1-100KByte-10-cycles_2 - qos:1 - size:102406 - id:000002
2018-05-17_21:16:48:634- message received - topic:mqtt-roundtrip-qos1-100KByte-10-cycles_2 - qos:1 - size:102406 - id:000003
2018-05-17_21:16:48:651- message received - topic:mqtt-roundtrip-qos1-100KByte-10-cycles_2 - qos:1 - size:102406 - id:000004
2018-05-17_21:16:48:662- message received - topic:mqtt-roundtrip-qos1-100KByte-10-cycles_2 - qos:1 - size:102406 - id:000005
2018-05-17_21:16:48:671- message received - topic:mqtt-roundtrip-qos1-100KByte-10-cycles_2 - qos:1 - size:102406 - id:000006
2018-05-17_21:16:48:680- message received - topic:mqtt-roundtrip-qos1-100KByte-10-cycles_2 - qos:1 - size:102406 - id:000007
2018-05-17_21:16:48:688- message received - topic:mqtt-roundtrip-qos1-100KByte-10-cycles_2 - qos:1 - size:102406 - id:000008
2018-05-17_21:16:48:697- message received - topic:mqtt-roundtrip-qos1-100KByte-10-cycles_2 - qos:1 - size:102406 - id:000009
2018-05-17_21:16:51:700- Client disconnected from broker
