2018-05-15_23:09:21:324- connecting to broker 192.168.1.100:1883
2018-05-15_23:09:21:325- Subscribing to topic mqtt-roundtrip-qos0-1500Byte-100-cycles_2
2018-05-15_23:09:21:326- subscribe returned (0, 1)
2018-05-15_23:09:21:326- Client connected to broker
2018-05-15_23:09:26:560- Performing message publishing for 100 cycles
2018-05-15_23:09:26:560- message sent - id:2 - topic:mqtt-roundtrip-qos0-1500Byte-100-cycles - qos:0 - size:1500
2018-05-15_23:09:26:561- message sent - id:3 - topic:mqtt-roundtrip-qos0-1500Byte-100-cycles - qos:0 - size:1500
2018-05-15_23:09:26:562- message sent - id:4 - topic:mqtt-roundtrip-qos0-1500Byte-100-cycles - qos:0 - size:1500
2018-05-15_23:09:26:562- message sent - id:5 - topic:mqtt-roundtrip-qos0-1500Byte-100-cycles - qos:0 - size:1500
2018-05-15_23:09:26:563- message sent - id:6 - topic:mqtt-roundtrip-qos0-1500Byte-100-cycles - qos:0 - size:1500
2018-05-15_23:09:26:563- message sent - id:7 - topic:mqtt-roundtrip-qos0-1500Byte-100-cycles - qos:0 - size:1500
2018-05-15_23:09:26:564- message sent - id:8 - topic:mqtt-roundtrip-qos0-1500Byte-100-cycles - qos:0 - size:1500
2018-05-15_23:09:26:564- message sent - id:9 - topic:mqtt-roundtrip-qos0-1500Byte-100-cycles - qos:0 - size:1500
2018-05-15_23:09:26:564- message sent - id:10 - topic:mqtt-roundtrip-qos0-1500Byte-100-cycles - qos:0 - size:1500
2018-05-15_23:09:26:565- message sent - id:11 - topic:mqtt-roundtrip-qos0-1500Byte-100-cycles - qos:0 - size:1500
2018-05-15_23:09:26:565- message sent - id:12 - topic:mqtt-roundtrip-qos0-1500Byte-100-cycles - qos:0 - size:1500
2018-05-15_23:09:26:566- message sent - id:13 - topic:mqtt-roundtrip-qos0-1500Byte-100-cycles - qos:0 - size:1500
2018-05-15_23:09:26:566- message sent - id:14 - topic:mqtt-roundtrip-qos0-1500Byte-100-cycles - qos:0 - size:1500
2018-05-15_23:09:26:566- message sent - id:15 - topic:mqtt-roundtrip-qos0-1500Byte-100-cycles - qos:0 - size:1500
2018-05-15_23:09:26:566- message sent - id:16 - topic:mqtt-roundtrip-qos0-1500Byte-100-cycles - qos:0 - size:1500
2018-05-15_23:09:26:566- message sent - id:17 - topic:mqtt-roundtrip-qos0-1500Byte-100-cycles - qos:0 - size:1500
2018-05-15_23:09:26:567- message sent - id:18 - topic:mqtt-roundtrip-qos0-1500Byte-100-cycles - qos:0 - size:1500
2018-05-15_23:09:26:567- message sent - id:19 - topic:mqtt-roundtrip-qos0-1500Byte-100-cycles - qos:0 - size:1500
2018-05-15_23:09:26:567- message sent - id:20 - topic:mqtt-roundtrip-qos0-1500Byte-100-cycles - qos:0 - size:1500
2018-05-15_23:09:26:567- message sent - id:21 - topic:mqtt-roundtrip-qos0-1500Byte-100-cycles - qos:0 - size:1500
2018-05-15_23:09:26:568- message sent - id:22 - topic:mqtt-roundtrip-qos0-1500Byte-100-cycles - qos:0 - size:1500
2018-05-15_23:09:26:568- message sent - id:23 - topic:mqtt-roundtrip-qos0-1500Byte-100-cycles - qos:0 - size:1500
2018-05-15_23:09:26:568- message sent - id:24 - topic:mqtt-roundtrip-qos0-1500Byte-100-cycles - qos:0 - size:1500
2018-05-15_23:09:26:568- message sent - id:25 - topic:mqtt-roundtrip-qos0-1500Byte-100-cycles - qos:0 - size:1500
2018-05-15_23:09:26:569- message sent - id:26 - topic:mqtt-roundtrip-qos0-1500Byte-100-cycles - qos:0 - size:1500
2018-05-15_23:09:26:569- message sent - id:27 - topic:mqtt-roundtrip-qos0-1500Byte-100-cycles - qos:0 - size:1500
2018-05-15_23:09:26:569- message sent - id:28 - topic:mqtt-roundtrip-qos0-1500Byte-100-cycles - qos:0 - size:1500
2018-05-15_23:09:26:569- message sent - id:29 - topic:mqtt-roundtrip-qos0-1500Byte-100-cycles - qos:0 - size:1500
2018-05-15_23:09:26:569- message sent - id:30 - topic:mqtt-roundtrip-qos0-1500Byte-100-cycles - qos:0 - size:1500
2018-05-15_23:09:26:569- message sent - id:31 - topic:mqtt-roundtrip-qos0-1500Byte-100-cycles - qos:0 - size:1500
2018-05-15_23:09:26:569- message sent - id:32 - topic:mqtt-roundtrip-qos0-1500Byte-100-cycles - qos:0 - size:1500
2018-05-15_23:09:26:569- message sent - id:33 - topic:mqtt-roundtrip-qos0-1500Byte-100-cycles - qos:0 - size:1500
2018-05-15_23:09:26:569- message sent - id:34 - topic:mqtt-roundtrip-qos0-1500Byte-100-cycles - qos:0 - size:1500
2018-05-15_23:09:26:569- message sent - id:35 - topic:mqtt-roundtrip-qos0-1500Byte-100-cycles - qos:0 - size:1500
2018-05-15_23:09:26:569- message sent - id:36 - topic:mqtt-roundtrip-qos0-1500Byte-100-cycles - qos:0 - size:1500
2018-05-15_23:09:26:569- message sent - id:37 - topic:mqtt-roundtrip-qos0-1500Byte-100-cycles - qos:0 - size:1500
2018-05-15_23:09:26:569- message sent - id:38 - topic:mqtt-roundtrip-qos0-1500Byte-100-cycles - qos:0 - size:1500
2018-05-15_23:09:26:569- message sent - id:39 - topic:mqtt-roundtrip-qos0-1500Byte-100-cycles - qos:0 - size:1500
2018-05-15_23:09:26:570- message sent - id:40 - topic:mqtt-roundtrip-qos0-1500Byte-100-cycles - qos:0 - size:1500
2018-05-15_23:09:26:570- message sent - id:41 - topic:mqtt-roundtrip-qos0-1500Byte-100-cycles - qos:0 - size:1500
2018-05-15_23:09:26:570- message sent - id:42 - topic:mqtt-roundtrip-qos0-1500Byte-100-cycles - qos:0 - size:1500
2018-05-15_23:09:26:570- message sent - id:43 - topic:mqtt-roundtrip-qos0-1500Byte-100-cycles - qos:0 - size:1500
2018-05-15_23:09:26:570- message sent - id:44 - topic:mqtt-roundtrip-qos0-1500Byte-100-cycles - qos:0 - size:1500
2018-05-15_23:09:26:570- message sent - id:45 - topic:mqtt-roundtrip-qos0-1500Byte-100-cycles - qos:0 - size:1500
2018-05-15_23:09:26:570- message sent - id:46 - topic:mqtt-roundtrip-qos0-1500Byte-100-cycles - qos:0 - size:1500
2018-05-15_23:09:26:570- message sent - id:47 - topic:mqtt-roundtrip-qos0-1500Byte-100-cycles - qos:0 - size:1500
2018-05-15_23:09:26:570- message sent - id:48 - topic:mqtt-roundtrip-qos0-1500Byte-100-cycles - qos:0 - size:1500
2018-05-15_23:09:26:570- message sent - id:49 - topic:mqtt-roundtrip-qos0-1500Byte-100-cycles - qos:0 - size:1500
2018-05-15_23:09:26:570- message sent - id:50 - topic:mqtt-roundtrip-qos0-1500Byte-100-cycles - qos:0 - size:1500
2018-05-15_23:09:26:570- message sent - id:51 - topic:mqtt-roundtrip-qos0-1500Byte-100-cycles - qos:0 - size:1500
2018-05-15_23:09:26:570- message sent - id:52 - topic:mqtt-roundtrip-qos0-1500Byte-100-cycles - qos:0 - size:1500
2018-05-15_23:09:26:570- message sent - id:53 - topic:mqtt-roundtrip-qos0-1500Byte-100-cycles - qos:0 - size:1500
2018-05-15_23:09:26:570- message sent - id:54 - topic:mqtt-roundtrip-qos0-1500Byte-100-cycles - qos:0 - size:1500
2018-05-15_23:09:26:571- message sent - id:55 - topic:mqtt-roundtrip-qos0-1500Byte-100-cycles - qos:0 - size:1500
2018-05-15_23:09:26:571- message sent - id:56 - topic:mqtt-roundtrip-qos0-1500Byte-100-cycles - qos:0 - size:1500
2018-05-15_23:09:26:571- message sent - id:57 - topic:mqtt-roundtrip-qos0-1500Byte-100-cycles - qos:0 - size:1500
2018-05-15_23:09:26:571- message sent - id:58 - topic:mqtt-roundtrip-qos0-1500Byte-100-cycles - qos:0 - size:1500
2018-05-15_23:09:26:571- message sent - id:59 - topic:mqtt-roundtrip-qos0-1500Byte-100-cycles - qos:0 - size:1500
2018-05-15_23:09:26:571- message sent - id:60 - topic:mqtt-roundtrip-qos0-1500Byte-100-cycles - qos:0 - size:1500
2018-05-15_23:09:26:571- message sent - id:61 - topic:mqtt-roundtrip-qos0-1500Byte-100-cycles - qos:0 - size:1500
2018-05-15_23:09:26:571- message sent - id:62 - topic:mqtt-roundtrip-qos0-1500Byte-100-cycles - qos:0 - size:1500
2018-05-15_23:09:26:571- message sent - id:63 - topic:mqtt-roundtrip-qos0-1500Byte-100-cycles - qos:0 - size:1500
2018-05-15_23:09:26:571- message sent - id:64 - topic:mqtt-roundtrip-qos0-1500Byte-100-cycles - qos:0 - size:1500
2018-05-15_23:09:26:571- message sent - id:65 - topic:mqtt-roundtrip-qos0-1500Byte-100-cycles - qos:0 - size:1500
2018-05-15_23:09:26:571- message sent - id:66 - topic:mqtt-roundtrip-qos0-1500Byte-100-cycles - qos:0 - size:1500
2018-05-15_23:09:26:571- message sent - id:67 - topic:mqtt-roundtrip-qos0-1500Byte-100-cycles - qos:0 - size:1500
2018-05-15_23:09:26:571- message sent - id:68 - topic:mqtt-roundtrip-qos0-1500Byte-100-cycles - qos:0 - size:1500
2018-05-15_23:09:26:571- message sent - id:69 - topic:mqtt-roundtrip-qos0-1500Byte-100-cycles - qos:0 - size:1500
2018-05-15_23:09:26:571- message sent - id:70 - topic:mqtt-roundtrip-qos0-1500Byte-100-cycles - qos:0 - size:1500
2018-05-15_23:09:26:572- message sent - id:71 - topic:mqtt-roundtrip-qos0-1500Byte-100-cycles - qos:0 - size:1500
2018-05-15_23:09:26:572- message sent - id:72 - topic:mqtt-roundtrip-qos0-1500Byte-100-cycles - qos:0 - size:1500
2018-05-15_23:09:26:572- message sent - id:73 - topic:mqtt-roundtrip-qos0-1500Byte-100-cycles - qos:0 - size:1500
2018-05-15_23:09:26:572- message sent - id:74 - topic:mqtt-roundtrip-qos0-1500Byte-100-cycles - qos:0 - size:1500
2018-05-15_23:09:26:572- message sent - id:75 - topic:mqtt-roundtrip-qos0-1500Byte-100-cycles - qos:0 - size:1500
2018-05-15_23:09:26:572- message sent - id:76 - topic:mqtt-roundtrip-qos0-1500Byte-100-cycles - qos:0 - size:1500
2018-05-15_23:09:26:572- message sent - id:77 - topic:mqtt-roundtrip-qos0-1500Byte-100-cycles - qos:0 - size:1500
2018-05-15_23:09:26:572- message sent - id:78 - topic:mqtt-roundtrip-qos0-1500Byte-100-cycles - qos:0 - size:1500
2018-05-15_23:09:26:572- message sent - id:79 - topic:mqtt-roundtrip-qos0-1500Byte-100-cycles - qos:0 - size:1500
2018-05-15_23:09:26:572- message sent - id:80 - topic:mqtt-roundtrip-qos0-1500Byte-100-cycles - qos:0 - size:1500
2018-05-15_23:09:26:572- message sent - id:81 - topic:mqtt-roundtrip-qos0-1500Byte-100-cycles - qos:0 - size:1500
2018-05-15_23:09:26:572- message sent - id:82 - topic:mqtt-roundtrip-qos0-1500Byte-100-cycles - qos:0 - size:1500
2018-05-15_23:09:26:572- message sent - id:83 - topic:mqtt-roundtrip-qos0-1500Byte-100-cycles - qos:0 - size:1500
2018-05-15_23:09:26:572- message sent - id:84 - topic:mqtt-roundtrip-qos0-1500Byte-100-cycles - qos:0 - size:1500
2018-05-15_23:09:26:572- message sent - id:85 - topic:mqtt-roundtrip-qos0-1500Byte-100-cycles - qos:0 - size:1500
2018-05-15_23:09:26:573- message sent - id:86 - topic:mqtt-roundtrip-qos0-1500Byte-100-cycles - qos:0 - size:1500
2018-05-15_23:09:26:573- message sent - id:87 - topic:mqtt-roundtrip-qos0-1500Byte-100-cycles - qos:0 - size:1500
2018-05-15_23:09:26:573- message sent - id:88 - topic:mqtt-roundtrip-qos0-1500Byte-100-cycles - qos:0 - size:1500
2018-05-15_23:09:26:573- message sent - id:89 - topic:mqtt-roundtrip-qos0-1500Byte-100-cycles - qos:0 - size:1500
2018-05-15_23:09:26:573- message sent - id:90 - topic:mqtt-roundtrip-qos0-1500Byte-100-cycles - qos:0 - size:1500
2018-05-15_23:09:26:573- message sent - id:91 - topic:mqtt-roundtrip-qos0-1500Byte-100-cycles - qos:0 - size:1500
2018-05-15_23:09:26:573- message sent - id:92 - topic:mqtt-roundtrip-qos0-1500Byte-100-cycles - qos:0 - size:1500
2018-05-15_23:09:26:573- message sent - id:93 - topic:mqtt-roundtrip-qos0-1500Byte-100-cycles - qos:0 - size:1500
2018-05-15_23:09:26:573- message sent - id:94 - topic:mqtt-roundtrip-qos0-1500Byte-100-cycles - qos:0 - size:1500
2018-05-15_23:09:26:573- message sent - id:95 - topic:mqtt-roundtrip-qos0-1500Byte-100-cycles - qos:0 - size:1500
2018-05-15_23:09:26:573- message sent - id:96 - topic:mqtt-roundtrip-qos0-1500Byte-100-cycles - qos:0 - size:1500
2018-05-15_23:09:26:573- message sent - id:97 - topic:mqtt-roundtrip-qos0-1500Byte-100-cycles - qos:0 - size:1500
2018-05-15_23:09:26:573- message sent - id:98 - topic:mqtt-roundtrip-qos0-1500Byte-100-cycles - qos:0 - size:1500
2018-05-15_23:09:26:573- message sent - id:99 - topic:mqtt-roundtrip-qos0-1500Byte-100-cycles - qos:0 - size:1500
2018-05-15_23:09:26:573- message sent - id:100 - topic:mqtt-roundtrip-qos0-1500Byte-100-cycles - qos:0 - size:1500
2018-05-15_23:09:26:574- message sent - id:101 - topic:mqtt-roundtrip-qos0-1500Byte-100-cycles - qos:0 - size:1500
2018-05-15_23:09:26:574- message received - id:0 - topic:mqtt-roundtrip-qos0-1500Byte-100-cycles_2 - qos:0 - size:1500
2018-05-15_23:09:26:574- message received - id:0 - topic:mqtt-roundtrip-qos0-1500Byte-100-cycles_2 - qos:0 - size:1500
2018-05-15_23:09:26:574- message received - id:0 - topic:mqtt-roundtrip-qos0-1500Byte-100-cycles_2 - qos:0 - size:1500
2018-05-15_23:09:26:574- message received - id:0 - topic:mqtt-roundtrip-qos0-1500Byte-100-cycles_2 - qos:0 - size:1500
2018-05-15_23:09:26:574- message received - id:0 - topic:mqtt-roundtrip-qos0-1500Byte-100-cycles_2 - qos:0 - size:1500
2018-05-15_23:09:26:575- message received - id:0 - topic:mqtt-roundtrip-qos0-1500Byte-100-cycles_2 - qos:0 - size:1500
2018-05-15_23:09:26:575- message received - id:0 - topic:mqtt-roundtrip-qos0-1500Byte-100-cycles_2 - qos:0 - size:1500
2018-05-15_23:09:26:575- message received - id:0 - topic:mqtt-roundtrip-qos0-1500Byte-100-cycles_2 - qos:0 - size:1500
2018-05-15_23:09:26:575- message received - id:0 - topic:mqtt-roundtrip-qos0-1500Byte-100-cycles_2 - qos:0 - size:1500
2018-05-15_23:09:26:575- message received - id:0 - topic:mqtt-roundtrip-qos0-1500Byte-100-cycles_2 - qos:0 - size:1500
2018-05-15_23:09:26:576- message received - id:0 - topic:mqtt-roundtrip-qos0-1500Byte-100-cycles_2 - qos:0 - size:1500
2018-05-15_23:09:26:576- message received - id:0 - topic:mqtt-roundtrip-qos0-1500Byte-100-cycles_2 - qos:0 - size:1500
2018-05-15_23:09:26:578- message received - id:0 - topic:mqtt-roundtrip-qos0-1500Byte-100-cycles_2 - qos:0 - size:1500
2018-05-15_23:09:26:578- message received - id:0 - topic:mqtt-roundtrip-qos0-1500Byte-100-cycles_2 - qos:0 - size:1500
2018-05-15_23:09:26:581- message received - id:0 - topic:mqtt-roundtrip-qos0-1500Byte-100-cycles_2 - qos:0 - size:1500
2018-05-15_23:09:26:582- message received - id:0 - topic:mqtt-roundtrip-qos0-1500Byte-100-cycles_2 - qos:0 - size:1500
2018-05-15_23:09:26:582- message received - id:0 - topic:mqtt-roundtrip-qos0-1500Byte-100-cycles_2 - qos:0 - size:1500
2018-05-15_23:09:26:583- message received - id:0 - topic:mqtt-roundtrip-qos0-1500Byte-100-cycles_2 - qos:0 - size:1500
2018-05-15_23:09:26:583- message received - id:0 - topic:mqtt-roundtrip-qos0-1500Byte-100-cycles_2 - qos:0 - size:1500
2018-05-15_23:09:26:584- message received - id:0 - topic:mqtt-roundtrip-qos0-1500Byte-100-cycles_2 - qos:0 - size:1500
2018-05-15_23:09:26:584- message received - id:0 - topic:mqtt-roundtrip-qos0-1500Byte-100-cycles_2 - qos:0 - size:1500
2018-05-15_23:09:26:585- message received - id:0 - topic:mqtt-roundtrip-qos0-1500Byte-100-cycles_2 - qos:0 - size:1500
2018-05-15_23:09:26:586- message received - id:0 - topic:mqtt-roundtrip-qos0-1500Byte-100-cycles_2 - qos:0 - size:1500
2018-05-15_23:09:26:586- message received - id:0 - topic:mqtt-roundtrip-qos0-1500Byte-100-cycles_2 - qos:0 - size:1500
2018-05-15_23:09:26:587- message received - id:0 - topic:mqtt-roundtrip-qos0-1500Byte-100-cycles_2 - qos:0 - size:1500
2018-05-15_23:09:26:587- message received - id:0 - topic:mqtt-roundtrip-qos0-1500Byte-100-cycles_2 - qos:0 - size:1500
2018-05-15_23:09:26:588- message received - id:0 - topic:mqtt-roundtrip-qos0-1500Byte-100-cycles_2 - qos:0 - size:1500
2018-05-15_23:09:26:588- message received - id:0 - topic:mqtt-roundtrip-qos0-1500Byte-100-cycles_2 - qos:0 - size:1500
2018-05-15_23:09:26:589- message received - id:0 - topic:mqtt-roundtrip-qos0-1500Byte-100-cycles_2 - qos:0 - size:1500
2018-05-15_23:09:26:590- message received - id:0 - topic:mqtt-roundtrip-qos0-1500Byte-100-cycles_2 - qos:0 - size:1500
2018-05-15_23:09:26:590- message received - id:0 - topic:mqtt-roundtrip-qos0-1500Byte-100-cycles_2 - qos:0 - size:1500
2018-05-15_23:09:26:592- message received - id:0 - topic:mqtt-roundtrip-qos0-1500Byte-100-cycles_2 - qos:0 - size:1500
2018-05-15_23:09:26:592- message received - id:0 - topic:mqtt-roundtrip-qos0-1500Byte-100-cycles_2 - qos:0 - size:1500
2018-05-15_23:09:26:593- message received - id:0 - topic:mqtt-roundtrip-qos0-1500Byte-100-cycles_2 - qos:0 - size:1500
2018-05-15_23:09:26:594- message received - id:0 - topic:mqtt-roundtrip-qos0-1500Byte-100-cycles_2 - qos:0 - size:1500
2018-05-15_23:09:26:594- message received - id:0 - topic:mqtt-roundtrip-qos0-1500Byte-100-cycles_2 - qos:0 - size:1500
2018-05-15_23:09:26:595- message received - id:0 - topic:mqtt-roundtrip-qos0-1500Byte-100-cycles_2 - qos:0 - size:1500
2018-05-15_23:09:26:596- message received - id:0 - topic:mqtt-roundtrip-qos0-1500Byte-100-cycles_2 - qos:0 - size:1500
2018-05-15_23:09:26:596- message received - id:0 - topic:mqtt-roundtrip-qos0-1500Byte-100-cycles_2 - qos:0 - size:1500
2018-05-15_23:09:26:597- message received - id:0 - topic:mqtt-roundtrip-qos0-1500Byte-100-cycles_2 - qos:0 - size:1500
2018-05-15_23:09:26:597- message received - id:0 - topic:mqtt-roundtrip-qos0-1500Byte-100-cycles_2 - qos:0 - size:1500
2018-05-15_23:09:26:598- message received - id:0 - topic:mqtt-roundtrip-qos0-1500Byte-100-cycles_2 - qos:0 - size:1500
2018-05-15_23:09:26:598- message received - id:0 - topic:mqtt-roundtrip-qos0-1500Byte-100-cycles_2 - qos:0 - size:1500
2018-05-15_23:09:26:599- message received - id:0 - topic:mqtt-roundtrip-qos0-1500Byte-100-cycles_2 - qos:0 - size:1500
2018-05-15_23:09:26:599- message received - id:0 - topic:mqtt-roundtrip-qos0-1500Byte-100-cycles_2 - qos:0 - size:1500
2018-05-15_23:09:26:600- message received - id:0 - topic:mqtt-roundtrip-qos0-1500Byte-100-cycles_2 - qos:0 - size:1500
2018-05-15_23:09:26:600- message received - id:0 - topic:mqtt-roundtrip-qos0-1500Byte-100-cycles_2 - qos:0 - size:1500
2018-05-15_23:09:26:601- message received - id:0 - topic:mqtt-roundtrip-qos0-1500Byte-100-cycles_2 - qos:0 - size:1500
2018-05-15_23:09:26:602- message received - id:0 - topic:mqtt-roundtrip-qos0-1500Byte-100-cycles_2 - qos:0 - size:1500
2018-05-15_23:09:26:602- message received - id:0 - topic:mqtt-roundtrip-qos0-1500Byte-100-cycles_2 - qos:0 - size:1500
2018-05-15_23:09:26:603- message received - id:0 - topic:mqtt-roundtrip-qos0-1500Byte-100-cycles_2 - qos:0 - size:1500
2018-05-15_23:09:26:604- message received - id:0 - topic:mqtt-roundtrip-qos0-1500Byte-100-cycles_2 - qos:0 - size:1500
2018-05-15_23:09:26:604- message received - id:0 - topic:mqtt-roundtrip-qos0-1500Byte-100-cycles_2 - qos:0 - size:1500
2018-05-15_23:09:26:605- message received - id:0 - topic:mqtt-roundtrip-qos0-1500Byte-100-cycles_2 - qos:0 - size:1500
2018-05-15_23:09:26:605- message received - id:0 - topic:mqtt-roundtrip-qos0-1500Byte-100-cycles_2 - qos:0 - size:1500
2018-05-15_23:09:26:606- message received - id:0 - topic:mqtt-roundtrip-qos0-1500Byte-100-cycles_2 - qos:0 - size:1500
2018-05-15_23:09:26:606- message received - id:0 - topic:mqtt-roundtrip-qos0-1500Byte-100-cycles_2 - qos:0 - size:1500
2018-05-15_23:09:26:607- message received - id:0 - topic:mqtt-roundtrip-qos0-1500Byte-100-cycles_2 - qos:0 - size:1500
2018-05-15_23:09:26:607- message received - id:0 - topic:mqtt-roundtrip-qos0-1500Byte-100-cycles_2 - qos:0 - size:1500
2018-05-15_23:09:26:608- message received - id:0 - topic:mqtt-roundtrip-qos0-1500Byte-100-cycles_2 - qos:0 - size:1500
2018-05-15_23:09:26:608- message received - id:0 - topic:mqtt-roundtrip-qos0-1500Byte-100-cycles_2 - qos:0 - size:1500
2018-05-15_23:09:26:609- message received - id:0 - topic:mqtt-roundtrip-qos0-1500Byte-100-cycles_2 - qos:0 - size:1500
2018-05-15_23:09:26:610- message received - id:0 - topic:mqtt-roundtrip-qos0-1500Byte-100-cycles_2 - qos:0 - size:1500
2018-05-15_23:09:26:610- message received - id:0 - topic:mqtt-roundtrip-qos0-1500Byte-100-cycles_2 - qos:0 - size:1500
2018-05-15_23:09:26:611- message received - id:0 - topic:mqtt-roundtrip-qos0-1500Byte-100-cycles_2 - qos:0 - size:1500
2018-05-15_23:09:26:611- message received - id:0 - topic:mqtt-roundtrip-qos0-1500Byte-100-cycles_2 - qos:0 - size:1500
2018-05-15_23:09:26:612- message received - id:0 - topic:mqtt-roundtrip-qos0-1500Byte-100-cycles_2 - qos:0 - size:1500
2018-05-15_23:09:26:612- message received - id:0 - topic:mqtt-roundtrip-qos0-1500Byte-100-cycles_2 - qos:0 - size:1500
2018-05-15_23:09:26:613- message received - id:0 - topic:mqtt-roundtrip-qos0-1500Byte-100-cycles_2 - qos:0 - size:1500
2018-05-15_23:09:26:613- message received - id:0 - topic:mqtt-roundtrip-qos0-1500Byte-100-cycles_2 - qos:0 - size:1500
2018-05-15_23:09:26:614- message received - id:0 - topic:mqtt-roundtrip-qos0-1500Byte-100-cycles_2 - qos:0 - size:1500
2018-05-15_23:09:26:614- message received - id:0 - topic:mqtt-roundtrip-qos0-1500Byte-100-cycles_2 - qos:0 - size:1500
2018-05-15_23:09:26:615- message received - id:0 - topic:mqtt-roundtrip-qos0-1500Byte-100-cycles_2 - qos:0 - size:1500
2018-05-15_23:09:26:615- message received - id:0 - topic:mqtt-roundtrip-qos0-1500Byte-100-cycles_2 - qos:0 - size:1500
2018-05-15_23:09:26:616- message received - id:0 - topic:mqtt-roundtrip-qos0-1500Byte-100-cycles_2 - qos:0 - size:1500
2018-05-15_23:09:26:616- message received - id:0 - topic:mqtt-roundtrip-qos0-1500Byte-100-cycles_2 - qos:0 - size:1500
2018-05-15_23:09:26:617- message received - id:0 - topic:mqtt-roundtrip-qos0-1500Byte-100-cycles_2 - qos:0 - size:1500
2018-05-15_23:09:26:617- message received - id:0 - topic:mqtt-roundtrip-qos0-1500Byte-100-cycles_2 - qos:0 - size:1500
2018-05-15_23:09:26:618- message received - id:0 - topic:mqtt-roundtrip-qos0-1500Byte-100-cycles_2 - qos:0 - size:1500
2018-05-15_23:09:26:619- message received - id:0 - topic:mqtt-roundtrip-qos0-1500Byte-100-cycles_2 - qos:0 - size:1500
2018-05-15_23:09:26:619- message received - id:0 - topic:mqtt-roundtrip-qos0-1500Byte-100-cycles_2 - qos:0 - size:1500
2018-05-15_23:09:26:620- message received - id:0 - topic:mqtt-roundtrip-qos0-1500Byte-100-cycles_2 - qos:0 - size:1500
2018-05-15_23:09:26:620- message received - id:0 - topic:mqtt-roundtrip-qos0-1500Byte-100-cycles_2 - qos:0 - size:1500
2018-05-15_23:09:26:621- message received - id:0 - topic:mqtt-roundtrip-qos0-1500Byte-100-cycles_2 - qos:0 - size:1500
2018-05-15_23:09:26:621- message received - id:0 - topic:mqtt-roundtrip-qos0-1500Byte-100-cycles_2 - qos:0 - size:1500
2018-05-15_23:09:26:622- message received - id:0 - topic:mqtt-roundtrip-qos0-1500Byte-100-cycles_2 - qos:0 - size:1500
2018-05-15_23:09:26:622- message received - id:0 - topic:mqtt-roundtrip-qos0-1500Byte-100-cycles_2 - qos:0 - size:1500
2018-05-15_23:09:26:622- message received - id:0 - topic:mqtt-roundtrip-qos0-1500Byte-100-cycles_2 - qos:0 - size:1500
2018-05-15_23:09:26:623- message received - id:0 - topic:mqtt-roundtrip-qos0-1500Byte-100-cycles_2 - qos:0 - size:1500
2018-05-15_23:09:26:623- message received - id:0 - topic:mqtt-roundtrip-qos0-1500Byte-100-cycles_2 - qos:0 - size:1500
2018-05-15_23:09:26:623- message received - id:0 - topic:mqtt-roundtrip-qos0-1500Byte-100-cycles_2 - qos:0 - size:1500
2018-05-15_23:09:26:623- message received - id:0 - topic:mqtt-roundtrip-qos0-1500Byte-100-cycles_2 - qos:0 - size:1500
2018-05-15_23:09:26:624- message received - id:0 - topic:mqtt-roundtrip-qos0-1500Byte-100-cycles_2 - qos:0 - size:1500
2018-05-15_23:09:26:624- message received - id:0 - topic:mqtt-roundtrip-qos0-1500Byte-100-cycles_2 - qos:0 - size:1500
2018-05-15_23:09:26:624- message received - id:0 - topic:mqtt-roundtrip-qos0-1500Byte-100-cycles_2 - qos:0 - size:1500
2018-05-15_23:09:26:624- message received - id:0 - topic:mqtt-roundtrip-qos0-1500Byte-100-cycles_2 - qos:0 - size:1500
2018-05-15_23:09:26:624- message received - id:0 - topic:mqtt-roundtrip-qos0-1500Byte-100-cycles_2 - qos:0 - size:1500
2018-05-15_23:09:26:625- message received - id:0 - topic:mqtt-roundtrip-qos0-1500Byte-100-cycles_2 - qos:0 - size:1500
2018-05-15_23:09:26:625- message received - id:0 - topic:mqtt-roundtrip-qos0-1500Byte-100-cycles_2 - qos:0 - size:1500
2018-05-15_23:09:26:625- message received - id:0 - topic:mqtt-roundtrip-qos0-1500Byte-100-cycles_2 - qos:0 - size:1500
