2018-05-17_21:22:36:568- connecting to broker 192.168.1.100:1883
2018-05-17_21:22:36:569- Subscribing to topic mqtt-roundtrip-qos0-10MByte-1000-cycles_2
2018-05-17_21:22:36:570- subscribe returned (0, 1)
2018-05-17_21:22:36:570- Performing message publishing for 1000 cycles
2018-05-17_21:22:36:580- message sent - topic:mqtt-roundtrip-qos0-10MByte-1000-cycles - qos:0 - id:000000
2018-05-17_21:22:36:600- message sent - topic:mqtt-roundtrip-qos0-10MByte-1000-cycles - qos:0 - id:000001
2018-05-17_21:22:36:619- message sent - topic:mqtt-roundtrip-qos0-10MByte-1000-cycles - qos:0 - id:000002
2018-05-17_21:22:36:631- message sent - topic:mqtt-roundtrip-qos0-10MByte-1000-cycles - qos:0 - id:000003
2018-05-17_21:22:36:641- message sent - topic:mqtt-roundtrip-qos0-10MByte-1000-cycles - qos:0 - id:000004
2018-05-17_21:22:36:656- message sent - topic:mqtt-roundtrip-qos0-10MByte-1000-cycles - qos:0 - id:000005
2018-05-17_21:22:36:665- message sent - topic:mqtt-roundtrip-qos0-10MByte-1000-cycles - qos:0 - id:000006
2018-05-17_21:22:36:677- message sent - topic:mqtt-roundtrip-qos0-10MByte-1000-cycles - qos:0 - id:000007
2018-05-17_21:22:36:688- message sent - topic:mqtt-roundtrip-qos0-10MByte-1000-cycles - qos:0 - id:000008
2018-05-17_21:22:36:706- message sent - topic:mqtt-roundtrip-qos0-10MByte-1000-cycles - qos:0 - id:000009
2018-05-17_21:22:36:720- message sent - topic:mqtt-roundtrip-qos0-10MByte-1000-cycles - qos:0 - id:000010
2018-05-17_21:22:36:729- message sent - topic:mqtt-roundtrip-qos0-10MByte-1000-cycles - qos:0 - id:000011
2018-05-17_21:22:36:744- message sent - topic:mqtt-roundtrip-qos0-10MByte-1000-cycles - qos:0 - id:000012
2018-05-17_21:22:36:755- message sent - topic:mqtt-roundtrip-qos0-10MByte-1000-cycles - qos:0 - id:000013
2018-05-17_21:22:36:766- message sent - topic:mqtt-roundtrip-qos0-10MByte-1000-cycles - qos:0 - id:000014
2018-05-17_21:22:36:781- message sent - topic:mqtt-roundtrip-qos0-10MByte-1000-cycles - qos:0 - id:000015
2018-05-17_21:22:36:789- message sent - topic:mqtt-roundtrip-qos0-10MByte-1000-cycles - qos:0 - id:000016
2018-05-17_21:22:36:797- message sent - topic:mqtt-roundtrip-qos0-10MByte-1000-cycles - qos:0 - id:000017
2018-05-17_21:22:36:812- message sent - topic:mqtt-roundtrip-qos0-10MByte-1000-cycles - qos:0 - id:000018
2018-05-17_21:22:36:824- message sent - topic:mqtt-roundtrip-qos0-10MByte-1000-cycles - qos:0 - id:000019
2018-05-17_21:22:36:836- message sent - topic:mqtt-roundtrip-qos0-10MByte-1000-cycles - qos:0 - id:000020
2018-05-17_21:22:36:844- message sent - topic:mqtt-roundtrip-qos0-10MByte-1000-cycles - qos:0 - id:000021
2018-05-17_21:22:36:857- message sent - topic:mqtt-roundtrip-qos0-10MByte-1000-cycles - qos:0 - id:000022
2018-05-17_21:22:36:868- message sent - topic:mqtt-roundtrip-qos0-10MByte-1000-cycles - qos:0 - id:000023
2018-05-17_21:22:36:881- message sent - topic:mqtt-roundtrip-qos0-10MByte-1000-cycles - qos:0 - id:000024
2018-05-17_21:22:36:892- message sent - topic:mqtt-roundtrip-qos0-10MByte-1000-cycles - qos:0 - id:000025
2018-05-17_21:22:36:903- message sent - topic:mqtt-roundtrip-qos0-10MByte-1000-cycles - qos:0 - id:000026
2018-05-17_21:22:36:911- message sent - topic:mqtt-roundtrip-qos0-10MByte-1000-cycles - qos:0 - id:000027
2018-05-17_21:22:36:921- message sent - topic:mqtt-roundtrip-qos0-10MByte-1000-cycles - qos:0 - id:000028
2018-05-17_21:22:36:932- message sent - topic:mqtt-roundtrip-qos0-10MByte-1000-cycles - qos:0 - id:000029
2018-05-17_21:22:36:942- message sent - topic:mqtt-roundtrip-qos0-10MByte-1000-cycles - qos:0 - id:000030
2018-05-17_21:22:36:955- message sent - topic:mqtt-roundtrip-qos0-10MByte-1000-cycles - qos:0 - id:000031
2018-05-17_21:22:36:968- message sent - topic:mqtt-roundtrip-qos0-10MByte-1000-cycles - qos:0 - id:000032
2018-05-17_21:22:36:978- message sent - topic:mqtt-roundtrip-qos0-10MByte-1000-cycles - qos:0 - id:000033
2018-05-17_21:22:36:988- message sent - topic:mqtt-roundtrip-qos0-10MByte-1000-cycles - qos:0 - id:000034
2018-05-17_21:22:36:998- message sent - topic:mqtt-roundtrip-qos0-10MByte-1000-cycles - qos:0 - id:000035
2018-05-17_21:22:37:009- message sent - topic:mqtt-roundtrip-qos0-10MByte-1000-cycles - qos:0 - id:000036
2018-05-17_21:22:37:019- message sent - topic:mqtt-roundtrip-qos0-10MByte-1000-cycles - qos:0 - id:000037
2018-05-17_21:22:37:025- message sent - topic:mqtt-roundtrip-qos0-10MByte-1000-cycles - qos:0 - id:000038
2018-05-17_21:22:37:036- message sent - topic:mqtt-roundtrip-qos0-10MByte-1000-cycles - qos:0 - id:000039
2018-05-17_21:22:37:045- message sent - topic:mqtt-roundtrip-qos0-10MByte-1000-cycles - qos:0 - id:000040
2018-05-17_21:22:37:056- message sent - topic:mqtt-roundtrip-qos0-10MByte-1000-cycles - qos:0 - id:000041
2018-05-17_21:22:37:066- message sent - topic:mqtt-roundtrip-qos0-10MByte-1000-cycles - qos:0 - id:000042
2018-05-17_21:22:37:076- message sent - topic:mqtt-roundtrip-qos0-10MByte-1000-cycles - qos:0 - id:000043
2018-05-17_21:22:37:086- message sent - topic:mqtt-roundtrip-qos0-10MByte-1000-cycles - qos:0 - id:000044
2018-05-17_21:22:37:096- message sent - topic:mqtt-roundtrip-qos0-10MByte-1000-cycles - qos:0 - id:000045
2018-05-17_21:22:37:109- message sent - topic:mqtt-roundtrip-qos0-10MByte-1000-cycles - qos:0 - id:000046
2018-05-17_21:22:37:119- message sent - topic:mqtt-roundtrip-qos0-10MByte-1000-cycles - qos:0 - id:000047
2018-05-17_21:22:37:129- message sent - topic:mqtt-roundtrip-qos0-10MByte-1000-cycles - qos:0 - id:000048
2018-05-17_21:22:37:139- message sent - topic:mqtt-roundtrip-qos0-10MByte-1000-cycles - qos:0 - id:000049
2018-05-17_21:22:37:152- message sent - topic:mqtt-roundtrip-qos0-10MByte-1000-cycles - qos:0 - id:000050
2018-05-17_21:22:37:163- message sent - topic:mqtt-roundtrip-qos0-10MByte-1000-cycles - qos:0 - id:000051
2018-05-17_21:22:37:172- message sent - topic:mqtt-roundtrip-qos0-10MByte-1000-cycles - qos:0 - id:000052
2018-05-17_21:22:37:182- message sent - topic:mqtt-roundtrip-qos0-10MByte-1000-cycles - qos:0 - id:000053
2018-05-17_21:22:37:193- message sent - topic:mqtt-roundtrip-qos0-10MByte-1000-cycles - qos:0 - id:000054
2018-05-17_21:22:37:203- message sent - topic:mqtt-roundtrip-qos0-10MByte-1000-cycles - qos:0 - id:000055
2018-05-17_21:22:37:216- message sent - topic:mqtt-roundtrip-qos0-10MByte-1000-cycles - qos:0 - id:000056
2018-05-17_21:22:37:223- message sent - topic:mqtt-roundtrip-qos0-10MByte-1000-cycles - qos:0 - id:000057
2018-05-17_21:22:37:233- message sent - topic:mqtt-roundtrip-qos0-10MByte-1000-cycles - qos:0 - id:000058
2018-05-17_21:22:37:243- message sent - topic:mqtt-roundtrip-qos0-10MByte-1000-cycles - qos:0 - id:000059
2018-05-17_21:22:37:253- message sent - topic:mqtt-roundtrip-qos0-10MByte-1000-cycles - qos:0 - id:000060
2018-05-17_21:22:37:263- message sent - topic:mqtt-roundtrip-qos0-10MByte-1000-cycles - qos:0 - id:000061
2018-05-17_21:22:37:273- message sent - topic:mqtt-roundtrip-qos0-10MByte-1000-cycles - qos:0 - id:000062
2018-05-17_21:22:37:286- message sent - topic:mqtt-roundtrip-qos0-10MByte-1000-cycles - qos:0 - id:000063
2018-05-17_21:22:37:296- message sent - topic:mqtt-roundtrip-qos0-10MByte-1000-cycles - qos:0 - id:000064
2018-05-17_21:22:37:306- message sent - topic:mqtt-roundtrip-qos0-10MByte-1000-cycles - qos:0 - id:000065
2018-05-17_21:22:37:317- message sent - topic:mqtt-roundtrip-qos0-10MByte-1000-cycles - qos:0 - id:000066
2018-05-17_21:22:37:330- message sent - topic:mqtt-roundtrip-qos0-10MByte-1000-cycles - qos:0 - id:000067
2018-05-17_21:22:37:336- message sent - topic:mqtt-roundtrip-qos0-10MByte-1000-cycles - qos:0 - id:000068
2018-05-17_21:22:37:347- message sent - topic:mqtt-roundtrip-qos0-10MByte-1000-cycles - qos:0 - id:000069
2018-05-17_21:22:37:357- message sent - topic:mqtt-roundtrip-qos0-10MByte-1000-cycles - qos:0 - id:000070
2018-05-17_21:22:37:367- message sent - topic:mqtt-roundtrip-qos0-10MByte-1000-cycles - qos:0 - id:000071
2018-05-17_21:22:37:377- message sent - topic:mqtt-roundtrip-qos0-10MByte-1000-cycles - qos:0 - id:000072
2018-05-17_21:22:37:387- message sent - topic:mqtt-roundtrip-qos0-10MByte-1000-cycles - qos:0 - id:000073
2018-05-17_21:22:37:397- message sent - topic:mqtt-roundtrip-qos0-10MByte-1000-cycles - qos:0 - id:000074
2018-05-17_21:22:37:407- message sent - topic:mqtt-roundtrip-qos0-10MByte-1000-cycles - qos:0 - id:000075
2018-05-17_21:22:37:417- message sent - topic:mqtt-roundtrip-qos0-10MByte-1000-cycles - qos:0 - id:000076
2018-05-17_21:22:37:427- message sent - topic:mqtt-roundtrip-qos0-10MByte-1000-cycles - qos:0 - id:000077
2018-05-17_21:22:37:437- message sent - topic:mqtt-roundtrip-qos0-10MByte-1000-cycles - qos:0 - id:000078
2018-05-17_21:22:37:450- message sent - topic:mqtt-roundtrip-qos0-10MByte-1000-cycles - qos:0 - id:000079
2018-05-17_21:22:37:460- message sent - topic:mqtt-roundtrip-qos0-10MByte-1000-cycles - qos:0 - id:000080
2018-05-17_21:22:37:470- message sent - topic:mqtt-roundtrip-qos0-10MByte-1000-cycles - qos:0 - id:000081
2018-05-17_21:22:37:477- message sent - topic:mqtt-roundtrip-qos0-10MByte-1000-cycles - qos:0 - id:000082
2018-05-17_21:22:37:487- message sent - topic:mqtt-roundtrip-qos0-10MByte-1000-cycles - qos:0 - id:000083
2018-05-17_21:22:37:497- message sent - topic:mqtt-roundtrip-qos0-10MByte-1000-cycles - qos:0 - id:000084
2018-05-17_21:22:37:504- message sent - topic:mqtt-roundtrip-qos0-10MByte-1000-cycles - qos:0 - id:000085
2018-05-17_21:22:37:514- message sent - topic:mqtt-roundtrip-qos0-10MByte-1000-cycles - qos:0 - id:000086
2018-05-17_21:22:37:524- message sent - topic:mqtt-roundtrip-qos0-10MByte-1000-cycles - qos:0 - id:000087
2018-05-17_21:22:37:534- message sent - topic:mqtt-roundtrip-qos0-10MByte-1000-cycles - qos:0 - id:000088
2018-05-17_21:22:37:544- message sent - topic:mqtt-roundtrip-qos0-10MByte-1000-cycles - qos:0 - id:000089
2018-05-17_21:22:37:557- message sent - topic:mqtt-roundtrip-qos0-10MByte-1000-cycles - qos:0 - id:000090
2018-05-17_21:22:37:564- message sent - topic:mqtt-roundtrip-qos0-10MByte-1000-cycles - qos:0 - id:000091
2018-05-17_21:22:37:574- message sent - topic:mqtt-roundtrip-qos0-10MByte-1000-cycles - qos:0 - id:000092
2018-05-17_21:22:37:588- message sent - topic:mqtt-roundtrip-qos0-10MByte-1000-cycles - qos:0 - id:000093
2018-05-17_21:22:37:598- message sent - topic:mqtt-roundtrip-qos0-10MByte-1000-cycles - qos:0 - id:000094
2018-05-17_21:22:37:607- message sent - topic:mqtt-roundtrip-qos0-10MByte-1000-cycles - qos:0 - id:000095
2018-05-17_21:22:37:618- message sent - topic:mqtt-roundtrip-qos0-10MByte-1000-cycles - qos:0 - id:000096
2018-05-17_21:22:37:628- message sent - topic:mqtt-roundtrip-qos0-10MByte-1000-cycles - qos:0 - id:000097
2018-05-17_21:22:37:638- message sent - topic:mqtt-roundtrip-qos0-10MByte-1000-cycles - qos:0 - id:000098
2018-05-17_21:22:37:645- message sent - topic:mqtt-roundtrip-qos0-10MByte-1000-cycles - qos:0 - id:000099
2018-05-17_21:22:37:658- message sent - topic:mqtt-roundtrip-qos0-10MByte-1000-cycles - qos:0 - id:000100
2018-05-17_21:22:37:668- message sent - topic:mqtt-roundtrip-qos0-10MByte-1000-cycles - qos:0 - id:000101
2018-05-17_21:22:37:675- message sent - topic:mqtt-roundtrip-qos0-10MByte-1000-cycles - qos:0 - id:000102
2018-05-17_21:22:37:685- message sent - topic:mqtt-roundtrip-qos0-10MByte-1000-cycles - qos:0 - id:000103
2018-05-17_21:22:37:695- message sent - topic:mqtt-roundtrip-qos0-10MByte-1000-cycles - qos:0 - id:000104
2018-05-17_21:22:37:708- message sent - topic:mqtt-roundtrip-qos0-10MByte-1000-cycles - qos:0 - id:000105
2018-05-17_21:22:37:718- message sent - topic:mqtt-roundtrip-qos0-10MByte-1000-cycles - qos:0 - id:000106
2018-05-17_21:22:37:728- message sent - topic:mqtt-roundtrip-qos0-10MByte-1000-cycles - qos:0 - id:000107
2018-05-17_21:22:37:741- message sent - topic:mqtt-roundtrip-qos0-10MByte-1000-cycles - qos:0 - id:000108
2018-05-17_21:22:37:748- message sent - topic:mqtt-roundtrip-qos0-10MByte-1000-cycles - qos:0 - id:000109
2018-05-17_21:22:37:758- message sent - topic:mqtt-roundtrip-qos0-10MByte-1000-cycles - qos:0 - id:000110
2018-05-17_21:22:37:768- message sent - topic:mqtt-roundtrip-qos0-10MByte-1000-cycles - qos:0 - id:000111
2018-05-17_21:22:37:778- message sent - topic:mqtt-roundtrip-qos0-10MByte-1000-cycles - qos:0 - id:000112
2018-05-17_21:22:37:788- message sent - topic:mqtt-roundtrip-qos0-10MByte-1000-cycles - qos:0 - id:000113
2018-05-17_21:22:37:798- message sent - topic:mqtt-roundtrip-qos0-10MByte-1000-cycles - qos:0 - id:000114
2018-05-17_21:22:37:808- message sent - topic:mqtt-roundtrip-qos0-10MByte-1000-cycles - qos:0 - id:000115
2018-05-17_21:22:37:819- message sent - topic:mqtt-roundtrip-qos0-10MByte-1000-cycles - qos:0 - id:000116
2018-05-17_21:22:37:828- message sent - topic:mqtt-roundtrip-qos0-10MByte-1000-cycles - qos:0 - id:000117
2018-05-17_21:22:37:842- message sent - topic:mqtt-roundtrip-qos0-10MByte-1000-cycles - qos:0 - id:000118
2018-05-17_21:22:37:852- message sent - topic:mqtt-roundtrip-qos0-10MByte-1000-cycles - qos:0 - id:000119
2018-05-17_21:22:37:858- message sent - topic:mqtt-roundtrip-qos0-10MByte-1000-cycles - qos:0 - id:000120
2018-05-17_21:22:37:872- message sent - topic:mqtt-roundtrip-qos0-10MByte-1000-cycles - qos:0 - id:000121
2018-05-17_21:22:37:882- message sent - topic:mqtt-roundtrip-qos0-10MByte-1000-cycles - qos:0 - id:000122
2018-05-17_21:22:37:892- message sent - topic:mqtt-roundtrip-qos0-10MByte-1000-cycles - qos:0 - id:000123
2018-05-17_21:22:37:902- message sent - topic:mqtt-roundtrip-qos0-10MByte-1000-cycles - qos:0 - id:000124
2018-05-17_21:22:37:912- message sent - topic:mqtt-roundtrip-qos0-10MByte-1000-cycles - qos:0 - id:000125
2018-05-17_21:22:37:922- message sent - topic:mqtt-roundtrip-qos0-10MByte-1000-cycles - qos:0 - id:000126
2018-05-17_21:22:37:932- message sent - topic:mqtt-roundtrip-qos0-10MByte-1000-cycles - qos:0 - id:000127
2018-05-17_21:22:37:942- message sent - topic:mqtt-roundtrip-qos0-10MByte-1000-cycles - qos:0 - id:000128
2018-05-17_21:22:37:952- message sent - topic:mqtt-roundtrip-qos0-10MByte-1000-cycles - qos:0 - id:000129
2018-05-17_21:22:37:962- message sent - topic:mqtt-roundtrip-qos0-10MByte-1000-cycles - qos:0 - id:000130
2018-05-17_21:22:37:972- message sent - topic:mqtt-roundtrip-qos0-10MByte-1000-cycles - qos:0 - id:000131
2018-05-17_21:22:37:982- message sent - topic:mqtt-roundtrip-qos0-10MByte-1000-cycles - qos:0 - id:000132
2018-05-17_21:22:37:992- message sent - topic:mqtt-roundtrip-qos0-10MByte-1000-cycles - qos:0 - id:000133
2018-05-17_21:22:38:002- message sent - topic:mqtt-roundtrip-qos0-10MByte-1000-cycles - qos:0 - id:000134
2018-05-17_21:22:38:012- message sent - topic:mqtt-roundtrip-qos0-10MByte-1000-cycles - qos:0 - id:000135
2018-05-17_21:22:38:023- message sent - topic:mqtt-roundtrip-qos0-10MByte-1000-cycles - qos:0 - id:000136
2018-05-17_21:22:38:030- message sent - topic:mqtt-roundtrip-qos0-10MByte-1000-cycles - qos:0 - id:000137
2018-05-17_21:22:38:040- message sent - topic:mqtt-roundtrip-qos0-10MByte-1000-cycles - qos:0 - id:000138
2018-05-17_21:22:38:050- message sent - topic:mqtt-roundtrip-qos0-10MByte-1000-cycles - qos:0 - id:000139
2018-05-17_21:22:38:060- message sent - topic:mqtt-roundtrip-qos0-10MByte-1000-cycles - qos:0 - id:000140
2018-05-17_21:22:38:070- message sent - topic:mqtt-roundtrip-qos0-10MByte-1000-cycles - qos:0 - id:000141
2018-05-17_21:22:38:080- message sent - topic:mqtt-roundtrip-qos0-10MByte-1000-cycles - qos:0 - id:000142
2018-05-17_21:22:38:090- message sent - topic:mqtt-roundtrip-qos0-10MByte-1000-cycles - qos:0 - id:000143
2018-05-17_21:22:38:100- message sent - topic:mqtt-roundtrip-qos0-10MByte-1000-cycles - qos:0 - id:000144
2018-05-17_21:22:38:110- message sent - topic:mqtt-roundtrip-qos0-10MByte-1000-cycles - qos:0 - id:000145
2018-05-17_21:22:38:121- message sent - topic:mqtt-roundtrip-qos0-10MByte-1000-cycles - qos:0 - id:000146
2018-05-17_21:22:38:128- message sent - topic:mqtt-roundtrip-qos0-10MByte-1000-cycles - qos:0 - id:000147
2018-05-17_21:22:38:138- message sent - topic:mqtt-roundtrip-qos0-10MByte-1000-cycles - qos:0 - id:000148
2018-05-17_21:22:38:148- message sent - topic:mqtt-roundtrip-qos0-10MByte-1000-cycles - qos:0 - id:000149
2018-05-17_21:22:38:158- message sent - topic:mqtt-roundtrip-qos0-10MByte-1000-cycles - qos:0 - id:000150
2018-05-17_21:22:38:168- message sent - topic:mqtt-roundtrip-qos0-10MByte-1000-cycles - qos:0 - id:000151
2018-05-17_21:22:38:178- message sent - topic:mqtt-roundtrip-qos0-10MByte-1000-cycles - qos:0 - id:000152
2018-05-17_21:22:38:188- message sent - topic:mqtt-roundtrip-qos0-10MByte-1000-cycles - qos:0 - id:000153
2018-05-17_21:22:38:198- message sent - topic:mqtt-roundtrip-qos0-10MByte-1000-cycles - qos:0 - id:000154
2018-05-17_21:22:38:208- message sent - topic:mqtt-roundtrip-qos0-10MByte-1000-cycles - qos:0 - id:000155
2018-05-17_21:22:38:218- message sent - topic:mqtt-roundtrip-qos0-10MByte-1000-cycles - qos:0 - id:000156
2018-05-17_21:22:38:228- message sent - topic:mqtt-roundtrip-qos0-10MByte-1000-cycles - qos:0 - id:000157
2018-05-17_21:22:38:239- message sent - topic:mqtt-roundtrip-qos0-10MByte-1000-cycles - qos:0 - id:000158
2018-05-17_21:22:38:249- message sent - topic:mqtt-roundtrip-qos0-10MByte-1000-cycles - qos:0 - id:000159
2018-05-17_21:22:38:258- message sent - topic:mqtt-roundtrip-qos0-10MByte-1000-cycles - qos:0 - id:000160
2018-05-17_21:22:38:269- message sent - topic:mqtt-roundtrip-qos0-10MByte-1000-cycles - qos:0 - id:000161
2018-05-17_21:22:38:279- message sent - topic:mqtt-roundtrip-qos0-10MByte-1000-cycles - qos:0 - id:000162
2018-05-17_21:22:38:289- message sent - topic:mqtt-roundtrip-qos0-10MByte-1000-cycles - qos:0 - id:000163
2018-05-17_21:22:38:299- message sent - topic:mqtt-roundtrip-qos0-10MByte-1000-cycles - qos:0 - id:000164
2018-05-17_21:22:38:312- message sent - topic:mqtt-roundtrip-qos0-10MByte-1000-cycles - qos:0 - id:000165
2018-05-17_21:22:38:322- message sent - topic:mqtt-roundtrip-qos0-10MByte-1000-cycles - qos:0 - id:000166
2018-05-17_21:22:38:332- message sent - topic:mqtt-roundtrip-qos0-10MByte-1000-cycles - qos:0 - id:000167
2018-05-17_21:22:38:342- message sent - topic:mqtt-roundtrip-qos0-10MByte-1000-cycles - qos:0 - id:000168
2018-05-17_21:22:38:349- message sent - topic:mqtt-roundtrip-qos0-10MByte-1000-cycles - qos:0 - id:000169
2018-05-17_21:22:38:363- message sent - topic:mqtt-roundtrip-qos0-10MByte-1000-cycles - qos:0 - id:000170
2018-05-17_21:22:38:374- message sent - topic:mqtt-roundtrip-qos0-10MByte-1000-cycles - qos:0 - id:000171
2018-05-17_21:22:38:381- message sent - topic:mqtt-roundtrip-qos0-10MByte-1000-cycles - qos:0 - id:000172
2018-05-17_21:22:38:391- message sent - topic:mqtt-roundtrip-qos0-10MByte-1000-cycles - qos:0 - id:000173
2018-05-17_21:22:38:401- message sent - topic:mqtt-roundtrip-qos0-10MByte-1000-cycles - qos:0 - id:000174
2018-05-17_21:22:38:414- message sent - topic:mqtt-roundtrip-qos0-10MByte-1000-cycles - qos:0 - id:000175
2018-05-17_21:22:38:424- message sent - topic:mqtt-roundtrip-qos0-10MByte-1000-cycles - qos:0 - id:000176
2018-05-17_21:22:38:434- message sent - topic:mqtt-roundtrip-qos0-10MByte-1000-cycles - qos:0 - id:000177
2018-05-17_21:22:38:444- message sent - topic:mqtt-roundtrip-qos0-10MByte-1000-cycles - qos:0 - id:000178
2018-05-17_21:22:38:454- message sent - topic:mqtt-roundtrip-qos0-10MByte-1000-cycles - qos:0 - id:000179
2018-05-17_21:22:38:467- message sent - topic:mqtt-roundtrip-qos0-10MByte-1000-cycles - qos:0 - id:000180
2018-05-17_21:22:38:478- message sent - topic:mqtt-roundtrip-qos0-10MByte-1000-cycles - qos:0 - id:000181
2018-05-17_21:22:38:487- message sent - topic:mqtt-roundtrip-qos0-10MByte-1000-cycles - qos:0 - id:000182
2018-05-17_21:22:38:498- message sent - topic:mqtt-roundtrip-qos0-10MByte-1000-cycles - qos:0 - id:000183
2018-05-17_21:22:38:508- message sent - topic:mqtt-roundtrip-qos0-10MByte-1000-cycles - qos:0 - id:000184
2018-05-17_21:22:38:517- message sent - topic:mqtt-roundtrip-qos0-10MByte-1000-cycles - qos:0 - id:000185
2018-05-17_21:22:38:528- message sent - topic:mqtt-roundtrip-qos0-10MByte-1000-cycles - qos:0 - id:000186
2018-05-17_21:22:38:538- message sent - topic:mqtt-roundtrip-qos0-10MByte-1000-cycles - qos:0 - id:000187
2018-05-17_21:22:38:548- message sent - topic:mqtt-roundtrip-qos0-10MByte-1000-cycles - qos:0 - id:000188
2018-05-17_21:22:38:555- message sent - topic:mqtt-roundtrip-qos0-10MByte-1000-cycles - qos:0 - id:000189
2018-05-17_21:22:38:564- message sent - topic:mqtt-roundtrip-qos0-10MByte-1000-cycles - qos:0 - id:000190
2018-05-17_21:22:38:579- message sent - topic:mqtt-roundtrip-qos0-10MByte-1000-cycles - qos:0 - id:000191
2018-05-17_21:22:38:589- message sent - topic:mqtt-roundtrip-qos0-10MByte-1000-cycles - qos:0 - id:000192
2018-05-17_21:22:38:599- message sent - topic:mqtt-roundtrip-qos0-10MByte-1000-cycles - qos:0 - id:000193
2018-05-17_21:22:38:605- message sent - topic:mqtt-roundtrip-qos0-10MByte-1000-cycles - qos:0 - id:000194
2018-05-17_21:22:38:615- message sent - topic:mqtt-roundtrip-qos0-10MByte-1000-cycles - qos:0 - id:000195
2018-05-17_21:22:38:624- message sent - topic:mqtt-roundtrip-qos0-10MByte-1000-cycles - qos:0 - id:000196
2018-05-17_21:22:38:634- message sent - topic:mqtt-roundtrip-qos0-10MByte-1000-cycles - qos:0 - id:000197
2018-05-17_21:22:38:644- message sent - topic:mqtt-roundtrip-qos0-10MByte-1000-cycles - qos:0 - id:000198
2018-05-17_21:22:38:657- message sent - topic:mqtt-roundtrip-qos0-10MByte-1000-cycles - qos:0 - id:000199
2018-05-17_21:22:38:668- message sent - topic:mqtt-roundtrip-qos0-10MByte-1000-cycles - qos:0 - id:000200
2018-05-17_21:22:38:678- message sent - topic:mqtt-roundtrip-qos0-10MByte-1000-cycles - qos:0 - id:000201
2018-05-17_21:22:38:688- message sent - topic:mqtt-roundtrip-qos0-10MByte-1000-cycles - qos:0 - id:000202
2018-05-17_21:22:38:698- message sent - topic:mqtt-roundtrip-qos0-10MByte-1000-cycles - qos:0 - id:000203
2018-05-17_21:22:38:708- message sent - topic:mqtt-roundtrip-qos0-10MByte-1000-cycles - qos:0 - id:000204
2018-05-17_21:22:38:718- message sent - topic:mqtt-roundtrip-qos0-10MByte-1000-cycles - qos:0 - id:000205
2018-05-17_21:22:38:729- message sent - topic:mqtt-roundtrip-qos0-10MByte-1000-cycles - qos:0 - id:000206
2018-05-17_21:22:38:739- message sent - topic:mqtt-roundtrip-qos0-10MByte-1000-cycles - qos:0 - id:000207
2018-05-17_21:22:38:749- message sent - topic:mqtt-roundtrip-qos0-10MByte-1000-cycles - qos:0 - id:000208
2018-05-17_21:22:38:760- message sent - topic:mqtt-roundtrip-qos0-10MByte-1000-cycles - qos:0 - id:000209
2018-05-17_21:22:38:770- message sent - topic:mqtt-roundtrip-qos0-10MByte-1000-cycles - qos:0 - id:000210
2018-05-17_21:22:38:780- message sent - topic:mqtt-roundtrip-qos0-10MByte-1000-cycles - qos:0 - id:000211
2018-05-17_21:22:38:790- message sent - topic:mqtt-roundtrip-qos0-10MByte-1000-cycles - qos:0 - id:000212
2018-05-17_21:22:38:800- message sent - topic:mqtt-roundtrip-qos0-10MByte-1000-cycles - qos:0 - id:000213
2018-05-17_21:22:38:811- message sent - topic:mqtt-roundtrip-qos0-10MByte-1000-cycles - qos:0 - id:000214
2018-05-17_21:22:38:818- message sent - topic:mqtt-roundtrip-qos0-10MByte-1000-cycles - qos:0 - id:000215
2018-05-17_21:22:38:828- message sent - topic:mqtt-roundtrip-qos0-10MByte-1000-cycles - qos:0 - id:000216
2018-05-17_21:22:38:838- message sent - topic:mqtt-roundtrip-qos0-10MByte-1000-cycles - qos:0 - id:000217
2018-05-17_21:22:38:848- message sent - topic:mqtt-roundtrip-qos0-10MByte-1000-cycles - qos:0 - id:000218
2018-05-17_21:22:38:858- message sent - topic:mqtt-roundtrip-qos0-10MByte-1000-cycles - qos:0 - id:000219
2018-05-17_21:22:38:868- message sent - topic:mqtt-roundtrip-qos0-10MByte-1000-cycles - qos:0 - id:000220
2018-05-17_21:22:38:878- message sent - topic:mqtt-roundtrip-qos0-10MByte-1000-cycles - qos:0 - id:000221
2018-05-17_21:22:38:885- message sent - topic:mqtt-roundtrip-qos0-10MByte-1000-cycles - qos:0 - id:000222
2018-05-17_21:22:38:895- message sent - topic:mqtt-roundtrip-qos0-10MByte-1000-cycles - qos:0 - id:000223
2018-05-17_21:22:38:905- message sent - topic:mqtt-roundtrip-qos0-10MByte-1000-cycles - qos:0 - id:000224
2018-05-17_21:22:38:918- message sent - topic:mqtt-roundtrip-qos0-10MByte-1000-cycles - qos:0 - id:000225
2018-05-17_21:22:38:928- message sent - topic:mqtt-roundtrip-qos0-10MByte-1000-cycles - qos:0 - id:000226
2018-05-17_21:22:38:937- message sent - topic:mqtt-roundtrip-qos0-10MByte-1000-cycles - qos:0 - id:000227
2018-05-17_21:22:38:951- message sent - topic:mqtt-roundtrip-qos0-10MByte-1000-cycles - qos:0 - id:000228
2018-05-17_21:22:38:960- message sent - topic:mqtt-roundtrip-qos0-10MByte-1000-cycles - qos:0 - id:000229
2018-05-17_21:22:38:967- message sent - topic:mqtt-roundtrip-qos0-10MByte-1000-cycles - qos:0 - id:000230
2018-05-17_21:22:38:977- message sent - topic:mqtt-roundtrip-qos0-10MByte-1000-cycles - qos:0 - id:000231
2018-05-17_21:22:38:986- message sent - topic:mqtt-roundtrip-qos0-10MByte-1000-cycles - qos:0 - id:000232
2018-05-17_21:22:38:996- message sent - topic:mqtt-roundtrip-qos0-10MByte-1000-cycles - qos:0 - id:000233
2018-05-17_21:22:39:006- message sent - topic:mqtt-roundtrip-qos0-10MByte-1000-cycles - qos:0 - id:000234
2018-05-17_21:22:39:015- message sent - topic:mqtt-roundtrip-qos0-10MByte-1000-cycles - qos:0 - id:000235
2018-05-17_21:22:39:025- message sent - topic:mqtt-roundtrip-qos0-10MByte-1000-cycles - qos:0 - id:000236
2018-05-17_21:22:39:038- message sent - topic:mqtt-roundtrip-qos0-10MByte-1000-cycles - qos:0 - id:000237
2018-05-17_21:22:39:048- message sent - topic:mqtt-roundtrip-qos0-10MByte-1000-cycles - qos:0 - id:000238
2018-05-17_21:22:39:061- message sent - topic:mqtt-roundtrip-qos0-10MByte-1000-cycles - qos:0 - id:000239
2018-05-17_21:22:39:068- message sent - topic:mqtt-roundtrip-qos0-10MByte-1000-cycles - qos:0 - id:000240
2018-05-17_21:22:39:077- message sent - topic:mqtt-roundtrip-qos0-10MByte-1000-cycles - qos:0 - id:000241
2018-05-17_21:22:39:087- message sent - topic:mqtt-roundtrip-qos0-10MByte-1000-cycles - qos:0 - id:000242
2018-05-17_21:22:39:097- message sent - topic:mqtt-roundtrip-qos0-10MByte-1000-cycles - qos:0 - id:000243
2018-05-17_21:22:39:108- message sent - topic:mqtt-roundtrip-qos0-10MByte-1000-cycles - qos:0 - id:000244
2018-05-17_21:22:39:116- message sent - topic:mqtt-roundtrip-qos0-10MByte-1000-cycles - qos:0 - id:000245
2018-05-17_21:22:39:128- message sent - topic:mqtt-roundtrip-qos0-10MByte-1000-cycles - qos:0 - id:000246
2018-05-17_21:22:39:136- message sent - topic:mqtt-roundtrip-qos0-10MByte-1000-cycles - qos:0 - id:000247
2018-05-17_21:22:39:147- message sent - topic:mqtt-roundtrip-qos0-10MByte-1000-cycles - qos:0 - id:000248
2018-05-17_21:22:39:165- message sent - topic:mqtt-roundtrip-qos0-10MByte-1000-cycles - qos:0 - id:000249
2018-05-17_21:22:39:176- message sent - topic:mqtt-roundtrip-qos0-10MByte-1000-cycles - qos:0 - id:000250
2018-05-17_21:22:39:188- message sent - topic:mqtt-roundtrip-qos0-10MByte-1000-cycles - qos:0 - id:000251
2018-05-17_21:22:39:201- message sent - topic:mqtt-roundtrip-qos0-10MByte-1000-cycles - qos:0 - id:000252
2018-05-17_21:22:39:214- message sent - topic:mqtt-roundtrip-qos0-10MByte-1000-cycles - qos:0 - id:000253
2018-05-17_21:22:39:223- message sent - topic:mqtt-roundtrip-qos0-10MByte-1000-cycles - qos:0 - id:000254
2018-05-17_21:22:39:234- message sent - topic:mqtt-roundtrip-qos0-10MByte-1000-cycles - qos:0 - id:000255
2018-05-17_21:22:39:246- message sent - topic:mqtt-roundtrip-qos0-10MByte-1000-cycles - qos:0 - id:000256
2018-05-17_21:22:39:264- message sent - topic:mqtt-roundtrip-qos0-10MByte-1000-cycles - qos:0 - id:000257
2018-05-17_21:22:39:274- message sent - topic:mqtt-roundtrip-qos0-10MByte-1000-cycles - qos:0 - id:000258
2018-05-17_21:22:39:284- message sent - topic:mqtt-roundtrip-qos0-10MByte-1000-cycles - qos:0 - id:000259
2018-05-17_21:22:39:291- message sent - topic:mqtt-roundtrip-qos0-10MByte-1000-cycles - qos:0 - id:000260
2018-05-17_21:22:39:303- message sent - topic:mqtt-roundtrip-qos0-10MByte-1000-cycles - qos:0 - id:000261
2018-05-17_21:22:39:315- message sent - topic:mqtt-roundtrip-qos0-10MByte-1000-cycles - qos:0 - id:000262
2018-05-17_21:22:39:327- message sent - topic:mqtt-roundtrip-qos0-10MByte-1000-cycles - qos:0 - id:000263
2018-05-17_21:22:39:338- message sent - topic:mqtt-roundtrip-qos0-10MByte-1000-cycles - qos:0 - id:000264
2018-05-17_21:22:39:348- message sent - topic:mqtt-roundtrip-qos0-10MByte-1000-cycles - qos:0 - id:000265
2018-05-17_21:22:39:356- message sent - topic:mqtt-roundtrip-qos0-10MByte-1000-cycles - qos:0 - id:000266
2018-05-17_21:22:39:368- message sent - topic:mqtt-roundtrip-qos0-10MByte-1000-cycles - qos:0 - id:000267
2018-05-17_21:22:39:381- message sent - topic:mqtt-roundtrip-qos0-10MByte-1000-cycles - qos:0 - id:000268
2018-05-17_21:22:39:390- message sent - topic:mqtt-roundtrip-qos0-10MByte-1000-cycles - qos:0 - id:000269
2018-05-17_21:22:39:402- message sent - topic:mqtt-roundtrip-qos0-10MByte-1000-cycles - qos:0 - id:000270
2018-05-17_21:22:39:412- message sent - topic:mqtt-roundtrip-qos0-10MByte-1000-cycles - qos:0 - id:000271
2018-05-17_21:22:39:426- message sent - topic:mqtt-roundtrip-qos0-10MByte-1000-cycles - qos:0 - id:000272
2018-05-17_21:22:39:437- message sent - topic:mqtt-roundtrip-qos0-10MByte-1000-cycles - qos:0 - id:000273
2018-05-17_21:22:39:450- message sent - topic:mqtt-roundtrip-qos0-10MByte-1000-cycles - qos:0 - id:000274
2018-05-17_21:22:39:461- message sent - topic:mqtt-roundtrip-qos0-10MByte-1000-cycles - qos:0 - id:000275
2018-05-17_21:22:39:471- message sent - topic:mqtt-roundtrip-qos0-10MByte-1000-cycles - qos:0 - id:000276
2018-05-17_21:22:39:482- message sent - topic:mqtt-roundtrip-qos0-10MByte-1000-cycles - qos:0 - id:000277
2018-05-17_21:22:39:494- message sent - topic:mqtt-roundtrip-qos0-10MByte-1000-cycles - qos:0 - id:000278
2018-05-17_21:22:39:505- message sent - topic:mqtt-roundtrip-qos0-10MByte-1000-cycles - qos:0 - id:000279
2018-05-17_21:22:39:519- message sent - topic:mqtt-roundtrip-qos0-10MByte-1000-cycles - qos:0 - id:000280
2018-05-17_21:22:39:541- message sent - topic:mqtt-roundtrip-qos0-10MByte-1000-cycles - qos:0 - id:000281
2018-05-17_21:22:39:561- message sent - topic:mqtt-roundtrip-qos0-10MByte-1000-cycles - qos:0 - id:000282
2018-05-17_21:22:39:584- message sent - topic:mqtt-roundtrip-qos0-10MByte-1000-cycles - qos:0 - id:000283
2018-05-17_21:22:39:599- message sent - topic:mqtt-roundtrip-qos0-10MByte-1000-cycles - qos:0 - id:000284
2018-05-17_21:22:39:619- message sent - topic:mqtt-roundtrip-qos0-10MByte-1000-cycles - qos:0 - id:000285
2018-05-17_21:22:39:661- message sent - topic:mqtt-roundtrip-qos0-10MByte-1000-cycles - qos:0 - id:000286
2018-05-17_21:22:39:699- message sent - topic:mqtt-roundtrip-qos0-10MByte-1000-cycles - qos:0 - id:000287
2018-05-17_21:22:39:743- message sent - topic:mqtt-roundtrip-qos0-10MByte-1000-cycles - qos:0 - id:000288
2018-05-17_21:22:39:989- message sent - topic:mqtt-roundtrip-qos0-10MByte-1000-cycles - qos:0 - id:000289
2018-05-17_21:22:40:012- message sent - topic:mqtt-roundtrip-qos0-10MByte-1000-cycles - qos:0 - id:000290
2018-05-17_21:22:40:135- message sent - topic:mqtt-roundtrip-qos0-10MByte-1000-cycles - qos:0 - id:000291
2018-05-17_21:22:40:159- message sent - topic:mqtt-roundtrip-qos0-10MByte-1000-cycles - qos:0 - id:000292
2018-05-17_21:22:40:178- message sent - topic:mqtt-roundtrip-qos0-10MByte-1000-cycles - qos:0 - id:000293
2018-05-17_21:22:40:191- message sent - topic:mqtt-roundtrip-qos0-10MByte-1000-cycles - qos:0 - id:000294
2018-05-17_21:22:40:205- message sent - topic:mqtt-roundtrip-qos0-10MByte-1000-cycles - qos:0 - id:000295
2018-05-17_21:22:40:256- message sent - topic:mqtt-roundtrip-qos0-10MByte-1000-cycles - qos:0 - id:000296
2018-05-17_21:22:40:270- message sent - topic:mqtt-roundtrip-qos0-10MByte-1000-cycles - qos:0 - id:000297
2018-05-17_21:22:40:285- message sent - topic:mqtt-roundtrip-qos0-10MByte-1000-cycles - qos:0 - id:000298
2018-05-17_21:22:40:299- message sent - topic:mqtt-roundtrip-qos0-10MByte-1000-cycles - qos:0 - id:000299
2018-05-17_21:22:40:312- message sent - topic:mqtt-roundtrip-qos0-10MByte-1000-cycles - qos:0 - id:000300
2018-05-17_21:22:40:352- message sent - topic:mqtt-roundtrip-qos0-10MByte-1000-cycles - qos:0 - id:000301
2018-05-17_21:22:40:366- message sent - topic:mqtt-roundtrip-qos0-10MByte-1000-cycles - qos:0 - id:000302
2018-05-17_21:22:40:406- message sent - topic:mqtt-roundtrip-qos0-10MByte-1000-cycles - qos:0 - id:000303
2018-05-17_21:22:40:416- message sent - topic:mqtt-roundtrip-qos0-10MByte-1000-cycles - qos:0 - id:000304
2018-05-17_21:22:40:451- message sent - topic:mqtt-roundtrip-qos0-10MByte-1000-cycles - qos:0 - id:000305
2018-05-17_21:22:40:541- message sent - topic:mqtt-roundtrip-qos0-10MByte-1000-cycles - qos:0 - id:000306
2018-05-17_21:22:40:612- message sent - topic:mqtt-roundtrip-qos0-10MByte-1000-cycles - qos:0 - id:000307
2018-05-17_21:22:40:974- message sent - topic:mqtt-roundtrip-qos0-10MByte-1000-cycles - qos:0 - id:000308
2018-05-17_21:22:40:995- message sent - topic:mqtt-roundtrip-qos0-10MByte-1000-cycles - qos:0 - id:000309
2018-05-17_21:22:41:007- message sent - topic:mqtt-roundtrip-qos0-10MByte-1000-cycles - qos:0 - id:000310
2018-05-17_21:22:41:027- message sent - topic:mqtt-roundtrip-qos0-10MByte-1000-cycles - qos:0 - id:000311
2018-05-17_21:22:41:035- message sent - topic:mqtt-roundtrip-qos0-10MByte-1000-cycles - qos:0 - id:000312
2018-05-17_21:22:41:045- message sent - topic:mqtt-roundtrip-qos0-10MByte-1000-cycles - qos:0 - id:000313
2018-05-17_21:22:41:055- message sent - topic:mqtt-roundtrip-qos0-10MByte-1000-cycles - qos:0 - id:000314
2018-05-17_21:22:41:066- message sent - topic:mqtt-roundtrip-qos0-10MByte-1000-cycles - qos:0 - id:000315
2018-05-17_21:22:41:077- message sent - topic:mqtt-roundtrip-qos0-10MByte-1000-cycles - qos:0 - id:000316
2018-05-17_21:22:41:088- message sent - topic:mqtt-roundtrip-qos0-10MByte-1000-cycles - qos:0 - id:000317
2018-05-17_21:22:41:098- message sent - topic:mqtt-roundtrip-qos0-10MByte-1000-cycles - qos:0 - id:000318
2018-05-17_21:22:41:109- message sent - topic:mqtt-roundtrip-qos0-10MByte-1000-cycles - qos:0 - id:000319
2018-05-17_21:22:41:117- message sent - topic:mqtt-roundtrip-qos0-10MByte-1000-cycles - qos:0 - id:000320
2018-05-17_21:22:41:126- message sent - topic:mqtt-roundtrip-qos0-10MByte-1000-cycles - qos:0 - id:000321
2018-05-17_21:22:41:184- message sent - topic:mqtt-roundtrip-qos0-10MByte-1000-cycles - qos:0 - id:000322
2018-05-17_21:22:41:203- message sent - topic:mqtt-roundtrip-qos0-10MByte-1000-cycles - qos:0 - id:000323
2018-05-17_21:22:41:330- message sent - topic:mqtt-roundtrip-qos0-10MByte-1000-cycles - qos:0 - id:000324
2018-05-17_21:22:41:352- message sent - topic:mqtt-roundtrip-qos0-10MByte-1000-cycles - qos:0 - id:000325
2018-05-17_21:22:41:477- message sent - topic:mqtt-roundtrip-qos0-10MByte-1000-cycles - qos:0 - id:000326
2018-05-17_21:22:41:526- message sent - topic:mqtt-roundtrip-qos0-10MByte-1000-cycles - qos:0 - id:000327
2018-05-17_21:22:41:539- message sent - topic:mqtt-roundtrip-qos0-10MByte-1000-cycles - qos:0 - id:000328
2018-05-17_21:22:41:598- message sent - topic:mqtt-roundtrip-qos0-10MByte-1000-cycles - qos:0 - id:000329
2018-05-17_21:22:41:609- message sent - topic:mqtt-roundtrip-qos0-10MByte-1000-cycles - qos:0 - id:000330
2018-05-17_21:22:41:620- message sent - topic:mqtt-roundtrip-qos0-10MByte-1000-cycles - qos:0 - id:000331
2018-05-17_21:22:41:649- message sent - topic:mqtt-roundtrip-qos0-10MByte-1000-cycles - qos:0 - id:000332
2018-05-17_21:22:41:754- message sent - topic:mqtt-roundtrip-qos0-10MByte-1000-cycles - qos:0 - id:000333
2018-05-17_21:22:41:765- message sent - topic:mqtt-roundtrip-qos0-10MByte-1000-cycles - qos:0 - id:000334
2018-05-17_21:22:41:776- message sent - topic:mqtt-roundtrip-qos0-10MByte-1000-cycles - qos:0 - id:000335
2018-05-17_21:22:41:787- message sent - topic:mqtt-roundtrip-qos0-10MByte-1000-cycles - qos:0 - id:000336
2018-05-17_21:22:41:798- message sent - topic:mqtt-roundtrip-qos0-10MByte-1000-cycles - qos:0 - id:000337
2018-05-17_21:22:41:888- message sent - topic:mqtt-roundtrip-qos0-10MByte-1000-cycles - qos:0 - id:000338
2018-05-17_21:22:41:960- message sent - topic:mqtt-roundtrip-qos0-10MByte-1000-cycles - qos:0 - id:000339
2018-05-17_21:22:41:970- message sent - topic:mqtt-roundtrip-qos0-10MByte-1000-cycles - qos:0 - id:000340
2018-05-17_21:22:41:978- message sent - topic:mqtt-roundtrip-qos0-10MByte-1000-cycles - qos:0 - id:000341
2018-05-17_21:22:41:988- message sent - topic:mqtt-roundtrip-qos0-10MByte-1000-cycles - qos:0 - id:000342
2018-05-17_21:22:41:998- message sent - topic:mqtt-roundtrip-qos0-10MByte-1000-cycles - qos:0 - id:000343
2018-05-17_21:22:42:012- message sent - topic:mqtt-roundtrip-qos0-10MByte-1000-cycles - qos:0 - id:000344
2018-05-17_21:22:42:022- message sent - topic:mqtt-roundtrip-qos0-10MByte-1000-cycles - qos:0 - id:000345
2018-05-17_21:22:42:032- message sent - topic:mqtt-roundtrip-qos0-10MByte-1000-cycles - qos:0 - id:000346
2018-05-17_21:22:42:043- message sent - topic:mqtt-roundtrip-qos0-10MByte-1000-cycles - qos:0 - id:000347
2018-05-17_21:22:42:073- message sent - topic:mqtt-roundtrip-qos0-10MByte-1000-cycles - qos:0 - id:000348
2018-05-17_21:22:42:082- message sent - topic:mqtt-roundtrip-qos0-10MByte-1000-cycles - qos:0 - id:000349
2018-05-17_21:22:42:095- message sent - topic:mqtt-roundtrip-qos0-10MByte-1000-cycles - qos:0 - id:000350
2018-05-17_21:22:42:105- message sent - topic:mqtt-roundtrip-qos0-10MByte-1000-cycles - qos:0 - id:000351
2018-05-17_21:22:42:116- message sent - topic:mqtt-roundtrip-qos0-10MByte-1000-cycles - qos:0 - id:000352
2018-05-17_21:22:42:123- message sent - topic:mqtt-roundtrip-qos0-10MByte-1000-cycles - qos:0 - id:000353
2018-05-17_21:22:42:137- message sent - topic:mqtt-roundtrip-qos0-10MByte-1000-cycles - qos:0 - id:000354
2018-05-17_21:22:42:145- message sent - topic:mqtt-roundtrip-qos0-10MByte-1000-cycles - qos:0 - id:000355
2018-05-17_21:22:42:155- message sent - topic:mqtt-roundtrip-qos0-10MByte-1000-cycles - qos:0 - id:000356
2018-05-17_21:22:42:211- message sent - topic:mqtt-roundtrip-qos0-10MByte-1000-cycles - qos:0 - id:000357
2018-05-17_21:22:42:316- message sent - topic:mqtt-roundtrip-qos0-10MByte-1000-cycles - qos:0 - id:000358
2018-05-17_21:22:42:364- message sent - topic:mqtt-roundtrip-qos0-10MByte-1000-cycles - qos:0 - id:000359
2018-05-17_21:22:42:468- message sent - topic:mqtt-roundtrip-qos0-10MByte-1000-cycles - qos:0 - id:000360
2018-05-17_21:22:42:545- message sent - topic:mqtt-roundtrip-qos0-10MByte-1000-cycles - qos:0 - id:000361
2018-05-17_21:22:42:572- message sent - topic:mqtt-roundtrip-qos0-10MByte-1000-cycles - qos:0 - id:000362
2018-05-17_21:22:42:701- message sent - topic:mqtt-roundtrip-qos0-10MByte-1000-cycles - qos:0 - id:000363
2018-05-17_21:22:42:811- message sent - topic:mqtt-roundtrip-qos0-10MByte-1000-cycles - qos:0 - id:000364
2018-05-17_21:22:42:834- message sent - topic:mqtt-roundtrip-qos0-10MByte-1000-cycles - qos:0 - id:000365
2018-05-17_21:22:42:921- message sent - topic:mqtt-roundtrip-qos0-10MByte-1000-cycles - qos:0 - id:000366
2018-05-17_21:22:42:931- message sent - topic:mqtt-roundtrip-qos0-10MByte-1000-cycles - qos:0 - id:000367
2018-05-17_21:22:43:019- message sent - topic:mqtt-roundtrip-qos0-10MByte-1000-cycles - qos:0 - id:000368
2018-05-17_21:22:43:029- message sent - topic:mqtt-roundtrip-qos0-10MByte-1000-cycles - qos:0 - id:000369
2018-05-17_21:22:43:040- message sent - topic:mqtt-roundtrip-qos0-10MByte-1000-cycles - qos:0 - id:000370
2018-05-17_21:22:43:050- message sent - topic:mqtt-roundtrip-qos0-10MByte-1000-cycles - qos:0 - id:000371
2018-05-17_21:22:43:113- message sent - topic:mqtt-roundtrip-qos0-10MByte-1000-cycles - qos:0 - id:000372
2018-05-17_21:22:43:124- message sent - topic:mqtt-roundtrip-qos0-10MByte-1000-cycles - qos:0 - id:000373
2018-05-17_21:22:43:135- message sent - topic:mqtt-roundtrip-qos0-10MByte-1000-cycles - qos:0 - id:000374
2018-05-17_21:22:43:147- message sent - topic:mqtt-roundtrip-qos0-10MByte-1000-cycles - qos:0 - id:000375
2018-05-17_21:22:43:158- message sent - topic:mqtt-roundtrip-qos0-10MByte-1000-cycles - qos:0 - id:000376
2018-05-17_21:22:43:192- message sent - topic:mqtt-roundtrip-qos0-10MByte-1000-cycles - qos:0 - id:000377
2018-05-17_21:22:43:203- message sent - topic:mqtt-roundtrip-qos0-10MByte-1000-cycles - qos:0 - id:000378
2018-05-17_21:22:43:216- message sent - topic:mqtt-roundtrip-qos0-10MByte-1000-cycles - qos:0 - id:000379
2018-05-17_21:22:43:227- message sent - topic:mqtt-roundtrip-qos0-10MByte-1000-cycles - qos:0 - id:000380
2018-05-17_21:22:43:241- message sent - topic:mqtt-roundtrip-qos0-10MByte-1000-cycles - qos:0 - id:000381
2018-05-17_21:22:43:249- message sent - topic:mqtt-roundtrip-qos0-10MByte-1000-cycles - qos:0 - id:000382
2018-05-17_21:22:43:264- message sent - topic:mqtt-roundtrip-qos0-10MByte-1000-cycles - qos:0 - id:000383
2018-05-17_21:22:43:281- message sent - topic:mqtt-roundtrip-qos0-10MByte-1000-cycles - qos:0 - id:000384
2018-05-17_21:22:43:310- message sent - topic:mqtt-roundtrip-qos0-10MByte-1000-cycles - qos:0 - id:000385
2018-05-17_21:22:43:324- message sent - topic:mqtt-roundtrip-qos0-10MByte-1000-cycles - qos:0 - id:000386
2018-05-17_21:22:43:337- message sent - topic:mqtt-roundtrip-qos0-10MByte-1000-cycles - qos:0 - id:000387
2018-05-17_21:22:43:393- message sent - topic:mqtt-roundtrip-qos0-10MByte-1000-cycles - qos:0 - id:000388
2018-05-17_21:22:43:475- message sent - topic:mqtt-roundtrip-qos0-10MByte-1000-cycles - qos:0 - id:000389
2018-05-17_21:22:43:628- message sent - topic:mqtt-roundtrip-qos0-10MByte-1000-cycles - qos:0 - id:000390
2018-05-17_21:22:43:643- message sent - topic:mqtt-roundtrip-qos0-10MByte-1000-cycles - qos:0 - id:000391
2018-05-17_21:22:43:660- message sent - topic:mqtt-roundtrip-qos0-10MByte-1000-cycles - qos:0 - id:000392
2018-05-17_21:22:43:673- message sent - topic:mqtt-roundtrip-qos0-10MByte-1000-cycles - qos:0 - id:000393
2018-05-17_21:22:43:689- message sent - topic:mqtt-roundtrip-qos0-10MByte-1000-cycles - qos:0 - id:000394
2018-05-17_21:22:43:770- message sent - topic:mqtt-roundtrip-qos0-10MByte-1000-cycles - qos:0 - id:000395
2018-05-17_21:22:43:779- message sent - topic:mqtt-roundtrip-qos0-10MByte-1000-cycles - qos:0 - id:000396
2018-05-17_21:22:43:790- message sent - topic:mqtt-roundtrip-qos0-10MByte-1000-cycles - qos:0 - id:000397
2018-05-17_21:22:43:940- message sent - topic:mqtt-roundtrip-qos0-10MByte-1000-cycles - qos:0 - id:000398
2018-05-17_21:22:43:975- message sent - topic:mqtt-roundtrip-qos0-10MByte-1000-cycles - qos:0 - id:000399
2018-05-17_21:22:44:110- message sent - topic:mqtt-roundtrip-qos0-10MByte-1000-cycles - qos:0 - id:000400
2018-05-17_21:22:44:204- message sent - topic:mqtt-roundtrip-qos0-10MByte-1000-cycles - qos:0 - id:000401
2018-05-17_21:22:44:304- message sent - topic:mqtt-roundtrip-qos0-10MByte-1000-cycles - qos:0 - id:000402
2018-05-17_21:22:44:312- message sent - topic:mqtt-roundtrip-qos0-10MByte-1000-cycles - qos:0 - id:000403
2018-05-17_21:22:44:410- message sent - topic:mqtt-roundtrip-qos0-10MByte-1000-cycles - qos:0 - id:000404
2018-05-17_21:22:44:419- message sent - topic:mqtt-roundtrip-qos0-10MByte-1000-cycles - qos:0 - id:000405
2018-05-17_21:22:44:430- message sent - topic:mqtt-roundtrip-qos0-10MByte-1000-cycles - qos:0 - id:000406
2018-05-17_21:22:44:531- message sent - topic:mqtt-roundtrip-qos0-10MByte-1000-cycles - qos:0 - id:000407
2018-05-17_21:22:44:542- message sent - topic:mqtt-roundtrip-qos0-10MByte-1000-cycles - qos:0 - id:000408
2018-05-17_21:22:44:622- message sent - topic:mqtt-roundtrip-qos0-10MByte-1000-cycles - qos:0 - id:000409
2018-05-17_21:22:44:633- message sent - topic:mqtt-roundtrip-qos0-10MByte-1000-cycles - qos:0 - id:000410
2018-05-17_21:22:44:648- message sent - topic:mqtt-roundtrip-qos0-10MByte-1000-cycles - qos:0 - id:000411
2018-05-17_21:22:44:715- message sent - topic:mqtt-roundtrip-qos0-10MByte-1000-cycles - qos:0 - id:000412
2018-05-17_21:22:44:725- message sent - topic:mqtt-roundtrip-qos0-10MByte-1000-cycles - qos:0 - id:000413
2018-05-17_21:22:44:772- message sent - topic:mqtt-roundtrip-qos0-10MByte-1000-cycles - qos:0 - id:000414
2018-05-17_21:22:44:782- message sent - topic:mqtt-roundtrip-qos0-10MByte-1000-cycles - qos:0 - id:000415
2018-05-17_21:22:44:793- message sent - topic:mqtt-roundtrip-qos0-10MByte-1000-cycles - qos:0 - id:000416
2018-05-17_21:22:44:804- message sent - topic:mqtt-roundtrip-qos0-10MByte-1000-cycles - qos:0 - id:000417
2018-05-17_21:22:44:812- message sent - topic:mqtt-roundtrip-qos0-10MByte-1000-cycles - qos:0 - id:000418
2018-05-17_21:22:44:823- message sent - topic:mqtt-roundtrip-qos0-10MByte-1000-cycles - qos:0 - id:000419
2018-05-17_21:22:44:830- message sent - topic:mqtt-roundtrip-qos0-10MByte-1000-cycles - qos:0 - id:000420
2018-05-17_21:22:44:848- message sent - topic:mqtt-roundtrip-qos0-10MByte-1000-cycles - qos:0 - id:000421
2018-05-17_21:22:44:855- message sent - topic:mqtt-roundtrip-qos0-10MByte-1000-cycles - qos:0 - id:000422
2018-05-17_21:22:44:866- message sent - topic:mqtt-roundtrip-qos0-10MByte-1000-cycles - qos:0 - id:000423
2018-05-17_21:22:44:875- message sent - topic:mqtt-roundtrip-qos0-10MByte-1000-cycles - qos:0 - id:000424
2018-05-17_21:22:44:959- message sent - topic:mqtt-roundtrip-qos0-10MByte-1000-cycles - qos:0 - id:000425
2018-05-17_21:22:44:970- message sent - topic:mqtt-roundtrip-qos0-10MByte-1000-cycles - qos:0 - id:000426
2018-05-17_21:22:45:054- message sent - topic:mqtt-roundtrip-qos0-10MByte-1000-cycles - qos:0 - id:000427
2018-05-17_21:22:45:065- message sent - topic:mqtt-roundtrip-qos0-10MByte-1000-cycles - qos:0 - id:000428
2018-05-17_21:22:45:076- message sent - topic:mqtt-roundtrip-qos0-10MByte-1000-cycles - qos:0 - id:000429
2018-05-17_21:22:45:097- message sent - topic:mqtt-roundtrip-qos0-10MByte-1000-cycles - qos:0 - id:000430
2018-05-17_21:22:45:111- message sent - topic:mqtt-roundtrip-qos0-10MByte-1000-cycles - qos:0 - id:000431
2018-05-17_21:22:45:118- message sent - topic:mqtt-roundtrip-qos0-10MByte-1000-cycles - qos:0 - id:000432
2018-05-17_21:22:45:128- message sent - topic:mqtt-roundtrip-qos0-10MByte-1000-cycles - qos:0 - id:000433
2018-05-17_21:22:45:136- message sent - topic:mqtt-roundtrip-qos0-10MByte-1000-cycles - qos:0 - id:000434
2018-05-17_21:22:45:166- message sent - topic:mqtt-roundtrip-qos0-10MByte-1000-cycles - qos:0 - id:000435
2018-05-17_21:22:45:255- message sent - topic:mqtt-roundtrip-qos0-10MByte-1000-cycles - qos:0 - id:000436
2018-05-17_21:22:45:470- message sent - topic:mqtt-roundtrip-qos0-10MByte-1000-cycles - qos:0 - id:000437
2018-05-17_21:22:45:484- message sent - topic:mqtt-roundtrip-qos0-10MByte-1000-cycles - qos:0 - id:000438
2018-05-17_21:22:45:498- message sent - topic:mqtt-roundtrip-qos0-10MByte-1000-cycles - qos:0 - id:000439
2018-05-17_21:22:45:584- message sent - topic:mqtt-roundtrip-qos0-10MByte-1000-cycles - qos:0 - id:000440
2018-05-17_21:22:45:598- message sent - topic:mqtt-roundtrip-qos0-10MByte-1000-cycles - qos:0 - id:000441
2018-05-17_21:22:45:697- message sent - topic:mqtt-roundtrip-qos0-10MByte-1000-cycles - qos:0 - id:000442
2018-05-17_21:22:45:731- message sent - topic:mqtt-roundtrip-qos0-10MByte-1000-cycles - qos:0 - id:000443
2018-05-17_21:22:45:759- message sent - topic:mqtt-roundtrip-qos0-10MByte-1000-cycles - qos:0 - id:000444
2018-05-17_21:22:45:927- message sent - topic:mqtt-roundtrip-qos0-10MByte-1000-cycles - qos:0 - id:000445
2018-05-17_21:22:45:941- message sent - topic:mqtt-roundtrip-qos0-10MByte-1000-cycles - qos:0 - id:000446
2018-05-17_21:22:46:025- message sent - topic:mqtt-roundtrip-qos0-10MByte-1000-cycles - qos:0 - id:000447
2018-05-17_21:22:46:047- message sent - topic:mqtt-roundtrip-qos0-10MByte-1000-cycles - qos:0 - id:000448
2018-05-17_21:22:46:058- message sent - topic:mqtt-roundtrip-qos0-10MByte-1000-cycles - qos:0 - id:000449
2018-05-17_21:22:46:165- message sent - topic:mqtt-roundtrip-qos0-10MByte-1000-cycles - qos:0 - id:000450
2018-05-17_21:22:46:176- message sent - topic:mqtt-roundtrip-qos0-10MByte-1000-cycles - qos:0 - id:000451
2018-05-17_21:22:46:254- message sent - topic:mqtt-roundtrip-qos0-10MByte-1000-cycles - qos:0 - id:000452
2018-05-17_21:22:46:266- message sent - topic:mqtt-roundtrip-qos0-10MByte-1000-cycles - qos:0 - id:000453
2018-05-17_21:22:46:278- message sent - topic:mqtt-roundtrip-qos0-10MByte-1000-cycles - qos:0 - id:000454
2018-05-17_21:22:46:411- message sent - topic:mqtt-roundtrip-qos0-10MByte-1000-cycles - qos:0 - id:000455
2018-05-17_21:22:46:441- message sent - topic:mqtt-roundtrip-qos0-10MByte-1000-cycles - qos:0 - id:000456
2018-05-17_21:22:46:453- message sent - topic:mqtt-roundtrip-qos0-10MByte-1000-cycles - qos:0 - id:000457
2018-05-17_21:22:46:461- message sent - topic:mqtt-roundtrip-qos0-10MByte-1000-cycles - qos:0 - id:000458
2018-05-17_21:22:46:473- message sent - topic:mqtt-roundtrip-qos0-10MByte-1000-cycles - qos:0 - id:000459
2018-05-17_21:22:46:482- message sent - topic:mqtt-roundtrip-qos0-10MByte-1000-cycles - qos:0 - id:000460
2018-05-17_21:22:46:497- message sent - topic:mqtt-roundtrip-qos0-10MByte-1000-cycles - qos:0 - id:000461
2018-05-17_21:22:46:518- message sent - topic:mqtt-roundtrip-qos0-10MByte-1000-cycles - qos:0 - id:000462
2018-05-17_21:22:46:527- message sent - topic:mqtt-roundtrip-qos0-10MByte-1000-cycles - qos:0 - id:000463
2018-05-17_21:22:46:539- message sent - topic:mqtt-roundtrip-qos0-10MByte-1000-cycles - qos:0 - id:000464
2018-05-17_21:22:46:552- message sent - topic:mqtt-roundtrip-qos0-10MByte-1000-cycles - qos:0 - id:000465
2018-05-17_21:22:46:563- message sent - topic:mqtt-roundtrip-qos0-10MByte-1000-cycles - qos:0 - id:000466
2018-05-17_21:22:46:571- message sent - topic:mqtt-roundtrip-qos0-10MByte-1000-cycles - qos:0 - id:000467
2018-05-17_21:22:46:582- message sent - topic:mqtt-roundtrip-qos0-10MByte-1000-cycles - qos:0 - id:000468
2018-05-17_21:22:46:594- message sent - topic:mqtt-roundtrip-qos0-10MByte-1000-cycles - qos:0 - id:000469
2018-05-17_21:22:46:603- message sent - topic:mqtt-roundtrip-qos0-10MByte-1000-cycles - qos:0 - id:000470
2018-05-17_21:22:46:655- message sent - topic:mqtt-roundtrip-qos0-10MByte-1000-cycles - qos:0 - id:000471
2018-05-17_21:22:46:663- message sent - topic:mqtt-roundtrip-qos0-10MByte-1000-cycles - qos:0 - id:000472
2018-05-17_21:22:46:674- message sent - topic:mqtt-roundtrip-qos0-10MByte-1000-cycles - qos:0 - id:000473
2018-05-17_21:22:46:685- message sent - topic:mqtt-roundtrip-qos0-10MByte-1000-cycles - qos:0 - id:000474
2018-05-17_21:22:46:714- message sent - topic:mqtt-roundtrip-qos0-10MByte-1000-cycles - qos:0 - id:000475
2018-05-17_21:22:46:725- message sent - topic:mqtt-roundtrip-qos0-10MByte-1000-cycles - qos:0 - id:000476
2018-05-17_21:22:46:732- message sent - topic:mqtt-roundtrip-qos0-10MByte-1000-cycles - qos:0 - id:000477
2018-05-17_21:22:46:743- message sent - topic:mqtt-roundtrip-qos0-10MByte-1000-cycles - qos:0 - id:000478
2018-05-17_21:22:46:785- message sent - topic:mqtt-roundtrip-qos0-10MByte-1000-cycles - qos:0 - id:000479
2018-05-17_21:22:46:860- message sent - topic:mqtt-roundtrip-qos0-10MByte-1000-cycles - qos:0 - id:000480
2018-05-17_21:22:46:872- message sent - topic:mqtt-roundtrip-qos0-10MByte-1000-cycles - qos:0 - id:000481
2018-05-17_21:22:46:924- message sent - topic:mqtt-roundtrip-qos0-10MByte-1000-cycles - qos:0 - id:000482
2018-05-17_21:22:46:972- message sent - topic:mqtt-roundtrip-qos0-10MByte-1000-cycles - qos:0 - id:000483
2018-05-17_21:22:47:008- message sent - topic:mqtt-roundtrip-qos0-10MByte-1000-cycles - qos:0 - id:000484
2018-05-17_21:22:47:032- message sent - topic:mqtt-roundtrip-qos0-10MByte-1000-cycles - qos:0 - id:000485
2018-05-17_21:22:47:046- message sent - topic:mqtt-roundtrip-qos0-10MByte-1000-cycles - qos:0 - id:000486
2018-05-17_21:22:47:065- message sent - topic:mqtt-roundtrip-qos0-10MByte-1000-cycles - qos:0 - id:000487
2018-05-17_21:22:47:083- message sent - topic:mqtt-roundtrip-qos0-10MByte-1000-cycles - qos:0 - id:000488
2018-05-17_21:22:47:160- message sent - topic:mqtt-roundtrip-qos0-10MByte-1000-cycles - qos:0 - id:000489
2018-05-17_21:22:47:277- message sent - topic:mqtt-roundtrip-qos0-10MByte-1000-cycles - qos:0 - id:000490
2018-05-17_21:22:47:312- message sent - topic:mqtt-roundtrip-qos0-10MByte-1000-cycles - qos:0 - id:000491
2018-05-17_21:22:47:346- message sent - topic:mqtt-roundtrip-qos0-10MByte-1000-cycles - qos:0 - id:000492
2018-05-17_21:22:47:389- message sent - topic:mqtt-roundtrip-qos0-10MByte-1000-cycles - qos:0 - id:000493
2018-05-17_21:22:47:424- message sent - topic:mqtt-roundtrip-qos0-10MByte-1000-cycles - qos:0 - id:000494
2018-05-17_21:22:47:643- message sent - topic:mqtt-roundtrip-qos0-10MByte-1000-cycles - qos:0 - id:000495
2018-05-17_21:22:47:665- message sent - topic:mqtt-roundtrip-qos0-10MByte-1000-cycles - qos:0 - id:000496
2018-05-17_21:22:47:750- message sent - topic:mqtt-roundtrip-qos0-10MByte-1000-cycles - qos:0 - id:000497
2018-05-17_21:22:47:762- message sent - topic:mqtt-roundtrip-qos0-10MByte-1000-cycles - qos:0 - id:000498
2018-05-17_21:22:47:771- message sent - topic:mqtt-roundtrip-qos0-10MByte-1000-cycles - qos:0 - id:000499
2018-05-17_21:22:47:782- message sent - topic:mqtt-roundtrip-qos0-10MByte-1000-cycles - qos:0 - id:000500
2018-05-17_21:22:47:794- message sent - topic:mqtt-roundtrip-qos0-10MByte-1000-cycles - qos:0 - id:000501
2018-05-17_21:22:47:808- message sent - topic:mqtt-roundtrip-qos0-10MByte-1000-cycles - qos:0 - id:000502
2018-05-17_21:22:47:867- message sent - topic:mqtt-roundtrip-qos0-10MByte-1000-cycles - qos:0 - id:000503
2018-05-17_21:22:48:027- message sent - topic:mqtt-roundtrip-qos0-10MByte-1000-cycles - qos:0 - id:000504
2018-05-17_21:22:48:069- message sent - topic:mqtt-roundtrip-qos0-10MByte-1000-cycles - qos:0 - id:000505
2018-05-17_21:22:48:162- message sent - topic:mqtt-roundtrip-qos0-10MByte-1000-cycles - qos:0 - id:000506
2018-05-17_21:22:48:183- message sent - topic:mqtt-roundtrip-qos0-10MByte-1000-cycles - qos:0 - id:000507
2018-05-17_21:22:48:233- message sent - topic:mqtt-roundtrip-qos0-10MByte-1000-cycles - qos:0 - id:000508
2018-05-17_21:22:48:259- message sent - topic:mqtt-roundtrip-qos0-10MByte-1000-cycles - qos:0 - id:000509
2018-05-17_21:22:48:282- message sent - topic:mqtt-roundtrip-qos0-10MByte-1000-cycles - qos:0 - id:000510
2018-05-17_21:22:48:296- message sent - topic:mqtt-roundtrip-qos0-10MByte-1000-cycles - qos:0 - id:000511
2018-05-17_21:22:48:314- message sent - topic:mqtt-roundtrip-qos0-10MByte-1000-cycles - qos:0 - id:000512
2018-05-17_21:22:48:327- message sent - topic:mqtt-roundtrip-qos0-10MByte-1000-cycles - qos:0 - id:000513
2018-05-17_21:22:48:376- message sent - topic:mqtt-roundtrip-qos0-10MByte-1000-cycles - qos:0 - id:000514
2018-05-17_21:22:48:387- message sent - topic:mqtt-roundtrip-qos0-10MByte-1000-cycles - qos:0 - id:000515
2018-05-17_21:22:48:399- message sent - topic:mqtt-roundtrip-qos0-10MByte-1000-cycles - qos:0 - id:000516
2018-05-17_21:22:48:478- message sent - topic:mqtt-roundtrip-qos0-10MByte-1000-cycles - qos:0 - id:000517
2018-05-17_21:22:48:505- message sent - topic:mqtt-roundtrip-qos0-10MByte-1000-cycles - qos:0 - id:000518
2018-05-17_21:22:48:615- message sent - topic:mqtt-roundtrip-qos0-10MByte-1000-cycles - qos:0 - id:000519
2018-05-17_21:22:48:631- message sent - topic:mqtt-roundtrip-qos0-10MByte-1000-cycles - qos:0 - id:000520
2018-05-17_21:22:48:647- message sent - topic:mqtt-roundtrip-qos0-10MByte-1000-cycles - qos:0 - id:000521
2018-05-17_21:22:48:931- message sent - topic:mqtt-roundtrip-qos0-10MByte-1000-cycles - qos:0 - id:000522
2018-05-17_21:22:48:946- message sent - topic:mqtt-roundtrip-qos0-10MByte-1000-cycles - qos:0 - id:000523
2018-05-17_21:22:49:070- message sent - topic:mqtt-roundtrip-qos0-10MByte-1000-cycles - qos:0 - id:000524
2018-05-17_21:22:49:160- message sent - topic:mqtt-roundtrip-qos0-10MByte-1000-cycles - qos:0 - id:000525
2018-05-17_21:22:49:172- message sent - topic:mqtt-roundtrip-qos0-10MByte-1000-cycles - qos:0 - id:000526
2018-05-17_21:22:49:245- message sent - topic:mqtt-roundtrip-qos0-10MByte-1000-cycles - qos:0 - id:000527
2018-05-17_21:22:49:256- message sent - topic:mqtt-roundtrip-qos0-10MByte-1000-cycles - qos:0 - id:000528
2018-05-17_21:22:49:317- message sent - topic:mqtt-roundtrip-qos0-10MByte-1000-cycles - qos:0 - id:000529
2018-05-17_21:22:49:329- message sent - topic:mqtt-roundtrip-qos0-10MByte-1000-cycles - qos:0 - id:000530
2018-05-17_21:22:49:340- message sent - topic:mqtt-roundtrip-qos0-10MByte-1000-cycles - qos:0 - id:000531
2018-05-17_21:22:49:408- message sent - topic:mqtt-roundtrip-qos0-10MByte-1000-cycles - qos:0 - id:000532
2018-05-17_21:22:49:420- message sent - topic:mqtt-roundtrip-qos0-10MByte-1000-cycles - qos:0 - id:000533
2018-05-17_21:22:49:476- message sent - topic:mqtt-roundtrip-qos0-10MByte-1000-cycles - qos:0 - id:000534
2018-05-17_21:22:49:484- message sent - topic:mqtt-roundtrip-qos0-10MByte-1000-cycles - qos:0 - id:000535
2018-05-17_21:22:49:508- message sent - topic:mqtt-roundtrip-qos0-10MByte-1000-cycles - qos:0 - id:000536
2018-05-17_21:22:49:517- message sent - topic:mqtt-roundtrip-qos0-10MByte-1000-cycles - qos:0 - id:000537
2018-05-17_21:22:49:525- message sent - topic:mqtt-roundtrip-qos0-10MByte-1000-cycles - qos:0 - id:000538
2018-05-17_21:22:49:547- message sent - topic:mqtt-roundtrip-qos0-10MByte-1000-cycles - qos:0 - id:000539
2018-05-17_21:22:49:559- message sent - topic:mqtt-roundtrip-qos0-10MByte-1000-cycles - qos:0 - id:000540
2018-05-17_21:22:49:567- message sent - topic:mqtt-roundtrip-qos0-10MByte-1000-cycles - qos:0 - id:000541
2018-05-17_21:22:49:576- message sent - topic:mqtt-roundtrip-qos0-10MByte-1000-cycles - qos:0 - id:000542
2018-05-17_21:22:49:588- message sent - topic:mqtt-roundtrip-qos0-10MByte-1000-cycles - qos:0 - id:000543
2018-05-17_21:22:49:601- message sent - topic:mqtt-roundtrip-qos0-10MByte-1000-cycles - qos:0 - id:000544
2018-05-17_21:22:49:609- message sent - topic:mqtt-roundtrip-qos0-10MByte-1000-cycles - qos:0 - id:000545
2018-05-17_21:22:49:631- message sent - topic:mqtt-roundtrip-qos0-10MByte-1000-cycles - qos:0 - id:000546
2018-05-17_21:22:49:645- message sent - topic:mqtt-roundtrip-qos0-10MByte-1000-cycles - qos:0 - id:000547
2018-05-17_21:22:49:655- message sent - topic:mqtt-roundtrip-qos0-10MByte-1000-cycles - qos:0 - id:000548
2018-05-17_21:22:49:671- message sent - topic:mqtt-roundtrip-qos0-10MByte-1000-cycles - qos:0 - id:000549
2018-05-17_21:22:49:686- message sent - topic:mqtt-roundtrip-qos0-10MByte-1000-cycles - qos:0 - id:000550
2018-05-17_21:22:49:698- message sent - topic:mqtt-roundtrip-qos0-10MByte-1000-cycles - qos:0 - id:000551
2018-05-17_21:22:49:710- message sent - topic:mqtt-roundtrip-qos0-10MByte-1000-cycles - qos:0 - id:000552
2018-05-17_21:22:49:717- message sent - topic:mqtt-roundtrip-qos0-10MByte-1000-cycles - qos:0 - id:000553
2018-05-17_21:22:49:728- message sent - topic:mqtt-roundtrip-qos0-10MByte-1000-cycles - qos:0 - id:000554
2018-05-17_21:22:49:739- message sent - topic:mqtt-roundtrip-qos0-10MByte-1000-cycles - qos:0 - id:000555
2018-05-17_21:22:49:747- message sent - topic:mqtt-roundtrip-qos0-10MByte-1000-cycles - qos:0 - id:000556
2018-05-17_21:22:49:759- message sent - topic:mqtt-roundtrip-qos0-10MByte-1000-cycles - qos:0 - id:000557
2018-05-17_21:22:49:786- message sent - topic:mqtt-roundtrip-qos0-10MByte-1000-cycles - qos:0 - id:000558
2018-05-17_21:22:49:813- message sent - topic:mqtt-roundtrip-qos0-10MByte-1000-cycles - qos:0 - id:000559
2018-05-17_21:22:49:825- message sent - topic:mqtt-roundtrip-qos0-10MByte-1000-cycles - qos:0 - id:000560
2018-05-17_21:22:49:836- message sent - topic:mqtt-roundtrip-qos0-10MByte-1000-cycles - qos:0 - id:000561
2018-05-17_21:22:49:916- message sent - topic:mqtt-roundtrip-qos0-10MByte-1000-cycles - qos:0 - id:000562
2018-05-17_21:22:50:002- message sent - topic:mqtt-roundtrip-qos0-10MByte-1000-cycles - qos:0 - id:000563
2018-05-17_21:22:50:081- message sent - topic:mqtt-roundtrip-qos0-10MByte-1000-cycles - qos:0 - id:000564
2018-05-17_21:22:50:253- message sent - topic:mqtt-roundtrip-qos0-10MByte-1000-cycles - qos:0 - id:000565
2018-05-17_21:22:50:264- message sent - topic:mqtt-roundtrip-qos0-10MByte-1000-cycles - qos:0 - id:000566
2018-05-17_21:22:50:282- message sent - topic:mqtt-roundtrip-qos0-10MByte-1000-cycles - qos:0 - id:000567
2018-05-17_21:22:50:294- message sent - topic:mqtt-roundtrip-qos0-10MByte-1000-cycles - qos:0 - id:000568
2018-05-17_21:22:50:321- message sent - topic:mqtt-roundtrip-qos0-10MByte-1000-cycles - qos:0 - id:000569
2018-05-17_21:22:50:350- message sent - topic:mqtt-roundtrip-qos0-10MByte-1000-cycles - qos:0 - id:000570
2018-05-17_21:22:50:362- message sent - topic:mqtt-roundtrip-qos0-10MByte-1000-cycles - qos:0 - id:000571
2018-05-17_21:22:50:395- message sent - topic:mqtt-roundtrip-qos0-10MByte-1000-cycles - qos:0 - id:000572
2018-05-17_21:22:50:406- message sent - topic:mqtt-roundtrip-qos0-10MByte-1000-cycles - qos:0 - id:000573
2018-05-17_21:22:50:413- message sent - topic:mqtt-roundtrip-qos0-10MByte-1000-cycles - qos:0 - id:000574
2018-05-17_21:22:50:425- message sent - topic:mqtt-roundtrip-qos0-10MByte-1000-cycles - qos:0 - id:000575
2018-05-17_21:22:50:438- message sent - topic:mqtt-roundtrip-qos0-10MByte-1000-cycles - qos:0 - id:000576
2018-05-17_21:22:50:455- message sent - topic:mqtt-roundtrip-qos0-10MByte-1000-cycles - qos:0 - id:000577
2018-05-17_21:22:50:467- message sent - topic:mqtt-roundtrip-qos0-10MByte-1000-cycles - qos:0 - id:000578
2018-05-17_21:22:50:534- message sent - topic:mqtt-roundtrip-qos0-10MByte-1000-cycles - qos:0 - id:000579
2018-05-17_21:22:50:608- message sent - topic:mqtt-roundtrip-qos0-10MByte-1000-cycles - qos:0 - id:000580
2018-05-17_21:22:50:731- message sent - topic:mqtt-roundtrip-qos0-10MByte-1000-cycles - qos:0 - id:000581
2018-05-17_21:22:50:808- message sent - topic:mqtt-roundtrip-qos0-10MByte-1000-cycles - qos:0 - id:000582
2018-05-17_21:22:50:886- message sent - topic:mqtt-roundtrip-qos0-10MByte-1000-cycles - qos:0 - id:000583
2018-05-17_21:22:51:037- message sent - topic:mqtt-roundtrip-qos0-10MByte-1000-cycles - qos:0 - id:000584
2018-05-17_21:22:51:069- message sent - topic:mqtt-roundtrip-qos0-10MByte-1000-cycles - qos:0 - id:000585
2018-05-17_21:22:51:184- message sent - topic:mqtt-roundtrip-qos0-10MByte-1000-cycles - qos:0 - id:000586
2018-05-17_21:22:51:272- message sent - topic:mqtt-roundtrip-qos0-10MByte-1000-cycles - qos:0 - id:000587
2018-05-17_21:22:51:312- message sent - topic:mqtt-roundtrip-qos0-10MByte-1000-cycles - qos:0 - id:000588
2018-05-17_21:22:51:394- message sent - topic:mqtt-roundtrip-qos0-10MByte-1000-cycles - qos:0 - id:000589
2018-05-17_21:22:51:404- message sent - topic:mqtt-roundtrip-qos0-10MByte-1000-cycles - qos:0 - id:000590
2018-05-17_21:22:51:412- message sent - topic:mqtt-roundtrip-qos0-10MByte-1000-cycles - qos:0 - id:000591
2018-05-17_21:22:51:423- message sent - topic:mqtt-roundtrip-qos0-10MByte-1000-cycles - qos:0 - id:000592
2018-05-17_21:22:51:434- message sent - topic:mqtt-roundtrip-qos0-10MByte-1000-cycles - qos:0 - id:000593
2018-05-17_21:22:51:500- message sent - topic:mqtt-roundtrip-qos0-10MByte-1000-cycles - qos:0 - id:000594
2018-05-17_21:22:51:511- message sent - topic:mqtt-roundtrip-qos0-10MByte-1000-cycles - qos:0 - id:000595
2018-05-17_21:22:51:522- message sent - topic:mqtt-roundtrip-qos0-10MByte-1000-cycles - qos:0 - id:000596
2018-05-17_21:22:51:533- message sent - topic:mqtt-roundtrip-qos0-10MByte-1000-cycles - qos:0 - id:000597
2018-05-17_21:22:51:541- message sent - topic:mqtt-roundtrip-qos0-10MByte-1000-cycles - qos:0 - id:000598
2018-05-17_21:22:51:555- message sent - topic:mqtt-roundtrip-qos0-10MByte-1000-cycles - qos:0 - id:000599
2018-05-17_21:22:51:574- message sent - topic:mqtt-roundtrip-qos0-10MByte-1000-cycles - qos:0 - id:000600
2018-05-17_21:22:51:585- message sent - topic:mqtt-roundtrip-qos0-10MByte-1000-cycles - qos:0 - id:000601
2018-05-17_21:22:51:599- message sent - topic:mqtt-roundtrip-qos0-10MByte-1000-cycles - qos:0 - id:000602
2018-05-17_21:22:51:614- message sent - topic:mqtt-roundtrip-qos0-10MByte-1000-cycles - qos:0 - id:000603
2018-05-17_21:22:51:709- message sent - topic:mqtt-roundtrip-qos0-10MByte-1000-cycles - qos:0 - id:000604
2018-05-17_21:22:51:721- message sent - topic:mqtt-roundtrip-qos0-10MByte-1000-cycles - qos:0 - id:000605
2018-05-17_21:22:51:747- message sent - topic:mqtt-roundtrip-qos0-10MByte-1000-cycles - qos:0 - id:000606
2018-05-17_21:22:51:754- message sent - topic:mqtt-roundtrip-qos0-10MByte-1000-cycles - qos:0 - id:000607
2018-05-17_21:22:51:777- message sent - topic:mqtt-roundtrip-qos0-10MByte-1000-cycles - qos:0 - id:000608
2018-05-17_21:22:51:784- message sent - topic:mqtt-roundtrip-qos0-10MByte-1000-cycles - qos:0 - id:000609
2018-05-17_21:22:51:795- message sent - topic:mqtt-roundtrip-qos0-10MByte-1000-cycles - qos:0 - id:000610
2018-05-17_21:22:51:810- message sent - topic:mqtt-roundtrip-qos0-10MByte-1000-cycles - qos:0 - id:000611
2018-05-17_21:22:51:817- message sent - topic:mqtt-roundtrip-qos0-10MByte-1000-cycles - qos:0 - id:000612
2018-05-17_21:22:51:828- message sent - topic:mqtt-roundtrip-qos0-10MByte-1000-cycles - qos:0 - id:000613
2018-05-17_21:22:51:840- message sent - topic:mqtt-roundtrip-qos0-10MByte-1000-cycles - qos:0 - id:000614
2018-05-17_21:22:51:851- message sent - topic:mqtt-roundtrip-qos0-10MByte-1000-cycles - qos:0 - id:000615
2018-05-17_21:22:51:872- message sent - topic:mqtt-roundtrip-qos0-10MByte-1000-cycles - qos:0 - id:000616
2018-05-17_21:22:51:881- message sent - topic:mqtt-roundtrip-qos0-10MByte-1000-cycles - qos:0 - id:000617
2018-05-17_21:22:51:965- message sent - topic:mqtt-roundtrip-qos0-10MByte-1000-cycles - qos:0 - id:000618
