2018-05-15_23:14:34:132- connecting to broker 192.168.1.100:1883
2018-05-15_23:14:34:133- Subscribing to topicmqtt-roundtrip-qos0-10KByte-10-cycles
2018-05-15_23:14:34:134- subscribe returned (0, 1)
2018-05-15_23:14:34:134- Client connected to broker
2018-05-15_23:14:36:207- message received - id:0 - topic:mqtt-roundtrip-qos0-10KByte-10-cycles - qos:0 - size:10240
2018-05-15_23:14:36:208- message sent - id:0 - topic:mqtt-roundtrip-qos0-10KByte-10-cycles_2 - qos:0 - size:10240
2018-05-15_23:14:36:210- message received - id:0 - topic:mqtt-roundtrip-qos0-10KByte-10-cycles - qos:0 - size:10240
2018-05-15_23:14:36:210- message sent - id:0 - topic:mqtt-roundtrip-qos0-10KByte-10-cycles_2 - qos:0 - size:10240
2018-05-15_23:14:36:213- message received - id:0 - topic:mqtt-roundtrip-qos0-10KByte-10-cycles - qos:0 - size:10240
2018-05-15_23:14:36:213- message sent - id:0 - topic:mqtt-roundtrip-qos0-10KByte-10-cycles_2 - qos:0 - size:10240
2018-05-15_23:14:36:216- message received - id:0 - topic:mqtt-roundtrip-qos0-10KByte-10-cycles - qos:0 - size:10240
2018-05-15_23:14:36:216- message sent - id:0 - topic:mqtt-roundtrip-qos0-10KByte-10-cycles_2 - qos:0 - size:10240
2018-05-15_23:14:36:219- message received - id:0 - topic:mqtt-roundtrip-qos0-10KByte-10-cycles - qos:0 - size:10240
2018-05-15_23:14:36:219- message sent - id:0 - topic:mqtt-roundtrip-qos0-10KByte-10-cycles_2 - qos:0 - size:10240
2018-05-15_23:14:36:220- message received - id:0 - topic:mqtt-roundtrip-qos0-10KByte-10-cycles - qos:0 - size:10240
2018-05-15_23:14:36:221- message sent - id:0 - topic:mqtt-roundtrip-qos0-10KByte-10-cycles_2 - qos:0 - size:10240
2018-05-15_23:14:36:221- message received - id:0 - topic:mqtt-roundtrip-qos0-10KByte-10-cycles - qos:0 - size:10240
2018-05-15_23:14:36:222- message sent - id:0 - topic:mqtt-roundtrip-qos0-10KByte-10-cycles_2 - qos:0 - size:10240
2018-05-15_23:14:36:223- message received - id:0 - topic:mqtt-roundtrip-qos0-10KByte-10-cycles - qos:0 - size:10240
2018-05-15_23:14:36:224- message sent - id:0 - topic:mqtt-roundtrip-qos0-10KByte-10-cycles_2 - qos:0 - size:10240
2018-05-15_23:14:36:225- message received - id:0 - topic:mqtt-roundtrip-qos0-10KByte-10-cycles - qos:0 - size:10240
2018-05-15_23:14:36:226- message sent - id:0 - topic:mqtt-roundtrip-qos0-10KByte-10-cycles_2 - qos:0 - size:10240
2018-05-15_23:14:36:227- message received - id:0 - topic:mqtt-roundtrip-qos0-10KByte-10-cycles - qos:0 - size:10240
2018-05-15_23:14:36:227- message sent - id:0 - topic:mqtt-roundtrip-qos0-10KByte-10-cycles_2 - qos:0 - size:10240
