2018-05-15 22:02:09,191 - connecting to broker 192.168.1.100:1883
2018-05-15 22:02:09,192 - Subscribing to topicmqtt-roundtrip-qos0-empty_message-10-cycles
2018-05-15 22:02:09,192 - subscribe returned (0, 1)
2018-05-15 22:02:09,192 - Client connected to broker
2018-05-15 22:02:13,328 - message received - id:0 - topic:mqtt-roundtrip-qos0-empty_message-10-cycles - qos:0 - size:0
2018-05-15 22:02:13,328 - message sent - id:0 - topic:mqtt-roundtrip-qos0-empty_message-10-cycles_2 - qos:0 - size:0
2018-05-15 22:02:13,329 - message received - id:0 - topic:mqtt-roundtrip-qos0-empty_message-10-cycles - qos:0 - size:0
2018-05-15 22:02:13,330 - message sent - id:0 - topic:mqtt-roundtrip-qos0-empty_message-10-cycles_2 - qos:0 - size:0
2018-05-15 22:02:13,330 - message received - id:0 - topic:mqtt-roundtrip-qos0-empty_message-10-cycles - qos:0 - size:0
2018-05-15 22:02:13,330 - message sent - id:0 - topic:mqtt-roundtrip-qos0-empty_message-10-cycles_2 - qos:0 - size:0
2018-05-15 22:02:13,331 - message received - id:0 - topic:mqtt-roundtrip-qos0-empty_message-10-cycles - qos:0 - size:0
2018-05-15 22:02:13,331 - message sent - id:0 - topic:mqtt-roundtrip-qos0-empty_message-10-cycles_2 - qos:0 - size:0
2018-05-15 22:02:13,331 - message received - id:0 - topic:mqtt-roundtrip-qos0-empty_message-10-cycles - qos:0 - size:0
2018-05-15 22:02:13,331 - message sent - id:0 - topic:mqtt-roundtrip-qos0-empty_message-10-cycles_2 - qos:0 - size:0
2018-05-15 22:02:13,331 - message received - id:0 - topic:mqtt-roundtrip-qos0-empty_message-10-cycles - qos:0 - size:0
2018-05-15 22:02:13,332 - message sent - id:0 - topic:mqtt-roundtrip-qos0-empty_message-10-cycles_2 - qos:0 - size:0
2018-05-15 22:02:13,332 - message received - id:0 - topic:mqtt-roundtrip-qos0-empty_message-10-cycles - qos:0 - size:0
2018-05-15 22:02:13,332 - message sent - id:0 - topic:mqtt-roundtrip-qos0-empty_message-10-cycles_2 - qos:0 - size:0
2018-05-15 22:02:13,332 - message received - id:0 - topic:mqtt-roundtrip-qos0-empty_message-10-cycles - qos:0 - size:0
2018-05-15 22:02:13,332 - message sent - id:0 - topic:mqtt-roundtrip-qos0-empty_message-10-cycles_2 - qos:0 - size:0
2018-05-15 22:02:13,333 - message received - id:0 - topic:mqtt-roundtrip-qos0-empty_message-10-cycles - qos:0 - size:0
2018-05-15 22:02:13,333 - message sent - id:0 - topic:mqtt-roundtrip-qos0-empty_message-10-cycles_2 - qos:0 - size:0
2018-05-15 22:02:13,333 - message received - id:0 - topic:mqtt-roundtrip-qos0-empty_message-10-cycles - qos:0 - size:0
2018-05-15 22:02:13,333 - message sent - id:0 - topic:mqtt-roundtrip-qos0-empty_message-10-cycles_2 - qos:0 - size:0
