2018-05-15_23:13:18:938- connecting to broker 192.168.1.100:1883
2018-05-15_23:13:18:939- Subscribing to topic mqtt-roundtrip-qos2-1KByte-10-cycles_2
2018-05-15_23:13:18:939- subscribe returned (0, 1)
2018-05-15_23:13:18:940- Client connected to broker
2018-05-15_23:13:21:196- Performing message publishing for 10 cycles
2018-05-15_23:13:21:238- message sent - id:2 - topic:mqtt-roundtrip-qos2-1KByte-10-cycles - qos:2 - size:1024
2018-05-15_23:13:21:238- message received - id:0 - topic:mqtt-roundtrip-qos2-1KByte-10-cycles_2 - qos:0 - size:1024
2018-05-15_23:13:21:238- message sent - id:3 - topic:mqtt-roundtrip-qos2-1KByte-10-cycles - qos:2 - size:1024
2018-05-15_23:13:21:239- message sent - id:4 - topic:mqtt-roundtrip-qos2-1KByte-10-cycles - qos:2 - size:1024
2018-05-15_23:13:21:240- message received - id:0 - topic:mqtt-roundtrip-qos2-1KByte-10-cycles_2 - qos:0 - size:1024
2018-05-15_23:13:21:242- message sent - id:5 - topic:mqtt-roundtrip-qos2-1KByte-10-cycles - qos:2 - size:1024
2018-05-15_23:13:21:242- message sent - id:6 - topic:mqtt-roundtrip-qos2-1KByte-10-cycles - qos:2 - size:1024
2018-05-15_23:13:21:242- message sent - id:7 - topic:mqtt-roundtrip-qos2-1KByte-10-cycles - qos:2 - size:1024
2018-05-15_23:13:21:242- message sent - id:8 - topic:mqtt-roundtrip-qos2-1KByte-10-cycles - qos:2 - size:1024
2018-05-15_23:13:21:242- message sent - id:9 - topic:mqtt-roundtrip-qos2-1KByte-10-cycles - qos:2 - size:1024
2018-05-15_23:13:21:242- message sent - id:10 - topic:mqtt-roundtrip-qos2-1KByte-10-cycles - qos:2 - size:1024
2018-05-15_23:13:21:242- message sent - id:11 - topic:mqtt-roundtrip-qos2-1KByte-10-cycles - qos:2 - size:1024
2018-05-15_23:13:21:242- message received - id:0 - topic:mqtt-roundtrip-qos2-1KByte-10-cycles_2 - qos:0 - size:1024
2018-05-15_23:13:21:243- message received - id:0 - topic:mqtt-roundtrip-qos2-1KByte-10-cycles_2 - qos:0 - size:1024
2018-05-15_23:13:21:243- message received - id:0 - topic:mqtt-roundtrip-qos2-1KByte-10-cycles_2 - qos:0 - size:1024
2018-05-15_23:13:21:243- message received - id:0 - topic:mqtt-roundtrip-qos2-1KByte-10-cycles_2 - qos:0 - size:1024
2018-05-15_23:13:21:243- message received - id:0 - topic:mqtt-roundtrip-qos2-1KByte-10-cycles_2 - qos:0 - size:1024
2018-05-15_23:13:21:244- message received - id:0 - topic:mqtt-roundtrip-qos2-1KByte-10-cycles_2 - qos:0 - size:1024
2018-05-15_23:13:21:244- message received - id:0 - topic:mqtt-roundtrip-qos2-1KByte-10-cycles_2 - qos:0 - size:1024
2018-05-15_23:13:21:245- message received - id:0 - topic:mqtt-roundtrip-qos2-1KByte-10-cycles_2 - qos:0 - size:1024
