2018-05-15_23:21:24:630- connecting to broker 192.168.1.100:1883
2018-05-15_23:21:24:632- Subscribing to topic mqtt-roundtrip-qos0-1MByte-10-cycles_2
2018-05-15_23:21:24:632- subscribe returned (0, 1)
2018-05-15_23:21:24:633- Client connected to broker
2018-05-15_23:21:29:193- Performing message publishing for 10 cycles
2018-05-15_23:21:29:259- message sent - id:2 - topic:mqtt-roundtrip-qos0-1MByte-10-cycles - qos:0 - size:1048576
2018-05-15_23:21:29:339- message sent - id:3 - topic:mqtt-roundtrip-qos0-1MByte-10-cycles - qos:0 - size:1048576
2018-05-15_23:21:29:413- message sent - id:4 - topic:mqtt-roundtrip-qos0-1MByte-10-cycles - qos:0 - size:1048576
2018-05-15_23:21:29:518- message sent - id:5 - topic:mqtt-roundtrip-qos0-1MByte-10-cycles - qos:0 - size:1048576
2018-05-15_23:21:29:672- message sent - id:6 - topic:mqtt-roundtrip-qos0-1MByte-10-cycles - qos:0 - size:1048576
2018-05-15_23:21:29:792- message sent - id:7 - topic:mqtt-roundtrip-qos0-1MByte-10-cycles - qos:0 - size:1048576
2018-05-15_23:21:29:887- message sent - id:8 - topic:mqtt-roundtrip-qos0-1MByte-10-cycles - qos:0 - size:1048576
2018-05-15_23:21:30:015- message sent - id:9 - topic:mqtt-roundtrip-qos0-1MByte-10-cycles - qos:0 - size:1048576
2018-05-15_23:21:30:136- message received - id:0 - topic:mqtt-roundtrip-qos0-1MByte-10-cycles_2 - qos:0 - size:1048576
2018-05-15_23:21:30:152- message sent - id:10 - topic:mqtt-roundtrip-qos0-1MByte-10-cycles - qos:0 - size:1048576
2018-05-15_23:21:30:281- message sent - id:11 - topic:mqtt-roundtrip-qos0-1MByte-10-cycles - qos:0 - size:1048576
2018-05-15_23:21:30:516- message received - id:0 - topic:mqtt-roundtrip-qos0-1MByte-10-cycles_2 - qos:0 - size:1048576
2018-05-15_23:21:30:654- message received - id:0 - topic:mqtt-roundtrip-qos0-1MByte-10-cycles_2 - qos:0 - size:1048576
2018-05-15_23:21:30:757- message received - id:0 - topic:mqtt-roundtrip-qos0-1MByte-10-cycles_2 - qos:0 - size:1048576
2018-05-15_23:21:30:856- message received - id:0 - topic:mqtt-roundtrip-qos0-1MByte-10-cycles_2 - qos:0 - size:1048576
2018-05-15_23:21:30:955- message received - id:0 - topic:mqtt-roundtrip-qos0-1MByte-10-cycles_2 - qos:0 - size:1048576
2018-05-15_23:21:31:054- message received - id:0 - topic:mqtt-roundtrip-qos0-1MByte-10-cycles_2 - qos:0 - size:1048576
2018-05-15_23:21:31:142- message received - id:0 - topic:mqtt-roundtrip-qos0-1MByte-10-cycles_2 - qos:0 - size:1048576
2018-05-15_23:21:31:232- message received - id:0 - topic:mqtt-roundtrip-qos0-1MByte-10-cycles_2 - qos:0 - size:1048576
2018-05-15_23:21:31:321- message received - id:0 - topic:mqtt-roundtrip-qos0-1MByte-10-cycles_2 - qos:0 - size:1048576
