2018-05-15_23:24:28:021- connecting to broker 192.168.1.100:1883
2018-05-15_23:24:28:022- Subscribing to topicmqtt-roundtrip-qos1-1MByte-100-cycles
2018-05-15_23:24:28:023- subscribe returned (0, 1)
2018-05-15_23:24:28:023- Client connected to broker
2018-05-15_23:24:30:052- message received - id:0 - topic:mqtt-roundtrip-qos1-1MByte-100-cycles - qos:0 - size:1048576
2018-05-15_23:24:30:053- message sent - id:0 - topic:mqtt-roundtrip-qos1-1MByte-100-cycles_2 - qos:0 - size:1048576
2018-05-15_23:24:30:154- message received - id:0 - topic:mqtt-roundtrip-qos1-1MByte-100-cycles - qos:0 - size:1048576
2018-05-15_23:24:30:154- message sent - id:0 - topic:mqtt-roundtrip-qos1-1MByte-100-cycles_2 - qos:0 - size:1048576
2018-05-15_23:24:30:252- message received - id:0 - topic:mqtt-roundtrip-qos1-1MByte-100-cycles - qos:0 - size:1048576
2018-05-15_23:24:30:253- message sent - id:0 - topic:mqtt-roundtrip-qos1-1MByte-100-cycles_2 - qos:0 - size:1048576
2018-05-15_23:24:30:353- message received - id:0 - topic:mqtt-roundtrip-qos1-1MByte-100-cycles - qos:0 - size:1048576
2018-05-15_23:24:30:353- message sent - id:0 - topic:mqtt-roundtrip-qos1-1MByte-100-cycles_2 - qos:0 - size:1048576
2018-05-15_23:24:30:463- message received - id:0 - topic:mqtt-roundtrip-qos1-1MByte-100-cycles - qos:0 - size:1048576
2018-05-15_23:24:30:463- message sent - id:0 - topic:mqtt-roundtrip-qos1-1MByte-100-cycles_2 - qos:0 - size:1048576
2018-05-15_23:24:30:576- message received - id:0 - topic:mqtt-roundtrip-qos1-1MByte-100-cycles - qos:0 - size:1048576
2018-05-15_23:24:30:576- message sent - id:0 - topic:mqtt-roundtrip-qos1-1MByte-100-cycles_2 - qos:0 - size:1048576
2018-05-15_23:24:30:731- message received - id:0 - topic:mqtt-roundtrip-qos1-1MByte-100-cycles - qos:0 - size:1048576
2018-05-15_23:24:30:732- message sent - id:0 - topic:mqtt-roundtrip-qos1-1MByte-100-cycles_2 - qos:0 - size:1048576
2018-05-15_23:24:30:873- message received - id:0 - topic:mqtt-roundtrip-qos1-1MByte-100-cycles - qos:0 - size:1048576
2018-05-15_23:24:30:873- message sent - id:0 - topic:mqtt-roundtrip-qos1-1MByte-100-cycles_2 - qos:0 - size:1048576
2018-05-15_23:24:30:970- message received - id:0 - topic:mqtt-roundtrip-qos1-1MByte-100-cycles - qos:0 - size:1048576
2018-05-15_23:24:30:971- message sent - id:0 - topic:mqtt-roundtrip-qos1-1MByte-100-cycles_2 - qos:0 - size:1048576
2018-05-15_23:24:31:072- message received - id:0 - topic:mqtt-roundtrip-qos1-1MByte-100-cycles - qos:0 - size:1048576
2018-05-15_23:24:31:073- message sent - id:0 - topic:mqtt-roundtrip-qos1-1MByte-100-cycles_2 - qos:0 - size:1048576
2018-05-15_23:24:31:215- message received - id:0 - topic:mqtt-roundtrip-qos1-1MByte-100-cycles - qos:0 - size:1048576
2018-05-15_23:24:31:216- message sent - id:0 - topic:mqtt-roundtrip-qos1-1MByte-100-cycles_2 - qos:0 - size:1048576
2018-05-15_23:24:31:359- message received - id:0 - topic:mqtt-roundtrip-qos1-1MByte-100-cycles - qos:0 - size:1048576
2018-05-15_23:24:31:360- message sent - id:0 - topic:mqtt-roundtrip-qos1-1MByte-100-cycles_2 - qos:0 - size:1048576
2018-05-15_23:24:31:458- message received - id:0 - topic:mqtt-roundtrip-qos1-1MByte-100-cycles - qos:0 - size:1048576
2018-05-15_23:24:31:459- message sent - id:0 - topic:mqtt-roundtrip-qos1-1MByte-100-cycles_2 - qos:0 - size:1048576
2018-05-15_23:24:31:563- message received - id:0 - topic:mqtt-roundtrip-qos1-1MByte-100-cycles - qos:0 - size:1048576
2018-05-15_23:24:31:563- message sent - id:0 - topic:mqtt-roundtrip-qos1-1MByte-100-cycles_2 - qos:0 - size:1048576
2018-05-15_23:24:31:707- message received - id:0 - topic:mqtt-roundtrip-qos1-1MByte-100-cycles - qos:0 - size:1048576
2018-05-15_23:24:31:709- message sent - id:0 - topic:mqtt-roundtrip-qos1-1MByte-100-cycles_2 - qos:0 - size:1048576
2018-05-15_23:24:31:848- message received - id:0 - topic:mqtt-roundtrip-qos1-1MByte-100-cycles - qos:0 - size:1048576
2018-05-15_23:24:31:848- message sent - id:0 - topic:mqtt-roundtrip-qos1-1MByte-100-cycles_2 - qos:0 - size:1048576
2018-05-15_23:24:31:946- message received - id:0 - topic:mqtt-roundtrip-qos1-1MByte-100-cycles - qos:0 - size:1048576
2018-05-15_23:24:31:947- message sent - id:0 - topic:mqtt-roundtrip-qos1-1MByte-100-cycles_2 - qos:0 - size:1048576
2018-05-15_23:24:32:045- message received - id:0 - topic:mqtt-roundtrip-qos1-1MByte-100-cycles - qos:0 - size:1048576
2018-05-15_23:24:32:046- message sent - id:0 - topic:mqtt-roundtrip-qos1-1MByte-100-cycles_2 - qos:0 - size:1048576
2018-05-15_23:24:32:181- message received - id:0 - topic:mqtt-roundtrip-qos1-1MByte-100-cycles - qos:0 - size:1048576
2018-05-15_23:24:32:182- message sent - id:0 - topic:mqtt-roundtrip-qos1-1MByte-100-cycles_2 - qos:0 - size:1048576
2018-05-15_23:24:32:321- message received - id:0 - topic:mqtt-roundtrip-qos1-1MByte-100-cycles - qos:0 - size:1048576
2018-05-15_23:24:32:322- message sent - id:0 - topic:mqtt-roundtrip-qos1-1MByte-100-cycles_2 - qos:0 - size:1048576
2018-05-15_23:24:32:434- message received - id:0 - topic:mqtt-roundtrip-qos1-1MByte-100-cycles - qos:0 - size:1048576
2018-05-15_23:24:32:435- message sent - id:0 - topic:mqtt-roundtrip-qos1-1MByte-100-cycles_2 - qos:0 - size:1048576
2018-05-15_23:24:32:532- message received - id:0 - topic:mqtt-roundtrip-qos1-1MByte-100-cycles - qos:0 - size:1048576
2018-05-15_23:24:32:533- message sent - id:0 - topic:mqtt-roundtrip-qos1-1MByte-100-cycles_2 - qos:0 - size:1048576
2018-05-15_23:24:32:642- message received - id:0 - topic:mqtt-roundtrip-qos1-1MByte-100-cycles - qos:0 - size:1048576
2018-05-15_23:24:32:643- message sent - id:0 - topic:mqtt-roundtrip-qos1-1MByte-100-cycles_2 - qos:0 - size:1048576
2018-05-15_23:24:32:784- message received - id:0 - topic:mqtt-roundtrip-qos1-1MByte-100-cycles - qos:0 - size:1048576
2018-05-15_23:24:32:785- message sent - id:0 - topic:mqtt-roundtrip-qos1-1MByte-100-cycles_2 - qos:0 - size:1048576
2018-05-15_23:24:32:922- message received - id:0 - topic:mqtt-roundtrip-qos1-1MByte-100-cycles - qos:0 - size:1048576
2018-05-15_23:24:32:923- message sent - id:0 - topic:mqtt-roundtrip-qos1-1MByte-100-cycles_2 - qos:0 - size:1048576
2018-05-15_23:24:33:020- message received - id:0 - topic:mqtt-roundtrip-qos1-1MByte-100-cycles - qos:0 - size:1048576
2018-05-15_23:24:33:021- message sent - id:0 - topic:mqtt-roundtrip-qos1-1MByte-100-cycles_2 - qos:0 - size:1048576
2018-05-15_23:24:33:119- message received - id:0 - topic:mqtt-roundtrip-qos1-1MByte-100-cycles - qos:0 - size:1048576
2018-05-15_23:24:33:119- message sent - id:0 - topic:mqtt-roundtrip-qos1-1MByte-100-cycles_2 - qos:0 - size:1048576
2018-05-15_23:24:33:239- message received - id:0 - topic:mqtt-roundtrip-qos1-1MByte-100-cycles - qos:0 - size:1048576
2018-05-15_23:24:33:240- message sent - id:0 - topic:mqtt-roundtrip-qos1-1MByte-100-cycles_2 - qos:0 - size:1048576
2018-05-15_23:24:33:380- message received - id:0 - topic:mqtt-roundtrip-qos1-1MByte-100-cycles - qos:0 - size:1048576
2018-05-15_23:24:33:381- message sent - id:0 - topic:mqtt-roundtrip-qos1-1MByte-100-cycles_2 - qos:0 - size:1048576
2018-05-15_23:24:33:507- message received - id:0 - topic:mqtt-roundtrip-qos1-1MByte-100-cycles - qos:0 - size:1048576
2018-05-15_23:24:33:508- message sent - id:0 - topic:mqtt-roundtrip-qos1-1MByte-100-cycles_2 - qos:0 - size:1048576
2018-05-15_23:24:33:605- message received - id:0 - topic:mqtt-roundtrip-qos1-1MByte-100-cycles - qos:0 - size:1048576
2018-05-15_23:24:33:606- message sent - id:0 - topic:mqtt-roundtrip-qos1-1MByte-100-cycles_2 - qos:0 - size:1048576
2018-05-15_23:24:33:705- message received - id:0 - topic:mqtt-roundtrip-qos1-1MByte-100-cycles - qos:0 - size:1048576
2018-05-15_23:24:33:706- message sent - id:0 - topic:mqtt-roundtrip-qos1-1MByte-100-cycles_2 - qos:0 - size:1048576
2018-05-15_23:24:33:819- message received - id:0 - topic:mqtt-roundtrip-qos1-1MByte-100-cycles - qos:0 - size:1048576
2018-05-15_23:24:33:820- message sent - id:0 - topic:mqtt-roundtrip-qos1-1MByte-100-cycles_2 - qos:0 - size:1048576
2018-05-15_23:24:33:963- message received - id:0 - topic:mqtt-roundtrip-qos1-1MByte-100-cycles - qos:0 - size:1048576
2018-05-15_23:24:33:964- message sent - id:0 - topic:mqtt-roundtrip-qos1-1MByte-100-cycles_2 - qos:0 - size:1048576
2018-05-15_23:24:34:094- message received - id:0 - topic:mqtt-roundtrip-qos1-1MByte-100-cycles - qos:0 - size:1048576
2018-05-15_23:24:34:095- message sent - id:0 - topic:mqtt-roundtrip-qos1-1MByte-100-cycles_2 - qos:0 - size:1048576
2018-05-15_23:24:34:193- message received - id:0 - topic:mqtt-roundtrip-qos1-1MByte-100-cycles - qos:0 - size:1048576
2018-05-15_23:24:34:193- message sent - id:0 - topic:mqtt-roundtrip-qos1-1MByte-100-cycles_2 - qos:0 - size:1048576
2018-05-15_23:24:34:291- message received - id:0 - topic:mqtt-roundtrip-qos1-1MByte-100-cycles - qos:0 - size:1048576
2018-05-15_23:24:34:291- message sent - id:0 - topic:mqtt-roundtrip-qos1-1MByte-100-cycles_2 - qos:0 - size:1048576
2018-05-15_23:24:34:389- message received - id:0 - topic:mqtt-roundtrip-qos1-1MByte-100-cycles - qos:0 - size:1048576
2018-05-15_23:24:34:390- message sent - id:0 - topic:mqtt-roundtrip-qos1-1MByte-100-cycles_2 - qos:0 - size:1048576
2018-05-15_23:24:34:507- message received - id:0 - topic:mqtt-roundtrip-qos1-1MByte-100-cycles - qos:0 - size:1048576
2018-05-15_23:24:34:508- message sent - id:0 - topic:mqtt-roundtrip-qos1-1MByte-100-cycles_2 - qos:0 - size:1048576
2018-05-15_23:24:34:649- message received - id:0 - topic:mqtt-roundtrip-qos1-1MByte-100-cycles - qos:0 - size:1048576
2018-05-15_23:24:34:650- message sent - id:0 - topic:mqtt-roundtrip-qos1-1MByte-100-cycles_2 - qos:0 - size:1048576
2018-05-15_23:24:34:776- message received - id:0 - topic:mqtt-roundtrip-qos1-1MByte-100-cycles - qos:0 - size:1048576
2018-05-15_23:24:34:777- message sent - id:0 - topic:mqtt-roundtrip-qos1-1MByte-100-cycles_2 - qos:0 - size:1048576
2018-05-15_23:24:34:874- message received - id:0 - topic:mqtt-roundtrip-qos1-1MByte-100-cycles - qos:0 - size:1048576
2018-05-15_23:24:34:875- message sent - id:0 - topic:mqtt-roundtrip-qos1-1MByte-100-cycles_2 - qos:0 - size:1048576
2018-05-15_23:24:34:972- message received - id:0 - topic:mqtt-roundtrip-qos1-1MByte-100-cycles - qos:0 - size:1048576
2018-05-15_23:24:34:973- message sent - id:0 - topic:mqtt-roundtrip-qos1-1MByte-100-cycles_2 - qos:0 - size:1048576
2018-05-15_23:24:35:114- message received - id:0 - topic:mqtt-roundtrip-qos1-1MByte-100-cycles - qos:0 - size:1048576
2018-05-15_23:24:35:115- message sent - id:0 - topic:mqtt-roundtrip-qos1-1MByte-100-cycles_2 - qos:0 - size:1048576
2018-05-15_23:24:35:256- message received - id:0 - topic:mqtt-roundtrip-qos1-1MByte-100-cycles - qos:0 - size:1048576
2018-05-15_23:24:35:257- message sent - id:0 - topic:mqtt-roundtrip-qos1-1MByte-100-cycles_2 - qos:0 - size:1048576
2018-05-15_23:24:35:360- message received - id:0 - topic:mqtt-roundtrip-qos1-1MByte-100-cycles - qos:0 - size:1048576
2018-05-15_23:24:35:361- message sent - id:0 - topic:mqtt-roundtrip-qos1-1MByte-100-cycles_2 - qos:0 - size:1048576
2018-05-15_23:24:35:460- message received - id:0 - topic:mqtt-roundtrip-qos1-1MByte-100-cycles - qos:0 - size:1048576
2018-05-15_23:24:35:461- message sent - id:0 - topic:mqtt-roundtrip-qos1-1MByte-100-cycles_2 - qos:0 - size:1048576
2018-05-15_23:24:35:570- message received - id:0 - topic:mqtt-roundtrip-qos1-1MByte-100-cycles - qos:0 - size:1048576
2018-05-15_23:24:35:570- message sent - id:0 - topic:mqtt-roundtrip-qos1-1MByte-100-cycles_2 - qos:0 - size:1048576
2018-05-15_23:24:35:715- message received - id:0 - topic:mqtt-roundtrip-qos1-1MByte-100-cycles - qos:0 - size:1048576
2018-05-15_23:24:35:715- message sent - id:0 - topic:mqtt-roundtrip-qos1-1MByte-100-cycles_2 - qos:0 - size:1048576
2018-05-15_23:24:35:847- message received - id:0 - topic:mqtt-roundtrip-qos1-1MByte-100-cycles - qos:0 - size:1048576
2018-05-15_23:24:35:848- message sent - id:0 - topic:mqtt-roundtrip-qos1-1MByte-100-cycles_2 - qos:0 - size:1048576
2018-05-15_23:24:35:947- message received - id:0 - topic:mqtt-roundtrip-qos1-1MByte-100-cycles - qos:0 - size:1048576
2018-05-15_23:24:35:947- message sent - id:0 - topic:mqtt-roundtrip-qos1-1MByte-100-cycles_2 - qos:0 - size:1048576
2018-05-15_23:24:36:046- message received - id:0 - topic:mqtt-roundtrip-qos1-1MByte-100-cycles - qos:0 - size:1048576
2018-05-15_23:24:36:046- message sent - id:0 - topic:mqtt-roundtrip-qos1-1MByte-100-cycles_2 - qos:0 - size:1048576
2018-05-15_23:24:36:165- message received - id:0 - topic:mqtt-roundtrip-qos1-1MByte-100-cycles - qos:0 - size:1048576
2018-05-15_23:24:36:165- message sent - id:0 - topic:mqtt-roundtrip-qos1-1MByte-100-cycles_2 - qos:0 - size:1048576
2018-05-15_23:24:36:306- message received - id:0 - topic:mqtt-roundtrip-qos1-1MByte-100-cycles - qos:0 - size:1048576
2018-05-15_23:24:36:307- message sent - id:0 - topic:mqtt-roundtrip-qos1-1MByte-100-cycles_2 - qos:0 - size:1048576
2018-05-15_23:24:36:433- message received - id:0 - topic:mqtt-roundtrip-qos1-1MByte-100-cycles - qos:0 - size:1048576
2018-05-15_23:24:36:433- message sent - id:0 - topic:mqtt-roundtrip-qos1-1MByte-100-cycles_2 - qos:0 - size:1048576
2018-05-15_23:24:36:531- message received - id:0 - topic:mqtt-roundtrip-qos1-1MByte-100-cycles - qos:0 - size:1048576
2018-05-15_23:24:36:531- message sent - id:0 - topic:mqtt-roundtrip-qos1-1MByte-100-cycles_2 - qos:0 - size:1048576
2018-05-15_23:24:36:631- message received - id:0 - topic:mqtt-roundtrip-qos1-1MByte-100-cycles - qos:0 - size:1048576
2018-05-15_23:24:36:632- message sent - id:0 - topic:mqtt-roundtrip-qos1-1MByte-100-cycles_2 - qos:0 - size:1048576
2018-05-15_23:24:36:773- message received - id:0 - topic:mqtt-roundtrip-qos1-1MByte-100-cycles - qos:0 - size:1048576
2018-05-15_23:24:36:774- message sent - id:0 - topic:mqtt-roundtrip-qos1-1MByte-100-cycles_2 - qos:0 - size:1048576
2018-05-15_23:24:36:918- message received - id:0 - topic:mqtt-roundtrip-qos1-1MByte-100-cycles - qos:0 - size:1048576
2018-05-15_23:24:36:918- message sent - id:0 - topic:mqtt-roundtrip-qos1-1MByte-100-cycles_2 - qos:0 - size:1048576
2018-05-15_23:24:37:018- message received - id:0 - topic:mqtt-roundtrip-qos1-1MByte-100-cycles - qos:0 - size:1048576
2018-05-15_23:24:37:018- message sent - id:0 - topic:mqtt-roundtrip-qos1-1MByte-100-cycles_2 - qos:0 - size:1048576
2018-05-15_23:24:37:116- message received - id:0 - topic:mqtt-roundtrip-qos1-1MByte-100-cycles - qos:0 - size:1048576
2018-05-15_23:24:37:117- message sent - id:0 - topic:mqtt-roundtrip-qos1-1MByte-100-cycles_2 - qos:0 - size:1048576
2018-05-15_23:24:37:225- message received - id:0 - topic:mqtt-roundtrip-qos1-1MByte-100-cycles - qos:0 - size:1048576
2018-05-15_23:24:37:226- message sent - id:0 - topic:mqtt-roundtrip-qos1-1MByte-100-cycles_2 - qos:0 - size:1048576
2018-05-15_23:24:37:356- message received - id:0 - topic:mqtt-roundtrip-qos1-1MByte-100-cycles - qos:0 - size:1048576
2018-05-15_23:24:37:357- message sent - id:0 - topic:mqtt-roundtrip-qos1-1MByte-100-cycles_2 - qos:0 - size:1048576
2018-05-15_23:24:37:486- message received - id:0 - topic:mqtt-roundtrip-qos1-1MByte-100-cycles - qos:0 - size:1048576
2018-05-15_23:24:37:487- message sent - id:0 - topic:mqtt-roundtrip-qos1-1MByte-100-cycles_2 - qos:0 - size:1048576
2018-05-15_23:24:37:602- message received - id:0 - topic:mqtt-roundtrip-qos1-1MByte-100-cycles - qos:0 - size:1048576
2018-05-15_23:24:37:602- message sent - id:0 - topic:mqtt-roundtrip-qos1-1MByte-100-cycles_2 - qos:0 - size:1048576
2018-05-15_23:24:37:700- message received - id:0 - topic:mqtt-roundtrip-qos1-1MByte-100-cycles - qos:0 - size:1048576
2018-05-15_23:24:37:701- message sent - id:0 - topic:mqtt-roundtrip-qos1-1MByte-100-cycles_2 - qos:0 - size:1048576
2018-05-15_23:24:37:821- message received - id:0 - topic:mqtt-roundtrip-qos1-1MByte-100-cycles - qos:0 - size:1048576
2018-05-15_23:24:37:821- message sent - id:0 - topic:mqtt-roundtrip-qos1-1MByte-100-cycles_2 - qos:0 - size:1048576
2018-05-15_23:24:37:952- message received - id:0 - topic:mqtt-roundtrip-qos1-1MByte-100-cycles - qos:0 - size:1048576
2018-05-15_23:24:37:952- message sent - id:0 - topic:mqtt-roundtrip-qos1-1MByte-100-cycles_2 - qos:0 - size:1048576
2018-05-15_23:24:38:081- message received - id:0 - topic:mqtt-roundtrip-qos1-1MByte-100-cycles - qos:0 - size:1048576
2018-05-15_23:24:38:082- message sent - id:0 - topic:mqtt-roundtrip-qos1-1MByte-100-cycles_2 - qos:0 - size:1048576
2018-05-15_23:24:38:187- message received - id:0 - topic:mqtt-roundtrip-qos1-1MByte-100-cycles - qos:0 - size:1048576
2018-05-15_23:24:38:187- message sent - id:0 - topic:mqtt-roundtrip-qos1-1MByte-100-cycles_2 - qos:0 - size:1048576
2018-05-15_23:24:38:294- message received - id:0 - topic:mqtt-roundtrip-qos1-1MByte-100-cycles - qos:0 - size:1048576
2018-05-15_23:24:38:294- message sent - id:0 - topic:mqtt-roundtrip-qos1-1MByte-100-cycles_2 - qos:0 - size:1048576
2018-05-15_23:24:38:423- message received - id:0 - topic:mqtt-roundtrip-qos1-1MByte-100-cycles - qos:0 - size:1048576
2018-05-15_23:24:38:424- message sent - id:0 - topic:mqtt-roundtrip-qos1-1MByte-100-cycles_2 - qos:0 - size:1048576
2018-05-15_23:24:38:554- message received - id:0 - topic:mqtt-roundtrip-qos1-1MByte-100-cycles - qos:0 - size:1048576
2018-05-15_23:24:38:555- message sent - id:0 - topic:mqtt-roundtrip-qos1-1MByte-100-cycles_2 - qos:0 - size:1048576
2018-05-15_23:24:38:673- message received - id:0 - topic:mqtt-roundtrip-qos1-1MByte-100-cycles - qos:0 - size:1048576
2018-05-15_23:24:38:673- message sent - id:0 - topic:mqtt-roundtrip-qos1-1MByte-100-cycles_2 - qos:0 - size:1048576
2018-05-15_23:24:38:771- message received - id:0 - topic:mqtt-roundtrip-qos1-1MByte-100-cycles - qos:0 - size:1048576
2018-05-15_23:24:38:772- message sent - id:0 - topic:mqtt-roundtrip-qos1-1MByte-100-cycles_2 - qos:0 - size:1048576
2018-05-15_23:24:38:883- message received - id:0 - topic:mqtt-roundtrip-qos1-1MByte-100-cycles - qos:0 - size:1048576
2018-05-15_23:24:38:884- message sent - id:0 - topic:mqtt-roundtrip-qos1-1MByte-100-cycles_2 - qos:0 - size:1048576
2018-05-15_23:24:39:010- message received - id:0 - topic:mqtt-roundtrip-qos1-1MByte-100-cycles - qos:0 - size:1048576
2018-05-15_23:24:39:011- message sent - id:0 - topic:mqtt-roundtrip-qos1-1MByte-100-cycles_2 - qos:0 - size:1048576
2018-05-15_23:24:39:137- message received - id:0 - topic:mqtt-roundtrip-qos1-1MByte-100-cycles - qos:0 - size:1048576
2018-05-15_23:24:39:138- message sent - id:0 - topic:mqtt-roundtrip-qos1-1MByte-100-cycles_2 - qos:0 - size:1048576
2018-05-15_23:24:39:256- message received - id:0 - topic:mqtt-roundtrip-qos1-1MByte-100-cycles - qos:0 - size:1048576
2018-05-15_23:24:39:256- message sent - id:0 - topic:mqtt-roundtrip-qos1-1MByte-100-cycles_2 - qos:0 - size:1048576
2018-05-15_23:24:39:354- message received - id:0 - topic:mqtt-roundtrip-qos1-1MByte-100-cycles - qos:0 - size:1048576
2018-05-15_23:24:39:354- message sent - id:0 - topic:mqtt-roundtrip-qos1-1MByte-100-cycles_2 - qos:0 - size:1048576
2018-05-15_23:24:39:455- message received - id:0 - topic:mqtt-roundtrip-qos1-1MByte-100-cycles - qos:0 - size:1048576
2018-05-15_23:24:39:456- message sent - id:0 - topic:mqtt-roundtrip-qos1-1MByte-100-cycles_2 - qos:0 - size:1048576
2018-05-15_23:24:39:584- message received - id:0 - topic:mqtt-roundtrip-qos1-1MByte-100-cycles - qos:0 - size:1048576
2018-05-15_23:24:39:584- message sent - id:0 - topic:mqtt-roundtrip-qos1-1MByte-100-cycles_2 - qos:0 - size:1048576
2018-05-15_23:24:39:712- message received - id:0 - topic:mqtt-roundtrip-qos1-1MByte-100-cycles - qos:0 - size:1048576
2018-05-15_23:24:39:713- message sent - id:0 - topic:mqtt-roundtrip-qos1-1MByte-100-cycles_2 - qos:0 - size:1048576
2018-05-15_23:24:39:838- message received - id:0 - topic:mqtt-roundtrip-qos1-1MByte-100-cycles - qos:0 - size:1048576
2018-05-15_23:24:39:840- message sent - id:0 - topic:mqtt-roundtrip-qos1-1MByte-100-cycles_2 - qos:0 - size:1048576
2018-05-15_23:24:39:952- message received - id:0 - topic:mqtt-roundtrip-qos1-1MByte-100-cycles - qos:0 - size:1048576
2018-05-15_23:24:39:952- message sent - id:0 - topic:mqtt-roundtrip-qos1-1MByte-100-cycles_2 - qos:0 - size:1048576
2018-05-15_23:24:40:079- message received - id:0 - topic:mqtt-roundtrip-qos1-1MByte-100-cycles - qos:0 - size:1048576
2018-05-15_23:24:40:079- message sent - id:0 - topic:mqtt-roundtrip-qos1-1MByte-100-cycles_2 - qos:0 - size:1048576
2018-05-15_23:24:40:205- message received - id:0 - topic:mqtt-roundtrip-qos1-1MByte-100-cycles - qos:0 - size:1048576
2018-05-15_23:24:40:205- message sent - id:0 - topic:mqtt-roundtrip-qos1-1MByte-100-cycles_2 - qos:0 - size:1048576
2018-05-15_23:24:40:328- message received - id:0 - topic:mqtt-roundtrip-qos1-1MByte-100-cycles - qos:0 - size:1048576
2018-05-15_23:24:40:328- message sent - id:0 - topic:mqtt-roundtrip-qos1-1MByte-100-cycles_2 - qos:0 - size:1048576
2018-05-15_23:24:40:437- message received - id:0 - topic:mqtt-roundtrip-qos1-1MByte-100-cycles - qos:0 - size:1048576
2018-05-15_23:24:40:438- message sent - id:0 - topic:mqtt-roundtrip-qos1-1MByte-100-cycles_2 - qos:0 - size:1048576
2018-05-15_23:24:40:564- message received - id:0 - topic:mqtt-roundtrip-qos1-1MByte-100-cycles - qos:0 - size:1048576
2018-05-15_23:24:40:565- message sent - id:0 - topic:mqtt-roundtrip-qos1-1MByte-100-cycles_2 - qos:0 - size:1048576
2018-05-15_23:24:40:691- message received - id:0 - topic:mqtt-roundtrip-qos1-1MByte-100-cycles - qos:0 - size:1048576
2018-05-15_23:24:40:692- message sent - id:0 - topic:mqtt-roundtrip-qos1-1MByte-100-cycles_2 - qos:0 - size:1048576
2018-05-15_23:24:40:810- message received - id:0 - topic:mqtt-roundtrip-qos1-1MByte-100-cycles - qos:0 - size:1048576
2018-05-15_23:24:40:811- message sent - id:0 - topic:mqtt-roundtrip-qos1-1MByte-100-cycles_2 - qos:0 - size:1048576
2018-05-15_23:24:40:904- message received - id:0 - topic:mqtt-roundtrip-qos1-1MByte-100-cycles - qos:0 - size:1048576
2018-05-15_23:24:40:905- message sent - id:0 - topic:mqtt-roundtrip-qos1-1MByte-100-cycles_2 - qos:0 - size:1048576
2018-05-15_23:24:40:997- message received - id:0 - topic:mqtt-roundtrip-qos1-1MByte-100-cycles - qos:0 - size:1048576
2018-05-15_23:24:40:998- message sent - id:0 - topic:mqtt-roundtrip-qos1-1MByte-100-cycles_2 - qos:0 - size:1048576
2018-05-15_23:24:41:089- message received - id:0 - topic:mqtt-roundtrip-qos1-1MByte-100-cycles - qos:0 - size:1048576
2018-05-15_23:24:41:090- message sent - id:0 - topic:mqtt-roundtrip-qos1-1MByte-100-cycles_2 - qos:0 - size:1048576
2018-05-15_23:24:41:183- message received - id:0 - topic:mqtt-roundtrip-qos1-1MByte-100-cycles - qos:0 - size:1048576
2018-05-15_23:24:41:183- message sent - id:0 - topic:mqtt-roundtrip-qos1-1MByte-100-cycles_2 - qos:0 - size:1048576
2018-05-15_23:24:41:276- message received - id:0 - topic:mqtt-roundtrip-qos1-1MByte-100-cycles - qos:0 - size:1048576
2018-05-15_23:24:41:277- message sent - id:0 - topic:mqtt-roundtrip-qos1-1MByte-100-cycles_2 - qos:0 - size:1048576
2018-05-15_23:24:41:369- message received - id:0 - topic:mqtt-roundtrip-qos1-1MByte-100-cycles - qos:0 - size:1048576
2018-05-15_23:24:41:370- message sent - id:0 - topic:mqtt-roundtrip-qos1-1MByte-100-cycles_2 - qos:0 - size:1048576
2018-05-15_23:24:41:462- message received - id:0 - topic:mqtt-roundtrip-qos1-1MByte-100-cycles - qos:0 - size:1048576
2018-05-15_23:24:41:463- message sent - id:0 - topic:mqtt-roundtrip-qos1-1MByte-100-cycles_2 - qos:0 - size:1048576
2018-05-15_23:24:41:556- message received - id:0 - topic:mqtt-roundtrip-qos1-1MByte-100-cycles - qos:0 - size:1048576
2018-05-15_23:24:41:557- message sent - id:0 - topic:mqtt-roundtrip-qos1-1MByte-100-cycles_2 - qos:0 - size:1048576
