2018-05-15_23:24:20:934- connecting to broker 192.168.1.100:1883
2018-05-15_23:24:20:936- Subscribing to topic mqtt-roundtrip-qos1-1MByte-100-cycles_2
2018-05-15_23:24:20:936- subscribe returned (0, 1)
2018-05-15_23:24:20:936- Client connected to broker
2018-05-15_23:24:29:845- Performing message publishing for 100 cycles
2018-05-15_23:24:29:941- message sent - id:2 - topic:mqtt-roundtrip-qos1-1MByte-100-cycles - qos:1 - size:1048576
2018-05-15_23:24:30:035- message sent - id:3 - topic:mqtt-roundtrip-qos1-1MByte-100-cycles - qos:1 - size:1048576
2018-05-15_23:24:30:140- message sent - id:4 - topic:mqtt-roundtrip-qos1-1MByte-100-cycles - qos:1 - size:1048576
2018-05-15_23:24:30:249- message sent - id:5 - topic:mqtt-roundtrip-qos1-1MByte-100-cycles - qos:1 - size:1048576
2018-05-15_23:24:30:359- message sent - id:6 - topic:mqtt-roundtrip-qos1-1MByte-100-cycles - qos:1 - size:1048576
2018-05-15_23:24:30:472- message sent - id:7 - topic:mqtt-roundtrip-qos1-1MByte-100-cycles - qos:1 - size:1048576
2018-05-15_23:24:30:868- message received - id:0 - topic:mqtt-roundtrip-qos1-1MByte-100-cycles_2 - qos:0 - size:1048576
2018-05-15_23:24:30:869- message sent - id:8 - topic:mqtt-roundtrip-qos1-1MByte-100-cycles - qos:1 - size:1048576
2018-05-15_23:24:30:870- message sent - id:9 - topic:mqtt-roundtrip-qos1-1MByte-100-cycles - qos:1 - size:1048576
2018-05-15_23:24:30:871- message sent - id:10 - topic:mqtt-roundtrip-qos1-1MByte-100-cycles - qos:1 - size:1048576
2018-05-15_23:24:30:921- message sent - id:11 - topic:mqtt-roundtrip-qos1-1MByte-100-cycles - qos:1 - size:1048576
2018-05-15_23:24:31:038- message sent - id:12 - topic:mqtt-roundtrip-qos1-1MByte-100-cycles - qos:1 - size:1048576
2018-05-15_23:24:31:361- message received - id:0 - topic:mqtt-roundtrip-qos1-1MByte-100-cycles_2 - qos:0 - size:1048576
2018-05-15_23:24:31:362- message sent - id:13 - topic:mqtt-roundtrip-qos1-1MByte-100-cycles - qos:1 - size:1048576
2018-05-15_23:24:31:363- message sent - id:14 - topic:mqtt-roundtrip-qos1-1MByte-100-cycles - qos:1 - size:1048576
2018-05-15_23:24:31:378- message sent - id:15 - topic:mqtt-roundtrip-qos1-1MByte-100-cycles - qos:1 - size:1048576
2018-05-15_23:24:31:485- message sent - id:16 - topic:mqtt-roundtrip-qos1-1MByte-100-cycles - qos:1 - size:1048576
2018-05-15_23:24:31:844- message received - id:0 - topic:mqtt-roundtrip-qos1-1MByte-100-cycles_2 - qos:0 - size:1048576
2018-05-15_23:24:31:845- message sent - id:17 - topic:mqtt-roundtrip-qos1-1MByte-100-cycles - qos:1 - size:1048576
2018-05-15_23:24:31:846- message sent - id:18 - topic:mqtt-roundtrip-qos1-1MByte-100-cycles - qos:1 - size:1048576
2018-05-15_23:24:31:847- message sent - id:19 - topic:mqtt-roundtrip-qos1-1MByte-100-cycles - qos:1 - size:1048576
2018-05-15_23:24:31:930- message sent - id:20 - topic:mqtt-roundtrip-qos1-1MByte-100-cycles - qos:1 - size:1048576
2018-05-15_23:24:32:040- message sent - id:21 - topic:mqtt-roundtrip-qos1-1MByte-100-cycles - qos:1 - size:1048576
2018-05-15_23:24:32:371- message received - id:0 - topic:mqtt-roundtrip-qos1-1MByte-100-cycles_2 - qos:0 - size:1048576
2018-05-15_23:24:32:371- message sent - id:22 - topic:mqtt-roundtrip-qos1-1MByte-100-cycles - qos:1 - size:1048576
2018-05-15_23:24:32:372- message sent - id:23 - topic:mqtt-roundtrip-qos1-1MByte-100-cycles - qos:1 - size:1048576
2018-05-15_23:24:32:378- message sent - id:24 - topic:mqtt-roundtrip-qos1-1MByte-100-cycles - qos:1 - size:1048576
2018-05-15_23:24:32:477- message sent - id:25 - topic:mqtt-roundtrip-qos1-1MByte-100-cycles - qos:1 - size:1048576
2018-05-15_23:24:32:586- message sent - id:26 - topic:mqtt-roundtrip-qos1-1MByte-100-cycles - qos:1 - size:1048576
2018-05-15_23:24:32:918- message received - id:0 - topic:mqtt-roundtrip-qos1-1MByte-100-cycles_2 - qos:0 - size:1048576
2018-05-15_23:24:32:919- message sent - id:27 - topic:mqtt-roundtrip-qos1-1MByte-100-cycles - qos:1 - size:1048576
2018-05-15_23:24:32:920- message sent - id:28 - topic:mqtt-roundtrip-qos1-1MByte-100-cycles - qos:1 - size:1048576
2018-05-15_23:24:32:921- message sent - id:29 - topic:mqtt-roundtrip-qos1-1MByte-100-cycles - qos:1 - size:1048576
2018-05-15_23:24:33:024- message sent - id:30 - topic:mqtt-roundtrip-qos1-1MByte-100-cycles - qos:1 - size:1048576
2018-05-15_23:24:33:133- message sent - id:31 - topic:mqtt-roundtrip-qos1-1MByte-100-cycles - qos:1 - size:1048576
2018-05-15_23:24:33:476- message received - id:0 - topic:mqtt-roundtrip-qos1-1MByte-100-cycles_2 - qos:0 - size:1048576
2018-05-15_23:24:33:476- message sent - id:32 - topic:mqtt-roundtrip-qos1-1MByte-100-cycles - qos:1 - size:1048576
2018-05-15_23:24:33:477- message sent - id:33 - topic:mqtt-roundtrip-qos1-1MByte-100-cycles - qos:1 - size:1048576
2018-05-15_23:24:33:478- message sent - id:34 - topic:mqtt-roundtrip-qos1-1MByte-100-cycles - qos:1 - size:1048576
2018-05-15_23:24:33:563- message sent - id:35 - topic:mqtt-roundtrip-qos1-1MByte-100-cycles - qos:1 - size:1048576
2018-05-15_23:24:33:670- message sent - id:36 - topic:mqtt-roundtrip-qos1-1MByte-100-cycles - qos:1 - size:1048576
2018-05-15_23:24:34:069- message received - id:0 - topic:mqtt-roundtrip-qos1-1MByte-100-cycles_2 - qos:0 - size:1048576
2018-05-15_23:24:34:069- message sent - id:37 - topic:mqtt-roundtrip-qos1-1MByte-100-cycles - qos:1 - size:1048576
2018-05-15_23:24:34:070- message sent - id:38 - topic:mqtt-roundtrip-qos1-1MByte-100-cycles - qos:1 - size:1048576
2018-05-15_23:24:34:071- message sent - id:39 - topic:mqtt-roundtrip-qos1-1MByte-100-cycles - qos:1 - size:1048576
2018-05-15_23:24:34:094- message sent - id:40 - topic:mqtt-roundtrip-qos1-1MByte-100-cycles - qos:1 - size:1048576
2018-05-15_23:24:34:201- message sent - id:41 - topic:mqtt-roundtrip-qos1-1MByte-100-cycles - qos:1 - size:1048576
2018-05-15_23:24:34:307- message sent - id:42 - topic:mqtt-roundtrip-qos1-1MByte-100-cycles - qos:1 - size:1048576
2018-05-15_23:24:34:415- message sent - id:43 - topic:mqtt-roundtrip-qos1-1MByte-100-cycles - qos:1 - size:1048576
2018-05-15_23:24:34:743- message received - id:0 - topic:mqtt-roundtrip-qos1-1MByte-100-cycles_2 - qos:0 - size:1048576
2018-05-15_23:24:34:743- message sent - id:44 - topic:mqtt-roundtrip-qos1-1MByte-100-cycles - qos:1 - size:1048576
2018-05-15_23:24:34:744- message sent - id:45 - topic:mqtt-roundtrip-qos1-1MByte-100-cycles - qos:1 - size:1048576
2018-05-15_23:24:34:748- message sent - id:46 - topic:mqtt-roundtrip-qos1-1MByte-100-cycles - qos:1 - size:1048576
2018-05-15_23:24:34:851- message sent - id:47 - topic:mqtt-roundtrip-qos1-1MByte-100-cycles - qos:1 - size:1048576
2018-05-15_23:24:34:959- message sent - id:48 - topic:mqtt-roundtrip-qos1-1MByte-100-cycles - qos:1 - size:1048576
2018-05-15_23:24:35:280- message received - id:0 - topic:mqtt-roundtrip-qos1-1MByte-100-cycles_2 - qos:0 - size:1048576
2018-05-15_23:24:35:280- message sent - id:49 - topic:mqtt-roundtrip-qos1-1MByte-100-cycles - qos:1 - size:1048576
2018-05-15_23:24:35:281- message sent - id:50 - topic:mqtt-roundtrip-qos1-1MByte-100-cycles - qos:1 - size:1048576
2018-05-15_23:24:35:287- message sent - id:51 - topic:mqtt-roundtrip-qos1-1MByte-100-cycles - qos:1 - size:1048576
2018-05-15_23:24:35:398- message sent - id:52 - topic:mqtt-roundtrip-qos1-1MByte-100-cycles - qos:1 - size:1048576
2018-05-15_23:24:35:508- message sent - id:53 - topic:mqtt-roundtrip-qos1-1MByte-100-cycles - qos:1 - size:1048576
2018-05-15_23:24:35:832- message received - id:0 - topic:mqtt-roundtrip-qos1-1MByte-100-cycles_2 - qos:0 - size:1048576
2018-05-15_23:24:35:833- message sent - id:54 - topic:mqtt-roundtrip-qos1-1MByte-100-cycles - qos:1 - size:1048576
2018-05-15_23:24:35:834- message sent - id:55 - topic:mqtt-roundtrip-qos1-1MByte-100-cycles - qos:1 - size:1048576
2018-05-15_23:24:35:842- message sent - id:56 - topic:mqtt-roundtrip-qos1-1MByte-100-cycles - qos:1 - size:1048576
2018-05-15_23:24:35:944- message sent - id:57 - topic:mqtt-roundtrip-qos1-1MByte-100-cycles - qos:1 - size:1048576
2018-05-15_23:24:36:052- message sent - id:58 - topic:mqtt-roundtrip-qos1-1MByte-100-cycles - qos:1 - size:1048576
2018-05-15_23:24:36:400- message received - id:0 - topic:mqtt-roundtrip-qos1-1MByte-100-cycles_2 - qos:0 - size:1048576
2018-05-15_23:24:36:400- message sent - id:59 - topic:mqtt-roundtrip-qos1-1MByte-100-cycles - qos:1 - size:1048576
2018-05-15_23:24:36:401- message sent - id:60 - topic:mqtt-roundtrip-qos1-1MByte-100-cycles - qos:1 - size:1048576
2018-05-15_23:24:36:401- message sent - id:61 - topic:mqtt-roundtrip-qos1-1MByte-100-cycles - qos:1 - size:1048576
2018-05-15_23:24:36:488- message sent - id:62 - topic:mqtt-roundtrip-qos1-1MByte-100-cycles - qos:1 - size:1048576
2018-05-15_23:24:36:599- message sent - id:63 - topic:mqtt-roundtrip-qos1-1MByte-100-cycles - qos:1 - size:1048576
2018-05-15_23:24:36:926- message received - id:0 - topic:mqtt-roundtrip-qos1-1MByte-100-cycles_2 - qos:0 - size:1048576
2018-05-15_23:24:36:926- message sent - id:64 - topic:mqtt-roundtrip-qos1-1MByte-100-cycles - qos:1 - size:1048576
2018-05-15_23:24:36:927- message sent - id:65 - topic:mqtt-roundtrip-qos1-1MByte-100-cycles - qos:1 - size:1048576
2018-05-15_23:24:36:934- message sent - id:66 - topic:mqtt-roundtrip-qos1-1MByte-100-cycles - qos:1 - size:1048576
2018-05-15_23:24:37:039- message sent - id:67 - topic:mqtt-roundtrip-qos1-1MByte-100-cycles - qos:1 - size:1048576
2018-05-15_23:24:37:149- message sent - id:68 - topic:mqtt-roundtrip-qos1-1MByte-100-cycles - qos:1 - size:1048576
2018-05-15_23:24:37:563- message received - id:0 - topic:mqtt-roundtrip-qos1-1MByte-100-cycles_2 - qos:0 - size:1048576
2018-05-15_23:24:37:563- message sent - id:69 - topic:mqtt-roundtrip-qos1-1MByte-100-cycles - qos:1 - size:1048576
2018-05-15_23:24:37:564- message sent - id:70 - topic:mqtt-roundtrip-qos1-1MByte-100-cycles - qos:1 - size:1048576
2018-05-15_23:24:37:565- message sent - id:71 - topic:mqtt-roundtrip-qos1-1MByte-100-cycles - qos:1 - size:1048576
2018-05-15_23:24:37:586- message sent - id:72 - topic:mqtt-roundtrip-qos1-1MByte-100-cycles - qos:1 - size:1048576
2018-05-15_23:24:37:695- message sent - id:73 - topic:mqtt-roundtrip-qos1-1MByte-100-cycles - qos:1 - size:1048576
2018-05-15_23:24:38:113- message received - id:0 - topic:mqtt-roundtrip-qos1-1MByte-100-cycles_2 - qos:0 - size:1048576
2018-05-15_23:24:38:113- message sent - id:74 - topic:mqtt-roundtrip-qos1-1MByte-100-cycles - qos:1 - size:1048576
2018-05-15_23:24:38:114- message sent - id:75 - topic:mqtt-roundtrip-qos1-1MByte-100-cycles - qos:1 - size:1048576
2018-05-15_23:24:38:115- message sent - id:76 - topic:mqtt-roundtrip-qos1-1MByte-100-cycles - qos:1 - size:1048576
2018-05-15_23:24:38:136- message sent - id:77 - topic:mqtt-roundtrip-qos1-1MByte-100-cycles - qos:1 - size:1048576
2018-05-15_23:24:38:640- message received - id:0 - topic:mqtt-roundtrip-qos1-1MByte-100-cycles_2 - qos:0 - size:1048576
2018-05-15_23:24:38:641- message sent - id:78 - topic:mqtt-roundtrip-qos1-1MByte-100-cycles - qos:1 - size:1048576
2018-05-15_23:24:38:641- message sent - id:79 - topic:mqtt-roundtrip-qos1-1MByte-100-cycles - qos:1 - size:1048576
2018-05-15_23:24:38:642- message sent - id:80 - topic:mqtt-roundtrip-qos1-1MByte-100-cycles - qos:1 - size:1048576
2018-05-15_23:24:38:643- message sent - id:81 - topic:mqtt-roundtrip-qos1-1MByte-100-cycles - qos:1 - size:1048576
2018-05-15_23:24:38:681- message sent - id:82 - topic:mqtt-roundtrip-qos1-1MByte-100-cycles - qos:1 - size:1048576
2018-05-15_23:24:38:791- message sent - id:83 - topic:mqtt-roundtrip-qos1-1MByte-100-cycles - qos:1 - size:1048576
2018-05-15_23:24:39:227- message received - id:0 - topic:mqtt-roundtrip-qos1-1MByte-100-cycles_2 - qos:0 - size:1048576
2018-05-15_23:24:39:228- message sent - id:84 - topic:mqtt-roundtrip-qos1-1MByte-100-cycles - qos:1 - size:1048576
2018-05-15_23:24:39:228- message sent - id:85 - topic:mqtt-roundtrip-qos1-1MByte-100-cycles - qos:1 - size:1048576
2018-05-15_23:24:39:228- message sent - id:86 - topic:mqtt-roundtrip-qos1-1MByte-100-cycles - qos:1 - size:1048576
2018-05-15_23:24:39:228- message sent - id:87 - topic:mqtt-roundtrip-qos1-1MByte-100-cycles - qos:1 - size:1048576
2018-05-15_23:24:39:327- message sent - id:88 - topic:mqtt-roundtrip-qos1-1MByte-100-cycles - qos:1 - size:1048576
2018-05-15_23:24:39:853- message received - id:0 - topic:mqtt-roundtrip-qos1-1MByte-100-cycles_2 - qos:0 - size:1048576
2018-05-15_23:24:39:853- message sent - id:89 - topic:mqtt-roundtrip-qos1-1MByte-100-cycles - qos:1 - size:1048576
2018-05-15_23:24:39:853- message sent - id:90 - topic:mqtt-roundtrip-qos1-1MByte-100-cycles - qos:1 - size:1048576
2018-05-15_23:24:39:853- message sent - id:91 - topic:mqtt-roundtrip-qos1-1MByte-100-cycles - qos:1 - size:1048576
2018-05-15_23:24:39:854- message sent - id:92 - topic:mqtt-roundtrip-qos1-1MByte-100-cycles - qos:1 - size:1048576
2018-05-15_23:24:40:315- message received - id:0 - topic:mqtt-roundtrip-qos1-1MByte-100-cycles_2 - qos:0 - size:1048576
2018-05-15_23:24:40:315- message sent - id:93 - topic:mqtt-roundtrip-qos1-1MByte-100-cycles - qos:1 - size:1048576
2018-05-15_23:24:40:315- message sent - id:94 - topic:mqtt-roundtrip-qos1-1MByte-100-cycles - qos:1 - size:1048576
2018-05-15_23:24:40:316- message sent - id:95 - topic:mqtt-roundtrip-qos1-1MByte-100-cycles - qos:1 - size:1048576
2018-05-15_23:24:40:316- message sent - id:96 - topic:mqtt-roundtrip-qos1-1MByte-100-cycles - qos:1 - size:1048576
2018-05-15_23:24:40:337- message sent - id:97 - topic:mqtt-roundtrip-qos1-1MByte-100-cycles - qos:1 - size:1048576
2018-05-15_23:24:40:790- message received - id:0 - topic:mqtt-roundtrip-qos1-1MByte-100-cycles_2 - qos:0 - size:1048576
2018-05-15_23:24:40:790- message sent - id:98 - topic:mqtt-roundtrip-qos1-1MByte-100-cycles - qos:1 - size:1048576
2018-05-15_23:24:40:790- message sent - id:99 - topic:mqtt-roundtrip-qos1-1MByte-100-cycles - qos:1 - size:1048576
2018-05-15_23:24:40:790- message sent - id:100 - topic:mqtt-roundtrip-qos1-1MByte-100-cycles - qos:1 - size:1048576
2018-05-15_23:24:40:815- message sent - id:101 - topic:mqtt-roundtrip-qos1-1MByte-100-cycles - qos:1 - size:1048576
