2018-05-15_23:19:44:544- connecting to broker 192.168.1.100:1883
2018-05-15_23:19:44:545- Subscribing to topic mqtt-roundtrip-qos2-100KByte-100-cycles_2
2018-05-15_23:19:44:546- subscribe returned (0, 1)
2018-05-15_23:19:44:546- Client connected to broker
2018-05-15_23:19:49:187- Performing message publishing for 100 cycles
2018-05-15_23:19:49:363- message sent - id:2 - topic:mqtt-roundtrip-qos2-100KByte-100-cycles - qos:2 - size:102400
2018-05-15_23:19:49:363- message sent - id:3 - topic:mqtt-roundtrip-qos2-100KByte-100-cycles - qos:2 - size:102400
2018-05-15_23:19:49:366- message sent - id:4 - topic:mqtt-roundtrip-qos2-100KByte-100-cycles - qos:2 - size:102400
2018-05-15_23:19:49:366- message sent - id:5 - topic:mqtt-roundtrip-qos2-100KByte-100-cycles - qos:2 - size:102400
2018-05-15_23:19:49:366- message sent - id:6 - topic:mqtt-roundtrip-qos2-100KByte-100-cycles - qos:2 - size:102400
2018-05-15_23:19:49:366- message sent - id:7 - topic:mqtt-roundtrip-qos2-100KByte-100-cycles - qos:2 - size:102400
2018-05-15_23:19:49:367- message sent - id:8 - topic:mqtt-roundtrip-qos2-100KByte-100-cycles - qos:2 - size:102400
2018-05-15_23:19:49:373- message sent - id:9 - topic:mqtt-roundtrip-qos2-100KByte-100-cycles - qos:2 - size:102400
2018-05-15_23:19:49:373- message sent - id:10 - topic:mqtt-roundtrip-qos2-100KByte-100-cycles - qos:2 - size:102400
2018-05-15_23:19:49:374- message sent - id:11 - topic:mqtt-roundtrip-qos2-100KByte-100-cycles - qos:2 - size:102400
2018-05-15_23:19:49:374- message sent - id:12 - topic:mqtt-roundtrip-qos2-100KByte-100-cycles - qos:2 - size:102400
2018-05-15_23:19:49:375- message sent - id:13 - topic:mqtt-roundtrip-qos2-100KByte-100-cycles - qos:2 - size:102400
2018-05-15_23:19:49:375- message sent - id:14 - topic:mqtt-roundtrip-qos2-100KByte-100-cycles - qos:2 - size:102400
2018-05-15_23:19:49:375- message sent - id:15 - topic:mqtt-roundtrip-qos2-100KByte-100-cycles - qos:2 - size:102400
2018-05-15_23:19:49:376- message sent - id:16 - topic:mqtt-roundtrip-qos2-100KByte-100-cycles - qos:2 - size:102400
2018-05-15_23:19:49:376- message sent - id:17 - topic:mqtt-roundtrip-qos2-100KByte-100-cycles - qos:2 - size:102400
2018-05-15_23:19:49:376- message sent - id:18 - topic:mqtt-roundtrip-qos2-100KByte-100-cycles - qos:2 - size:102400
2018-05-15_23:19:49:376- message sent - id:19 - topic:mqtt-roundtrip-qos2-100KByte-100-cycles - qos:2 - size:102400
2018-05-15_23:19:49:377- message sent - id:20 - topic:mqtt-roundtrip-qos2-100KByte-100-cycles - qos:2 - size:102400
2018-05-15_23:19:49:377- message sent - id:21 - topic:mqtt-roundtrip-qos2-100KByte-100-cycles - qos:2 - size:102400
2018-05-15_23:19:49:448- message received - id:0 - topic:mqtt-roundtrip-qos2-100KByte-100-cycles_2 - qos:0 - size:102400
2018-05-15_23:19:49:483- message received - id:0 - topic:mqtt-roundtrip-qos2-100KByte-100-cycles_2 - qos:0 - size:102400
2018-05-15_23:19:49:508- message received - id:0 - topic:mqtt-roundtrip-qos2-100KByte-100-cycles_2 - qos:0 - size:102400
2018-05-15_23:19:49:556- message received - id:0 - topic:mqtt-roundtrip-qos2-100KByte-100-cycles_2 - qos:0 - size:102400
2018-05-15_23:19:49:590- message received - id:0 - topic:mqtt-roundtrip-qos2-100KByte-100-cycles_2 - qos:0 - size:102400
2018-05-15_23:19:49:631- message received - id:0 - topic:mqtt-roundtrip-qos2-100KByte-100-cycles_2 - qos:0 - size:102400
2018-05-15_23:19:49:631- message sent - id:22 - topic:mqtt-roundtrip-qos2-100KByte-100-cycles - qos:2 - size:102400
2018-05-15_23:19:49:631- message sent - id:23 - topic:mqtt-roundtrip-qos2-100KByte-100-cycles - qos:2 - size:102400
2018-05-15_23:19:49:631- message sent - id:24 - topic:mqtt-roundtrip-qos2-100KByte-100-cycles - qos:2 - size:102400
2018-05-15_23:19:49:631- message sent - id:25 - topic:mqtt-roundtrip-qos2-100KByte-100-cycles - qos:2 - size:102400
2018-05-15_23:19:49:631- message sent - id:26 - topic:mqtt-roundtrip-qos2-100KByte-100-cycles - qos:2 - size:102400
2018-05-15_23:19:49:632- message sent - id:27 - topic:mqtt-roundtrip-qos2-100KByte-100-cycles - qos:2 - size:102400
2018-05-15_23:19:49:632- message sent - id:28 - topic:mqtt-roundtrip-qos2-100KByte-100-cycles - qos:2 - size:102400
2018-05-15_23:19:49:632- message sent - id:29 - topic:mqtt-roundtrip-qos2-100KByte-100-cycles - qos:2 - size:102400
2018-05-15_23:19:49:632- message sent - id:30 - topic:mqtt-roundtrip-qos2-100KByte-100-cycles - qos:2 - size:102400
2018-05-15_23:19:49:632- message sent - id:31 - topic:mqtt-roundtrip-qos2-100KByte-100-cycles - qos:2 - size:102400
2018-05-15_23:19:49:633- message sent - id:32 - topic:mqtt-roundtrip-qos2-100KByte-100-cycles - qos:2 - size:102400
2018-05-15_23:19:49:633- message sent - id:33 - topic:mqtt-roundtrip-qos2-100KByte-100-cycles - qos:2 - size:102400
2018-05-15_23:19:49:660- message received - id:0 - topic:mqtt-roundtrip-qos2-100KByte-100-cycles_2 - qos:0 - size:102400
2018-05-15_23:19:49:660- message sent - id:34 - topic:mqtt-roundtrip-qos2-100KByte-100-cycles - qos:2 - size:102400
2018-05-15_23:19:49:661- message sent - id:35 - topic:mqtt-roundtrip-qos2-100KByte-100-cycles - qos:2 - size:102400
2018-05-15_23:19:49:661- message sent - id:36 - topic:mqtt-roundtrip-qos2-100KByte-100-cycles - qos:2 - size:102400
2018-05-15_23:19:49:661- message sent - id:37 - topic:mqtt-roundtrip-qos2-100KByte-100-cycles - qos:2 - size:102400
2018-05-15_23:19:49:661- message sent - id:38 - topic:mqtt-roundtrip-qos2-100KByte-100-cycles - qos:2 - size:102400
2018-05-15_23:19:49:661- message sent - id:39 - topic:mqtt-roundtrip-qos2-100KByte-100-cycles - qos:2 - size:102400
2018-05-15_23:19:49:661- message sent - id:40 - topic:mqtt-roundtrip-qos2-100KByte-100-cycles - qos:2 - size:102400
2018-05-15_23:19:49:690- message received - id:0 - topic:mqtt-roundtrip-qos2-100KByte-100-cycles_2 - qos:0 - size:102400
2018-05-15_23:19:49:718- message received - id:0 - topic:mqtt-roundtrip-qos2-100KByte-100-cycles_2 - qos:0 - size:102400
2018-05-15_23:19:49:747- message received - id:0 - topic:mqtt-roundtrip-qos2-100KByte-100-cycles_2 - qos:0 - size:102400
2018-05-15_23:19:49:747- message sent - id:41 - topic:mqtt-roundtrip-qos2-100KByte-100-cycles - qos:2 - size:102400
2018-05-15_23:19:49:776- message received - id:0 - topic:mqtt-roundtrip-qos2-100KByte-100-cycles_2 - qos:0 - size:102400
2018-05-15_23:19:49:805- message received - id:0 - topic:mqtt-roundtrip-qos2-100KByte-100-cycles_2 - qos:0 - size:102400
2018-05-15_23:19:49:835- message received - id:0 - topic:mqtt-roundtrip-qos2-100KByte-100-cycles_2 - qos:0 - size:102400
2018-05-15_23:19:49:864- message received - id:0 - topic:mqtt-roundtrip-qos2-100KByte-100-cycles_2 - qos:0 - size:102400
2018-05-15_23:19:49:894- message received - id:0 - topic:mqtt-roundtrip-qos2-100KByte-100-cycles_2 - qos:0 - size:102400
2018-05-15_23:19:49:924- message received - id:0 - topic:mqtt-roundtrip-qos2-100KByte-100-cycles_2 - qos:0 - size:102400
2018-05-15_23:19:49:953- message received - id:0 - topic:mqtt-roundtrip-qos2-100KByte-100-cycles_2 - qos:0 - size:102400
2018-05-15_23:19:49:981- message received - id:0 - topic:mqtt-roundtrip-qos2-100KByte-100-cycles_2 - qos:0 - size:102400
2018-05-15_23:19:50:009- message received - id:0 - topic:mqtt-roundtrip-qos2-100KByte-100-cycles_2 - qos:0 - size:102400
2018-05-15_23:19:50:038- message received - id:0 - topic:mqtt-roundtrip-qos2-100KByte-100-cycles_2 - qos:0 - size:102400
2018-05-15_23:19:50:071- message received - id:0 - topic:mqtt-roundtrip-qos2-100KByte-100-cycles_2 - qos:0 - size:102400
2018-05-15_23:19:50:071- message sent - id:42 - topic:mqtt-roundtrip-qos2-100KByte-100-cycles - qos:2 - size:102400
2018-05-15_23:19:50:071- message sent - id:43 - topic:mqtt-roundtrip-qos2-100KByte-100-cycles - qos:2 - size:102400
2018-05-15_23:19:50:071- message sent - id:44 - topic:mqtt-roundtrip-qos2-100KByte-100-cycles - qos:2 - size:102400
2018-05-15_23:19:50:072- message sent - id:45 - topic:mqtt-roundtrip-qos2-100KByte-100-cycles - qos:2 - size:102400
2018-05-15_23:19:50:072- message sent - id:46 - topic:mqtt-roundtrip-qos2-100KByte-100-cycles - qos:2 - size:102400
2018-05-15_23:19:50:072- message sent - id:47 - topic:mqtt-roundtrip-qos2-100KByte-100-cycles - qos:2 - size:102400
2018-05-15_23:19:50:072- message sent - id:48 - topic:mqtt-roundtrip-qos2-100KByte-100-cycles - qos:2 - size:102400
2018-05-15_23:19:50:072- message sent - id:49 - topic:mqtt-roundtrip-qos2-100KByte-100-cycles - qos:2 - size:102400
2018-05-15_23:19:50:072- message sent - id:50 - topic:mqtt-roundtrip-qos2-100KByte-100-cycles - qos:2 - size:102400
2018-05-15_23:19:50:073- message sent - id:51 - topic:mqtt-roundtrip-qos2-100KByte-100-cycles - qos:2 - size:102400
2018-05-15_23:19:50:099- message received - id:0 - topic:mqtt-roundtrip-qos2-100KByte-100-cycles_2 - qos:0 - size:102400
2018-05-15_23:19:50:128- message received - id:0 - topic:mqtt-roundtrip-qos2-100KByte-100-cycles_2 - qos:0 - size:102400
2018-05-15_23:19:50:128- message sent - id:52 - topic:mqtt-roundtrip-qos2-100KByte-100-cycles - qos:2 - size:102400
2018-05-15_23:19:50:158- message received - id:0 - topic:mqtt-roundtrip-qos2-100KByte-100-cycles_2 - qos:0 - size:102400
2018-05-15_23:19:50:158- message sent - id:53 - topic:mqtt-roundtrip-qos2-100KByte-100-cycles - qos:2 - size:102400
2018-05-15_23:19:50:187- message received - id:0 - topic:mqtt-roundtrip-qos2-100KByte-100-cycles_2 - qos:0 - size:102400
2018-05-15_23:19:50:213- message received - id:0 - topic:mqtt-roundtrip-qos2-100KByte-100-cycles_2 - qos:0 - size:102400
2018-05-15_23:19:50:213- message sent - id:54 - topic:mqtt-roundtrip-qos2-100KByte-100-cycles - qos:2 - size:102400
2018-05-15_23:19:50:231- message received - id:0 - topic:mqtt-roundtrip-qos2-100KByte-100-cycles_2 - qos:0 - size:102400
2018-05-15_23:19:50:232- message sent - id:55 - topic:mqtt-roundtrip-qos2-100KByte-100-cycles - qos:2 - size:102400
2018-05-15_23:19:50:247- message received - id:0 - topic:mqtt-roundtrip-qos2-100KByte-100-cycles_2 - qos:0 - size:102400
2018-05-15_23:19:50:262- message received - id:0 - topic:mqtt-roundtrip-qos2-100KByte-100-cycles_2 - qos:0 - size:102400
2018-05-15_23:19:50:262- message sent - id:56 - topic:mqtt-roundtrip-qos2-100KByte-100-cycles - qos:2 - size:102400
2018-05-15_23:19:50:277- message received - id:0 - topic:mqtt-roundtrip-qos2-100KByte-100-cycles_2 - qos:0 - size:102400
2018-05-15_23:19:50:277- message sent - id:57 - topic:mqtt-roundtrip-qos2-100KByte-100-cycles - qos:2 - size:102400
2018-05-15_23:19:50:289- message received - id:0 - topic:mqtt-roundtrip-qos2-100KByte-100-cycles_2 - qos:0 - size:102400
2018-05-15_23:19:50:304- message received - id:0 - topic:mqtt-roundtrip-qos2-100KByte-100-cycles_2 - qos:0 - size:102400
2018-05-15_23:19:50:315- message received - id:0 - topic:mqtt-roundtrip-qos2-100KByte-100-cycles_2 - qos:0 - size:102400
2018-05-15_23:19:50:315- message sent - id:58 - topic:mqtt-roundtrip-qos2-100KByte-100-cycles - qos:2 - size:102400
2018-05-15_23:19:50:326- message received - id:0 - topic:mqtt-roundtrip-qos2-100KByte-100-cycles_2 - qos:0 - size:102400
2018-05-15_23:19:50:336- message received - id:0 - topic:mqtt-roundtrip-qos2-100KByte-100-cycles_2 - qos:0 - size:102400
2018-05-15_23:19:50:347- message received - id:0 - topic:mqtt-roundtrip-qos2-100KByte-100-cycles_2 - qos:0 - size:102400
2018-05-15_23:19:50:347- message sent - id:59 - topic:mqtt-roundtrip-qos2-100KByte-100-cycles - qos:2 - size:102400
2018-05-15_23:19:50:356- message received - id:0 - topic:mqtt-roundtrip-qos2-100KByte-100-cycles_2 - qos:0 - size:102400
2018-05-15_23:19:50:356- message sent - id:60 - topic:mqtt-roundtrip-qos2-100KByte-100-cycles - qos:2 - size:102400
2018-05-15_23:19:50:365- message received - id:0 - topic:mqtt-roundtrip-qos2-100KByte-100-cycles_2 - qos:0 - size:102400
2018-05-15_23:19:50:374- message received - id:0 - topic:mqtt-roundtrip-qos2-100KByte-100-cycles_2 - qos:0 - size:102400
2018-05-15_23:19:50:384- message received - id:0 - topic:mqtt-roundtrip-qos2-100KByte-100-cycles_2 - qos:0 - size:102400
2018-05-15_23:19:50:384- message sent - id:61 - topic:mqtt-roundtrip-qos2-100KByte-100-cycles - qos:2 - size:102400
2018-05-15_23:19:50:393- message received - id:0 - topic:mqtt-roundtrip-qos2-100KByte-100-cycles_2 - qos:0 - size:102400
2018-05-15_23:19:50:403- message received - id:0 - topic:mqtt-roundtrip-qos2-100KByte-100-cycles_2 - qos:0 - size:102400
2018-05-15_23:19:50:412- message received - id:0 - topic:mqtt-roundtrip-qos2-100KByte-100-cycles_2 - qos:0 - size:102400
2018-05-15_23:19:50:421- message received - id:0 - topic:mqtt-roundtrip-qos2-100KByte-100-cycles_2 - qos:0 - size:102400
2018-05-15_23:19:50:430- message received - id:0 - topic:mqtt-roundtrip-qos2-100KByte-100-cycles_2 - qos:0 - size:102400
2018-05-15_23:19:50:439- message received - id:0 - topic:mqtt-roundtrip-qos2-100KByte-100-cycles_2 - qos:0 - size:102400
2018-05-15_23:19:50:453- message received - id:0 - topic:mqtt-roundtrip-qos2-100KByte-100-cycles_2 - qos:0 - size:102400
2018-05-15_23:19:50:468- message received - id:0 - topic:mqtt-roundtrip-qos2-100KByte-100-cycles_2 - qos:0 - size:102400
2018-05-15_23:19:50:485- message received - id:0 - topic:mqtt-roundtrip-qos2-100KByte-100-cycles_2 - qos:0 - size:102400
2018-05-15_23:19:50:501- message received - id:0 - topic:mqtt-roundtrip-qos2-100KByte-100-cycles_2 - qos:0 - size:102400
2018-05-15_23:19:50:517- message received - id:0 - topic:mqtt-roundtrip-qos2-100KByte-100-cycles_2 - qos:0 - size:102400
2018-05-15_23:19:50:533- message received - id:0 - topic:mqtt-roundtrip-qos2-100KByte-100-cycles_2 - qos:0 - size:102400
2018-05-15_23:19:50:548- message received - id:0 - topic:mqtt-roundtrip-qos2-100KByte-100-cycles_2 - qos:0 - size:102400
2018-05-15_23:19:50:565- message received - id:0 - topic:mqtt-roundtrip-qos2-100KByte-100-cycles_2 - qos:0 - size:102400
2018-05-15_23:19:50:581- message received - id:0 - topic:mqtt-roundtrip-qos2-100KByte-100-cycles_2 - qos:0 - size:102400
2018-05-15_23:19:50:597- message received - id:0 - topic:mqtt-roundtrip-qos2-100KByte-100-cycles_2 - qos:0 - size:102400
2018-05-15_23:19:50:613- message received - id:0 - topic:mqtt-roundtrip-qos2-100KByte-100-cycles_2 - qos:0 - size:102400
2018-05-15_23:19:50:629- message received - id:0 - topic:mqtt-roundtrip-qos2-100KByte-100-cycles_2 - qos:0 - size:102400
2018-05-15_23:19:50:645- message received - id:0 - topic:mqtt-roundtrip-qos2-100KByte-100-cycles_2 - qos:0 - size:102400
2018-05-15_23:19:50:661- message received - id:0 - topic:mqtt-roundtrip-qos2-100KByte-100-cycles_2 - qos:0 - size:102400
2018-05-15_23:19:50:661- message sent - id:62 - topic:mqtt-roundtrip-qos2-100KByte-100-cycles - qos:2 - size:102400
2018-05-15_23:19:50:661- message sent - id:63 - topic:mqtt-roundtrip-qos2-100KByte-100-cycles - qos:2 - size:102400
2018-05-15_23:19:50:662- message sent - id:64 - topic:mqtt-roundtrip-qos2-100KByte-100-cycles - qos:2 - size:102400
2018-05-15_23:19:50:662- message sent - id:65 - topic:mqtt-roundtrip-qos2-100KByte-100-cycles - qos:2 - size:102400
2018-05-15_23:19:50:662- message sent - id:66 - topic:mqtt-roundtrip-qos2-100KByte-100-cycles - qos:2 - size:102400
2018-05-15_23:19:50:662- message sent - id:67 - topic:mqtt-roundtrip-qos2-100KByte-100-cycles - qos:2 - size:102400
2018-05-15_23:19:50:662- message sent - id:68 - topic:mqtt-roundtrip-qos2-100KByte-100-cycles - qos:2 - size:102400
2018-05-15_23:19:50:677- message received - id:0 - topic:mqtt-roundtrip-qos2-100KByte-100-cycles_2 - qos:0 - size:102400
2018-05-15_23:19:50:677- message sent - id:69 - topic:mqtt-roundtrip-qos2-100KByte-100-cycles - qos:2 - size:102400
2018-05-15_23:19:50:695- message received - id:0 - topic:mqtt-roundtrip-qos2-100KByte-100-cycles_2 - qos:0 - size:102400
2018-05-15_23:19:50:695- message sent - id:70 - topic:mqtt-roundtrip-qos2-100KByte-100-cycles - qos:2 - size:102400
2018-05-15_23:19:50:695- message sent - id:71 - topic:mqtt-roundtrip-qos2-100KByte-100-cycles - qos:2 - size:102400
2018-05-15_23:19:50:712- message received - id:0 - topic:mqtt-roundtrip-qos2-100KByte-100-cycles_2 - qos:0 - size:102400
2018-05-15_23:19:50:712- message sent - id:72 - topic:mqtt-roundtrip-qos2-100KByte-100-cycles - qos:2 - size:102400
2018-05-15_23:19:50:729- message received - id:0 - topic:mqtt-roundtrip-qos2-100KByte-100-cycles_2 - qos:0 - size:102400
2018-05-15_23:19:50:745- message received - id:0 - topic:mqtt-roundtrip-qos2-100KByte-100-cycles_2 - qos:0 - size:102400
2018-05-15_23:19:50:745- message sent - id:73 - topic:mqtt-roundtrip-qos2-100KByte-100-cycles - qos:2 - size:102400
2018-05-15_23:19:50:745- message sent - id:74 - topic:mqtt-roundtrip-qos2-100KByte-100-cycles - qos:2 - size:102400
2018-05-15_23:19:50:762- message received - id:0 - topic:mqtt-roundtrip-qos2-100KByte-100-cycles_2 - qos:0 - size:102400
2018-05-15_23:19:50:762- message sent - id:75 - topic:mqtt-roundtrip-qos2-100KByte-100-cycles - qos:2 - size:102400
2018-05-15_23:19:50:779- message received - id:0 - topic:mqtt-roundtrip-qos2-100KByte-100-cycles_2 - qos:0 - size:102400
2018-05-15_23:19:50:779- message sent - id:76 - topic:mqtt-roundtrip-qos2-100KByte-100-cycles - qos:2 - size:102400
2018-05-15_23:19:50:795- message received - id:0 - topic:mqtt-roundtrip-qos2-100KByte-100-cycles_2 - qos:0 - size:102400
2018-05-15_23:19:50:795- message sent - id:77 - topic:mqtt-roundtrip-qos2-100KByte-100-cycles - qos:2 - size:102400
2018-05-15_23:19:50:813- message received - id:0 - topic:mqtt-roundtrip-qos2-100KByte-100-cycles_2 - qos:0 - size:102400
2018-05-15_23:19:50:813- message sent - id:78 - topic:mqtt-roundtrip-qos2-100KByte-100-cycles - qos:2 - size:102400
2018-05-15_23:19:50:813- message sent - id:79 - topic:mqtt-roundtrip-qos2-100KByte-100-cycles - qos:2 - size:102400
2018-05-15_23:19:50:830- message received - id:0 - topic:mqtt-roundtrip-qos2-100KByte-100-cycles_2 - qos:0 - size:102400
2018-05-15_23:19:50:830- message sent - id:80 - topic:mqtt-roundtrip-qos2-100KByte-100-cycles - qos:2 - size:102400
2018-05-15_23:19:50:830- message sent - id:81 - topic:mqtt-roundtrip-qos2-100KByte-100-cycles - qos:2 - size:102400
2018-05-15_23:19:50:846- message received - id:0 - topic:mqtt-roundtrip-qos2-100KByte-100-cycles_2 - qos:0 - size:102400
2018-05-15_23:19:50:860- message received - id:0 - topic:mqtt-roundtrip-qos2-100KByte-100-cycles_2 - qos:0 - size:102400
2018-05-15_23:19:50:869- message received - id:0 - topic:mqtt-roundtrip-qos2-100KByte-100-cycles_2 - qos:0 - size:102400
2018-05-15_23:19:50:878- message received - id:0 - topic:mqtt-roundtrip-qos2-100KByte-100-cycles_2 - qos:0 - size:102400
2018-05-15_23:19:50:887- message received - id:0 - topic:mqtt-roundtrip-qos2-100KByte-100-cycles_2 - qos:0 - size:102400
2018-05-15_23:19:50:896- message received - id:0 - topic:mqtt-roundtrip-qos2-100KByte-100-cycles_2 - qos:0 - size:102400
2018-05-15_23:19:50:905- message received - id:0 - topic:mqtt-roundtrip-qos2-100KByte-100-cycles_2 - qos:0 - size:102400
2018-05-15_23:19:50:914- message received - id:0 - topic:mqtt-roundtrip-qos2-100KByte-100-cycles_2 - qos:0 - size:102400
2018-05-15_23:19:50:923- message received - id:0 - topic:mqtt-roundtrip-qos2-100KByte-100-cycles_2 - qos:0 - size:102400
2018-05-15_23:19:50:931- message received - id:0 - topic:mqtt-roundtrip-qos2-100KByte-100-cycles_2 - qos:0 - size:102400
2018-05-15_23:19:50:953- message sent - id:82 - topic:mqtt-roundtrip-qos2-100KByte-100-cycles - qos:2 - size:102400
2018-05-15_23:19:50:953- message sent - id:83 - topic:mqtt-roundtrip-qos2-100KByte-100-cycles - qos:2 - size:102400
2018-05-15_23:19:50:953- message sent - id:84 - topic:mqtt-roundtrip-qos2-100KByte-100-cycles - qos:2 - size:102400
2018-05-15_23:19:50:954- message sent - id:85 - topic:mqtt-roundtrip-qos2-100KByte-100-cycles - qos:2 - size:102400
2018-05-15_23:19:50:954- message sent - id:86 - topic:mqtt-roundtrip-qos2-100KByte-100-cycles - qos:2 - size:102400
2018-05-15_23:19:50:954- message sent - id:87 - topic:mqtt-roundtrip-qos2-100KByte-100-cycles - qos:2 - size:102400
2018-05-15_23:19:50:954- message sent - id:88 - topic:mqtt-roundtrip-qos2-100KByte-100-cycles - qos:2 - size:102400
2018-05-15_23:19:50:954- message sent - id:89 - topic:mqtt-roundtrip-qos2-100KByte-100-cycles - qos:2 - size:102400
2018-05-15_23:19:50:954- message sent - id:90 - topic:mqtt-roundtrip-qos2-100KByte-100-cycles - qos:2 - size:102400
2018-05-15_23:19:50:954- message sent - id:91 - topic:mqtt-roundtrip-qos2-100KByte-100-cycles - qos:2 - size:102400
2018-05-15_23:19:50:954- message sent - id:92 - topic:mqtt-roundtrip-qos2-100KByte-100-cycles - qos:2 - size:102400
2018-05-15_23:19:50:954- message sent - id:93 - topic:mqtt-roundtrip-qos2-100KByte-100-cycles - qos:2 - size:102400
2018-05-15_23:19:50:954- message sent - id:94 - topic:mqtt-roundtrip-qos2-100KByte-100-cycles - qos:2 - size:102400
2018-05-15_23:19:50:954- message sent - id:95 - topic:mqtt-roundtrip-qos2-100KByte-100-cycles - qos:2 - size:102400
2018-05-15_23:19:50:968- message received - id:0 - topic:mqtt-roundtrip-qos2-100KByte-100-cycles_2 - qos:0 - size:102400
2018-05-15_23:19:50:984- message received - id:0 - topic:mqtt-roundtrip-qos2-100KByte-100-cycles_2 - qos:0 - size:102400
2018-05-15_23:19:50:984- message sent - id:96 - topic:mqtt-roundtrip-qos2-100KByte-100-cycles - qos:2 - size:102400
2018-05-15_23:19:50:984- message sent - id:97 - topic:mqtt-roundtrip-qos2-100KByte-100-cycles - qos:2 - size:102400
2018-05-15_23:19:50:984- message sent - id:98 - topic:mqtt-roundtrip-qos2-100KByte-100-cycles - qos:2 - size:102400
2018-05-15_23:19:50:984- message sent - id:99 - topic:mqtt-roundtrip-qos2-100KByte-100-cycles - qos:2 - size:102400
2018-05-15_23:19:50:984- message sent - id:100 - topic:mqtt-roundtrip-qos2-100KByte-100-cycles - qos:2 - size:102400
2018-05-15_23:19:50:984- message sent - id:101 - topic:mqtt-roundtrip-qos2-100KByte-100-cycles - qos:2 - size:102400
2018-05-15_23:19:50:999- message received - id:0 - topic:mqtt-roundtrip-qos2-100KByte-100-cycles_2 - qos:0 - size:102400
2018-05-15_23:19:51:015- message received - id:0 - topic:mqtt-roundtrip-qos2-100KByte-100-cycles_2 - qos:0 - size:102400
2018-05-15_23:19:51:042- message received - id:0 - topic:mqtt-roundtrip-qos2-100KByte-100-cycles_2 - qos:0 - size:102400
2018-05-15_23:19:51:057- message received - id:0 - topic:mqtt-roundtrip-qos2-100KByte-100-cycles_2 - qos:0 - size:102400
2018-05-15_23:19:51:073- message received - id:0 - topic:mqtt-roundtrip-qos2-100KByte-100-cycles_2 - qos:0 - size:102400
2018-05-15_23:19:51:089- message received - id:0 - topic:mqtt-roundtrip-qos2-100KByte-100-cycles_2 - qos:0 - size:102400
2018-05-15_23:19:51:107- message received - id:0 - topic:mqtt-roundtrip-qos2-100KByte-100-cycles_2 - qos:0 - size:102400
2018-05-15_23:19:51:125- message received - id:0 - topic:mqtt-roundtrip-qos2-100KByte-100-cycles_2 - qos:0 - size:102400
2018-05-15_23:19:51:143- message received - id:0 - topic:mqtt-roundtrip-qos2-100KByte-100-cycles_2 - qos:0 - size:102400
2018-05-15_23:19:51:161- message received - id:0 - topic:mqtt-roundtrip-qos2-100KByte-100-cycles_2 - qos:0 - size:102400
2018-05-15_23:19:51:178- message received - id:0 - topic:mqtt-roundtrip-qos2-100KByte-100-cycles_2 - qos:0 - size:102400
2018-05-15_23:19:51:201- message received - id:0 - topic:mqtt-roundtrip-qos2-100KByte-100-cycles_2 - qos:0 - size:102400
2018-05-15_23:19:51:217- message received - id:0 - topic:mqtt-roundtrip-qos2-100KByte-100-cycles_2 - qos:0 - size:102400
2018-05-15_23:19:51:232- message received - id:0 - topic:mqtt-roundtrip-qos2-100KByte-100-cycles_2 - qos:0 - size:102400
2018-05-15_23:19:51:259- message received - id:0 - topic:mqtt-roundtrip-qos2-100KByte-100-cycles_2 - qos:0 - size:102400
2018-05-15_23:19:51:274- message received - id:0 - topic:mqtt-roundtrip-qos2-100KByte-100-cycles_2 - qos:0 - size:102400
2018-05-15_23:19:51:284- message received - id:0 - topic:mqtt-roundtrip-qos2-100KByte-100-cycles_2 - qos:0 - size:102400
2018-05-15_23:19:51:292- message received - id:0 - topic:mqtt-roundtrip-qos2-100KByte-100-cycles_2 - qos:0 - size:102400
