2018-05-17_21:29:21:426- connecting to broker 192.168.1.100:1883
2018-05-17_21:29:21:427- Subscribing to topic mqtt-roundtrip-qos1-1Byte-100-cycles_2
2018-05-17_21:29:21:427- subscribe returned (0, 1)
2018-05-17_21:29:21:427- Performing message publishing for 100 cycles
2018-05-17_21:29:21:428- Client connected to broker
2018-05-17_21:29:21:428- message sent - topic:mqtt-roundtrip-qos1-1Byte-100-cycles - qos:1 - id:000000
2018-05-17_21:29:21:428- message sent - topic:mqtt-roundtrip-qos1-1Byte-100-cycles - qos:1 - id:000001
2018-05-17_21:29:21:428- message sent - topic:mqtt-roundtrip-qos1-1Byte-100-cycles - qos:1 - id:000002
2018-05-17_21:29:21:429- message sent - topic:mqtt-roundtrip-qos1-1Byte-100-cycles - qos:1 - id:000003
2018-05-17_21:29:21:429- message sent - topic:mqtt-roundtrip-qos1-1Byte-100-cycles - qos:1 - id:000004
2018-05-17_21:29:21:429- message sent - topic:mqtt-roundtrip-qos1-1Byte-100-cycles - qos:1 - id:000005
2018-05-17_21:29:21:435- message sent - topic:mqtt-roundtrip-qos1-1Byte-100-cycles - qos:1 - id:000006
2018-05-17_21:29:21:435- message sent - topic:mqtt-roundtrip-qos1-1Byte-100-cycles - qos:1 - id:000007
2018-05-17_21:29:21:435- message sent - topic:mqtt-roundtrip-qos1-1Byte-100-cycles - qos:1 - id:000008
2018-05-17_21:29:21:435- message sent - topic:mqtt-roundtrip-qos1-1Byte-100-cycles - qos:1 - id:000009
2018-05-17_21:29:21:436- message sent - topic:mqtt-roundtrip-qos1-1Byte-100-cycles - qos:1 - id:000010
2018-05-17_21:29:21:436- message sent - topic:mqtt-roundtrip-qos1-1Byte-100-cycles - qos:1 - id:000011
2018-05-17_21:29:21:436- message sent - topic:mqtt-roundtrip-qos1-1Byte-100-cycles - qos:1 - id:000012
2018-05-17_21:29:21:436- message sent - topic:mqtt-roundtrip-qos1-1Byte-100-cycles - qos:1 - id:000013
2018-05-17_21:29:21:437- message sent - topic:mqtt-roundtrip-qos1-1Byte-100-cycles - qos:1 - id:000014
2018-05-17_21:29:21:437- message sent - topic:mqtt-roundtrip-qos1-1Byte-100-cycles - qos:1 - id:000015
2018-05-17_21:29:21:437- message sent - topic:mqtt-roundtrip-qos1-1Byte-100-cycles - qos:1 - id:000016
2018-05-17_21:29:21:438- message sent - topic:mqtt-roundtrip-qos1-1Byte-100-cycles - qos:1 - id:000017
2018-05-17_21:29:21:438- message sent - topic:mqtt-roundtrip-qos1-1Byte-100-cycles - qos:1 - id:000018
2018-05-17_21:29:21:438- message sent - topic:mqtt-roundtrip-qos1-1Byte-100-cycles - qos:1 - id:000019
2018-05-17_21:29:21:438- message sent - topic:mqtt-roundtrip-qos1-1Byte-100-cycles - qos:1 - id:000020
2018-05-17_21:29:21:439- message sent - topic:mqtt-roundtrip-qos1-1Byte-100-cycles - qos:1 - id:000021
2018-05-17_21:29:21:439- message sent - topic:mqtt-roundtrip-qos1-1Byte-100-cycles - qos:1 - id:000022
2018-05-17_21:29:21:439- message sent - topic:mqtt-roundtrip-qos1-1Byte-100-cycles - qos:1 - id:000023
2018-05-17_21:29:21:439- message sent - topic:mqtt-roundtrip-qos1-1Byte-100-cycles - qos:1 - id:000024
2018-05-17_21:29:21:440- message sent - topic:mqtt-roundtrip-qos1-1Byte-100-cycles - qos:1 - id:000025
2018-05-17_21:29:21:440- message sent - topic:mqtt-roundtrip-qos1-1Byte-100-cycles - qos:1 - id:000026
2018-05-17_21:29:21:440- message sent - topic:mqtt-roundtrip-qos1-1Byte-100-cycles - qos:1 - id:000027
2018-05-17_21:29:21:440- message sent - topic:mqtt-roundtrip-qos1-1Byte-100-cycles - qos:1 - id:000028
2018-05-17_21:29:21:441- message sent - topic:mqtt-roundtrip-qos1-1Byte-100-cycles - qos:1 - id:000029
2018-05-17_21:29:21:441- message sent - topic:mqtt-roundtrip-qos1-1Byte-100-cycles - qos:1 - id:000030
2018-05-17_21:29:21:441- message sent - topic:mqtt-roundtrip-qos1-1Byte-100-cycles - qos:1 - id:000031
2018-05-17_21:29:21:441- message sent - topic:mqtt-roundtrip-qos1-1Byte-100-cycles - qos:1 - id:000032
2018-05-17_21:29:21:441- message sent - topic:mqtt-roundtrip-qos1-1Byte-100-cycles - qos:1 - id:000033
2018-05-17_21:29:21:442- message sent - topic:mqtt-roundtrip-qos1-1Byte-100-cycles - qos:1 - id:000034
2018-05-17_21:29:21:442- message sent - topic:mqtt-roundtrip-qos1-1Byte-100-cycles - qos:1 - id:000035
2018-05-17_21:29:21:442- message sent - topic:mqtt-roundtrip-qos1-1Byte-100-cycles - qos:1 - id:000036
2018-05-17_21:29:21:442- message sent - topic:mqtt-roundtrip-qos1-1Byte-100-cycles - qos:1 - id:000037
2018-05-17_21:29:21:443- message sent - topic:mqtt-roundtrip-qos1-1Byte-100-cycles - qos:1 - id:000038
2018-05-17_21:29:21:443- message sent - topic:mqtt-roundtrip-qos1-1Byte-100-cycles - qos:1 - id:000039
2018-05-17_21:29:21:443- message sent - topic:mqtt-roundtrip-qos1-1Byte-100-cycles - qos:1 - id:000040
2018-05-17_21:29:21:443- message sent - topic:mqtt-roundtrip-qos1-1Byte-100-cycles - qos:1 - id:000041
2018-05-17_21:29:21:444- message sent - topic:mqtt-roundtrip-qos1-1Byte-100-cycles - qos:1 - id:000042
2018-05-17_21:29:21:444- message sent - topic:mqtt-roundtrip-qos1-1Byte-100-cycles - qos:1 - id:000043
2018-05-17_21:29:21:444- message sent - topic:mqtt-roundtrip-qos1-1Byte-100-cycles - qos:1 - id:000044
2018-05-17_21:29:21:444- message sent - topic:mqtt-roundtrip-qos1-1Byte-100-cycles - qos:1 - id:000045
2018-05-17_21:29:21:445- message sent - topic:mqtt-roundtrip-qos1-1Byte-100-cycles - qos:1 - id:000046
2018-05-17_21:29:21:445- message sent - topic:mqtt-roundtrip-qos1-1Byte-100-cycles - qos:1 - id:000047
2018-05-17_21:29:21:445- message sent - topic:mqtt-roundtrip-qos1-1Byte-100-cycles - qos:1 - id:000048
2018-05-17_21:29:21:445- message sent - topic:mqtt-roundtrip-qos1-1Byte-100-cycles - qos:1 - id:000049
2018-05-17_21:29:21:445- message sent - topic:mqtt-roundtrip-qos1-1Byte-100-cycles - qos:1 - id:000050
2018-05-17_21:29:21:446- message sent - topic:mqtt-roundtrip-qos1-1Byte-100-cycles - qos:1 - id:000051
2018-05-17_21:29:21:446- message sent - topic:mqtt-roundtrip-qos1-1Byte-100-cycles - qos:1 - id:000052
2018-05-17_21:29:21:446- message sent - topic:mqtt-roundtrip-qos1-1Byte-100-cycles - qos:1 - id:000053
2018-05-17_21:29:21:446- message sent - topic:mqtt-roundtrip-qos1-1Byte-100-cycles - qos:1 - id:000054
2018-05-17_21:29:21:447- message sent - topic:mqtt-roundtrip-qos1-1Byte-100-cycles - qos:1 - id:000055
2018-05-17_21:29:21:447- message sent - topic:mqtt-roundtrip-qos1-1Byte-100-cycles - qos:1 - id:000056
2018-05-17_21:29:21:447- message sent - topic:mqtt-roundtrip-qos1-1Byte-100-cycles - qos:1 - id:000057
2018-05-17_21:29:21:447- message sent - topic:mqtt-roundtrip-qos1-1Byte-100-cycles - qos:1 - id:000058
2018-05-17_21:29:21:448- message sent - topic:mqtt-roundtrip-qos1-1Byte-100-cycles - qos:1 - id:000059
2018-05-17_21:29:21:448- message sent - topic:mqtt-roundtrip-qos1-1Byte-100-cycles - qos:1 - id:000060
2018-05-17_21:29:21:448- message sent - topic:mqtt-roundtrip-qos1-1Byte-100-cycles - qos:1 - id:000061
2018-05-17_21:29:21:448- message sent - topic:mqtt-roundtrip-qos1-1Byte-100-cycles - qos:1 - id:000062
2018-05-17_21:29:21:449- message sent - topic:mqtt-roundtrip-qos1-1Byte-100-cycles - qos:1 - id:000063
2018-05-17_21:29:21:449- message sent - topic:mqtt-roundtrip-qos1-1Byte-100-cycles - qos:1 - id:000064
2018-05-17_21:29:21:449- message sent - topic:mqtt-roundtrip-qos1-1Byte-100-cycles - qos:1 - id:000065
2018-05-17_21:29:21:449- message sent - topic:mqtt-roundtrip-qos1-1Byte-100-cycles - qos:1 - id:000066
2018-05-17_21:29:21:450- message sent - topic:mqtt-roundtrip-qos1-1Byte-100-cycles - qos:1 - id:000067
2018-05-17_21:29:21:450- message sent - topic:mqtt-roundtrip-qos1-1Byte-100-cycles - qos:1 - id:000068
2018-05-17_21:29:21:450- message sent - topic:mqtt-roundtrip-qos1-1Byte-100-cycles - qos:1 - id:000069
2018-05-17_21:29:21:450- message sent - topic:mqtt-roundtrip-qos1-1Byte-100-cycles - qos:1 - id:000070
2018-05-17_21:29:21:450- message sent - topic:mqtt-roundtrip-qos1-1Byte-100-cycles - qos:1 - id:000071
2018-05-17_21:29:21:451- message sent - topic:mqtt-roundtrip-qos1-1Byte-100-cycles - qos:1 - id:000072
2018-05-17_21:29:21:451- message sent - topic:mqtt-roundtrip-qos1-1Byte-100-cycles - qos:1 - id:000073
2018-05-17_21:29:21:451- message sent - topic:mqtt-roundtrip-qos1-1Byte-100-cycles - qos:1 - id:000074
2018-05-17_21:29:21:451- message sent - topic:mqtt-roundtrip-qos1-1Byte-100-cycles - qos:1 - id:000075
2018-05-17_21:29:21:451- message sent - topic:mqtt-roundtrip-qos1-1Byte-100-cycles - qos:1 - id:000076
2018-05-17_21:29:21:451- message sent - topic:mqtt-roundtrip-qos1-1Byte-100-cycles - qos:1 - id:000077
2018-05-17_21:29:21:451- message sent - topic:mqtt-roundtrip-qos1-1Byte-100-cycles - qos:1 - id:000078
2018-05-17_21:29:21:451- message sent - topic:mqtt-roundtrip-qos1-1Byte-100-cycles - qos:1 - id:000079
2018-05-17_21:29:21:452- message sent - topic:mqtt-roundtrip-qos1-1Byte-100-cycles - qos:1 - id:000080
2018-05-17_21:29:21:452- message sent - topic:mqtt-roundtrip-qos1-1Byte-100-cycles - qos:1 - id:000081
2018-05-17_21:29:21:452- message sent - topic:mqtt-roundtrip-qos1-1Byte-100-cycles - qos:1 - id:000082
2018-05-17_21:29:21:452- message sent - topic:mqtt-roundtrip-qos1-1Byte-100-cycles - qos:1 - id:000083
2018-05-17_21:29:21:452- message sent - topic:mqtt-roundtrip-qos1-1Byte-100-cycles - qos:1 - id:000084
2018-05-17_21:29:21:453- message sent - topic:mqtt-roundtrip-qos1-1Byte-100-cycles - qos:1 - id:000085
2018-05-17_21:29:21:453- message sent - topic:mqtt-roundtrip-qos1-1Byte-100-cycles - qos:1 - id:000086
2018-05-17_21:29:21:453- message sent - topic:mqtt-roundtrip-qos1-1Byte-100-cycles - qos:1 - id:000087
2018-05-17_21:29:21:454- message sent - topic:mqtt-roundtrip-qos1-1Byte-100-cycles - qos:1 - id:000088
2018-05-17_21:29:21:454- message sent - topic:mqtt-roundtrip-qos1-1Byte-100-cycles - qos:1 - id:000089
2018-05-17_21:29:21:454- message sent - topic:mqtt-roundtrip-qos1-1Byte-100-cycles - qos:1 - id:000090
2018-05-17_21:29:21:454- message sent - topic:mqtt-roundtrip-qos1-1Byte-100-cycles - qos:1 - id:000091
2018-05-17_21:29:21:454- message sent - topic:mqtt-roundtrip-qos1-1Byte-100-cycles - qos:1 - id:000092
2018-05-17_21:29:21:454- message sent - topic:mqtt-roundtrip-qos1-1Byte-100-cycles - qos:1 - id:000093
2018-05-17_21:29:21:455- message sent - topic:mqtt-roundtrip-qos1-1Byte-100-cycles - qos:1 - id:000094
2018-05-17_21:29:21:455- message sent - topic:mqtt-roundtrip-qos1-1Byte-100-cycles - qos:1 - id:000095
2018-05-17_21:29:21:455- message sent - topic:mqtt-roundtrip-qos1-1Byte-100-cycles - qos:1 - id:000096
2018-05-17_21:29:21:455- message sent - topic:mqtt-roundtrip-qos1-1Byte-100-cycles - qos:1 - id:000097
2018-05-17_21:29:21:455- message sent - topic:mqtt-roundtrip-qos1-1Byte-100-cycles - qos:1 - id:000098
2018-05-17_21:29:21:456- message sent - topic:mqtt-roundtrip-qos1-1Byte-100-cycles - qos:1 - id:000099
2018-05-17_21:29:24:499- Client disconnected from broker
