2018-05-15_22:59:47:207- connecting to broker 192.168.1.100:1883
2018-05-15_22:59:47:208- Subscribing to topic mqtt-roundtrip-qos1-10Byte-10-cycles_2
2018-05-15_22:59:47:209- subscribe returned (0, 1)
2018-05-15_22:59:47:209- Client connected to broker
2018-05-15_23:00:41:018- Performing message publishing for 10 cycles
2018-05-15_23:00:41:020- message sent - id:2 - topic:mqtt-roundtrip-qos1-10Byte-10-cycles - qos:1 - size:10
2018-05-15_23:00:41:020- message sent - id:3 - topic:mqtt-roundtrip-qos1-10Byte-10-cycles - qos:1 - size:10
2018-05-15_23:00:41:021- message sent - id:4 - topic:mqtt-roundtrip-qos1-10Byte-10-cycles - qos:1 - size:10
2018-05-15_23:00:41:022- message sent - id:5 - topic:mqtt-roundtrip-qos1-10Byte-10-cycles - qos:1 - size:10
2018-05-15_23:00:41:022- message sent - id:6 - topic:mqtt-roundtrip-qos1-10Byte-10-cycles - qos:1 - size:10
2018-05-15_23:00:41:022- message sent - id:7 - topic:mqtt-roundtrip-qos1-10Byte-10-cycles - qos:1 - size:10
2018-05-15_23:00:41:023- message sent - id:8 - topic:mqtt-roundtrip-qos1-10Byte-10-cycles - qos:1 - size:10
2018-05-15_23:00:41:061- message sent - id:9 - topic:mqtt-roundtrip-qos1-10Byte-10-cycles - qos:1 - size:10
2018-05-15_23:00:41:061- message sent - id:10 - topic:mqtt-roundtrip-qos1-10Byte-10-cycles - qos:1 - size:10
2018-05-15_23:00:41:062- message sent - id:11 - topic:mqtt-roundtrip-qos1-10Byte-10-cycles - qos:1 - size:10
2018-05-15_23:00:41:062- message received - id:0 - topic:mqtt-roundtrip-qos1-10Byte-10-cycles_2 - qos:0 - size:10
2018-05-15_23:00:41:065- message received - id:0 - topic:mqtt-roundtrip-qos1-10Byte-10-cycles_2 - qos:0 - size:10
2018-05-15_23:00:41:065- message received - id:0 - topic:mqtt-roundtrip-qos1-10Byte-10-cycles_2 - qos:0 - size:10
2018-05-15_23:00:41:066- message received - id:0 - topic:mqtt-roundtrip-qos1-10Byte-10-cycles_2 - qos:0 - size:10
2018-05-15_23:00:41:066- message received - id:0 - topic:mqtt-roundtrip-qos1-10Byte-10-cycles_2 - qos:0 - size:10
2018-05-15_23:00:41:066- message received - id:0 - topic:mqtt-roundtrip-qos1-10Byte-10-cycles_2 - qos:0 - size:10
2018-05-15_23:00:41:066- message received - id:0 - topic:mqtt-roundtrip-qos1-10Byte-10-cycles_2 - qos:0 - size:10
2018-05-15_23:00:41:066- message received - id:0 - topic:mqtt-roundtrip-qos1-10Byte-10-cycles_2 - qos:0 - size:10
2018-05-15_23:00:41:066- message received - id:0 - topic:mqtt-roundtrip-qos1-10Byte-10-cycles_2 - qos:0 - size:10
2018-05-15_23:00:41:067- message received - id:0 - topic:mqtt-roundtrip-qos1-10Byte-10-cycles_2 - qos:0 - size:10
2018-05-15_23:02:53:577- connecting to broker 192.168.1.100:1883
2018-05-15_23:02:53:578- Subscribing to topic mqtt-roundtrip-qos1-10Byte-10-cycles_2
2018-05-15_23:02:53:578- subscribe returned (0, 1)
2018-05-15_23:02:53:578- Client connected to broker
2018-05-15_23:02:59:997- Performing message publishing for 10 cycles
2018-05-15_23:02:59:998- message sent - id:2 - topic:mqtt-roundtrip-qos1-10Byte-10-cycles - qos:1 - size:10
2018-05-15_23:02:59:999- message sent - id:3 - topic:mqtt-roundtrip-qos1-10Byte-10-cycles - qos:1 - size:10
2018-05-15_23:02:59:999- message sent - id:4 - topic:mqtt-roundtrip-qos1-10Byte-10-cycles - qos:1 - size:10
2018-05-15_23:02:59:999- message sent - id:5 - topic:mqtt-roundtrip-qos1-10Byte-10-cycles - qos:1 - size:10
2018-05-15_23:03:00:000- message sent - id:6 - topic:mqtt-roundtrip-qos1-10Byte-10-cycles - qos:1 - size:10
2018-05-15_23:03:00:037- message sent - id:7 - topic:mqtt-roundtrip-qos1-10Byte-10-cycles - qos:1 - size:10
2018-05-15_23:03:00:038- message received - id:0 - topic:mqtt-roundtrip-qos1-10Byte-10-cycles_2 - qos:0 - size:10
2018-05-15_23:03:00:038- message sent - id:8 - topic:mqtt-roundtrip-qos1-10Byte-10-cycles - qos:1 - size:10
2018-05-15_23:03:00:038- message sent - id:9 - topic:mqtt-roundtrip-qos1-10Byte-10-cycles - qos:1 - size:10
2018-05-15_23:03:00:038- message sent - id:10 - topic:mqtt-roundtrip-qos1-10Byte-10-cycles - qos:1 - size:10
2018-05-15_23:03:00:038- message sent - id:11 - topic:mqtt-roundtrip-qos1-10Byte-10-cycles - qos:1 - size:10
2018-05-15_23:03:00:039- message received - id:0 - topic:mqtt-roundtrip-qos1-10Byte-10-cycles_2 - qos:0 - size:10
2018-05-15_23:03:00:039- message received - id:0 - topic:mqtt-roundtrip-qos1-10Byte-10-cycles_2 - qos:0 - size:10
2018-05-15_23:03:00:039- message received - id:0 - topic:mqtt-roundtrip-qos1-10Byte-10-cycles_2 - qos:0 - size:10
2018-05-15_23:03:00:039- message received - id:0 - topic:mqtt-roundtrip-qos1-10Byte-10-cycles_2 - qos:0 - size:10
2018-05-15_23:03:00:084- message received - id:0 - topic:mqtt-roundtrip-qos1-10Byte-10-cycles_2 - qos:0 - size:10
2018-05-15_23:03:00:084- message received - id:0 - topic:mqtt-roundtrip-qos1-10Byte-10-cycles_2 - qos:0 - size:10
2018-05-15_23:03:00:085- message received - id:0 - topic:mqtt-roundtrip-qos1-10Byte-10-cycles_2 - qos:0 - size:10
2018-05-15_23:03:00:085- message received - id:0 - topic:mqtt-roundtrip-qos1-10Byte-10-cycles_2 - qos:0 - size:10
2018-05-15_23:03:00:085- message received - id:0 - topic:mqtt-roundtrip-qos1-10Byte-10-cycles_2 - qos:0 - size:10
