2018-05-15 22:04:37,934 - connecting to broker 192.168.1.100:1883
2018-05-15 22:04:37,935 - Subscribing to topicmqtt-roundtrip-qos1-empty_message-100-cycles
2018-05-15 22:04:37,935 - subscribe returned (0, 1)
2018-05-15 22:04:37,936 - Client connected to broker
2018-05-15 22:04:44,036 - message received - id:0 - topic:mqtt-roundtrip-qos1-empty_message-100-cycles - qos:0 - size:0
2018-05-15 22:04:44,036 - message sent - id:0 - topic:mqtt-roundtrip-qos1-empty_message-100-cycles_2 - qos:0 - size:0
2018-05-15 22:04:44,039 - message received - id:0 - topic:mqtt-roundtrip-qos1-empty_message-100-cycles - qos:0 - size:0
2018-05-15 22:04:44,040 - message sent - id:0 - topic:mqtt-roundtrip-qos1-empty_message-100-cycles_2 - qos:0 - size:0
2018-05-15 22:04:44,040 - message received - id:0 - topic:mqtt-roundtrip-qos1-empty_message-100-cycles - qos:0 - size:0
2018-05-15 22:04:44,040 - message sent - id:0 - topic:mqtt-roundtrip-qos1-empty_message-100-cycles_2 - qos:0 - size:0
2018-05-15 22:04:44,041 - message received - id:0 - topic:mqtt-roundtrip-qos1-empty_message-100-cycles - qos:0 - size:0
2018-05-15 22:04:44,041 - message sent - id:0 - topic:mqtt-roundtrip-qos1-empty_message-100-cycles_2 - qos:0 - size:0
2018-05-15 22:04:44,041 - message received - id:0 - topic:mqtt-roundtrip-qos1-empty_message-100-cycles - qos:0 - size:0
2018-05-15 22:04:44,041 - message sent - id:0 - topic:mqtt-roundtrip-qos1-empty_message-100-cycles_2 - qos:0 - size:0
2018-05-15 22:04:44,042 - message received - id:0 - topic:mqtt-roundtrip-qos1-empty_message-100-cycles - qos:0 - size:0
2018-05-15 22:04:44,042 - message sent - id:0 - topic:mqtt-roundtrip-qos1-empty_message-100-cycles_2 - qos:0 - size:0
2018-05-15 22:04:44,042 - message received - id:0 - topic:mqtt-roundtrip-qos1-empty_message-100-cycles - qos:0 - size:0
2018-05-15 22:04:44,042 - message sent - id:0 - topic:mqtt-roundtrip-qos1-empty_message-100-cycles_2 - qos:0 - size:0
2018-05-15 22:04:44,042 - message received - id:0 - topic:mqtt-roundtrip-qos1-empty_message-100-cycles - qos:0 - size:0
2018-05-15 22:04:44,042 - message sent - id:0 - topic:mqtt-roundtrip-qos1-empty_message-100-cycles_2 - qos:0 - size:0
2018-05-15 22:04:44,043 - message received - id:0 - topic:mqtt-roundtrip-qos1-empty_message-100-cycles - qos:0 - size:0
2018-05-15 22:04:44,043 - message sent - id:0 - topic:mqtt-roundtrip-qos1-empty_message-100-cycles_2 - qos:0 - size:0
2018-05-15 22:04:44,043 - message received - id:0 - topic:mqtt-roundtrip-qos1-empty_message-100-cycles - qos:0 - size:0
2018-05-15 22:04:44,043 - message sent - id:0 - topic:mqtt-roundtrip-qos1-empty_message-100-cycles_2 - qos:0 - size:0
2018-05-15 22:04:44,043 - message received - id:0 - topic:mqtt-roundtrip-qos1-empty_message-100-cycles - qos:0 - size:0
2018-05-15 22:04:44,044 - message sent - id:0 - topic:mqtt-roundtrip-qos1-empty_message-100-cycles_2 - qos:0 - size:0
2018-05-15 22:04:44,044 - message received - id:0 - topic:mqtt-roundtrip-qos1-empty_message-100-cycles - qos:0 - size:0
2018-05-15 22:04:44,044 - message sent - id:0 - topic:mqtt-roundtrip-qos1-empty_message-100-cycles_2 - qos:0 - size:0
2018-05-15 22:04:44,044 - message received - id:0 - topic:mqtt-roundtrip-qos1-empty_message-100-cycles - qos:0 - size:0
2018-05-15 22:04:44,044 - message sent - id:0 - topic:mqtt-roundtrip-qos1-empty_message-100-cycles_2 - qos:0 - size:0
2018-05-15 22:04:44,045 - message received - id:0 - topic:mqtt-roundtrip-qos1-empty_message-100-cycles - qos:0 - size:0
2018-05-15 22:04:44,045 - message sent - id:0 - topic:mqtt-roundtrip-qos1-empty_message-100-cycles_2 - qos:0 - size:0
2018-05-15 22:04:44,045 - message received - id:0 - topic:mqtt-roundtrip-qos1-empty_message-100-cycles - qos:0 - size:0
2018-05-15 22:04:44,045 - message sent - id:0 - topic:mqtt-roundtrip-qos1-empty_message-100-cycles_2 - qos:0 - size:0
2018-05-15 22:04:44,045 - message received - id:0 - topic:mqtt-roundtrip-qos1-empty_message-100-cycles - qos:0 - size:0
2018-05-15 22:04:44,046 - message sent - id:0 - topic:mqtt-roundtrip-qos1-empty_message-100-cycles_2 - qos:0 - size:0
2018-05-15 22:04:44,046 - message received - id:0 - topic:mqtt-roundtrip-qos1-empty_message-100-cycles - qos:0 - size:0
2018-05-15 22:04:44,046 - message sent - id:0 - topic:mqtt-roundtrip-qos1-empty_message-100-cycles_2 - qos:0 - size:0
2018-05-15 22:04:44,046 - message received - id:0 - topic:mqtt-roundtrip-qos1-empty_message-100-cycles - qos:0 - size:0
2018-05-15 22:04:44,046 - message sent - id:0 - topic:mqtt-roundtrip-qos1-empty_message-100-cycles_2 - qos:0 - size:0
2018-05-15 22:04:44,047 - message received - id:0 - topic:mqtt-roundtrip-qos1-empty_message-100-cycles - qos:0 - size:0
2018-05-15 22:04:44,047 - message sent - id:0 - topic:mqtt-roundtrip-qos1-empty_message-100-cycles_2 - qos:0 - size:0
2018-05-15 22:04:44,047 - message received - id:0 - topic:mqtt-roundtrip-qos1-empty_message-100-cycles - qos:0 - size:0
2018-05-15 22:04:44,047 - message sent - id:0 - topic:mqtt-roundtrip-qos1-empty_message-100-cycles_2 - qos:0 - size:0
2018-05-15 22:04:44,047 - message received - id:0 - topic:mqtt-roundtrip-qos1-empty_message-100-cycles - qos:0 - size:0
2018-05-15 22:04:44,048 - message sent - id:0 - topic:mqtt-roundtrip-qos1-empty_message-100-cycles_2 - qos:0 - size:0
2018-05-15 22:04:44,048 - message received - id:0 - topic:mqtt-roundtrip-qos1-empty_message-100-cycles - qos:0 - size:0
2018-05-15 22:04:44,048 - message sent - id:0 - topic:mqtt-roundtrip-qos1-empty_message-100-cycles_2 - qos:0 - size:0
2018-05-15 22:04:44,048 - message received - id:0 - topic:mqtt-roundtrip-qos1-empty_message-100-cycles - qos:0 - size:0
2018-05-15 22:04:44,048 - message sent - id:0 - topic:mqtt-roundtrip-qos1-empty_message-100-cycles_2 - qos:0 - size:0
2018-05-15 22:04:44,049 - message received - id:0 - topic:mqtt-roundtrip-qos1-empty_message-100-cycles - qos:0 - size:0
2018-05-15 22:04:44,049 - message sent - id:0 - topic:mqtt-roundtrip-qos1-empty_message-100-cycles_2 - qos:0 - size:0
2018-05-15 22:04:44,049 - message received - id:0 - topic:mqtt-roundtrip-qos1-empty_message-100-cycles - qos:0 - size:0
2018-05-15 22:04:44,049 - message sent - id:0 - topic:mqtt-roundtrip-qos1-empty_message-100-cycles_2 - qos:0 - size:0
2018-05-15 22:04:44,049 - message received - id:0 - topic:mqtt-roundtrip-qos1-empty_message-100-cycles - qos:0 - size:0
2018-05-15 22:04:44,050 - message sent - id:0 - topic:mqtt-roundtrip-qos1-empty_message-100-cycles_2 - qos:0 - size:0
2018-05-15 22:04:44,050 - message received - id:0 - topic:mqtt-roundtrip-qos1-empty_message-100-cycles - qos:0 - size:0
2018-05-15 22:04:44,050 - message sent - id:0 - topic:mqtt-roundtrip-qos1-empty_message-100-cycles_2 - qos:0 - size:0
2018-05-15 22:04:44,050 - message received - id:0 - topic:mqtt-roundtrip-qos1-empty_message-100-cycles - qos:0 - size:0
2018-05-15 22:04:44,050 - message sent - id:0 - topic:mqtt-roundtrip-qos1-empty_message-100-cycles_2 - qos:0 - size:0
2018-05-15 22:04:44,051 - message received - id:0 - topic:mqtt-roundtrip-qos1-empty_message-100-cycles - qos:0 - size:0
2018-05-15 22:04:44,051 - message sent - id:0 - topic:mqtt-roundtrip-qos1-empty_message-100-cycles_2 - qos:0 - size:0
2018-05-15 22:04:44,051 - message received - id:0 - topic:mqtt-roundtrip-qos1-empty_message-100-cycles - qos:0 - size:0
2018-05-15 22:04:44,051 - message sent - id:0 - topic:mqtt-roundtrip-qos1-empty_message-100-cycles_2 - qos:0 - size:0
2018-05-15 22:04:44,051 - message received - id:0 - topic:mqtt-roundtrip-qos1-empty_message-100-cycles - qos:0 - size:0
2018-05-15 22:04:44,051 - message sent - id:0 - topic:mqtt-roundtrip-qos1-empty_message-100-cycles_2 - qos:0 - size:0
2018-05-15 22:04:44,052 - message received - id:0 - topic:mqtt-roundtrip-qos1-empty_message-100-cycles - qos:0 - size:0
2018-05-15 22:04:44,052 - message sent - id:0 - topic:mqtt-roundtrip-qos1-empty_message-100-cycles_2 - qos:0 - size:0
2018-05-15 22:04:44,052 - message received - id:0 - topic:mqtt-roundtrip-qos1-empty_message-100-cycles - qos:0 - size:0
2018-05-15 22:04:44,052 - message sent - id:0 - topic:mqtt-roundtrip-qos1-empty_message-100-cycles_2 - qos:0 - size:0
2018-05-15 22:04:44,052 - message received - id:0 - topic:mqtt-roundtrip-qos1-empty_message-100-cycles - qos:0 - size:0
2018-05-15 22:04:44,053 - message sent - id:0 - topic:mqtt-roundtrip-qos1-empty_message-100-cycles_2 - qos:0 - size:0
2018-05-15 22:04:44,053 - message received - id:0 - topic:mqtt-roundtrip-qos1-empty_message-100-cycles - qos:0 - size:0
2018-05-15 22:04:44,053 - message sent - id:0 - topic:mqtt-roundtrip-qos1-empty_message-100-cycles_2 - qos:0 - size:0
2018-05-15 22:04:44,053 - message received - id:0 - topic:mqtt-roundtrip-qos1-empty_message-100-cycles - qos:0 - size:0
2018-05-15 22:04:44,053 - message sent - id:0 - topic:mqtt-roundtrip-qos1-empty_message-100-cycles_2 - qos:0 - size:0
2018-05-15 22:04:44,054 - message received - id:0 - topic:mqtt-roundtrip-qos1-empty_message-100-cycles - qos:0 - size:0
2018-05-15 22:04:44,054 - message sent - id:0 - topic:mqtt-roundtrip-qos1-empty_message-100-cycles_2 - qos:0 - size:0
2018-05-15 22:04:44,054 - message received - id:0 - topic:mqtt-roundtrip-qos1-empty_message-100-cycles - qos:0 - size:0
2018-05-15 22:04:44,054 - message sent - id:0 - topic:mqtt-roundtrip-qos1-empty_message-100-cycles_2 - qos:0 - size:0
2018-05-15 22:04:44,054 - message received - id:0 - topic:mqtt-roundtrip-qos1-empty_message-100-cycles - qos:0 - size:0
2018-05-15 22:04:44,055 - message sent - id:0 - topic:mqtt-roundtrip-qos1-empty_message-100-cycles_2 - qos:0 - size:0
2018-05-15 22:04:44,055 - message received - id:0 - topic:mqtt-roundtrip-qos1-empty_message-100-cycles - qos:0 - size:0
2018-05-15 22:04:44,055 - message sent - id:0 - topic:mqtt-roundtrip-qos1-empty_message-100-cycles_2 - qos:0 - size:0
2018-05-15 22:04:44,055 - message received - id:0 - topic:mqtt-roundtrip-qos1-empty_message-100-cycles - qos:0 - size:0
2018-05-15 22:04:44,055 - message sent - id:0 - topic:mqtt-roundtrip-qos1-empty_message-100-cycles_2 - qos:0 - size:0
2018-05-15 22:04:44,056 - message received - id:0 - topic:mqtt-roundtrip-qos1-empty_message-100-cycles - qos:0 - size:0
2018-05-15 22:04:44,056 - message sent - id:0 - topic:mqtt-roundtrip-qos1-empty_message-100-cycles_2 - qos:0 - size:0
2018-05-15 22:04:44,056 - message received - id:0 - topic:mqtt-roundtrip-qos1-empty_message-100-cycles - qos:0 - size:0
2018-05-15 22:04:44,056 - message sent - id:0 - topic:mqtt-roundtrip-qos1-empty_message-100-cycles_2 - qos:0 - size:0
2018-05-15 22:04:44,056 - message received - id:0 - topic:mqtt-roundtrip-qos1-empty_message-100-cycles - qos:0 - size:0
2018-05-15 22:04:44,056 - message sent - id:0 - topic:mqtt-roundtrip-qos1-empty_message-100-cycles_2 - qos:0 - size:0
2018-05-15 22:04:44,057 - message received - id:0 - topic:mqtt-roundtrip-qos1-empty_message-100-cycles - qos:0 - size:0
2018-05-15 22:04:44,057 - message sent - id:0 - topic:mqtt-roundtrip-qos1-empty_message-100-cycles_2 - qos:0 - size:0
2018-05-15 22:04:44,057 - message received - id:0 - topic:mqtt-roundtrip-qos1-empty_message-100-cycles - qos:0 - size:0
2018-05-15 22:04:44,057 - message sent - id:0 - topic:mqtt-roundtrip-qos1-empty_message-100-cycles_2 - qos:0 - size:0
2018-05-15 22:04:44,057 - message received - id:0 - topic:mqtt-roundtrip-qos1-empty_message-100-cycles - qos:0 - size:0
2018-05-15 22:04:44,058 - message sent - id:0 - topic:mqtt-roundtrip-qos1-empty_message-100-cycles_2 - qos:0 - size:0
2018-05-15 22:04:44,058 - message received - id:0 - topic:mqtt-roundtrip-qos1-empty_message-100-cycles - qos:0 - size:0
2018-05-15 22:04:44,058 - message sent - id:0 - topic:mqtt-roundtrip-qos1-empty_message-100-cycles_2 - qos:0 - size:0
2018-05-15 22:04:44,058 - message received - id:0 - topic:mqtt-roundtrip-qos1-empty_message-100-cycles - qos:0 - size:0
2018-05-15 22:04:44,058 - message sent - id:0 - topic:mqtt-roundtrip-qos1-empty_message-100-cycles_2 - qos:0 - size:0
2018-05-15 22:04:44,059 - message received - id:0 - topic:mqtt-roundtrip-qos1-empty_message-100-cycles - qos:0 - size:0
2018-05-15 22:04:44,059 - message sent - id:0 - topic:mqtt-roundtrip-qos1-empty_message-100-cycles_2 - qos:0 - size:0
2018-05-15 22:04:44,059 - message received - id:0 - topic:mqtt-roundtrip-qos1-empty_message-100-cycles - qos:0 - size:0
2018-05-15 22:04:44,059 - message sent - id:0 - topic:mqtt-roundtrip-qos1-empty_message-100-cycles_2 - qos:0 - size:0
2018-05-15 22:04:44,059 - message received - id:0 - topic:mqtt-roundtrip-qos1-empty_message-100-cycles - qos:0 - size:0
2018-05-15 22:04:44,060 - message sent - id:0 - topic:mqtt-roundtrip-qos1-empty_message-100-cycles_2 - qos:0 - size:0
2018-05-15 22:04:44,060 - message received - id:0 - topic:mqtt-roundtrip-qos1-empty_message-100-cycles - qos:0 - size:0
2018-05-15 22:04:44,060 - message sent - id:0 - topic:mqtt-roundtrip-qos1-empty_message-100-cycles_2 - qos:0 - size:0
2018-05-15 22:04:44,060 - message received - id:0 - topic:mqtt-roundtrip-qos1-empty_message-100-cycles - qos:0 - size:0
2018-05-15 22:04:44,060 - message sent - id:0 - topic:mqtt-roundtrip-qos1-empty_message-100-cycles_2 - qos:0 - size:0
2018-05-15 22:04:44,061 - message received - id:0 - topic:mqtt-roundtrip-qos1-empty_message-100-cycles - qos:0 - size:0
2018-05-15 22:04:44,061 - message sent - id:0 - topic:mqtt-roundtrip-qos1-empty_message-100-cycles_2 - qos:0 - size:0
2018-05-15 22:04:44,061 - message received - id:0 - topic:mqtt-roundtrip-qos1-empty_message-100-cycles - qos:0 - size:0
2018-05-15 22:04:44,062 - message sent - id:0 - topic:mqtt-roundtrip-qos1-empty_message-100-cycles_2 - qos:0 - size:0
2018-05-15 22:04:44,062 - message received - id:0 - topic:mqtt-roundtrip-qos1-empty_message-100-cycles - qos:0 - size:0
2018-05-15 22:04:44,062 - message sent - id:0 - topic:mqtt-roundtrip-qos1-empty_message-100-cycles_2 - qos:0 - size:0
2018-05-15 22:04:44,062 - message received - id:0 - topic:mqtt-roundtrip-qos1-empty_message-100-cycles - qos:0 - size:0
2018-05-15 22:04:44,063 - message sent - id:0 - topic:mqtt-roundtrip-qos1-empty_message-100-cycles_2 - qos:0 - size:0
2018-05-15 22:04:44,063 - message received - id:0 - topic:mqtt-roundtrip-qos1-empty_message-100-cycles - qos:0 - size:0
2018-05-15 22:04:44,063 - message sent - id:0 - topic:mqtt-roundtrip-qos1-empty_message-100-cycles_2 - qos:0 - size:0
2018-05-15 22:04:44,063 - message received - id:0 - topic:mqtt-roundtrip-qos1-empty_message-100-cycles - qos:0 - size:0
2018-05-15 22:04:44,063 - message sent - id:0 - topic:mqtt-roundtrip-qos1-empty_message-100-cycles_2 - qos:0 - size:0
2018-05-15 22:04:44,064 - message received - id:0 - topic:mqtt-roundtrip-qos1-empty_message-100-cycles - qos:0 - size:0
2018-05-15 22:04:44,064 - message sent - id:0 - topic:mqtt-roundtrip-qos1-empty_message-100-cycles_2 - qos:0 - size:0
2018-05-15 22:04:44,065 - message received - id:0 - topic:mqtt-roundtrip-qos1-empty_message-100-cycles - qos:0 - size:0
2018-05-15 22:04:44,065 - message sent - id:0 - topic:mqtt-roundtrip-qos1-empty_message-100-cycles_2 - qos:0 - size:0
2018-05-15 22:04:44,065 - message received - id:0 - topic:mqtt-roundtrip-qos1-empty_message-100-cycles - qos:0 - size:0
2018-05-15 22:04:44,066 - message sent - id:0 - topic:mqtt-roundtrip-qos1-empty_message-100-cycles_2 - qos:0 - size:0
2018-05-15 22:04:44,066 - message received - id:0 - topic:mqtt-roundtrip-qos1-empty_message-100-cycles - qos:0 - size:0
2018-05-15 22:04:44,066 - message sent - id:0 - topic:mqtt-roundtrip-qos1-empty_message-100-cycles_2 - qos:0 - size:0
2018-05-15 22:04:44,066 - message received - id:0 - topic:mqtt-roundtrip-qos1-empty_message-100-cycles - qos:0 - size:0
2018-05-15 22:04:44,066 - message sent - id:0 - topic:mqtt-roundtrip-qos1-empty_message-100-cycles_2 - qos:0 - size:0
2018-05-15 22:04:44,067 - message received - id:0 - topic:mqtt-roundtrip-qos1-empty_message-100-cycles - qos:0 - size:0
2018-05-15 22:04:44,067 - message sent - id:0 - topic:mqtt-roundtrip-qos1-empty_message-100-cycles_2 - qos:0 - size:0
2018-05-15 22:04:44,067 - message received - id:0 - topic:mqtt-roundtrip-qos1-empty_message-100-cycles - qos:0 - size:0
2018-05-15 22:04:44,067 - message sent - id:0 - topic:mqtt-roundtrip-qos1-empty_message-100-cycles_2 - qos:0 - size:0
2018-05-15 22:04:44,067 - message received - id:0 - topic:mqtt-roundtrip-qos1-empty_message-100-cycles - qos:0 - size:0
2018-05-15 22:04:44,068 - message sent - id:0 - topic:mqtt-roundtrip-qos1-empty_message-100-cycles_2 - qos:0 - size:0
2018-05-15 22:04:44,068 - message received - id:0 - topic:mqtt-roundtrip-qos1-empty_message-100-cycles - qos:0 - size:0
2018-05-15 22:04:44,068 - message sent - id:0 - topic:mqtt-roundtrip-qos1-empty_message-100-cycles_2 - qos:0 - size:0
2018-05-15 22:04:44,068 - message received - id:0 - topic:mqtt-roundtrip-qos1-empty_message-100-cycles - qos:0 - size:0
2018-05-15 22:04:44,068 - message sent - id:0 - topic:mqtt-roundtrip-qos1-empty_message-100-cycles_2 - qos:0 - size:0
2018-05-15 22:04:44,069 - message received - id:0 - topic:mqtt-roundtrip-qos1-empty_message-100-cycles - qos:0 - size:0
2018-05-15 22:04:44,069 - message sent - id:0 - topic:mqtt-roundtrip-qos1-empty_message-100-cycles_2 - qos:0 - size:0
2018-05-15 22:04:44,069 - message received - id:0 - topic:mqtt-roundtrip-qos1-empty_message-100-cycles - qos:0 - size:0
2018-05-15 22:04:44,069 - message sent - id:0 - topic:mqtt-roundtrip-qos1-empty_message-100-cycles_2 - qos:0 - size:0
2018-05-15 22:04:44,070 - message received - id:0 - topic:mqtt-roundtrip-qos1-empty_message-100-cycles - qos:0 - size:0
2018-05-15 22:04:44,070 - message sent - id:0 - topic:mqtt-roundtrip-qos1-empty_message-100-cycles_2 - qos:0 - size:0
2018-05-15 22:04:44,070 - message received - id:0 - topic:mqtt-roundtrip-qos1-empty_message-100-cycles - qos:0 - size:0
2018-05-15 22:04:44,070 - message sent - id:0 - topic:mqtt-roundtrip-qos1-empty_message-100-cycles_2 - qos:0 - size:0
2018-05-15 22:04:44,070 - message received - id:0 - topic:mqtt-roundtrip-qos1-empty_message-100-cycles - qos:0 - size:0
2018-05-15 22:04:44,071 - message sent - id:0 - topic:mqtt-roundtrip-qos1-empty_message-100-cycles_2 - qos:0 - size:0
2018-05-15 22:04:44,071 - message received - id:0 - topic:mqtt-roundtrip-qos1-empty_message-100-cycles - qos:0 - size:0
2018-05-15 22:04:44,071 - message sent - id:0 - topic:mqtt-roundtrip-qos1-empty_message-100-cycles_2 - qos:0 - size:0
2018-05-15 22:04:44,071 - message received - id:0 - topic:mqtt-roundtrip-qos1-empty_message-100-cycles - qos:0 - size:0
2018-05-15 22:04:44,071 - message sent - id:0 - topic:mqtt-roundtrip-qos1-empty_message-100-cycles_2 - qos:0 - size:0
2018-05-15 22:04:44,071 - message received - id:0 - topic:mqtt-roundtrip-qos1-empty_message-100-cycles - qos:0 - size:0
2018-05-15 22:04:44,072 - message sent - id:0 - topic:mqtt-roundtrip-qos1-empty_message-100-cycles_2 - qos:0 - size:0
2018-05-15 22:04:44,072 - message received - id:0 - topic:mqtt-roundtrip-qos1-empty_message-100-cycles - qos:0 - size:0
2018-05-15 22:04:44,072 - message sent - id:0 - topic:mqtt-roundtrip-qos1-empty_message-100-cycles_2 - qos:0 - size:0
2018-05-15 22:04:44,072 - message received - id:0 - topic:mqtt-roundtrip-qos1-empty_message-100-cycles - qos:0 - size:0
2018-05-15 22:04:44,072 - message sent - id:0 - topic:mqtt-roundtrip-qos1-empty_message-100-cycles_2 - qos:0 - size:0
2018-05-15 22:04:44,072 - message received - id:0 - topic:mqtt-roundtrip-qos1-empty_message-100-cycles - qos:0 - size:0
2018-05-15 22:04:44,073 - message sent - id:0 - topic:mqtt-roundtrip-qos1-empty_message-100-cycles_2 - qos:0 - size:0
2018-05-15 22:04:44,073 - message received - id:0 - topic:mqtt-roundtrip-qos1-empty_message-100-cycles - qos:0 - size:0
2018-05-15 22:04:44,073 - message sent - id:0 - topic:mqtt-roundtrip-qos1-empty_message-100-cycles_2 - qos:0 - size:0
2018-05-15 22:04:44,073 - message received - id:0 - topic:mqtt-roundtrip-qos1-empty_message-100-cycles - qos:0 - size:0
2018-05-15 22:04:44,073 - message sent - id:0 - topic:mqtt-roundtrip-qos1-empty_message-100-cycles_2 - qos:0 - size:0
2018-05-15 22:04:44,074 - message received - id:0 - topic:mqtt-roundtrip-qos1-empty_message-100-cycles - qos:0 - size:0
2018-05-15 22:04:44,074 - message sent - id:0 - topic:mqtt-roundtrip-qos1-empty_message-100-cycles_2 - qos:0 - size:0
2018-05-15 22:04:44,074 - message received - id:0 - topic:mqtt-roundtrip-qos1-empty_message-100-cycles - qos:0 - size:0
2018-05-15 22:04:44,074 - message sent - id:0 - topic:mqtt-roundtrip-qos1-empty_message-100-cycles_2 - qos:0 - size:0
2018-05-15 22:04:44,074 - message received - id:0 - topic:mqtt-roundtrip-qos1-empty_message-100-cycles - qos:0 - size:0
2018-05-15 22:04:44,074 - message sent - id:0 - topic:mqtt-roundtrip-qos1-empty_message-100-cycles_2 - qos:0 - size:0
2018-05-15 22:04:44,074 - message received - id:0 - topic:mqtt-roundtrip-qos1-empty_message-100-cycles - qos:0 - size:0
2018-05-15 22:04:44,075 - message sent - id:0 - topic:mqtt-roundtrip-qos1-empty_message-100-cycles_2 - qos:0 - size:0
2018-05-15 22:04:44,075 - message received - id:0 - topic:mqtt-roundtrip-qos1-empty_message-100-cycles - qos:0 - size:0
2018-05-15 22:04:44,075 - message sent - id:0 - topic:mqtt-roundtrip-qos1-empty_message-100-cycles_2 - qos:0 - size:0
2018-05-15 22:04:44,075 - message received - id:0 - topic:mqtt-roundtrip-qos1-empty_message-100-cycles - qos:0 - size:0
2018-05-15 22:04:44,075 - message sent - id:0 - topic:mqtt-roundtrip-qos1-empty_message-100-cycles_2 - qos:0 - size:0
2018-05-15 22:04:44,075 - message received - id:0 - topic:mqtt-roundtrip-qos1-empty_message-100-cycles - qos:0 - size:0
2018-05-15 22:04:44,076 - message sent - id:0 - topic:mqtt-roundtrip-qos1-empty_message-100-cycles_2 - qos:0 - size:0
2018-05-15 22:04:44,076 - message received - id:0 - topic:mqtt-roundtrip-qos1-empty_message-100-cycles - qos:0 - size:0
2018-05-15 22:04:44,076 - message sent - id:0 - topic:mqtt-roundtrip-qos1-empty_message-100-cycles_2 - qos:0 - size:0
2018-05-15 22:04:44,076 - message received - id:0 - topic:mqtt-roundtrip-qos1-empty_message-100-cycles - qos:0 - size:0
2018-05-15 22:04:44,076 - message sent - id:0 - topic:mqtt-roundtrip-qos1-empty_message-100-cycles_2 - qos:0 - size:0
2018-05-15 22:04:44,076 - message received - id:0 - topic:mqtt-roundtrip-qos1-empty_message-100-cycles - qos:0 - size:0
2018-05-15 22:04:44,077 - message sent - id:0 - topic:mqtt-roundtrip-qos1-empty_message-100-cycles_2 - qos:0 - size:0
2018-05-15 22:04:44,077 - message received - id:0 - topic:mqtt-roundtrip-qos1-empty_message-100-cycles - qos:0 - size:0
2018-05-15 22:04:44,077 - message sent - id:0 - topic:mqtt-roundtrip-qos1-empty_message-100-cycles_2 - qos:0 - size:0
2018-05-15 22:04:44,077 - message received - id:0 - topic:mqtt-roundtrip-qos1-empty_message-100-cycles - qos:0 - size:0
2018-05-15 22:04:44,077 - message sent - id:0 - topic:mqtt-roundtrip-qos1-empty_message-100-cycles_2 - qos:0 - size:0
2018-05-15 22:04:44,077 - message received - id:0 - topic:mqtt-roundtrip-qos1-empty_message-100-cycles - qos:0 - size:0
2018-05-15 22:04:44,078 - message sent - id:0 - topic:mqtt-roundtrip-qos1-empty_message-100-cycles_2 - qos:0 - size:0
2018-05-15 22:04:44,078 - message received - id:0 - topic:mqtt-roundtrip-qos1-empty_message-100-cycles - qos:0 - size:0
2018-05-15 22:04:44,078 - message sent - id:0 - topic:mqtt-roundtrip-qos1-empty_message-100-cycles_2 - qos:0 - size:0
2018-05-15 22:04:44,078 - message received - id:0 - topic:mqtt-roundtrip-qos1-empty_message-100-cycles - qos:0 - size:0
2018-05-15 22:04:44,078 - message sent - id:0 - topic:mqtt-roundtrip-qos1-empty_message-100-cycles_2 - qos:0 - size:0
2018-05-15 22:04:44,078 - message received - id:0 - topic:mqtt-roundtrip-qos1-empty_message-100-cycles - qos:0 - size:0
2018-05-15 22:04:44,079 - message sent - id:0 - topic:mqtt-roundtrip-qos1-empty_message-100-cycles_2 - qos:0 - size:0
2018-05-15 22:04:44,079 - message received - id:0 - topic:mqtt-roundtrip-qos1-empty_message-100-cycles - qos:0 - size:0
2018-05-15 22:04:44,079 - message sent - id:0 - topic:mqtt-roundtrip-qos1-empty_message-100-cycles_2 - qos:0 - size:0
