2018-05-15_23:00:53:026- connecting to broker 192.168.1.100:1883
2018-05-15_23:00:53:027- Subscribing to topicmqtt-roundtrip-qos1-10Byte-100-cycles
2018-05-15_23:00:53:027- subscribe returned (0, 1)
2018-05-15_23:00:53:028- Client connected to broker
2018-05-15_23:00:55:583- message received - id:0 - topic:mqtt-roundtrip-qos1-10Byte-100-cycles - qos:0 - size:10
2018-05-15_23:00:55:584- message sent - id:0 - topic:mqtt-roundtrip-qos1-10Byte-100-cycles_2 - qos:0 - size:10
2018-05-15_23:00:55:584- message received - id:0 - topic:mqtt-roundtrip-qos1-10Byte-100-cycles - qos:0 - size:10
2018-05-15_23:00:55:584- message sent - id:0 - topic:mqtt-roundtrip-qos1-10Byte-100-cycles_2 - qos:0 - size:10
2018-05-15_23:00:55:585- message received - id:0 - topic:mqtt-roundtrip-qos1-10Byte-100-cycles - qos:0 - size:10
2018-05-15_23:00:55:585- message sent - id:0 - topic:mqtt-roundtrip-qos1-10Byte-100-cycles_2 - qos:0 - size:10
2018-05-15_23:00:55:585- message received - id:0 - topic:mqtt-roundtrip-qos1-10Byte-100-cycles - qos:0 - size:10
2018-05-15_23:00:55:586- message sent - id:0 - topic:mqtt-roundtrip-qos1-10Byte-100-cycles_2 - qos:0 - size:10
2018-05-15_23:00:55:586- message received - id:0 - topic:mqtt-roundtrip-qos1-10Byte-100-cycles - qos:0 - size:10
2018-05-15_23:00:55:586- message sent - id:0 - topic:mqtt-roundtrip-qos1-10Byte-100-cycles_2 - qos:0 - size:10
2018-05-15_23:00:55:586- message received - id:0 - topic:mqtt-roundtrip-qos1-10Byte-100-cycles - qos:0 - size:10
2018-05-15_23:00:55:587- message sent - id:0 - topic:mqtt-roundtrip-qos1-10Byte-100-cycles_2 - qos:0 - size:10
2018-05-15_23:00:55:587- message received - id:0 - topic:mqtt-roundtrip-qos1-10Byte-100-cycles - qos:0 - size:10
2018-05-15_23:00:55:587- message sent - id:0 - topic:mqtt-roundtrip-qos1-10Byte-100-cycles_2 - qos:0 - size:10
2018-05-15_23:00:55:587- message received - id:0 - topic:mqtt-roundtrip-qos1-10Byte-100-cycles - qos:0 - size:10
2018-05-15_23:00:55:588- message sent - id:0 - topic:mqtt-roundtrip-qos1-10Byte-100-cycles_2 - qos:0 - size:10
2018-05-15_23:00:55:588- message received - id:0 - topic:mqtt-roundtrip-qos1-10Byte-100-cycles - qos:0 - size:10
2018-05-15_23:00:55:588- message sent - id:0 - topic:mqtt-roundtrip-qos1-10Byte-100-cycles_2 - qos:0 - size:10
2018-05-15_23:00:55:588- message received - id:0 - topic:mqtt-roundtrip-qos1-10Byte-100-cycles - qos:0 - size:10
2018-05-15_23:00:55:589- message sent - id:0 - topic:mqtt-roundtrip-qos1-10Byte-100-cycles_2 - qos:0 - size:10
2018-05-15_23:00:55:589- message received - id:0 - topic:mqtt-roundtrip-qos1-10Byte-100-cycles - qos:0 - size:10
2018-05-15_23:00:55:589- message sent - id:0 - topic:mqtt-roundtrip-qos1-10Byte-100-cycles_2 - qos:0 - size:10
2018-05-15_23:00:55:590- message received - id:0 - topic:mqtt-roundtrip-qos1-10Byte-100-cycles - qos:0 - size:10
2018-05-15_23:00:55:590- message sent - id:0 - topic:mqtt-roundtrip-qos1-10Byte-100-cycles_2 - qos:0 - size:10
2018-05-15_23:00:55:590- message received - id:0 - topic:mqtt-roundtrip-qos1-10Byte-100-cycles - qos:0 - size:10
2018-05-15_23:00:55:590- message sent - id:0 - topic:mqtt-roundtrip-qos1-10Byte-100-cycles_2 - qos:0 - size:10
2018-05-15_23:00:55:591- message received - id:0 - topic:mqtt-roundtrip-qos1-10Byte-100-cycles - qos:0 - size:10
2018-05-15_23:00:55:591- message sent - id:0 - topic:mqtt-roundtrip-qos1-10Byte-100-cycles_2 - qos:0 - size:10
2018-05-15_23:00:55:591- message received - id:0 - topic:mqtt-roundtrip-qos1-10Byte-100-cycles - qos:0 - size:10
2018-05-15_23:00:55:591- message sent - id:0 - topic:mqtt-roundtrip-qos1-10Byte-100-cycles_2 - qos:0 - size:10
2018-05-15_23:00:55:592- message received - id:0 - topic:mqtt-roundtrip-qos1-10Byte-100-cycles - qos:0 - size:10
2018-05-15_23:00:55:592- message sent - id:0 - topic:mqtt-roundtrip-qos1-10Byte-100-cycles_2 - qos:0 - size:10
2018-05-15_23:00:55:592- message received - id:0 - topic:mqtt-roundtrip-qos1-10Byte-100-cycles - qos:0 - size:10
2018-05-15_23:00:55:592- message sent - id:0 - topic:mqtt-roundtrip-qos1-10Byte-100-cycles_2 - qos:0 - size:10
2018-05-15_23:00:55:593- message received - id:0 - topic:mqtt-roundtrip-qos1-10Byte-100-cycles - qos:0 - size:10
2018-05-15_23:00:55:593- message sent - id:0 - topic:mqtt-roundtrip-qos1-10Byte-100-cycles_2 - qos:0 - size:10
2018-05-15_23:00:55:593- message received - id:0 - topic:mqtt-roundtrip-qos1-10Byte-100-cycles - qos:0 - size:10
2018-05-15_23:00:55:593- message sent - id:0 - topic:mqtt-roundtrip-qos1-10Byte-100-cycles_2 - qos:0 - size:10
2018-05-15_23:00:55:594- message received - id:0 - topic:mqtt-roundtrip-qos1-10Byte-100-cycles - qos:0 - size:10
2018-05-15_23:00:55:594- message sent - id:0 - topic:mqtt-roundtrip-qos1-10Byte-100-cycles_2 - qos:0 - size:10
2018-05-15_23:00:55:594- message received - id:0 - topic:mqtt-roundtrip-qos1-10Byte-100-cycles - qos:0 - size:10
2018-05-15_23:00:55:594- message sent - id:0 - topic:mqtt-roundtrip-qos1-10Byte-100-cycles_2 - qos:0 - size:10
2018-05-15_23:00:55:595- message received - id:0 - topic:mqtt-roundtrip-qos1-10Byte-100-cycles - qos:0 - size:10
2018-05-15_23:00:55:595- message sent - id:0 - topic:mqtt-roundtrip-qos1-10Byte-100-cycles_2 - qos:0 - size:10
2018-05-15_23:00:55:595- message received - id:0 - topic:mqtt-roundtrip-qos1-10Byte-100-cycles - qos:0 - size:10
2018-05-15_23:00:55:595- message sent - id:0 - topic:mqtt-roundtrip-qos1-10Byte-100-cycles_2 - qos:0 - size:10
2018-05-15_23:00:55:596- message received - id:0 - topic:mqtt-roundtrip-qos1-10Byte-100-cycles - qos:0 - size:10
2018-05-15_23:00:55:596- message sent - id:0 - topic:mqtt-roundtrip-qos1-10Byte-100-cycles_2 - qos:0 - size:10
2018-05-15_23:00:55:596- message received - id:0 - topic:mqtt-roundtrip-qos1-10Byte-100-cycles - qos:0 - size:10
2018-05-15_23:00:55:596- message sent - id:0 - topic:mqtt-roundtrip-qos1-10Byte-100-cycles_2 - qos:0 - size:10
2018-05-15_23:00:55:597- message received - id:0 - topic:mqtt-roundtrip-qos1-10Byte-100-cycles - qos:0 - size:10
2018-05-15_23:00:55:597- message sent - id:0 - topic:mqtt-roundtrip-qos1-10Byte-100-cycles_2 - qos:0 - size:10
2018-05-15_23:00:55:597- message received - id:0 - topic:mqtt-roundtrip-qos1-10Byte-100-cycles - qos:0 - size:10
2018-05-15_23:00:55:597- message sent - id:0 - topic:mqtt-roundtrip-qos1-10Byte-100-cycles_2 - qos:0 - size:10
2018-05-15_23:00:55:598- message received - id:0 - topic:mqtt-roundtrip-qos1-10Byte-100-cycles - qos:0 - size:10
2018-05-15_23:00:55:598- message sent - id:0 - topic:mqtt-roundtrip-qos1-10Byte-100-cycles_2 - qos:0 - size:10
2018-05-15_23:00:55:598- message received - id:0 - topic:mqtt-roundtrip-qos1-10Byte-100-cycles - qos:0 - size:10
2018-05-15_23:00:55:598- message sent - id:0 - topic:mqtt-roundtrip-qos1-10Byte-100-cycles_2 - qos:0 - size:10
2018-05-15_23:00:55:599- message received - id:0 - topic:mqtt-roundtrip-qos1-10Byte-100-cycles - qos:0 - size:10
2018-05-15_23:00:55:599- message sent - id:0 - topic:mqtt-roundtrip-qos1-10Byte-100-cycles_2 - qos:0 - size:10
2018-05-15_23:00:55:599- message received - id:0 - topic:mqtt-roundtrip-qos1-10Byte-100-cycles - qos:0 - size:10
2018-05-15_23:00:55:599- message sent - id:0 - topic:mqtt-roundtrip-qos1-10Byte-100-cycles_2 - qos:0 - size:10
2018-05-15_23:00:55:600- message received - id:0 - topic:mqtt-roundtrip-qos1-10Byte-100-cycles - qos:0 - size:10
2018-05-15_23:00:55:600- message sent - id:0 - topic:mqtt-roundtrip-qos1-10Byte-100-cycles_2 - qos:0 - size:10
2018-05-15_23:00:55:600- message received - id:0 - topic:mqtt-roundtrip-qos1-10Byte-100-cycles - qos:0 - size:10
2018-05-15_23:00:55:600- message sent - id:0 - topic:mqtt-roundtrip-qos1-10Byte-100-cycles_2 - qos:0 - size:10
2018-05-15_23:00:55:601- message received - id:0 - topic:mqtt-roundtrip-qos1-10Byte-100-cycles - qos:0 - size:10
2018-05-15_23:00:55:601- message sent - id:0 - topic:mqtt-roundtrip-qos1-10Byte-100-cycles_2 - qos:0 - size:10
2018-05-15_23:00:55:601- message received - id:0 - topic:mqtt-roundtrip-qos1-10Byte-100-cycles - qos:0 - size:10
2018-05-15_23:00:55:601- message sent - id:0 - topic:mqtt-roundtrip-qos1-10Byte-100-cycles_2 - qos:0 - size:10
2018-05-15_23:00:55:602- message received - id:0 - topic:mqtt-roundtrip-qos1-10Byte-100-cycles - qos:0 - size:10
2018-05-15_23:00:55:602- message sent - id:0 - topic:mqtt-roundtrip-qos1-10Byte-100-cycles_2 - qos:0 - size:10
2018-05-15_23:00:55:602- message received - id:0 - topic:mqtt-roundtrip-qos1-10Byte-100-cycles - qos:0 - size:10
2018-05-15_23:00:55:602- message sent - id:0 - topic:mqtt-roundtrip-qos1-10Byte-100-cycles_2 - qos:0 - size:10
2018-05-15_23:00:55:603- message received - id:0 - topic:mqtt-roundtrip-qos1-10Byte-100-cycles - qos:0 - size:10
2018-05-15_23:00:55:603- message sent - id:0 - topic:mqtt-roundtrip-qos1-10Byte-100-cycles_2 - qos:0 - size:10
2018-05-15_23:00:55:603- message received - id:0 - topic:mqtt-roundtrip-qos1-10Byte-100-cycles - qos:0 - size:10
2018-05-15_23:00:55:603- message sent - id:0 - topic:mqtt-roundtrip-qos1-10Byte-100-cycles_2 - qos:0 - size:10
2018-05-15_23:00:55:604- message received - id:0 - topic:mqtt-roundtrip-qos1-10Byte-100-cycles - qos:0 - size:10
2018-05-15_23:00:55:604- message sent - id:0 - topic:mqtt-roundtrip-qos1-10Byte-100-cycles_2 - qos:0 - size:10
2018-05-15_23:00:55:604- message received - id:0 - topic:mqtt-roundtrip-qos1-10Byte-100-cycles - qos:0 - size:10
2018-05-15_23:00:55:604- message sent - id:0 - topic:mqtt-roundtrip-qos1-10Byte-100-cycles_2 - qos:0 - size:10
2018-05-15_23:00:55:605- message received - id:0 - topic:mqtt-roundtrip-qos1-10Byte-100-cycles - qos:0 - size:10
2018-05-15_23:00:55:605- message sent - id:0 - topic:mqtt-roundtrip-qos1-10Byte-100-cycles_2 - qos:0 - size:10
2018-05-15_23:00:55:605- message received - id:0 - topic:mqtt-roundtrip-qos1-10Byte-100-cycles - qos:0 - size:10
2018-05-15_23:00:55:605- message sent - id:0 - topic:mqtt-roundtrip-qos1-10Byte-100-cycles_2 - qos:0 - size:10
2018-05-15_23:00:55:606- message received - id:0 - topic:mqtt-roundtrip-qos1-10Byte-100-cycles - qos:0 - size:10
2018-05-15_23:00:55:606- message sent - id:0 - topic:mqtt-roundtrip-qos1-10Byte-100-cycles_2 - qos:0 - size:10
2018-05-15_23:00:55:606- message received - id:0 - topic:mqtt-roundtrip-qos1-10Byte-100-cycles - qos:0 - size:10
2018-05-15_23:00:55:606- message sent - id:0 - topic:mqtt-roundtrip-qos1-10Byte-100-cycles_2 - qos:0 - size:10
2018-05-15_23:00:55:607- message received - id:0 - topic:mqtt-roundtrip-qos1-10Byte-100-cycles - qos:0 - size:10
2018-05-15_23:00:55:607- message sent - id:0 - topic:mqtt-roundtrip-qos1-10Byte-100-cycles_2 - qos:0 - size:10
2018-05-15_23:00:55:607- message received - id:0 - topic:mqtt-roundtrip-qos1-10Byte-100-cycles - qos:0 - size:10
2018-05-15_23:00:55:607- message sent - id:0 - topic:mqtt-roundtrip-qos1-10Byte-100-cycles_2 - qos:0 - size:10
2018-05-15_23:00:55:608- message received - id:0 - topic:mqtt-roundtrip-qos1-10Byte-100-cycles - qos:0 - size:10
2018-05-15_23:00:55:608- message sent - id:0 - topic:mqtt-roundtrip-qos1-10Byte-100-cycles_2 - qos:0 - size:10
2018-05-15_23:00:55:608- message received - id:0 - topic:mqtt-roundtrip-qos1-10Byte-100-cycles - qos:0 - size:10
2018-05-15_23:00:55:609- message sent - id:0 - topic:mqtt-roundtrip-qos1-10Byte-100-cycles_2 - qos:0 - size:10
2018-05-15_23:00:55:609- message received - id:0 - topic:mqtt-roundtrip-qos1-10Byte-100-cycles - qos:0 - size:10
2018-05-15_23:00:55:609- message sent - id:0 - topic:mqtt-roundtrip-qos1-10Byte-100-cycles_2 - qos:0 - size:10
2018-05-15_23:00:55:610- message received - id:0 - topic:mqtt-roundtrip-qos1-10Byte-100-cycles - qos:0 - size:10
2018-05-15_23:00:55:610- message sent - id:0 - topic:mqtt-roundtrip-qos1-10Byte-100-cycles_2 - qos:0 - size:10
2018-05-15_23:00:55:610- message received - id:0 - topic:mqtt-roundtrip-qos1-10Byte-100-cycles - qos:0 - size:10
2018-05-15_23:00:55:611- message sent - id:0 - topic:mqtt-roundtrip-qos1-10Byte-100-cycles_2 - qos:0 - size:10
2018-05-15_23:00:55:611- message received - id:0 - topic:mqtt-roundtrip-qos1-10Byte-100-cycles - qos:0 - size:10
2018-05-15_23:00:55:612- message sent - id:0 - topic:mqtt-roundtrip-qos1-10Byte-100-cycles_2 - qos:0 - size:10
2018-05-15_23:00:55:612- message received - id:0 - topic:mqtt-roundtrip-qos1-10Byte-100-cycles - qos:0 - size:10
2018-05-15_23:00:55:612- message sent - id:0 - topic:mqtt-roundtrip-qos1-10Byte-100-cycles_2 - qos:0 - size:10
2018-05-15_23:00:55:612- message received - id:0 - topic:mqtt-roundtrip-qos1-10Byte-100-cycles - qos:0 - size:10
2018-05-15_23:00:55:613- message sent - id:0 - topic:mqtt-roundtrip-qos1-10Byte-100-cycles_2 - qos:0 - size:10
2018-05-15_23:00:55:613- message received - id:0 - topic:mqtt-roundtrip-qos1-10Byte-100-cycles - qos:0 - size:10
2018-05-15_23:00:55:613- message sent - id:0 - topic:mqtt-roundtrip-qos1-10Byte-100-cycles_2 - qos:0 - size:10
2018-05-15_23:00:55:613- message received - id:0 - topic:mqtt-roundtrip-qos1-10Byte-100-cycles - qos:0 - size:10
2018-05-15_23:00:55:614- message sent - id:0 - topic:mqtt-roundtrip-qos1-10Byte-100-cycles_2 - qos:0 - size:10
2018-05-15_23:00:55:614- message received - id:0 - topic:mqtt-roundtrip-qos1-10Byte-100-cycles - qos:0 - size:10
2018-05-15_23:00:55:614- message sent - id:0 - topic:mqtt-roundtrip-qos1-10Byte-100-cycles_2 - qos:0 - size:10
2018-05-15_23:00:55:615- message received - id:0 - topic:mqtt-roundtrip-qos1-10Byte-100-cycles - qos:0 - size:10
2018-05-15_23:00:55:616- message sent - id:0 - topic:mqtt-roundtrip-qos1-10Byte-100-cycles_2 - qos:0 - size:10
2018-05-15_23:00:55:616- message received - id:0 - topic:mqtt-roundtrip-qos1-10Byte-100-cycles - qos:0 - size:10
2018-05-15_23:00:55:617- message sent - id:0 - topic:mqtt-roundtrip-qos1-10Byte-100-cycles_2 - qos:0 - size:10
2018-05-15_23:00:55:618- message received - id:0 - topic:mqtt-roundtrip-qos1-10Byte-100-cycles - qos:0 - size:10
2018-05-15_23:00:55:618- message sent - id:0 - topic:mqtt-roundtrip-qos1-10Byte-100-cycles_2 - qos:0 - size:10
2018-05-15_23:00:55:618- message received - id:0 - topic:mqtt-roundtrip-qos1-10Byte-100-cycles - qos:0 - size:10
2018-05-15_23:00:55:619- message sent - id:0 - topic:mqtt-roundtrip-qos1-10Byte-100-cycles_2 - qos:0 - size:10
2018-05-15_23:00:55:619- message received - id:0 - topic:mqtt-roundtrip-qos1-10Byte-100-cycles - qos:0 - size:10
2018-05-15_23:00:55:619- message sent - id:0 - topic:mqtt-roundtrip-qos1-10Byte-100-cycles_2 - qos:0 - size:10
2018-05-15_23:00:55:620- message received - id:0 - topic:mqtt-roundtrip-qos1-10Byte-100-cycles - qos:0 - size:10
2018-05-15_23:00:55:620- message sent - id:0 - topic:mqtt-roundtrip-qos1-10Byte-100-cycles_2 - qos:0 - size:10
2018-05-15_23:00:55:620- message received - id:0 - topic:mqtt-roundtrip-qos1-10Byte-100-cycles - qos:0 - size:10
2018-05-15_23:00:55:620- message sent - id:0 - topic:mqtt-roundtrip-qos1-10Byte-100-cycles_2 - qos:0 - size:10
2018-05-15_23:00:55:621- message received - id:0 - topic:mqtt-roundtrip-qos1-10Byte-100-cycles - qos:0 - size:10
2018-05-15_23:00:55:621- message sent - id:0 - topic:mqtt-roundtrip-qos1-10Byte-100-cycles_2 - qos:0 - size:10
2018-05-15_23:00:55:621- message received - id:0 - topic:mqtt-roundtrip-qos1-10Byte-100-cycles - qos:0 - size:10
2018-05-15_23:00:55:621- message sent - id:0 - topic:mqtt-roundtrip-qos1-10Byte-100-cycles_2 - qos:0 - size:10
2018-05-15_23:00:55:621- message received - id:0 - topic:mqtt-roundtrip-qos1-10Byte-100-cycles - qos:0 - size:10
2018-05-15_23:00:55:621- message sent - id:0 - topic:mqtt-roundtrip-qos1-10Byte-100-cycles_2 - qos:0 - size:10
2018-05-15_23:00:55:622- message received - id:0 - topic:mqtt-roundtrip-qos1-10Byte-100-cycles - qos:0 - size:10
2018-05-15_23:00:55:622- message sent - id:0 - topic:mqtt-roundtrip-qos1-10Byte-100-cycles_2 - qos:0 - size:10
2018-05-15_23:00:55:622- message received - id:0 - topic:mqtt-roundtrip-qos1-10Byte-100-cycles - qos:0 - size:10
2018-05-15_23:00:55:622- message sent - id:0 - topic:mqtt-roundtrip-qos1-10Byte-100-cycles_2 - qos:0 - size:10
2018-05-15_23:00:55:622- message received - id:0 - topic:mqtt-roundtrip-qos1-10Byte-100-cycles - qos:0 - size:10
2018-05-15_23:00:55:622- message sent - id:0 - topic:mqtt-roundtrip-qos1-10Byte-100-cycles_2 - qos:0 - size:10
2018-05-15_23:00:55:623- message received - id:0 - topic:mqtt-roundtrip-qos1-10Byte-100-cycles - qos:0 - size:10
2018-05-15_23:00:55:623- message sent - id:0 - topic:mqtt-roundtrip-qos1-10Byte-100-cycles_2 - qos:0 - size:10
2018-05-15_23:00:55:623- message received - id:0 - topic:mqtt-roundtrip-qos1-10Byte-100-cycles - qos:0 - size:10
2018-05-15_23:00:55:623- message sent - id:0 - topic:mqtt-roundtrip-qos1-10Byte-100-cycles_2 - qos:0 - size:10
2018-05-15_23:00:55:623- message received - id:0 - topic:mqtt-roundtrip-qos1-10Byte-100-cycles - qos:0 - size:10
2018-05-15_23:00:55:623- message sent - id:0 - topic:mqtt-roundtrip-qos1-10Byte-100-cycles_2 - qos:0 - size:10
2018-05-15_23:00:55:624- message received - id:0 - topic:mqtt-roundtrip-qos1-10Byte-100-cycles - qos:0 - size:10
2018-05-15_23:00:55:624- message sent - id:0 - topic:mqtt-roundtrip-qos1-10Byte-100-cycles_2 - qos:0 - size:10
2018-05-15_23:00:55:624- message received - id:0 - topic:mqtt-roundtrip-qos1-10Byte-100-cycles - qos:0 - size:10
2018-05-15_23:00:55:624- message sent - id:0 - topic:mqtt-roundtrip-qos1-10Byte-100-cycles_2 - qos:0 - size:10
2018-05-15_23:00:55:624- message received - id:0 - topic:mqtt-roundtrip-qos1-10Byte-100-cycles - qos:0 - size:10
2018-05-15_23:00:55:624- message sent - id:0 - topic:mqtt-roundtrip-qos1-10Byte-100-cycles_2 - qos:0 - size:10
2018-05-15_23:00:55:625- message received - id:0 - topic:mqtt-roundtrip-qos1-10Byte-100-cycles - qos:0 - size:10
2018-05-15_23:00:55:625- message sent - id:0 - topic:mqtt-roundtrip-qos1-10Byte-100-cycles_2 - qos:0 - size:10
2018-05-15_23:00:55:625- message received - id:0 - topic:mqtt-roundtrip-qos1-10Byte-100-cycles - qos:0 - size:10
2018-05-15_23:00:55:625- message sent - id:0 - topic:mqtt-roundtrip-qos1-10Byte-100-cycles_2 - qos:0 - size:10
2018-05-15_23:00:55:625- message received - id:0 - topic:mqtt-roundtrip-qos1-10Byte-100-cycles - qos:0 - size:10
2018-05-15_23:00:55:625- message sent - id:0 - topic:mqtt-roundtrip-qos1-10Byte-100-cycles_2 - qos:0 - size:10
2018-05-15_23:00:55:626- message received - id:0 - topic:mqtt-roundtrip-qos1-10Byte-100-cycles - qos:0 - size:10
2018-05-15_23:00:55:626- message sent - id:0 - topic:mqtt-roundtrip-qos1-10Byte-100-cycles_2 - qos:0 - size:10
2018-05-15_23:00:55:626- message received - id:0 - topic:mqtt-roundtrip-qos1-10Byte-100-cycles - qos:0 - size:10
2018-05-15_23:00:55:626- message sent - id:0 - topic:mqtt-roundtrip-qos1-10Byte-100-cycles_2 - qos:0 - size:10
2018-05-15_23:00:55:626- message received - id:0 - topic:mqtt-roundtrip-qos1-10Byte-100-cycles - qos:0 - size:10
2018-05-15_23:00:55:626- message sent - id:0 - topic:mqtt-roundtrip-qos1-10Byte-100-cycles_2 - qos:0 - size:10
2018-05-15_23:00:55:627- message received - id:0 - topic:mqtt-roundtrip-qos1-10Byte-100-cycles - qos:0 - size:10
2018-05-15_23:00:55:627- message sent - id:0 - topic:mqtt-roundtrip-qos1-10Byte-100-cycles_2 - qos:0 - size:10
2018-05-15_23:00:55:627- message received - id:0 - topic:mqtt-roundtrip-qos1-10Byte-100-cycles - qos:0 - size:10
2018-05-15_23:00:55:627- message sent - id:0 - topic:mqtt-roundtrip-qos1-10Byte-100-cycles_2 - qos:0 - size:10
2018-05-15_23:00:55:627- message received - id:0 - topic:mqtt-roundtrip-qos1-10Byte-100-cycles - qos:0 - size:10
2018-05-15_23:00:55:627- message sent - id:0 - topic:mqtt-roundtrip-qos1-10Byte-100-cycles_2 - qos:0 - size:10
2018-05-15_23:00:55:627- message received - id:0 - topic:mqtt-roundtrip-qos1-10Byte-100-cycles - qos:0 - size:10
2018-05-15_23:00:55:628- message sent - id:0 - topic:mqtt-roundtrip-qos1-10Byte-100-cycles_2 - qos:0 - size:10
2018-05-15_23:00:55:628- message received - id:0 - topic:mqtt-roundtrip-qos1-10Byte-100-cycles - qos:0 - size:10
2018-05-15_23:00:55:628- message sent - id:0 - topic:mqtt-roundtrip-qos1-10Byte-100-cycles_2 - qos:0 - size:10
2018-05-15_23:00:55:628- message received - id:0 - topic:mqtt-roundtrip-qos1-10Byte-100-cycles - qos:0 - size:10
2018-05-15_23:00:55:628- message sent - id:0 - topic:mqtt-roundtrip-qos1-10Byte-100-cycles_2 - qos:0 - size:10
2018-05-15_23:00:55:628- message received - id:0 - topic:mqtt-roundtrip-qos1-10Byte-100-cycles - qos:0 - size:10
2018-05-15_23:00:55:629- message sent - id:0 - topic:mqtt-roundtrip-qos1-10Byte-100-cycles_2 - qos:0 - size:10
2018-05-15_23:00:55:629- message received - id:0 - topic:mqtt-roundtrip-qos1-10Byte-100-cycles - qos:0 - size:10
2018-05-15_23:00:55:629- message sent - id:0 - topic:mqtt-roundtrip-qos1-10Byte-100-cycles_2 - qos:0 - size:10
2018-05-15_23:00:55:629- message received - id:0 - topic:mqtt-roundtrip-qos1-10Byte-100-cycles - qos:0 - size:10
2018-05-15_23:00:55:629- message sent - id:0 - topic:mqtt-roundtrip-qos1-10Byte-100-cycles_2 - qos:0 - size:10
2018-05-15_23:00:55:629- message received - id:0 - topic:mqtt-roundtrip-qos1-10Byte-100-cycles - qos:0 - size:10
2018-05-15_23:00:55:630- message sent - id:0 - topic:mqtt-roundtrip-qos1-10Byte-100-cycles_2 - qos:0 - size:10
2018-05-15_23:00:55:630- message received - id:0 - topic:mqtt-roundtrip-qos1-10Byte-100-cycles - qos:0 - size:10
2018-05-15_23:00:55:630- message sent - id:0 - topic:mqtt-roundtrip-qos1-10Byte-100-cycles_2 - qos:0 - size:10
2018-05-15_23:00:55:630- message received - id:0 - topic:mqtt-roundtrip-qos1-10Byte-100-cycles - qos:0 - size:10
2018-05-15_23:00:55:630- message sent - id:0 - topic:mqtt-roundtrip-qos1-10Byte-100-cycles_2 - qos:0 - size:10
2018-05-15_23:00:55:630- message received - id:0 - topic:mqtt-roundtrip-qos1-10Byte-100-cycles - qos:0 - size:10
2018-05-15_23:00:55:631- message sent - id:0 - topic:mqtt-roundtrip-qos1-10Byte-100-cycles_2 - qos:0 - size:10
2018-05-15_23:00:55:631- message received - id:0 - topic:mqtt-roundtrip-qos1-10Byte-100-cycles - qos:0 - size:10
2018-05-15_23:00:55:631- message sent - id:0 - topic:mqtt-roundtrip-qos1-10Byte-100-cycles_2 - qos:0 - size:10
2018-05-15_23:00:55:631- message received - id:0 - topic:mqtt-roundtrip-qos1-10Byte-100-cycles - qos:0 - size:10
2018-05-15_23:00:55:632- message sent - id:0 - topic:mqtt-roundtrip-qos1-10Byte-100-cycles_2 - qos:0 - size:10
2018-05-15_23:00:55:632- message received - id:0 - topic:mqtt-roundtrip-qos1-10Byte-100-cycles - qos:0 - size:10
2018-05-15_23:00:55:632- message sent - id:0 - topic:mqtt-roundtrip-qos1-10Byte-100-cycles_2 - qos:0 - size:10
2018-05-15_23:00:55:632- message received - id:0 - topic:mqtt-roundtrip-qos1-10Byte-100-cycles - qos:0 - size:10
2018-05-15_23:00:55:633- message sent - id:0 - topic:mqtt-roundtrip-qos1-10Byte-100-cycles_2 - qos:0 - size:10
2018-05-15_23:03:08:606- connecting to broker 192.168.1.100:1883
2018-05-15_23:03:08:607- Subscribing to topicmqtt-roundtrip-qos1-10Byte-100-cycles
2018-05-15_23:03:08:608- subscribe returned (0, 1)
2018-05-15_23:03:08:611- Client connected to broker
2018-05-15_23:03:10:921- message received - id:0 - topic:mqtt-roundtrip-qos1-10Byte-100-cycles - qos:0 - size:10
2018-05-15_23:03:10:922- message sent - id:0 - topic:mqtt-roundtrip-qos1-10Byte-100-cycles_2 - qos:0 - size:10
2018-05-15_23:03:10:922- message received - id:0 - topic:mqtt-roundtrip-qos1-10Byte-100-cycles - qos:0 - size:10
2018-05-15_23:03:10:922- message sent - id:0 - topic:mqtt-roundtrip-qos1-10Byte-100-cycles_2 - qos:0 - size:10
2018-05-15_23:03:10:922- message received - id:0 - topic:mqtt-roundtrip-qos1-10Byte-100-cycles - qos:0 - size:10
2018-05-15_23:03:10:923- message sent - id:0 - topic:mqtt-roundtrip-qos1-10Byte-100-cycles_2 - qos:0 - size:10
2018-05-15_23:03:10:923- message received - id:0 - topic:mqtt-roundtrip-qos1-10Byte-100-cycles - qos:0 - size:10
2018-05-15_23:03:10:923- message sent - id:0 - topic:mqtt-roundtrip-qos1-10Byte-100-cycles_2 - qos:0 - size:10
2018-05-15_23:03:10:923- message received - id:0 - topic:mqtt-roundtrip-qos1-10Byte-100-cycles - qos:0 - size:10
2018-05-15_23:03:10:923- message sent - id:0 - topic:mqtt-roundtrip-qos1-10Byte-100-cycles_2 - qos:0 - size:10
2018-05-15_23:03:10:924- message received - id:0 - topic:mqtt-roundtrip-qos1-10Byte-100-cycles - qos:0 - size:10
2018-05-15_23:03:10:924- message sent - id:0 - topic:mqtt-roundtrip-qos1-10Byte-100-cycles_2 - qos:0 - size:10
2018-05-15_23:03:10:924- message received - id:0 - topic:mqtt-roundtrip-qos1-10Byte-100-cycles - qos:0 - size:10
2018-05-15_23:03:10:924- message sent - id:0 - topic:mqtt-roundtrip-qos1-10Byte-100-cycles_2 - qos:0 - size:10
2018-05-15_23:03:10:924- message received - id:0 - topic:mqtt-roundtrip-qos1-10Byte-100-cycles - qos:0 - size:10
2018-05-15_23:03:10:925- message sent - id:0 - topic:mqtt-roundtrip-qos1-10Byte-100-cycles_2 - qos:0 - size:10
2018-05-15_23:03:10:925- message received - id:0 - topic:mqtt-roundtrip-qos1-10Byte-100-cycles - qos:0 - size:10
2018-05-15_23:03:10:925- message sent - id:0 - topic:mqtt-roundtrip-qos1-10Byte-100-cycles_2 - qos:0 - size:10
2018-05-15_23:03:10:925- message received - id:0 - topic:mqtt-roundtrip-qos1-10Byte-100-cycles - qos:0 - size:10
2018-05-15_23:03:10:925- message sent - id:0 - topic:mqtt-roundtrip-qos1-10Byte-100-cycles_2 - qos:0 - size:10
2018-05-15_23:03:10:926- message received - id:0 - topic:mqtt-roundtrip-qos1-10Byte-100-cycles - qos:0 - size:10
2018-05-15_23:03:10:926- message sent - id:0 - topic:mqtt-roundtrip-qos1-10Byte-100-cycles_2 - qos:0 - size:10
2018-05-15_23:03:10:928- message received - id:0 - topic:mqtt-roundtrip-qos1-10Byte-100-cycles - qos:0 - size:10
2018-05-15_23:03:10:928- message sent - id:0 - topic:mqtt-roundtrip-qos1-10Byte-100-cycles_2 - qos:0 - size:10
2018-05-15_23:03:10:929- message received - id:0 - topic:mqtt-roundtrip-qos1-10Byte-100-cycles - qos:0 - size:10
2018-05-15_23:03:10:929- message sent - id:0 - topic:mqtt-roundtrip-qos1-10Byte-100-cycles_2 - qos:0 - size:10
2018-05-15_23:03:10:929- message received - id:0 - topic:mqtt-roundtrip-qos1-10Byte-100-cycles - qos:0 - size:10
2018-05-15_23:03:10:929- message sent - id:0 - topic:mqtt-roundtrip-qos1-10Byte-100-cycles_2 - qos:0 - size:10
2018-05-15_23:03:10:929- message received - id:0 - topic:mqtt-roundtrip-qos1-10Byte-100-cycles - qos:0 - size:10
2018-05-15_23:03:10:930- message sent - id:0 - topic:mqtt-roundtrip-qos1-10Byte-100-cycles_2 - qos:0 - size:10
2018-05-15_23:03:10:930- message received - id:0 - topic:mqtt-roundtrip-qos1-10Byte-100-cycles - qos:0 - size:10
2018-05-15_23:03:10:930- message sent - id:0 - topic:mqtt-roundtrip-qos1-10Byte-100-cycles_2 - qos:0 - size:10
2018-05-15_23:03:10:930- message received - id:0 - topic:mqtt-roundtrip-qos1-10Byte-100-cycles - qos:0 - size:10
2018-05-15_23:03:10:930- message sent - id:0 - topic:mqtt-roundtrip-qos1-10Byte-100-cycles_2 - qos:0 - size:10
2018-05-15_23:03:10:931- message received - id:0 - topic:mqtt-roundtrip-qos1-10Byte-100-cycles - qos:0 - size:10
2018-05-15_23:03:10:931- message sent - id:0 - topic:mqtt-roundtrip-qos1-10Byte-100-cycles_2 - qos:0 - size:10
2018-05-15_23:03:10:931- message received - id:0 - topic:mqtt-roundtrip-qos1-10Byte-100-cycles - qos:0 - size:10
2018-05-15_23:03:10:931- message sent - id:0 - topic:mqtt-roundtrip-qos1-10Byte-100-cycles_2 - qos:0 - size:10
2018-05-15_23:03:10:931- message received - id:0 - topic:mqtt-roundtrip-qos1-10Byte-100-cycles - qos:0 - size:10
2018-05-15_23:03:10:932- message sent - id:0 - topic:mqtt-roundtrip-qos1-10Byte-100-cycles_2 - qos:0 - size:10
2018-05-15_23:03:10:932- message received - id:0 - topic:mqtt-roundtrip-qos1-10Byte-100-cycles - qos:0 - size:10
2018-05-15_23:03:10:932- message sent - id:0 - topic:mqtt-roundtrip-qos1-10Byte-100-cycles_2 - qos:0 - size:10
2018-05-15_23:03:10:932- message received - id:0 - topic:mqtt-roundtrip-qos1-10Byte-100-cycles - qos:0 - size:10
2018-05-15_23:03:10:932- message sent - id:0 - topic:mqtt-roundtrip-qos1-10Byte-100-cycles_2 - qos:0 - size:10
2018-05-15_23:03:10:933- message received - id:0 - topic:mqtt-roundtrip-qos1-10Byte-100-cycles - qos:0 - size:10
2018-05-15_23:03:10:933- message sent - id:0 - topic:mqtt-roundtrip-qos1-10Byte-100-cycles_2 - qos:0 - size:10
2018-05-15_23:03:10:933- message received - id:0 - topic:mqtt-roundtrip-qos1-10Byte-100-cycles - qos:0 - size:10
2018-05-15_23:03:10:933- message sent - id:0 - topic:mqtt-roundtrip-qos1-10Byte-100-cycles_2 - qos:0 - size:10
2018-05-15_23:03:10:933- message received - id:0 - topic:mqtt-roundtrip-qos1-10Byte-100-cycles - qos:0 - size:10
2018-05-15_23:03:10:934- message sent - id:0 - topic:mqtt-roundtrip-qos1-10Byte-100-cycles_2 - qos:0 - size:10
2018-05-15_23:03:10:934- message received - id:0 - topic:mqtt-roundtrip-qos1-10Byte-100-cycles - qos:0 - size:10
2018-05-15_23:03:10:934- message sent - id:0 - topic:mqtt-roundtrip-qos1-10Byte-100-cycles_2 - qos:0 - size:10
2018-05-15_23:03:10:934- message received - id:0 - topic:mqtt-roundtrip-qos1-10Byte-100-cycles - qos:0 - size:10
2018-05-15_23:03:10:934- message sent - id:0 - topic:mqtt-roundtrip-qos1-10Byte-100-cycles_2 - qos:0 - size:10
2018-05-15_23:03:10:935- message received - id:0 - topic:mqtt-roundtrip-qos1-10Byte-100-cycles - qos:0 - size:10
2018-05-15_23:03:10:935- message sent - id:0 - topic:mqtt-roundtrip-qos1-10Byte-100-cycles_2 - qos:0 - size:10
2018-05-15_23:03:10:935- message received - id:0 - topic:mqtt-roundtrip-qos1-10Byte-100-cycles - qos:0 - size:10
2018-05-15_23:03:10:935- message sent - id:0 - topic:mqtt-roundtrip-qos1-10Byte-100-cycles_2 - qos:0 - size:10
2018-05-15_23:03:10:935- message received - id:0 - topic:mqtt-roundtrip-qos1-10Byte-100-cycles - qos:0 - size:10
2018-05-15_23:03:10:936- message sent - id:0 - topic:mqtt-roundtrip-qos1-10Byte-100-cycles_2 - qos:0 - size:10
2018-05-15_23:03:10:936- message received - id:0 - topic:mqtt-roundtrip-qos1-10Byte-100-cycles - qos:0 - size:10
2018-05-15_23:03:10:936- message sent - id:0 - topic:mqtt-roundtrip-qos1-10Byte-100-cycles_2 - qos:0 - size:10
2018-05-15_23:03:10:936- message received - id:0 - topic:mqtt-roundtrip-qos1-10Byte-100-cycles - qos:0 - size:10
2018-05-15_23:03:10:936- message sent - id:0 - topic:mqtt-roundtrip-qos1-10Byte-100-cycles_2 - qos:0 - size:10
2018-05-15_23:03:10:937- message received - id:0 - topic:mqtt-roundtrip-qos1-10Byte-100-cycles - qos:0 - size:10
2018-05-15_23:03:10:937- message sent - id:0 - topic:mqtt-roundtrip-qos1-10Byte-100-cycles_2 - qos:0 - size:10
2018-05-15_23:03:10:937- message received - id:0 - topic:mqtt-roundtrip-qos1-10Byte-100-cycles - qos:0 - size:10
2018-05-15_23:03:10:937- message sent - id:0 - topic:mqtt-roundtrip-qos1-10Byte-100-cycles_2 - qos:0 - size:10
2018-05-15_23:03:10:937- message received - id:0 - topic:mqtt-roundtrip-qos1-10Byte-100-cycles - qos:0 - size:10
2018-05-15_23:03:10:937- message sent - id:0 - topic:mqtt-roundtrip-qos1-10Byte-100-cycles_2 - qos:0 - size:10
2018-05-15_23:03:10:938- message received - id:0 - topic:mqtt-roundtrip-qos1-10Byte-100-cycles - qos:0 - size:10
2018-05-15_23:03:10:938- message sent - id:0 - topic:mqtt-roundtrip-qos1-10Byte-100-cycles_2 - qos:0 - size:10
2018-05-15_23:03:10:938- message received - id:0 - topic:mqtt-roundtrip-qos1-10Byte-100-cycles - qos:0 - size:10
2018-05-15_23:03:10:938- message sent - id:0 - topic:mqtt-roundtrip-qos1-10Byte-100-cycles_2 - qos:0 - size:10
2018-05-15_23:03:10:938- message received - id:0 - topic:mqtt-roundtrip-qos1-10Byte-100-cycles - qos:0 - size:10
2018-05-15_23:03:10:939- message sent - id:0 - topic:mqtt-roundtrip-qos1-10Byte-100-cycles_2 - qos:0 - size:10
2018-05-15_23:03:10:939- message received - id:0 - topic:mqtt-roundtrip-qos1-10Byte-100-cycles - qos:0 - size:10
2018-05-15_23:03:10:939- message sent - id:0 - topic:mqtt-roundtrip-qos1-10Byte-100-cycles_2 - qos:0 - size:10
2018-05-15_23:03:10:939- message received - id:0 - topic:mqtt-roundtrip-qos1-10Byte-100-cycles - qos:0 - size:10
2018-05-15_23:03:10:939- message sent - id:0 - topic:mqtt-roundtrip-qos1-10Byte-100-cycles_2 - qos:0 - size:10
2018-05-15_23:03:10:940- message received - id:0 - topic:mqtt-roundtrip-qos1-10Byte-100-cycles - qos:0 - size:10
2018-05-15_23:03:10:940- message sent - id:0 - topic:mqtt-roundtrip-qos1-10Byte-100-cycles_2 - qos:0 - size:10
2018-05-15_23:03:10:940- message received - id:0 - topic:mqtt-roundtrip-qos1-10Byte-100-cycles - qos:0 - size:10
2018-05-15_23:03:10:940- message sent - id:0 - topic:mqtt-roundtrip-qos1-10Byte-100-cycles_2 - qos:0 - size:10
2018-05-15_23:03:10:940- message received - id:0 - topic:mqtt-roundtrip-qos1-10Byte-100-cycles - qos:0 - size:10
2018-05-15_23:03:10:940- message sent - id:0 - topic:mqtt-roundtrip-qos1-10Byte-100-cycles_2 - qos:0 - size:10
2018-05-15_23:03:10:941- message received - id:0 - topic:mqtt-roundtrip-qos1-10Byte-100-cycles - qos:0 - size:10
2018-05-15_23:03:10:941- message sent - id:0 - topic:mqtt-roundtrip-qos1-10Byte-100-cycles_2 - qos:0 - size:10
2018-05-15_23:03:10:942- message received - id:0 - topic:mqtt-roundtrip-qos1-10Byte-100-cycles - qos:0 - size:10
2018-05-15_23:03:10:942- message sent - id:0 - topic:mqtt-roundtrip-qos1-10Byte-100-cycles_2 - qos:0 - size:10
2018-05-15_23:03:10:943- message received - id:0 - topic:mqtt-roundtrip-qos1-10Byte-100-cycles - qos:0 - size:10
2018-05-15_23:03:10:943- message sent - id:0 - topic:mqtt-roundtrip-qos1-10Byte-100-cycles_2 - qos:0 - size:10
2018-05-15_23:03:10:944- message received - id:0 - topic:mqtt-roundtrip-qos1-10Byte-100-cycles - qos:0 - size:10
2018-05-15_23:03:10:944- message sent - id:0 - topic:mqtt-roundtrip-qos1-10Byte-100-cycles_2 - qos:0 - size:10
2018-05-15_23:03:10:944- message received - id:0 - topic:mqtt-roundtrip-qos1-10Byte-100-cycles - qos:0 - size:10
2018-05-15_23:03:10:944- message sent - id:0 - topic:mqtt-roundtrip-qos1-10Byte-100-cycles_2 - qos:0 - size:10
2018-05-15_23:03:10:944- message received - id:0 - topic:mqtt-roundtrip-qos1-10Byte-100-cycles - qos:0 - size:10
2018-05-15_23:03:10:945- message sent - id:0 - topic:mqtt-roundtrip-qos1-10Byte-100-cycles_2 - qos:0 - size:10
2018-05-15_23:03:10:945- message received - id:0 - topic:mqtt-roundtrip-qos1-10Byte-100-cycles - qos:0 - size:10
2018-05-15_23:03:10:946- message sent - id:0 - topic:mqtt-roundtrip-qos1-10Byte-100-cycles_2 - qos:0 - size:10
2018-05-15_23:03:10:946- message received - id:0 - topic:mqtt-roundtrip-qos1-10Byte-100-cycles - qos:0 - size:10
2018-05-15_23:03:10:946- message sent - id:0 - topic:mqtt-roundtrip-qos1-10Byte-100-cycles_2 - qos:0 - size:10
2018-05-15_23:03:10:947- message received - id:0 - topic:mqtt-roundtrip-qos1-10Byte-100-cycles - qos:0 - size:10
2018-05-15_23:03:10:947- message sent - id:0 - topic:mqtt-roundtrip-qos1-10Byte-100-cycles_2 - qos:0 - size:10
2018-05-15_23:03:10:947- message received - id:0 - topic:mqtt-roundtrip-qos1-10Byte-100-cycles - qos:0 - size:10
2018-05-15_23:03:10:947- message sent - id:0 - topic:mqtt-roundtrip-qos1-10Byte-100-cycles_2 - qos:0 - size:10
2018-05-15_23:03:10:947- message received - id:0 - topic:mqtt-roundtrip-qos1-10Byte-100-cycles - qos:0 - size:10
2018-05-15_23:03:10:947- message sent - id:0 - topic:mqtt-roundtrip-qos1-10Byte-100-cycles_2 - qos:0 - size:10
2018-05-15_23:03:10:948- message received - id:0 - topic:mqtt-roundtrip-qos1-10Byte-100-cycles - qos:0 - size:10
2018-05-15_23:03:10:948- message sent - id:0 - topic:mqtt-roundtrip-qos1-10Byte-100-cycles_2 - qos:0 - size:10
2018-05-15_23:03:10:948- message received - id:0 - topic:mqtt-roundtrip-qos1-10Byte-100-cycles - qos:0 - size:10
2018-05-15_23:03:10:948- message sent - id:0 - topic:mqtt-roundtrip-qos1-10Byte-100-cycles_2 - qos:0 - size:10
2018-05-15_23:03:10:948- message received - id:0 - topic:mqtt-roundtrip-qos1-10Byte-100-cycles - qos:0 - size:10
2018-05-15_23:03:10:949- message sent - id:0 - topic:mqtt-roundtrip-qos1-10Byte-100-cycles_2 - qos:0 - size:10
2018-05-15_23:03:10:949- message received - id:0 - topic:mqtt-roundtrip-qos1-10Byte-100-cycles - qos:0 - size:10
2018-05-15_23:03:10:949- message sent - id:0 - topic:mqtt-roundtrip-qos1-10Byte-100-cycles_2 - qos:0 - size:10
2018-05-15_23:03:10:950- message received - id:0 - topic:mqtt-roundtrip-qos1-10Byte-100-cycles - qos:0 - size:10
2018-05-15_23:03:10:950- message sent - id:0 - topic:mqtt-roundtrip-qos1-10Byte-100-cycles_2 - qos:0 - size:10
2018-05-15_23:03:10:951- message received - id:0 - topic:mqtt-roundtrip-qos1-10Byte-100-cycles - qos:0 - size:10
2018-05-15_23:03:10:951- message sent - id:0 - topic:mqtt-roundtrip-qos1-10Byte-100-cycles_2 - qos:0 - size:10
2018-05-15_23:03:10:951- message received - id:0 - topic:mqtt-roundtrip-qos1-10Byte-100-cycles - qos:0 - size:10
2018-05-15_23:03:10:951- message sent - id:0 - topic:mqtt-roundtrip-qos1-10Byte-100-cycles_2 - qos:0 - size:10
2018-05-15_23:03:10:952- message received - id:0 - topic:mqtt-roundtrip-qos1-10Byte-100-cycles - qos:0 - size:10
2018-05-15_23:03:10:952- message sent - id:0 - topic:mqtt-roundtrip-qos1-10Byte-100-cycles_2 - qos:0 - size:10
2018-05-15_23:03:10:952- message received - id:0 - topic:mqtt-roundtrip-qos1-10Byte-100-cycles - qos:0 - size:10
2018-05-15_23:03:10:952- message sent - id:0 - topic:mqtt-roundtrip-qos1-10Byte-100-cycles_2 - qos:0 - size:10
2018-05-15_23:03:10:953- message received - id:0 - topic:mqtt-roundtrip-qos1-10Byte-100-cycles - qos:0 - size:10
2018-05-15_23:03:10:953- message sent - id:0 - topic:mqtt-roundtrip-qos1-10Byte-100-cycles_2 - qos:0 - size:10
2018-05-15_23:03:10:953- message received - id:0 - topic:mqtt-roundtrip-qos1-10Byte-100-cycles - qos:0 - size:10
2018-05-15_23:03:10:953- message sent - id:0 - topic:mqtt-roundtrip-qos1-10Byte-100-cycles_2 - qos:0 - size:10
2018-05-15_23:03:10:953- message received - id:0 - topic:mqtt-roundtrip-qos1-10Byte-100-cycles - qos:0 - size:10
2018-05-15_23:03:10:953- message sent - id:0 - topic:mqtt-roundtrip-qos1-10Byte-100-cycles_2 - qos:0 - size:10
2018-05-15_23:03:10:954- message received - id:0 - topic:mqtt-roundtrip-qos1-10Byte-100-cycles - qos:0 - size:10
2018-05-15_23:03:10:954- message sent - id:0 - topic:mqtt-roundtrip-qos1-10Byte-100-cycles_2 - qos:0 - size:10
2018-05-15_23:03:10:954- message received - id:0 - topic:mqtt-roundtrip-qos1-10Byte-100-cycles - qos:0 - size:10
2018-05-15_23:03:10:954- message sent - id:0 - topic:mqtt-roundtrip-qos1-10Byte-100-cycles_2 - qos:0 - size:10
2018-05-15_23:03:10:954- message received - id:0 - topic:mqtt-roundtrip-qos1-10Byte-100-cycles - qos:0 - size:10
2018-05-15_23:03:10:955- message sent - id:0 - topic:mqtt-roundtrip-qos1-10Byte-100-cycles_2 - qos:0 - size:10
2018-05-15_23:03:10:955- message received - id:0 - topic:mqtt-roundtrip-qos1-10Byte-100-cycles - qos:0 - size:10
2018-05-15_23:03:10:955- message sent - id:0 - topic:mqtt-roundtrip-qos1-10Byte-100-cycles_2 - qos:0 - size:10
2018-05-15_23:03:10:955- message received - id:0 - topic:mqtt-roundtrip-qos1-10Byte-100-cycles - qos:0 - size:10
2018-05-15_23:03:10:955- message sent - id:0 - topic:mqtt-roundtrip-qos1-10Byte-100-cycles_2 - qos:0 - size:10
2018-05-15_23:03:10:955- message received - id:0 - topic:mqtt-roundtrip-qos1-10Byte-100-cycles - qos:0 - size:10
2018-05-15_23:03:10:956- message sent - id:0 - topic:mqtt-roundtrip-qos1-10Byte-100-cycles_2 - qos:0 - size:10
2018-05-15_23:03:10:956- message received - id:0 - topic:mqtt-roundtrip-qos1-10Byte-100-cycles - qos:0 - size:10
2018-05-15_23:03:10:956- message sent - id:0 - topic:mqtt-roundtrip-qos1-10Byte-100-cycles_2 - qos:0 - size:10
2018-05-15_23:03:10:956- message received - id:0 - topic:mqtt-roundtrip-qos1-10Byte-100-cycles - qos:0 - size:10
2018-05-15_23:03:10:956- message sent - id:0 - topic:mqtt-roundtrip-qos1-10Byte-100-cycles_2 - qos:0 - size:10
2018-05-15_23:03:10:957- message received - id:0 - topic:mqtt-roundtrip-qos1-10Byte-100-cycles - qos:0 - size:10
2018-05-15_23:03:10:957- message sent - id:0 - topic:mqtt-roundtrip-qos1-10Byte-100-cycles_2 - qos:0 - size:10
2018-05-15_23:03:10:957- message received - id:0 - topic:mqtt-roundtrip-qos1-10Byte-100-cycles - qos:0 - size:10
2018-05-15_23:03:10:957- message sent - id:0 - topic:mqtt-roundtrip-qos1-10Byte-100-cycles_2 - qos:0 - size:10
2018-05-15_23:03:10:957- message received - id:0 - topic:mqtt-roundtrip-qos1-10Byte-100-cycles - qos:0 - size:10
2018-05-15_23:03:10:957- message sent - id:0 - topic:mqtt-roundtrip-qos1-10Byte-100-cycles_2 - qos:0 - size:10
2018-05-15_23:03:10:958- message received - id:0 - topic:mqtt-roundtrip-qos1-10Byte-100-cycles - qos:0 - size:10
2018-05-15_23:03:10:958- message sent - id:0 - topic:mqtt-roundtrip-qos1-10Byte-100-cycles_2 - qos:0 - size:10
2018-05-15_23:03:10:958- message received - id:0 - topic:mqtt-roundtrip-qos1-10Byte-100-cycles - qos:0 - size:10
2018-05-15_23:03:10:958- message sent - id:0 - topic:mqtt-roundtrip-qos1-10Byte-100-cycles_2 - qos:0 - size:10
2018-05-15_23:03:10:958- message received - id:0 - topic:mqtt-roundtrip-qos1-10Byte-100-cycles - qos:0 - size:10
2018-05-15_23:03:10:958- message sent - id:0 - topic:mqtt-roundtrip-qos1-10Byte-100-cycles_2 - qos:0 - size:10
2018-05-15_23:03:10:959- message received - id:0 - topic:mqtt-roundtrip-qos1-10Byte-100-cycles - qos:0 - size:10
2018-05-15_23:03:10:959- message sent - id:0 - topic:mqtt-roundtrip-qos1-10Byte-100-cycles_2 - qos:0 - size:10
2018-05-15_23:03:10:959- message received - id:0 - topic:mqtt-roundtrip-qos1-10Byte-100-cycles - qos:0 - size:10
2018-05-15_23:03:10:959- message sent - id:0 - topic:mqtt-roundtrip-qos1-10Byte-100-cycles_2 - qos:0 - size:10
2018-05-15_23:03:10:959- message received - id:0 - topic:mqtt-roundtrip-qos1-10Byte-100-cycles - qos:0 - size:10
2018-05-15_23:03:10:960- message sent - id:0 - topic:mqtt-roundtrip-qos1-10Byte-100-cycles_2 - qos:0 - size:10
2018-05-15_23:03:10:960- message received - id:0 - topic:mqtt-roundtrip-qos1-10Byte-100-cycles - qos:0 - size:10
2018-05-15_23:03:10:960- message sent - id:0 - topic:mqtt-roundtrip-qos1-10Byte-100-cycles_2 - qos:0 - size:10
2018-05-15_23:03:10:960- message received - id:0 - topic:mqtt-roundtrip-qos1-10Byte-100-cycles - qos:0 - size:10
2018-05-15_23:03:10:960- message sent - id:0 - topic:mqtt-roundtrip-qos1-10Byte-100-cycles_2 - qos:0 - size:10
2018-05-15_23:03:10:961- message received - id:0 - topic:mqtt-roundtrip-qos1-10Byte-100-cycles - qos:0 - size:10
2018-05-15_23:03:10:961- message sent - id:0 - topic:mqtt-roundtrip-qos1-10Byte-100-cycles_2 - qos:0 - size:10
2018-05-15_23:03:10:961- message received - id:0 - topic:mqtt-roundtrip-qos1-10Byte-100-cycles - qos:0 - size:10
2018-05-15_23:03:10:961- message sent - id:0 - topic:mqtt-roundtrip-qos1-10Byte-100-cycles_2 - qos:0 - size:10
2018-05-15_23:03:10:961- message received - id:0 - topic:mqtt-roundtrip-qos1-10Byte-100-cycles - qos:0 - size:10
2018-05-15_23:03:10:961- message sent - id:0 - topic:mqtt-roundtrip-qos1-10Byte-100-cycles_2 - qos:0 - size:10
2018-05-15_23:03:10:962- message received - id:0 - topic:mqtt-roundtrip-qos1-10Byte-100-cycles - qos:0 - size:10
2018-05-15_23:03:10:962- message sent - id:0 - topic:mqtt-roundtrip-qos1-10Byte-100-cycles_2 - qos:0 - size:10
2018-05-15_23:03:10:962- message received - id:0 - topic:mqtt-roundtrip-qos1-10Byte-100-cycles - qos:0 - size:10
2018-05-15_23:03:10:962- message sent - id:0 - topic:mqtt-roundtrip-qos1-10Byte-100-cycles_2 - qos:0 - size:10
2018-05-15_23:03:10:962- message received - id:0 - topic:mqtt-roundtrip-qos1-10Byte-100-cycles - qos:0 - size:10
2018-05-15_23:03:10:963- message sent - id:0 - topic:mqtt-roundtrip-qos1-10Byte-100-cycles_2 - qos:0 - size:10
2018-05-15_23:03:10:963- message received - id:0 - topic:mqtt-roundtrip-qos1-10Byte-100-cycles - qos:0 - size:10
2018-05-15_23:03:10:963- message sent - id:0 - topic:mqtt-roundtrip-qos1-10Byte-100-cycles_2 - qos:0 - size:10
2018-05-15_23:03:10:963- message received - id:0 - topic:mqtt-roundtrip-qos1-10Byte-100-cycles - qos:0 - size:10
2018-05-15_23:03:10:963- message sent - id:0 - topic:mqtt-roundtrip-qos1-10Byte-100-cycles_2 - qos:0 - size:10
2018-05-15_23:03:10:963- message received - id:0 - topic:mqtt-roundtrip-qos1-10Byte-100-cycles - qos:0 - size:10
2018-05-15_23:03:10:964- message sent - id:0 - topic:mqtt-roundtrip-qos1-10Byte-100-cycles_2 - qos:0 - size:10
2018-05-15_23:03:10:964- message received - id:0 - topic:mqtt-roundtrip-qos1-10Byte-100-cycles - qos:0 - size:10
2018-05-15_23:03:10:964- message sent - id:0 - topic:mqtt-roundtrip-qos1-10Byte-100-cycles_2 - qos:0 - size:10
2018-05-15_23:03:10:964- message received - id:0 - topic:mqtt-roundtrip-qos1-10Byte-100-cycles - qos:0 - size:10
2018-05-15_23:03:10:964- message sent - id:0 - topic:mqtt-roundtrip-qos1-10Byte-100-cycles_2 - qos:0 - size:10
2018-05-15_23:03:10:965- message received - id:0 - topic:mqtt-roundtrip-qos1-10Byte-100-cycles - qos:0 - size:10
2018-05-15_23:03:10:965- message sent - id:0 - topic:mqtt-roundtrip-qos1-10Byte-100-cycles_2 - qos:0 - size:10
2018-05-15_23:03:10:965- message received - id:0 - topic:mqtt-roundtrip-qos1-10Byte-100-cycles - qos:0 - size:10
2018-05-15_23:03:10:965- message sent - id:0 - topic:mqtt-roundtrip-qos1-10Byte-100-cycles_2 - qos:0 - size:10
2018-05-15_23:03:10:966- message received - id:0 - topic:mqtt-roundtrip-qos1-10Byte-100-cycles - qos:0 - size:10
2018-05-15_23:03:10:966- message sent - id:0 - topic:mqtt-roundtrip-qos1-10Byte-100-cycles_2 - qos:0 - size:10
2018-05-15_23:03:10:966- message received - id:0 - topic:mqtt-roundtrip-qos1-10Byte-100-cycles - qos:0 - size:10
2018-05-15_23:03:10:966- message sent - id:0 - topic:mqtt-roundtrip-qos1-10Byte-100-cycles_2 - qos:0 - size:10
