2018-05-15_23:10:20:006- connecting to broker 192.168.1.100:1883
2018-05-15_23:10:20:007- Subscribing to topicmqtt-roundtrip-qos2-1500Byte-100-cycles
2018-05-15_23:10:20:008- subscribe returned (0, 1)
2018-05-15_23:10:20:008- Client connected to broker
2018-05-15_23:10:21:202- message received - id:0 - topic:mqtt-roundtrip-qos2-1500Byte-100-cycles - qos:0 - size:1500
2018-05-15_23:10:21:203- message sent - id:0 - topic:mqtt-roundtrip-qos2-1500Byte-100-cycles_2 - qos:0 - size:1500
2018-05-15_23:10:21:203- message received - id:0 - topic:mqtt-roundtrip-qos2-1500Byte-100-cycles - qos:0 - size:1500
2018-05-15_23:10:21:204- message sent - id:0 - topic:mqtt-roundtrip-qos2-1500Byte-100-cycles_2 - qos:0 - size:1500
2018-05-15_23:10:21:205- message received - id:0 - topic:mqtt-roundtrip-qos2-1500Byte-100-cycles - qos:0 - size:1500
2018-05-15_23:10:21:206- message sent - id:0 - topic:mqtt-roundtrip-qos2-1500Byte-100-cycles_2 - qos:0 - size:1500
2018-05-15_23:10:21:206- message received - id:0 - topic:mqtt-roundtrip-qos2-1500Byte-100-cycles - qos:0 - size:1500
2018-05-15_23:10:21:206- message sent - id:0 - topic:mqtt-roundtrip-qos2-1500Byte-100-cycles_2 - qos:0 - size:1500
2018-05-15_23:10:21:206- message received - id:0 - topic:mqtt-roundtrip-qos2-1500Byte-100-cycles - qos:0 - size:1500
2018-05-15_23:10:21:207- message sent - id:0 - topic:mqtt-roundtrip-qos2-1500Byte-100-cycles_2 - qos:0 - size:1500
2018-05-15_23:10:21:207- message received - id:0 - topic:mqtt-roundtrip-qos2-1500Byte-100-cycles - qos:0 - size:1500
2018-05-15_23:10:21:207- message sent - id:0 - topic:mqtt-roundtrip-qos2-1500Byte-100-cycles_2 - qos:0 - size:1500
2018-05-15_23:10:21:209- message received - id:0 - topic:mqtt-roundtrip-qos2-1500Byte-100-cycles - qos:0 - size:1500
2018-05-15_23:10:21:209- message sent - id:0 - topic:mqtt-roundtrip-qos2-1500Byte-100-cycles_2 - qos:0 - size:1500
2018-05-15_23:10:21:209- message received - id:0 - topic:mqtt-roundtrip-qos2-1500Byte-100-cycles - qos:0 - size:1500
2018-05-15_23:10:21:209- message sent - id:0 - topic:mqtt-roundtrip-qos2-1500Byte-100-cycles_2 - qos:0 - size:1500
2018-05-15_23:10:21:210- message received - id:0 - topic:mqtt-roundtrip-qos2-1500Byte-100-cycles - qos:0 - size:1500
2018-05-15_23:10:21:210- message sent - id:0 - topic:mqtt-roundtrip-qos2-1500Byte-100-cycles_2 - qos:0 - size:1500
2018-05-15_23:10:21:210- message received - id:0 - topic:mqtt-roundtrip-qos2-1500Byte-100-cycles - qos:0 - size:1500
2018-05-15_23:10:21:210- message sent - id:0 - topic:mqtt-roundtrip-qos2-1500Byte-100-cycles_2 - qos:0 - size:1500
2018-05-15_23:10:21:210- message received - id:0 - topic:mqtt-roundtrip-qos2-1500Byte-100-cycles - qos:0 - size:1500
2018-05-15_23:10:21:211- message sent - id:0 - topic:mqtt-roundtrip-qos2-1500Byte-100-cycles_2 - qos:0 - size:1500
2018-05-15_23:10:21:211- message received - id:0 - topic:mqtt-roundtrip-qos2-1500Byte-100-cycles - qos:0 - size:1500
2018-05-15_23:10:21:211- message sent - id:0 - topic:mqtt-roundtrip-qos2-1500Byte-100-cycles_2 - qos:0 - size:1500
2018-05-15_23:10:21:212- message received - id:0 - topic:mqtt-roundtrip-qos2-1500Byte-100-cycles - qos:0 - size:1500
2018-05-15_23:10:21:212- message sent - id:0 - topic:mqtt-roundtrip-qos2-1500Byte-100-cycles_2 - qos:0 - size:1500
2018-05-15_23:10:21:213- message received - id:0 - topic:mqtt-roundtrip-qos2-1500Byte-100-cycles - qos:0 - size:1500
2018-05-15_23:10:21:213- message sent - id:0 - topic:mqtt-roundtrip-qos2-1500Byte-100-cycles_2 - qos:0 - size:1500
2018-05-15_23:10:21:213- message received - id:0 - topic:mqtt-roundtrip-qos2-1500Byte-100-cycles - qos:0 - size:1500
2018-05-15_23:10:21:213- message sent - id:0 - topic:mqtt-roundtrip-qos2-1500Byte-100-cycles_2 - qos:0 - size:1500
2018-05-15_23:10:21:214- message received - id:0 - topic:mqtt-roundtrip-qos2-1500Byte-100-cycles - qos:0 - size:1500
2018-05-15_23:10:21:214- message sent - id:0 - topic:mqtt-roundtrip-qos2-1500Byte-100-cycles_2 - qos:0 - size:1500
2018-05-15_23:10:21:215- message received - id:0 - topic:mqtt-roundtrip-qos2-1500Byte-100-cycles - qos:0 - size:1500
2018-05-15_23:10:21:215- message sent - id:0 - topic:mqtt-roundtrip-qos2-1500Byte-100-cycles_2 - qos:0 - size:1500
2018-05-15_23:10:21:216- message received - id:0 - topic:mqtt-roundtrip-qos2-1500Byte-100-cycles - qos:0 - size:1500
2018-05-15_23:10:21:216- message sent - id:0 - topic:mqtt-roundtrip-qos2-1500Byte-100-cycles_2 - qos:0 - size:1500
2018-05-15_23:10:21:216- message received - id:0 - topic:mqtt-roundtrip-qos2-1500Byte-100-cycles - qos:0 - size:1500
2018-05-15_23:10:21:216- message sent - id:0 - topic:mqtt-roundtrip-qos2-1500Byte-100-cycles_2 - qos:0 - size:1500
2018-05-15_23:10:21:217- message received - id:0 - topic:mqtt-roundtrip-qos2-1500Byte-100-cycles - qos:0 - size:1500
2018-05-15_23:10:21:217- message sent - id:0 - topic:mqtt-roundtrip-qos2-1500Byte-100-cycles_2 - qos:0 - size:1500
2018-05-15_23:10:21:220- message received - id:0 - topic:mqtt-roundtrip-qos2-1500Byte-100-cycles - qos:0 - size:1500
2018-05-15_23:10:21:220- message sent - id:0 - topic:mqtt-roundtrip-qos2-1500Byte-100-cycles_2 - qos:0 - size:1500
2018-05-15_23:10:21:220- message received - id:0 - topic:mqtt-roundtrip-qos2-1500Byte-100-cycles - qos:0 - size:1500
2018-05-15_23:10:21:220- message sent - id:0 - topic:mqtt-roundtrip-qos2-1500Byte-100-cycles_2 - qos:0 - size:1500
2018-05-15_23:10:21:221- message received - id:0 - topic:mqtt-roundtrip-qos2-1500Byte-100-cycles - qos:0 - size:1500
2018-05-15_23:10:21:221- message sent - id:0 - topic:mqtt-roundtrip-qos2-1500Byte-100-cycles_2 - qos:0 - size:1500
2018-05-15_23:10:21:223- message received - id:0 - topic:mqtt-roundtrip-qos2-1500Byte-100-cycles - qos:0 - size:1500
2018-05-15_23:10:21:223- message sent - id:0 - topic:mqtt-roundtrip-qos2-1500Byte-100-cycles_2 - qos:0 - size:1500
2018-05-15_23:10:21:223- message received - id:0 - topic:mqtt-roundtrip-qos2-1500Byte-100-cycles - qos:0 - size:1500
2018-05-15_23:10:21:223- message sent - id:0 - topic:mqtt-roundtrip-qos2-1500Byte-100-cycles_2 - qos:0 - size:1500
2018-05-15_23:10:21:224- message received - id:0 - topic:mqtt-roundtrip-qos2-1500Byte-100-cycles - qos:0 - size:1500
2018-05-15_23:10:21:224- message sent - id:0 - topic:mqtt-roundtrip-qos2-1500Byte-100-cycles_2 - qos:0 - size:1500
2018-05-15_23:10:21:228- message received - id:0 - topic:mqtt-roundtrip-qos2-1500Byte-100-cycles - qos:0 - size:1500
2018-05-15_23:10:21:228- message sent - id:0 - topic:mqtt-roundtrip-qos2-1500Byte-100-cycles_2 - qos:0 - size:1500
2018-05-15_23:10:21:228- message received - id:0 - topic:mqtt-roundtrip-qos2-1500Byte-100-cycles - qos:0 - size:1500
2018-05-15_23:10:21:229- message sent - id:0 - topic:mqtt-roundtrip-qos2-1500Byte-100-cycles_2 - qos:0 - size:1500
2018-05-15_23:10:21:229- message received - id:0 - topic:mqtt-roundtrip-qos2-1500Byte-100-cycles - qos:0 - size:1500
2018-05-15_23:10:21:229- message sent - id:0 - topic:mqtt-roundtrip-qos2-1500Byte-100-cycles_2 - qos:0 - size:1500
2018-05-15_23:10:21:230- message received - id:0 - topic:mqtt-roundtrip-qos2-1500Byte-100-cycles - qos:0 - size:1500
2018-05-15_23:10:21:230- message sent - id:0 - topic:mqtt-roundtrip-qos2-1500Byte-100-cycles_2 - qos:0 - size:1500
2018-05-15_23:10:21:230- message received - id:0 - topic:mqtt-roundtrip-qos2-1500Byte-100-cycles - qos:0 - size:1500
2018-05-15_23:10:21:230- message sent - id:0 - topic:mqtt-roundtrip-qos2-1500Byte-100-cycles_2 - qos:0 - size:1500
2018-05-15_23:10:21:231- message received - id:0 - topic:mqtt-roundtrip-qos2-1500Byte-100-cycles - qos:0 - size:1500
2018-05-15_23:10:21:231- message sent - id:0 - topic:mqtt-roundtrip-qos2-1500Byte-100-cycles_2 - qos:0 - size:1500
2018-05-15_23:10:21:231- message received - id:0 - topic:mqtt-roundtrip-qos2-1500Byte-100-cycles - qos:0 - size:1500
2018-05-15_23:10:21:232- message sent - id:0 - topic:mqtt-roundtrip-qos2-1500Byte-100-cycles_2 - qos:0 - size:1500
2018-05-15_23:10:21:232- message received - id:0 - topic:mqtt-roundtrip-qos2-1500Byte-100-cycles - qos:0 - size:1500
2018-05-15_23:10:21:233- message sent - id:0 - topic:mqtt-roundtrip-qos2-1500Byte-100-cycles_2 - qos:0 - size:1500
2018-05-15_23:10:21:233- message received - id:0 - topic:mqtt-roundtrip-qos2-1500Byte-100-cycles - qos:0 - size:1500
2018-05-15_23:10:21:233- message sent - id:0 - topic:mqtt-roundtrip-qos2-1500Byte-100-cycles_2 - qos:0 - size:1500
2018-05-15_23:10:21:234- message received - id:0 - topic:mqtt-roundtrip-qos2-1500Byte-100-cycles - qos:0 - size:1500
2018-05-15_23:10:21:234- message sent - id:0 - topic:mqtt-roundtrip-qos2-1500Byte-100-cycles_2 - qos:0 - size:1500
2018-05-15_23:10:21:235- message received - id:0 - topic:mqtt-roundtrip-qos2-1500Byte-100-cycles - qos:0 - size:1500
2018-05-15_23:10:21:235- message sent - id:0 - topic:mqtt-roundtrip-qos2-1500Byte-100-cycles_2 - qos:0 - size:1500
2018-05-15_23:10:21:235- message received - id:0 - topic:mqtt-roundtrip-qos2-1500Byte-100-cycles - qos:0 - size:1500
2018-05-15_23:10:21:235- message sent - id:0 - topic:mqtt-roundtrip-qos2-1500Byte-100-cycles_2 - qos:0 - size:1500
2018-05-15_23:10:21:235- message received - id:0 - topic:mqtt-roundtrip-qos2-1500Byte-100-cycles - qos:0 - size:1500
2018-05-15_23:10:21:236- message sent - id:0 - topic:mqtt-roundtrip-qos2-1500Byte-100-cycles_2 - qos:0 - size:1500
2018-05-15_23:10:21:236- message received - id:0 - topic:mqtt-roundtrip-qos2-1500Byte-100-cycles - qos:0 - size:1500
2018-05-15_23:10:21:236- message sent - id:0 - topic:mqtt-roundtrip-qos2-1500Byte-100-cycles_2 - qos:0 - size:1500
2018-05-15_23:10:21:239- message received - id:0 - topic:mqtt-roundtrip-qos2-1500Byte-100-cycles - qos:0 - size:1500
2018-05-15_23:10:21:239- message sent - id:0 - topic:mqtt-roundtrip-qos2-1500Byte-100-cycles_2 - qos:0 - size:1500
2018-05-15_23:10:21:240- message received - id:0 - topic:mqtt-roundtrip-qos2-1500Byte-100-cycles - qos:0 - size:1500
2018-05-15_23:10:21:240- message sent - id:0 - topic:mqtt-roundtrip-qos2-1500Byte-100-cycles_2 - qos:0 - size:1500
2018-05-15_23:10:21:240- message received - id:0 - topic:mqtt-roundtrip-qos2-1500Byte-100-cycles - qos:0 - size:1500
2018-05-15_23:10:21:240- message sent - id:0 - topic:mqtt-roundtrip-qos2-1500Byte-100-cycles_2 - qos:0 - size:1500
2018-05-15_23:10:21:240- message received - id:0 - topic:mqtt-roundtrip-qos2-1500Byte-100-cycles - qos:0 - size:1500
2018-05-15_23:10:21:241- message sent - id:0 - topic:mqtt-roundtrip-qos2-1500Byte-100-cycles_2 - qos:0 - size:1500
2018-05-15_23:10:21:241- message received - id:0 - topic:mqtt-roundtrip-qos2-1500Byte-100-cycles - qos:0 - size:1500
2018-05-15_23:10:21:241- message sent - id:0 - topic:mqtt-roundtrip-qos2-1500Byte-100-cycles_2 - qos:0 - size:1500
2018-05-15_23:10:21:241- message received - id:0 - topic:mqtt-roundtrip-qos2-1500Byte-100-cycles - qos:0 - size:1500
2018-05-15_23:10:21:241- message sent - id:0 - topic:mqtt-roundtrip-qos2-1500Byte-100-cycles_2 - qos:0 - size:1500
2018-05-15_23:10:21:242- message received - id:0 - topic:mqtt-roundtrip-qos2-1500Byte-100-cycles - qos:0 - size:1500
2018-05-15_23:10:21:242- message sent - id:0 - topic:mqtt-roundtrip-qos2-1500Byte-100-cycles_2 - qos:0 - size:1500
2018-05-15_23:10:21:243- message received - id:0 - topic:mqtt-roundtrip-qos2-1500Byte-100-cycles - qos:0 - size:1500
2018-05-15_23:10:21:243- message sent - id:0 - topic:mqtt-roundtrip-qos2-1500Byte-100-cycles_2 - qos:0 - size:1500
2018-05-15_23:10:21:243- message received - id:0 - topic:mqtt-roundtrip-qos2-1500Byte-100-cycles - qos:0 - size:1500
2018-05-15_23:10:21:244- message sent - id:0 - topic:mqtt-roundtrip-qos2-1500Byte-100-cycles_2 - qos:0 - size:1500
2018-05-15_23:10:21:244- message received - id:0 - topic:mqtt-roundtrip-qos2-1500Byte-100-cycles - qos:0 - size:1500
2018-05-15_23:10:21:244- message sent - id:0 - topic:mqtt-roundtrip-qos2-1500Byte-100-cycles_2 - qos:0 - size:1500
2018-05-15_23:10:21:245- message received - id:0 - topic:mqtt-roundtrip-qos2-1500Byte-100-cycles - qos:0 - size:1500
2018-05-15_23:10:21:245- message sent - id:0 - topic:mqtt-roundtrip-qos2-1500Byte-100-cycles_2 - qos:0 - size:1500
2018-05-15_23:10:21:246- message received - id:0 - topic:mqtt-roundtrip-qos2-1500Byte-100-cycles - qos:0 - size:1500
2018-05-15_23:10:21:246- message sent - id:0 - topic:mqtt-roundtrip-qos2-1500Byte-100-cycles_2 - qos:0 - size:1500
2018-05-15_23:10:21:246- message received - id:0 - topic:mqtt-roundtrip-qos2-1500Byte-100-cycles - qos:0 - size:1500
2018-05-15_23:10:21:246- message sent - id:0 - topic:mqtt-roundtrip-qos2-1500Byte-100-cycles_2 - qos:0 - size:1500
2018-05-15_23:10:21:247- message received - id:0 - topic:mqtt-roundtrip-qos2-1500Byte-100-cycles - qos:0 - size:1500
2018-05-15_23:10:21:247- message sent - id:0 - topic:mqtt-roundtrip-qos2-1500Byte-100-cycles_2 - qos:0 - size:1500
2018-05-15_23:10:21:247- message received - id:0 - topic:mqtt-roundtrip-qos2-1500Byte-100-cycles - qos:0 - size:1500
2018-05-15_23:10:21:248- message sent - id:0 - topic:mqtt-roundtrip-qos2-1500Byte-100-cycles_2 - qos:0 - size:1500
2018-05-15_23:10:21:248- message received - id:0 - topic:mqtt-roundtrip-qos2-1500Byte-100-cycles - qos:0 - size:1500
2018-05-15_23:10:21:248- message sent - id:0 - topic:mqtt-roundtrip-qos2-1500Byte-100-cycles_2 - qos:0 - size:1500
2018-05-15_23:10:21:249- message received - id:0 - topic:mqtt-roundtrip-qos2-1500Byte-100-cycles - qos:0 - size:1500
2018-05-15_23:10:21:249- message sent - id:0 - topic:mqtt-roundtrip-qos2-1500Byte-100-cycles_2 - qos:0 - size:1500
2018-05-15_23:10:21:249- message received - id:0 - topic:mqtt-roundtrip-qos2-1500Byte-100-cycles - qos:0 - size:1500
2018-05-15_23:10:21:249- message sent - id:0 - topic:mqtt-roundtrip-qos2-1500Byte-100-cycles_2 - qos:0 - size:1500
2018-05-15_23:10:21:250- message received - id:0 - topic:mqtt-roundtrip-qos2-1500Byte-100-cycles - qos:0 - size:1500
2018-05-15_23:10:21:250- message sent - id:0 - topic:mqtt-roundtrip-qos2-1500Byte-100-cycles_2 - qos:0 - size:1500
2018-05-15_23:10:21:251- message received - id:0 - topic:mqtt-roundtrip-qos2-1500Byte-100-cycles - qos:0 - size:1500
2018-05-15_23:10:21:251- message sent - id:0 - topic:mqtt-roundtrip-qos2-1500Byte-100-cycles_2 - qos:0 - size:1500
2018-05-15_23:10:21:254- message received - id:0 - topic:mqtt-roundtrip-qos2-1500Byte-100-cycles - qos:0 - size:1500
2018-05-15_23:10:21:254- message sent - id:0 - topic:mqtt-roundtrip-qos2-1500Byte-100-cycles_2 - qos:0 - size:1500
2018-05-15_23:10:21:254- message received - id:0 - topic:mqtt-roundtrip-qos2-1500Byte-100-cycles - qos:0 - size:1500
2018-05-15_23:10:21:254- message sent - id:0 - topic:mqtt-roundtrip-qos2-1500Byte-100-cycles_2 - qos:0 - size:1500
2018-05-15_23:10:21:255- message received - id:0 - topic:mqtt-roundtrip-qos2-1500Byte-100-cycles - qos:0 - size:1500
2018-05-15_23:10:21:255- message sent - id:0 - topic:mqtt-roundtrip-qos2-1500Byte-100-cycles_2 - qos:0 - size:1500
2018-05-15_23:10:21:256- message received - id:0 - topic:mqtt-roundtrip-qos2-1500Byte-100-cycles - qos:0 - size:1500
2018-05-15_23:10:21:256- message sent - id:0 - topic:mqtt-roundtrip-qos2-1500Byte-100-cycles_2 - qos:0 - size:1500
2018-05-15_23:10:21:257- message received - id:0 - topic:mqtt-roundtrip-qos2-1500Byte-100-cycles - qos:0 - size:1500
2018-05-15_23:10:21:257- message sent - id:0 - topic:mqtt-roundtrip-qos2-1500Byte-100-cycles_2 - qos:0 - size:1500
2018-05-15_23:10:21:257- message received - id:0 - topic:mqtt-roundtrip-qos2-1500Byte-100-cycles - qos:0 - size:1500
2018-05-15_23:10:21:257- message sent - id:0 - topic:mqtt-roundtrip-qos2-1500Byte-100-cycles_2 - qos:0 - size:1500
2018-05-15_23:10:21:257- message received - id:0 - topic:mqtt-roundtrip-qos2-1500Byte-100-cycles - qos:0 - size:1500
2018-05-15_23:10:21:258- message sent - id:0 - topic:mqtt-roundtrip-qos2-1500Byte-100-cycles_2 - qos:0 - size:1500
2018-05-15_23:10:21:258- message received - id:0 - topic:mqtt-roundtrip-qos2-1500Byte-100-cycles - qos:0 - size:1500
2018-05-15_23:10:21:258- message sent - id:0 - topic:mqtt-roundtrip-qos2-1500Byte-100-cycles_2 - qos:0 - size:1500
2018-05-15_23:10:21:259- message received - id:0 - topic:mqtt-roundtrip-qos2-1500Byte-100-cycles - qos:0 - size:1500
2018-05-15_23:10:21:259- message sent - id:0 - topic:mqtt-roundtrip-qos2-1500Byte-100-cycles_2 - qos:0 - size:1500
2018-05-15_23:10:21:260- message received - id:0 - topic:mqtt-roundtrip-qos2-1500Byte-100-cycles - qos:0 - size:1500
2018-05-15_23:10:21:260- message sent - id:0 - topic:mqtt-roundtrip-qos2-1500Byte-100-cycles_2 - qos:0 - size:1500
2018-05-15_23:10:21:261- message received - id:0 - topic:mqtt-roundtrip-qos2-1500Byte-100-cycles - qos:0 - size:1500
2018-05-15_23:10:21:261- message sent - id:0 - topic:mqtt-roundtrip-qos2-1500Byte-100-cycles_2 - qos:0 - size:1500
2018-05-15_23:10:21:261- message received - id:0 - topic:mqtt-roundtrip-qos2-1500Byte-100-cycles - qos:0 - size:1500
2018-05-15_23:10:21:261- message sent - id:0 - topic:mqtt-roundtrip-qos2-1500Byte-100-cycles_2 - qos:0 - size:1500
2018-05-15_23:10:21:262- message received - id:0 - topic:mqtt-roundtrip-qos2-1500Byte-100-cycles - qos:0 - size:1500
2018-05-15_23:10:21:262- message sent - id:0 - topic:mqtt-roundtrip-qos2-1500Byte-100-cycles_2 - qos:0 - size:1500
2018-05-15_23:10:21:263- message received - id:0 - topic:mqtt-roundtrip-qos2-1500Byte-100-cycles - qos:0 - size:1500
2018-05-15_23:10:21:263- message sent - id:0 - topic:mqtt-roundtrip-qos2-1500Byte-100-cycles_2 - qos:0 - size:1500
2018-05-15_23:10:21:263- message received - id:0 - topic:mqtt-roundtrip-qos2-1500Byte-100-cycles - qos:0 - size:1500
2018-05-15_23:10:21:263- message sent - id:0 - topic:mqtt-roundtrip-qos2-1500Byte-100-cycles_2 - qos:0 - size:1500
2018-05-15_23:10:21:264- message received - id:0 - topic:mqtt-roundtrip-qos2-1500Byte-100-cycles - qos:0 - size:1500
2018-05-15_23:10:21:264- message sent - id:0 - topic:mqtt-roundtrip-qos2-1500Byte-100-cycles_2 - qos:0 - size:1500
2018-05-15_23:10:21:265- message received - id:0 - topic:mqtt-roundtrip-qos2-1500Byte-100-cycles - qos:0 - size:1500
2018-05-15_23:10:21:265- message sent - id:0 - topic:mqtt-roundtrip-qos2-1500Byte-100-cycles_2 - qos:0 - size:1500
2018-05-15_23:10:21:265- message received - id:0 - topic:mqtt-roundtrip-qos2-1500Byte-100-cycles - qos:0 - size:1500
2018-05-15_23:10:21:265- message sent - id:0 - topic:mqtt-roundtrip-qos2-1500Byte-100-cycles_2 - qos:0 - size:1500
2018-05-15_23:10:21:266- message received - id:0 - topic:mqtt-roundtrip-qos2-1500Byte-100-cycles - qos:0 - size:1500
2018-05-15_23:10:21:266- message sent - id:0 - topic:mqtt-roundtrip-qos2-1500Byte-100-cycles_2 - qos:0 - size:1500
2018-05-15_23:10:21:267- message received - id:0 - topic:mqtt-roundtrip-qos2-1500Byte-100-cycles - qos:0 - size:1500
2018-05-15_23:10:21:267- message sent - id:0 - topic:mqtt-roundtrip-qos2-1500Byte-100-cycles_2 - qos:0 - size:1500
2018-05-15_23:10:21:270- message received - id:0 - topic:mqtt-roundtrip-qos2-1500Byte-100-cycles - qos:0 - size:1500
2018-05-15_23:10:21:270- message sent - id:0 - topic:mqtt-roundtrip-qos2-1500Byte-100-cycles_2 - qos:0 - size:1500
2018-05-15_23:10:21:270- message received - id:0 - topic:mqtt-roundtrip-qos2-1500Byte-100-cycles - qos:0 - size:1500
2018-05-15_23:10:21:270- message sent - id:0 - topic:mqtt-roundtrip-qos2-1500Byte-100-cycles_2 - qos:0 - size:1500
2018-05-15_23:10:21:270- message received - id:0 - topic:mqtt-roundtrip-qos2-1500Byte-100-cycles - qos:0 - size:1500
2018-05-15_23:10:21:271- message sent - id:0 - topic:mqtt-roundtrip-qos2-1500Byte-100-cycles_2 - qos:0 - size:1500
2018-05-15_23:10:21:271- message received - id:0 - topic:mqtt-roundtrip-qos2-1500Byte-100-cycles - qos:0 - size:1500
2018-05-15_23:10:21:271- message sent - id:0 - topic:mqtt-roundtrip-qos2-1500Byte-100-cycles_2 - qos:0 - size:1500
2018-05-15_23:10:21:271- message received - id:0 - topic:mqtt-roundtrip-qos2-1500Byte-100-cycles - qos:0 - size:1500
2018-05-15_23:10:21:271- message sent - id:0 - topic:mqtt-roundtrip-qos2-1500Byte-100-cycles_2 - qos:0 - size:1500
2018-05-15_23:10:21:272- message received - id:0 - topic:mqtt-roundtrip-qos2-1500Byte-100-cycles - qos:0 - size:1500
2018-05-15_23:10:21:272- message sent - id:0 - topic:mqtt-roundtrip-qos2-1500Byte-100-cycles_2 - qos:0 - size:1500
2018-05-15_23:10:21:272- message received - id:0 - topic:mqtt-roundtrip-qos2-1500Byte-100-cycles - qos:0 - size:1500
2018-05-15_23:10:21:272- message sent - id:0 - topic:mqtt-roundtrip-qos2-1500Byte-100-cycles_2 - qos:0 - size:1500
2018-05-15_23:10:21:273- message received - id:0 - topic:mqtt-roundtrip-qos2-1500Byte-100-cycles - qos:0 - size:1500
2018-05-15_23:10:21:273- message sent - id:0 - topic:mqtt-roundtrip-qos2-1500Byte-100-cycles_2 - qos:0 - size:1500
2018-05-15_23:10:21:273- message received - id:0 - topic:mqtt-roundtrip-qos2-1500Byte-100-cycles - qos:0 - size:1500
2018-05-15_23:10:21:273- message sent - id:0 - topic:mqtt-roundtrip-qos2-1500Byte-100-cycles_2 - qos:0 - size:1500
2018-05-15_23:10:21:273- message received - id:0 - topic:mqtt-roundtrip-qos2-1500Byte-100-cycles - qos:0 - size:1500
2018-05-15_23:10:21:274- message sent - id:0 - topic:mqtt-roundtrip-qos2-1500Byte-100-cycles_2 - qos:0 - size:1500
2018-05-15_23:10:21:274- message received - id:0 - topic:mqtt-roundtrip-qos2-1500Byte-100-cycles - qos:0 - size:1500
2018-05-15_23:10:21:274- message sent - id:0 - topic:mqtt-roundtrip-qos2-1500Byte-100-cycles_2 - qos:0 - size:1500
2018-05-15_23:10:21:274- message received - id:0 - topic:mqtt-roundtrip-qos2-1500Byte-100-cycles - qos:0 - size:1500
2018-05-15_23:10:21:275- message sent - id:0 - topic:mqtt-roundtrip-qos2-1500Byte-100-cycles_2 - qos:0 - size:1500
2018-05-15_23:10:21:275- message received - id:0 - topic:mqtt-roundtrip-qos2-1500Byte-100-cycles - qos:0 - size:1500
2018-05-15_23:10:21:275- message sent - id:0 - topic:mqtt-roundtrip-qos2-1500Byte-100-cycles_2 - qos:0 - size:1500
2018-05-15_23:10:21:275- message received - id:0 - topic:mqtt-roundtrip-qos2-1500Byte-100-cycles - qos:0 - size:1500
2018-05-15_23:10:21:276- message sent - id:0 - topic:mqtt-roundtrip-qos2-1500Byte-100-cycles_2 - qos:0 - size:1500
2018-05-15_23:10:21:276- message received - id:0 - topic:mqtt-roundtrip-qos2-1500Byte-100-cycles - qos:0 - size:1500
2018-05-15_23:10:21:276- message sent - id:0 - topic:mqtt-roundtrip-qos2-1500Byte-100-cycles_2 - qos:0 - size:1500
2018-05-15_23:10:21:277- message received - id:0 - topic:mqtt-roundtrip-qos2-1500Byte-100-cycles - qos:0 - size:1500
2018-05-15_23:10:21:277- message sent - id:0 - topic:mqtt-roundtrip-qos2-1500Byte-100-cycles_2 - qos:0 - size:1500
2018-05-15_23:10:21:277- message received - id:0 - topic:mqtt-roundtrip-qos2-1500Byte-100-cycles - qos:0 - size:1500
2018-05-15_23:10:21:277- message sent - id:0 - topic:mqtt-roundtrip-qos2-1500Byte-100-cycles_2 - qos:0 - size:1500
2018-05-15_23:10:21:277- message received - id:0 - topic:mqtt-roundtrip-qos2-1500Byte-100-cycles - qos:0 - size:1500
2018-05-15_23:10:21:278- message sent - id:0 - topic:mqtt-roundtrip-qos2-1500Byte-100-cycles_2 - qos:0 - size:1500
2018-05-15_23:10:21:278- message received - id:0 - topic:mqtt-roundtrip-qos2-1500Byte-100-cycles - qos:0 - size:1500
2018-05-15_23:10:21:278- message sent - id:0 - topic:mqtt-roundtrip-qos2-1500Byte-100-cycles_2 - qos:0 - size:1500
2018-05-15_23:10:21:279- message received - id:0 - topic:mqtt-roundtrip-qos2-1500Byte-100-cycles - qos:0 - size:1500
2018-05-15_23:10:21:279- message sent - id:0 - topic:mqtt-roundtrip-qos2-1500Byte-100-cycles_2 - qos:0 - size:1500
