2018-05-15_23:16:03:275- connecting to broker 192.168.1.100:1883
2018-05-15_23:16:03:276- Subscribing to topicmqtt-roundtrip-qos2-10KByte-100-cycles
2018-05-15_23:16:03:276- subscribe returned (0, 1)
2018-05-15_23:16:03:277- Client connected to broker
2018-05-15_23:16:04:185- message received - id:0 - topic:mqtt-roundtrip-qos2-10KByte-100-cycles - qos:0 - size:10240
2018-05-15_23:16:04:186- message sent - id:0 - topic:mqtt-roundtrip-qos2-10KByte-100-cycles_2 - qos:0 - size:10240
2018-05-15_23:16:04:186- message received - id:0 - topic:mqtt-roundtrip-qos2-10KByte-100-cycles - qos:0 - size:10240
2018-05-15_23:16:04:186- message sent - id:0 - topic:mqtt-roundtrip-qos2-10KByte-100-cycles_2 - qos:0 - size:10240
2018-05-15_23:16:04:186- message received - id:0 - topic:mqtt-roundtrip-qos2-10KByte-100-cycles - qos:0 - size:10240
2018-05-15_23:16:04:186- message sent - id:0 - topic:mqtt-roundtrip-qos2-10KByte-100-cycles_2 - qos:0 - size:10240
2018-05-15_23:16:04:187- message received - id:0 - topic:mqtt-roundtrip-qos2-10KByte-100-cycles - qos:0 - size:10240
2018-05-15_23:16:04:187- message sent - id:0 - topic:mqtt-roundtrip-qos2-10KByte-100-cycles_2 - qos:0 - size:10240
2018-05-15_23:16:04:188- message received - id:0 - topic:mqtt-roundtrip-qos2-10KByte-100-cycles - qos:0 - size:10240
2018-05-15_23:16:04:188- message sent - id:0 - topic:mqtt-roundtrip-qos2-10KByte-100-cycles_2 - qos:0 - size:10240
2018-05-15_23:16:04:189- message received - id:0 - topic:mqtt-roundtrip-qos2-10KByte-100-cycles - qos:0 - size:10240
2018-05-15_23:16:04:189- message sent - id:0 - topic:mqtt-roundtrip-qos2-10KByte-100-cycles_2 - qos:0 - size:10240
2018-05-15_23:16:04:192- message received - id:0 - topic:mqtt-roundtrip-qos2-10KByte-100-cycles - qos:0 - size:10240
2018-05-15_23:16:04:192- message sent - id:0 - topic:mqtt-roundtrip-qos2-10KByte-100-cycles_2 - qos:0 - size:10240
2018-05-15_23:16:04:193- message received - id:0 - topic:mqtt-roundtrip-qos2-10KByte-100-cycles - qos:0 - size:10240
2018-05-15_23:16:04:194- message sent - id:0 - topic:mqtt-roundtrip-qos2-10KByte-100-cycles_2 - qos:0 - size:10240
2018-05-15_23:16:04:194- message received - id:0 - topic:mqtt-roundtrip-qos2-10KByte-100-cycles - qos:0 - size:10240
2018-05-15_23:16:04:194- message sent - id:0 - topic:mqtt-roundtrip-qos2-10KByte-100-cycles_2 - qos:0 - size:10240
2018-05-15_23:16:04:195- message received - id:0 - topic:mqtt-roundtrip-qos2-10KByte-100-cycles - qos:0 - size:10240
2018-05-15_23:16:04:195- message sent - id:0 - topic:mqtt-roundtrip-qos2-10KByte-100-cycles_2 - qos:0 - size:10240
2018-05-15_23:16:04:199- message received - id:0 - topic:mqtt-roundtrip-qos2-10KByte-100-cycles - qos:0 - size:10240
2018-05-15_23:16:04:199- message sent - id:0 - topic:mqtt-roundtrip-qos2-10KByte-100-cycles_2 - qos:0 - size:10240
2018-05-15_23:16:04:202- message received - id:0 - topic:mqtt-roundtrip-qos2-10KByte-100-cycles - qos:0 - size:10240
2018-05-15_23:16:04:202- message sent - id:0 - topic:mqtt-roundtrip-qos2-10KByte-100-cycles_2 - qos:0 - size:10240
2018-05-15_23:16:04:203- message received - id:0 - topic:mqtt-roundtrip-qos2-10KByte-100-cycles - qos:0 - size:10240
2018-05-15_23:16:04:203- message sent - id:0 - topic:mqtt-roundtrip-qos2-10KByte-100-cycles_2 - qos:0 - size:10240
2018-05-15_23:16:04:208- message received - id:0 - topic:mqtt-roundtrip-qos2-10KByte-100-cycles - qos:0 - size:10240
2018-05-15_23:16:04:208- message sent - id:0 - topic:mqtt-roundtrip-qos2-10KByte-100-cycles_2 - qos:0 - size:10240
2018-05-15_23:16:04:209- message received - id:0 - topic:mqtt-roundtrip-qos2-10KByte-100-cycles - qos:0 - size:10240
2018-05-15_23:16:04:209- message sent - id:0 - topic:mqtt-roundtrip-qos2-10KByte-100-cycles_2 - qos:0 - size:10240
2018-05-15_23:16:04:213- message received - id:0 - topic:mqtt-roundtrip-qos2-10KByte-100-cycles - qos:0 - size:10240
2018-05-15_23:16:04:214- message sent - id:0 - topic:mqtt-roundtrip-qos2-10KByte-100-cycles_2 - qos:0 - size:10240
2018-05-15_23:16:04:215- message received - id:0 - topic:mqtt-roundtrip-qos2-10KByte-100-cycles - qos:0 - size:10240
2018-05-15_23:16:04:215- message sent - id:0 - topic:mqtt-roundtrip-qos2-10KByte-100-cycles_2 - qos:0 - size:10240
2018-05-15_23:16:04:219- message received - id:0 - topic:mqtt-roundtrip-qos2-10KByte-100-cycles - qos:0 - size:10240
2018-05-15_23:16:04:219- message sent - id:0 - topic:mqtt-roundtrip-qos2-10KByte-100-cycles_2 - qos:0 - size:10240
2018-05-15_23:16:04:220- message received - id:0 - topic:mqtt-roundtrip-qos2-10KByte-100-cycles - qos:0 - size:10240
2018-05-15_23:16:04:220- message sent - id:0 - topic:mqtt-roundtrip-qos2-10KByte-100-cycles_2 - qos:0 - size:10240
2018-05-15_23:16:04:222- message received - id:0 - topic:mqtt-roundtrip-qos2-10KByte-100-cycles - qos:0 - size:10240
2018-05-15_23:16:04:222- message sent - id:0 - topic:mqtt-roundtrip-qos2-10KByte-100-cycles_2 - qos:0 - size:10240
2018-05-15_23:16:04:233- message received - id:0 - topic:mqtt-roundtrip-qos2-10KByte-100-cycles - qos:0 - size:10240
2018-05-15_23:16:04:233- message sent - id:0 - topic:mqtt-roundtrip-qos2-10KByte-100-cycles_2 - qos:0 - size:10240
2018-05-15_23:16:04:234- message received - id:0 - topic:mqtt-roundtrip-qos2-10KByte-100-cycles - qos:0 - size:10240
2018-05-15_23:16:04:234- message sent - id:0 - topic:mqtt-roundtrip-qos2-10KByte-100-cycles_2 - qos:0 - size:10240
2018-05-15_23:16:04:235- message received - id:0 - topic:mqtt-roundtrip-qos2-10KByte-100-cycles - qos:0 - size:10240
2018-05-15_23:16:04:235- message sent - id:0 - topic:mqtt-roundtrip-qos2-10KByte-100-cycles_2 - qos:0 - size:10240
2018-05-15_23:16:04:236- message received - id:0 - topic:mqtt-roundtrip-qos2-10KByte-100-cycles - qos:0 - size:10240
2018-05-15_23:16:04:236- message sent - id:0 - topic:mqtt-roundtrip-qos2-10KByte-100-cycles_2 - qos:0 - size:10240
2018-05-15_23:16:04:238- message received - id:0 - topic:mqtt-roundtrip-qos2-10KByte-100-cycles - qos:0 - size:10240
2018-05-15_23:16:04:238- message sent - id:0 - topic:mqtt-roundtrip-qos2-10KByte-100-cycles_2 - qos:0 - size:10240
2018-05-15_23:16:04:240- message received - id:0 - topic:mqtt-roundtrip-qos2-10KByte-100-cycles - qos:0 - size:10240
2018-05-15_23:16:04:241- message sent - id:0 - topic:mqtt-roundtrip-qos2-10KByte-100-cycles_2 - qos:0 - size:10240
2018-05-15_23:16:04:244- message received - id:0 - topic:mqtt-roundtrip-qos2-10KByte-100-cycles - qos:0 - size:10240
2018-05-15_23:16:04:245- message sent - id:0 - topic:mqtt-roundtrip-qos2-10KByte-100-cycles_2 - qos:0 - size:10240
2018-05-15_23:16:04:247- message received - id:0 - topic:mqtt-roundtrip-qos2-10KByte-100-cycles - qos:0 - size:10240
2018-05-15_23:16:04:248- message sent - id:0 - topic:mqtt-roundtrip-qos2-10KByte-100-cycles_2 - qos:0 - size:10240
2018-05-15_23:16:04:250- message received - id:0 - topic:mqtt-roundtrip-qos2-10KByte-100-cycles - qos:0 - size:10240
2018-05-15_23:16:04:250- message sent - id:0 - topic:mqtt-roundtrip-qos2-10KByte-100-cycles_2 - qos:0 - size:10240
2018-05-15_23:16:04:252- message received - id:0 - topic:mqtt-roundtrip-qos2-10KByte-100-cycles - qos:0 - size:10240
2018-05-15_23:16:04:252- message sent - id:0 - topic:mqtt-roundtrip-qos2-10KByte-100-cycles_2 - qos:0 - size:10240
2018-05-15_23:16:04:254- message received - id:0 - topic:mqtt-roundtrip-qos2-10KByte-100-cycles - qos:0 - size:10240
2018-05-15_23:16:04:254- message sent - id:0 - topic:mqtt-roundtrip-qos2-10KByte-100-cycles_2 - qos:0 - size:10240
2018-05-15_23:16:04:257- message received - id:0 - topic:mqtt-roundtrip-qos2-10KByte-100-cycles - qos:0 - size:10240
2018-05-15_23:16:04:257- message sent - id:0 - topic:mqtt-roundtrip-qos2-10KByte-100-cycles_2 - qos:0 - size:10240
2018-05-15_23:16:04:259- message received - id:0 - topic:mqtt-roundtrip-qos2-10KByte-100-cycles - qos:0 - size:10240
2018-05-15_23:16:04:259- message sent - id:0 - topic:mqtt-roundtrip-qos2-10KByte-100-cycles_2 - qos:0 - size:10240
2018-05-15_23:16:04:261- message received - id:0 - topic:mqtt-roundtrip-qos2-10KByte-100-cycles - qos:0 - size:10240
2018-05-15_23:16:04:261- message sent - id:0 - topic:mqtt-roundtrip-qos2-10KByte-100-cycles_2 - qos:0 - size:10240
2018-05-15_23:16:04:263- message received - id:0 - topic:mqtt-roundtrip-qos2-10KByte-100-cycles - qos:0 - size:10240
2018-05-15_23:16:04:263- message sent - id:0 - topic:mqtt-roundtrip-qos2-10KByte-100-cycles_2 - qos:0 - size:10240
2018-05-15_23:16:04:265- message received - id:0 - topic:mqtt-roundtrip-qos2-10KByte-100-cycles - qos:0 - size:10240
2018-05-15_23:16:04:266- message sent - id:0 - topic:mqtt-roundtrip-qos2-10KByte-100-cycles_2 - qos:0 - size:10240
2018-05-15_23:16:04:268- message received - id:0 - topic:mqtt-roundtrip-qos2-10KByte-100-cycles - qos:0 - size:10240
2018-05-15_23:16:04:268- message sent - id:0 - topic:mqtt-roundtrip-qos2-10KByte-100-cycles_2 - qos:0 - size:10240
2018-05-15_23:16:04:270- message received - id:0 - topic:mqtt-roundtrip-qos2-10KByte-100-cycles - qos:0 - size:10240
2018-05-15_23:16:04:270- message sent - id:0 - topic:mqtt-roundtrip-qos2-10KByte-100-cycles_2 - qos:0 - size:10240
2018-05-15_23:16:04:272- message received - id:0 - topic:mqtt-roundtrip-qos2-10KByte-100-cycles - qos:0 - size:10240
2018-05-15_23:16:04:273- message sent - id:0 - topic:mqtt-roundtrip-qos2-10KByte-100-cycles_2 - qos:0 - size:10240
2018-05-15_23:16:04:274- message received - id:0 - topic:mqtt-roundtrip-qos2-10KByte-100-cycles - qos:0 - size:10240
2018-05-15_23:16:04:274- message sent - id:0 - topic:mqtt-roundtrip-qos2-10KByte-100-cycles_2 - qos:0 - size:10240
2018-05-15_23:16:04:283- message received - id:0 - topic:mqtt-roundtrip-qos2-10KByte-100-cycles - qos:0 - size:10240
2018-05-15_23:16:04:283- message sent - id:0 - topic:mqtt-roundtrip-qos2-10KByte-100-cycles_2 - qos:0 - size:10240
2018-05-15_23:16:04:284- message received - id:0 - topic:mqtt-roundtrip-qos2-10KByte-100-cycles - qos:0 - size:10240
2018-05-15_23:16:04:284- message sent - id:0 - topic:mqtt-roundtrip-qos2-10KByte-100-cycles_2 - qos:0 - size:10240
2018-05-15_23:16:04:286- message received - id:0 - topic:mqtt-roundtrip-qos2-10KByte-100-cycles - qos:0 - size:10240
2018-05-15_23:16:04:286- message sent - id:0 - topic:mqtt-roundtrip-qos2-10KByte-100-cycles_2 - qos:0 - size:10240
2018-05-15_23:16:04:288- message received - id:0 - topic:mqtt-roundtrip-qos2-10KByte-100-cycles - qos:0 - size:10240
2018-05-15_23:16:04:289- message sent - id:0 - topic:mqtt-roundtrip-qos2-10KByte-100-cycles_2 - qos:0 - size:10240
2018-05-15_23:16:04:291- message received - id:0 - topic:mqtt-roundtrip-qos2-10KByte-100-cycles - qos:0 - size:10240
2018-05-15_23:16:04:292- message sent - id:0 - topic:mqtt-roundtrip-qos2-10KByte-100-cycles_2 - qos:0 - size:10240
2018-05-15_23:16:04:293- message received - id:0 - topic:mqtt-roundtrip-qos2-10KByte-100-cycles - qos:0 - size:10240
2018-05-15_23:16:04:293- message sent - id:0 - topic:mqtt-roundtrip-qos2-10KByte-100-cycles_2 - qos:0 - size:10240
2018-05-15_23:16:04:295- message received - id:0 - topic:mqtt-roundtrip-qos2-10KByte-100-cycles - qos:0 - size:10240
2018-05-15_23:16:04:295- message sent - id:0 - topic:mqtt-roundtrip-qos2-10KByte-100-cycles_2 - qos:0 - size:10240
2018-05-15_23:16:04:296- message received - id:0 - topic:mqtt-roundtrip-qos2-10KByte-100-cycles - qos:0 - size:10240
2018-05-15_23:16:04:297- message sent - id:0 - topic:mqtt-roundtrip-qos2-10KByte-100-cycles_2 - qos:0 - size:10240
2018-05-15_23:16:04:298- message received - id:0 - topic:mqtt-roundtrip-qos2-10KByte-100-cycles - qos:0 - size:10240
2018-05-15_23:16:04:298- message sent - id:0 - topic:mqtt-roundtrip-qos2-10KByte-100-cycles_2 - qos:0 - size:10240
2018-05-15_23:16:04:299- message received - id:0 - topic:mqtt-roundtrip-qos2-10KByte-100-cycles - qos:0 - size:10240
2018-05-15_23:16:04:300- message sent - id:0 - topic:mqtt-roundtrip-qos2-10KByte-100-cycles_2 - qos:0 - size:10240
2018-05-15_23:16:04:302- message received - id:0 - topic:mqtt-roundtrip-qos2-10KByte-100-cycles - qos:0 - size:10240
2018-05-15_23:16:04:302- message sent - id:0 - topic:mqtt-roundtrip-qos2-10KByte-100-cycles_2 - qos:0 - size:10240
2018-05-15_23:16:04:302- message received - id:0 - topic:mqtt-roundtrip-qos2-10KByte-100-cycles - qos:0 - size:10240
2018-05-15_23:16:04:303- message sent - id:0 - topic:mqtt-roundtrip-qos2-10KByte-100-cycles_2 - qos:0 - size:10240
2018-05-15_23:16:04:306- message received - id:0 - topic:mqtt-roundtrip-qos2-10KByte-100-cycles - qos:0 - size:10240
2018-05-15_23:16:04:306- message sent - id:0 - topic:mqtt-roundtrip-qos2-10KByte-100-cycles_2 - qos:0 - size:10240
2018-05-15_23:16:04:308- message received - id:0 - topic:mqtt-roundtrip-qos2-10KByte-100-cycles - qos:0 - size:10240
2018-05-15_23:16:04:308- message sent - id:0 - topic:mqtt-roundtrip-qos2-10KByte-100-cycles_2 - qos:0 - size:10240
2018-05-15_23:16:04:310- message received - id:0 - topic:mqtt-roundtrip-qos2-10KByte-100-cycles - qos:0 - size:10240
2018-05-15_23:16:04:310- message sent - id:0 - topic:mqtt-roundtrip-qos2-10KByte-100-cycles_2 - qos:0 - size:10240
2018-05-15_23:16:04:312- message received - id:0 - topic:mqtt-roundtrip-qos2-10KByte-100-cycles - qos:0 - size:10240
2018-05-15_23:16:04:313- message sent - id:0 - topic:mqtt-roundtrip-qos2-10KByte-100-cycles_2 - qos:0 - size:10240
2018-05-15_23:16:04:315- message received - id:0 - topic:mqtt-roundtrip-qos2-10KByte-100-cycles - qos:0 - size:10240
2018-05-15_23:16:04:315- message sent - id:0 - topic:mqtt-roundtrip-qos2-10KByte-100-cycles_2 - qos:0 - size:10240
2018-05-15_23:16:04:316- message received - id:0 - topic:mqtt-roundtrip-qos2-10KByte-100-cycles - qos:0 - size:10240
2018-05-15_23:16:04:316- message sent - id:0 - topic:mqtt-roundtrip-qos2-10KByte-100-cycles_2 - qos:0 - size:10240
2018-05-15_23:16:04:317- message received - id:0 - topic:mqtt-roundtrip-qos2-10KByte-100-cycles - qos:0 - size:10240
2018-05-15_23:16:04:317- message sent - id:0 - topic:mqtt-roundtrip-qos2-10KByte-100-cycles_2 - qos:0 - size:10240
2018-05-15_23:16:04:318- message received - id:0 - topic:mqtt-roundtrip-qos2-10KByte-100-cycles - qos:0 - size:10240
2018-05-15_23:16:04:318- message sent - id:0 - topic:mqtt-roundtrip-qos2-10KByte-100-cycles_2 - qos:0 - size:10240
2018-05-15_23:16:04:320- message received - id:0 - topic:mqtt-roundtrip-qos2-10KByte-100-cycles - qos:0 - size:10240
2018-05-15_23:16:04:320- message sent - id:0 - topic:mqtt-roundtrip-qos2-10KByte-100-cycles_2 - qos:0 - size:10240
2018-05-15_23:16:04:321- message received - id:0 - topic:mqtt-roundtrip-qos2-10KByte-100-cycles - qos:0 - size:10240
2018-05-15_23:16:04:322- message sent - id:0 - topic:mqtt-roundtrip-qos2-10KByte-100-cycles_2 - qos:0 - size:10240
2018-05-15_23:16:04:323- message received - id:0 - topic:mqtt-roundtrip-qos2-10KByte-100-cycles - qos:0 - size:10240
2018-05-15_23:16:04:323- message sent - id:0 - topic:mqtt-roundtrip-qos2-10KByte-100-cycles_2 - qos:0 - size:10240
2018-05-15_23:16:04:325- message received - id:0 - topic:mqtt-roundtrip-qos2-10KByte-100-cycles - qos:0 - size:10240
2018-05-15_23:16:04:325- message sent - id:0 - topic:mqtt-roundtrip-qos2-10KByte-100-cycles_2 - qos:0 - size:10240
2018-05-15_23:16:04:327- message received - id:0 - topic:mqtt-roundtrip-qos2-10KByte-100-cycles - qos:0 - size:10240
2018-05-15_23:16:04:327- message sent - id:0 - topic:mqtt-roundtrip-qos2-10KByte-100-cycles_2 - qos:0 - size:10240
2018-05-15_23:16:04:329- message received - id:0 - topic:mqtt-roundtrip-qos2-10KByte-100-cycles - qos:0 - size:10240
2018-05-15_23:16:04:329- message sent - id:0 - topic:mqtt-roundtrip-qos2-10KByte-100-cycles_2 - qos:0 - size:10240
2018-05-15_23:16:04:331- message received - id:0 - topic:mqtt-roundtrip-qos2-10KByte-100-cycles - qos:0 - size:10240
2018-05-15_23:16:04:331- message sent - id:0 - topic:mqtt-roundtrip-qos2-10KByte-100-cycles_2 - qos:0 - size:10240
2018-05-15_23:16:04:332- message received - id:0 - topic:mqtt-roundtrip-qos2-10KByte-100-cycles - qos:0 - size:10240
2018-05-15_23:16:04:332- message sent - id:0 - topic:mqtt-roundtrip-qos2-10KByte-100-cycles_2 - qos:0 - size:10240
2018-05-15_23:16:04:333- message received - id:0 - topic:mqtt-roundtrip-qos2-10KByte-100-cycles - qos:0 - size:10240
2018-05-15_23:16:04:333- message sent - id:0 - topic:mqtt-roundtrip-qos2-10KByte-100-cycles_2 - qos:0 - size:10240
2018-05-15_23:16:04:336- message received - id:0 - topic:mqtt-roundtrip-qos2-10KByte-100-cycles - qos:0 - size:10240
2018-05-15_23:16:04:336- message sent - id:0 - topic:mqtt-roundtrip-qos2-10KByte-100-cycles_2 - qos:0 - size:10240
2018-05-15_23:16:04:337- message received - id:0 - topic:mqtt-roundtrip-qos2-10KByte-100-cycles - qos:0 - size:10240
2018-05-15_23:16:04:338- message sent - id:0 - topic:mqtt-roundtrip-qos2-10KByte-100-cycles_2 - qos:0 - size:10240
2018-05-15_23:16:04:339- message received - id:0 - topic:mqtt-roundtrip-qos2-10KByte-100-cycles - qos:0 - size:10240
2018-05-15_23:16:04:339- message sent - id:0 - topic:mqtt-roundtrip-qos2-10KByte-100-cycles_2 - qos:0 - size:10240
2018-05-15_23:16:04:343- message received - id:0 - topic:mqtt-roundtrip-qos2-10KByte-100-cycles - qos:0 - size:10240
2018-05-15_23:16:04:344- message sent - id:0 - topic:mqtt-roundtrip-qos2-10KByte-100-cycles_2 - qos:0 - size:10240
2018-05-15_23:16:04:344- message received - id:0 - topic:mqtt-roundtrip-qos2-10KByte-100-cycles - qos:0 - size:10240
2018-05-15_23:16:04:344- message sent - id:0 - topic:mqtt-roundtrip-qos2-10KByte-100-cycles_2 - qos:0 - size:10240
2018-05-15_23:16:04:346- message received - id:0 - topic:mqtt-roundtrip-qos2-10KByte-100-cycles - qos:0 - size:10240
2018-05-15_23:16:04:346- message sent - id:0 - topic:mqtt-roundtrip-qos2-10KByte-100-cycles_2 - qos:0 - size:10240
2018-05-15_23:16:04:348- message received - id:0 - topic:mqtt-roundtrip-qos2-10KByte-100-cycles - qos:0 - size:10240
2018-05-15_23:16:04:349- message sent - id:0 - topic:mqtt-roundtrip-qos2-10KByte-100-cycles_2 - qos:0 - size:10240
2018-05-15_23:16:04:350- message received - id:0 - topic:mqtt-roundtrip-qos2-10KByte-100-cycles - qos:0 - size:10240
2018-05-15_23:16:04:350- message sent - id:0 - topic:mqtt-roundtrip-qos2-10KByte-100-cycles_2 - qos:0 - size:10240
2018-05-15_23:16:04:352- message received - id:0 - topic:mqtt-roundtrip-qos2-10KByte-100-cycles - qos:0 - size:10240
2018-05-15_23:16:04:352- message sent - id:0 - topic:mqtt-roundtrip-qos2-10KByte-100-cycles_2 - qos:0 - size:10240
2018-05-15_23:16:04:353- message received - id:0 - topic:mqtt-roundtrip-qos2-10KByte-100-cycles - qos:0 - size:10240
2018-05-15_23:16:04:353- message sent - id:0 - topic:mqtt-roundtrip-qos2-10KByte-100-cycles_2 - qos:0 - size:10240
2018-05-15_23:16:04:355- message received - id:0 - topic:mqtt-roundtrip-qos2-10KByte-100-cycles - qos:0 - size:10240
2018-05-15_23:16:04:355- message sent - id:0 - topic:mqtt-roundtrip-qos2-10KByte-100-cycles_2 - qos:0 - size:10240
2018-05-15_23:16:04:357- message received - id:0 - topic:mqtt-roundtrip-qos2-10KByte-100-cycles - qos:0 - size:10240
2018-05-15_23:16:04:357- message sent - id:0 - topic:mqtt-roundtrip-qos2-10KByte-100-cycles_2 - qos:0 - size:10240
2018-05-15_23:16:04:358- message received - id:0 - topic:mqtt-roundtrip-qos2-10KByte-100-cycles - qos:0 - size:10240
2018-05-15_23:16:04:358- message sent - id:0 - topic:mqtt-roundtrip-qos2-10KByte-100-cycles_2 - qos:0 - size:10240
2018-05-15_23:16:04:360- message received - id:0 - topic:mqtt-roundtrip-qos2-10KByte-100-cycles - qos:0 - size:10240
2018-05-15_23:16:04:360- message sent - id:0 - topic:mqtt-roundtrip-qos2-10KByte-100-cycles_2 - qos:0 - size:10240
2018-05-15_23:16:04:362- message received - id:0 - topic:mqtt-roundtrip-qos2-10KByte-100-cycles - qos:0 - size:10240
2018-05-15_23:16:04:362- message sent - id:0 - topic:mqtt-roundtrip-qos2-10KByte-100-cycles_2 - qos:0 - size:10240
2018-05-15_23:16:04:363- message received - id:0 - topic:mqtt-roundtrip-qos2-10KByte-100-cycles - qos:0 - size:10240
2018-05-15_23:16:04:364- message sent - id:0 - topic:mqtt-roundtrip-qos2-10KByte-100-cycles_2 - qos:0 - size:10240
2018-05-15_23:16:04:365- message received - id:0 - topic:mqtt-roundtrip-qos2-10KByte-100-cycles - qos:0 - size:10240
2018-05-15_23:16:04:365- message sent - id:0 - topic:mqtt-roundtrip-qos2-10KByte-100-cycles_2 - qos:0 - size:10240
2018-05-15_23:16:04:367- message received - id:0 - topic:mqtt-roundtrip-qos2-10KByte-100-cycles - qos:0 - size:10240
2018-05-15_23:16:04:367- message sent - id:0 - topic:mqtt-roundtrip-qos2-10KByte-100-cycles_2 - qos:0 - size:10240
2018-05-15_23:16:04:368- message received - id:0 - topic:mqtt-roundtrip-qos2-10KByte-100-cycles - qos:0 - size:10240
2018-05-15_23:16:04:369- message sent - id:0 - topic:mqtt-roundtrip-qos2-10KByte-100-cycles_2 - qos:0 - size:10240
2018-05-15_23:16:04:370- message received - id:0 - topic:mqtt-roundtrip-qos2-10KByte-100-cycles - qos:0 - size:10240
2018-05-15_23:16:04:370- message sent - id:0 - topic:mqtt-roundtrip-qos2-10KByte-100-cycles_2 - qos:0 - size:10240
2018-05-15_23:16:04:372- message received - id:0 - topic:mqtt-roundtrip-qos2-10KByte-100-cycles - qos:0 - size:10240
2018-05-15_23:16:04:372- message sent - id:0 - topic:mqtt-roundtrip-qos2-10KByte-100-cycles_2 - qos:0 - size:10240
2018-05-15_23:16:04:373- message received - id:0 - topic:mqtt-roundtrip-qos2-10KByte-100-cycles - qos:0 - size:10240
2018-05-15_23:16:04:374- message sent - id:0 - topic:mqtt-roundtrip-qos2-10KByte-100-cycles_2 - qos:0 - size:10240
2018-05-15_23:16:04:375- message received - id:0 - topic:mqtt-roundtrip-qos2-10KByte-100-cycles - qos:0 - size:10240
2018-05-15_23:16:04:375- message sent - id:0 - topic:mqtt-roundtrip-qos2-10KByte-100-cycles_2 - qos:0 - size:10240
2018-05-15_23:16:04:377- message received - id:0 - topic:mqtt-roundtrip-qos2-10KByte-100-cycles - qos:0 - size:10240
2018-05-15_23:16:04:377- message sent - id:0 - topic:mqtt-roundtrip-qos2-10KByte-100-cycles_2 - qos:0 - size:10240
2018-05-15_23:16:04:378- message received - id:0 - topic:mqtt-roundtrip-qos2-10KByte-100-cycles - qos:0 - size:10240
2018-05-15_23:16:04:378- message sent - id:0 - topic:mqtt-roundtrip-qos2-10KByte-100-cycles_2 - qos:0 - size:10240
2018-05-15_23:16:04:380- message received - id:0 - topic:mqtt-roundtrip-qos2-10KByte-100-cycles - qos:0 - size:10240
2018-05-15_23:16:04:380- message sent - id:0 - topic:mqtt-roundtrip-qos2-10KByte-100-cycles_2 - qos:0 - size:10240
2018-05-15_23:16:04:382- message received - id:0 - topic:mqtt-roundtrip-qos2-10KByte-100-cycles - qos:0 - size:10240
2018-05-15_23:16:04:382- message sent - id:0 - topic:mqtt-roundtrip-qos2-10KByte-100-cycles_2 - qos:0 - size:10240
2018-05-15_23:16:04:383- message received - id:0 - topic:mqtt-roundtrip-qos2-10KByte-100-cycles - qos:0 - size:10240
2018-05-15_23:16:04:383- message sent - id:0 - topic:mqtt-roundtrip-qos2-10KByte-100-cycles_2 - qos:0 - size:10240
2018-05-15_23:16:04:385- message received - id:0 - topic:mqtt-roundtrip-qos2-10KByte-100-cycles - qos:0 - size:10240
2018-05-15_23:16:04:385- message sent - id:0 - topic:mqtt-roundtrip-qos2-10KByte-100-cycles_2 - qos:0 - size:10240
2018-05-15_23:16:04:386- message received - id:0 - topic:mqtt-roundtrip-qos2-10KByte-100-cycles - qos:0 - size:10240
2018-05-15_23:16:04:387- message sent - id:0 - topic:mqtt-roundtrip-qos2-10KByte-100-cycles_2 - qos:0 - size:10240
2018-05-15_23:16:04:388- message received - id:0 - topic:mqtt-roundtrip-qos2-10KByte-100-cycles - qos:0 - size:10240
2018-05-15_23:16:04:388- message sent - id:0 - topic:mqtt-roundtrip-qos2-10KByte-100-cycles_2 - qos:0 - size:10240
