2018-05-15_23:12:51:132- connecting to broker 192.168.1.100:1883
2018-05-15_23:12:51:134- Subscribing to topicmqtt-roundtrip-qos1-1KByte-10-cycles
2018-05-15_23:12:51:134- subscribe returned (0, 1)
2018-05-15_23:12:51:134- Client connected to broker
2018-05-15_23:12:52:025- message received - id:0 - topic:mqtt-roundtrip-qos1-1KByte-10-cycles - qos:0 - size:1024
2018-05-15_23:12:52:026- message sent - id:0 - topic:mqtt-roundtrip-qos1-1KByte-10-cycles_2 - qos:0 - size:1024
2018-05-15_23:12:52:026- message received - id:0 - topic:mqtt-roundtrip-qos1-1KByte-10-cycles - qos:0 - size:1024
2018-05-15_23:12:52:026- message sent - id:0 - topic:mqtt-roundtrip-qos1-1KByte-10-cycles_2 - qos:0 - size:1024
2018-05-15_23:12:52:027- message received - id:0 - topic:mqtt-roundtrip-qos1-1KByte-10-cycles - qos:0 - size:1024
2018-05-15_23:12:52:027- message sent - id:0 - topic:mqtt-roundtrip-qos1-1KByte-10-cycles_2 - qos:0 - size:1024
2018-05-15_23:12:52:027- message received - id:0 - topic:mqtt-roundtrip-qos1-1KByte-10-cycles - qos:0 - size:1024
2018-05-15_23:12:52:027- message sent - id:0 - topic:mqtt-roundtrip-qos1-1KByte-10-cycles_2 - qos:0 - size:1024
2018-05-15_23:12:52:028- message received - id:0 - topic:mqtt-roundtrip-qos1-1KByte-10-cycles - qos:0 - size:1024
2018-05-15_23:12:52:028- message sent - id:0 - topic:mqtt-roundtrip-qos1-1KByte-10-cycles_2 - qos:0 - size:1024
2018-05-15_23:12:52:028- message received - id:0 - topic:mqtt-roundtrip-qos1-1KByte-10-cycles - qos:0 - size:1024
2018-05-15_23:12:52:028- message sent - id:0 - topic:mqtt-roundtrip-qos1-1KByte-10-cycles_2 - qos:0 - size:1024
2018-05-15_23:12:52:028- message received - id:0 - topic:mqtt-roundtrip-qos1-1KByte-10-cycles - qos:0 - size:1024
2018-05-15_23:12:52:029- message sent - id:0 - topic:mqtt-roundtrip-qos1-1KByte-10-cycles_2 - qos:0 - size:1024
2018-05-15_23:12:52:029- message received - id:0 - topic:mqtt-roundtrip-qos1-1KByte-10-cycles - qos:0 - size:1024
2018-05-15_23:12:52:029- message sent - id:0 - topic:mqtt-roundtrip-qos1-1KByte-10-cycles_2 - qos:0 - size:1024
2018-05-15_23:12:52:029- message received - id:0 - topic:mqtt-roundtrip-qos1-1KByte-10-cycles - qos:0 - size:1024
2018-05-15_23:12:52:029- message sent - id:0 - topic:mqtt-roundtrip-qos1-1KByte-10-cycles_2 - qos:0 - size:1024
2018-05-15_23:12:52:030- message received - id:0 - topic:mqtt-roundtrip-qos1-1KByte-10-cycles - qos:0 - size:1024
2018-05-15_23:12:52:030- message sent - id:0 - topic:mqtt-roundtrip-qos1-1KByte-10-cycles_2 - qos:0 - size:1024
