2018-05-15_23:19:47:847- connecting to broker 192.168.1.100:1883
2018-05-15_23:19:47:848- Subscribing to topicmqtt-roundtrip-qos2-100KByte-100-cycles
2018-05-15_23:19:47:848- subscribe returned (0, 1)
2018-05-15_23:19:47:849- Client connected to broker
2018-05-15_23:19:49:384- message received - id:0 - topic:mqtt-roundtrip-qos2-100KByte-100-cycles - qos:0 - size:102400
2018-05-15_23:19:49:385- message sent - id:0 - topic:mqtt-roundtrip-qos2-100KByte-100-cycles_2 - qos:0 - size:102400
2018-05-15_23:19:49:405- message received - id:0 - topic:mqtt-roundtrip-qos2-100KByte-100-cycles - qos:0 - size:102400
2018-05-15_23:19:49:405- message sent - id:0 - topic:mqtt-roundtrip-qos2-100KByte-100-cycles_2 - qos:0 - size:102400
2018-05-15_23:19:49:425- message received - id:0 - topic:mqtt-roundtrip-qos2-100KByte-100-cycles - qos:0 - size:102400
2018-05-15_23:19:49:425- message sent - id:0 - topic:mqtt-roundtrip-qos2-100KByte-100-cycles_2 - qos:0 - size:102400
2018-05-15_23:19:49:444- message received - id:0 - topic:mqtt-roundtrip-qos2-100KByte-100-cycles - qos:0 - size:102400
2018-05-15_23:19:49:444- message sent - id:0 - topic:mqtt-roundtrip-qos2-100KByte-100-cycles_2 - qos:0 - size:102400
2018-05-15_23:19:49:458- message received - id:0 - topic:mqtt-roundtrip-qos2-100KByte-100-cycles - qos:0 - size:102400
2018-05-15_23:19:49:459- message sent - id:0 - topic:mqtt-roundtrip-qos2-100KByte-100-cycles_2 - qos:0 - size:102400
2018-05-15_23:19:49:478- message received - id:0 - topic:mqtt-roundtrip-qos2-100KByte-100-cycles - qos:0 - size:102400
2018-05-15_23:19:49:478- message sent - id:0 - topic:mqtt-roundtrip-qos2-100KByte-100-cycles_2 - qos:0 - size:102400
2018-05-15_23:19:49:492- message received - id:0 - topic:mqtt-roundtrip-qos2-100KByte-100-cycles - qos:0 - size:102400
2018-05-15_23:19:49:493- message sent - id:0 - topic:mqtt-roundtrip-qos2-100KByte-100-cycles_2 - qos:0 - size:102400
2018-05-15_23:19:49:508- message received - id:0 - topic:mqtt-roundtrip-qos2-100KByte-100-cycles - qos:0 - size:102400
2018-05-15_23:19:49:508- message sent - id:0 - topic:mqtt-roundtrip-qos2-100KByte-100-cycles_2 - qos:0 - size:102400
2018-05-15_23:19:49:520- message received - id:0 - topic:mqtt-roundtrip-qos2-100KByte-100-cycles - qos:0 - size:102400
2018-05-15_23:19:49:520- message sent - id:0 - topic:mqtt-roundtrip-qos2-100KByte-100-cycles_2 - qos:0 - size:102400
2018-05-15_23:19:49:533- message received - id:0 - topic:mqtt-roundtrip-qos2-100KByte-100-cycles - qos:0 - size:102400
2018-05-15_23:19:49:533- message sent - id:0 - topic:mqtt-roundtrip-qos2-100KByte-100-cycles_2 - qos:0 - size:102400
2018-05-15_23:19:49:547- message received - id:0 - topic:mqtt-roundtrip-qos2-100KByte-100-cycles - qos:0 - size:102400
2018-05-15_23:19:49:547- message sent - id:0 - topic:mqtt-roundtrip-qos2-100KByte-100-cycles_2 - qos:0 - size:102400
2018-05-15_23:19:49:560- message received - id:0 - topic:mqtt-roundtrip-qos2-100KByte-100-cycles - qos:0 - size:102400
2018-05-15_23:19:49:560- message sent - id:0 - topic:mqtt-roundtrip-qos2-100KByte-100-cycles_2 - qos:0 - size:102400
2018-05-15_23:19:49:573- message received - id:0 - topic:mqtt-roundtrip-qos2-100KByte-100-cycles - qos:0 - size:102400
2018-05-15_23:19:49:573- message sent - id:0 - topic:mqtt-roundtrip-qos2-100KByte-100-cycles_2 - qos:0 - size:102400
2018-05-15_23:19:49:587- message received - id:0 - topic:mqtt-roundtrip-qos2-100KByte-100-cycles - qos:0 - size:102400
2018-05-15_23:19:49:587- message sent - id:0 - topic:mqtt-roundtrip-qos2-100KByte-100-cycles_2 - qos:0 - size:102400
2018-05-15_23:19:49:598- message received - id:0 - topic:mqtt-roundtrip-qos2-100KByte-100-cycles - qos:0 - size:102400
2018-05-15_23:19:49:598- message sent - id:0 - topic:mqtt-roundtrip-qos2-100KByte-100-cycles_2 - qos:0 - size:102400
2018-05-15_23:19:49:609- message received - id:0 - topic:mqtt-roundtrip-qos2-100KByte-100-cycles - qos:0 - size:102400
2018-05-15_23:19:49:609- message sent - id:0 - topic:mqtt-roundtrip-qos2-100KByte-100-cycles_2 - qos:0 - size:102400
2018-05-15_23:19:49:622- message received - id:0 - topic:mqtt-roundtrip-qos2-100KByte-100-cycles - qos:0 - size:102400
2018-05-15_23:19:49:622- message sent - id:0 - topic:mqtt-roundtrip-qos2-100KByte-100-cycles_2 - qos:0 - size:102400
2018-05-15_23:19:49:635- message received - id:0 - topic:mqtt-roundtrip-qos2-100KByte-100-cycles - qos:0 - size:102400
2018-05-15_23:19:49:636- message sent - id:0 - topic:mqtt-roundtrip-qos2-100KByte-100-cycles_2 - qos:0 - size:102400
2018-05-15_23:19:49:649- message received - id:0 - topic:mqtt-roundtrip-qos2-100KByte-100-cycles - qos:0 - size:102400
2018-05-15_23:19:49:650- message sent - id:0 - topic:mqtt-roundtrip-qos2-100KByte-100-cycles_2 - qos:0 - size:102400
2018-05-15_23:19:49:663- message received - id:0 - topic:mqtt-roundtrip-qos2-100KByte-100-cycles - qos:0 - size:102400
2018-05-15_23:19:49:663- message sent - id:0 - topic:mqtt-roundtrip-qos2-100KByte-100-cycles_2 - qos:0 - size:102400
2018-05-15_23:19:49:677- message received - id:0 - topic:mqtt-roundtrip-qos2-100KByte-100-cycles - qos:0 - size:102400
2018-05-15_23:19:49:677- message sent - id:0 - topic:mqtt-roundtrip-qos2-100KByte-100-cycles_2 - qos:0 - size:102400
2018-05-15_23:19:49:691- message received - id:0 - topic:mqtt-roundtrip-qos2-100KByte-100-cycles - qos:0 - size:102400
2018-05-15_23:19:49:691- message sent - id:0 - topic:mqtt-roundtrip-qos2-100KByte-100-cycles_2 - qos:0 - size:102400
2018-05-15_23:19:49:704- message received - id:0 - topic:mqtt-roundtrip-qos2-100KByte-100-cycles - qos:0 - size:102400
2018-05-15_23:19:49:705- message sent - id:0 - topic:mqtt-roundtrip-qos2-100KByte-100-cycles_2 - qos:0 - size:102400
2018-05-15_23:19:49:719- message received - id:0 - topic:mqtt-roundtrip-qos2-100KByte-100-cycles - qos:0 - size:102400
2018-05-15_23:19:49:719- message sent - id:0 - topic:mqtt-roundtrip-qos2-100KByte-100-cycles_2 - qos:0 - size:102400
2018-05-15_23:19:49:733- message received - id:0 - topic:mqtt-roundtrip-qos2-100KByte-100-cycles - qos:0 - size:102400
2018-05-15_23:19:49:733- message sent - id:0 - topic:mqtt-roundtrip-qos2-100KByte-100-cycles_2 - qos:0 - size:102400
2018-05-15_23:19:49:747- message received - id:0 - topic:mqtt-roundtrip-qos2-100KByte-100-cycles - qos:0 - size:102400
2018-05-15_23:19:49:747- message sent - id:0 - topic:mqtt-roundtrip-qos2-100KByte-100-cycles_2 - qos:0 - size:102400
2018-05-15_23:19:49:761- message received - id:0 - topic:mqtt-roundtrip-qos2-100KByte-100-cycles - qos:0 - size:102400
2018-05-15_23:19:49:761- message sent - id:0 - topic:mqtt-roundtrip-qos2-100KByte-100-cycles_2 - qos:0 - size:102400
2018-05-15_23:19:49:774- message received - id:0 - topic:mqtt-roundtrip-qos2-100KByte-100-cycles - qos:0 - size:102400
2018-05-15_23:19:49:775- message sent - id:0 - topic:mqtt-roundtrip-qos2-100KByte-100-cycles_2 - qos:0 - size:102400
2018-05-15_23:19:49:788- message received - id:0 - topic:mqtt-roundtrip-qos2-100KByte-100-cycles - qos:0 - size:102400
2018-05-15_23:19:49:788- message sent - id:0 - topic:mqtt-roundtrip-qos2-100KByte-100-cycles_2 - qos:0 - size:102400
2018-05-15_23:19:49:802- message received - id:0 - topic:mqtt-roundtrip-qos2-100KByte-100-cycles - qos:0 - size:102400
2018-05-15_23:19:49:802- message sent - id:0 - topic:mqtt-roundtrip-qos2-100KByte-100-cycles_2 - qos:0 - size:102400
2018-05-15_23:19:49:816- message received - id:0 - topic:mqtt-roundtrip-qos2-100KByte-100-cycles - qos:0 - size:102400
2018-05-15_23:19:49:816- message sent - id:0 - topic:mqtt-roundtrip-qos2-100KByte-100-cycles_2 - qos:0 - size:102400
2018-05-15_23:19:49:830- message received - id:0 - topic:mqtt-roundtrip-qos2-100KByte-100-cycles - qos:0 - size:102400
2018-05-15_23:19:49:830- message sent - id:0 - topic:mqtt-roundtrip-qos2-100KByte-100-cycles_2 - qos:0 - size:102400
2018-05-15_23:19:49:843- message received - id:0 - topic:mqtt-roundtrip-qos2-100KByte-100-cycles - qos:0 - size:102400
2018-05-15_23:19:49:844- message sent - id:0 - topic:mqtt-roundtrip-qos2-100KByte-100-cycles_2 - qos:0 - size:102400
2018-05-15_23:19:49:858- message received - id:0 - topic:mqtt-roundtrip-qos2-100KByte-100-cycles - qos:0 - size:102400
2018-05-15_23:19:49:858- message sent - id:0 - topic:mqtt-roundtrip-qos2-100KByte-100-cycles_2 - qos:0 - size:102400
2018-05-15_23:19:49:871- message received - id:0 - topic:mqtt-roundtrip-qos2-100KByte-100-cycles - qos:0 - size:102400
2018-05-15_23:19:49:871- message sent - id:0 - topic:mqtt-roundtrip-qos2-100KByte-100-cycles_2 - qos:0 - size:102400
2018-05-15_23:19:49:885- message received - id:0 - topic:mqtt-roundtrip-qos2-100KByte-100-cycles - qos:0 - size:102400
2018-05-15_23:19:49:886- message sent - id:0 - topic:mqtt-roundtrip-qos2-100KByte-100-cycles_2 - qos:0 - size:102400
2018-05-15_23:19:49:899- message received - id:0 - topic:mqtt-roundtrip-qos2-100KByte-100-cycles - qos:0 - size:102400
2018-05-15_23:19:49:899- message sent - id:0 - topic:mqtt-roundtrip-qos2-100KByte-100-cycles_2 - qos:0 - size:102400
2018-05-15_23:19:49:912- message received - id:0 - topic:mqtt-roundtrip-qos2-100KByte-100-cycles - qos:0 - size:102400
2018-05-15_23:19:49:912- message sent - id:0 - topic:mqtt-roundtrip-qos2-100KByte-100-cycles_2 - qos:0 - size:102400
2018-05-15_23:19:49:926- message received - id:0 - topic:mqtt-roundtrip-qos2-100KByte-100-cycles - qos:0 - size:102400
2018-05-15_23:19:49:926- message sent - id:0 - topic:mqtt-roundtrip-qos2-100KByte-100-cycles_2 - qos:0 - size:102400
2018-05-15_23:19:49:938- message received - id:0 - topic:mqtt-roundtrip-qos2-100KByte-100-cycles - qos:0 - size:102400
2018-05-15_23:19:49:939- message sent - id:0 - topic:mqtt-roundtrip-qos2-100KByte-100-cycles_2 - qos:0 - size:102400
2018-05-15_23:19:49:952- message received - id:0 - topic:mqtt-roundtrip-qos2-100KByte-100-cycles - qos:0 - size:102400
2018-05-15_23:19:49:953- message sent - id:0 - topic:mqtt-roundtrip-qos2-100KByte-100-cycles_2 - qos:0 - size:102400
2018-05-15_23:19:49:966- message received - id:0 - topic:mqtt-roundtrip-qos2-100KByte-100-cycles - qos:0 - size:102400
2018-05-15_23:19:49:966- message sent - id:0 - topic:mqtt-roundtrip-qos2-100KByte-100-cycles_2 - qos:0 - size:102400
2018-05-15_23:19:49:980- message received - id:0 - topic:mqtt-roundtrip-qos2-100KByte-100-cycles - qos:0 - size:102400
2018-05-15_23:19:49:980- message sent - id:0 - topic:mqtt-roundtrip-qos2-100KByte-100-cycles_2 - qos:0 - size:102400
2018-05-15_23:19:49:993- message received - id:0 - topic:mqtt-roundtrip-qos2-100KByte-100-cycles - qos:0 - size:102400
2018-05-15_23:19:49:994- message sent - id:0 - topic:mqtt-roundtrip-qos2-100KByte-100-cycles_2 - qos:0 - size:102400
2018-05-15_23:19:50:007- message received - id:0 - topic:mqtt-roundtrip-qos2-100KByte-100-cycles - qos:0 - size:102400
2018-05-15_23:19:50:007- message sent - id:0 - topic:mqtt-roundtrip-qos2-100KByte-100-cycles_2 - qos:0 - size:102400
2018-05-15_23:19:50:021- message received - id:0 - topic:mqtt-roundtrip-qos2-100KByte-100-cycles - qos:0 - size:102400
2018-05-15_23:19:50:021- message sent - id:0 - topic:mqtt-roundtrip-qos2-100KByte-100-cycles_2 - qos:0 - size:102400
2018-05-15_23:19:50:035- message received - id:0 - topic:mqtt-roundtrip-qos2-100KByte-100-cycles - qos:0 - size:102400
2018-05-15_23:19:50:035- message sent - id:0 - topic:mqtt-roundtrip-qos2-100KByte-100-cycles_2 - qos:0 - size:102400
2018-05-15_23:19:50:047- message received - id:0 - topic:mqtt-roundtrip-qos2-100KByte-100-cycles - qos:0 - size:102400
2018-05-15_23:19:50:048- message sent - id:0 - topic:mqtt-roundtrip-qos2-100KByte-100-cycles_2 - qos:0 - size:102400
2018-05-15_23:19:50:060- message received - id:0 - topic:mqtt-roundtrip-qos2-100KByte-100-cycles - qos:0 - size:102400
2018-05-15_23:19:50:061- message sent - id:0 - topic:mqtt-roundtrip-qos2-100KByte-100-cycles_2 - qos:0 - size:102400
2018-05-15_23:19:50:073- message received - id:0 - topic:mqtt-roundtrip-qos2-100KByte-100-cycles - qos:0 - size:102400
2018-05-15_23:19:50:074- message sent - id:0 - topic:mqtt-roundtrip-qos2-100KByte-100-cycles_2 - qos:0 - size:102400
2018-05-15_23:19:50:087- message received - id:0 - topic:mqtt-roundtrip-qos2-100KByte-100-cycles - qos:0 - size:102400
2018-05-15_23:19:50:087- message sent - id:0 - topic:mqtt-roundtrip-qos2-100KByte-100-cycles_2 - qos:0 - size:102400
2018-05-15_23:19:50:101- message received - id:0 - topic:mqtt-roundtrip-qos2-100KByte-100-cycles - qos:0 - size:102400
2018-05-15_23:19:50:101- message sent - id:0 - topic:mqtt-roundtrip-qos2-100KByte-100-cycles_2 - qos:0 - size:102400
2018-05-15_23:19:50:115- message received - id:0 - topic:mqtt-roundtrip-qos2-100KByte-100-cycles - qos:0 - size:102400
2018-05-15_23:19:50:115- message sent - id:0 - topic:mqtt-roundtrip-qos2-100KByte-100-cycles_2 - qos:0 - size:102400
2018-05-15_23:19:50:129- message received - id:0 - topic:mqtt-roundtrip-qos2-100KByte-100-cycles - qos:0 - size:102400
2018-05-15_23:19:50:130- message sent - id:0 - topic:mqtt-roundtrip-qos2-100KByte-100-cycles_2 - qos:0 - size:102400
2018-05-15_23:19:50:143- message received - id:0 - topic:mqtt-roundtrip-qos2-100KByte-100-cycles - qos:0 - size:102400
2018-05-15_23:19:50:143- message sent - id:0 - topic:mqtt-roundtrip-qos2-100KByte-100-cycles_2 - qos:0 - size:102400
2018-05-15_23:19:50:156- message received - id:0 - topic:mqtt-roundtrip-qos2-100KByte-100-cycles - qos:0 - size:102400
2018-05-15_23:19:50:156- message sent - id:0 - topic:mqtt-roundtrip-qos2-100KByte-100-cycles_2 - qos:0 - size:102400
2018-05-15_23:19:50:170- message received - id:0 - topic:mqtt-roundtrip-qos2-100KByte-100-cycles - qos:0 - size:102400
2018-05-15_23:19:50:170- message sent - id:0 - topic:mqtt-roundtrip-qos2-100KByte-100-cycles_2 - qos:0 - size:102400
2018-05-15_23:19:50:184- message received - id:0 - topic:mqtt-roundtrip-qos2-100KByte-100-cycles - qos:0 - size:102400
2018-05-15_23:19:50:184- message sent - id:0 - topic:mqtt-roundtrip-qos2-100KByte-100-cycles_2 - qos:0 - size:102400
2018-05-15_23:19:50:197- message received - id:0 - topic:mqtt-roundtrip-qos2-100KByte-100-cycles - qos:0 - size:102400
2018-05-15_23:19:50:197- message sent - id:0 - topic:mqtt-roundtrip-qos2-100KByte-100-cycles_2 - qos:0 - size:102400
2018-05-15_23:19:50:211- message received - id:0 - topic:mqtt-roundtrip-qos2-100KByte-100-cycles - qos:0 - size:102400
2018-05-15_23:19:50:211- message sent - id:0 - topic:mqtt-roundtrip-qos2-100KByte-100-cycles_2 - qos:0 - size:102400
2018-05-15_23:19:50:460- message received - id:0 - topic:mqtt-roundtrip-qos2-100KByte-100-cycles - qos:0 - size:102400
2018-05-15_23:19:50:460- message sent - id:0 - topic:mqtt-roundtrip-qos2-100KByte-100-cycles_2 - qos:0 - size:102400
2018-05-15_23:19:50:480- message received - id:0 - topic:mqtt-roundtrip-qos2-100KByte-100-cycles - qos:0 - size:102400
2018-05-15_23:19:50:481- message sent - id:0 - topic:mqtt-roundtrip-qos2-100KByte-100-cycles_2 - qos:0 - size:102400
2018-05-15_23:19:50:501- message received - id:0 - topic:mqtt-roundtrip-qos2-100KByte-100-cycles - qos:0 - size:102400
2018-05-15_23:19:50:501- message sent - id:0 - topic:mqtt-roundtrip-qos2-100KByte-100-cycles_2 - qos:0 - size:102400
2018-05-15_23:19:50:522- message received - id:0 - topic:mqtt-roundtrip-qos2-100KByte-100-cycles - qos:0 - size:102400
2018-05-15_23:19:50:522- message sent - id:0 - topic:mqtt-roundtrip-qos2-100KByte-100-cycles_2 - qos:0 - size:102400
2018-05-15_23:19:50:542- message received - id:0 - topic:mqtt-roundtrip-qos2-100KByte-100-cycles - qos:0 - size:102400
2018-05-15_23:19:50:542- message sent - id:0 - topic:mqtt-roundtrip-qos2-100KByte-100-cycles_2 - qos:0 - size:102400
2018-05-15_23:19:50:563- message received - id:0 - topic:mqtt-roundtrip-qos2-100KByte-100-cycles - qos:0 - size:102400
2018-05-15_23:19:50:563- message sent - id:0 - topic:mqtt-roundtrip-qos2-100KByte-100-cycles_2 - qos:0 - size:102400
2018-05-15_23:19:50:584- message received - id:0 - topic:mqtt-roundtrip-qos2-100KByte-100-cycles - qos:0 - size:102400
2018-05-15_23:19:50:584- message sent - id:0 - topic:mqtt-roundtrip-qos2-100KByte-100-cycles_2 - qos:0 - size:102400
2018-05-15_23:19:50:604- message received - id:0 - topic:mqtt-roundtrip-qos2-100KByte-100-cycles - qos:0 - size:102400
2018-05-15_23:19:50:604- message sent - id:0 - topic:mqtt-roundtrip-qos2-100KByte-100-cycles_2 - qos:0 - size:102400
2018-05-15_23:19:50:624- message received - id:0 - topic:mqtt-roundtrip-qos2-100KByte-100-cycles - qos:0 - size:102400
2018-05-15_23:19:50:624- message sent - id:0 - topic:mqtt-roundtrip-qos2-100KByte-100-cycles_2 - qos:0 - size:102400
2018-05-15_23:19:50:645- message received - id:0 - topic:mqtt-roundtrip-qos2-100KByte-100-cycles - qos:0 - size:102400
2018-05-15_23:19:50:646- message sent - id:0 - topic:mqtt-roundtrip-qos2-100KByte-100-cycles_2 - qos:0 - size:102400
2018-05-15_23:19:50:666- message received - id:0 - topic:mqtt-roundtrip-qos2-100KByte-100-cycles - qos:0 - size:102400
2018-05-15_23:19:50:666- message sent - id:0 - topic:mqtt-roundtrip-qos2-100KByte-100-cycles_2 - qos:0 - size:102400
2018-05-15_23:19:50:687- message received - id:0 - topic:mqtt-roundtrip-qos2-100KByte-100-cycles - qos:0 - size:102400
2018-05-15_23:19:50:687- message sent - id:0 - topic:mqtt-roundtrip-qos2-100KByte-100-cycles_2 - qos:0 - size:102400
2018-05-15_23:19:50:708- message received - id:0 - topic:mqtt-roundtrip-qos2-100KByte-100-cycles - qos:0 - size:102400
2018-05-15_23:19:50:708- message sent - id:0 - topic:mqtt-roundtrip-qos2-100KByte-100-cycles_2 - qos:0 - size:102400
2018-05-15_23:19:50:729- message received - id:0 - topic:mqtt-roundtrip-qos2-100KByte-100-cycles - qos:0 - size:102400
2018-05-15_23:19:50:729- message sent - id:0 - topic:mqtt-roundtrip-qos2-100KByte-100-cycles_2 - qos:0 - size:102400
2018-05-15_23:19:50:750- message received - id:0 - topic:mqtt-roundtrip-qos2-100KByte-100-cycles - qos:0 - size:102400
2018-05-15_23:19:50:751- message sent - id:0 - topic:mqtt-roundtrip-qos2-100KByte-100-cycles_2 - qos:0 - size:102400
2018-05-15_23:19:50:771- message received - id:0 - topic:mqtt-roundtrip-qos2-100KByte-100-cycles - qos:0 - size:102400
2018-05-15_23:19:50:771- message sent - id:0 - topic:mqtt-roundtrip-qos2-100KByte-100-cycles_2 - qos:0 - size:102400
2018-05-15_23:19:50:792- message received - id:0 - topic:mqtt-roundtrip-qos2-100KByte-100-cycles - qos:0 - size:102400
2018-05-15_23:19:50:793- message sent - id:0 - topic:mqtt-roundtrip-qos2-100KByte-100-cycles_2 - qos:0 - size:102400
2018-05-15_23:19:50:814- message received - id:0 - topic:mqtt-roundtrip-qos2-100KByte-100-cycles - qos:0 - size:102400
2018-05-15_23:19:50:814- message sent - id:0 - topic:mqtt-roundtrip-qos2-100KByte-100-cycles_2 - qos:0 - size:102400
2018-05-15_23:19:50:834- message received - id:0 - topic:mqtt-roundtrip-qos2-100KByte-100-cycles - qos:0 - size:102400
2018-05-15_23:19:50:835- message sent - id:0 - topic:mqtt-roundtrip-qos2-100KByte-100-cycles_2 - qos:0 - size:102400
2018-05-15_23:19:50:855- message received - id:0 - topic:mqtt-roundtrip-qos2-100KByte-100-cycles - qos:0 - size:102400
2018-05-15_23:19:50:855- message sent - id:0 - topic:mqtt-roundtrip-qos2-100KByte-100-cycles_2 - qos:0 - size:102400
2018-05-15_23:19:50:940- message received - id:0 - topic:mqtt-roundtrip-qos2-100KByte-100-cycles - qos:0 - size:102400
2018-05-15_23:19:50:940- message sent - id:0 - topic:mqtt-roundtrip-qos2-100KByte-100-cycles_2 - qos:0 - size:102400
2018-05-15_23:19:50:949- message received - id:0 - topic:mqtt-roundtrip-qos2-100KByte-100-cycles - qos:0 - size:102400
2018-05-15_23:19:50:949- message sent - id:0 - topic:mqtt-roundtrip-qos2-100KByte-100-cycles_2 - qos:0 - size:102400
2018-05-15_23:19:50:967- message received - id:0 - topic:mqtt-roundtrip-qos2-100KByte-100-cycles - qos:0 - size:102400
2018-05-15_23:19:50:967- message sent - id:0 - topic:mqtt-roundtrip-qos2-100KByte-100-cycles_2 - qos:0 - size:102400
2018-05-15_23:19:50:987- message received - id:0 - topic:mqtt-roundtrip-qos2-100KByte-100-cycles - qos:0 - size:102400
2018-05-15_23:19:50:987- message sent - id:0 - topic:mqtt-roundtrip-qos2-100KByte-100-cycles_2 - qos:0 - size:102400
2018-05-15_23:19:51:009- message received - id:0 - topic:mqtt-roundtrip-qos2-100KByte-100-cycles - qos:0 - size:102400
2018-05-15_23:19:51:009- message sent - id:0 - topic:mqtt-roundtrip-qos2-100KByte-100-cycles_2 - qos:0 - size:102400
2018-05-15_23:19:51:021- message received - id:0 - topic:mqtt-roundtrip-qos2-100KByte-100-cycles - qos:0 - size:102400
2018-05-15_23:19:51:021- message sent - id:0 - topic:mqtt-roundtrip-qos2-100KByte-100-cycles_2 - qos:0 - size:102400
2018-05-15_23:19:51:036- message received - id:0 - topic:mqtt-roundtrip-qos2-100KByte-100-cycles - qos:0 - size:102400
2018-05-15_23:19:51:036- message sent - id:0 - topic:mqtt-roundtrip-qos2-100KByte-100-cycles_2 - qos:0 - size:102400
2018-05-15_23:19:51:058- message received - id:0 - topic:mqtt-roundtrip-qos2-100KByte-100-cycles - qos:0 - size:102400
2018-05-15_23:19:51:058- message sent - id:0 - topic:mqtt-roundtrip-qos2-100KByte-100-cycles_2 - qos:0 - size:102400
2018-05-15_23:19:51:079- message received - id:0 - topic:mqtt-roundtrip-qos2-100KByte-100-cycles - qos:0 - size:102400
2018-05-15_23:19:51:079- message sent - id:0 - topic:mqtt-roundtrip-qos2-100KByte-100-cycles_2 - qos:0 - size:102400
2018-05-15_23:19:51:097- message received - id:0 - topic:mqtt-roundtrip-qos2-100KByte-100-cycles - qos:0 - size:102400
2018-05-15_23:19:51:097- message sent - id:0 - topic:mqtt-roundtrip-qos2-100KByte-100-cycles_2 - qos:0 - size:102400
2018-05-15_23:19:51:115- message received - id:0 - topic:mqtt-roundtrip-qos2-100KByte-100-cycles - qos:0 - size:102400
2018-05-15_23:19:51:115- message sent - id:0 - topic:mqtt-roundtrip-qos2-100KByte-100-cycles_2 - qos:0 - size:102400
2018-05-15_23:19:51:133- message received - id:0 - topic:mqtt-roundtrip-qos2-100KByte-100-cycles - qos:0 - size:102400
2018-05-15_23:19:51:133- message sent - id:0 - topic:mqtt-roundtrip-qos2-100KByte-100-cycles_2 - qos:0 - size:102400
2018-05-15_23:19:51:151- message received - id:0 - topic:mqtt-roundtrip-qos2-100KByte-100-cycles - qos:0 - size:102400
2018-05-15_23:19:51:151- message sent - id:0 - topic:mqtt-roundtrip-qos2-100KByte-100-cycles_2 - qos:0 - size:102400
2018-05-15_23:19:51:170- message received - id:0 - topic:mqtt-roundtrip-qos2-100KByte-100-cycles - qos:0 - size:102400
2018-05-15_23:19:51:170- message sent - id:0 - topic:mqtt-roundtrip-qos2-100KByte-100-cycles_2 - qos:0 - size:102400
2018-05-15_23:19:51:185- message received - id:0 - topic:mqtt-roundtrip-qos2-100KByte-100-cycles - qos:0 - size:102400
2018-05-15_23:19:51:185- message sent - id:0 - topic:mqtt-roundtrip-qos2-100KByte-100-cycles_2 - qos:0 - size:102400
2018-05-15_23:19:51:204- message received - id:0 - topic:mqtt-roundtrip-qos2-100KByte-100-cycles - qos:0 - size:102400
2018-05-15_23:19:51:204- message sent - id:0 - topic:mqtt-roundtrip-qos2-100KByte-100-cycles_2 - qos:0 - size:102400
2018-05-15_23:19:51:226- message received - id:0 - topic:mqtt-roundtrip-qos2-100KByte-100-cycles - qos:0 - size:102400
2018-05-15_23:19:51:226- message sent - id:0 - topic:mqtt-roundtrip-qos2-100KByte-100-cycles_2 - qos:0 - size:102400
2018-05-15_23:19:51:238- message received - id:0 - topic:mqtt-roundtrip-qos2-100KByte-100-cycles - qos:0 - size:102400
2018-05-15_23:19:51:238- message sent - id:0 - topic:mqtt-roundtrip-qos2-100KByte-100-cycles_2 - qos:0 - size:102400
2018-05-15_23:19:51:253- message received - id:0 - topic:mqtt-roundtrip-qos2-100KByte-100-cycles - qos:0 - size:102400
2018-05-15_23:19:51:253- message sent - id:0 - topic:mqtt-roundtrip-qos2-100KByte-100-cycles_2 - qos:0 - size:102400
2018-05-15_23:19:51:274- message received - id:0 - topic:mqtt-roundtrip-qos2-100KByte-100-cycles - qos:0 - size:102400
2018-05-15_23:19:51:274- message sent - id:0 - topic:mqtt-roundtrip-qos2-100KByte-100-cycles_2 - qos:0 - size:102400
