2018-05-15_23:21:39:880- connecting to broker 192.168.1.100:1883
2018-05-15_23:21:39:881- Subscribing to topicmqtt-roundtrip-qos0-1MByte-100-cycles
2018-05-15_23:21:39:881- subscribe returned (0, 1)
2018-05-15_23:21:39:882- Client connected to broker
2018-05-15_23:21:41:381- message received - id:0 - topic:mqtt-roundtrip-qos0-1MByte-100-cycles - qos:0 - size:1048576
2018-05-15_23:21:41:382- message sent - id:0 - topic:mqtt-roundtrip-qos0-1MByte-100-cycles_2 - qos:0 - size:1048576
2018-05-15_23:21:41:480- message received - id:0 - topic:mqtt-roundtrip-qos0-1MByte-100-cycles - qos:0 - size:1048576
2018-05-15_23:21:41:481- message sent - id:0 - topic:mqtt-roundtrip-qos0-1MByte-100-cycles_2 - qos:0 - size:1048576
2018-05-15_23:21:41:580- message received - id:0 - topic:mqtt-roundtrip-qos0-1MByte-100-cycles - qos:0 - size:1048576
2018-05-15_23:21:41:580- message sent - id:0 - topic:mqtt-roundtrip-qos0-1MByte-100-cycles_2 - qos:0 - size:1048576
2018-05-15_23:21:41:679- message received - id:0 - topic:mqtt-roundtrip-qos0-1MByte-100-cycles - qos:0 - size:1048576
2018-05-15_23:21:41:680- message sent - id:0 - topic:mqtt-roundtrip-qos0-1MByte-100-cycles_2 - qos:0 - size:1048576
2018-05-15_23:21:41:778- message received - id:0 - topic:mqtt-roundtrip-qos0-1MByte-100-cycles - qos:0 - size:1048576
2018-05-15_23:21:41:779- message sent - id:0 - topic:mqtt-roundtrip-qos0-1MByte-100-cycles_2 - qos:0 - size:1048576
2018-05-15_23:21:41:878- message received - id:0 - topic:mqtt-roundtrip-qos0-1MByte-100-cycles - qos:0 - size:1048576
2018-05-15_23:21:41:879- message sent - id:0 - topic:mqtt-roundtrip-qos0-1MByte-100-cycles_2 - qos:0 - size:1048576
2018-05-15_23:21:41:997- message received - id:0 - topic:mqtt-roundtrip-qos0-1MByte-100-cycles - qos:0 - size:1048576
2018-05-15_23:21:41:997- message sent - id:0 - topic:mqtt-roundtrip-qos0-1MByte-100-cycles_2 - qos:0 - size:1048576
2018-05-15_23:21:42:119- message received - id:0 - topic:mqtt-roundtrip-qos0-1MByte-100-cycles - qos:0 - size:1048576
2018-05-15_23:21:42:120- message sent - id:0 - topic:mqtt-roundtrip-qos0-1MByte-100-cycles_2 - qos:0 - size:1048576
2018-05-15_23:21:42:240- message received - id:0 - topic:mqtt-roundtrip-qos0-1MByte-100-cycles - qos:0 - size:1048576
2018-05-15_23:21:42:241- message sent - id:0 - topic:mqtt-roundtrip-qos0-1MByte-100-cycles_2 - qos:0 - size:1048576
2018-05-15_23:21:42:362- message received - id:0 - topic:mqtt-roundtrip-qos0-1MByte-100-cycles - qos:0 - size:1048576
2018-05-15_23:21:42:363- message sent - id:0 - topic:mqtt-roundtrip-qos0-1MByte-100-cycles_2 - qos:0 - size:1048576
2018-05-15_23:21:42:482- message received - id:0 - topic:mqtt-roundtrip-qos0-1MByte-100-cycles - qos:0 - size:1048576
2018-05-15_23:21:42:482- message sent - id:0 - topic:mqtt-roundtrip-qos0-1MByte-100-cycles_2 - qos:0 - size:1048576
2018-05-15_23:21:42:603- message received - id:0 - topic:mqtt-roundtrip-qos0-1MByte-100-cycles - qos:0 - size:1048576
2018-05-15_23:21:42:604- message sent - id:0 - topic:mqtt-roundtrip-qos0-1MByte-100-cycles_2 - qos:0 - size:1048576
2018-05-15_23:21:42:726- message received - id:0 - topic:mqtt-roundtrip-qos0-1MByte-100-cycles - qos:0 - size:1048576
2018-05-15_23:21:42:727- message sent - id:0 - topic:mqtt-roundtrip-qos0-1MByte-100-cycles_2 - qos:0 - size:1048576
2018-05-15_23:21:42:847- message received - id:0 - topic:mqtt-roundtrip-qos0-1MByte-100-cycles - qos:0 - size:1048576
2018-05-15_23:21:42:848- message sent - id:0 - topic:mqtt-roundtrip-qos0-1MByte-100-cycles_2 - qos:0 - size:1048576
2018-05-15_23:21:42:969- message received - id:0 - topic:mqtt-roundtrip-qos0-1MByte-100-cycles - qos:0 - size:1048576
2018-05-15_23:21:42:969- message sent - id:0 - topic:mqtt-roundtrip-qos0-1MByte-100-cycles_2 - qos:0 - size:1048576
2018-05-15_23:21:43:091- message received - id:0 - topic:mqtt-roundtrip-qos0-1MByte-100-cycles - qos:0 - size:1048576
2018-05-15_23:21:43:092- message sent - id:0 - topic:mqtt-roundtrip-qos0-1MByte-100-cycles_2 - qos:0 - size:1048576
2018-05-15_23:21:43:212- message received - id:0 - topic:mqtt-roundtrip-qos0-1MByte-100-cycles - qos:0 - size:1048576
2018-05-15_23:21:43:213- message sent - id:0 - topic:mqtt-roundtrip-qos0-1MByte-100-cycles_2 - qos:0 - size:1048576
2018-05-15_23:21:43:332- message received - id:0 - topic:mqtt-roundtrip-qos0-1MByte-100-cycles - qos:0 - size:1048576
2018-05-15_23:21:43:334- message sent - id:0 - topic:mqtt-roundtrip-qos0-1MByte-100-cycles_2 - qos:0 - size:1048576
2018-05-15_23:21:43:454- message received - id:0 - topic:mqtt-roundtrip-qos0-1MByte-100-cycles - qos:0 - size:1048576
2018-05-15_23:21:43:455- message sent - id:0 - topic:mqtt-roundtrip-qos0-1MByte-100-cycles_2 - qos:0 - size:1048576
2018-05-15_23:21:43:575- message received - id:0 - topic:mqtt-roundtrip-qos0-1MByte-100-cycles - qos:0 - size:1048576
2018-05-15_23:21:43:576- message sent - id:0 - topic:mqtt-roundtrip-qos0-1MByte-100-cycles_2 - qos:0 - size:1048576
2018-05-15_23:21:43:693- message received - id:0 - topic:mqtt-roundtrip-qos0-1MByte-100-cycles - qos:0 - size:1048576
2018-05-15_23:21:43:694- message sent - id:0 - topic:mqtt-roundtrip-qos0-1MByte-100-cycles_2 - qos:0 - size:1048576
2018-05-15_23:21:43:813- message received - id:0 - topic:mqtt-roundtrip-qos0-1MByte-100-cycles - qos:0 - size:1048576
2018-05-15_23:21:43:814- message sent - id:0 - topic:mqtt-roundtrip-qos0-1MByte-100-cycles_2 - qos:0 - size:1048576
2018-05-15_23:21:43:933- message received - id:0 - topic:mqtt-roundtrip-qos0-1MByte-100-cycles - qos:0 - size:1048576
2018-05-15_23:21:43:933- message sent - id:0 - topic:mqtt-roundtrip-qos0-1MByte-100-cycles_2 - qos:0 - size:1048576
2018-05-15_23:21:44:051- message received - id:0 - topic:mqtt-roundtrip-qos0-1MByte-100-cycles - qos:0 - size:1048576
2018-05-15_23:21:44:052- message sent - id:0 - topic:mqtt-roundtrip-qos0-1MByte-100-cycles_2 - qos:0 - size:1048576
2018-05-15_23:21:44:170- message received - id:0 - topic:mqtt-roundtrip-qos0-1MByte-100-cycles - qos:0 - size:1048576
2018-05-15_23:21:44:171- message sent - id:0 - topic:mqtt-roundtrip-qos0-1MByte-100-cycles_2 - qos:0 - size:1048576
2018-05-15_23:21:44:292- message received - id:0 - topic:mqtt-roundtrip-qos0-1MByte-100-cycles - qos:0 - size:1048576
2018-05-15_23:21:44:292- message sent - id:0 - topic:mqtt-roundtrip-qos0-1MByte-100-cycles_2 - qos:0 - size:1048576
2018-05-15_23:21:44:409- message received - id:0 - topic:mqtt-roundtrip-qos0-1MByte-100-cycles - qos:0 - size:1048576
2018-05-15_23:21:44:410- message sent - id:0 - topic:mqtt-roundtrip-qos0-1MByte-100-cycles_2 - qos:0 - size:1048576
2018-05-15_23:21:44:528- message received - id:0 - topic:mqtt-roundtrip-qos0-1MByte-100-cycles - qos:0 - size:1048576
2018-05-15_23:21:44:529- message sent - id:0 - topic:mqtt-roundtrip-qos0-1MByte-100-cycles_2 - qos:0 - size:1048576
2018-05-15_23:21:44:654- message received - id:0 - topic:mqtt-roundtrip-qos0-1MByte-100-cycles - qos:0 - size:1048576
2018-05-15_23:21:44:655- message sent - id:0 - topic:mqtt-roundtrip-qos0-1MByte-100-cycles_2 - qos:0 - size:1048576
2018-05-15_23:21:44:781- message received - id:0 - topic:mqtt-roundtrip-qos0-1MByte-100-cycles - qos:0 - size:1048576
2018-05-15_23:21:44:782- message sent - id:0 - topic:mqtt-roundtrip-qos0-1MByte-100-cycles_2 - qos:0 - size:1048576
2018-05-15_23:21:44:913- message received - id:0 - topic:mqtt-roundtrip-qos0-1MByte-100-cycles - qos:0 - size:1048576
2018-05-15_23:21:44:914- message sent - id:0 - topic:mqtt-roundtrip-qos0-1MByte-100-cycles_2 - qos:0 - size:1048576
2018-05-15_23:21:45:044- message received - id:0 - topic:mqtt-roundtrip-qos0-1MByte-100-cycles - qos:0 - size:1048576
2018-05-15_23:21:45:045- message sent - id:0 - topic:mqtt-roundtrip-qos0-1MByte-100-cycles_2 - qos:0 - size:1048576
2018-05-15_23:21:45:175- message received - id:0 - topic:mqtt-roundtrip-qos0-1MByte-100-cycles - qos:0 - size:1048576
2018-05-15_23:21:45:176- message sent - id:0 - topic:mqtt-roundtrip-qos0-1MByte-100-cycles_2 - qos:0 - size:1048576
2018-05-15_23:21:45:303- message received - id:0 - topic:mqtt-roundtrip-qos0-1MByte-100-cycles - qos:0 - size:1048576
2018-05-15_23:21:45:304- message sent - id:0 - topic:mqtt-roundtrip-qos0-1MByte-100-cycles_2 - qos:0 - size:1048576
2018-05-15_23:21:45:436- message received - id:0 - topic:mqtt-roundtrip-qos0-1MByte-100-cycles - qos:0 - size:1048576
2018-05-15_23:21:45:437- message sent - id:0 - topic:mqtt-roundtrip-qos0-1MByte-100-cycles_2 - qos:0 - size:1048576
2018-05-15_23:21:45:569- message received - id:0 - topic:mqtt-roundtrip-qos0-1MByte-100-cycles - qos:0 - size:1048576
2018-05-15_23:21:45:570- message sent - id:0 - topic:mqtt-roundtrip-qos0-1MByte-100-cycles_2 - qos:0 - size:1048576
2018-05-15_23:21:45:697- message received - id:0 - topic:mqtt-roundtrip-qos0-1MByte-100-cycles - qos:0 - size:1048576
2018-05-15_23:21:45:698- message sent - id:0 - topic:mqtt-roundtrip-qos0-1MByte-100-cycles_2 - qos:0 - size:1048576
2018-05-15_23:21:45:839- message received - id:0 - topic:mqtt-roundtrip-qos0-1MByte-100-cycles - qos:0 - size:1048576
2018-05-15_23:21:45:840- message sent - id:0 - topic:mqtt-roundtrip-qos0-1MByte-100-cycles_2 - qos:0 - size:1048576
2018-05-15_23:21:45:961- message received - id:0 - topic:mqtt-roundtrip-qos0-1MByte-100-cycles - qos:0 - size:1048576
2018-05-15_23:21:45:962- message sent - id:0 - topic:mqtt-roundtrip-qos0-1MByte-100-cycles_2 - qos:0 - size:1048576
2018-05-15_23:21:46:060- message received - id:0 - topic:mqtt-roundtrip-qos0-1MByte-100-cycles - qos:0 - size:1048576
2018-05-15_23:21:46:061- message sent - id:0 - topic:mqtt-roundtrip-qos0-1MByte-100-cycles_2 - qos:0 - size:1048576
2018-05-15_23:21:46:177- message received - id:0 - topic:mqtt-roundtrip-qos0-1MByte-100-cycles - qos:0 - size:1048576
2018-05-15_23:21:46:178- message sent - id:0 - topic:mqtt-roundtrip-qos0-1MByte-100-cycles_2 - qos:0 - size:1048576
2018-05-15_23:21:46:315- message received - id:0 - topic:mqtt-roundtrip-qos0-1MByte-100-cycles - qos:0 - size:1048576
2018-05-15_23:21:46:316- message sent - id:0 - topic:mqtt-roundtrip-qos0-1MByte-100-cycles_2 - qos:0 - size:1048576
2018-05-15_23:21:46:445- message received - id:0 - topic:mqtt-roundtrip-qos0-1MByte-100-cycles - qos:0 - size:1048576
2018-05-15_23:21:46:446- message sent - id:0 - topic:mqtt-roundtrip-qos0-1MByte-100-cycles_2 - qos:0 - size:1048576
2018-05-15_23:21:46:544- message received - id:0 - topic:mqtt-roundtrip-qos0-1MByte-100-cycles - qos:0 - size:1048576
2018-05-15_23:21:46:544- message sent - id:0 - topic:mqtt-roundtrip-qos0-1MByte-100-cycles_2 - qos:0 - size:1048576
2018-05-15_23:21:46:642- message received - id:0 - topic:mqtt-roundtrip-qos0-1MByte-100-cycles - qos:0 - size:1048576
2018-05-15_23:21:46:643- message sent - id:0 - topic:mqtt-roundtrip-qos0-1MByte-100-cycles_2 - qos:0 - size:1048576
2018-05-15_23:21:46:764- message received - id:0 - topic:mqtt-roundtrip-qos0-1MByte-100-cycles - qos:0 - size:1048576
2018-05-15_23:21:46:765- message sent - id:0 - topic:mqtt-roundtrip-qos0-1MByte-100-cycles_2 - qos:0 - size:1048576
2018-05-15_23:21:46:895- message received - id:0 - topic:mqtt-roundtrip-qos0-1MByte-100-cycles - qos:0 - size:1048576
2018-05-15_23:21:46:895- message sent - id:0 - topic:mqtt-roundtrip-qos0-1MByte-100-cycles_2 - qos:0 - size:1048576
2018-05-15_23:21:47:025- message received - id:0 - topic:mqtt-roundtrip-qos0-1MByte-100-cycles - qos:0 - size:1048576
2018-05-15_23:21:47:026- message sent - id:0 - topic:mqtt-roundtrip-qos0-1MByte-100-cycles_2 - qos:0 - size:1048576
2018-05-15_23:21:47:130- message received - id:0 - topic:mqtt-roundtrip-qos0-1MByte-100-cycles - qos:0 - size:1048576
2018-05-15_23:21:47:130- message sent - id:0 - topic:mqtt-roundtrip-qos0-1MByte-100-cycles_2 - qos:0 - size:1048576
2018-05-15_23:21:47:231- message received - id:0 - topic:mqtt-roundtrip-qos0-1MByte-100-cycles - qos:0 - size:1048576
2018-05-15_23:21:47:231- message sent - id:0 - topic:mqtt-roundtrip-qos0-1MByte-100-cycles_2 - qos:0 - size:1048576
2018-05-15_23:21:47:338- message received - id:0 - topic:mqtt-roundtrip-qos0-1MByte-100-cycles - qos:0 - size:1048576
2018-05-15_23:21:47:339- message sent - id:0 - topic:mqtt-roundtrip-qos0-1MByte-100-cycles_2 - qos:0 - size:1048576
2018-05-15_23:21:47:468- message received - id:0 - topic:mqtt-roundtrip-qos0-1MByte-100-cycles - qos:0 - size:1048576
2018-05-15_23:21:47:468- message sent - id:0 - topic:mqtt-roundtrip-qos0-1MByte-100-cycles_2 - qos:0 - size:1048576
2018-05-15_23:21:47:595- message received - id:0 - topic:mqtt-roundtrip-qos0-1MByte-100-cycles - qos:0 - size:1048576
2018-05-15_23:21:47:596- message sent - id:0 - topic:mqtt-roundtrip-qos0-1MByte-100-cycles_2 - qos:0 - size:1048576
2018-05-15_23:21:47:713- message received - id:0 - topic:mqtt-roundtrip-qos0-1MByte-100-cycles - qos:0 - size:1048576
2018-05-15_23:21:47:714- message sent - id:0 - topic:mqtt-roundtrip-qos0-1MByte-100-cycles_2 - qos:0 - size:1048576
2018-05-15_23:21:47:811- message received - id:0 - topic:mqtt-roundtrip-qos0-1MByte-100-cycles - qos:0 - size:1048576
2018-05-15_23:21:47:812- message sent - id:0 - topic:mqtt-roundtrip-qos0-1MByte-100-cycles_2 - qos:0 - size:1048576
2018-05-15_23:21:47:910- message received - id:0 - topic:mqtt-roundtrip-qos0-1MByte-100-cycles - qos:0 - size:1048576
2018-05-15_23:21:47:910- message sent - id:0 - topic:mqtt-roundtrip-qos0-1MByte-100-cycles_2 - qos:0 - size:1048576
2018-05-15_23:21:48:026- message received - id:0 - topic:mqtt-roundtrip-qos0-1MByte-100-cycles - qos:0 - size:1048576
2018-05-15_23:21:48:027- message sent - id:0 - topic:mqtt-roundtrip-qos0-1MByte-100-cycles_2 - qos:0 - size:1048576
2018-05-15_23:21:48:150- message received - id:0 - topic:mqtt-roundtrip-qos0-1MByte-100-cycles - qos:0 - size:1048576
2018-05-15_23:21:48:150- message sent - id:0 - topic:mqtt-roundtrip-qos0-1MByte-100-cycles_2 - qos:0 - size:1048576
2018-05-15_23:21:48:272- message received - id:0 - topic:mqtt-roundtrip-qos0-1MByte-100-cycles - qos:0 - size:1048576
2018-05-15_23:21:48:273- message sent - id:0 - topic:mqtt-roundtrip-qos0-1MByte-100-cycles_2 - qos:0 - size:1048576
2018-05-15_23:21:48:394- message received - id:0 - topic:mqtt-roundtrip-qos0-1MByte-100-cycles - qos:0 - size:1048576
2018-05-15_23:21:48:395- message sent - id:0 - topic:mqtt-roundtrip-qos0-1MByte-100-cycles_2 - qos:0 - size:1048576
2018-05-15_23:21:48:493- message received - id:0 - topic:mqtt-roundtrip-qos0-1MByte-100-cycles - qos:0 - size:1048576
2018-05-15_23:21:48:494- message sent - id:0 - topic:mqtt-roundtrip-qos0-1MByte-100-cycles_2 - qos:0 - size:1048576
2018-05-15_23:21:48:595- message received - id:0 - topic:mqtt-roundtrip-qos0-1MByte-100-cycles - qos:0 - size:1048576
2018-05-15_23:21:48:596- message sent - id:0 - topic:mqtt-roundtrip-qos0-1MByte-100-cycles_2 - qos:0 - size:1048576
2018-05-15_23:21:48:718- message received - id:0 - topic:mqtt-roundtrip-qos0-1MByte-100-cycles - qos:0 - size:1048576
2018-05-15_23:21:48:719- message sent - id:0 - topic:mqtt-roundtrip-qos0-1MByte-100-cycles_2 - qos:0 - size:1048576
2018-05-15_23:21:48:841- message received - id:0 - topic:mqtt-roundtrip-qos0-1MByte-100-cycles - qos:0 - size:1048576
2018-05-15_23:21:48:842- message sent - id:0 - topic:mqtt-roundtrip-qos0-1MByte-100-cycles_2 - qos:0 - size:1048576
2018-05-15_23:21:48:964- message received - id:0 - topic:mqtt-roundtrip-qos0-1MByte-100-cycles - qos:0 - size:1048576
2018-05-15_23:21:48:965- message sent - id:0 - topic:mqtt-roundtrip-qos0-1MByte-100-cycles_2 - qos:0 - size:1048576
2018-05-15_23:21:49:075- message received - id:0 - topic:mqtt-roundtrip-qos0-1MByte-100-cycles - qos:0 - size:1048576
2018-05-15_23:21:49:076- message sent - id:0 - topic:mqtt-roundtrip-qos0-1MByte-100-cycles_2 - qos:0 - size:1048576
2018-05-15_23:21:49:174- message received - id:0 - topic:mqtt-roundtrip-qos0-1MByte-100-cycles - qos:0 - size:1048576
2018-05-15_23:21:49:174- message sent - id:0 - topic:mqtt-roundtrip-qos0-1MByte-100-cycles_2 - qos:0 - size:1048576
2018-05-15_23:21:49:287- message received - id:0 - topic:mqtt-roundtrip-qos0-1MByte-100-cycles - qos:0 - size:1048576
2018-05-15_23:21:49:287- message sent - id:0 - topic:mqtt-roundtrip-qos0-1MByte-100-cycles_2 - qos:0 - size:1048576
2018-05-15_23:21:49:407- message received - id:0 - topic:mqtt-roundtrip-qos0-1MByte-100-cycles - qos:0 - size:1048576
2018-05-15_23:21:49:407- message sent - id:0 - topic:mqtt-roundtrip-qos0-1MByte-100-cycles_2 - qos:0 - size:1048576
2018-05-15_23:21:49:529- message received - id:0 - topic:mqtt-roundtrip-qos0-1MByte-100-cycles - qos:0 - size:1048576
2018-05-15_23:21:49:530- message sent - id:0 - topic:mqtt-roundtrip-qos0-1MByte-100-cycles_2 - qos:0 - size:1048576
2018-05-15_23:21:49:650- message received - id:0 - topic:mqtt-roundtrip-qos0-1MByte-100-cycles - qos:0 - size:1048576
2018-05-15_23:21:49:651- message sent - id:0 - topic:mqtt-roundtrip-qos0-1MByte-100-cycles_2 - qos:0 - size:1048576
2018-05-15_23:21:49:754- message received - id:0 - topic:mqtt-roundtrip-qos0-1MByte-100-cycles - qos:0 - size:1048576
2018-05-15_23:21:49:755- message sent - id:0 - topic:mqtt-roundtrip-qos0-1MByte-100-cycles_2 - qos:0 - size:1048576
2018-05-15_23:21:49:851- message received - id:0 - topic:mqtt-roundtrip-qos0-1MByte-100-cycles - qos:0 - size:1048576
2018-05-15_23:21:49:851- message sent - id:0 - topic:mqtt-roundtrip-qos0-1MByte-100-cycles_2 - qos:0 - size:1048576
2018-05-15_23:21:49:971- message received - id:0 - topic:mqtt-roundtrip-qos0-1MByte-100-cycles - qos:0 - size:1048576
2018-05-15_23:21:49:972- message sent - id:0 - topic:mqtt-roundtrip-qos0-1MByte-100-cycles_2 - qos:0 - size:1048576
2018-05-15_23:21:50:092- message received - id:0 - topic:mqtt-roundtrip-qos0-1MByte-100-cycles - qos:0 - size:1048576
2018-05-15_23:21:50:093- message sent - id:0 - topic:mqtt-roundtrip-qos0-1MByte-100-cycles_2 - qos:0 - size:1048576
2018-05-15_23:21:50:214- message received - id:0 - topic:mqtt-roundtrip-qos0-1MByte-100-cycles - qos:0 - size:1048576
2018-05-15_23:21:50:215- message sent - id:0 - topic:mqtt-roundtrip-qos0-1MByte-100-cycles_2 - qos:0 - size:1048576
2018-05-15_23:21:50:335- message received - id:0 - topic:mqtt-roundtrip-qos0-1MByte-100-cycles - qos:0 - size:1048576
2018-05-15_23:21:50:336- message sent - id:0 - topic:mqtt-roundtrip-qos0-1MByte-100-cycles_2 - qos:0 - size:1048576
2018-05-15_23:21:50:436- message received - id:0 - topic:mqtt-roundtrip-qos0-1MByte-100-cycles - qos:0 - size:1048576
2018-05-15_23:21:50:436- message sent - id:0 - topic:mqtt-roundtrip-qos0-1MByte-100-cycles_2 - qos:0 - size:1048576
2018-05-15_23:21:50:536- message received - id:0 - topic:mqtt-roundtrip-qos0-1MByte-100-cycles - qos:0 - size:1048576
2018-05-15_23:21:50:536- message sent - id:0 - topic:mqtt-roundtrip-qos0-1MByte-100-cycles_2 - qos:0 - size:1048576
2018-05-15_23:21:50:656- message received - id:0 - topic:mqtt-roundtrip-qos0-1MByte-100-cycles - qos:0 - size:1048576
2018-05-15_23:21:50:657- message sent - id:0 - topic:mqtt-roundtrip-qos0-1MByte-100-cycles_2 - qos:0 - size:1048576
2018-05-15_23:21:50:776- message received - id:0 - topic:mqtt-roundtrip-qos0-1MByte-100-cycles - qos:0 - size:1048576
2018-05-15_23:21:50:777- message sent - id:0 - topic:mqtt-roundtrip-qos0-1MByte-100-cycles_2 - qos:0 - size:1048576
2018-05-15_23:21:50:899- message received - id:0 - topic:mqtt-roundtrip-qos0-1MByte-100-cycles - qos:0 - size:1048576
2018-05-15_23:21:50:900- message sent - id:0 - topic:mqtt-roundtrip-qos0-1MByte-100-cycles_2 - qos:0 - size:1048576
2018-05-15_23:21:51:017- message received - id:0 - topic:mqtt-roundtrip-qos0-1MByte-100-cycles - qos:0 - size:1048576
2018-05-15_23:21:51:017- message sent - id:0 - topic:mqtt-roundtrip-qos0-1MByte-100-cycles_2 - qos:0 - size:1048576
2018-05-15_23:21:51:115- message received - id:0 - topic:mqtt-roundtrip-qos0-1MByte-100-cycles - qos:0 - size:1048576
2018-05-15_23:21:51:116- message sent - id:0 - topic:mqtt-roundtrip-qos0-1MByte-100-cycles_2 - qos:0 - size:1048576
2018-05-15_23:21:51:212- message received - id:0 - topic:mqtt-roundtrip-qos0-1MByte-100-cycles - qos:0 - size:1048576
2018-05-15_23:21:51:212- message sent - id:0 - topic:mqtt-roundtrip-qos0-1MByte-100-cycles_2 - qos:0 - size:1048576
2018-05-15_23:21:51:333- message received - id:0 - topic:mqtt-roundtrip-qos0-1MByte-100-cycles - qos:0 - size:1048576
2018-05-15_23:21:51:334- message sent - id:0 - topic:mqtt-roundtrip-qos0-1MByte-100-cycles_2 - qos:0 - size:1048576
2018-05-15_23:21:51:454- message received - id:0 - topic:mqtt-roundtrip-qos0-1MByte-100-cycles - qos:0 - size:1048576
2018-05-15_23:21:51:455- message sent - id:0 - topic:mqtt-roundtrip-qos0-1MByte-100-cycles_2 - qos:0 - size:1048576
2018-05-15_23:21:51:577- message received - id:0 - topic:mqtt-roundtrip-qos0-1MByte-100-cycles - qos:0 - size:1048576
2018-05-15_23:21:51:577- message sent - id:0 - topic:mqtt-roundtrip-qos0-1MByte-100-cycles_2 - qos:0 - size:1048576
2018-05-15_23:21:51:698- message received - id:0 - topic:mqtt-roundtrip-qos0-1MByte-100-cycles - qos:0 - size:1048576
2018-05-15_23:21:51:699- message sent - id:0 - topic:mqtt-roundtrip-qos0-1MByte-100-cycles_2 - qos:0 - size:1048576
2018-05-15_23:21:51:796- message received - id:0 - topic:mqtt-roundtrip-qos0-1MByte-100-cycles - qos:0 - size:1048576
2018-05-15_23:21:51:797- message sent - id:0 - topic:mqtt-roundtrip-qos0-1MByte-100-cycles_2 - qos:0 - size:1048576
2018-05-15_23:21:51:894- message received - id:0 - topic:mqtt-roundtrip-qos0-1MByte-100-cycles - qos:0 - size:1048576
2018-05-15_23:21:51:895- message sent - id:0 - topic:mqtt-roundtrip-qos0-1MByte-100-cycles_2 - qos:0 - size:1048576
2018-05-15_23:21:51:985- message received - id:0 - topic:mqtt-roundtrip-qos0-1MByte-100-cycles - qos:0 - size:1048576
2018-05-15_23:21:51:985- message sent - id:0 - topic:mqtt-roundtrip-qos0-1MByte-100-cycles_2 - qos:0 - size:1048576
2018-05-15_23:21:52:077- message received - id:0 - topic:mqtt-roundtrip-qos0-1MByte-100-cycles - qos:0 - size:1048576
2018-05-15_23:21:52:078- message sent - id:0 - topic:mqtt-roundtrip-qos0-1MByte-100-cycles_2 - qos:0 - size:1048576
2018-05-15_23:21:52:169- message received - id:0 - topic:mqtt-roundtrip-qos0-1MByte-100-cycles - qos:0 - size:1048576
2018-05-15_23:21:52:169- message sent - id:0 - topic:mqtt-roundtrip-qos0-1MByte-100-cycles_2 - qos:0 - size:1048576
2018-05-15_23:21:52:260- message received - id:0 - topic:mqtt-roundtrip-qos0-1MByte-100-cycles - qos:0 - size:1048576
2018-05-15_23:21:52:261- message sent - id:0 - topic:mqtt-roundtrip-qos0-1MByte-100-cycles_2 - qos:0 - size:1048576
2018-05-15_23:21:52:352- message received - id:0 - topic:mqtt-roundtrip-qos0-1MByte-100-cycles - qos:0 - size:1048576
2018-05-15_23:21:52:353- message sent - id:0 - topic:mqtt-roundtrip-qos0-1MByte-100-cycles_2 - qos:0 - size:1048576
2018-05-15_23:21:52:445- message received - id:0 - topic:mqtt-roundtrip-qos0-1MByte-100-cycles - qos:0 - size:1048576
2018-05-15_23:21:52:445- message sent - id:0 - topic:mqtt-roundtrip-qos0-1MByte-100-cycles_2 - qos:0 - size:1048576
2018-05-15_23:21:52:537- message received - id:0 - topic:mqtt-roundtrip-qos0-1MByte-100-cycles - qos:0 - size:1048576
2018-05-15_23:21:52:538- message sent - id:0 - topic:mqtt-roundtrip-qos0-1MByte-100-cycles_2 - qos:0 - size:1048576
