2018-05-15_22:03:14 :686- connecting to broker 192.168.1.100:1883
2018-05-15_22:03:14 :687- Subscribing to topic mqtt-roundtrip-qos2-empty_message-10-cycles_2
2018-05-15_22:03:14 :687- subscribe returned (0, 1)
2018-05-15_22:03:14 :688- Client connected to broker
2018-05-15_22:03:30 :346- Performing message publishing for 10 cycles
2018-05-15_22:03:30 :348- message sent - id:2 - topic:mqtt-roundtrip-qos2-empty_message-10-cycles - qos:2 - size:0
2018-05-15_22:03:30 :349- message sent - id:3 - topic:mqtt-roundtrip-qos2-empty_message-10-cycles - qos:2 - size:0
2018-05-15_22:03:30 :349- message sent - id:4 - topic:mqtt-roundtrip-qos2-empty_message-10-cycles - qos:2 - size:0
2018-05-15_22:03:30 :349- message sent - id:5 - topic:mqtt-roundtrip-qos2-empty_message-10-cycles - qos:2 - size:0
2018-05-15_22:03:30 :349- message sent - id:6 - topic:mqtt-roundtrip-qos2-empty_message-10-cycles - qos:2 - size:0
2018-05-15_22:03:30 :389- message sent - id:7 - topic:mqtt-roundtrip-qos2-empty_message-10-cycles - qos:2 - size:0
2018-05-15_22:03:30 :390- message sent - id:8 - topic:mqtt-roundtrip-qos2-empty_message-10-cycles - qos:2 - size:0
2018-05-15_22:03:30 :390- message sent - id:9 - topic:mqtt-roundtrip-qos2-empty_message-10-cycles - qos:2 - size:0
2018-05-15_22:03:30 :390- message sent - id:10 - topic:mqtt-roundtrip-qos2-empty_message-10-cycles - qos:2 - size:0
2018-05-15_22:03:30 :390- message sent - id:11 - topic:mqtt-roundtrip-qos2-empty_message-10-cycles - qos:2 - size:0
2018-05-15_22:03:30 :390- message received - id:0 - topic:mqtt-roundtrip-qos2-empty_message-10-cycles_2 - qos:0 - size:0
2018-05-15_22:03:30 :391- message received - id:0 - topic:mqtt-roundtrip-qos2-empty_message-10-cycles_2 - qos:0 - size:0
2018-05-15_22:03:30 :391- message received - id:0 - topic:mqtt-roundtrip-qos2-empty_message-10-cycles_2 - qos:0 - size:0
2018-05-15_22:03:30 :391- message received - id:0 - topic:mqtt-roundtrip-qos2-empty_message-10-cycles_2 - qos:0 - size:0
2018-05-15_22:03:30 :391- message received - id:0 - topic:mqtt-roundtrip-qos2-empty_message-10-cycles_2 - qos:0 - size:0
2018-05-15_22:03:30 :391- message received - id:0 - topic:mqtt-roundtrip-qos2-empty_message-10-cycles_2 - qos:0 - size:0
2018-05-15_22:03:30 :392- message received - id:0 - topic:mqtt-roundtrip-qos2-empty_message-10-cycles_2 - qos:0 - size:0
2018-05-15_22:03:30 :392- message received - id:0 - topic:mqtt-roundtrip-qos2-empty_message-10-cycles_2 - qos:0 - size:0
2018-05-15_22:03:30 :392- message received - id:0 - topic:mqtt-roundtrip-qos2-empty_message-10-cycles_2 - qos:0 - size:0
2018-05-15_22:03:30 :439- message received - id:0 - topic:mqtt-roundtrip-qos2-empty_message-10-cycles_2 - qos:0 - size:0
