2018-05-15_22:52:50:351- connecting to broker 192.168.1.100:1883
2018-05-15_22:52:50:352- Subscribing to topicmqtt-roundtrip-qos1-1Byte-100-cycles
2018-05-15_22:52:50:353- subscribe returned (0, 1)
2018-05-15_22:52:50:353- Client connected to broker
2018-05-15_22:52:52:501- message received - id:0 - topic:mqtt-roundtrip-qos1-1Byte-100-cycles - qos:0 - size:1
2018-05-15_22:52:52:502- message sent - id:0 - topic:mqtt-roundtrip-qos1-1Byte-100-cycles_2 - qos:0 - size:1
2018-05-15_22:52:52:503- message received - id:0 - topic:mqtt-roundtrip-qos1-1Byte-100-cycles - qos:0 - size:1
2018-05-15_22:52:52:503- message sent - id:0 - topic:mqtt-roundtrip-qos1-1Byte-100-cycles_2 - qos:0 - size:1
2018-05-15_22:52:52:503- message received - id:0 - topic:mqtt-roundtrip-qos1-1Byte-100-cycles - qos:0 - size:1
2018-05-15_22:52:52:503- message sent - id:0 - topic:mqtt-roundtrip-qos1-1Byte-100-cycles_2 - qos:0 - size:1
2018-05-15_22:52:52:503- message received - id:0 - topic:mqtt-roundtrip-qos1-1Byte-100-cycles - qos:0 - size:1
2018-05-15_22:52:52:504- message sent - id:0 - topic:mqtt-roundtrip-qos1-1Byte-100-cycles_2 - qos:0 - size:1
2018-05-15_22:52:52:506- message received - id:0 - topic:mqtt-roundtrip-qos1-1Byte-100-cycles - qos:0 - size:1
2018-05-15_22:52:52:506- message sent - id:0 - topic:mqtt-roundtrip-qos1-1Byte-100-cycles_2 - qos:0 - size:1
2018-05-15_22:52:52:506- message received - id:0 - topic:mqtt-roundtrip-qos1-1Byte-100-cycles - qos:0 - size:1
2018-05-15_22:52:52:507- message sent - id:0 - topic:mqtt-roundtrip-qos1-1Byte-100-cycles_2 - qos:0 - size:1
2018-05-15_22:52:52:507- message received - id:0 - topic:mqtt-roundtrip-qos1-1Byte-100-cycles - qos:0 - size:1
2018-05-15_22:52:52:507- message sent - id:0 - topic:mqtt-roundtrip-qos1-1Byte-100-cycles_2 - qos:0 - size:1
2018-05-15_22:52:52:508- message received - id:0 - topic:mqtt-roundtrip-qos1-1Byte-100-cycles - qos:0 - size:1
2018-05-15_22:52:52:508- message sent - id:0 - topic:mqtt-roundtrip-qos1-1Byte-100-cycles_2 - qos:0 - size:1
2018-05-15_22:52:52:508- message received - id:0 - topic:mqtt-roundtrip-qos1-1Byte-100-cycles - qos:0 - size:1
2018-05-15_22:52:52:508- message sent - id:0 - topic:mqtt-roundtrip-qos1-1Byte-100-cycles_2 - qos:0 - size:1
2018-05-15_22:52:52:509- message received - id:0 - topic:mqtt-roundtrip-qos1-1Byte-100-cycles - qos:0 - size:1
2018-05-15_22:52:52:509- message sent - id:0 - topic:mqtt-roundtrip-qos1-1Byte-100-cycles_2 - qos:0 - size:1
2018-05-15_22:52:52:509- message received - id:0 - topic:mqtt-roundtrip-qos1-1Byte-100-cycles - qos:0 - size:1
2018-05-15_22:52:52:509- message sent - id:0 - topic:mqtt-roundtrip-qos1-1Byte-100-cycles_2 - qos:0 - size:1
2018-05-15_22:52:52:510- message received - id:0 - topic:mqtt-roundtrip-qos1-1Byte-100-cycles - qos:0 - size:1
2018-05-15_22:52:52:510- message sent - id:0 - topic:mqtt-roundtrip-qos1-1Byte-100-cycles_2 - qos:0 - size:1
2018-05-15_22:52:52:510- message received - id:0 - topic:mqtt-roundtrip-qos1-1Byte-100-cycles - qos:0 - size:1
2018-05-15_22:52:52:510- message sent - id:0 - topic:mqtt-roundtrip-qos1-1Byte-100-cycles_2 - qos:0 - size:1
2018-05-15_22:52:52:510- message received - id:0 - topic:mqtt-roundtrip-qos1-1Byte-100-cycles - qos:0 - size:1
2018-05-15_22:52:52:511- message sent - id:0 - topic:mqtt-roundtrip-qos1-1Byte-100-cycles_2 - qos:0 - size:1
2018-05-15_22:52:52:511- message received - id:0 - topic:mqtt-roundtrip-qos1-1Byte-100-cycles - qos:0 - size:1
2018-05-15_22:52:52:511- message sent - id:0 - topic:mqtt-roundtrip-qos1-1Byte-100-cycles_2 - qos:0 - size:1
2018-05-15_22:52:52:511- message received - id:0 - topic:mqtt-roundtrip-qos1-1Byte-100-cycles - qos:0 - size:1
2018-05-15_22:52:52:512- message sent - id:0 - topic:mqtt-roundtrip-qos1-1Byte-100-cycles_2 - qos:0 - size:1
2018-05-15_22:52:52:512- message received - id:0 - topic:mqtt-roundtrip-qos1-1Byte-100-cycles - qos:0 - size:1
2018-05-15_22:52:52:512- message sent - id:0 - topic:mqtt-roundtrip-qos1-1Byte-100-cycles_2 - qos:0 - size:1
2018-05-15_22:52:52:512- message received - id:0 - topic:mqtt-roundtrip-qos1-1Byte-100-cycles - qos:0 - size:1
2018-05-15_22:52:52:512- message sent - id:0 - topic:mqtt-roundtrip-qos1-1Byte-100-cycles_2 - qos:0 - size:1
2018-05-15_22:52:52:513- message received - id:0 - topic:mqtt-roundtrip-qos1-1Byte-100-cycles - qos:0 - size:1
2018-05-15_22:52:52:513- message sent - id:0 - topic:mqtt-roundtrip-qos1-1Byte-100-cycles_2 - qos:0 - size:1
2018-05-15_22:52:52:513- message received - id:0 - topic:mqtt-roundtrip-qos1-1Byte-100-cycles - qos:0 - size:1
2018-05-15_22:52:52:513- message sent - id:0 - topic:mqtt-roundtrip-qos1-1Byte-100-cycles_2 - qos:0 - size:1
2018-05-15_22:52:52:514- message received - id:0 - topic:mqtt-roundtrip-qos1-1Byte-100-cycles - qos:0 - size:1
2018-05-15_22:52:52:514- message sent - id:0 - topic:mqtt-roundtrip-qos1-1Byte-100-cycles_2 - qos:0 - size:1
2018-05-15_22:52:52:514- message received - id:0 - topic:mqtt-roundtrip-qos1-1Byte-100-cycles - qos:0 - size:1
2018-05-15_22:52:52:514- message sent - id:0 - topic:mqtt-roundtrip-qos1-1Byte-100-cycles_2 - qos:0 - size:1
2018-05-15_22:52:52:514- message received - id:0 - topic:mqtt-roundtrip-qos1-1Byte-100-cycles - qos:0 - size:1
2018-05-15_22:52:52:515- message sent - id:0 - topic:mqtt-roundtrip-qos1-1Byte-100-cycles_2 - qos:0 - size:1
2018-05-15_22:52:52:515- message received - id:0 - topic:mqtt-roundtrip-qos1-1Byte-100-cycles - qos:0 - size:1
2018-05-15_22:52:52:515- message sent - id:0 - topic:mqtt-roundtrip-qos1-1Byte-100-cycles_2 - qos:0 - size:1
2018-05-15_22:52:52:515- message received - id:0 - topic:mqtt-roundtrip-qos1-1Byte-100-cycles - qos:0 - size:1
2018-05-15_22:52:52:516- message sent - id:0 - topic:mqtt-roundtrip-qos1-1Byte-100-cycles_2 - qos:0 - size:1
2018-05-15_22:52:52:516- message received - id:0 - topic:mqtt-roundtrip-qos1-1Byte-100-cycles - qos:0 - size:1
2018-05-15_22:52:52:516- message sent - id:0 - topic:mqtt-roundtrip-qos1-1Byte-100-cycles_2 - qos:0 - size:1
2018-05-15_22:52:52:516- message received - id:0 - topic:mqtt-roundtrip-qos1-1Byte-100-cycles - qos:0 - size:1
2018-05-15_22:52:52:516- message sent - id:0 - topic:mqtt-roundtrip-qos1-1Byte-100-cycles_2 - qos:0 - size:1
2018-05-15_22:52:52:517- message received - id:0 - topic:mqtt-roundtrip-qos1-1Byte-100-cycles - qos:0 - size:1
2018-05-15_22:52:52:517- message sent - id:0 - topic:mqtt-roundtrip-qos1-1Byte-100-cycles_2 - qos:0 - size:1
2018-05-15_22:52:52:517- message received - id:0 - topic:mqtt-roundtrip-qos1-1Byte-100-cycles - qos:0 - size:1
2018-05-15_22:52:52:517- message sent - id:0 - topic:mqtt-roundtrip-qos1-1Byte-100-cycles_2 - qos:0 - size:1
2018-05-15_22:52:52:518- message received - id:0 - topic:mqtt-roundtrip-qos1-1Byte-100-cycles - qos:0 - size:1
2018-05-15_22:52:52:518- message sent - id:0 - topic:mqtt-roundtrip-qos1-1Byte-100-cycles_2 - qos:0 - size:1
2018-05-15_22:52:52:518- message received - id:0 - topic:mqtt-roundtrip-qos1-1Byte-100-cycles - qos:0 - size:1
2018-05-15_22:52:52:518- message sent - id:0 - topic:mqtt-roundtrip-qos1-1Byte-100-cycles_2 - qos:0 - size:1
2018-05-15_22:52:52:519- message received - id:0 - topic:mqtt-roundtrip-qos1-1Byte-100-cycles - qos:0 - size:1
2018-05-15_22:52:52:519- message sent - id:0 - topic:mqtt-roundtrip-qos1-1Byte-100-cycles_2 - qos:0 - size:1
2018-05-15_22:52:52:519- message received - id:0 - topic:mqtt-roundtrip-qos1-1Byte-100-cycles - qos:0 - size:1
2018-05-15_22:52:52:519- message sent - id:0 - topic:mqtt-roundtrip-qos1-1Byte-100-cycles_2 - qos:0 - size:1
2018-05-15_22:52:52:520- message received - id:0 - topic:mqtt-roundtrip-qos1-1Byte-100-cycles - qos:0 - size:1
2018-05-15_22:52:52:520- message sent - id:0 - topic:mqtt-roundtrip-qos1-1Byte-100-cycles_2 - qos:0 - size:1
2018-05-15_22:52:52:520- message received - id:0 - topic:mqtt-roundtrip-qos1-1Byte-100-cycles - qos:0 - size:1
2018-05-15_22:52:52:520- message sent - id:0 - topic:mqtt-roundtrip-qos1-1Byte-100-cycles_2 - qos:0 - size:1
2018-05-15_22:52:52:520- message received - id:0 - topic:mqtt-roundtrip-qos1-1Byte-100-cycles - qos:0 - size:1
2018-05-15_22:52:52:521- message sent - id:0 - topic:mqtt-roundtrip-qos1-1Byte-100-cycles_2 - qos:0 - size:1
2018-05-15_22:52:52:521- message received - id:0 - topic:mqtt-roundtrip-qos1-1Byte-100-cycles - qos:0 - size:1
2018-05-15_22:52:52:521- message sent - id:0 - topic:mqtt-roundtrip-qos1-1Byte-100-cycles_2 - qos:0 - size:1
2018-05-15_22:52:52:521- message received - id:0 - topic:mqtt-roundtrip-qos1-1Byte-100-cycles - qos:0 - size:1
2018-05-15_22:52:52:522- message sent - id:0 - topic:mqtt-roundtrip-qos1-1Byte-100-cycles_2 - qos:0 - size:1
2018-05-15_22:52:52:522- message received - id:0 - topic:mqtt-roundtrip-qos1-1Byte-100-cycles - qos:0 - size:1
2018-05-15_22:52:52:522- message sent - id:0 - topic:mqtt-roundtrip-qos1-1Byte-100-cycles_2 - qos:0 - size:1
2018-05-15_22:52:52:522- message received - id:0 - topic:mqtt-roundtrip-qos1-1Byte-100-cycles - qos:0 - size:1
2018-05-15_22:52:52:522- message sent - id:0 - topic:mqtt-roundtrip-qos1-1Byte-100-cycles_2 - qos:0 - size:1
2018-05-15_22:52:52:523- message received - id:0 - topic:mqtt-roundtrip-qos1-1Byte-100-cycles - qos:0 - size:1
2018-05-15_22:52:52:523- message sent - id:0 - topic:mqtt-roundtrip-qos1-1Byte-100-cycles_2 - qos:0 - size:1
2018-05-15_22:52:52:523- message received - id:0 - topic:mqtt-roundtrip-qos1-1Byte-100-cycles - qos:0 - size:1
2018-05-15_22:52:52:523- message sent - id:0 - topic:mqtt-roundtrip-qos1-1Byte-100-cycles_2 - qos:0 - size:1
2018-05-15_22:52:52:524- message received - id:0 - topic:mqtt-roundtrip-qos1-1Byte-100-cycles - qos:0 - size:1
2018-05-15_22:52:52:524- message sent - id:0 - topic:mqtt-roundtrip-qos1-1Byte-100-cycles_2 - qos:0 - size:1
2018-05-15_22:52:52:524- message received - id:0 - topic:mqtt-roundtrip-qos1-1Byte-100-cycles - qos:0 - size:1
2018-05-15_22:52:52:524- message sent - id:0 - topic:mqtt-roundtrip-qos1-1Byte-100-cycles_2 - qos:0 - size:1
2018-05-15_22:52:52:525- message received - id:0 - topic:mqtt-roundtrip-qos1-1Byte-100-cycles - qos:0 - size:1
2018-05-15_22:52:52:525- message sent - id:0 - topic:mqtt-roundtrip-qos1-1Byte-100-cycles_2 - qos:0 - size:1
2018-05-15_22:52:52:525- message received - id:0 - topic:mqtt-roundtrip-qos1-1Byte-100-cycles - qos:0 - size:1
2018-05-15_22:52:52:525- message sent - id:0 - topic:mqtt-roundtrip-qos1-1Byte-100-cycles_2 - qos:0 - size:1
2018-05-15_22:52:52:525- message received - id:0 - topic:mqtt-roundtrip-qos1-1Byte-100-cycles - qos:0 - size:1
2018-05-15_22:52:52:526- message sent - id:0 - topic:mqtt-roundtrip-qos1-1Byte-100-cycles_2 - qos:0 - size:1
2018-05-15_22:52:52:526- message received - id:0 - topic:mqtt-roundtrip-qos1-1Byte-100-cycles - qos:0 - size:1
2018-05-15_22:52:52:526- message sent - id:0 - topic:mqtt-roundtrip-qos1-1Byte-100-cycles_2 - qos:0 - size:1
2018-05-15_22:52:52:526- message received - id:0 - topic:mqtt-roundtrip-qos1-1Byte-100-cycles - qos:0 - size:1
2018-05-15_22:52:52:526- message sent - id:0 - topic:mqtt-roundtrip-qos1-1Byte-100-cycles_2 - qos:0 - size:1
2018-05-15_22:52:52:527- message received - id:0 - topic:mqtt-roundtrip-qos1-1Byte-100-cycles - qos:0 - size:1
2018-05-15_22:52:52:527- message sent - id:0 - topic:mqtt-roundtrip-qos1-1Byte-100-cycles_2 - qos:0 - size:1
2018-05-15_22:52:52:527- message received - id:0 - topic:mqtt-roundtrip-qos1-1Byte-100-cycles - qos:0 - size:1
2018-05-15_22:52:52:527- message sent - id:0 - topic:mqtt-roundtrip-qos1-1Byte-100-cycles_2 - qos:0 - size:1
2018-05-15_22:52:52:528- message received - id:0 - topic:mqtt-roundtrip-qos1-1Byte-100-cycles - qos:0 - size:1
2018-05-15_22:52:52:528- message sent - id:0 - topic:mqtt-roundtrip-qos1-1Byte-100-cycles_2 - qos:0 - size:1
2018-05-15_22:52:52:528- message received - id:0 - topic:mqtt-roundtrip-qos1-1Byte-100-cycles - qos:0 - size:1
2018-05-15_22:52:52:528- message sent - id:0 - topic:mqtt-roundtrip-qos1-1Byte-100-cycles_2 - qos:0 - size:1
2018-05-15_22:52:52:529- message received - id:0 - topic:mqtt-roundtrip-qos1-1Byte-100-cycles - qos:0 - size:1
2018-05-15_22:52:52:529- message sent - id:0 - topic:mqtt-roundtrip-qos1-1Byte-100-cycles_2 - qos:0 - size:1
2018-05-15_22:52:52:530- message received - id:0 - topic:mqtt-roundtrip-qos1-1Byte-100-cycles - qos:0 - size:1
2018-05-15_22:52:52:530- message sent - id:0 - topic:mqtt-roundtrip-qos1-1Byte-100-cycles_2 - qos:0 - size:1
2018-05-15_22:52:52:530- message received - id:0 - topic:mqtt-roundtrip-qos1-1Byte-100-cycles - qos:0 - size:1
2018-05-15_22:52:52:530- message sent - id:0 - topic:mqtt-roundtrip-qos1-1Byte-100-cycles_2 - qos:0 - size:1
2018-05-15_22:52:52:531- message received - id:0 - topic:mqtt-roundtrip-qos1-1Byte-100-cycles - qos:0 - size:1
2018-05-15_22:52:52:531- message sent - id:0 - topic:mqtt-roundtrip-qos1-1Byte-100-cycles_2 - qos:0 - size:1
2018-05-15_22:52:52:531- message received - id:0 - topic:mqtt-roundtrip-qos1-1Byte-100-cycles - qos:0 - size:1
2018-05-15_22:52:52:531- message sent - id:0 - topic:mqtt-roundtrip-qos1-1Byte-100-cycles_2 - qos:0 - size:1
2018-05-15_22:52:52:531- message received - id:0 - topic:mqtt-roundtrip-qos1-1Byte-100-cycles - qos:0 - size:1
2018-05-15_22:52:52:531- message sent - id:0 - topic:mqtt-roundtrip-qos1-1Byte-100-cycles_2 - qos:0 - size:1
2018-05-15_22:52:52:532- message received - id:0 - topic:mqtt-roundtrip-qos1-1Byte-100-cycles - qos:0 - size:1
2018-05-15_22:52:52:532- message sent - id:0 - topic:mqtt-roundtrip-qos1-1Byte-100-cycles_2 - qos:0 - size:1
2018-05-15_22:52:52:532- message received - id:0 - topic:mqtt-roundtrip-qos1-1Byte-100-cycles - qos:0 - size:1
2018-05-15_22:52:52:532- message sent - id:0 - topic:mqtt-roundtrip-qos1-1Byte-100-cycles_2 - qos:0 - size:1
2018-05-15_22:52:52:532- message received - id:0 - topic:mqtt-roundtrip-qos1-1Byte-100-cycles - qos:0 - size:1
2018-05-15_22:52:52:532- message sent - id:0 - topic:mqtt-roundtrip-qos1-1Byte-100-cycles_2 - qos:0 - size:1
2018-05-15_22:52:52:533- message received - id:0 - topic:mqtt-roundtrip-qos1-1Byte-100-cycles - qos:0 - size:1
2018-05-15_22:52:52:533- message sent - id:0 - topic:mqtt-roundtrip-qos1-1Byte-100-cycles_2 - qos:0 - size:1
2018-05-15_22:52:52:533- message received - id:0 - topic:mqtt-roundtrip-qos1-1Byte-100-cycles - qos:0 - size:1
2018-05-15_22:52:52:533- message sent - id:0 - topic:mqtt-roundtrip-qos1-1Byte-100-cycles_2 - qos:0 - size:1
2018-05-15_22:52:52:533- message received - id:0 - topic:mqtt-roundtrip-qos1-1Byte-100-cycles - qos:0 - size:1
2018-05-15_22:52:52:533- message sent - id:0 - topic:mqtt-roundtrip-qos1-1Byte-100-cycles_2 - qos:0 - size:1
2018-05-15_22:52:52:534- message received - id:0 - topic:mqtt-roundtrip-qos1-1Byte-100-cycles - qos:0 - size:1
2018-05-15_22:52:52:534- message sent - id:0 - topic:mqtt-roundtrip-qos1-1Byte-100-cycles_2 - qos:0 - size:1
2018-05-15_22:52:52:534- message received - id:0 - topic:mqtt-roundtrip-qos1-1Byte-100-cycles - qos:0 - size:1
2018-05-15_22:52:52:534- message sent - id:0 - topic:mqtt-roundtrip-qos1-1Byte-100-cycles_2 - qos:0 - size:1
2018-05-15_22:52:52:534- message received - id:0 - topic:mqtt-roundtrip-qos1-1Byte-100-cycles - qos:0 - size:1
2018-05-15_22:52:52:534- message sent - id:0 - topic:mqtt-roundtrip-qos1-1Byte-100-cycles_2 - qos:0 - size:1
2018-05-15_22:52:52:535- message received - id:0 - topic:mqtt-roundtrip-qos1-1Byte-100-cycles - qos:0 - size:1
2018-05-15_22:52:52:535- message sent - id:0 - topic:mqtt-roundtrip-qos1-1Byte-100-cycles_2 - qos:0 - size:1
2018-05-15_22:52:52:535- message received - id:0 - topic:mqtt-roundtrip-qos1-1Byte-100-cycles - qos:0 - size:1
2018-05-15_22:52:52:535- message sent - id:0 - topic:mqtt-roundtrip-qos1-1Byte-100-cycles_2 - qos:0 - size:1
2018-05-15_22:52:52:535- message received - id:0 - topic:mqtt-roundtrip-qos1-1Byte-100-cycles - qos:0 - size:1
2018-05-15_22:52:52:536- message sent - id:0 - topic:mqtt-roundtrip-qos1-1Byte-100-cycles_2 - qos:0 - size:1
2018-05-15_22:52:52:536- message received - id:0 - topic:mqtt-roundtrip-qos1-1Byte-100-cycles - qos:0 - size:1
2018-05-15_22:52:52:536- message sent - id:0 - topic:mqtt-roundtrip-qos1-1Byte-100-cycles_2 - qos:0 - size:1
2018-05-15_22:52:52:536- message received - id:0 - topic:mqtt-roundtrip-qos1-1Byte-100-cycles - qos:0 - size:1
2018-05-15_22:52:52:536- message sent - id:0 - topic:mqtt-roundtrip-qos1-1Byte-100-cycles_2 - qos:0 - size:1
2018-05-15_22:52:52:536- message received - id:0 - topic:mqtt-roundtrip-qos1-1Byte-100-cycles - qos:0 - size:1
2018-05-15_22:52:52:537- message sent - id:0 - topic:mqtt-roundtrip-qos1-1Byte-100-cycles_2 - qos:0 - size:1
2018-05-15_22:52:52:537- message received - id:0 - topic:mqtt-roundtrip-qos1-1Byte-100-cycles - qos:0 - size:1
2018-05-15_22:52:52:537- message sent - id:0 - topic:mqtt-roundtrip-qos1-1Byte-100-cycles_2 - qos:0 - size:1
2018-05-15_22:52:52:537- message received - id:0 - topic:mqtt-roundtrip-qos1-1Byte-100-cycles - qos:0 - size:1
2018-05-15_22:52:52:537- message sent - id:0 - topic:mqtt-roundtrip-qos1-1Byte-100-cycles_2 - qos:0 - size:1
2018-05-15_22:52:52:538- message received - id:0 - topic:mqtt-roundtrip-qos1-1Byte-100-cycles - qos:0 - size:1
2018-05-15_22:52:52:538- message sent - id:0 - topic:mqtt-roundtrip-qos1-1Byte-100-cycles_2 - qos:0 - size:1
2018-05-15_22:52:52:538- message received - id:0 - topic:mqtt-roundtrip-qos1-1Byte-100-cycles - qos:0 - size:1
2018-05-15_22:52:52:538- message sent - id:0 - topic:mqtt-roundtrip-qos1-1Byte-100-cycles_2 - qos:0 - size:1
2018-05-15_22:52:52:538- message received - id:0 - topic:mqtt-roundtrip-qos1-1Byte-100-cycles - qos:0 - size:1
2018-05-15_22:52:52:538- message sent - id:0 - topic:mqtt-roundtrip-qos1-1Byte-100-cycles_2 - qos:0 - size:1
2018-05-15_22:52:52:538- message received - id:0 - topic:mqtt-roundtrip-qos1-1Byte-100-cycles - qos:0 - size:1
2018-05-15_22:52:52:539- message sent - id:0 - topic:mqtt-roundtrip-qos1-1Byte-100-cycles_2 - qos:0 - size:1
2018-05-15_22:52:52:539- message received - id:0 - topic:mqtt-roundtrip-qos1-1Byte-100-cycles - qos:0 - size:1
2018-05-15_22:52:52:539- message sent - id:0 - topic:mqtt-roundtrip-qos1-1Byte-100-cycles_2 - qos:0 - size:1
2018-05-15_22:52:52:539- message received - id:0 - topic:mqtt-roundtrip-qos1-1Byte-100-cycles - qos:0 - size:1
2018-05-15_22:52:52:539- message sent - id:0 - topic:mqtt-roundtrip-qos1-1Byte-100-cycles_2 - qos:0 - size:1
2018-05-15_22:52:52:540- message received - id:0 - topic:mqtt-roundtrip-qos1-1Byte-100-cycles - qos:0 - size:1
2018-05-15_22:52:52:540- message sent - id:0 - topic:mqtt-roundtrip-qos1-1Byte-100-cycles_2 - qos:0 - size:1
2018-05-15_22:52:52:540- message received - id:0 - topic:mqtt-roundtrip-qos1-1Byte-100-cycles - qos:0 - size:1
2018-05-15_22:52:52:540- message sent - id:0 - topic:mqtt-roundtrip-qos1-1Byte-100-cycles_2 - qos:0 - size:1
2018-05-15_22:52:52:540- message received - id:0 - topic:mqtt-roundtrip-qos1-1Byte-100-cycles - qos:0 - size:1
2018-05-15_22:52:52:540- message sent - id:0 - topic:mqtt-roundtrip-qos1-1Byte-100-cycles_2 - qos:0 - size:1
2018-05-15_22:52:52:541- message received - id:0 - topic:mqtt-roundtrip-qos1-1Byte-100-cycles - qos:0 - size:1
2018-05-15_22:52:52:541- message sent - id:0 - topic:mqtt-roundtrip-qos1-1Byte-100-cycles_2 - qos:0 - size:1
2018-05-15_22:52:52:541- message received - id:0 - topic:mqtt-roundtrip-qos1-1Byte-100-cycles - qos:0 - size:1
2018-05-15_22:52:52:541- message sent - id:0 - topic:mqtt-roundtrip-qos1-1Byte-100-cycles_2 - qos:0 - size:1
2018-05-15_22:52:52:541- message received - id:0 - topic:mqtt-roundtrip-qos1-1Byte-100-cycles - qos:0 - size:1
2018-05-15_22:52:52:541- message sent - id:0 - topic:mqtt-roundtrip-qos1-1Byte-100-cycles_2 - qos:0 - size:1
2018-05-15_22:52:52:542- message received - id:0 - topic:mqtt-roundtrip-qos1-1Byte-100-cycles - qos:0 - size:1
2018-05-15_22:52:52:542- message sent - id:0 - topic:mqtt-roundtrip-qos1-1Byte-100-cycles_2 - qos:0 - size:1
2018-05-15_22:52:52:542- message received - id:0 - topic:mqtt-roundtrip-qos1-1Byte-100-cycles - qos:0 - size:1
2018-05-15_22:52:52:542- message sent - id:0 - topic:mqtt-roundtrip-qos1-1Byte-100-cycles_2 - qos:0 - size:1
2018-05-15_22:52:52:542- message received - id:0 - topic:mqtt-roundtrip-qos1-1Byte-100-cycles - qos:0 - size:1
2018-05-15_22:52:52:543- message sent - id:0 - topic:mqtt-roundtrip-qos1-1Byte-100-cycles_2 - qos:0 - size:1
2018-05-15_22:52:52:543- message received - id:0 - topic:mqtt-roundtrip-qos1-1Byte-100-cycles - qos:0 - size:1
2018-05-15_22:52:52:543- message sent - id:0 - topic:mqtt-roundtrip-qos1-1Byte-100-cycles_2 - qos:0 - size:1
2018-05-15_22:52:52:543- message received - id:0 - topic:mqtt-roundtrip-qos1-1Byte-100-cycles - qos:0 - size:1
2018-05-15_22:52:52:544- message sent - id:0 - topic:mqtt-roundtrip-qos1-1Byte-100-cycles_2 - qos:0 - size:1
2018-05-15_22:52:52:544- message received - id:0 - topic:mqtt-roundtrip-qos1-1Byte-100-cycles - qos:0 - size:1
2018-05-15_22:52:52:544- message sent - id:0 - topic:mqtt-roundtrip-qos1-1Byte-100-cycles_2 - qos:0 - size:1
2018-05-15_22:52:52:544- message received - id:0 - topic:mqtt-roundtrip-qos1-1Byte-100-cycles - qos:0 - size:1
2018-05-15_22:52:52:545- message sent - id:0 - topic:mqtt-roundtrip-qos1-1Byte-100-cycles_2 - qos:0 - size:1
2018-05-15_22:52:52:545- message received - id:0 - topic:mqtt-roundtrip-qos1-1Byte-100-cycles - qos:0 - size:1
2018-05-15_22:52:52:545- message sent - id:0 - topic:mqtt-roundtrip-qos1-1Byte-100-cycles_2 - qos:0 - size:1
2018-05-15_22:52:52:545- message received - id:0 - topic:mqtt-roundtrip-qos1-1Byte-100-cycles - qos:0 - size:1
2018-05-15_22:52:52:546- message sent - id:0 - topic:mqtt-roundtrip-qos1-1Byte-100-cycles_2 - qos:0 - size:1
2018-05-15_22:52:52:546- message received - id:0 - topic:mqtt-roundtrip-qos1-1Byte-100-cycles - qos:0 - size:1
2018-05-15_22:52:52:546- message sent - id:0 - topic:mqtt-roundtrip-qos1-1Byte-100-cycles_2 - qos:0 - size:1
2018-05-15_22:52:52:546- message received - id:0 - topic:mqtt-roundtrip-qos1-1Byte-100-cycles - qos:0 - size:1
2018-05-15_22:52:52:547- message sent - id:0 - topic:mqtt-roundtrip-qos1-1Byte-100-cycles_2 - qos:0 - size:1
2018-05-15_22:52:52:547- message received - id:0 - topic:mqtt-roundtrip-qos1-1Byte-100-cycles - qos:0 - size:1
2018-05-15_22:52:52:547- message sent - id:0 - topic:mqtt-roundtrip-qos1-1Byte-100-cycles_2 - qos:0 - size:1
