2018-05-15_22:51:21:409- connecting to broker 192.168.1.100:1883
2018-05-15_22:51:21:410- Subscribing to topic mqtt-roundtrip-qos2-1Byte-10-cycles_2
2018-05-15_22:51:21:410- subscribe returned (0, 1)
2018-05-15_22:51:21:411- Client connected to broker
2018-05-15_22:51:33:386- Performing message publishing for 10 cycles
2018-05-15_22:51:33:388- message sent - id:2 - topic:mqtt-roundtrip-qos2-1Byte-10-cycles - qos:2 - size:1
2018-05-15_22:51:33:388- message sent - id:3 - topic:mqtt-roundtrip-qos2-1Byte-10-cycles - qos:2 - size:1
2018-05-15_22:51:33:389- message sent - id:4 - topic:mqtt-roundtrip-qos2-1Byte-10-cycles - qos:2 - size:1
2018-05-15_22:51:33:389- message sent - id:5 - topic:mqtt-roundtrip-qos2-1Byte-10-cycles - qos:2 - size:1
2018-05-15_22:51:33:389- message sent - id:6 - topic:mqtt-roundtrip-qos2-1Byte-10-cycles - qos:2 - size:1
2018-05-15_22:51:33:390- message sent - id:7 - topic:mqtt-roundtrip-qos2-1Byte-10-cycles - qos:2 - size:1
2018-05-15_22:51:33:390- message sent - id:8 - topic:mqtt-roundtrip-qos2-1Byte-10-cycles - qos:2 - size:1
2018-05-15_22:51:33:390- message sent - id:9 - topic:mqtt-roundtrip-qos2-1Byte-10-cycles - qos:2 - size:1
2018-05-15_22:51:33:390- message sent - id:10 - topic:mqtt-roundtrip-qos2-1Byte-10-cycles - qos:2 - size:1
2018-05-15_22:51:33:390- message received - id:0 - topic:mqtt-roundtrip-qos2-1Byte-10-cycles_2 - qos:0 - size:1
2018-05-15_22:51:33:429- message sent - id:11 - topic:mqtt-roundtrip-qos2-1Byte-10-cycles - qos:2 - size:1
2018-05-15_22:51:33:430- message received - id:0 - topic:mqtt-roundtrip-qos2-1Byte-10-cycles_2 - qos:0 - size:1
2018-05-15_22:51:33:430- message received - id:0 - topic:mqtt-roundtrip-qos2-1Byte-10-cycles_2 - qos:0 - size:1
2018-05-15_22:51:33:430- message received - id:0 - topic:mqtt-roundtrip-qos2-1Byte-10-cycles_2 - qos:0 - size:1
2018-05-15_22:51:33:430- message received - id:0 - topic:mqtt-roundtrip-qos2-1Byte-10-cycles_2 - qos:0 - size:1
2018-05-15_22:51:33:431- message received - id:0 - topic:mqtt-roundtrip-qos2-1Byte-10-cycles_2 - qos:0 - size:1
2018-05-15_22:51:33:431- message received - id:0 - topic:mqtt-roundtrip-qos2-1Byte-10-cycles_2 - qos:0 - size:1
2018-05-15_22:51:33:431- message received - id:0 - topic:mqtt-roundtrip-qos2-1Byte-10-cycles_2 - qos:0 - size:1
2018-05-15_22:51:33:479- message received - id:0 - topic:mqtt-roundtrip-qos2-1Byte-10-cycles_2 - qos:0 - size:1
2018-05-15_22:51:33:479- message received - id:0 - topic:mqtt-roundtrip-qos2-1Byte-10-cycles_2 - qos:0 - size:1
