2018-05-15_23:24:02:109- connecting to broker 192.168.1.100:1883
2018-05-15_23:24:02:110- Subscribing to topic mqtt-roundtrip-qos1-1MByte-10-cycles_2
2018-05-15_23:24:02:110- subscribe returned (0, 1)
2018-05-15_23:24:02:110- Client connected to broker
2018-05-15_23:24:12:748- Performing message publishing for 10 cycles
2018-05-15_23:24:12:847- message sent - id:2 - topic:mqtt-roundtrip-qos1-1MByte-10-cycles - qos:1 - size:1048576
2018-05-15_23:24:12:941- message sent - id:3 - topic:mqtt-roundtrip-qos1-1MByte-10-cycles - qos:1 - size:1048576
2018-05-15_23:24:13:038- message sent - id:4 - topic:mqtt-roundtrip-qos1-1MByte-10-cycles - qos:1 - size:1048576
2018-05-15_23:24:13:151- message sent - id:5 - topic:mqtt-roundtrip-qos1-1MByte-10-cycles - qos:1 - size:1048576
2018-05-15_23:24:13:270- message sent - id:6 - topic:mqtt-roundtrip-qos1-1MByte-10-cycles - qos:1 - size:1048576
2018-05-15_23:24:13:393- message sent - id:7 - topic:mqtt-roundtrip-qos1-1MByte-10-cycles - qos:1 - size:1048576
2018-05-15_23:24:13:771- message received - id:0 - topic:mqtt-roundtrip-qos1-1MByte-10-cycles_2 - qos:0 - size:1048576
2018-05-15_23:24:13:772- message sent - id:8 - topic:mqtt-roundtrip-qos1-1MByte-10-cycles - qos:1 - size:1048576
2018-05-15_23:24:13:773- message sent - id:9 - topic:mqtt-roundtrip-qos1-1MByte-10-cycles - qos:1 - size:1048576
2018-05-15_23:24:13:773- message sent - id:10 - topic:mqtt-roundtrip-qos1-1MByte-10-cycles - qos:1 - size:1048576
2018-05-15_23:24:14:091- message received - id:0 - topic:mqtt-roundtrip-qos1-1MByte-10-cycles_2 - qos:0 - size:1048576
2018-05-15_23:24:14:092- message sent - id:11 - topic:mqtt-roundtrip-qos1-1MByte-10-cycles - qos:1 - size:1048576
2018-05-15_23:24:14:203- message received - id:0 - topic:mqtt-roundtrip-qos1-1MByte-10-cycles_2 - qos:0 - size:1048576
2018-05-15_23:24:14:302- message received - id:0 - topic:mqtt-roundtrip-qos1-1MByte-10-cycles_2 - qos:0 - size:1048576
2018-05-15_23:24:14:401- message received - id:0 - topic:mqtt-roundtrip-qos1-1MByte-10-cycles_2 - qos:0 - size:1048576
2018-05-15_23:24:14:502- message received - id:0 - topic:mqtt-roundtrip-qos1-1MByte-10-cycles_2 - qos:0 - size:1048576
2018-05-15_23:24:14:600- message received - id:0 - topic:mqtt-roundtrip-qos1-1MByte-10-cycles_2 - qos:0 - size:1048576
2018-05-15_23:24:14:690- message received - id:0 - topic:mqtt-roundtrip-qos1-1MByte-10-cycles_2 - qos:0 - size:1048576
2018-05-15_23:24:14:779- message received - id:0 - topic:mqtt-roundtrip-qos1-1MByte-10-cycles_2 - qos:0 - size:1048576
2018-05-15_23:24:14:868- message received - id:0 - topic:mqtt-roundtrip-qos1-1MByte-10-cycles_2 - qos:0 - size:1048576
