2018-05-15_21:58:40 :912- connecting to broker 192.168.1.100:1883
2018-05-15_22:03:50 :849- connecting to broker 192.168.1.100:1883
2018-05-15_22:03:50 :850- Subscribing to topic mqtt-roundtrip-qos0-empty_message-100-cycles_2
2018-05-15_22:03:50 :851- subscribe returned (0, 1)
2018-05-15_22:03:50 :851- Client connected to broker
2018-05-15_22:04:13 :882- Performing message publishing for 100 cycles
2018-05-15_22:04:13 :885- message sent - id:2 - topic:mqtt-roundtrip-qos0-empty_message-100-cycles - qos:0 - size:0
2018-05-15_22:04:13 :885- message sent - id:3 - topic:mqtt-roundtrip-qos0-empty_message-100-cycles - qos:0 - size:0
2018-05-15_22:04:13 :885- message sent - id:4 - topic:mqtt-roundtrip-qos0-empty_message-100-cycles - qos:0 - size:0
2018-05-15_22:04:13 :886- message sent - id:5 - topic:mqtt-roundtrip-qos0-empty_message-100-cycles - qos:0 - size:0
2018-05-15_22:04:13 :886- message sent - id:6 - topic:mqtt-roundtrip-qos0-empty_message-100-cycles - qos:0 - size:0
2018-05-15_22:04:13 :886- message sent - id:7 - topic:mqtt-roundtrip-qos0-empty_message-100-cycles - qos:0 - size:0
2018-05-15_22:04:13 :886- message sent - id:8 - topic:mqtt-roundtrip-qos0-empty_message-100-cycles - qos:0 - size:0
2018-05-15_22:04:13 :886- message sent - id:9 - topic:mqtt-roundtrip-qos0-empty_message-100-cycles - qos:0 - size:0
2018-05-15_22:04:13 :886- message sent - id:10 - topic:mqtt-roundtrip-qos0-empty_message-100-cycles - qos:0 - size:0
2018-05-15_22:04:13 :886- message sent - id:11 - topic:mqtt-roundtrip-qos0-empty_message-100-cycles - qos:0 - size:0
2018-05-15_22:04:13 :886- message sent - id:12 - topic:mqtt-roundtrip-qos0-empty_message-100-cycles - qos:0 - size:0
2018-05-15_22:04:13 :886- message sent - id:13 - topic:mqtt-roundtrip-qos0-empty_message-100-cycles - qos:0 - size:0
2018-05-15_22:04:13 :886- message sent - id:14 - topic:mqtt-roundtrip-qos0-empty_message-100-cycles - qos:0 - size:0
2018-05-15_22:04:13 :887- message sent - id:15 - topic:mqtt-roundtrip-qos0-empty_message-100-cycles - qos:0 - size:0
2018-05-15_22:04:13 :887- message sent - id:16 - topic:mqtt-roundtrip-qos0-empty_message-100-cycles - qos:0 - size:0
2018-05-15_22:04:13 :887- message sent - id:17 - topic:mqtt-roundtrip-qos0-empty_message-100-cycles - qos:0 - size:0
2018-05-15_22:04:13 :887- message sent - id:18 - topic:mqtt-roundtrip-qos0-empty_message-100-cycles - qos:0 - size:0
2018-05-15_22:04:13 :887- message sent - id:19 - topic:mqtt-roundtrip-qos0-empty_message-100-cycles - qos:0 - size:0
2018-05-15_22:04:13 :887- message sent - id:20 - topic:mqtt-roundtrip-qos0-empty_message-100-cycles - qos:0 - size:0
2018-05-15_22:04:13 :887- message sent - id:21 - topic:mqtt-roundtrip-qos0-empty_message-100-cycles - qos:0 - size:0
2018-05-15_22:04:13 :887- message sent - id:22 - topic:mqtt-roundtrip-qos0-empty_message-100-cycles - qos:0 - size:0
2018-05-15_22:04:13 :887- message sent - id:23 - topic:mqtt-roundtrip-qos0-empty_message-100-cycles - qos:0 - size:0
2018-05-15_22:04:13 :887- message sent - id:24 - topic:mqtt-roundtrip-qos0-empty_message-100-cycles - qos:0 - size:0
2018-05-15_22:04:13 :887- message sent - id:25 - topic:mqtt-roundtrip-qos0-empty_message-100-cycles - qos:0 - size:0
2018-05-15_22:04:13 :888- message sent - id:26 - topic:mqtt-roundtrip-qos0-empty_message-100-cycles - qos:0 - size:0
2018-05-15_22:04:13 :888- message sent - id:27 - topic:mqtt-roundtrip-qos0-empty_message-100-cycles - qos:0 - size:0
2018-05-15_22:04:13 :888- message sent - id:28 - topic:mqtt-roundtrip-qos0-empty_message-100-cycles - qos:0 - size:0
2018-05-15_22:04:13 :888- message sent - id:29 - topic:mqtt-roundtrip-qos0-empty_message-100-cycles - qos:0 - size:0
2018-05-15_22:04:13 :888- message sent - id:30 - topic:mqtt-roundtrip-qos0-empty_message-100-cycles - qos:0 - size:0
2018-05-15_22:04:13 :888- message sent - id:31 - topic:mqtt-roundtrip-qos0-empty_message-100-cycles - qos:0 - size:0
2018-05-15_22:04:13 :888- message sent - id:32 - topic:mqtt-roundtrip-qos0-empty_message-100-cycles - qos:0 - size:0
2018-05-15_22:04:13 :888- message sent - id:33 - topic:mqtt-roundtrip-qos0-empty_message-100-cycles - qos:0 - size:0
2018-05-15_22:04:13 :888- message sent - id:34 - topic:mqtt-roundtrip-qos0-empty_message-100-cycles - qos:0 - size:0
2018-05-15_22:04:13 :888- message sent - id:35 - topic:mqtt-roundtrip-qos0-empty_message-100-cycles - qos:0 - size:0
2018-05-15_22:04:13 :889- message sent - id:36 - topic:mqtt-roundtrip-qos0-empty_message-100-cycles - qos:0 - size:0
2018-05-15_22:04:13 :889- message sent - id:37 - topic:mqtt-roundtrip-qos0-empty_message-100-cycles - qos:0 - size:0
2018-05-15_22:04:13 :889- message sent - id:38 - topic:mqtt-roundtrip-qos0-empty_message-100-cycles - qos:0 - size:0
2018-05-15_22:04:13 :889- message sent - id:39 - topic:mqtt-roundtrip-qos0-empty_message-100-cycles - qos:0 - size:0
2018-05-15_22:04:13 :889- message sent - id:40 - topic:mqtt-roundtrip-qos0-empty_message-100-cycles - qos:0 - size:0
2018-05-15_22:04:13 :889- message sent - id:41 - topic:mqtt-roundtrip-qos0-empty_message-100-cycles - qos:0 - size:0
2018-05-15_22:04:13 :889- message sent - id:42 - topic:mqtt-roundtrip-qos0-empty_message-100-cycles - qos:0 - size:0
2018-05-15_22:04:13 :889- message sent - id:43 - topic:mqtt-roundtrip-qos0-empty_message-100-cycles - qos:0 - size:0
2018-05-15_22:04:13 :889- message sent - id:44 - topic:mqtt-roundtrip-qos0-empty_message-100-cycles - qos:0 - size:0
2018-05-15_22:04:13 :889- message sent - id:45 - topic:mqtt-roundtrip-qos0-empty_message-100-cycles - qos:0 - size:0
2018-05-15_22:04:13 :889- message sent - id:46 - topic:mqtt-roundtrip-qos0-empty_message-100-cycles - qos:0 - size:0
2018-05-15_22:04:13 :890- message sent - id:47 - topic:mqtt-roundtrip-qos0-empty_message-100-cycles - qos:0 - size:0
2018-05-15_22:04:13 :890- message sent - id:48 - topic:mqtt-roundtrip-qos0-empty_message-100-cycles - qos:0 - size:0
2018-05-15_22:04:13 :890- message sent - id:49 - topic:mqtt-roundtrip-qos0-empty_message-100-cycles - qos:0 - size:0
2018-05-15_22:04:13 :890- message sent - id:50 - topic:mqtt-roundtrip-qos0-empty_message-100-cycles - qos:0 - size:0
2018-05-15_22:04:13 :890- message sent - id:51 - topic:mqtt-roundtrip-qos0-empty_message-100-cycles - qos:0 - size:0
2018-05-15_22:04:13 :890- message sent - id:52 - topic:mqtt-roundtrip-qos0-empty_message-100-cycles - qos:0 - size:0
2018-05-15_22:04:13 :890- message sent - id:53 - topic:mqtt-roundtrip-qos0-empty_message-100-cycles - qos:0 - size:0
2018-05-15_22:04:13 :890- message sent - id:54 - topic:mqtt-roundtrip-qos0-empty_message-100-cycles - qos:0 - size:0
2018-05-15_22:04:13 :890- message sent - id:55 - topic:mqtt-roundtrip-qos0-empty_message-100-cycles - qos:0 - size:0
2018-05-15_22:04:13 :891- message sent - id:56 - topic:mqtt-roundtrip-qos0-empty_message-100-cycles - qos:0 - size:0
2018-05-15_22:04:13 :891- message sent - id:57 - topic:mqtt-roundtrip-qos0-empty_message-100-cycles - qos:0 - size:0
2018-05-15_22:04:13 :891- message sent - id:58 - topic:mqtt-roundtrip-qos0-empty_message-100-cycles - qos:0 - size:0
2018-05-15_22:04:13 :891- message sent - id:59 - topic:mqtt-roundtrip-qos0-empty_message-100-cycles - qos:0 - size:0
2018-05-15_22:04:13 :891- message sent - id:60 - topic:mqtt-roundtrip-qos0-empty_message-100-cycles - qos:0 - size:0
2018-05-15_22:04:13 :891- message sent - id:61 - topic:mqtt-roundtrip-qos0-empty_message-100-cycles - qos:0 - size:0
2018-05-15_22:04:13 :891- message sent - id:62 - topic:mqtt-roundtrip-qos0-empty_message-100-cycles - qos:0 - size:0
2018-05-15_22:04:13 :891- message sent - id:63 - topic:mqtt-roundtrip-qos0-empty_message-100-cycles - qos:0 - size:0
2018-05-15_22:04:13 :891- message sent - id:64 - topic:mqtt-roundtrip-qos0-empty_message-100-cycles - qos:0 - size:0
2018-05-15_22:04:13 :891- message sent - id:65 - topic:mqtt-roundtrip-qos0-empty_message-100-cycles - qos:0 - size:0
2018-05-15_22:04:13 :892- message sent - id:66 - topic:mqtt-roundtrip-qos0-empty_message-100-cycles - qos:0 - size:0
2018-05-15_22:04:13 :892- message sent - id:67 - topic:mqtt-roundtrip-qos0-empty_message-100-cycles - qos:0 - size:0
2018-05-15_22:04:13 :892- message sent - id:68 - topic:mqtt-roundtrip-qos0-empty_message-100-cycles - qos:0 - size:0
2018-05-15_22:04:13 :892- message sent - id:69 - topic:mqtt-roundtrip-qos0-empty_message-100-cycles - qos:0 - size:0
2018-05-15_22:04:13 :892- message sent - id:70 - topic:mqtt-roundtrip-qos0-empty_message-100-cycles - qos:0 - size:0
2018-05-15_22:04:13 :892- message sent - id:71 - topic:mqtt-roundtrip-qos0-empty_message-100-cycles - qos:0 - size:0
2018-05-15_22:04:13 :892- message sent - id:72 - topic:mqtt-roundtrip-qos0-empty_message-100-cycles - qos:0 - size:0
2018-05-15_22:04:13 :892- message sent - id:73 - topic:mqtt-roundtrip-qos0-empty_message-100-cycles - qos:0 - size:0
2018-05-15_22:04:13 :892- message sent - id:74 - topic:mqtt-roundtrip-qos0-empty_message-100-cycles - qos:0 - size:0
2018-05-15_22:04:13 :893- message sent - id:75 - topic:mqtt-roundtrip-qos0-empty_message-100-cycles - qos:0 - size:0
2018-05-15_22:04:13 :893- message sent - id:76 - topic:mqtt-roundtrip-qos0-empty_message-100-cycles - qos:0 - size:0
2018-05-15_22:04:13 :893- message sent - id:77 - topic:mqtt-roundtrip-qos0-empty_message-100-cycles - qos:0 - size:0
2018-05-15_22:04:13 :893- message sent - id:78 - topic:mqtt-roundtrip-qos0-empty_message-100-cycles - qos:0 - size:0
2018-05-15_22:04:13 :893- message sent - id:79 - topic:mqtt-roundtrip-qos0-empty_message-100-cycles - qos:0 - size:0
2018-05-15_22:04:13 :893- message sent - id:80 - topic:mqtt-roundtrip-qos0-empty_message-100-cycles - qos:0 - size:0
2018-05-15_22:04:13 :893- message sent - id:81 - topic:mqtt-roundtrip-qos0-empty_message-100-cycles - qos:0 - size:0
2018-05-15_22:04:13 :893- message sent - id:82 - topic:mqtt-roundtrip-qos0-empty_message-100-cycles - qos:0 - size:0
2018-05-15_22:04:13 :893- message sent - id:83 - topic:mqtt-roundtrip-qos0-empty_message-100-cycles - qos:0 - size:0
2018-05-15_22:04:13 :894- message sent - id:84 - topic:mqtt-roundtrip-qos0-empty_message-100-cycles - qos:0 - size:0
2018-05-15_22:04:13 :894- message sent - id:85 - topic:mqtt-roundtrip-qos0-empty_message-100-cycles - qos:0 - size:0
2018-05-15_22:04:13 :894- message sent - id:86 - topic:mqtt-roundtrip-qos0-empty_message-100-cycles - qos:0 - size:0
2018-05-15_22:04:13 :894- message sent - id:87 - topic:mqtt-roundtrip-qos0-empty_message-100-cycles - qos:0 - size:0
2018-05-15_22:04:13 :894- message sent - id:88 - topic:mqtt-roundtrip-qos0-empty_message-100-cycles - qos:0 - size:0
2018-05-15_22:04:13 :894- message sent - id:89 - topic:mqtt-roundtrip-qos0-empty_message-100-cycles - qos:0 - size:0
2018-05-15_22:04:13 :894- message sent - id:90 - topic:mqtt-roundtrip-qos0-empty_message-100-cycles - qos:0 - size:0
2018-05-15_22:04:13 :894- message sent - id:91 - topic:mqtt-roundtrip-qos0-empty_message-100-cycles - qos:0 - size:0
2018-05-15_22:04:13 :894- message sent - id:92 - topic:mqtt-roundtrip-qos0-empty_message-100-cycles - qos:0 - size:0
2018-05-15_22:04:13 :894- message sent - id:93 - topic:mqtt-roundtrip-qos0-empty_message-100-cycles - qos:0 - size:0
2018-05-15_22:04:13 :895- message sent - id:94 - topic:mqtt-roundtrip-qos0-empty_message-100-cycles - qos:0 - size:0
2018-05-15_22:04:13 :895- message sent - id:95 - topic:mqtt-roundtrip-qos0-empty_message-100-cycles - qos:0 - size:0
2018-05-15_22:04:13 :895- message sent - id:96 - topic:mqtt-roundtrip-qos0-empty_message-100-cycles - qos:0 - size:0
2018-05-15_22:04:13 :895- message sent - id:97 - topic:mqtt-roundtrip-qos0-empty_message-100-cycles - qos:0 - size:0
2018-05-15_22:04:13 :895- message sent - id:98 - topic:mqtt-roundtrip-qos0-empty_message-100-cycles - qos:0 - size:0
2018-05-15_22:04:13 :895- message sent - id:99 - topic:mqtt-roundtrip-qos0-empty_message-100-cycles - qos:0 - size:0
2018-05-15_22:04:13 :895- message sent - id:100 - topic:mqtt-roundtrip-qos0-empty_message-100-cycles - qos:0 - size:0
2018-05-15_22:04:13 :895- message sent - id:101 - topic:mqtt-roundtrip-qos0-empty_message-100-cycles - qos:0 - size:0
2018-05-15_22:04:13 :896- message received - id:0 - topic:mqtt-roundtrip-qos0-empty_message-100-cycles_2 - qos:0 - size:0
2018-05-15_22:04:13 :897- message received - id:0 - topic:mqtt-roundtrip-qos0-empty_message-100-cycles_2 - qos:0 - size:0
2018-05-15_22:04:13 :897- message received - id:0 - topic:mqtt-roundtrip-qos0-empty_message-100-cycles_2 - qos:0 - size:0
2018-05-15_22:04:13 :897- message received - id:0 - topic:mqtt-roundtrip-qos0-empty_message-100-cycles_2 - qos:0 - size:0
2018-05-15_22:04:13 :897- message received - id:0 - topic:mqtt-roundtrip-qos0-empty_message-100-cycles_2 - qos:0 - size:0
2018-05-15_22:04:13 :897- message received - id:0 - topic:mqtt-roundtrip-qos0-empty_message-100-cycles_2 - qos:0 - size:0
2018-05-15_22:04:13 :898- message received - id:0 - topic:mqtt-roundtrip-qos0-empty_message-100-cycles_2 - qos:0 - size:0
2018-05-15_22:04:13 :898- message received - id:0 - topic:mqtt-roundtrip-qos0-empty_message-100-cycles_2 - qos:0 - size:0
2018-05-15_22:04:13 :898- message received - id:0 - topic:mqtt-roundtrip-qos0-empty_message-100-cycles_2 - qos:0 - size:0
2018-05-15_22:04:13 :898- message received - id:0 - topic:mqtt-roundtrip-qos0-empty_message-100-cycles_2 - qos:0 - size:0
2018-05-15_22:04:13 :898- message received - id:0 - topic:mqtt-roundtrip-qos0-empty_message-100-cycles_2 - qos:0 - size:0
2018-05-15_22:04:13 :899- message received - id:0 - topic:mqtt-roundtrip-qos0-empty_message-100-cycles_2 - qos:0 - size:0
2018-05-15_22:04:13 :899- message received - id:0 - topic:mqtt-roundtrip-qos0-empty_message-100-cycles_2 - qos:0 - size:0
2018-05-15_22:04:13 :912- message received - id:0 - topic:mqtt-roundtrip-qos0-empty_message-100-cycles_2 - qos:0 - size:0
2018-05-15_22:04:13 :913- message received - id:0 - topic:mqtt-roundtrip-qos0-empty_message-100-cycles_2 - qos:0 - size:0
2018-05-15_22:04:13 :913- message received - id:0 - topic:mqtt-roundtrip-qos0-empty_message-100-cycles_2 - qos:0 - size:0
2018-05-15_22:04:13 :913- message received - id:0 - topic:mqtt-roundtrip-qos0-empty_message-100-cycles_2 - qos:0 - size:0
2018-05-15_22:04:13 :913- message received - id:0 - topic:mqtt-roundtrip-qos0-empty_message-100-cycles_2 - qos:0 - size:0
2018-05-15_22:04:13 :913- message received - id:0 - topic:mqtt-roundtrip-qos0-empty_message-100-cycles_2 - qos:0 - size:0
2018-05-15_22:04:13 :914- message received - id:0 - topic:mqtt-roundtrip-qos0-empty_message-100-cycles_2 - qos:0 - size:0
2018-05-15_22:04:13 :914- message received - id:0 - topic:mqtt-roundtrip-qos0-empty_message-100-cycles_2 - qos:0 - size:0
2018-05-15_22:04:13 :914- message received - id:0 - topic:mqtt-roundtrip-qos0-empty_message-100-cycles_2 - qos:0 - size:0
2018-05-15_22:04:13 :914- message received - id:0 - topic:mqtt-roundtrip-qos0-empty_message-100-cycles_2 - qos:0 - size:0
2018-05-15_22:04:13 :914- message received - id:0 - topic:mqtt-roundtrip-qos0-empty_message-100-cycles_2 - qos:0 - size:0
2018-05-15_22:04:13 :914- message received - id:0 - topic:mqtt-roundtrip-qos0-empty_message-100-cycles_2 - qos:0 - size:0
2018-05-15_22:04:13 :915- message received - id:0 - topic:mqtt-roundtrip-qos0-empty_message-100-cycles_2 - qos:0 - size:0
2018-05-15_22:04:13 :915- message received - id:0 - topic:mqtt-roundtrip-qos0-empty_message-100-cycles_2 - qos:0 - size:0
2018-05-15_22:04:13 :915- message received - id:0 - topic:mqtt-roundtrip-qos0-empty_message-100-cycles_2 - qos:0 - size:0
2018-05-15_22:04:13 :915- message received - id:0 - topic:mqtt-roundtrip-qos0-empty_message-100-cycles_2 - qos:0 - size:0
2018-05-15_22:04:13 :915- message received - id:0 - topic:mqtt-roundtrip-qos0-empty_message-100-cycles_2 - qos:0 - size:0
2018-05-15_22:04:13 :916- message received - id:0 - topic:mqtt-roundtrip-qos0-empty_message-100-cycles_2 - qos:0 - size:0
2018-05-15_22:04:13 :916- message received - id:0 - topic:mqtt-roundtrip-qos0-empty_message-100-cycles_2 - qos:0 - size:0
2018-05-15_22:04:13 :916- message received - id:0 - topic:mqtt-roundtrip-qos0-empty_message-100-cycles_2 - qos:0 - size:0
2018-05-15_22:04:13 :916- message received - id:0 - topic:mqtt-roundtrip-qos0-empty_message-100-cycles_2 - qos:0 - size:0
2018-05-15_22:04:13 :917- message received - id:0 - topic:mqtt-roundtrip-qos0-empty_message-100-cycles_2 - qos:0 - size:0
2018-05-15_22:04:13 :917- message received - id:0 - topic:mqtt-roundtrip-qos0-empty_message-100-cycles_2 - qos:0 - size:0
2018-05-15_22:04:13 :917- message received - id:0 - topic:mqtt-roundtrip-qos0-empty_message-100-cycles_2 - qos:0 - size:0
2018-05-15_22:04:13 :917- message received - id:0 - topic:mqtt-roundtrip-qos0-empty_message-100-cycles_2 - qos:0 - size:0
2018-05-15_22:04:13 :917- message received - id:0 - topic:mqtt-roundtrip-qos0-empty_message-100-cycles_2 - qos:0 - size:0
2018-05-15_22:04:13 :918- message received - id:0 - topic:mqtt-roundtrip-qos0-empty_message-100-cycles_2 - qos:0 - size:0
2018-05-15_22:04:13 :918- message received - id:0 - topic:mqtt-roundtrip-qos0-empty_message-100-cycles_2 - qos:0 - size:0
2018-05-15_22:04:13 :918- message received - id:0 - topic:mqtt-roundtrip-qos0-empty_message-100-cycles_2 - qos:0 - size:0
2018-05-15_22:04:13 :918- message received - id:0 - topic:mqtt-roundtrip-qos0-empty_message-100-cycles_2 - qos:0 - size:0
2018-05-15_22:04:13 :918- message received - id:0 - topic:mqtt-roundtrip-qos0-empty_message-100-cycles_2 - qos:0 - size:0
2018-05-15_22:04:13 :918- message received - id:0 - topic:mqtt-roundtrip-qos0-empty_message-100-cycles_2 - qos:0 - size:0
2018-05-15_22:04:13 :919- message received - id:0 - topic:mqtt-roundtrip-qos0-empty_message-100-cycles_2 - qos:0 - size:0
2018-05-15_22:04:13 :925- message received - id:0 - topic:mqtt-roundtrip-qos0-empty_message-100-cycles_2 - qos:0 - size:0
2018-05-15_22:04:13 :926- message received - id:0 - topic:mqtt-roundtrip-qos0-empty_message-100-cycles_2 - qos:0 - size:0
2018-05-15_22:04:13 :926- message received - id:0 - topic:mqtt-roundtrip-qos0-empty_message-100-cycles_2 - qos:0 - size:0
2018-05-15_22:04:13 :926- message received - id:0 - topic:mqtt-roundtrip-qos0-empty_message-100-cycles_2 - qos:0 - size:0
2018-05-15_22:04:13 :926- message received - id:0 - topic:mqtt-roundtrip-qos0-empty_message-100-cycles_2 - qos:0 - size:0
2018-05-15_22:04:13 :926- message received - id:0 - topic:mqtt-roundtrip-qos0-empty_message-100-cycles_2 - qos:0 - size:0
2018-05-15_22:04:13 :927- message received - id:0 - topic:mqtt-roundtrip-qos0-empty_message-100-cycles_2 - qos:0 - size:0
2018-05-15_22:04:13 :927- message received - id:0 - topic:mqtt-roundtrip-qos0-empty_message-100-cycles_2 - qos:0 - size:0
2018-05-15_22:04:13 :927- message received - id:0 - topic:mqtt-roundtrip-qos0-empty_message-100-cycles_2 - qos:0 - size:0
2018-05-15_22:04:13 :927- message received - id:0 - topic:mqtt-roundtrip-qos0-empty_message-100-cycles_2 - qos:0 - size:0
2018-05-15_22:04:13 :927- message received - id:0 - topic:mqtt-roundtrip-qos0-empty_message-100-cycles_2 - qos:0 - size:0
2018-05-15_22:04:13 :927- message received - id:0 - topic:mqtt-roundtrip-qos0-empty_message-100-cycles_2 - qos:0 - size:0
2018-05-15_22:04:13 :928- message received - id:0 - topic:mqtt-roundtrip-qos0-empty_message-100-cycles_2 - qos:0 - size:0
2018-05-15_22:04:13 :928- message received - id:0 - topic:mqtt-roundtrip-qos0-empty_message-100-cycles_2 - qos:0 - size:0
2018-05-15_22:04:13 :928- message received - id:0 - topic:mqtt-roundtrip-qos0-empty_message-100-cycles_2 - qos:0 - size:0
2018-05-15_22:04:13 :928- message received - id:0 - topic:mqtt-roundtrip-qos0-empty_message-100-cycles_2 - qos:0 - size:0
2018-05-15_22:04:13 :928- message received - id:0 - topic:mqtt-roundtrip-qos0-empty_message-100-cycles_2 - qos:0 - size:0
2018-05-15_22:04:13 :928- message received - id:0 - topic:mqtt-roundtrip-qos0-empty_message-100-cycles_2 - qos:0 - size:0
2018-05-15_22:04:13 :928- message received - id:0 - topic:mqtt-roundtrip-qos0-empty_message-100-cycles_2 - qos:0 - size:0
2018-05-15_22:04:13 :929- message received - id:0 - topic:mqtt-roundtrip-qos0-empty_message-100-cycles_2 - qos:0 - size:0
2018-05-15_22:04:13 :929- message received - id:0 - topic:mqtt-roundtrip-qos0-empty_message-100-cycles_2 - qos:0 - size:0
2018-05-15_22:04:13 :929- message received - id:0 - topic:mqtt-roundtrip-qos0-empty_message-100-cycles_2 - qos:0 - size:0
2018-05-15_22:04:13 :929- message received - id:0 - topic:mqtt-roundtrip-qos0-empty_message-100-cycles_2 - qos:0 - size:0
2018-05-15_22:04:13 :929- message received - id:0 - topic:mqtt-roundtrip-qos0-empty_message-100-cycles_2 - qos:0 - size:0
2018-05-15_22:04:13 :929- message received - id:0 - topic:mqtt-roundtrip-qos0-empty_message-100-cycles_2 - qos:0 - size:0
2018-05-15_22:04:13 :930- message received - id:0 - topic:mqtt-roundtrip-qos0-empty_message-100-cycles_2 - qos:0 - size:0
2018-05-15_22:04:13 :930- message received - id:0 - topic:mqtt-roundtrip-qos0-empty_message-100-cycles_2 - qos:0 - size:0
2018-05-15_22:04:13 :930- message received - id:0 - topic:mqtt-roundtrip-qos0-empty_message-100-cycles_2 - qos:0 - size:0
2018-05-15_22:04:13 :930- message received - id:0 - topic:mqtt-roundtrip-qos0-empty_message-100-cycles_2 - qos:0 - size:0
2018-05-15_22:04:13 :930- message received - id:0 - topic:mqtt-roundtrip-qos0-empty_message-100-cycles_2 - qos:0 - size:0
2018-05-15_22:04:13 :969- message received - id:0 - topic:mqtt-roundtrip-qos0-empty_message-100-cycles_2 - qos:0 - size:0
2018-05-15_22:04:13 :969- message received - id:0 - topic:mqtt-roundtrip-qos0-empty_message-100-cycles_2 - qos:0 - size:0
2018-05-15_22:04:13 :969- message received - id:0 - topic:mqtt-roundtrip-qos0-empty_message-100-cycles_2 - qos:0 - size:0
2018-05-15_22:04:13 :970- message received - id:0 - topic:mqtt-roundtrip-qos0-empty_message-100-cycles_2 - qos:0 - size:0
2018-05-15_22:04:13 :970- message received - id:0 - topic:mqtt-roundtrip-qos0-empty_message-100-cycles_2 - qos:0 - size:0
2018-05-15_22:04:13 :970- message received - id:0 - topic:mqtt-roundtrip-qos0-empty_message-100-cycles_2 - qos:0 - size:0
2018-05-15_22:04:13 :970- message received - id:0 - topic:mqtt-roundtrip-qos0-empty_message-100-cycles_2 - qos:0 - size:0
2018-05-15_22:04:13 :970- message received - id:0 - topic:mqtt-roundtrip-qos0-empty_message-100-cycles_2 - qos:0 - size:0
2018-05-15_22:04:13 :970- message received - id:0 - topic:mqtt-roundtrip-qos0-empty_message-100-cycles_2 - qos:0 - size:0
2018-05-15_22:04:13 :971- message received - id:0 - topic:mqtt-roundtrip-qos0-empty_message-100-cycles_2 - qos:0 - size:0
2018-05-15_22:04:13 :971- message received - id:0 - topic:mqtt-roundtrip-qos0-empty_message-100-cycles_2 - qos:0 - size:0
2018-05-15_22:04:13 :971- message received - id:0 - topic:mqtt-roundtrip-qos0-empty_message-100-cycles_2 - qos:0 - size:0
2018-05-15_22:04:13 :971- message received - id:0 - topic:mqtt-roundtrip-qos0-empty_message-100-cycles_2 - qos:0 - size:0
2018-05-15_22:04:13 :971- message received - id:0 - topic:mqtt-roundtrip-qos0-empty_message-100-cycles_2 - qos:0 - size:0
2018-05-15_22:04:13 :971- message received - id:0 - topic:mqtt-roundtrip-qos0-empty_message-100-cycles_2 - qos:0 - size:0
2018-05-15_22:04:13 :972- message received - id:0 - topic:mqtt-roundtrip-qos0-empty_message-100-cycles_2 - qos:0 - size:0
2018-05-15_22:04:13 :972- message received - id:0 - topic:mqtt-roundtrip-qos0-empty_message-100-cycles_2 - qos:0 - size:0
2018-05-15_22:04:13 :972- message received - id:0 - topic:mqtt-roundtrip-qos0-empty_message-100-cycles_2 - qos:0 - size:0
2018-05-15_22:04:13 :972- message received - id:0 - topic:mqtt-roundtrip-qos0-empty_message-100-cycles_2 - qos:0 - size:0
2018-05-15_22:04:13 :972- message received - id:0 - topic:mqtt-roundtrip-qos0-empty_message-100-cycles_2 - qos:0 - size:0
2018-05-15_22:04:13 :972- message received - id:0 - topic:mqtt-roundtrip-qos0-empty_message-100-cycles_2 - qos:0 - size:0
2018-05-15_22:04:13 :972- message received - id:0 - topic:mqtt-roundtrip-qos0-empty_message-100-cycles_2 - qos:0 - size:0
2018-05-15_22:04:13 :973- message received - id:0 - topic:mqtt-roundtrip-qos0-empty_message-100-cycles_2 - qos:0 - size:0
2018-05-15_22:04:13 :973- message received - id:0 - topic:mqtt-roundtrip-qos0-empty_message-100-cycles_2 - qos:0 - size:0
