2018-05-17_21:27:36:712- connecting to broker 192.168.1.100:1883
2018-05-17_21:27:36:719- Subscribing to topic mqtt-roundtrip-qos2-10MByte-100-cycles_2
2018-05-17_21:27:36:719- Client connected to broker
2018-05-17_21:27:36:719- subscribe returned (0, 1)
2018-05-17_21:27:36:719- Performing message publishing for 100 cycles
2018-05-17_21:27:36:735- message sent - topic:mqtt-roundtrip-qos2-10MByte-100-cycles - qos:2 - id:000000
2018-05-17_21:27:36:760- message sent - topic:mqtt-roundtrip-qos2-10MByte-100-cycles - qos:2 - id:000001
2018-05-17_21:27:36:775- message sent - topic:mqtt-roundtrip-qos2-10MByte-100-cycles - qos:2 - id:000002
2018-05-17_21:27:36:789- message sent - topic:mqtt-roundtrip-qos2-10MByte-100-cycles - qos:2 - id:000003
2018-05-17_21:27:36:811- message sent - topic:mqtt-roundtrip-qos2-10MByte-100-cycles - qos:2 - id:000004
2018-05-17_21:27:36:828- message sent - topic:mqtt-roundtrip-qos2-10MByte-100-cycles - qos:2 - id:000005
2018-05-17_21:27:36:851- message sent - topic:mqtt-roundtrip-qos2-10MByte-100-cycles - qos:2 - id:000006
2018-05-17_21:27:36:873- message sent - topic:mqtt-roundtrip-qos2-10MByte-100-cycles - qos:2 - id:000007
2018-05-17_21:27:36:892- message sent - topic:mqtt-roundtrip-qos2-10MByte-100-cycles - qos:2 - id:000008
2018-05-17_21:27:36:909- message sent - topic:mqtt-roundtrip-qos2-10MByte-100-cycles - qos:2 - id:000009
2018-05-17_21:27:36:925- message sent - topic:mqtt-roundtrip-qos2-10MByte-100-cycles - qos:2 - id:000010
2018-05-17_21:27:36:941- message sent - topic:mqtt-roundtrip-qos2-10MByte-100-cycles - qos:2 - id:000011
2018-05-17_21:27:36:955- message sent - topic:mqtt-roundtrip-qos2-10MByte-100-cycles - qos:2 - id:000012
2018-05-17_21:27:36:971- message sent - topic:mqtt-roundtrip-qos2-10MByte-100-cycles - qos:2 - id:000013
2018-05-17_21:27:36:984- message sent - topic:mqtt-roundtrip-qos2-10MByte-100-cycles - qos:2 - id:000014
2018-05-17_21:27:37:018- message sent - topic:mqtt-roundtrip-qos2-10MByte-100-cycles - qos:2 - id:000015
2018-05-17_21:27:37:042- message sent - topic:mqtt-roundtrip-qos2-10MByte-100-cycles - qos:2 - id:000016
2018-05-17_21:27:37:065- message sent - topic:mqtt-roundtrip-qos2-10MByte-100-cycles - qos:2 - id:000017
2018-05-17_21:27:37:088- message sent - topic:mqtt-roundtrip-qos2-10MByte-100-cycles - qos:2 - id:000018
2018-05-17_21:27:37:112- message sent - topic:mqtt-roundtrip-qos2-10MByte-100-cycles - qos:2 - id:000019
2018-05-17_21:27:37:119- message sent - topic:mqtt-roundtrip-qos2-10MByte-100-cycles - qos:2 - id:000020
2018-05-17_21:27:37:135- message sent - topic:mqtt-roundtrip-qos2-10MByte-100-cycles - qos:2 - id:000021
2018-05-17_21:27:37:141- message sent - topic:mqtt-roundtrip-qos2-10MByte-100-cycles - qos:2 - id:000022
2018-05-17_21:27:37:147- message sent - topic:mqtt-roundtrip-qos2-10MByte-100-cycles - qos:2 - id:000023
2018-05-17_21:27:37:153- message sent - topic:mqtt-roundtrip-qos2-10MByte-100-cycles - qos:2 - id:000024
2018-05-17_21:27:37:164- message sent - topic:mqtt-roundtrip-qos2-10MByte-100-cycles - qos:2 - id:000025
2018-05-17_21:27:37:170- message sent - topic:mqtt-roundtrip-qos2-10MByte-100-cycles - qos:2 - id:000026
2018-05-17_21:27:37:176- message sent - topic:mqtt-roundtrip-qos2-10MByte-100-cycles - qos:2 - id:000027
2018-05-17_21:27:37:182- message sent - topic:mqtt-roundtrip-qos2-10MByte-100-cycles - qos:2 - id:000028
2018-05-17_21:27:37:188- message sent - topic:mqtt-roundtrip-qos2-10MByte-100-cycles - qos:2 - id:000029
2018-05-17_21:27:37:197- message sent - topic:mqtt-roundtrip-qos2-10MByte-100-cycles - qos:2 - id:000030
2018-05-17_21:27:37:203- message sent - topic:mqtt-roundtrip-qos2-10MByte-100-cycles - qos:2 - id:000031
2018-05-17_21:27:37:209- message sent - topic:mqtt-roundtrip-qos2-10MByte-100-cycles - qos:2 - id:000032
2018-05-17_21:27:37:215- message sent - topic:mqtt-roundtrip-qos2-10MByte-100-cycles - qos:2 - id:000033
2018-05-17_21:27:37:221- message sent - topic:mqtt-roundtrip-qos2-10MByte-100-cycles - qos:2 - id:000034
2018-05-17_21:27:37:229- message sent - topic:mqtt-roundtrip-qos2-10MByte-100-cycles - qos:2 - id:000035
2018-05-17_21:27:37:236- message sent - topic:mqtt-roundtrip-qos2-10MByte-100-cycles - qos:2 - id:000036
2018-05-17_21:27:37:242- message sent - topic:mqtt-roundtrip-qos2-10MByte-100-cycles - qos:2 - id:000037
2018-05-17_21:27:37:248- message sent - topic:mqtt-roundtrip-qos2-10MByte-100-cycles - qos:2 - id:000038
2018-05-17_21:27:37:254- message sent - topic:mqtt-roundtrip-qos2-10MByte-100-cycles - qos:2 - id:000039
2018-05-17_21:27:37:263- message sent - topic:mqtt-roundtrip-qos2-10MByte-100-cycles - qos:2 - id:000040
2018-05-17_21:27:37:269- message sent - topic:mqtt-roundtrip-qos2-10MByte-100-cycles - qos:2 - id:000041
2018-05-17_21:27:37:275- message sent - topic:mqtt-roundtrip-qos2-10MByte-100-cycles - qos:2 - id:000042
2018-05-17_21:27:37:281- message sent - topic:mqtt-roundtrip-qos2-10MByte-100-cycles - qos:2 - id:000043
2018-05-17_21:27:37:287- message sent - topic:mqtt-roundtrip-qos2-10MByte-100-cycles - qos:2 - id:000044
2018-05-17_21:27:37:293- message sent - topic:mqtt-roundtrip-qos2-10MByte-100-cycles - qos:2 - id:000045
2018-05-17_21:27:37:300- message sent - topic:mqtt-roundtrip-qos2-10MByte-100-cycles - qos:2 - id:000046
2018-05-17_21:27:37:307- message sent - topic:mqtt-roundtrip-qos2-10MByte-100-cycles - qos:2 - id:000047
2018-05-17_21:27:37:314- message sent - topic:mqtt-roundtrip-qos2-10MByte-100-cycles - qos:2 - id:000048
2018-05-17_21:27:37:322- message sent - topic:mqtt-roundtrip-qos2-10MByte-100-cycles - qos:2 - id:000049
2018-05-17_21:27:37:328- message sent - topic:mqtt-roundtrip-qos2-10MByte-100-cycles - qos:2 - id:000050
2018-05-17_21:27:37:334- message sent - topic:mqtt-roundtrip-qos2-10MByte-100-cycles - qos:2 - id:000051
2018-05-17_21:27:37:340- message sent - topic:mqtt-roundtrip-qos2-10MByte-100-cycles - qos:2 - id:000052
2018-05-17_21:27:37:347- message sent - topic:mqtt-roundtrip-qos2-10MByte-100-cycles - qos:2 - id:000053
2018-05-17_21:27:37:354- message sent - topic:mqtt-roundtrip-qos2-10MByte-100-cycles - qos:2 - id:000054
2018-05-17_21:27:37:360- message sent - topic:mqtt-roundtrip-qos2-10MByte-100-cycles - qos:2 - id:000055
2018-05-17_21:27:37:366- message sent - topic:mqtt-roundtrip-qos2-10MByte-100-cycles - qos:2 - id:000056
2018-05-17_21:27:37:373- message sent - topic:mqtt-roundtrip-qos2-10MByte-100-cycles - qos:2 - id:000057
2018-05-17_21:27:37:379- message sent - topic:mqtt-roundtrip-qos2-10MByte-100-cycles - qos:2 - id:000058
2018-05-17_21:27:37:385- message sent - topic:mqtt-roundtrip-qos2-10MByte-100-cycles - qos:2 - id:000059
2018-05-17_21:27:37:391- message sent - topic:mqtt-roundtrip-qos2-10MByte-100-cycles - qos:2 - id:000060
2018-05-17_21:27:37:397- message sent - topic:mqtt-roundtrip-qos2-10MByte-100-cycles - qos:2 - id:000061
2018-05-17_21:27:37:405- message sent - topic:mqtt-roundtrip-qos2-10MByte-100-cycles - qos:2 - id:000062
2018-05-17_21:27:37:411- message sent - topic:mqtt-roundtrip-qos2-10MByte-100-cycles - qos:2 - id:000063
2018-05-17_21:27:37:416- message sent - topic:mqtt-roundtrip-qos2-10MByte-100-cycles - qos:2 - id:000064
2018-05-17_21:27:37:422- message sent - topic:mqtt-roundtrip-qos2-10MByte-100-cycles - qos:2 - id:000065
2018-05-17_21:27:37:428- message sent - topic:mqtt-roundtrip-qos2-10MByte-100-cycles - qos:2 - id:000066
2018-05-17_21:27:37:436- message sent - topic:mqtt-roundtrip-qos2-10MByte-100-cycles - qos:2 - id:000067
2018-05-17_21:27:37:442- message sent - topic:mqtt-roundtrip-qos2-10MByte-100-cycles - qos:2 - id:000068
2018-05-17_21:27:37:448- message sent - topic:mqtt-roundtrip-qos2-10MByte-100-cycles - qos:2 - id:000069
2018-05-17_21:27:37:454- message sent - topic:mqtt-roundtrip-qos2-10MByte-100-cycles - qos:2 - id:000070
2018-05-17_21:27:37:460- message sent - topic:mqtt-roundtrip-qos2-10MByte-100-cycles - qos:2 - id:000071
2018-05-17_21:27:37:467- message sent - topic:mqtt-roundtrip-qos2-10MByte-100-cycles - qos:2 - id:000072
2018-05-17_21:27:37:473- message sent - topic:mqtt-roundtrip-qos2-10MByte-100-cycles - qos:2 - id:000073
2018-05-17_21:27:37:479- message sent - topic:mqtt-roundtrip-qos2-10MByte-100-cycles - qos:2 - id:000074
2018-05-17_21:27:37:485- message sent - topic:mqtt-roundtrip-qos2-10MByte-100-cycles - qos:2 - id:000075
2018-05-17_21:27:37:491- message sent - topic:mqtt-roundtrip-qos2-10MByte-100-cycles - qos:2 - id:000076
2018-05-17_21:27:37:498- message sent - topic:mqtt-roundtrip-qos2-10MByte-100-cycles - qos:2 - id:000077
2018-05-17_21:27:37:504- message sent - topic:mqtt-roundtrip-qos2-10MByte-100-cycles - qos:2 - id:000078
2018-05-17_21:27:37:509- message sent - topic:mqtt-roundtrip-qos2-10MByte-100-cycles - qos:2 - id:000079
2018-05-17_21:27:37:515- message sent - topic:mqtt-roundtrip-qos2-10MByte-100-cycles - qos:2 - id:000080
2018-05-17_21:27:37:522- message sent - topic:mqtt-roundtrip-qos2-10MByte-100-cycles - qos:2 - id:000081
2018-05-17_21:27:37:528- message sent - topic:mqtt-roundtrip-qos2-10MByte-100-cycles - qos:2 - id:000082
2018-05-17_21:27:37:534- message sent - topic:mqtt-roundtrip-qos2-10MByte-100-cycles - qos:2 - id:000083
2018-05-17_21:27:37:540- message sent - topic:mqtt-roundtrip-qos2-10MByte-100-cycles - qos:2 - id:000084
2018-05-17_21:27:37:546- message sent - topic:mqtt-roundtrip-qos2-10MByte-100-cycles - qos:2 - id:000085
2018-05-17_21:27:37:552- message sent - topic:mqtt-roundtrip-qos2-10MByte-100-cycles - qos:2 - id:000086
2018-05-17_21:27:37:566- message sent - topic:mqtt-roundtrip-qos2-10MByte-100-cycles - qos:2 - id:000087
2018-05-17_21:27:37:572- message sent - topic:mqtt-roundtrip-qos2-10MByte-100-cycles - qos:2 - id:000088
2018-05-17_21:27:37:578- message sent - topic:mqtt-roundtrip-qos2-10MByte-100-cycles - qos:2 - id:000089
2018-05-17_21:27:37:584- message sent - topic:mqtt-roundtrip-qos2-10MByte-100-cycles - qos:2 - id:000090
2018-05-17_21:27:37:590- message sent - topic:mqtt-roundtrip-qos2-10MByte-100-cycles - qos:2 - id:000091
2018-05-17_21:27:37:606- message sent - topic:mqtt-roundtrip-qos2-10MByte-100-cycles - qos:2 - id:000092
2018-05-17_21:27:37:612- message sent - topic:mqtt-roundtrip-qos2-10MByte-100-cycles - qos:2 - id:000093
2018-05-17_21:27:37:618- message sent - topic:mqtt-roundtrip-qos2-10MByte-100-cycles - qos:2 - id:000094
2018-05-17_21:27:37:624- message sent - topic:mqtt-roundtrip-qos2-10MByte-100-cycles - qos:2 - id:000095
2018-05-17_21:27:37:630- message sent - topic:mqtt-roundtrip-qos2-10MByte-100-cycles - qos:2 - id:000096
2018-05-17_21:27:37:636- message sent - topic:mqtt-roundtrip-qos2-10MByte-100-cycles - qos:2 - id:000097
2018-05-17_21:27:37:642- message sent - topic:mqtt-roundtrip-qos2-10MByte-100-cycles - qos:2 - id:000098
2018-05-17_21:27:37:648- message sent - topic:mqtt-roundtrip-qos2-10MByte-100-cycles - qos:2 - id:000099
2018-05-17_21:27:48:416- Client disconnected from broker
