2018-05-15_23:19:37:030- connecting to broker 192.168.1.100:1883
2018-05-15_23:19:37:032- Subscribing to topicmqtt-roundtrip-qos2-100KByte-10-cycles
2018-05-15_23:19:37:032- subscribe returned (0, 1)
2018-05-15_23:19:37:037- Client connected to broker
2018-05-15_23:19:38:308- message received - id:0 - topic:mqtt-roundtrip-qos2-100KByte-10-cycles - qos:0 - size:102400
2018-05-15_23:19:38:309- message sent - id:0 - topic:mqtt-roundtrip-qos2-100KByte-10-cycles_2 - qos:0 - size:102400
2018-05-15_23:19:38:318- message received - id:0 - topic:mqtt-roundtrip-qos2-100KByte-10-cycles - qos:0 - size:102400
2018-05-15_23:19:38:318- message sent - id:0 - topic:mqtt-roundtrip-qos2-100KByte-10-cycles_2 - qos:0 - size:102400
2018-05-15_23:19:38:332- message received - id:0 - topic:mqtt-roundtrip-qos2-100KByte-10-cycles - qos:0 - size:102400
2018-05-15_23:19:38:332- message sent - id:0 - topic:mqtt-roundtrip-qos2-100KByte-10-cycles_2 - qos:0 - size:102400
2018-05-15_23:19:38:347- message received - id:0 - topic:mqtt-roundtrip-qos2-100KByte-10-cycles - qos:0 - size:102400
2018-05-15_23:19:38:347- message sent - id:0 - topic:mqtt-roundtrip-qos2-100KByte-10-cycles_2 - qos:0 - size:102400
2018-05-15_23:19:38:362- message received - id:0 - topic:mqtt-roundtrip-qos2-100KByte-10-cycles - qos:0 - size:102400
2018-05-15_23:19:38:362- message sent - id:0 - topic:mqtt-roundtrip-qos2-100KByte-10-cycles_2 - qos:0 - size:102400
2018-05-15_23:19:38:376- message received - id:0 - topic:mqtt-roundtrip-qos2-100KByte-10-cycles - qos:0 - size:102400
2018-05-15_23:19:38:377- message sent - id:0 - topic:mqtt-roundtrip-qos2-100KByte-10-cycles_2 - qos:0 - size:102400
2018-05-15_23:19:38:391- message received - id:0 - topic:mqtt-roundtrip-qos2-100KByte-10-cycles - qos:0 - size:102400
2018-05-15_23:19:38:391- message sent - id:0 - topic:mqtt-roundtrip-qos2-100KByte-10-cycles_2 - qos:0 - size:102400
2018-05-15_23:19:38:406- message received - id:0 - topic:mqtt-roundtrip-qos2-100KByte-10-cycles - qos:0 - size:102400
2018-05-15_23:19:38:406- message sent - id:0 - topic:mqtt-roundtrip-qos2-100KByte-10-cycles_2 - qos:0 - size:102400
2018-05-15_23:19:38:420- message received - id:0 - topic:mqtt-roundtrip-qos2-100KByte-10-cycles - qos:0 - size:102400
2018-05-15_23:19:38:421- message sent - id:0 - topic:mqtt-roundtrip-qos2-100KByte-10-cycles_2 - qos:0 - size:102400
2018-05-15_23:19:38:435- message received - id:0 - topic:mqtt-roundtrip-qos2-100KByte-10-cycles - qos:0 - size:102400
2018-05-15_23:19:38:436- message sent - id:0 - topic:mqtt-roundtrip-qos2-100KByte-10-cycles_2 - qos:0 - size:102400
