2018-05-15_23:12:31:870- connecting to broker 192.168.1.100:1883
2018-05-15_23:12:31:870- Subscribing to topic mqtt-roundtrip-qos0-1KByte-100-cycles_2
2018-05-15_23:12:31:871- subscribe returned (0, 1)
2018-05-15_23:12:31:871- Client connected to broker
2018-05-15_23:12:33:956- Performing message publishing for 100 cycles
2018-05-15_23:12:33:956- message sent - id:2 - topic:mqtt-roundtrip-qos0-1KByte-100-cycles - qos:0 - size:1024
2018-05-15_23:12:33:956- message sent - id:3 - topic:mqtt-roundtrip-qos0-1KByte-100-cycles - qos:0 - size:1024
2018-05-15_23:12:33:957- message sent - id:4 - topic:mqtt-roundtrip-qos0-1KByte-100-cycles - qos:0 - size:1024
2018-05-15_23:12:33:957- message sent - id:5 - topic:mqtt-roundtrip-qos0-1KByte-100-cycles - qos:0 - size:1024
2018-05-15_23:12:33:957- message sent - id:6 - topic:mqtt-roundtrip-qos0-1KByte-100-cycles - qos:0 - size:1024
2018-05-15_23:12:33:957- message sent - id:7 - topic:mqtt-roundtrip-qos0-1KByte-100-cycles - qos:0 - size:1024
2018-05-15_23:12:33:957- message sent - id:8 - topic:mqtt-roundtrip-qos0-1KByte-100-cycles - qos:0 - size:1024
2018-05-15_23:12:33:958- message sent - id:9 - topic:mqtt-roundtrip-qos0-1KByte-100-cycles - qos:0 - size:1024
2018-05-15_23:12:33:958- message sent - id:10 - topic:mqtt-roundtrip-qos0-1KByte-100-cycles - qos:0 - size:1024
2018-05-15_23:12:33:958- message sent - id:11 - topic:mqtt-roundtrip-qos0-1KByte-100-cycles - qos:0 - size:1024
2018-05-15_23:12:33:958- message sent - id:12 - topic:mqtt-roundtrip-qos0-1KByte-100-cycles - qos:0 - size:1024
2018-05-15_23:12:33:959- message sent - id:13 - topic:mqtt-roundtrip-qos0-1KByte-100-cycles - qos:0 - size:1024
2018-05-15_23:12:33:959- message sent - id:14 - topic:mqtt-roundtrip-qos0-1KByte-100-cycles - qos:0 - size:1024
2018-05-15_23:12:33:960- message sent - id:15 - topic:mqtt-roundtrip-qos0-1KByte-100-cycles - qos:0 - size:1024
2018-05-15_23:12:33:960- message sent - id:16 - topic:mqtt-roundtrip-qos0-1KByte-100-cycles - qos:0 - size:1024
2018-05-15_23:12:33:960- message sent - id:17 - topic:mqtt-roundtrip-qos0-1KByte-100-cycles - qos:0 - size:1024
2018-05-15_23:12:33:961- message sent - id:18 - topic:mqtt-roundtrip-qos0-1KByte-100-cycles - qos:0 - size:1024
2018-05-15_23:12:33:961- message sent - id:19 - topic:mqtt-roundtrip-qos0-1KByte-100-cycles - qos:0 - size:1024
2018-05-15_23:12:33:961- message sent - id:20 - topic:mqtt-roundtrip-qos0-1KByte-100-cycles - qos:0 - size:1024
2018-05-15_23:12:33:962- message sent - id:21 - topic:mqtt-roundtrip-qos0-1KByte-100-cycles - qos:0 - size:1024
2018-05-15_23:12:33:962- message sent - id:22 - topic:mqtt-roundtrip-qos0-1KByte-100-cycles - qos:0 - size:1024
2018-05-15_23:12:33:963- message sent - id:23 - topic:mqtt-roundtrip-qos0-1KByte-100-cycles - qos:0 - size:1024
2018-05-15_23:12:33:963- message sent - id:24 - topic:mqtt-roundtrip-qos0-1KByte-100-cycles - qos:0 - size:1024
2018-05-15_23:12:33:964- message sent - id:25 - topic:mqtt-roundtrip-qos0-1KByte-100-cycles - qos:0 - size:1024
2018-05-15_23:12:33:964- message sent - id:26 - topic:mqtt-roundtrip-qos0-1KByte-100-cycles - qos:0 - size:1024
2018-05-15_23:12:33:964- message sent - id:27 - topic:mqtt-roundtrip-qos0-1KByte-100-cycles - qos:0 - size:1024
2018-05-15_23:12:33:964- message sent - id:28 - topic:mqtt-roundtrip-qos0-1KByte-100-cycles - qos:0 - size:1024
2018-05-15_23:12:33:965- message sent - id:29 - topic:mqtt-roundtrip-qos0-1KByte-100-cycles - qos:0 - size:1024
2018-05-15_23:12:33:965- message sent - id:30 - topic:mqtt-roundtrip-qos0-1KByte-100-cycles - qos:0 - size:1024
2018-05-15_23:12:33:965- message sent - id:31 - topic:mqtt-roundtrip-qos0-1KByte-100-cycles - qos:0 - size:1024
2018-05-15_23:12:33:965- message sent - id:32 - topic:mqtt-roundtrip-qos0-1KByte-100-cycles - qos:0 - size:1024
2018-05-15_23:12:33:966- message sent - id:33 - topic:mqtt-roundtrip-qos0-1KByte-100-cycles - qos:0 - size:1024
2018-05-15_23:12:33:966- message sent - id:34 - topic:mqtt-roundtrip-qos0-1KByte-100-cycles - qos:0 - size:1024
2018-05-15_23:12:33:966- message sent - id:35 - topic:mqtt-roundtrip-qos0-1KByte-100-cycles - qos:0 - size:1024
2018-05-15_23:12:33:966- message sent - id:36 - topic:mqtt-roundtrip-qos0-1KByte-100-cycles - qos:0 - size:1024
2018-05-15_23:12:33:966- message sent - id:37 - topic:mqtt-roundtrip-qos0-1KByte-100-cycles - qos:0 - size:1024
2018-05-15_23:12:33:966- message sent - id:38 - topic:mqtt-roundtrip-qos0-1KByte-100-cycles - qos:0 - size:1024
2018-05-15_23:12:33:967- message sent - id:39 - topic:mqtt-roundtrip-qos0-1KByte-100-cycles - qos:0 - size:1024
2018-05-15_23:12:33:967- message sent - id:40 - topic:mqtt-roundtrip-qos0-1KByte-100-cycles - qos:0 - size:1024
2018-05-15_23:12:33:967- message sent - id:41 - topic:mqtt-roundtrip-qos0-1KByte-100-cycles - qos:0 - size:1024
2018-05-15_23:12:33:967- message sent - id:42 - topic:mqtt-roundtrip-qos0-1KByte-100-cycles - qos:0 - size:1024
2018-05-15_23:12:33:967- message sent - id:43 - topic:mqtt-roundtrip-qos0-1KByte-100-cycles - qos:0 - size:1024
2018-05-15_23:12:33:967- message sent - id:44 - topic:mqtt-roundtrip-qos0-1KByte-100-cycles - qos:0 - size:1024
2018-05-15_23:12:33:967- message sent - id:45 - topic:mqtt-roundtrip-qos0-1KByte-100-cycles - qos:0 - size:1024
2018-05-15_23:12:33:967- message sent - id:46 - topic:mqtt-roundtrip-qos0-1KByte-100-cycles - qos:0 - size:1024
2018-05-15_23:12:33:967- message sent - id:47 - topic:mqtt-roundtrip-qos0-1KByte-100-cycles - qos:0 - size:1024
2018-05-15_23:12:33:968- message sent - id:48 - topic:mqtt-roundtrip-qos0-1KByte-100-cycles - qos:0 - size:1024
2018-05-15_23:12:33:968- message sent - id:49 - topic:mqtt-roundtrip-qos0-1KByte-100-cycles - qos:0 - size:1024
2018-05-15_23:12:33:968- message sent - id:50 - topic:mqtt-roundtrip-qos0-1KByte-100-cycles - qos:0 - size:1024
2018-05-15_23:12:33:968- message sent - id:51 - topic:mqtt-roundtrip-qos0-1KByte-100-cycles - qos:0 - size:1024
2018-05-15_23:12:33:968- message sent - id:52 - topic:mqtt-roundtrip-qos0-1KByte-100-cycles - qos:0 - size:1024
2018-05-15_23:12:33:968- message sent - id:53 - topic:mqtt-roundtrip-qos0-1KByte-100-cycles - qos:0 - size:1024
2018-05-15_23:12:33:968- message sent - id:54 - topic:mqtt-roundtrip-qos0-1KByte-100-cycles - qos:0 - size:1024
2018-05-15_23:12:33:968- message sent - id:55 - topic:mqtt-roundtrip-qos0-1KByte-100-cycles - qos:0 - size:1024
2018-05-15_23:12:33:969- message sent - id:56 - topic:mqtt-roundtrip-qos0-1KByte-100-cycles - qos:0 - size:1024
2018-05-15_23:12:33:969- message sent - id:57 - topic:mqtt-roundtrip-qos0-1KByte-100-cycles - qos:0 - size:1024
2018-05-15_23:12:33:969- message sent - id:58 - topic:mqtt-roundtrip-qos0-1KByte-100-cycles - qos:0 - size:1024
2018-05-15_23:12:33:969- message sent - id:59 - topic:mqtt-roundtrip-qos0-1KByte-100-cycles - qos:0 - size:1024
2018-05-15_23:12:33:969- message sent - id:60 - topic:mqtt-roundtrip-qos0-1KByte-100-cycles - qos:0 - size:1024
2018-05-15_23:12:33:969- message sent - id:61 - topic:mqtt-roundtrip-qos0-1KByte-100-cycles - qos:0 - size:1024
2018-05-15_23:12:33:969- message sent - id:62 - topic:mqtt-roundtrip-qos0-1KByte-100-cycles - qos:0 - size:1024
2018-05-15_23:12:33:969- message sent - id:63 - topic:mqtt-roundtrip-qos0-1KByte-100-cycles - qos:0 - size:1024
2018-05-15_23:12:33:969- message sent - id:64 - topic:mqtt-roundtrip-qos0-1KByte-100-cycles - qos:0 - size:1024
2018-05-15_23:12:33:970- message sent - id:65 - topic:mqtt-roundtrip-qos0-1KByte-100-cycles - qos:0 - size:1024
2018-05-15_23:12:33:970- message sent - id:66 - topic:mqtt-roundtrip-qos0-1KByte-100-cycles - qos:0 - size:1024
2018-05-15_23:12:33:970- message sent - id:67 - topic:mqtt-roundtrip-qos0-1KByte-100-cycles - qos:0 - size:1024
2018-05-15_23:12:33:970- message sent - id:68 - topic:mqtt-roundtrip-qos0-1KByte-100-cycles - qos:0 - size:1024
2018-05-15_23:12:33:970- message sent - id:69 - topic:mqtt-roundtrip-qos0-1KByte-100-cycles - qos:0 - size:1024
2018-05-15_23:12:33:970- message sent - id:70 - topic:mqtt-roundtrip-qos0-1KByte-100-cycles - qos:0 - size:1024
2018-05-15_23:12:33:970- message sent - id:71 - topic:mqtt-roundtrip-qos0-1KByte-100-cycles - qos:0 - size:1024
2018-05-15_23:12:33:970- message sent - id:72 - topic:mqtt-roundtrip-qos0-1KByte-100-cycles - qos:0 - size:1024
2018-05-15_23:12:33:971- message sent - id:73 - topic:mqtt-roundtrip-qos0-1KByte-100-cycles - qos:0 - size:1024
2018-05-15_23:12:33:971- message sent - id:74 - topic:mqtt-roundtrip-qos0-1KByte-100-cycles - qos:0 - size:1024
2018-05-15_23:12:33:971- message sent - id:75 - topic:mqtt-roundtrip-qos0-1KByte-100-cycles - qos:0 - size:1024
2018-05-15_23:12:33:971- message sent - id:76 - topic:mqtt-roundtrip-qos0-1KByte-100-cycles - qos:0 - size:1024
2018-05-15_23:12:33:971- message sent - id:77 - topic:mqtt-roundtrip-qos0-1KByte-100-cycles - qos:0 - size:1024
2018-05-15_23:12:33:971- message sent - id:78 - topic:mqtt-roundtrip-qos0-1KByte-100-cycles - qos:0 - size:1024
2018-05-15_23:12:33:971- message sent - id:79 - topic:mqtt-roundtrip-qos0-1KByte-100-cycles - qos:0 - size:1024
2018-05-15_23:12:33:971- message sent - id:80 - topic:mqtt-roundtrip-qos0-1KByte-100-cycles - qos:0 - size:1024
2018-05-15_23:12:33:971- message sent - id:81 - topic:mqtt-roundtrip-qos0-1KByte-100-cycles - qos:0 - size:1024
2018-05-15_23:12:33:972- message sent - id:82 - topic:mqtt-roundtrip-qos0-1KByte-100-cycles - qos:0 - size:1024
2018-05-15_23:12:33:972- message sent - id:83 - topic:mqtt-roundtrip-qos0-1KByte-100-cycles - qos:0 - size:1024
2018-05-15_23:12:33:972- message sent - id:84 - topic:mqtt-roundtrip-qos0-1KByte-100-cycles - qos:0 - size:1024
2018-05-15_23:12:33:972- message sent - id:85 - topic:mqtt-roundtrip-qos0-1KByte-100-cycles - qos:0 - size:1024
2018-05-15_23:12:33:972- message sent - id:86 - topic:mqtt-roundtrip-qos0-1KByte-100-cycles - qos:0 - size:1024
2018-05-15_23:12:33:972- message sent - id:87 - topic:mqtt-roundtrip-qos0-1KByte-100-cycles - qos:0 - size:1024
2018-05-15_23:12:33:972- message sent - id:88 - topic:mqtt-roundtrip-qos0-1KByte-100-cycles - qos:0 - size:1024
2018-05-15_23:12:33:972- message sent - id:89 - topic:mqtt-roundtrip-qos0-1KByte-100-cycles - qos:0 - size:1024
2018-05-15_23:12:33:972- message sent - id:90 - topic:mqtt-roundtrip-qos0-1KByte-100-cycles - qos:0 - size:1024
2018-05-15_23:12:33:973- message sent - id:91 - topic:mqtt-roundtrip-qos0-1KByte-100-cycles - qos:0 - size:1024
2018-05-15_23:12:33:973- message sent - id:92 - topic:mqtt-roundtrip-qos0-1KByte-100-cycles - qos:0 - size:1024
2018-05-15_23:12:33:973- message sent - id:93 - topic:mqtt-roundtrip-qos0-1KByte-100-cycles - qos:0 - size:1024
2018-05-15_23:12:33:973- message sent - id:94 - topic:mqtt-roundtrip-qos0-1KByte-100-cycles - qos:0 - size:1024
2018-05-15_23:12:33:973- message sent - id:95 - topic:mqtt-roundtrip-qos0-1KByte-100-cycles - qos:0 - size:1024
2018-05-15_23:12:33:973- message sent - id:96 - topic:mqtt-roundtrip-qos0-1KByte-100-cycles - qos:0 - size:1024
2018-05-15_23:12:33:973- message sent - id:97 - topic:mqtt-roundtrip-qos0-1KByte-100-cycles - qos:0 - size:1024
2018-05-15_23:12:33:973- message sent - id:98 - topic:mqtt-roundtrip-qos0-1KByte-100-cycles - qos:0 - size:1024
2018-05-15_23:12:33:974- message sent - id:99 - topic:mqtt-roundtrip-qos0-1KByte-100-cycles - qos:0 - size:1024
2018-05-15_23:12:33:974- message sent - id:100 - topic:mqtt-roundtrip-qos0-1KByte-100-cycles - qos:0 - size:1024
2018-05-15_23:12:33:974- message sent - id:101 - topic:mqtt-roundtrip-qos0-1KByte-100-cycles - qos:0 - size:1024
2018-05-15_23:12:33:974- message received - id:0 - topic:mqtt-roundtrip-qos0-1KByte-100-cycles_2 - qos:0 - size:1024
2018-05-15_23:12:33:975- message received - id:0 - topic:mqtt-roundtrip-qos0-1KByte-100-cycles_2 - qos:0 - size:1024
2018-05-15_23:12:33:975- message received - id:0 - topic:mqtt-roundtrip-qos0-1KByte-100-cycles_2 - qos:0 - size:1024
2018-05-15_23:12:33:975- message received - id:0 - topic:mqtt-roundtrip-qos0-1KByte-100-cycles_2 - qos:0 - size:1024
2018-05-15_23:12:33:975- message received - id:0 - topic:mqtt-roundtrip-qos0-1KByte-100-cycles_2 - qos:0 - size:1024
2018-05-15_23:12:33:975- message received - id:0 - topic:mqtt-roundtrip-qos0-1KByte-100-cycles_2 - qos:0 - size:1024
2018-05-15_23:12:33:976- message received - id:0 - topic:mqtt-roundtrip-qos0-1KByte-100-cycles_2 - qos:0 - size:1024
2018-05-15_23:12:33:976- message received - id:0 - topic:mqtt-roundtrip-qos0-1KByte-100-cycles_2 - qos:0 - size:1024
2018-05-15_23:12:33:976- message received - id:0 - topic:mqtt-roundtrip-qos0-1KByte-100-cycles_2 - qos:0 - size:1024
2018-05-15_23:12:33:976- message received - id:0 - topic:mqtt-roundtrip-qos0-1KByte-100-cycles_2 - qos:0 - size:1024
2018-05-15_23:12:33:977- message received - id:0 - topic:mqtt-roundtrip-qos0-1KByte-100-cycles_2 - qos:0 - size:1024
2018-05-15_23:12:33:977- message received - id:0 - topic:mqtt-roundtrip-qos0-1KByte-100-cycles_2 - qos:0 - size:1024
2018-05-15_23:12:33:977- message received - id:0 - topic:mqtt-roundtrip-qos0-1KByte-100-cycles_2 - qos:0 - size:1024
2018-05-15_23:12:33:977- message received - id:0 - topic:mqtt-roundtrip-qos0-1KByte-100-cycles_2 - qos:0 - size:1024
2018-05-15_23:12:33:977- message received - id:0 - topic:mqtt-roundtrip-qos0-1KByte-100-cycles_2 - qos:0 - size:1024
2018-05-15_23:12:33:978- message received - id:0 - topic:mqtt-roundtrip-qos0-1KByte-100-cycles_2 - qos:0 - size:1024
2018-05-15_23:12:33:978- message received - id:0 - topic:mqtt-roundtrip-qos0-1KByte-100-cycles_2 - qos:0 - size:1024
2018-05-15_23:12:33:978- message received - id:0 - topic:mqtt-roundtrip-qos0-1KByte-100-cycles_2 - qos:0 - size:1024
2018-05-15_23:12:33:978- message received - id:0 - topic:mqtt-roundtrip-qos0-1KByte-100-cycles_2 - qos:0 - size:1024
2018-05-15_23:12:33:978- message received - id:0 - topic:mqtt-roundtrip-qos0-1KByte-100-cycles_2 - qos:0 - size:1024
2018-05-15_23:12:33:979- message received - id:0 - topic:mqtt-roundtrip-qos0-1KByte-100-cycles_2 - qos:0 - size:1024
2018-05-15_23:12:33:979- message received - id:0 - topic:mqtt-roundtrip-qos0-1KByte-100-cycles_2 - qos:0 - size:1024
2018-05-15_23:12:33:979- message received - id:0 - topic:mqtt-roundtrip-qos0-1KByte-100-cycles_2 - qos:0 - size:1024
2018-05-15_23:12:33:979- message received - id:0 - topic:mqtt-roundtrip-qos0-1KByte-100-cycles_2 - qos:0 - size:1024
2018-05-15_23:12:33:980- message received - id:0 - topic:mqtt-roundtrip-qos0-1KByte-100-cycles_2 - qos:0 - size:1024
2018-05-15_23:12:33:980- message received - id:0 - topic:mqtt-roundtrip-qos0-1KByte-100-cycles_2 - qos:0 - size:1024
2018-05-15_23:12:33:980- message received - id:0 - topic:mqtt-roundtrip-qos0-1KByte-100-cycles_2 - qos:0 - size:1024
2018-05-15_23:12:33:980- message received - id:0 - topic:mqtt-roundtrip-qos0-1KByte-100-cycles_2 - qos:0 - size:1024
2018-05-15_23:12:33:980- message received - id:0 - topic:mqtt-roundtrip-qos0-1KByte-100-cycles_2 - qos:0 - size:1024
2018-05-15_23:12:33:981- message received - id:0 - topic:mqtt-roundtrip-qos0-1KByte-100-cycles_2 - qos:0 - size:1024
2018-05-15_23:12:33:981- message received - id:0 - topic:mqtt-roundtrip-qos0-1KByte-100-cycles_2 - qos:0 - size:1024
2018-05-15_23:12:33:981- message received - id:0 - topic:mqtt-roundtrip-qos0-1KByte-100-cycles_2 - qos:0 - size:1024
2018-05-15_23:12:33:981- message received - id:0 - topic:mqtt-roundtrip-qos0-1KByte-100-cycles_2 - qos:0 - size:1024
2018-05-15_23:12:33:982- message received - id:0 - topic:mqtt-roundtrip-qos0-1KByte-100-cycles_2 - qos:0 - size:1024
2018-05-15_23:12:33:982- message received - id:0 - topic:mqtt-roundtrip-qos0-1KByte-100-cycles_2 - qos:0 - size:1024
2018-05-15_23:12:33:982- message received - id:0 - topic:mqtt-roundtrip-qos0-1KByte-100-cycles_2 - qos:0 - size:1024
2018-05-15_23:12:33:982- message received - id:0 - topic:mqtt-roundtrip-qos0-1KByte-100-cycles_2 - qos:0 - size:1024
2018-05-15_23:12:33:982- message received - id:0 - topic:mqtt-roundtrip-qos0-1KByte-100-cycles_2 - qos:0 - size:1024
2018-05-15_23:12:33:983- message received - id:0 - topic:mqtt-roundtrip-qos0-1KByte-100-cycles_2 - qos:0 - size:1024
2018-05-15_23:12:33:983- message received - id:0 - topic:mqtt-roundtrip-qos0-1KByte-100-cycles_2 - qos:0 - size:1024
2018-05-15_23:12:33:987- message received - id:0 - topic:mqtt-roundtrip-qos0-1KByte-100-cycles_2 - qos:0 - size:1024
2018-05-15_23:12:33:987- message received - id:0 - topic:mqtt-roundtrip-qos0-1KByte-100-cycles_2 - qos:0 - size:1024
2018-05-15_23:12:33:988- message received - id:0 - topic:mqtt-roundtrip-qos0-1KByte-100-cycles_2 - qos:0 - size:1024
2018-05-15_23:12:33:989- message received - id:0 - topic:mqtt-roundtrip-qos0-1KByte-100-cycles_2 - qos:0 - size:1024
2018-05-15_23:12:33:989- message received - id:0 - topic:mqtt-roundtrip-qos0-1KByte-100-cycles_2 - qos:0 - size:1024
2018-05-15_23:12:33:989- message received - id:0 - topic:mqtt-roundtrip-qos0-1KByte-100-cycles_2 - qos:0 - size:1024
2018-05-15_23:12:33:990- message received - id:0 - topic:mqtt-roundtrip-qos0-1KByte-100-cycles_2 - qos:0 - size:1024
2018-05-15_23:12:33:991- message received - id:0 - topic:mqtt-roundtrip-qos0-1KByte-100-cycles_2 - qos:0 - size:1024
2018-05-15_23:12:33:992- message received - id:0 - topic:mqtt-roundtrip-qos0-1KByte-100-cycles_2 - qos:0 - size:1024
2018-05-15_23:12:33:992- message received - id:0 - topic:mqtt-roundtrip-qos0-1KByte-100-cycles_2 - qos:0 - size:1024
2018-05-15_23:12:33:992- message received - id:0 - topic:mqtt-roundtrip-qos0-1KByte-100-cycles_2 - qos:0 - size:1024
2018-05-15_23:12:33:994- message received - id:0 - topic:mqtt-roundtrip-qos0-1KByte-100-cycles_2 - qos:0 - size:1024
2018-05-15_23:12:33:994- message received - id:0 - topic:mqtt-roundtrip-qos0-1KByte-100-cycles_2 - qos:0 - size:1024
2018-05-15_23:12:33:995- message received - id:0 - topic:mqtt-roundtrip-qos0-1KByte-100-cycles_2 - qos:0 - size:1024
2018-05-15_23:12:33:996- message received - id:0 - topic:mqtt-roundtrip-qos0-1KByte-100-cycles_2 - qos:0 - size:1024
2018-05-15_23:12:33:996- message received - id:0 - topic:mqtt-roundtrip-qos0-1KByte-100-cycles_2 - qos:0 - size:1024
2018-05-15_23:12:33:997- message received - id:0 - topic:mqtt-roundtrip-qos0-1KByte-100-cycles_2 - qos:0 - size:1024
2018-05-15_23:12:33:997- message received - id:0 - topic:mqtt-roundtrip-qos0-1KByte-100-cycles_2 - qos:0 - size:1024
2018-05-15_23:12:33:998- message received - id:0 - topic:mqtt-roundtrip-qos0-1KByte-100-cycles_2 - qos:0 - size:1024
2018-05-15_23:12:33:998- message received - id:0 - topic:mqtt-roundtrip-qos0-1KByte-100-cycles_2 - qos:0 - size:1024
2018-05-15_23:12:33:998- message received - id:0 - topic:mqtt-roundtrip-qos0-1KByte-100-cycles_2 - qos:0 - size:1024
2018-05-15_23:12:33:999- message received - id:0 - topic:mqtt-roundtrip-qos0-1KByte-100-cycles_2 - qos:0 - size:1024
2018-05-15_23:12:33:999- message received - id:0 - topic:mqtt-roundtrip-qos0-1KByte-100-cycles_2 - qos:0 - size:1024
2018-05-15_23:12:34:000- message received - id:0 - topic:mqtt-roundtrip-qos0-1KByte-100-cycles_2 - qos:0 - size:1024
2018-05-15_23:12:34:000- message received - id:0 - topic:mqtt-roundtrip-qos0-1KByte-100-cycles_2 - qos:0 - size:1024
2018-05-15_23:12:34:001- message received - id:0 - topic:mqtt-roundtrip-qos0-1KByte-100-cycles_2 - qos:0 - size:1024
2018-05-15_23:12:34:001- message received - id:0 - topic:mqtt-roundtrip-qos0-1KByte-100-cycles_2 - qos:0 - size:1024
2018-05-15_23:12:34:002- message received - id:0 - topic:mqtt-roundtrip-qos0-1KByte-100-cycles_2 - qos:0 - size:1024
2018-05-15_23:12:34:002- message received - id:0 - topic:mqtt-roundtrip-qos0-1KByte-100-cycles_2 - qos:0 - size:1024
2018-05-15_23:12:34:003- message received - id:0 - topic:mqtt-roundtrip-qos0-1KByte-100-cycles_2 - qos:0 - size:1024
2018-05-15_23:12:34:003- message received - id:0 - topic:mqtt-roundtrip-qos0-1KByte-100-cycles_2 - qos:0 - size:1024
2018-05-15_23:12:34:004- message received - id:0 - topic:mqtt-roundtrip-qos0-1KByte-100-cycles_2 - qos:0 - size:1024
2018-05-15_23:12:34:004- message received - id:0 - topic:mqtt-roundtrip-qos0-1KByte-100-cycles_2 - qos:0 - size:1024
2018-05-15_23:12:34:005- message received - id:0 - topic:mqtt-roundtrip-qos0-1KByte-100-cycles_2 - qos:0 - size:1024
2018-05-15_23:12:34:005- message received - id:0 - topic:mqtt-roundtrip-qos0-1KByte-100-cycles_2 - qos:0 - size:1024
2018-05-15_23:12:34:006- message received - id:0 - topic:mqtt-roundtrip-qos0-1KByte-100-cycles_2 - qos:0 - size:1024
2018-05-15_23:12:34:006- message received - id:0 - topic:mqtt-roundtrip-qos0-1KByte-100-cycles_2 - qos:0 - size:1024
2018-05-15_23:12:34:006- message received - id:0 - topic:mqtt-roundtrip-qos0-1KByte-100-cycles_2 - qos:0 - size:1024
2018-05-15_23:12:34:006- message received - id:0 - topic:mqtt-roundtrip-qos0-1KByte-100-cycles_2 - qos:0 - size:1024
2018-05-15_23:12:34:007- message received - id:0 - topic:mqtt-roundtrip-qos0-1KByte-100-cycles_2 - qos:0 - size:1024
2018-05-15_23:12:34:008- message received - id:0 - topic:mqtt-roundtrip-qos0-1KByte-100-cycles_2 - qos:0 - size:1024
2018-05-15_23:12:34:008- message received - id:0 - topic:mqtt-roundtrip-qos0-1KByte-100-cycles_2 - qos:0 - size:1024
2018-05-15_23:12:34:008- message received - id:0 - topic:mqtt-roundtrip-qos0-1KByte-100-cycles_2 - qos:0 - size:1024
2018-05-15_23:12:34:009- message received - id:0 - topic:mqtt-roundtrip-qos0-1KByte-100-cycles_2 - qos:0 - size:1024
2018-05-15_23:12:34:009- message received - id:0 - topic:mqtt-roundtrip-qos0-1KByte-100-cycles_2 - qos:0 - size:1024
2018-05-15_23:12:34:010- message received - id:0 - topic:mqtt-roundtrip-qos0-1KByte-100-cycles_2 - qos:0 - size:1024
2018-05-15_23:12:34:010- message received - id:0 - topic:mqtt-roundtrip-qos0-1KByte-100-cycles_2 - qos:0 - size:1024
2018-05-15_23:12:34:010- message received - id:0 - topic:mqtt-roundtrip-qos0-1KByte-100-cycles_2 - qos:0 - size:1024
2018-05-15_23:12:34:011- message received - id:0 - topic:mqtt-roundtrip-qos0-1KByte-100-cycles_2 - qos:0 - size:1024
2018-05-15_23:12:34:012- message received - id:0 - topic:mqtt-roundtrip-qos0-1KByte-100-cycles_2 - qos:0 - size:1024
2018-05-15_23:12:34:012- message received - id:0 - topic:mqtt-roundtrip-qos0-1KByte-100-cycles_2 - qos:0 - size:1024
2018-05-15_23:12:34:012- message received - id:0 - topic:mqtt-roundtrip-qos0-1KByte-100-cycles_2 - qos:0 - size:1024
2018-05-15_23:12:34:012- message received - id:0 - topic:mqtt-roundtrip-qos0-1KByte-100-cycles_2 - qos:0 - size:1024
2018-05-15_23:12:34:013- message received - id:0 - topic:mqtt-roundtrip-qos0-1KByte-100-cycles_2 - qos:0 - size:1024
2018-05-15_23:12:34:014- message received - id:0 - topic:mqtt-roundtrip-qos0-1KByte-100-cycles_2 - qos:0 - size:1024
2018-05-15_23:12:34:015- message received - id:0 - topic:mqtt-roundtrip-qos0-1KByte-100-cycles_2 - qos:0 - size:1024
2018-05-15_23:12:34:015- message received - id:0 - topic:mqtt-roundtrip-qos0-1KByte-100-cycles_2 - qos:0 - size:1024
2018-05-15_23:12:34:015- message received - id:0 - topic:mqtt-roundtrip-qos0-1KByte-100-cycles_2 - qos:0 - size:1024
2018-05-15_23:12:34:015- message received - id:0 - topic:mqtt-roundtrip-qos0-1KByte-100-cycles_2 - qos:0 - size:1024
2018-05-15_23:12:34:060- message received - id:0 - topic:mqtt-roundtrip-qos0-1KByte-100-cycles_2 - qos:0 - size:1024
