2018-05-17_21:20:34:093- connecting to broker 192.168.1.100:1883
2018-05-17_21:20:34:094- Subscribing to topic mqtt-roundtrip-qos0-10MByte-100-cycles_2
2018-05-17_21:20:34:094- subscribe returned (0, 1)
2018-05-17_21:20:34:094- Performing message publishing for 100 cycles
2018-05-17_21:20:34:109- message sent - topic:mqtt-roundtrip-qos0-10MByte-100-cycles - qos:0 - id:000000
2018-05-17_21:20:34:129- message sent - topic:mqtt-roundtrip-qos0-10MByte-100-cycles - qos:0 - id:000001
2018-05-17_21:20:34:145- message sent - topic:mqtt-roundtrip-qos0-10MByte-100-cycles - qos:0 - id:000002
2018-05-17_21:20:34:159- message sent - topic:mqtt-roundtrip-qos0-10MByte-100-cycles - qos:0 - id:000003
2018-05-17_21:20:34:173- message sent - topic:mqtt-roundtrip-qos0-10MByte-100-cycles - qos:0 - id:000004
2018-05-17_21:20:34:186- message sent - topic:mqtt-roundtrip-qos0-10MByte-100-cycles - qos:0 - id:000005
2018-05-17_21:20:34:198- Client connected to broker
2018-05-17_21:20:34:198- message sent - topic:mqtt-roundtrip-qos0-10MByte-100-cycles - qos:0 - id:000006
2018-05-17_21:20:34:221- message sent - topic:mqtt-roundtrip-qos0-10MByte-100-cycles - qos:0 - id:000007
2018-05-17_21:20:34:231- message sent - topic:mqtt-roundtrip-qos0-10MByte-100-cycles - qos:0 - id:000008
2018-05-17_21:20:34:250- message sent - topic:mqtt-roundtrip-qos0-10MByte-100-cycles - qos:0 - id:000009
2018-05-17_21:20:34:265- message sent - topic:mqtt-roundtrip-qos0-10MByte-100-cycles - qos:0 - id:000010
2018-05-17_21:20:34:278- message sent - topic:mqtt-roundtrip-qos0-10MByte-100-cycles - qos:0 - id:000011
2018-05-17_21:20:34:289- message sent - topic:mqtt-roundtrip-qos0-10MByte-100-cycles - qos:0 - id:000012
2018-05-17_21:20:34:302- message sent - topic:mqtt-roundtrip-qos0-10MByte-100-cycles - qos:0 - id:000013
2018-05-17_21:20:34:315- message sent - topic:mqtt-roundtrip-qos0-10MByte-100-cycles - qos:0 - id:000014
2018-05-17_21:20:34:328- message sent - topic:mqtt-roundtrip-qos0-10MByte-100-cycles - qos:0 - id:000015
2018-05-17_21:20:34:341- message sent - topic:mqtt-roundtrip-qos0-10MByte-100-cycles - qos:0 - id:000016
2018-05-17_21:20:34:352- message sent - topic:mqtt-roundtrip-qos0-10MByte-100-cycles - qos:0 - id:000017
2018-05-17_21:20:34:364- message sent - topic:mqtt-roundtrip-qos0-10MByte-100-cycles - qos:0 - id:000018
2018-05-17_21:20:34:377- message sent - topic:mqtt-roundtrip-qos0-10MByte-100-cycles - qos:0 - id:000019
2018-05-17_21:20:34:390- message sent - topic:mqtt-roundtrip-qos0-10MByte-100-cycles - qos:0 - id:000020
2018-05-17_21:20:34:404- message sent - topic:mqtt-roundtrip-qos0-10MByte-100-cycles - qos:0 - id:000021
2018-05-17_21:20:34:418- message sent - topic:mqtt-roundtrip-qos0-10MByte-100-cycles - qos:0 - id:000022
2018-05-17_21:20:34:430- message sent - topic:mqtt-roundtrip-qos0-10MByte-100-cycles - qos:0 - id:000023
2018-05-17_21:20:34:442- message sent - topic:mqtt-roundtrip-qos0-10MByte-100-cycles - qos:0 - id:000024
2018-05-17_21:20:34:456- message sent - topic:mqtt-roundtrip-qos0-10MByte-100-cycles - qos:0 - id:000025
2018-05-17_21:20:34:467- message sent - topic:mqtt-roundtrip-qos0-10MByte-100-cycles - qos:0 - id:000026
2018-05-17_21:20:34:478- message sent - topic:mqtt-roundtrip-qos0-10MByte-100-cycles - qos:0 - id:000027
2018-05-17_21:20:34:488- message sent - topic:mqtt-roundtrip-qos0-10MByte-100-cycles - qos:0 - id:000028
2018-05-17_21:20:34:499- message sent - topic:mqtt-roundtrip-qos0-10MByte-100-cycles - qos:0 - id:000029
2018-05-17_21:20:34:509- message sent - topic:mqtt-roundtrip-qos0-10MByte-100-cycles - qos:0 - id:000030
2018-05-17_21:20:34:520- message sent - topic:mqtt-roundtrip-qos0-10MByte-100-cycles - qos:0 - id:000031
2018-05-17_21:20:34:530- message sent - topic:mqtt-roundtrip-qos0-10MByte-100-cycles - qos:0 - id:000032
2018-05-17_21:20:34:538- message sent - topic:mqtt-roundtrip-qos0-10MByte-100-cycles - qos:0 - id:000033
2018-05-17_21:20:34:548- message sent - topic:mqtt-roundtrip-qos0-10MByte-100-cycles - qos:0 - id:000034
2018-05-17_21:20:34:558- message sent - topic:mqtt-roundtrip-qos0-10MByte-100-cycles - qos:0 - id:000035
2018-05-17_21:20:34:568- message sent - topic:mqtt-roundtrip-qos0-10MByte-100-cycles - qos:0 - id:000036
2018-05-17_21:20:34:578- message sent - topic:mqtt-roundtrip-qos0-10MByte-100-cycles - qos:0 - id:000037
2018-05-17_21:20:34:586- message sent - topic:mqtt-roundtrip-qos0-10MByte-100-cycles - qos:0 - id:000038
2018-05-17_21:20:34:596- message sent - topic:mqtt-roundtrip-qos0-10MByte-100-cycles - qos:0 - id:000039
2018-05-17_21:20:34:605- message sent - topic:mqtt-roundtrip-qos0-10MByte-100-cycles - qos:0 - id:000040
2018-05-17_21:20:34:614- message sent - topic:mqtt-roundtrip-qos0-10MByte-100-cycles - qos:0 - id:000041
2018-05-17_21:20:34:623- message sent - topic:mqtt-roundtrip-qos0-10MByte-100-cycles - qos:0 - id:000042
2018-05-17_21:20:34:632- message sent - topic:mqtt-roundtrip-qos0-10MByte-100-cycles - qos:0 - id:000043
2018-05-17_21:20:34:642- message sent - topic:mqtt-roundtrip-qos0-10MByte-100-cycles - qos:0 - id:000044
2018-05-17_21:20:34:651- message sent - topic:mqtt-roundtrip-qos0-10MByte-100-cycles - qos:0 - id:000045
2018-05-17_21:20:34:660- message sent - topic:mqtt-roundtrip-qos0-10MByte-100-cycles - qos:0 - id:000046
2018-05-17_21:20:34:670- message sent - topic:mqtt-roundtrip-qos0-10MByte-100-cycles - qos:0 - id:000047
2018-05-17_21:20:34:679- message sent - topic:mqtt-roundtrip-qos0-10MByte-100-cycles - qos:0 - id:000048
2018-05-17_21:20:34:689- message sent - topic:mqtt-roundtrip-qos0-10MByte-100-cycles - qos:0 - id:000049
2018-05-17_21:20:34:698- message sent - topic:mqtt-roundtrip-qos0-10MByte-100-cycles - qos:0 - id:000050
2018-05-17_21:20:34:706- message sent - topic:mqtt-roundtrip-qos0-10MByte-100-cycles - qos:0 - id:000051
2018-05-17_21:20:34:717- message sent - topic:mqtt-roundtrip-qos0-10MByte-100-cycles - qos:0 - id:000052
2018-05-17_21:20:34:727- message sent - topic:mqtt-roundtrip-qos0-10MByte-100-cycles - qos:0 - id:000053
2018-05-17_21:20:34:735- message sent - topic:mqtt-roundtrip-qos0-10MByte-100-cycles - qos:0 - id:000054
2018-05-17_21:20:34:744- message sent - topic:mqtt-roundtrip-qos0-10MByte-100-cycles - qos:0 - id:000055
2018-05-17_21:20:34:753- message sent - topic:mqtt-roundtrip-qos0-10MByte-100-cycles - qos:0 - id:000056
2018-05-17_21:20:34:761- message sent - topic:mqtt-roundtrip-qos0-10MByte-100-cycles - qos:0 - id:000057
2018-05-17_21:20:34:770- message sent - topic:mqtt-roundtrip-qos0-10MByte-100-cycles - qos:0 - id:000058
2018-05-17_21:20:34:779- message sent - topic:mqtt-roundtrip-qos0-10MByte-100-cycles - qos:0 - id:000059
2018-05-17_21:20:34:787- message sent - topic:mqtt-roundtrip-qos0-10MByte-100-cycles - qos:0 - id:000060
2018-05-17_21:20:34:796- message sent - topic:mqtt-roundtrip-qos0-10MByte-100-cycles - qos:0 - id:000061
2018-05-17_21:20:34:803- message sent - topic:mqtt-roundtrip-qos0-10MByte-100-cycles - qos:0 - id:000062
2018-05-17_21:20:34:812- message sent - topic:mqtt-roundtrip-qos0-10MByte-100-cycles - qos:0 - id:000063
2018-05-17_21:20:34:820- message sent - topic:mqtt-roundtrip-qos0-10MByte-100-cycles - qos:0 - id:000064
2018-05-17_21:20:34:828- message sent - topic:mqtt-roundtrip-qos0-10MByte-100-cycles - qos:0 - id:000065
2018-05-17_21:20:34:836- message sent - topic:mqtt-roundtrip-qos0-10MByte-100-cycles - qos:0 - id:000066
2018-05-17_21:20:34:844- message sent - topic:mqtt-roundtrip-qos0-10MByte-100-cycles - qos:0 - id:000067
2018-05-17_21:20:34:852- message sent - topic:mqtt-roundtrip-qos0-10MByte-100-cycles - qos:0 - id:000068
2018-05-17_21:20:34:860- message sent - topic:mqtt-roundtrip-qos0-10MByte-100-cycles - qos:0 - id:000069
2018-05-17_21:20:34:868- message sent - topic:mqtt-roundtrip-qos0-10MByte-100-cycles - qos:0 - id:000070
2018-05-17_21:20:34:876- message sent - topic:mqtt-roundtrip-qos0-10MByte-100-cycles - qos:0 - id:000071
2018-05-17_21:20:34:884- message sent - topic:mqtt-roundtrip-qos0-10MByte-100-cycles - qos:0 - id:000072
2018-05-17_21:20:34:892- message sent - topic:mqtt-roundtrip-qos0-10MByte-100-cycles - qos:0 - id:000073
2018-05-17_21:20:34:900- message sent - topic:mqtt-roundtrip-qos0-10MByte-100-cycles - qos:0 - id:000074
2018-05-17_21:20:34:911- message sent - topic:mqtt-roundtrip-qos0-10MByte-100-cycles - qos:0 - id:000075
2018-05-17_21:20:34:919- message sent - topic:mqtt-roundtrip-qos0-10MByte-100-cycles - qos:0 - id:000076
2018-05-17_21:20:34:926- message sent - topic:mqtt-roundtrip-qos0-10MByte-100-cycles - qos:0 - id:000077
2018-05-17_21:20:34:933- message sent - topic:mqtt-roundtrip-qos0-10MByte-100-cycles - qos:0 - id:000078
2018-05-17_21:20:34:952- message sent - topic:mqtt-roundtrip-qos0-10MByte-100-cycles - qos:0 - id:000079
2018-05-17_21:20:34:962- message sent - topic:mqtt-roundtrip-qos0-10MByte-100-cycles - qos:0 - id:000080
2018-05-17_21:20:34:976- message sent - topic:mqtt-roundtrip-qos0-10MByte-100-cycles - qos:0 - id:000081
2018-05-17_21:20:34:989- message sent - topic:mqtt-roundtrip-qos0-10MByte-100-cycles - qos:0 - id:000082
2018-05-17_21:20:35:006- message sent - topic:mqtt-roundtrip-qos0-10MByte-100-cycles - qos:0 - id:000083
2018-05-17_21:20:35:016- message sent - topic:mqtt-roundtrip-qos0-10MByte-100-cycles - qos:0 - id:000084
2018-05-17_21:20:35:026- message sent - topic:mqtt-roundtrip-qos0-10MByte-100-cycles - qos:0 - id:000085
2018-05-17_21:20:35:036- message sent - topic:mqtt-roundtrip-qos0-10MByte-100-cycles - qos:0 - id:000086
2018-05-17_21:20:35:046- message sent - topic:mqtt-roundtrip-qos0-10MByte-100-cycles - qos:0 - id:000087
2018-05-17_21:20:35:059- message sent - topic:mqtt-roundtrip-qos0-10MByte-100-cycles - qos:0 - id:000088
2018-05-17_21:20:35:072- message sent - topic:mqtt-roundtrip-qos0-10MByte-100-cycles - qos:0 - id:000089
2018-05-17_21:20:35:086- message sent - topic:mqtt-roundtrip-qos0-10MByte-100-cycles - qos:0 - id:000090
2018-05-17_21:20:35:099- message sent - topic:mqtt-roundtrip-qos0-10MByte-100-cycles - qos:0 - id:000091
2018-05-17_21:20:35:113- message sent - topic:mqtt-roundtrip-qos0-10MByte-100-cycles - qos:0 - id:000092
2018-05-17_21:20:35:130- message sent - topic:mqtt-roundtrip-qos0-10MByte-100-cycles - qos:0 - id:000093
2018-05-17_21:20:35:141- message sent - topic:mqtt-roundtrip-qos0-10MByte-100-cycles - qos:0 - id:000094
2018-05-17_21:20:35:155- message sent - topic:mqtt-roundtrip-qos0-10MByte-100-cycles - qos:0 - id:000095
2018-05-17_21:20:35:170- message sent - topic:mqtt-roundtrip-qos0-10MByte-100-cycles - qos:0 - id:000096
2018-05-17_21:20:35:186- message sent - topic:mqtt-roundtrip-qos0-10MByte-100-cycles - qos:0 - id:000097
2018-05-17_21:20:35:204- message sent - topic:mqtt-roundtrip-qos0-10MByte-100-cycles - qos:0 - id:000098
2018-05-17_21:20:35:222- message sent - topic:mqtt-roundtrip-qos0-10MByte-100-cycles - qos:0 - id:000099
2018-05-17_21:21:01:259- message received - topic:mqtt-roundtrip-qos0-10MByte-100-cycles_2 - qos:0 - size:10485766 - id:000000
2018-05-17_21:21:02:264- message received - topic:mqtt-roundtrip-qos0-10MByte-100-cycles_2 - qos:0 - size:10485766 - id:000001
2018-05-17_21:21:03:678- message received - topic:mqtt-roundtrip-qos0-10MByte-100-cycles_2 - qos:0 - size:10485766 - id:000002
2018-05-17_21:21:05:425- message received - topic:mqtt-roundtrip-qos0-10MByte-100-cycles_2 - qos:0 - size:10485766 - id:000003
2018-05-17_21:21:10:345- message received - topic:mqtt-roundtrip-qos0-10MByte-100-cycles_2 - qos:0 - size:10485766 - id:000004
2018-05-17_21:21:12:770- message received - topic:mqtt-roundtrip-qos0-10MByte-100-cycles_2 - qos:0 - size:10485766 - id:000005
2018-05-17_21:21:17:354- message received - topic:mqtt-roundtrip-qos0-10MByte-100-cycles_2 - qos:0 - size:10485766 - id:000006
2018-05-17_21:21:18:949- message received - topic:mqtt-roundtrip-qos0-10MByte-100-cycles_2 - qos:0 - size:10485766 - id:000007
2018-05-17_21:21:20:828- message received - topic:mqtt-roundtrip-qos0-10MByte-100-cycles_2 - qos:0 - size:10485766 - id:000008
2018-05-17_21:21:24:748- message received - topic:mqtt-roundtrip-qos0-10MByte-100-cycles_2 - qos:0 - size:10485766 - id:000009
2018-05-17_21:21:26:806- message received - topic:mqtt-roundtrip-qos0-10MByte-100-cycles_2 - qos:0 - size:10485766 - id:000010
2018-05-17_21:21:28:423- message received - topic:mqtt-roundtrip-qos0-10MByte-100-cycles_2 - qos:0 - size:10485766 - id:000011
2018-05-17_21:21:31:052- message received - topic:mqtt-roundtrip-qos0-10MByte-100-cycles_2 - qos:0 - size:10485766 - id:000012
2018-05-17_21:21:33:276- message received - topic:mqtt-roundtrip-qos0-10MByte-100-cycles_2 - qos:0 - size:10485766 - id:000013
2018-05-17_21:21:35:922- message received - topic:mqtt-roundtrip-qos0-10MByte-100-cycles_2 - qos:0 - size:10485766 - id:000014
2018-05-17_21:21:37:568- message received - topic:mqtt-roundtrip-qos0-10MByte-100-cycles_2 - qos:0 - size:10485766 - id:000015
2018-05-17_21:21:38:902- message received - topic:mqtt-roundtrip-qos0-10MByte-100-cycles_2 - qos:0 - size:10485766 - id:000016
2018-05-17_21:21:44:233- message received - topic:mqtt-roundtrip-qos0-10MByte-100-cycles_2 - qos:0 - size:10485766 - id:000017
2018-05-17_21:21:48:021- message received - topic:mqtt-roundtrip-qos0-10MByte-100-cycles_2 - qos:0 - size:10485766 - id:000018
2018-05-17_21:21:51:195- message received - topic:mqtt-roundtrip-qos0-10MByte-100-cycles_2 - qos:0 - size:10485766 - id:000019
2018-05-17_21:21:55:834- message received - topic:mqtt-roundtrip-qos0-10MByte-100-cycles_2 - qos:0 - size:10485766 - id:000020
2018-05-17_21:22:00:290- message received - topic:mqtt-roundtrip-qos0-10MByte-100-cycles_2 - qos:0 - size:10485766 - id:000021
2018-05-17_21:22:03:826- message received - topic:mqtt-roundtrip-qos0-10MByte-100-cycles_2 - qos:0 - size:10485766 - id:000022
2018-05-17_21:22:06:769- message received - topic:mqtt-roundtrip-qos0-10MByte-100-cycles_2 - qos:0 - size:10485766 - id:000023
2018-05-17_21:22:09:861- message received - topic:mqtt-roundtrip-qos0-10MByte-100-cycles_2 - qos:0 - size:10485766 - id:000024
2018-05-17_21:22:13:635- message received - topic:mqtt-roundtrip-qos0-10MByte-100-cycles_2 - qos:0 - size:10485766 - id:000025
2018-05-17_21:22:18:127- message received - topic:mqtt-roundtrip-qos0-10MByte-100-cycles_2 - qos:0 - size:10485766 - id:000026
2018-05-17_21:22:34:458- Client disconnected from broker
2018-05-17_21:22:34:458- Client disconnected from broker
