2018-05-15_23:29:18:465- connecting to broker 192.168.1.100:1883
2018-05-15_23:29:18:466- Subscribing to topicmqtt-roundtrip-qos2-1MByte-100-cycles
2018-05-15_23:29:18:467- subscribe returned (0, 1)
2018-05-15_23:29:18:467- Client connected to broker
2018-05-15_23:29:26:237- message received - id:0 - topic:mqtt-roundtrip-qos2-1MByte-100-cycles - qos:0 - size:1048576
2018-05-15_23:29:26:238- message sent - id:0 - topic:mqtt-roundtrip-qos2-1MByte-100-cycles_2 - qos:0 - size:1048576
2018-05-15_23:29:26:343- message received - id:0 - topic:mqtt-roundtrip-qos2-1MByte-100-cycles - qos:0 - size:1048576
2018-05-15_23:29:26:344- message sent - id:0 - topic:mqtt-roundtrip-qos2-1MByte-100-cycles_2 - qos:0 - size:1048576
2018-05-15_23:29:26:444- message received - id:0 - topic:mqtt-roundtrip-qos2-1MByte-100-cycles - qos:0 - size:1048576
2018-05-15_23:29:26:444- message sent - id:0 - topic:mqtt-roundtrip-qos2-1MByte-100-cycles_2 - qos:0 - size:1048576
2018-05-15_23:29:26:544- message received - id:0 - topic:mqtt-roundtrip-qos2-1MByte-100-cycles - qos:0 - size:1048576
2018-05-15_23:29:26:545- message sent - id:0 - topic:mqtt-roundtrip-qos2-1MByte-100-cycles_2 - qos:0 - size:1048576
2018-05-15_23:29:26:645- message received - id:0 - topic:mqtt-roundtrip-qos2-1MByte-100-cycles - qos:0 - size:1048576
2018-05-15_23:29:26:646- message sent - id:0 - topic:mqtt-roundtrip-qos2-1MByte-100-cycles_2 - qos:0 - size:1048576
2018-05-15_23:29:26:746- message received - id:0 - topic:mqtt-roundtrip-qos2-1MByte-100-cycles - qos:0 - size:1048576
2018-05-15_23:29:26:747- message sent - id:0 - topic:mqtt-roundtrip-qos2-1MByte-100-cycles_2 - qos:0 - size:1048576
2018-05-15_23:29:26:847- message received - id:0 - topic:mqtt-roundtrip-qos2-1MByte-100-cycles - qos:0 - size:1048576
2018-05-15_23:29:26:847- message sent - id:0 - topic:mqtt-roundtrip-qos2-1MByte-100-cycles_2 - qos:0 - size:1048576
2018-05-15_23:29:26:948- message received - id:0 - topic:mqtt-roundtrip-qos2-1MByte-100-cycles - qos:0 - size:1048576
2018-05-15_23:29:26:948- message sent - id:0 - topic:mqtt-roundtrip-qos2-1MByte-100-cycles_2 - qos:0 - size:1048576
2018-05-15_23:29:27:048- message received - id:0 - topic:mqtt-roundtrip-qos2-1MByte-100-cycles - qos:0 - size:1048576
2018-05-15_23:29:27:049- message sent - id:0 - topic:mqtt-roundtrip-qos2-1MByte-100-cycles_2 - qos:0 - size:1048576
2018-05-15_23:29:27:149- message received - id:0 - topic:mqtt-roundtrip-qos2-1MByte-100-cycles - qos:0 - size:1048576
2018-05-15_23:29:27:149- message sent - id:0 - topic:mqtt-roundtrip-qos2-1MByte-100-cycles_2 - qos:0 - size:1048576
2018-05-15_23:29:27:279- message received - id:0 - topic:mqtt-roundtrip-qos2-1MByte-100-cycles - qos:0 - size:1048576
2018-05-15_23:29:27:280- message sent - id:0 - topic:mqtt-roundtrip-qos2-1MByte-100-cycles_2 - qos:0 - size:1048576
2018-05-15_23:29:27:422- message received - id:0 - topic:mqtt-roundtrip-qos2-1MByte-100-cycles - qos:0 - size:1048576
2018-05-15_23:29:27:423- message sent - id:0 - topic:mqtt-roundtrip-qos2-1MByte-100-cycles_2 - qos:0 - size:1048576
2018-05-15_23:29:27:547- message received - id:0 - topic:mqtt-roundtrip-qos2-1MByte-100-cycles - qos:0 - size:1048576
2018-05-15_23:29:27:547- message sent - id:0 - topic:mqtt-roundtrip-qos2-1MByte-100-cycles_2 - qos:0 - size:1048576
2018-05-15_23:29:27:647- message received - id:0 - topic:mqtt-roundtrip-qos2-1MByte-100-cycles - qos:0 - size:1048576
2018-05-15_23:29:27:648- message sent - id:0 - topic:mqtt-roundtrip-qos2-1MByte-100-cycles_2 - qos:0 - size:1048576
2018-05-15_23:29:27:748- message received - id:0 - topic:mqtt-roundtrip-qos2-1MByte-100-cycles - qos:0 - size:1048576
2018-05-15_23:29:27:748- message sent - id:0 - topic:mqtt-roundtrip-qos2-1MByte-100-cycles_2 - qos:0 - size:1048576
2018-05-15_23:29:27:850- message received - id:0 - topic:mqtt-roundtrip-qos2-1MByte-100-cycles - qos:0 - size:1048576
2018-05-15_23:29:27:850- message sent - id:0 - topic:mqtt-roundtrip-qos2-1MByte-100-cycles_2 - qos:0 - size:1048576
2018-05-15_23:29:27:950- message received - id:0 - topic:mqtt-roundtrip-qos2-1MByte-100-cycles - qos:0 - size:1048576
2018-05-15_23:29:27:951- message sent - id:0 - topic:mqtt-roundtrip-qos2-1MByte-100-cycles_2 - qos:0 - size:1048576
2018-05-15_23:29:28:051- message received - id:0 - topic:mqtt-roundtrip-qos2-1MByte-100-cycles - qos:0 - size:1048576
2018-05-15_23:29:28:052- message sent - id:0 - topic:mqtt-roundtrip-qos2-1MByte-100-cycles_2 - qos:0 - size:1048576
2018-05-15_23:29:28:164- message received - id:0 - topic:mqtt-roundtrip-qos2-1MByte-100-cycles - qos:0 - size:1048576
2018-05-15_23:29:28:165- message sent - id:0 - topic:mqtt-roundtrip-qos2-1MByte-100-cycles_2 - qos:0 - size:1048576
2018-05-15_23:29:28:296- message received - id:0 - topic:mqtt-roundtrip-qos2-1MByte-100-cycles - qos:0 - size:1048576
2018-05-15_23:29:28:296- message sent - id:0 - topic:mqtt-roundtrip-qos2-1MByte-100-cycles_2 - qos:0 - size:1048576
2018-05-15_23:29:28:431- message received - id:0 - topic:mqtt-roundtrip-qos2-1MByte-100-cycles - qos:0 - size:1048576
2018-05-15_23:29:28:432- message sent - id:0 - topic:mqtt-roundtrip-qos2-1MByte-100-cycles_2 - qos:0 - size:1048576
2018-05-15_23:29:28:570- message received - id:0 - topic:mqtt-roundtrip-qos2-1MByte-100-cycles - qos:0 - size:1048576
2018-05-15_23:29:28:571- message sent - id:0 - topic:mqtt-roundtrip-qos2-1MByte-100-cycles_2 - qos:0 - size:1048576
2018-05-15_23:29:28:710- message received - id:0 - topic:mqtt-roundtrip-qos2-1MByte-100-cycles - qos:0 - size:1048576
2018-05-15_23:29:28:711- message sent - id:0 - topic:mqtt-roundtrip-qos2-1MByte-100-cycles_2 - qos:0 - size:1048576
2018-05-15_23:29:28:853- message received - id:0 - topic:mqtt-roundtrip-qos2-1MByte-100-cycles - qos:0 - size:1048576
2018-05-15_23:29:28:853- message sent - id:0 - topic:mqtt-roundtrip-qos2-1MByte-100-cycles_2 - qos:0 - size:1048576
2018-05-15_23:29:28:995- message received - id:0 - topic:mqtt-roundtrip-qos2-1MByte-100-cycles - qos:0 - size:1048576
2018-05-15_23:29:28:996- message sent - id:0 - topic:mqtt-roundtrip-qos2-1MByte-100-cycles_2 - qos:0 - size:1048576
2018-05-15_23:29:29:136- message received - id:0 - topic:mqtt-roundtrip-qos2-1MByte-100-cycles - qos:0 - size:1048576
2018-05-15_23:29:29:137- message sent - id:0 - topic:mqtt-roundtrip-qos2-1MByte-100-cycles_2 - qos:0 - size:1048576
2018-05-15_23:29:29:281- message received - id:0 - topic:mqtt-roundtrip-qos2-1MByte-100-cycles - qos:0 - size:1048576
2018-05-15_23:29:29:282- message sent - id:0 - topic:mqtt-roundtrip-qos2-1MByte-100-cycles_2 - qos:0 - size:1048576
2018-05-15_23:29:29:422- message received - id:0 - topic:mqtt-roundtrip-qos2-1MByte-100-cycles - qos:0 - size:1048576
2018-05-15_23:29:29:423- message sent - id:0 - topic:mqtt-roundtrip-qos2-1MByte-100-cycles_2 - qos:0 - size:1048576
2018-05-15_23:29:29:565- message received - id:0 - topic:mqtt-roundtrip-qos2-1MByte-100-cycles - qos:0 - size:1048576
2018-05-15_23:29:29:566- message sent - id:0 - topic:mqtt-roundtrip-qos2-1MByte-100-cycles_2 - qos:0 - size:1048576
2018-05-15_23:29:29:708- message received - id:0 - topic:mqtt-roundtrip-qos2-1MByte-100-cycles - qos:0 - size:1048576
2018-05-15_23:29:29:709- message sent - id:0 - topic:mqtt-roundtrip-qos2-1MByte-100-cycles_2 - qos:0 - size:1048576
2018-05-15_23:29:29:852- message received - id:0 - topic:mqtt-roundtrip-qos2-1MByte-100-cycles - qos:0 - size:1048576
2018-05-15_23:29:29:853- message sent - id:0 - topic:mqtt-roundtrip-qos2-1MByte-100-cycles_2 - qos:0 - size:1048576
2018-05-15_23:29:29:993- message received - id:0 - topic:mqtt-roundtrip-qos2-1MByte-100-cycles - qos:0 - size:1048576
2018-05-15_23:29:29:994- message sent - id:0 - topic:mqtt-roundtrip-qos2-1MByte-100-cycles_2 - qos:0 - size:1048576
2018-05-15_23:29:30:134- message received - id:0 - topic:mqtt-roundtrip-qos2-1MByte-100-cycles - qos:0 - size:1048576
2018-05-15_23:29:30:134- message sent - id:0 - topic:mqtt-roundtrip-qos2-1MByte-100-cycles_2 - qos:0 - size:1048576
2018-05-15_23:29:30:277- message received - id:0 - topic:mqtt-roundtrip-qos2-1MByte-100-cycles - qos:0 - size:1048576
2018-05-15_23:29:30:277- message sent - id:0 - topic:mqtt-roundtrip-qos2-1MByte-100-cycles_2 - qos:0 - size:1048576
2018-05-15_23:29:30:417- message received - id:0 - topic:mqtt-roundtrip-qos2-1MByte-100-cycles - qos:0 - size:1048576
2018-05-15_23:29:30:418- message sent - id:0 - topic:mqtt-roundtrip-qos2-1MByte-100-cycles_2 - qos:0 - size:1048576
2018-05-15_23:29:30:564- message received - id:0 - topic:mqtt-roundtrip-qos2-1MByte-100-cycles - qos:0 - size:1048576
2018-05-15_23:29:30:565- message sent - id:0 - topic:mqtt-roundtrip-qos2-1MByte-100-cycles_2 - qos:0 - size:1048576
2018-05-15_23:29:30:707- message received - id:0 - topic:mqtt-roundtrip-qos2-1MByte-100-cycles - qos:0 - size:1048576
2018-05-15_23:29:30:707- message sent - id:0 - topic:mqtt-roundtrip-qos2-1MByte-100-cycles_2 - qos:0 - size:1048576
2018-05-15_23:29:30:851- message received - id:0 - topic:mqtt-roundtrip-qos2-1MByte-100-cycles - qos:0 - size:1048576
2018-05-15_23:29:30:852- message sent - id:0 - topic:mqtt-roundtrip-qos2-1MByte-100-cycles_2 - qos:0 - size:1048576
2018-05-15_23:29:30:993- message received - id:0 - topic:mqtt-roundtrip-qos2-1MByte-100-cycles - qos:0 - size:1048576
2018-05-15_23:29:30:994- message sent - id:0 - topic:mqtt-roundtrip-qos2-1MByte-100-cycles_2 - qos:0 - size:1048576
2018-05-15_23:29:31:136- message received - id:0 - topic:mqtt-roundtrip-qos2-1MByte-100-cycles - qos:0 - size:1048576
2018-05-15_23:29:31:137- message sent - id:0 - topic:mqtt-roundtrip-qos2-1MByte-100-cycles_2 - qos:0 - size:1048576
2018-05-15_23:29:32:676- message received - id:0 - topic:mqtt-roundtrip-qos2-1MByte-100-cycles - qos:0 - size:1048576
2018-05-15_23:29:32:677- message sent - id:0 - topic:mqtt-roundtrip-qos2-1MByte-100-cycles_2 - qos:0 - size:1048576
2018-05-15_23:29:32:930- message received - id:0 - topic:mqtt-roundtrip-qos2-1MByte-100-cycles - qos:0 - size:1048576
2018-05-15_23:29:32:930- message sent - id:0 - topic:mqtt-roundtrip-qos2-1MByte-100-cycles_2 - qos:0 - size:1048576
2018-05-15_23:29:33:182- message received - id:0 - topic:mqtt-roundtrip-qos2-1MByte-100-cycles - qos:0 - size:1048576
2018-05-15_23:29:33:183- message sent - id:0 - topic:mqtt-roundtrip-qos2-1MByte-100-cycles_2 - qos:0 - size:1048576
2018-05-15_23:29:33:431- message received - id:0 - topic:mqtt-roundtrip-qos2-1MByte-100-cycles - qos:0 - size:1048576
2018-05-15_23:29:33:431- message sent - id:0 - topic:mqtt-roundtrip-qos2-1MByte-100-cycles_2 - qos:0 - size:1048576
2018-05-15_23:29:33:681- message received - id:0 - topic:mqtt-roundtrip-qos2-1MByte-100-cycles - qos:0 - size:1048576
2018-05-15_23:29:33:682- message sent - id:0 - topic:mqtt-roundtrip-qos2-1MByte-100-cycles_2 - qos:0 - size:1048576
2018-05-15_23:29:33:938- message received - id:0 - topic:mqtt-roundtrip-qos2-1MByte-100-cycles - qos:0 - size:1048576
2018-05-15_23:29:33:938- message sent - id:0 - topic:mqtt-roundtrip-qos2-1MByte-100-cycles_2 - qos:0 - size:1048576
2018-05-15_23:29:34:187- message received - id:0 - topic:mqtt-roundtrip-qos2-1MByte-100-cycles - qos:0 - size:1048576
2018-05-15_23:29:34:188- message sent - id:0 - topic:mqtt-roundtrip-qos2-1MByte-100-cycles_2 - qos:0 - size:1048576
2018-05-15_23:29:34:438- message received - id:0 - topic:mqtt-roundtrip-qos2-1MByte-100-cycles - qos:0 - size:1048576
2018-05-15_23:29:34:439- message sent - id:0 - topic:mqtt-roundtrip-qos2-1MByte-100-cycles_2 - qos:0 - size:1048576
2018-05-15_23:29:34:691- message received - id:0 - topic:mqtt-roundtrip-qos2-1MByte-100-cycles - qos:0 - size:1048576
2018-05-15_23:29:34:692- message sent - id:0 - topic:mqtt-roundtrip-qos2-1MByte-100-cycles_2 - qos:0 - size:1048576
2018-05-15_23:29:34:948- message received - id:0 - topic:mqtt-roundtrip-qos2-1MByte-100-cycles - qos:0 - size:1048576
2018-05-15_23:29:34:949- message sent - id:0 - topic:mqtt-roundtrip-qos2-1MByte-100-cycles_2 - qos:0 - size:1048576
2018-05-15_23:29:35:206- message received - id:0 - topic:mqtt-roundtrip-qos2-1MByte-100-cycles - qos:0 - size:1048576
2018-05-15_23:29:35:206- message sent - id:0 - topic:mqtt-roundtrip-qos2-1MByte-100-cycles_2 - qos:0 - size:1048576
2018-05-15_23:29:35:463- message received - id:0 - topic:mqtt-roundtrip-qos2-1MByte-100-cycles - qos:0 - size:1048576
2018-05-15_23:29:35:464- message sent - id:0 - topic:mqtt-roundtrip-qos2-1MByte-100-cycles_2 - qos:0 - size:1048576
2018-05-15_23:29:35:722- message received - id:0 - topic:mqtt-roundtrip-qos2-1MByte-100-cycles - qos:0 - size:1048576
2018-05-15_23:29:35:723- message sent - id:0 - topic:mqtt-roundtrip-qos2-1MByte-100-cycles_2 - qos:0 - size:1048576
2018-05-15_23:29:35:979- message received - id:0 - topic:mqtt-roundtrip-qos2-1MByte-100-cycles - qos:0 - size:1048576
2018-05-15_23:29:35:980- message sent - id:0 - topic:mqtt-roundtrip-qos2-1MByte-100-cycles_2 - qos:0 - size:1048576
2018-05-15_23:29:36:237- message received - id:0 - topic:mqtt-roundtrip-qos2-1MByte-100-cycles - qos:0 - size:1048576
2018-05-15_23:29:36:238- message sent - id:0 - topic:mqtt-roundtrip-qos2-1MByte-100-cycles_2 - qos:0 - size:1048576
2018-05-15_23:29:36:494- message received - id:0 - topic:mqtt-roundtrip-qos2-1MByte-100-cycles - qos:0 - size:1048576
2018-05-15_23:29:36:495- message sent - id:0 - topic:mqtt-roundtrip-qos2-1MByte-100-cycles_2 - qos:0 - size:1048576
2018-05-15_23:29:36:745- message received - id:0 - topic:mqtt-roundtrip-qos2-1MByte-100-cycles - qos:0 - size:1048576
2018-05-15_23:29:36:746- message sent - id:0 - topic:mqtt-roundtrip-qos2-1MByte-100-cycles_2 - qos:0 - size:1048576
2018-05-15_23:29:36:988- message received - id:0 - topic:mqtt-roundtrip-qos2-1MByte-100-cycles - qos:0 - size:1048576
2018-05-15_23:29:36:990- message sent - id:0 - topic:mqtt-roundtrip-qos2-1MByte-100-cycles_2 - qos:0 - size:1048576
2018-05-15_23:29:37:230- message received - id:0 - topic:mqtt-roundtrip-qos2-1MByte-100-cycles - qos:0 - size:1048576
2018-05-15_23:29:37:231- message sent - id:0 - topic:mqtt-roundtrip-qos2-1MByte-100-cycles_2 - qos:0 - size:1048576
2018-05-15_23:29:37:483- message received - id:0 - topic:mqtt-roundtrip-qos2-1MByte-100-cycles - qos:0 - size:1048576
2018-05-15_23:29:37:484- message sent - id:0 - topic:mqtt-roundtrip-qos2-1MByte-100-cycles_2 - qos:0 - size:1048576
2018-05-15_23:29:37:740- message received - id:0 - topic:mqtt-roundtrip-qos2-1MByte-100-cycles - qos:0 - size:1048576
2018-05-15_23:29:37:741- message sent - id:0 - topic:mqtt-roundtrip-qos2-1MByte-100-cycles_2 - qos:0 - size:1048576
2018-05-15_23:29:37:997- message received - id:0 - topic:mqtt-roundtrip-qos2-1MByte-100-cycles - qos:0 - size:1048576
2018-05-15_23:29:37:998- message sent - id:0 - topic:mqtt-roundtrip-qos2-1MByte-100-cycles_2 - qos:0 - size:1048576
2018-05-15_23:29:38:253- message received - id:0 - topic:mqtt-roundtrip-qos2-1MByte-100-cycles - qos:0 - size:1048576
2018-05-15_23:29:38:254- message sent - id:0 - topic:mqtt-roundtrip-qos2-1MByte-100-cycles_2 - qos:0 - size:1048576
2018-05-15_23:29:38:456- message received - id:0 - topic:mqtt-roundtrip-qos2-1MByte-100-cycles - qos:0 - size:1048576
2018-05-15_23:29:38:457- message sent - id:0 - topic:mqtt-roundtrip-qos2-1MByte-100-cycles_2 - qos:0 - size:1048576
2018-05-15_23:29:38:640- message received - id:0 - topic:mqtt-roundtrip-qos2-1MByte-100-cycles - qos:0 - size:1048576
2018-05-15_23:29:38:641- message sent - id:0 - topic:mqtt-roundtrip-qos2-1MByte-100-cycles_2 - qos:0 - size:1048576
2018-05-15_23:29:38:838- message received - id:0 - topic:mqtt-roundtrip-qos2-1MByte-100-cycles - qos:0 - size:1048576
2018-05-15_23:29:38:839- message sent - id:0 - topic:mqtt-roundtrip-qos2-1MByte-100-cycles_2 - qos:0 - size:1048576
2018-05-15_23:29:39:032- message received - id:0 - topic:mqtt-roundtrip-qos2-1MByte-100-cycles - qos:0 - size:1048576
2018-05-15_23:29:39:033- message sent - id:0 - topic:mqtt-roundtrip-qos2-1MByte-100-cycles_2 - qos:0 - size:1048576
2018-05-15_23:29:39:196- message received - id:0 - topic:mqtt-roundtrip-qos2-1MByte-100-cycles - qos:0 - size:1048576
2018-05-15_23:29:39:197- message sent - id:0 - topic:mqtt-roundtrip-qos2-1MByte-100-cycles_2 - qos:0 - size:1048576
2018-05-15_23:29:39:363- message received - id:0 - topic:mqtt-roundtrip-qos2-1MByte-100-cycles - qos:0 - size:1048576
2018-05-15_23:29:39:363- message sent - id:0 - topic:mqtt-roundtrip-qos2-1MByte-100-cycles_2 - qos:0 - size:1048576
2018-05-15_23:29:39:529- message received - id:0 - topic:mqtt-roundtrip-qos2-1MByte-100-cycles - qos:0 - size:1048576
2018-05-15_23:29:39:529- message sent - id:0 - topic:mqtt-roundtrip-qos2-1MByte-100-cycles_2 - qos:0 - size:1048576
2018-05-15_23:29:39:697- message received - id:0 - topic:mqtt-roundtrip-qos2-1MByte-100-cycles - qos:0 - size:1048576
2018-05-15_23:29:39:698- message sent - id:0 - topic:mqtt-roundtrip-qos2-1MByte-100-cycles_2 - qos:0 - size:1048576
2018-05-15_23:29:39:864- message received - id:0 - topic:mqtt-roundtrip-qos2-1MByte-100-cycles - qos:0 - size:1048576
2018-05-15_23:29:39:865- message sent - id:0 - topic:mqtt-roundtrip-qos2-1MByte-100-cycles_2 - qos:0 - size:1048576
2018-05-15_23:29:40:032- message received - id:0 - topic:mqtt-roundtrip-qos2-1MByte-100-cycles - qos:0 - size:1048576
2018-05-15_23:29:40:032- message sent - id:0 - topic:mqtt-roundtrip-qos2-1MByte-100-cycles_2 - qos:0 - size:1048576
2018-05-15_23:29:40:201- message received - id:0 - topic:mqtt-roundtrip-qos2-1MByte-100-cycles - qos:0 - size:1048576
2018-05-15_23:29:40:202- message sent - id:0 - topic:mqtt-roundtrip-qos2-1MByte-100-cycles_2 - qos:0 - size:1048576
2018-05-15_23:29:40:368- message received - id:0 - topic:mqtt-roundtrip-qos2-1MByte-100-cycles - qos:0 - size:1048576
2018-05-15_23:29:40:369- message sent - id:0 - topic:mqtt-roundtrip-qos2-1MByte-100-cycles_2 - qos:0 - size:1048576
2018-05-15_23:29:40:535- message received - id:0 - topic:mqtt-roundtrip-qos2-1MByte-100-cycles - qos:0 - size:1048576
2018-05-15_23:29:40:535- message sent - id:0 - topic:mqtt-roundtrip-qos2-1MByte-100-cycles_2 - qos:0 - size:1048576
2018-05-15_23:29:40:700- message received - id:0 - topic:mqtt-roundtrip-qos2-1MByte-100-cycles - qos:0 - size:1048576
2018-05-15_23:29:40:700- message sent - id:0 - topic:mqtt-roundtrip-qos2-1MByte-100-cycles_2 - qos:0 - size:1048576
2018-05-15_23:29:40:857- message received - id:0 - topic:mqtt-roundtrip-qos2-1MByte-100-cycles - qos:0 - size:1048576
2018-05-15_23:29:40:858- message sent - id:0 - topic:mqtt-roundtrip-qos2-1MByte-100-cycles_2 - qos:0 - size:1048576
2018-05-15_23:29:41:014- message received - id:0 - topic:mqtt-roundtrip-qos2-1MByte-100-cycles - qos:0 - size:1048576
2018-05-15_23:29:41:015- message sent - id:0 - topic:mqtt-roundtrip-qos2-1MByte-100-cycles_2 - qos:0 - size:1048576
2018-05-15_23:29:41:174- message received - id:0 - topic:mqtt-roundtrip-qos2-1MByte-100-cycles - qos:0 - size:1048576
2018-05-15_23:29:41:175- message sent - id:0 - topic:mqtt-roundtrip-qos2-1MByte-100-cycles_2 - qos:0 - size:1048576
2018-05-15_23:29:41:333- message received - id:0 - topic:mqtt-roundtrip-qos2-1MByte-100-cycles - qos:0 - size:1048576
2018-05-15_23:29:41:335- message sent - id:0 - topic:mqtt-roundtrip-qos2-1MByte-100-cycles_2 - qos:0 - size:1048576
2018-05-15_23:29:41:493- message received - id:0 - topic:mqtt-roundtrip-qos2-1MByte-100-cycles - qos:0 - size:1048576
2018-05-15_23:29:41:494- message sent - id:0 - topic:mqtt-roundtrip-qos2-1MByte-100-cycles_2 - qos:0 - size:1048576
2018-05-15_23:29:41:652- message received - id:0 - topic:mqtt-roundtrip-qos2-1MByte-100-cycles - qos:0 - size:1048576
2018-05-15_23:29:41:653- message sent - id:0 - topic:mqtt-roundtrip-qos2-1MByte-100-cycles_2 - qos:0 - size:1048576
2018-05-15_23:29:41:810- message received - id:0 - topic:mqtt-roundtrip-qos2-1MByte-100-cycles - qos:0 - size:1048576
2018-05-15_23:29:41:810- message sent - id:0 - topic:mqtt-roundtrip-qos2-1MByte-100-cycles_2 - qos:0 - size:1048576
2018-05-15_23:29:41:971- message received - id:0 - topic:mqtt-roundtrip-qos2-1MByte-100-cycles - qos:0 - size:1048576
2018-05-15_23:29:41:972- message sent - id:0 - topic:mqtt-roundtrip-qos2-1MByte-100-cycles_2 - qos:0 - size:1048576
2018-05-15_23:29:42:129- message received - id:0 - topic:mqtt-roundtrip-qos2-1MByte-100-cycles - qos:0 - size:1048576
2018-05-15_23:29:42:130- message sent - id:0 - topic:mqtt-roundtrip-qos2-1MByte-100-cycles_2 - qos:0 - size:1048576
2018-05-15_23:29:42:287- message received - id:0 - topic:mqtt-roundtrip-qos2-1MByte-100-cycles - qos:0 - size:1048576
2018-05-15_23:29:42:288- message sent - id:0 - topic:mqtt-roundtrip-qos2-1MByte-100-cycles_2 - qos:0 - size:1048576
2018-05-15_23:29:42:446- message received - id:0 - topic:mqtt-roundtrip-qos2-1MByte-100-cycles - qos:0 - size:1048576
2018-05-15_23:29:42:447- message sent - id:0 - topic:mqtt-roundtrip-qos2-1MByte-100-cycles_2 - qos:0 - size:1048576
2018-05-15_23:29:42:556- message received - id:0 - topic:mqtt-roundtrip-qos2-1MByte-100-cycles - qos:0 - size:1048576
2018-05-15_23:29:42:557- message sent - id:0 - topic:mqtt-roundtrip-qos2-1MByte-100-cycles_2 - qos:0 - size:1048576
2018-05-15_23:29:42:649- message received - id:0 - topic:mqtt-roundtrip-qos2-1MByte-100-cycles - qos:0 - size:1048576
2018-05-15_23:29:42:650- message sent - id:0 - topic:mqtt-roundtrip-qos2-1MByte-100-cycles_2 - qos:0 - size:1048576
2018-05-15_23:29:42:742- message received - id:0 - topic:mqtt-roundtrip-qos2-1MByte-100-cycles - qos:0 - size:1048576
2018-05-15_23:29:42:743- message sent - id:0 - topic:mqtt-roundtrip-qos2-1MByte-100-cycles_2 - qos:0 - size:1048576
2018-05-15_23:29:42:834- message received - id:0 - topic:mqtt-roundtrip-qos2-1MByte-100-cycles - qos:0 - size:1048576
2018-05-15_23:29:42:834- message sent - id:0 - topic:mqtt-roundtrip-qos2-1MByte-100-cycles_2 - qos:0 - size:1048576
2018-05-15_23:29:42:926- message received - id:0 - topic:mqtt-roundtrip-qos2-1MByte-100-cycles - qos:0 - size:1048576
2018-05-15_23:29:42:926- message sent - id:0 - topic:mqtt-roundtrip-qos2-1MByte-100-cycles_2 - qos:0 - size:1048576
2018-05-15_23:29:43:018- message received - id:0 - topic:mqtt-roundtrip-qos2-1MByte-100-cycles - qos:0 - size:1048576
2018-05-15_23:29:43:018- message sent - id:0 - topic:mqtt-roundtrip-qos2-1MByte-100-cycles_2 - qos:0 - size:1048576
2018-05-15_23:29:43:110- message received - id:0 - topic:mqtt-roundtrip-qos2-1MByte-100-cycles - qos:0 - size:1048576
2018-05-15_23:29:43:111- message sent - id:0 - topic:mqtt-roundtrip-qos2-1MByte-100-cycles_2 - qos:0 - size:1048576
2018-05-15_23:29:43:202- message received - id:0 - topic:mqtt-roundtrip-qos2-1MByte-100-cycles - qos:0 - size:1048576
2018-05-15_23:29:43:203- message sent - id:0 - topic:mqtt-roundtrip-qos2-1MByte-100-cycles_2 - qos:0 - size:1048576
2018-05-15_23:29:43:295- message received - id:0 - topic:mqtt-roundtrip-qos2-1MByte-100-cycles - qos:0 - size:1048576
2018-05-15_23:29:43:295- message sent - id:0 - topic:mqtt-roundtrip-qos2-1MByte-100-cycles_2 - qos:0 - size:1048576
2018-05-15_23:29:43:387- message received - id:0 - topic:mqtt-roundtrip-qos2-1MByte-100-cycles - qos:0 - size:1048576
2018-05-15_23:29:43:388- message sent - id:0 - topic:mqtt-roundtrip-qos2-1MByte-100-cycles_2 - qos:0 - size:1048576
2018-05-15_23:29:43:478- message received - id:0 - topic:mqtt-roundtrip-qos2-1MByte-100-cycles - qos:0 - size:1048576
2018-05-15_23:29:43:479- message sent - id:0 - topic:mqtt-roundtrip-qos2-1MByte-100-cycles_2 - qos:0 - size:1048576
2018-05-15_23:29:43:571- message received - id:0 - topic:mqtt-roundtrip-qos2-1MByte-100-cycles - qos:0 - size:1048576
2018-05-15_23:29:43:571- message sent - id:0 - topic:mqtt-roundtrip-qos2-1MByte-100-cycles_2 - qos:0 - size:1048576
