2018-05-15_23:10:10:444- connecting to broker 192.168.1.100:1883
2018-05-15_23:10:10:445- Subscribing to topic mqtt-roundtrip-qos2-1500Byte-10-cycles_2
2018-05-15_23:10:10:445- subscribe returned (0, 1)
2018-05-15_23:10:10:446- Client connected to broker
2018-05-15_23:10:12:756- Performing message publishing for 10 cycles
2018-05-15_23:10:12:759- message sent - id:2 - topic:mqtt-roundtrip-qos2-1500Byte-10-cycles - qos:2 - size:1500
2018-05-15_23:10:12:759- message sent - id:3 - topic:mqtt-roundtrip-qos2-1500Byte-10-cycles - qos:2 - size:1500
2018-05-15_23:10:12:760- message sent - id:4 - topic:mqtt-roundtrip-qos2-1500Byte-10-cycles - qos:2 - size:1500
2018-05-15_23:10:12:760- message sent - id:5 - topic:mqtt-roundtrip-qos2-1500Byte-10-cycles - qos:2 - size:1500
2018-05-15_23:10:12:762- message sent - id:6 - topic:mqtt-roundtrip-qos2-1500Byte-10-cycles - qos:2 - size:1500
2018-05-15_23:10:12:763- message sent - id:7 - topic:mqtt-roundtrip-qos2-1500Byte-10-cycles - qos:2 - size:1500
2018-05-15_23:10:12:763- message sent - id:8 - topic:mqtt-roundtrip-qos2-1500Byte-10-cycles - qos:2 - size:1500
2018-05-15_23:10:12:763- message sent - id:9 - topic:mqtt-roundtrip-qos2-1500Byte-10-cycles - qos:2 - size:1500
2018-05-15_23:10:12:764- message sent - id:10 - topic:mqtt-roundtrip-qos2-1500Byte-10-cycles - qos:2 - size:1500
2018-05-15_23:10:12:764- message sent - id:11 - topic:mqtt-roundtrip-qos2-1500Byte-10-cycles - qos:2 - size:1500
2018-05-15_23:10:12:765- message received - id:0 - topic:mqtt-roundtrip-qos2-1500Byte-10-cycles_2 - qos:0 - size:1500
2018-05-15_23:10:12:766- message received - id:0 - topic:mqtt-roundtrip-qos2-1500Byte-10-cycles_2 - qos:0 - size:1500
2018-05-15_23:10:12:766- message received - id:0 - topic:mqtt-roundtrip-qos2-1500Byte-10-cycles_2 - qos:0 - size:1500
2018-05-15_23:10:12:767- message received - id:0 - topic:mqtt-roundtrip-qos2-1500Byte-10-cycles_2 - qos:0 - size:1500
2018-05-15_23:10:12:767- message received - id:0 - topic:mqtt-roundtrip-qos2-1500Byte-10-cycles_2 - qos:0 - size:1500
2018-05-15_23:10:12:768- message received - id:0 - topic:mqtt-roundtrip-qos2-1500Byte-10-cycles_2 - qos:0 - size:1500
2018-05-15_23:10:12:769- message received - id:0 - topic:mqtt-roundtrip-qos2-1500Byte-10-cycles_2 - qos:0 - size:1500
2018-05-15_23:10:12:770- message received - id:0 - topic:mqtt-roundtrip-qos2-1500Byte-10-cycles_2 - qos:0 - size:1500
2018-05-15_23:10:12:771- message received - id:0 - topic:mqtt-roundtrip-qos2-1500Byte-10-cycles_2 - qos:0 - size:1500
2018-05-15_23:10:12:771- message received - id:0 - topic:mqtt-roundtrip-qos2-1500Byte-10-cycles_2 - qos:0 - size:1500
