2018-05-15_22:53:06:295- connecting to broker 192.168.1.100:1883
2018-05-15_22:53:06:296- Subscribing to topic mqtt-roundtrip-qos2-1Byte-100-cycles_2
2018-05-15_22:53:06:296- subscribe returned (0, 1)
2018-05-15_22:53:06:297- Client connected to broker
2018-05-15_22:53:11:622- Performing message publishing for 100 cycles
2018-05-15_22:53:11:625- message sent - id:2 - topic:mqtt-roundtrip-qos2-1Byte-100-cycles - qos:2 - size:1
2018-05-15_22:53:11:625- message sent - id:3 - topic:mqtt-roundtrip-qos2-1Byte-100-cycles - qos:2 - size:1
2018-05-15_22:53:11:628- message sent - id:4 - topic:mqtt-roundtrip-qos2-1Byte-100-cycles - qos:2 - size:1
2018-05-15_22:53:11:629- message sent - id:5 - topic:mqtt-roundtrip-qos2-1Byte-100-cycles - qos:2 - size:1
2018-05-15_22:53:11:629- message sent - id:6 - topic:mqtt-roundtrip-qos2-1Byte-100-cycles - qos:2 - size:1
2018-05-15_22:53:11:629- message sent - id:7 - topic:mqtt-roundtrip-qos2-1Byte-100-cycles - qos:2 - size:1
2018-05-15_22:53:11:630- message sent - id:8 - topic:mqtt-roundtrip-qos2-1Byte-100-cycles - qos:2 - size:1
2018-05-15_22:53:11:630- message sent - id:9 - topic:mqtt-roundtrip-qos2-1Byte-100-cycles - qos:2 - size:1
2018-05-15_22:53:11:631- message received - id:0 - topic:mqtt-roundtrip-qos2-1Byte-100-cycles_2 - qos:0 - size:1
2018-05-15_22:53:11:631- message sent - id:10 - topic:mqtt-roundtrip-qos2-1Byte-100-cycles - qos:2 - size:1
2018-05-15_22:53:11:632- message received - id:0 - topic:mqtt-roundtrip-qos2-1Byte-100-cycles_2 - qos:0 - size:1
2018-05-15_22:53:11:632- message received - id:0 - topic:mqtt-roundtrip-qos2-1Byte-100-cycles_2 - qos:0 - size:1
2018-05-15_22:53:11:633- message sent - id:11 - topic:mqtt-roundtrip-qos2-1Byte-100-cycles - qos:2 - size:1
2018-05-15_22:53:11:633- message received - id:0 - topic:mqtt-roundtrip-qos2-1Byte-100-cycles_2 - qos:0 - size:1
2018-05-15_22:53:11:633- message received - id:0 - topic:mqtt-roundtrip-qos2-1Byte-100-cycles_2 - qos:0 - size:1
2018-05-15_22:53:11:634- message sent - id:12 - topic:mqtt-roundtrip-qos2-1Byte-100-cycles - qos:2 - size:1
2018-05-15_22:53:11:634- message received - id:0 - topic:mqtt-roundtrip-qos2-1Byte-100-cycles_2 - qos:0 - size:1
2018-05-15_22:53:11:635- message sent - id:13 - topic:mqtt-roundtrip-qos2-1Byte-100-cycles - qos:2 - size:1
2018-05-15_22:53:11:636- message received - id:0 - topic:mqtt-roundtrip-qos2-1Byte-100-cycles_2 - qos:0 - size:1
2018-05-15_22:53:11:636- message sent - id:14 - topic:mqtt-roundtrip-qos2-1Byte-100-cycles - qos:2 - size:1
2018-05-15_22:53:11:636- message received - id:0 - topic:mqtt-roundtrip-qos2-1Byte-100-cycles_2 - qos:0 - size:1
2018-05-15_22:53:11:637- message received - id:0 - topic:mqtt-roundtrip-qos2-1Byte-100-cycles_2 - qos:0 - size:1
2018-05-15_22:53:11:637- message sent - id:15 - topic:mqtt-roundtrip-qos2-1Byte-100-cycles - qos:2 - size:1
2018-05-15_22:53:11:637- message received - id:0 - topic:mqtt-roundtrip-qos2-1Byte-100-cycles_2 - qos:0 - size:1
2018-05-15_22:53:11:638- message received - id:0 - topic:mqtt-roundtrip-qos2-1Byte-100-cycles_2 - qos:0 - size:1
2018-05-15_22:53:11:638- message sent - id:16 - topic:mqtt-roundtrip-qos2-1Byte-100-cycles - qos:2 - size:1
2018-05-15_22:53:11:638- message sent - id:17 - topic:mqtt-roundtrip-qos2-1Byte-100-cycles - qos:2 - size:1
2018-05-15_22:53:11:639- message sent - id:18 - topic:mqtt-roundtrip-qos2-1Byte-100-cycles - qos:2 - size:1
2018-05-15_22:53:11:639- message sent - id:19 - topic:mqtt-roundtrip-qos2-1Byte-100-cycles - qos:2 - size:1
2018-05-15_22:53:11:639- message sent - id:20 - topic:mqtt-roundtrip-qos2-1Byte-100-cycles - qos:2 - size:1
2018-05-15_22:53:11:639- message sent - id:21 - topic:mqtt-roundtrip-qos2-1Byte-100-cycles - qos:2 - size:1
2018-05-15_22:53:11:640- message sent - id:22 - topic:mqtt-roundtrip-qos2-1Byte-100-cycles - qos:2 - size:1
2018-05-15_22:53:11:640- message sent - id:23 - topic:mqtt-roundtrip-qos2-1Byte-100-cycles - qos:2 - size:1
2018-05-15_22:53:11:641- message received - id:0 - topic:mqtt-roundtrip-qos2-1Byte-100-cycles_2 - qos:0 - size:1
2018-05-15_22:53:11:641- message received - id:0 - topic:mqtt-roundtrip-qos2-1Byte-100-cycles_2 - qos:0 - size:1
2018-05-15_22:53:11:641- message sent - id:24 - topic:mqtt-roundtrip-qos2-1Byte-100-cycles - qos:2 - size:1
2018-05-15_22:53:11:642- message sent - id:25 - topic:mqtt-roundtrip-qos2-1Byte-100-cycles - qos:2 - size:1
2018-05-15_22:53:11:642- message received - id:0 - topic:mqtt-roundtrip-qos2-1Byte-100-cycles_2 - qos:0 - size:1
2018-05-15_22:53:11:643- message received - id:0 - topic:mqtt-roundtrip-qos2-1Byte-100-cycles_2 - qos:0 - size:1
2018-05-15_22:53:11:643- message sent - id:26 - topic:mqtt-roundtrip-qos2-1Byte-100-cycles - qos:2 - size:1
2018-05-15_22:53:11:643- message received - id:0 - topic:mqtt-roundtrip-qos2-1Byte-100-cycles_2 - qos:0 - size:1
2018-05-15_22:53:11:643- message sent - id:27 - topic:mqtt-roundtrip-qos2-1Byte-100-cycles - qos:2 - size:1
2018-05-15_22:53:11:643- message received - id:0 - topic:mqtt-roundtrip-qos2-1Byte-100-cycles_2 - qos:0 - size:1
2018-05-15_22:53:11:644- message sent - id:28 - topic:mqtt-roundtrip-qos2-1Byte-100-cycles - qos:2 - size:1
2018-05-15_22:53:11:644- message received - id:0 - topic:mqtt-roundtrip-qos2-1Byte-100-cycles_2 - qos:0 - size:1
2018-05-15_22:53:11:644- message sent - id:29 - topic:mqtt-roundtrip-qos2-1Byte-100-cycles - qos:2 - size:1
2018-05-15_22:53:11:644- message received - id:0 - topic:mqtt-roundtrip-qos2-1Byte-100-cycles_2 - qos:0 - size:1
2018-05-15_22:53:11:645- message sent - id:30 - topic:mqtt-roundtrip-qos2-1Byte-100-cycles - qos:2 - size:1
2018-05-15_22:53:11:645- message received - id:0 - topic:mqtt-roundtrip-qos2-1Byte-100-cycles_2 - qos:0 - size:1
2018-05-15_22:53:11:645- message sent - id:31 - topic:mqtt-roundtrip-qos2-1Byte-100-cycles - qos:2 - size:1
2018-05-15_22:53:11:646- message sent - id:32 - topic:mqtt-roundtrip-qos2-1Byte-100-cycles - qos:2 - size:1
2018-05-15_22:53:11:647- message sent - id:33 - topic:mqtt-roundtrip-qos2-1Byte-100-cycles - qos:2 - size:1
2018-05-15_22:53:11:647- message received - id:0 - topic:mqtt-roundtrip-qos2-1Byte-100-cycles_2 - qos:0 - size:1
2018-05-15_22:53:11:647- message received - id:0 - topic:mqtt-roundtrip-qos2-1Byte-100-cycles_2 - qos:0 - size:1
2018-05-15_22:53:11:647- message sent - id:34 - topic:mqtt-roundtrip-qos2-1Byte-100-cycles - qos:2 - size:1
2018-05-15_22:53:11:649- message received - id:0 - topic:mqtt-roundtrip-qos2-1Byte-100-cycles_2 - qos:0 - size:1
2018-05-15_22:53:11:649- message sent - id:35 - topic:mqtt-roundtrip-qos2-1Byte-100-cycles - qos:2 - size:1
2018-05-15_22:53:11:650- message received - id:0 - topic:mqtt-roundtrip-qos2-1Byte-100-cycles_2 - qos:0 - size:1
2018-05-15_22:53:11:650- message received - id:0 - topic:mqtt-roundtrip-qos2-1Byte-100-cycles_2 - qos:0 - size:1
2018-05-15_22:53:11:650- message received - id:0 - topic:mqtt-roundtrip-qos2-1Byte-100-cycles_2 - qos:0 - size:1
2018-05-15_22:53:11:650- message sent - id:36 - topic:mqtt-roundtrip-qos2-1Byte-100-cycles - qos:2 - size:1
2018-05-15_22:53:11:651- message received - id:0 - topic:mqtt-roundtrip-qos2-1Byte-100-cycles_2 - qos:0 - size:1
2018-05-15_22:53:11:651- message sent - id:37 - topic:mqtt-roundtrip-qos2-1Byte-100-cycles - qos:2 - size:1
2018-05-15_22:53:11:651- message sent - id:38 - topic:mqtt-roundtrip-qos2-1Byte-100-cycles - qos:2 - size:1
2018-05-15_22:53:11:651- message sent - id:39 - topic:mqtt-roundtrip-qos2-1Byte-100-cycles - qos:2 - size:1
2018-05-15_22:53:11:651- message sent - id:40 - topic:mqtt-roundtrip-qos2-1Byte-100-cycles - qos:2 - size:1
2018-05-15_22:53:11:652- message sent - id:41 - topic:mqtt-roundtrip-qos2-1Byte-100-cycles - qos:2 - size:1
2018-05-15_22:53:11:652- message received - id:0 - topic:mqtt-roundtrip-qos2-1Byte-100-cycles_2 - qos:0 - size:1
2018-05-15_22:53:11:652- message sent - id:42 - topic:mqtt-roundtrip-qos2-1Byte-100-cycles - qos:2 - size:1
2018-05-15_22:53:11:653- message sent - id:43 - topic:mqtt-roundtrip-qos2-1Byte-100-cycles - qos:2 - size:1
2018-05-15_22:53:11:653- message sent - id:44 - topic:mqtt-roundtrip-qos2-1Byte-100-cycles - qos:2 - size:1
2018-05-15_22:53:11:654- message received - id:0 - topic:mqtt-roundtrip-qos2-1Byte-100-cycles_2 - qos:0 - size:1
2018-05-15_22:53:11:654- message received - id:0 - topic:mqtt-roundtrip-qos2-1Byte-100-cycles_2 - qos:0 - size:1
2018-05-15_22:53:11:654- message sent - id:45 - topic:mqtt-roundtrip-qos2-1Byte-100-cycles - qos:2 - size:1
2018-05-15_22:53:11:655- message sent - id:46 - topic:mqtt-roundtrip-qos2-1Byte-100-cycles - qos:2 - size:1
2018-05-15_22:53:11:655- message received - id:0 - topic:mqtt-roundtrip-qos2-1Byte-100-cycles_2 - qos:0 - size:1
2018-05-15_22:53:11:655- message sent - id:47 - topic:mqtt-roundtrip-qos2-1Byte-100-cycles - qos:2 - size:1
2018-05-15_22:53:11:655- message received - id:0 - topic:mqtt-roundtrip-qos2-1Byte-100-cycles_2 - qos:0 - size:1
2018-05-15_22:53:11:656- message sent - id:48 - topic:mqtt-roundtrip-qos2-1Byte-100-cycles - qos:2 - size:1
2018-05-15_22:53:11:656- message received - id:0 - topic:mqtt-roundtrip-qos2-1Byte-100-cycles_2 - qos:0 - size:1
2018-05-15_22:53:11:656- message sent - id:49 - topic:mqtt-roundtrip-qos2-1Byte-100-cycles - qos:2 - size:1
2018-05-15_22:53:11:656- message received - id:0 - topic:mqtt-roundtrip-qos2-1Byte-100-cycles_2 - qos:0 - size:1
2018-05-15_22:53:11:656- message sent - id:50 - topic:mqtt-roundtrip-qos2-1Byte-100-cycles - qos:2 - size:1
2018-05-15_22:53:11:657- message received - id:0 - topic:mqtt-roundtrip-qos2-1Byte-100-cycles_2 - qos:0 - size:1
2018-05-15_22:53:11:657- message received - id:0 - topic:mqtt-roundtrip-qos2-1Byte-100-cycles_2 - qos:0 - size:1
2018-05-15_22:53:11:657- message received - id:0 - topic:mqtt-roundtrip-qos2-1Byte-100-cycles_2 - qos:0 - size:1
2018-05-15_22:53:11:657- message sent - id:51 - topic:mqtt-roundtrip-qos2-1Byte-100-cycles - qos:2 - size:1
2018-05-15_22:53:11:658- message received - id:0 - topic:mqtt-roundtrip-qos2-1Byte-100-cycles_2 - qos:0 - size:1
2018-05-15_22:53:11:658- message received - id:0 - topic:mqtt-roundtrip-qos2-1Byte-100-cycles_2 - qos:0 - size:1
2018-05-15_22:53:11:658- message sent - id:52 - topic:mqtt-roundtrip-qos2-1Byte-100-cycles - qos:2 - size:1
2018-05-15_22:53:11:659- message sent - id:53 - topic:mqtt-roundtrip-qos2-1Byte-100-cycles - qos:2 - size:1
2018-05-15_22:53:11:659- message sent - id:54 - topic:mqtt-roundtrip-qos2-1Byte-100-cycles - qos:2 - size:1
2018-05-15_22:53:11:659- message received - id:0 - topic:mqtt-roundtrip-qos2-1Byte-100-cycles_2 - qos:0 - size:1
2018-05-15_22:53:11:659- message received - id:0 - topic:mqtt-roundtrip-qos2-1Byte-100-cycles_2 - qos:0 - size:1
2018-05-15_22:53:11:660- message sent - id:55 - topic:mqtt-roundtrip-qos2-1Byte-100-cycles - qos:2 - size:1
2018-05-15_22:53:11:660- message received - id:0 - topic:mqtt-roundtrip-qos2-1Byte-100-cycles_2 - qos:0 - size:1
2018-05-15_22:53:11:661- message received - id:0 - topic:mqtt-roundtrip-qos2-1Byte-100-cycles_2 - qos:0 - size:1
2018-05-15_22:53:11:661- message received - id:0 - topic:mqtt-roundtrip-qos2-1Byte-100-cycles_2 - qos:0 - size:1
2018-05-15_22:53:11:661- message received - id:0 - topic:mqtt-roundtrip-qos2-1Byte-100-cycles_2 - qos:0 - size:1
2018-05-15_22:53:11:661- message sent - id:56 - topic:mqtt-roundtrip-qos2-1Byte-100-cycles - qos:2 - size:1
2018-05-15_22:53:11:661- message received - id:0 - topic:mqtt-roundtrip-qos2-1Byte-100-cycles_2 - qos:0 - size:1
2018-05-15_22:53:11:662- message sent - id:57 - topic:mqtt-roundtrip-qos2-1Byte-100-cycles - qos:2 - size:1
2018-05-15_22:53:11:662- message sent - id:58 - topic:mqtt-roundtrip-qos2-1Byte-100-cycles - qos:2 - size:1
2018-05-15_22:53:11:662- message sent - id:59 - topic:mqtt-roundtrip-qos2-1Byte-100-cycles - qos:2 - size:1
2018-05-15_22:53:11:662- message sent - id:60 - topic:mqtt-roundtrip-qos2-1Byte-100-cycles - qos:2 - size:1
2018-05-15_22:53:11:662- message sent - id:61 - topic:mqtt-roundtrip-qos2-1Byte-100-cycles - qos:2 - size:1
2018-05-15_22:53:11:663- message received - id:0 - topic:mqtt-roundtrip-qos2-1Byte-100-cycles_2 - qos:0 - size:1
2018-05-15_22:53:11:663- message sent - id:62 - topic:mqtt-roundtrip-qos2-1Byte-100-cycles - qos:2 - size:1
2018-05-15_22:53:11:663- message sent - id:63 - topic:mqtt-roundtrip-qos2-1Byte-100-cycles - qos:2 - size:1
2018-05-15_22:53:11:663- message received - id:0 - topic:mqtt-roundtrip-qos2-1Byte-100-cycles_2 - qos:0 - size:1
2018-05-15_22:53:11:664- message sent - id:64 - topic:mqtt-roundtrip-qos2-1Byte-100-cycles - qos:2 - size:1
2018-05-15_22:53:11:664- message received - id:0 - topic:mqtt-roundtrip-qos2-1Byte-100-cycles_2 - qos:0 - size:1
2018-05-15_22:53:11:664- message sent - id:65 - topic:mqtt-roundtrip-qos2-1Byte-100-cycles - qos:2 - size:1
2018-05-15_22:53:11:665- message received - id:0 - topic:mqtt-roundtrip-qos2-1Byte-100-cycles_2 - qos:0 - size:1
2018-05-15_22:53:11:665- message received - id:0 - topic:mqtt-roundtrip-qos2-1Byte-100-cycles_2 - qos:0 - size:1
2018-05-15_22:53:11:665- message sent - id:66 - topic:mqtt-roundtrip-qos2-1Byte-100-cycles - qos:2 - size:1
2018-05-15_22:53:11:665- message sent - id:67 - topic:mqtt-roundtrip-qos2-1Byte-100-cycles - qos:2 - size:1
2018-05-15_22:53:11:666- message sent - id:68 - topic:mqtt-roundtrip-qos2-1Byte-100-cycles - qos:2 - size:1
2018-05-15_22:53:11:666- message received - id:0 - topic:mqtt-roundtrip-qos2-1Byte-100-cycles_2 - qos:0 - size:1
2018-05-15_22:53:11:666- message sent - id:69 - topic:mqtt-roundtrip-qos2-1Byte-100-cycles - qos:2 - size:1
2018-05-15_22:53:11:666- message received - id:0 - topic:mqtt-roundtrip-qos2-1Byte-100-cycles_2 - qos:0 - size:1
2018-05-15_22:53:11:666- message sent - id:70 - topic:mqtt-roundtrip-qos2-1Byte-100-cycles - qos:2 - size:1
2018-05-15_22:53:11:667- message received - id:0 - topic:mqtt-roundtrip-qos2-1Byte-100-cycles_2 - qos:0 - size:1
2018-05-15_22:53:11:667- message received - id:0 - topic:mqtt-roundtrip-qos2-1Byte-100-cycles_2 - qos:0 - size:1
2018-05-15_22:53:11:667- message received - id:0 - topic:mqtt-roundtrip-qos2-1Byte-100-cycles_2 - qos:0 - size:1
2018-05-15_22:53:11:667- message received - id:0 - topic:mqtt-roundtrip-qos2-1Byte-100-cycles_2 - qos:0 - size:1
2018-05-15_22:53:11:667- message sent - id:71 - topic:mqtt-roundtrip-qos2-1Byte-100-cycles - qos:2 - size:1
2018-05-15_22:53:11:668- message received - id:0 - topic:mqtt-roundtrip-qos2-1Byte-100-cycles_2 - qos:0 - size:1
2018-05-15_22:53:11:668- message sent - id:72 - topic:mqtt-roundtrip-qos2-1Byte-100-cycles - qos:2 - size:1
2018-05-15_22:53:11:668- message sent - id:73 - topic:mqtt-roundtrip-qos2-1Byte-100-cycles - qos:2 - size:1
2018-05-15_22:53:11:669- message received - id:0 - topic:mqtt-roundtrip-qos2-1Byte-100-cycles_2 - qos:0 - size:1
2018-05-15_22:53:11:669- message sent - id:74 - topic:mqtt-roundtrip-qos2-1Byte-100-cycles - qos:2 - size:1
2018-05-15_22:53:11:669- message sent - id:75 - topic:mqtt-roundtrip-qos2-1Byte-100-cycles - qos:2 - size:1
2018-05-15_22:53:11:669- message received - id:0 - topic:mqtt-roundtrip-qos2-1Byte-100-cycles_2 - qos:0 - size:1
2018-05-15_22:53:11:670- message received - id:0 - topic:mqtt-roundtrip-qos2-1Byte-100-cycles_2 - qos:0 - size:1
2018-05-15_22:53:11:670- message sent - id:76 - topic:mqtt-roundtrip-qos2-1Byte-100-cycles - qos:2 - size:1
2018-05-15_22:53:11:671- message sent - id:77 - topic:mqtt-roundtrip-qos2-1Byte-100-cycles - qos:2 - size:1
2018-05-15_22:53:11:671- message sent - id:78 - topic:mqtt-roundtrip-qos2-1Byte-100-cycles - qos:2 - size:1
2018-05-15_22:53:11:671- message sent - id:79 - topic:mqtt-roundtrip-qos2-1Byte-100-cycles - qos:2 - size:1
2018-05-15_22:53:11:671- message sent - id:80 - topic:mqtt-roundtrip-qos2-1Byte-100-cycles - qos:2 - size:1
2018-05-15_22:53:11:671- message sent - id:81 - topic:mqtt-roundtrip-qos2-1Byte-100-cycles - qos:2 - size:1
2018-05-15_22:53:11:671- message sent - id:82 - topic:mqtt-roundtrip-qos2-1Byte-100-cycles - qos:2 - size:1
2018-05-15_22:53:11:672- message received - id:0 - topic:mqtt-roundtrip-qos2-1Byte-100-cycles_2 - qos:0 - size:1
2018-05-15_22:53:11:672- message sent - id:83 - topic:mqtt-roundtrip-qos2-1Byte-100-cycles - qos:2 - size:1
2018-05-15_22:53:11:672- message received - id:0 - topic:mqtt-roundtrip-qos2-1Byte-100-cycles_2 - qos:0 - size:1
2018-05-15_22:53:11:672- message received - id:0 - topic:mqtt-roundtrip-qos2-1Byte-100-cycles_2 - qos:0 - size:1
2018-05-15_22:53:11:672- message received - id:0 - topic:mqtt-roundtrip-qos2-1Byte-100-cycles_2 - qos:0 - size:1
2018-05-15_22:53:11:673- message received - id:0 - topic:mqtt-roundtrip-qos2-1Byte-100-cycles_2 - qos:0 - size:1
2018-05-15_22:53:11:673- message received - id:0 - topic:mqtt-roundtrip-qos2-1Byte-100-cycles_2 - qos:0 - size:1
2018-05-15_22:53:11:673- message sent - id:84 - topic:mqtt-roundtrip-qos2-1Byte-100-cycles - qos:2 - size:1
2018-05-15_22:53:11:673- message received - id:0 - topic:mqtt-roundtrip-qos2-1Byte-100-cycles_2 - qos:0 - size:1
2018-05-15_22:53:11:674- message sent - id:85 - topic:mqtt-roundtrip-qos2-1Byte-100-cycles - qos:2 - size:1
2018-05-15_22:53:11:674- message received - id:0 - topic:mqtt-roundtrip-qos2-1Byte-100-cycles_2 - qos:0 - size:1
2018-05-15_22:53:11:674- message sent - id:86 - topic:mqtt-roundtrip-qos2-1Byte-100-cycles - qos:2 - size:1
2018-05-15_22:53:11:674- message sent - id:87 - topic:mqtt-roundtrip-qos2-1Byte-100-cycles - qos:2 - size:1
2018-05-15_22:53:11:674- message received - id:0 - topic:mqtt-roundtrip-qos2-1Byte-100-cycles_2 - qos:0 - size:1
2018-05-15_22:53:11:674- message received - id:0 - topic:mqtt-roundtrip-qos2-1Byte-100-cycles_2 - qos:0 - size:1
2018-05-15_22:53:11:675- message sent - id:88 - topic:mqtt-roundtrip-qos2-1Byte-100-cycles - qos:2 - size:1
2018-05-15_22:53:11:675- message sent - id:89 - topic:mqtt-roundtrip-qos2-1Byte-100-cycles - qos:2 - size:1
2018-05-15_22:53:11:675- message sent - id:90 - topic:mqtt-roundtrip-qos2-1Byte-100-cycles - qos:2 - size:1
2018-05-15_22:53:11:675- message received - id:0 - topic:mqtt-roundtrip-qos2-1Byte-100-cycles_2 - qos:0 - size:1
2018-05-15_22:53:11:676- message received - id:0 - topic:mqtt-roundtrip-qos2-1Byte-100-cycles_2 - qos:0 - size:1
2018-05-15_22:53:11:676- message received - id:0 - topic:mqtt-roundtrip-qos2-1Byte-100-cycles_2 - qos:0 - size:1
2018-05-15_22:53:11:676- message received - id:0 - topic:mqtt-roundtrip-qos2-1Byte-100-cycles_2 - qos:0 - size:1
2018-05-15_22:53:11:676- message received - id:0 - topic:mqtt-roundtrip-qos2-1Byte-100-cycles_2 - qos:0 - size:1
2018-05-15_22:53:11:677- message sent - id:91 - topic:mqtt-roundtrip-qos2-1Byte-100-cycles - qos:2 - size:1
2018-05-15_22:53:11:677- message sent - id:92 - topic:mqtt-roundtrip-qos2-1Byte-100-cycles - qos:2 - size:1
2018-05-15_22:53:11:677- message received - id:0 - topic:mqtt-roundtrip-qos2-1Byte-100-cycles_2 - qos:0 - size:1
2018-05-15_22:53:11:677- message sent - id:93 - topic:mqtt-roundtrip-qos2-1Byte-100-cycles - qos:2 - size:1
2018-05-15_22:53:11:677- message received - id:0 - topic:mqtt-roundtrip-qos2-1Byte-100-cycles_2 - qos:0 - size:1
2018-05-15_22:53:11:677- message sent - id:94 - topic:mqtt-roundtrip-qos2-1Byte-100-cycles - qos:2 - size:1
2018-05-15_22:53:11:678- message sent - id:95 - topic:mqtt-roundtrip-qos2-1Byte-100-cycles - qos:2 - size:1
2018-05-15_22:53:11:678- message received - id:0 - topic:mqtt-roundtrip-qos2-1Byte-100-cycles_2 - qos:0 - size:1
2018-05-15_22:53:11:678- message received - id:0 - topic:mqtt-roundtrip-qos2-1Byte-100-cycles_2 - qos:0 - size:1
2018-05-15_22:53:11:678- message received - id:0 - topic:mqtt-roundtrip-qos2-1Byte-100-cycles_2 - qos:0 - size:1
2018-05-15_22:53:11:678- message sent - id:96 - topic:mqtt-roundtrip-qos2-1Byte-100-cycles - qos:2 - size:1
2018-05-15_22:53:11:679- message sent - id:97 - topic:mqtt-roundtrip-qos2-1Byte-100-cycles - qos:2 - size:1
2018-05-15_22:53:11:679- message sent - id:98 - topic:mqtt-roundtrip-qos2-1Byte-100-cycles - qos:2 - size:1
2018-05-15_22:53:11:679- message received - id:0 - topic:mqtt-roundtrip-qos2-1Byte-100-cycles_2 - qos:0 - size:1
2018-05-15_22:53:11:679- message sent - id:99 - topic:mqtt-roundtrip-qos2-1Byte-100-cycles - qos:2 - size:1
2018-05-15_22:53:11:679- message sent - id:100 - topic:mqtt-roundtrip-qos2-1Byte-100-cycles - qos:2 - size:1
2018-05-15_22:53:11:679- message received - id:0 - topic:mqtt-roundtrip-qos2-1Byte-100-cycles_2 - qos:0 - size:1
2018-05-15_22:53:11:680- message received - id:0 - topic:mqtt-roundtrip-qos2-1Byte-100-cycles_2 - qos:0 - size:1
2018-05-15_22:53:11:717- message sent - id:101 - topic:mqtt-roundtrip-qos2-1Byte-100-cycles - qos:2 - size:1
2018-05-15_22:53:11:717- message received - id:0 - topic:mqtt-roundtrip-qos2-1Byte-100-cycles_2 - qos:0 - size:1
2018-05-15_22:53:11:728- message received - id:0 - topic:mqtt-roundtrip-qos2-1Byte-100-cycles_2 - qos:0 - size:1
2018-05-15_22:53:11:729- message received - id:0 - topic:mqtt-roundtrip-qos2-1Byte-100-cycles_2 - qos:0 - size:1
2018-05-15_22:53:11:729- message received - id:0 - topic:mqtt-roundtrip-qos2-1Byte-100-cycles_2 - qos:0 - size:1
2018-05-15_22:53:11:729- message received - id:0 - topic:mqtt-roundtrip-qos2-1Byte-100-cycles_2 - qos:0 - size:1
2018-05-15_22:53:11:729- message received - id:0 - topic:mqtt-roundtrip-qos2-1Byte-100-cycles_2 - qos:0 - size:1
2018-05-15_22:53:11:729- message received - id:0 - topic:mqtt-roundtrip-qos2-1Byte-100-cycles_2 - qos:0 - size:1
2018-05-15_22:53:11:729- message received - id:0 - topic:mqtt-roundtrip-qos2-1Byte-100-cycles_2 - qos:0 - size:1
2018-05-15_22:53:11:730- message received - id:0 - topic:mqtt-roundtrip-qos2-1Byte-100-cycles_2 - qos:0 - size:1
2018-05-15_22:53:11:730- message received - id:0 - topic:mqtt-roundtrip-qos2-1Byte-100-cycles_2 - qos:0 - size:1
2018-05-15_22:53:11:730- message received - id:0 - topic:mqtt-roundtrip-qos2-1Byte-100-cycles_2 - qos:0 - size:1
2018-05-15_22:53:11:730- message received - id:0 - topic:mqtt-roundtrip-qos2-1Byte-100-cycles_2 - qos:0 - size:1
2018-05-15_22:53:11:730- message received - id:0 - topic:mqtt-roundtrip-qos2-1Byte-100-cycles_2 - qos:0 - size:1
2018-05-15_22:53:11:730- message received - id:0 - topic:mqtt-roundtrip-qos2-1Byte-100-cycles_2 - qos:0 - size:1
2018-05-15_22:53:11:730- message received - id:0 - topic:mqtt-roundtrip-qos2-1Byte-100-cycles_2 - qos:0 - size:1
2018-05-15_22:53:11:731- message received - id:0 - topic:mqtt-roundtrip-qos2-1Byte-100-cycles_2 - qos:0 - size:1
