2018-05-15 22:04:11,232 - connecting to broker 192.168.1.100:1883
2018-05-15 22:04:11,233 - Subscribing to topicmqtt-roundtrip-qos0-empty_message-100-cycles
2018-05-15 22:04:11,234 - subscribe returned (0, 1)
2018-05-15 22:04:11,234 - Client connected to broker
2018-05-15 22:04:13,886 - message received - id:0 - topic:mqtt-roundtrip-qos0-empty_message-100-cycles - qos:0 - size:0
2018-05-15 22:04:13,887 - message sent - id:0 - topic:mqtt-roundtrip-qos0-empty_message-100-cycles_2 - qos:0 - size:0
2018-05-15 22:04:13,888 - message received - id:0 - topic:mqtt-roundtrip-qos0-empty_message-100-cycles - qos:0 - size:0
2018-05-15 22:04:13,888 - message sent - id:0 - topic:mqtt-roundtrip-qos0-empty_message-100-cycles_2 - qos:0 - size:0
2018-05-15 22:04:13,889 - message received - id:0 - topic:mqtt-roundtrip-qos0-empty_message-100-cycles - qos:0 - size:0
2018-05-15 22:04:13,889 - message sent - id:0 - topic:mqtt-roundtrip-qos0-empty_message-100-cycles_2 - qos:0 - size:0
2018-05-15 22:04:13,889 - message received - id:0 - topic:mqtt-roundtrip-qos0-empty_message-100-cycles - qos:0 - size:0
2018-05-15 22:04:13,890 - message sent - id:0 - topic:mqtt-roundtrip-qos0-empty_message-100-cycles_2 - qos:0 - size:0
2018-05-15 22:04:13,890 - message received - id:0 - topic:mqtt-roundtrip-qos0-empty_message-100-cycles - qos:0 - size:0
2018-05-15 22:04:13,890 - message sent - id:0 - topic:mqtt-roundtrip-qos0-empty_message-100-cycles_2 - qos:0 - size:0
2018-05-15 22:04:13,891 - message received - id:0 - topic:mqtt-roundtrip-qos0-empty_message-100-cycles - qos:0 - size:0
2018-05-15 22:04:13,891 - message sent - id:0 - topic:mqtt-roundtrip-qos0-empty_message-100-cycles_2 - qos:0 - size:0
2018-05-15 22:04:13,891 - message received - id:0 - topic:mqtt-roundtrip-qos0-empty_message-100-cycles - qos:0 - size:0
2018-05-15 22:04:13,891 - message sent - id:0 - topic:mqtt-roundtrip-qos0-empty_message-100-cycles_2 - qos:0 - size:0
2018-05-15 22:04:13,892 - message received - id:0 - topic:mqtt-roundtrip-qos0-empty_message-100-cycles - qos:0 - size:0
2018-05-15 22:04:13,892 - message sent - id:0 - topic:mqtt-roundtrip-qos0-empty_message-100-cycles_2 - qos:0 - size:0
2018-05-15 22:04:13,893 - message received - id:0 - topic:mqtt-roundtrip-qos0-empty_message-100-cycles - qos:0 - size:0
2018-05-15 22:04:13,893 - message sent - id:0 - topic:mqtt-roundtrip-qos0-empty_message-100-cycles_2 - qos:0 - size:0
2018-05-15 22:04:13,893 - message received - id:0 - topic:mqtt-roundtrip-qos0-empty_message-100-cycles - qos:0 - size:0
2018-05-15 22:04:13,893 - message sent - id:0 - topic:mqtt-roundtrip-qos0-empty_message-100-cycles_2 - qos:0 - size:0
2018-05-15 22:04:13,894 - message received - id:0 - topic:mqtt-roundtrip-qos0-empty_message-100-cycles - qos:0 - size:0
2018-05-15 22:04:13,894 - message sent - id:0 - topic:mqtt-roundtrip-qos0-empty_message-100-cycles_2 - qos:0 - size:0
2018-05-15 22:04:13,894 - message received - id:0 - topic:mqtt-roundtrip-qos0-empty_message-100-cycles - qos:0 - size:0
2018-05-15 22:04:13,895 - message sent - id:0 - topic:mqtt-roundtrip-qos0-empty_message-100-cycles_2 - qos:0 - size:0
2018-05-15 22:04:13,895 - message received - id:0 - topic:mqtt-roundtrip-qos0-empty_message-100-cycles - qos:0 - size:0
2018-05-15 22:04:13,895 - message sent - id:0 - topic:mqtt-roundtrip-qos0-empty_message-100-cycles_2 - qos:0 - size:0
2018-05-15 22:04:13,896 - message received - id:0 - topic:mqtt-roundtrip-qos0-empty_message-100-cycles - qos:0 - size:0
2018-05-15 22:04:13,896 - message sent - id:0 - topic:mqtt-roundtrip-qos0-empty_message-100-cycles_2 - qos:0 - size:0
2018-05-15 22:04:13,896 - message received - id:0 - topic:mqtt-roundtrip-qos0-empty_message-100-cycles - qos:0 - size:0
2018-05-15 22:04:13,896 - message sent - id:0 - topic:mqtt-roundtrip-qos0-empty_message-100-cycles_2 - qos:0 - size:0
2018-05-15 22:04:13,897 - message received - id:0 - topic:mqtt-roundtrip-qos0-empty_message-100-cycles - qos:0 - size:0
2018-05-15 22:04:13,897 - message sent - id:0 - topic:mqtt-roundtrip-qos0-empty_message-100-cycles_2 - qos:0 - size:0
2018-05-15 22:04:13,897 - message received - id:0 - topic:mqtt-roundtrip-qos0-empty_message-100-cycles - qos:0 - size:0
2018-05-15 22:04:13,898 - message sent - id:0 - topic:mqtt-roundtrip-qos0-empty_message-100-cycles_2 - qos:0 - size:0
2018-05-15 22:04:13,898 - message received - id:0 - topic:mqtt-roundtrip-qos0-empty_message-100-cycles - qos:0 - size:0
2018-05-15 22:04:13,898 - message sent - id:0 - topic:mqtt-roundtrip-qos0-empty_message-100-cycles_2 - qos:0 - size:0
2018-05-15 22:04:13,899 - message received - id:0 - topic:mqtt-roundtrip-qos0-empty_message-100-cycles - qos:0 - size:0
2018-05-15 22:04:13,899 - message sent - id:0 - topic:mqtt-roundtrip-qos0-empty_message-100-cycles_2 - qos:0 - size:0
2018-05-15 22:04:13,899 - message received - id:0 - topic:mqtt-roundtrip-qos0-empty_message-100-cycles - qos:0 - size:0
2018-05-15 22:04:13,899 - message sent - id:0 - topic:mqtt-roundtrip-qos0-empty_message-100-cycles_2 - qos:0 - size:0
2018-05-15 22:04:13,900 - message received - id:0 - topic:mqtt-roundtrip-qos0-empty_message-100-cycles - qos:0 - size:0
2018-05-15 22:04:13,900 - message sent - id:0 - topic:mqtt-roundtrip-qos0-empty_message-100-cycles_2 - qos:0 - size:0
2018-05-15 22:04:13,900 - message received - id:0 - topic:mqtt-roundtrip-qos0-empty_message-100-cycles - qos:0 - size:0
2018-05-15 22:04:13,900 - message sent - id:0 - topic:mqtt-roundtrip-qos0-empty_message-100-cycles_2 - qos:0 - size:0
2018-05-15 22:04:13,901 - message received - id:0 - topic:mqtt-roundtrip-qos0-empty_message-100-cycles - qos:0 - size:0
2018-05-15 22:04:13,901 - message sent - id:0 - topic:mqtt-roundtrip-qos0-empty_message-100-cycles_2 - qos:0 - size:0
2018-05-15 22:04:13,901 - message received - id:0 - topic:mqtt-roundtrip-qos0-empty_message-100-cycles - qos:0 - size:0
2018-05-15 22:04:13,901 - message sent - id:0 - topic:mqtt-roundtrip-qos0-empty_message-100-cycles_2 - qos:0 - size:0
2018-05-15 22:04:13,902 - message received - id:0 - topic:mqtt-roundtrip-qos0-empty_message-100-cycles - qos:0 - size:0
2018-05-15 22:04:13,902 - message sent - id:0 - topic:mqtt-roundtrip-qos0-empty_message-100-cycles_2 - qos:0 - size:0
2018-05-15 22:04:13,902 - message received - id:0 - topic:mqtt-roundtrip-qos0-empty_message-100-cycles - qos:0 - size:0
2018-05-15 22:04:13,902 - message sent - id:0 - topic:mqtt-roundtrip-qos0-empty_message-100-cycles_2 - qos:0 - size:0
2018-05-15 22:04:13,903 - message received - id:0 - topic:mqtt-roundtrip-qos0-empty_message-100-cycles - qos:0 - size:0
2018-05-15 22:04:13,903 - message sent - id:0 - topic:mqtt-roundtrip-qos0-empty_message-100-cycles_2 - qos:0 - size:0
2018-05-15 22:04:13,903 - message received - id:0 - topic:mqtt-roundtrip-qos0-empty_message-100-cycles - qos:0 - size:0
2018-05-15 22:04:13,903 - message sent - id:0 - topic:mqtt-roundtrip-qos0-empty_message-100-cycles_2 - qos:0 - size:0
2018-05-15 22:04:13,903 - message received - id:0 - topic:mqtt-roundtrip-qos0-empty_message-100-cycles - qos:0 - size:0
2018-05-15 22:04:13,903 - message sent - id:0 - topic:mqtt-roundtrip-qos0-empty_message-100-cycles_2 - qos:0 - size:0
2018-05-15 22:04:13,904 - message received - id:0 - topic:mqtt-roundtrip-qos0-empty_message-100-cycles - qos:0 - size:0
2018-05-15 22:04:13,904 - message sent - id:0 - topic:mqtt-roundtrip-qos0-empty_message-100-cycles_2 - qos:0 - size:0
2018-05-15 22:04:13,904 - message received - id:0 - topic:mqtt-roundtrip-qos0-empty_message-100-cycles - qos:0 - size:0
2018-05-15 22:04:13,904 - message sent - id:0 - topic:mqtt-roundtrip-qos0-empty_message-100-cycles_2 - qos:0 - size:0
2018-05-15 22:04:13,904 - message received - id:0 - topic:mqtt-roundtrip-qos0-empty_message-100-cycles - qos:0 - size:0
2018-05-15 22:04:13,905 - message sent - id:0 - topic:mqtt-roundtrip-qos0-empty_message-100-cycles_2 - qos:0 - size:0
2018-05-15 22:04:13,905 - message received - id:0 - topic:mqtt-roundtrip-qos0-empty_message-100-cycles - qos:0 - size:0
2018-05-15 22:04:13,905 - message sent - id:0 - topic:mqtt-roundtrip-qos0-empty_message-100-cycles_2 - qos:0 - size:0
2018-05-15 22:04:13,905 - message received - id:0 - topic:mqtt-roundtrip-qos0-empty_message-100-cycles - qos:0 - size:0
2018-05-15 22:04:13,905 - message sent - id:0 - topic:mqtt-roundtrip-qos0-empty_message-100-cycles_2 - qos:0 - size:0
2018-05-15 22:04:13,905 - message received - id:0 - topic:mqtt-roundtrip-qos0-empty_message-100-cycles - qos:0 - size:0
2018-05-15 22:04:13,906 - message sent - id:0 - topic:mqtt-roundtrip-qos0-empty_message-100-cycles_2 - qos:0 - size:0
2018-05-15 22:04:13,906 - message received - id:0 - topic:mqtt-roundtrip-qos0-empty_message-100-cycles - qos:0 - size:0
2018-05-15 22:04:13,906 - message sent - id:0 - topic:mqtt-roundtrip-qos0-empty_message-100-cycles_2 - qos:0 - size:0
2018-05-15 22:04:13,906 - message received - id:0 - topic:mqtt-roundtrip-qos0-empty_message-100-cycles - qos:0 - size:0
2018-05-15 22:04:13,906 - message sent - id:0 - topic:mqtt-roundtrip-qos0-empty_message-100-cycles_2 - qos:0 - size:0
2018-05-15 22:04:13,907 - message received - id:0 - topic:mqtt-roundtrip-qos0-empty_message-100-cycles - qos:0 - size:0
2018-05-15 22:04:13,907 - message sent - id:0 - topic:mqtt-roundtrip-qos0-empty_message-100-cycles_2 - qos:0 - size:0
2018-05-15 22:04:13,907 - message received - id:0 - topic:mqtt-roundtrip-qos0-empty_message-100-cycles - qos:0 - size:0
2018-05-15 22:04:13,907 - message sent - id:0 - topic:mqtt-roundtrip-qos0-empty_message-100-cycles_2 - qos:0 - size:0
2018-05-15 22:04:13,907 - message received - id:0 - topic:mqtt-roundtrip-qos0-empty_message-100-cycles - qos:0 - size:0
2018-05-15 22:04:13,907 - message sent - id:0 - topic:mqtt-roundtrip-qos0-empty_message-100-cycles_2 - qos:0 - size:0
2018-05-15 22:04:13,908 - message received - id:0 - topic:mqtt-roundtrip-qos0-empty_message-100-cycles - qos:0 - size:0
2018-05-15 22:04:13,908 - message sent - id:0 - topic:mqtt-roundtrip-qos0-empty_message-100-cycles_2 - qos:0 - size:0
2018-05-15 22:04:13,908 - message received - id:0 - topic:mqtt-roundtrip-qos0-empty_message-100-cycles - qos:0 - size:0
2018-05-15 22:04:13,908 - message sent - id:0 - topic:mqtt-roundtrip-qos0-empty_message-100-cycles_2 - qos:0 - size:0
2018-05-15 22:04:13,909 - message received - id:0 - topic:mqtt-roundtrip-qos0-empty_message-100-cycles - qos:0 - size:0
2018-05-15 22:04:13,909 - message sent - id:0 - topic:mqtt-roundtrip-qos0-empty_message-100-cycles_2 - qos:0 - size:0
2018-05-15 22:04:13,909 - message received - id:0 - topic:mqtt-roundtrip-qos0-empty_message-100-cycles - qos:0 - size:0
2018-05-15 22:04:13,909 - message sent - id:0 - topic:mqtt-roundtrip-qos0-empty_message-100-cycles_2 - qos:0 - size:0
2018-05-15 22:04:13,910 - message received - id:0 - topic:mqtt-roundtrip-qos0-empty_message-100-cycles - qos:0 - size:0
2018-05-15 22:04:13,910 - message sent - id:0 - topic:mqtt-roundtrip-qos0-empty_message-100-cycles_2 - qos:0 - size:0
2018-05-15 22:04:13,910 - message received - id:0 - topic:mqtt-roundtrip-qos0-empty_message-100-cycles - qos:0 - size:0
2018-05-15 22:04:13,910 - message sent - id:0 - topic:mqtt-roundtrip-qos0-empty_message-100-cycles_2 - qos:0 - size:0
2018-05-15 22:04:13,910 - message received - id:0 - topic:mqtt-roundtrip-qos0-empty_message-100-cycles - qos:0 - size:0
2018-05-15 22:04:13,911 - message sent - id:0 - topic:mqtt-roundtrip-qos0-empty_message-100-cycles_2 - qos:0 - size:0
2018-05-15 22:04:13,911 - message received - id:0 - topic:mqtt-roundtrip-qos0-empty_message-100-cycles - qos:0 - size:0
2018-05-15 22:04:13,912 - message sent - id:0 - topic:mqtt-roundtrip-qos0-empty_message-100-cycles_2 - qos:0 - size:0
2018-05-15 22:04:13,912 - message received - id:0 - topic:mqtt-roundtrip-qos0-empty_message-100-cycles - qos:0 - size:0
2018-05-15 22:04:13,912 - message sent - id:0 - topic:mqtt-roundtrip-qos0-empty_message-100-cycles_2 - qos:0 - size:0
2018-05-15 22:04:13,912 - message received - id:0 - topic:mqtt-roundtrip-qos0-empty_message-100-cycles - qos:0 - size:0
2018-05-15 22:04:13,913 - message sent - id:0 - topic:mqtt-roundtrip-qos0-empty_message-100-cycles_2 - qos:0 - size:0
2018-05-15 22:04:13,913 - message received - id:0 - topic:mqtt-roundtrip-qos0-empty_message-100-cycles - qos:0 - size:0
2018-05-15 22:04:13,913 - message sent - id:0 - topic:mqtt-roundtrip-qos0-empty_message-100-cycles_2 - qos:0 - size:0
2018-05-15 22:04:13,913 - message received - id:0 - topic:mqtt-roundtrip-qos0-empty_message-100-cycles - qos:0 - size:0
2018-05-15 22:04:13,913 - message sent - id:0 - topic:mqtt-roundtrip-qos0-empty_message-100-cycles_2 - qos:0 - size:0
2018-05-15 22:04:13,914 - message received - id:0 - topic:mqtt-roundtrip-qos0-empty_message-100-cycles - qos:0 - size:0
2018-05-15 22:04:13,914 - message sent - id:0 - topic:mqtt-roundtrip-qos0-empty_message-100-cycles_2 - qos:0 - size:0
2018-05-15 22:04:13,914 - message received - id:0 - topic:mqtt-roundtrip-qos0-empty_message-100-cycles - qos:0 - size:0
2018-05-15 22:04:13,914 - message sent - id:0 - topic:mqtt-roundtrip-qos0-empty_message-100-cycles_2 - qos:0 - size:0
2018-05-15 22:04:13,914 - message received - id:0 - topic:mqtt-roundtrip-qos0-empty_message-100-cycles - qos:0 - size:0
2018-05-15 22:04:13,914 - message sent - id:0 - topic:mqtt-roundtrip-qos0-empty_message-100-cycles_2 - qos:0 - size:0
2018-05-15 22:04:13,915 - message received - id:0 - topic:mqtt-roundtrip-qos0-empty_message-100-cycles - qos:0 - size:0
2018-05-15 22:04:13,915 - message sent - id:0 - topic:mqtt-roundtrip-qos0-empty_message-100-cycles_2 - qos:0 - size:0
2018-05-15 22:04:13,915 - message received - id:0 - topic:mqtt-roundtrip-qos0-empty_message-100-cycles - qos:0 - size:0
2018-05-15 22:04:13,915 - message sent - id:0 - topic:mqtt-roundtrip-qos0-empty_message-100-cycles_2 - qos:0 - size:0
2018-05-15 22:04:13,915 - message received - id:0 - topic:mqtt-roundtrip-qos0-empty_message-100-cycles - qos:0 - size:0
2018-05-15 22:04:13,915 - message sent - id:0 - topic:mqtt-roundtrip-qos0-empty_message-100-cycles_2 - qos:0 - size:0
2018-05-15 22:04:13,916 - message received - id:0 - topic:mqtt-roundtrip-qos0-empty_message-100-cycles - qos:0 - size:0
2018-05-15 22:04:13,916 - message sent - id:0 - topic:mqtt-roundtrip-qos0-empty_message-100-cycles_2 - qos:0 - size:0
2018-05-15 22:04:13,917 - message received - id:0 - topic:mqtt-roundtrip-qos0-empty_message-100-cycles - qos:0 - size:0
2018-05-15 22:04:13,917 - message sent - id:0 - topic:mqtt-roundtrip-qos0-empty_message-100-cycles_2 - qos:0 - size:0
2018-05-15 22:04:13,917 - message received - id:0 - topic:mqtt-roundtrip-qos0-empty_message-100-cycles - qos:0 - size:0
2018-05-15 22:04:13,917 - message sent - id:0 - topic:mqtt-roundtrip-qos0-empty_message-100-cycles_2 - qos:0 - size:0
2018-05-15 22:04:13,918 - message received - id:0 - topic:mqtt-roundtrip-qos0-empty_message-100-cycles - qos:0 - size:0
2018-05-15 22:04:13,918 - message sent - id:0 - topic:mqtt-roundtrip-qos0-empty_message-100-cycles_2 - qos:0 - size:0
2018-05-15 22:04:13,918 - message received - id:0 - topic:mqtt-roundtrip-qos0-empty_message-100-cycles - qos:0 - size:0
2018-05-15 22:04:13,918 - message sent - id:0 - topic:mqtt-roundtrip-qos0-empty_message-100-cycles_2 - qos:0 - size:0
2018-05-15 22:04:13,919 - message received - id:0 - topic:mqtt-roundtrip-qos0-empty_message-100-cycles - qos:0 - size:0
2018-05-15 22:04:13,919 - message sent - id:0 - topic:mqtt-roundtrip-qos0-empty_message-100-cycles_2 - qos:0 - size:0
2018-05-15 22:04:13,919 - message received - id:0 - topic:mqtt-roundtrip-qos0-empty_message-100-cycles - qos:0 - size:0
2018-05-15 22:04:13,919 - message sent - id:0 - topic:mqtt-roundtrip-qos0-empty_message-100-cycles_2 - qos:0 - size:0
2018-05-15 22:04:13,919 - message received - id:0 - topic:mqtt-roundtrip-qos0-empty_message-100-cycles - qos:0 - size:0
2018-05-15 22:04:13,920 - message sent - id:0 - topic:mqtt-roundtrip-qos0-empty_message-100-cycles_2 - qos:0 - size:0
2018-05-15 22:04:13,920 - message received - id:0 - topic:mqtt-roundtrip-qos0-empty_message-100-cycles - qos:0 - size:0
2018-05-15 22:04:13,920 - message sent - id:0 - topic:mqtt-roundtrip-qos0-empty_message-100-cycles_2 - qos:0 - size:0
2018-05-15 22:04:13,920 - message received - id:0 - topic:mqtt-roundtrip-qos0-empty_message-100-cycles - qos:0 - size:0
2018-05-15 22:04:13,920 - message sent - id:0 - topic:mqtt-roundtrip-qos0-empty_message-100-cycles_2 - qos:0 - size:0
2018-05-15 22:04:13,921 - message received - id:0 - topic:mqtt-roundtrip-qos0-empty_message-100-cycles - qos:0 - size:0
2018-05-15 22:04:13,921 - message sent - id:0 - topic:mqtt-roundtrip-qos0-empty_message-100-cycles_2 - qos:0 - size:0
2018-05-15 22:04:13,921 - message received - id:0 - topic:mqtt-roundtrip-qos0-empty_message-100-cycles - qos:0 - size:0
2018-05-15 22:04:13,921 - message sent - id:0 - topic:mqtt-roundtrip-qos0-empty_message-100-cycles_2 - qos:0 - size:0
2018-05-15 22:04:13,921 - message received - id:0 - topic:mqtt-roundtrip-qos0-empty_message-100-cycles - qos:0 - size:0
2018-05-15 22:04:13,921 - message sent - id:0 - topic:mqtt-roundtrip-qos0-empty_message-100-cycles_2 - qos:0 - size:0
2018-05-15 22:04:13,922 - message received - id:0 - topic:mqtt-roundtrip-qos0-empty_message-100-cycles - qos:0 - size:0
2018-05-15 22:04:13,922 - message sent - id:0 - topic:mqtt-roundtrip-qos0-empty_message-100-cycles_2 - qos:0 - size:0
2018-05-15 22:04:13,922 - message received - id:0 - topic:mqtt-roundtrip-qos0-empty_message-100-cycles - qos:0 - size:0
2018-05-15 22:04:13,922 - message sent - id:0 - topic:mqtt-roundtrip-qos0-empty_message-100-cycles_2 - qos:0 - size:0
2018-05-15 22:04:13,922 - message received - id:0 - topic:mqtt-roundtrip-qos0-empty_message-100-cycles - qos:0 - size:0
2018-05-15 22:04:13,922 - message sent - id:0 - topic:mqtt-roundtrip-qos0-empty_message-100-cycles_2 - qos:0 - size:0
2018-05-15 22:04:13,923 - message received - id:0 - topic:mqtt-roundtrip-qos0-empty_message-100-cycles - qos:0 - size:0
2018-05-15 22:04:13,923 - message sent - id:0 - topic:mqtt-roundtrip-qos0-empty_message-100-cycles_2 - qos:0 - size:0
2018-05-15 22:04:13,923 - message received - id:0 - topic:mqtt-roundtrip-qos0-empty_message-100-cycles - qos:0 - size:0
2018-05-15 22:04:13,923 - message sent - id:0 - topic:mqtt-roundtrip-qos0-empty_message-100-cycles_2 - qos:0 - size:0
2018-05-15 22:04:13,923 - message received - id:0 - topic:mqtt-roundtrip-qos0-empty_message-100-cycles - qos:0 - size:0
2018-05-15 22:04:13,924 - message sent - id:0 - topic:mqtt-roundtrip-qos0-empty_message-100-cycles_2 - qos:0 - size:0
2018-05-15 22:04:13,924 - message received - id:0 - topic:mqtt-roundtrip-qos0-empty_message-100-cycles - qos:0 - size:0
2018-05-15 22:04:13,924 - message sent - id:0 - topic:mqtt-roundtrip-qos0-empty_message-100-cycles_2 - qos:0 - size:0
2018-05-15 22:04:13,924 - message received - id:0 - topic:mqtt-roundtrip-qos0-empty_message-100-cycles - qos:0 - size:0
2018-05-15 22:04:13,924 - message sent - id:0 - topic:mqtt-roundtrip-qos0-empty_message-100-cycles_2 - qos:0 - size:0
2018-05-15 22:04:13,925 - message received - id:0 - topic:mqtt-roundtrip-qos0-empty_message-100-cycles - qos:0 - size:0
2018-05-15 22:04:13,925 - message sent - id:0 - topic:mqtt-roundtrip-qos0-empty_message-100-cycles_2 - qos:0 - size:0
2018-05-15 22:04:13,925 - message received - id:0 - topic:mqtt-roundtrip-qos0-empty_message-100-cycles - qos:0 - size:0
2018-05-15 22:04:13,925 - message sent - id:0 - topic:mqtt-roundtrip-qos0-empty_message-100-cycles_2 - qos:0 - size:0
2018-05-15 22:04:13,925 - message received - id:0 - topic:mqtt-roundtrip-qos0-empty_message-100-cycles - qos:0 - size:0
2018-05-15 22:04:13,925 - message sent - id:0 - topic:mqtt-roundtrip-qos0-empty_message-100-cycles_2 - qos:0 - size:0
2018-05-15 22:04:13,926 - message received - id:0 - topic:mqtt-roundtrip-qos0-empty_message-100-cycles - qos:0 - size:0
2018-05-15 22:04:13,926 - message sent - id:0 - topic:mqtt-roundtrip-qos0-empty_message-100-cycles_2 - qos:0 - size:0
2018-05-15 22:04:13,926 - message received - id:0 - topic:mqtt-roundtrip-qos0-empty_message-100-cycles - qos:0 - size:0
2018-05-15 22:04:13,926 - message sent - id:0 - topic:mqtt-roundtrip-qos0-empty_message-100-cycles_2 - qos:0 - size:0
2018-05-15 22:04:13,926 - message received - id:0 - topic:mqtt-roundtrip-qos0-empty_message-100-cycles - qos:0 - size:0
2018-05-15 22:04:13,927 - message sent - id:0 - topic:mqtt-roundtrip-qos0-empty_message-100-cycles_2 - qos:0 - size:0
2018-05-15 22:04:13,927 - message received - id:0 - topic:mqtt-roundtrip-qos0-empty_message-100-cycles - qos:0 - size:0
2018-05-15 22:04:13,927 - message sent - id:0 - topic:mqtt-roundtrip-qos0-empty_message-100-cycles_2 - qos:0 - size:0
2018-05-15 22:04:13,927 - message received - id:0 - topic:mqtt-roundtrip-qos0-empty_message-100-cycles - qos:0 - size:0
2018-05-15 22:04:13,927 - message sent - id:0 - topic:mqtt-roundtrip-qos0-empty_message-100-cycles_2 - qos:0 - size:0
2018-05-15 22:04:13,928 - message received - id:0 - topic:mqtt-roundtrip-qos0-empty_message-100-cycles - qos:0 - size:0
2018-05-15 22:04:13,928 - message sent - id:0 - topic:mqtt-roundtrip-qos0-empty_message-100-cycles_2 - qos:0 - size:0
2018-05-15 22:04:13,928 - message received - id:0 - topic:mqtt-roundtrip-qos0-empty_message-100-cycles - qos:0 - size:0
2018-05-15 22:04:13,928 - message sent - id:0 - topic:mqtt-roundtrip-qos0-empty_message-100-cycles_2 - qos:0 - size:0
2018-05-15 22:04:13,928 - message received - id:0 - topic:mqtt-roundtrip-qos0-empty_message-100-cycles - qos:0 - size:0
2018-05-15 22:04:13,928 - message sent - id:0 - topic:mqtt-roundtrip-qos0-empty_message-100-cycles_2 - qos:0 - size:0
2018-05-15 22:04:13,929 - message received - id:0 - topic:mqtt-roundtrip-qos0-empty_message-100-cycles - qos:0 - size:0
2018-05-15 22:04:13,929 - message sent - id:0 - topic:mqtt-roundtrip-qos0-empty_message-100-cycles_2 - qos:0 - size:0
2018-05-15 22:04:13,929 - message received - id:0 - topic:mqtt-roundtrip-qos0-empty_message-100-cycles - qos:0 - size:0
2018-05-15 22:04:13,929 - message sent - id:0 - topic:mqtt-roundtrip-qos0-empty_message-100-cycles_2 - qos:0 - size:0
2018-05-15 22:04:13,929 - message received - id:0 - topic:mqtt-roundtrip-qos0-empty_message-100-cycles - qos:0 - size:0
2018-05-15 22:04:13,930 - message sent - id:0 - topic:mqtt-roundtrip-qos0-empty_message-100-cycles_2 - qos:0 - size:0
2018-05-15 22:04:13,930 - message received - id:0 - topic:mqtt-roundtrip-qos0-empty_message-100-cycles - qos:0 - size:0
2018-05-15 22:04:13,930 - message sent - id:0 - topic:mqtt-roundtrip-qos0-empty_message-100-cycles_2 - qos:0 - size:0
2018-05-15 22:04:13,930 - message received - id:0 - topic:mqtt-roundtrip-qos0-empty_message-100-cycles - qos:0 - size:0
2018-05-15 22:04:13,930 - message sent - id:0 - topic:mqtt-roundtrip-qos0-empty_message-100-cycles_2 - qos:0 - size:0
2018-05-15 22:04:13,931 - message received - id:0 - topic:mqtt-roundtrip-qos0-empty_message-100-cycles - qos:0 - size:0
2018-05-15 22:04:13,931 - message sent - id:0 - topic:mqtt-roundtrip-qos0-empty_message-100-cycles_2 - qos:0 - size:0
2018-05-15 22:04:13,931 - message received - id:0 - topic:mqtt-roundtrip-qos0-empty_message-100-cycles - qos:0 - size:0
2018-05-15 22:04:13,931 - message sent - id:0 - topic:mqtt-roundtrip-qos0-empty_message-100-cycles_2 - qos:0 - size:0
2018-05-15 22:04:13,931 - message received - id:0 - topic:mqtt-roundtrip-qos0-empty_message-100-cycles - qos:0 - size:0
2018-05-15 22:04:13,931 - message sent - id:0 - topic:mqtt-roundtrip-qos0-empty_message-100-cycles_2 - qos:0 - size:0
2018-05-15 22:04:13,932 - message received - id:0 - topic:mqtt-roundtrip-qos0-empty_message-100-cycles - qos:0 - size:0
2018-05-15 22:04:13,932 - message sent - id:0 - topic:mqtt-roundtrip-qos0-empty_message-100-cycles_2 - qos:0 - size:0
2018-05-15 22:04:13,932 - message received - id:0 - topic:mqtt-roundtrip-qos0-empty_message-100-cycles - qos:0 - size:0
2018-05-15 22:04:13,932 - message sent - id:0 - topic:mqtt-roundtrip-qos0-empty_message-100-cycles_2 - qos:0 - size:0
