2018-05-15_22:53:09:207- connecting to broker 192.168.1.100:1883
2018-05-15_22:53:09:208- Subscribing to topicmqtt-roundtrip-qos2-1Byte-100-cycles
2018-05-15_22:53:09:208- subscribe returned (0, 1)
2018-05-15_22:53:09:209- Client connected to broker
2018-05-15_22:53:11:624- message received - id:0 - topic:mqtt-roundtrip-qos2-1Byte-100-cycles - qos:0 - size:1
2018-05-15_22:53:11:626- message sent - id:0 - topic:mqtt-roundtrip-qos2-1Byte-100-cycles_2 - qos:0 - size:1
2018-05-15_22:53:11:626- message received - id:0 - topic:mqtt-roundtrip-qos2-1Byte-100-cycles - qos:0 - size:1
2018-05-15_22:53:11:626- message sent - id:0 - topic:mqtt-roundtrip-qos2-1Byte-100-cycles_2 - qos:0 - size:1
2018-05-15_22:53:11:627- message received - id:0 - topic:mqtt-roundtrip-qos2-1Byte-100-cycles - qos:0 - size:1
2018-05-15_22:53:11:627- message sent - id:0 - topic:mqtt-roundtrip-qos2-1Byte-100-cycles_2 - qos:0 - size:1
2018-05-15_22:53:11:627- message received - id:0 - topic:mqtt-roundtrip-qos2-1Byte-100-cycles - qos:0 - size:1
2018-05-15_22:53:11:627- message sent - id:0 - topic:mqtt-roundtrip-qos2-1Byte-100-cycles_2 - qos:0 - size:1
2018-05-15_22:53:11:628- message received - id:0 - topic:mqtt-roundtrip-qos2-1Byte-100-cycles - qos:0 - size:1
2018-05-15_22:53:11:628- message sent - id:0 - topic:mqtt-roundtrip-qos2-1Byte-100-cycles_2 - qos:0 - size:1
2018-05-15_22:53:11:628- message received - id:0 - topic:mqtt-roundtrip-qos2-1Byte-100-cycles - qos:0 - size:1
2018-05-15_22:53:11:628- message sent - id:0 - topic:mqtt-roundtrip-qos2-1Byte-100-cycles_2 - qos:0 - size:1
2018-05-15_22:53:11:629- message received - id:0 - topic:mqtt-roundtrip-qos2-1Byte-100-cycles - qos:0 - size:1
2018-05-15_22:53:11:629- message sent - id:0 - topic:mqtt-roundtrip-qos2-1Byte-100-cycles_2 - qos:0 - size:1
2018-05-15_22:53:11:629- message received - id:0 - topic:mqtt-roundtrip-qos2-1Byte-100-cycles - qos:0 - size:1
2018-05-15_22:53:11:630- message sent - id:0 - topic:mqtt-roundtrip-qos2-1Byte-100-cycles_2 - qos:0 - size:1
2018-05-15_22:53:11:630- message received - id:0 - topic:mqtt-roundtrip-qos2-1Byte-100-cycles - qos:0 - size:1
2018-05-15_22:53:11:630- message sent - id:0 - topic:mqtt-roundtrip-qos2-1Byte-100-cycles_2 - qos:0 - size:1
2018-05-15_22:53:11:631- message received - id:0 - topic:mqtt-roundtrip-qos2-1Byte-100-cycles - qos:0 - size:1
2018-05-15_22:53:11:631- message sent - id:0 - topic:mqtt-roundtrip-qos2-1Byte-100-cycles_2 - qos:0 - size:1
2018-05-15_22:53:11:632- message received - id:0 - topic:mqtt-roundtrip-qos2-1Byte-100-cycles - qos:0 - size:1
2018-05-15_22:53:11:632- message sent - id:0 - topic:mqtt-roundtrip-qos2-1Byte-100-cycles_2 - qos:0 - size:1
2018-05-15_22:53:11:634- message received - id:0 - topic:mqtt-roundtrip-qos2-1Byte-100-cycles - qos:0 - size:1
2018-05-15_22:53:11:635- message sent - id:0 - topic:mqtt-roundtrip-qos2-1Byte-100-cycles_2 - qos:0 - size:1
2018-05-15_22:53:11:635- message received - id:0 - topic:mqtt-roundtrip-qos2-1Byte-100-cycles - qos:0 - size:1
2018-05-15_22:53:11:636- message sent - id:0 - topic:mqtt-roundtrip-qos2-1Byte-100-cycles_2 - qos:0 - size:1
2018-05-15_22:53:11:637- message received - id:0 - topic:mqtt-roundtrip-qos2-1Byte-100-cycles - qos:0 - size:1
2018-05-15_22:53:11:637- message sent - id:0 - topic:mqtt-roundtrip-qos2-1Byte-100-cycles_2 - qos:0 - size:1
2018-05-15_22:53:11:637- message received - id:0 - topic:mqtt-roundtrip-qos2-1Byte-100-cycles - qos:0 - size:1
2018-05-15_22:53:11:638- message sent - id:0 - topic:mqtt-roundtrip-qos2-1Byte-100-cycles_2 - qos:0 - size:1
2018-05-15_22:53:11:638- message received - id:0 - topic:mqtt-roundtrip-qos2-1Byte-100-cycles - qos:0 - size:1
2018-05-15_22:53:11:638- message sent - id:0 - topic:mqtt-roundtrip-qos2-1Byte-100-cycles_2 - qos:0 - size:1
2018-05-15_22:53:11:639- message received - id:0 - topic:mqtt-roundtrip-qos2-1Byte-100-cycles - qos:0 - size:1
2018-05-15_22:53:11:639- message sent - id:0 - topic:mqtt-roundtrip-qos2-1Byte-100-cycles_2 - qos:0 - size:1
2018-05-15_22:53:11:639- message received - id:0 - topic:mqtt-roundtrip-qos2-1Byte-100-cycles - qos:0 - size:1
2018-05-15_22:53:11:640- message sent - id:0 - topic:mqtt-roundtrip-qos2-1Byte-100-cycles_2 - qos:0 - size:1
2018-05-15_22:53:11:640- message received - id:0 - topic:mqtt-roundtrip-qos2-1Byte-100-cycles - qos:0 - size:1
2018-05-15_22:53:11:640- message sent - id:0 - topic:mqtt-roundtrip-qos2-1Byte-100-cycles_2 - qos:0 - size:1
2018-05-15_22:53:11:641- message received - id:0 - topic:mqtt-roundtrip-qos2-1Byte-100-cycles - qos:0 - size:1
2018-05-15_22:53:11:641- message sent - id:0 - topic:mqtt-roundtrip-qos2-1Byte-100-cycles_2 - qos:0 - size:1
2018-05-15_22:53:11:642- message received - id:0 - topic:mqtt-roundtrip-qos2-1Byte-100-cycles - qos:0 - size:1
2018-05-15_22:53:11:642- message sent - id:0 - topic:mqtt-roundtrip-qos2-1Byte-100-cycles_2 - qos:0 - size:1
2018-05-15_22:53:11:643- message received - id:0 - topic:mqtt-roundtrip-qos2-1Byte-100-cycles - qos:0 - size:1
2018-05-15_22:53:11:643- message sent - id:0 - topic:mqtt-roundtrip-qos2-1Byte-100-cycles_2 - qos:0 - size:1
2018-05-15_22:53:11:643- message received - id:0 - topic:mqtt-roundtrip-qos2-1Byte-100-cycles - qos:0 - size:1
2018-05-15_22:53:11:644- message sent - id:0 - topic:mqtt-roundtrip-qos2-1Byte-100-cycles_2 - qos:0 - size:1
2018-05-15_22:53:11:644- message received - id:0 - topic:mqtt-roundtrip-qos2-1Byte-100-cycles - qos:0 - size:1
2018-05-15_22:53:11:644- message sent - id:0 - topic:mqtt-roundtrip-qos2-1Byte-100-cycles_2 - qos:0 - size:1
2018-05-15_22:53:11:645- message received - id:0 - topic:mqtt-roundtrip-qos2-1Byte-100-cycles - qos:0 - size:1
2018-05-15_22:53:11:645- message sent - id:0 - topic:mqtt-roundtrip-qos2-1Byte-100-cycles_2 - qos:0 - size:1
2018-05-15_22:53:11:645- message received - id:0 - topic:mqtt-roundtrip-qos2-1Byte-100-cycles - qos:0 - size:1
2018-05-15_22:53:11:646- message sent - id:0 - topic:mqtt-roundtrip-qos2-1Byte-100-cycles_2 - qos:0 - size:1
2018-05-15_22:53:11:646- message received - id:0 - topic:mqtt-roundtrip-qos2-1Byte-100-cycles - qos:0 - size:1
2018-05-15_22:53:11:647- message sent - id:0 - topic:mqtt-roundtrip-qos2-1Byte-100-cycles_2 - qos:0 - size:1
2018-05-15_22:53:11:647- message received - id:0 - topic:mqtt-roundtrip-qos2-1Byte-100-cycles - qos:0 - size:1
2018-05-15_22:53:11:647- message sent - id:0 - topic:mqtt-roundtrip-qos2-1Byte-100-cycles_2 - qos:0 - size:1
2018-05-15_22:53:11:648- message received - id:0 - topic:mqtt-roundtrip-qos2-1Byte-100-cycles - qos:0 - size:1
2018-05-15_22:53:11:648- message sent - id:0 - topic:mqtt-roundtrip-qos2-1Byte-100-cycles_2 - qos:0 - size:1
2018-05-15_22:53:11:649- message received - id:0 - topic:mqtt-roundtrip-qos2-1Byte-100-cycles - qos:0 - size:1
2018-05-15_22:53:11:649- message sent - id:0 - topic:mqtt-roundtrip-qos2-1Byte-100-cycles_2 - qos:0 - size:1
2018-05-15_22:53:11:650- message received - id:0 - topic:mqtt-roundtrip-qos2-1Byte-100-cycles - qos:0 - size:1
2018-05-15_22:53:11:650- message sent - id:0 - topic:mqtt-roundtrip-qos2-1Byte-100-cycles_2 - qos:0 - size:1
2018-05-15_22:53:11:650- message received - id:0 - topic:mqtt-roundtrip-qos2-1Byte-100-cycles - qos:0 - size:1
2018-05-15_22:53:11:650- message sent - id:0 - topic:mqtt-roundtrip-qos2-1Byte-100-cycles_2 - qos:0 - size:1
2018-05-15_22:53:11:651- message received - id:0 - topic:mqtt-roundtrip-qos2-1Byte-100-cycles - qos:0 - size:1
2018-05-15_22:53:11:651- message sent - id:0 - topic:mqtt-roundtrip-qos2-1Byte-100-cycles_2 - qos:0 - size:1
2018-05-15_22:53:11:651- message received - id:0 - topic:mqtt-roundtrip-qos2-1Byte-100-cycles - qos:0 - size:1
2018-05-15_22:53:11:651- message sent - id:0 - topic:mqtt-roundtrip-qos2-1Byte-100-cycles_2 - qos:0 - size:1
2018-05-15_22:53:11:652- message received - id:0 - topic:mqtt-roundtrip-qos2-1Byte-100-cycles - qos:0 - size:1
2018-05-15_22:53:11:652- message sent - id:0 - topic:mqtt-roundtrip-qos2-1Byte-100-cycles_2 - qos:0 - size:1
2018-05-15_22:53:11:652- message received - id:0 - topic:mqtt-roundtrip-qos2-1Byte-100-cycles - qos:0 - size:1
2018-05-15_22:53:11:652- message sent - id:0 - topic:mqtt-roundtrip-qos2-1Byte-100-cycles_2 - qos:0 - size:1
2018-05-15_22:53:11:653- message received - id:0 - topic:mqtt-roundtrip-qos2-1Byte-100-cycles - qos:0 - size:1
2018-05-15_22:53:11:653- message sent - id:0 - topic:mqtt-roundtrip-qos2-1Byte-100-cycles_2 - qos:0 - size:1
2018-05-15_22:53:11:654- message received - id:0 - topic:mqtt-roundtrip-qos2-1Byte-100-cycles - qos:0 - size:1
2018-05-15_22:53:11:654- message sent - id:0 - topic:mqtt-roundtrip-qos2-1Byte-100-cycles_2 - qos:0 - size:1
2018-05-15_22:53:11:654- message received - id:0 - topic:mqtt-roundtrip-qos2-1Byte-100-cycles - qos:0 - size:1
2018-05-15_22:53:11:654- message sent - id:0 - topic:mqtt-roundtrip-qos2-1Byte-100-cycles_2 - qos:0 - size:1
2018-05-15_22:53:11:655- message received - id:0 - topic:mqtt-roundtrip-qos2-1Byte-100-cycles - qos:0 - size:1
2018-05-15_22:53:11:655- message sent - id:0 - topic:mqtt-roundtrip-qos2-1Byte-100-cycles_2 - qos:0 - size:1
2018-05-15_22:53:11:655- message received - id:0 - topic:mqtt-roundtrip-qos2-1Byte-100-cycles - qos:0 - size:1
2018-05-15_22:53:11:655- message sent - id:0 - topic:mqtt-roundtrip-qos2-1Byte-100-cycles_2 - qos:0 - size:1
2018-05-15_22:53:11:656- message received - id:0 - topic:mqtt-roundtrip-qos2-1Byte-100-cycles - qos:0 - size:1
2018-05-15_22:53:11:656- message sent - id:0 - topic:mqtt-roundtrip-qos2-1Byte-100-cycles_2 - qos:0 - size:1
2018-05-15_22:53:11:656- message received - id:0 - topic:mqtt-roundtrip-qos2-1Byte-100-cycles - qos:0 - size:1
2018-05-15_22:53:11:656- message sent - id:0 - topic:mqtt-roundtrip-qos2-1Byte-100-cycles_2 - qos:0 - size:1
2018-05-15_22:53:11:657- message received - id:0 - topic:mqtt-roundtrip-qos2-1Byte-100-cycles - qos:0 - size:1
2018-05-15_22:53:11:657- message sent - id:0 - topic:mqtt-roundtrip-qos2-1Byte-100-cycles_2 - qos:0 - size:1
2018-05-15_22:53:11:657- message received - id:0 - topic:mqtt-roundtrip-qos2-1Byte-100-cycles - qos:0 - size:1
2018-05-15_22:53:11:657- message sent - id:0 - topic:mqtt-roundtrip-qos2-1Byte-100-cycles_2 - qos:0 - size:1
2018-05-15_22:53:11:658- message received - id:0 - topic:mqtt-roundtrip-qos2-1Byte-100-cycles - qos:0 - size:1
2018-05-15_22:53:11:658- message sent - id:0 - topic:mqtt-roundtrip-qos2-1Byte-100-cycles_2 - qos:0 - size:1
2018-05-15_22:53:11:659- message received - id:0 - topic:mqtt-roundtrip-qos2-1Byte-100-cycles - qos:0 - size:1
2018-05-15_22:53:11:659- message sent - id:0 - topic:mqtt-roundtrip-qos2-1Byte-100-cycles_2 - qos:0 - size:1
2018-05-15_22:53:11:659- message received - id:0 - topic:mqtt-roundtrip-qos2-1Byte-100-cycles - qos:0 - size:1
2018-05-15_22:53:11:659- message sent - id:0 - topic:mqtt-roundtrip-qos2-1Byte-100-cycles_2 - qos:0 - size:1
2018-05-15_22:53:11:660- message received - id:0 - topic:mqtt-roundtrip-qos2-1Byte-100-cycles - qos:0 - size:1
2018-05-15_22:53:11:660- message sent - id:0 - topic:mqtt-roundtrip-qos2-1Byte-100-cycles_2 - qos:0 - size:1
2018-05-15_22:53:11:660- message received - id:0 - topic:mqtt-roundtrip-qos2-1Byte-100-cycles - qos:0 - size:1
2018-05-15_22:53:11:661- message sent - id:0 - topic:mqtt-roundtrip-qos2-1Byte-100-cycles_2 - qos:0 - size:1
2018-05-15_22:53:11:661- message received - id:0 - topic:mqtt-roundtrip-qos2-1Byte-100-cycles - qos:0 - size:1
2018-05-15_22:53:11:661- message sent - id:0 - topic:mqtt-roundtrip-qos2-1Byte-100-cycles_2 - qos:0 - size:1
2018-05-15_22:53:11:661- message received - id:0 - topic:mqtt-roundtrip-qos2-1Byte-100-cycles - qos:0 - size:1
2018-05-15_22:53:11:662- message sent - id:0 - topic:mqtt-roundtrip-qos2-1Byte-100-cycles_2 - qos:0 - size:1
2018-05-15_22:53:11:662- message received - id:0 - topic:mqtt-roundtrip-qos2-1Byte-100-cycles - qos:0 - size:1
2018-05-15_22:53:11:662- message sent - id:0 - topic:mqtt-roundtrip-qos2-1Byte-100-cycles_2 - qos:0 - size:1
2018-05-15_22:53:11:662- message received - id:0 - topic:mqtt-roundtrip-qos2-1Byte-100-cycles - qos:0 - size:1
2018-05-15_22:53:11:663- message sent - id:0 - topic:mqtt-roundtrip-qos2-1Byte-100-cycles_2 - qos:0 - size:1
2018-05-15_22:53:11:663- message received - id:0 - topic:mqtt-roundtrip-qos2-1Byte-100-cycles - qos:0 - size:1
2018-05-15_22:53:11:663- message sent - id:0 - topic:mqtt-roundtrip-qos2-1Byte-100-cycles_2 - qos:0 - size:1
2018-05-15_22:53:11:663- message received - id:0 - topic:mqtt-roundtrip-qos2-1Byte-100-cycles - qos:0 - size:1
2018-05-15_22:53:11:664- message sent - id:0 - topic:mqtt-roundtrip-qos2-1Byte-100-cycles_2 - qos:0 - size:1
2018-05-15_22:53:11:664- message received - id:0 - topic:mqtt-roundtrip-qos2-1Byte-100-cycles - qos:0 - size:1
2018-05-15_22:53:11:664- message sent - id:0 - topic:mqtt-roundtrip-qos2-1Byte-100-cycles_2 - qos:0 - size:1
2018-05-15_22:53:11:664- message received - id:0 - topic:mqtt-roundtrip-qos2-1Byte-100-cycles - qos:0 - size:1
2018-05-15_22:53:11:665- message sent - id:0 - topic:mqtt-roundtrip-qos2-1Byte-100-cycles_2 - qos:0 - size:1
2018-05-15_22:53:11:665- message received - id:0 - topic:mqtt-roundtrip-qos2-1Byte-100-cycles - qos:0 - size:1
2018-05-15_22:53:11:665- message sent - id:0 - topic:mqtt-roundtrip-qos2-1Byte-100-cycles_2 - qos:0 - size:1
2018-05-15_22:53:11:666- message received - id:0 - topic:mqtt-roundtrip-qos2-1Byte-100-cycles - qos:0 - size:1
2018-05-15_22:53:11:666- message sent - id:0 - topic:mqtt-roundtrip-qos2-1Byte-100-cycles_2 - qos:0 - size:1
2018-05-15_22:53:11:666- message received - id:0 - topic:mqtt-roundtrip-qos2-1Byte-100-cycles - qos:0 - size:1
2018-05-15_22:53:11:666- message sent - id:0 - topic:mqtt-roundtrip-qos2-1Byte-100-cycles_2 - qos:0 - size:1
2018-05-15_22:53:11:667- message received - id:0 - topic:mqtt-roundtrip-qos2-1Byte-100-cycles - qos:0 - size:1
2018-05-15_22:53:11:667- message sent - id:0 - topic:mqtt-roundtrip-qos2-1Byte-100-cycles_2 - qos:0 - size:1
2018-05-15_22:53:11:667- message received - id:0 - topic:mqtt-roundtrip-qos2-1Byte-100-cycles - qos:0 - size:1
2018-05-15_22:53:11:667- message sent - id:0 - topic:mqtt-roundtrip-qos2-1Byte-100-cycles_2 - qos:0 - size:1
2018-05-15_22:53:11:667- message received - id:0 - topic:mqtt-roundtrip-qos2-1Byte-100-cycles - qos:0 - size:1
2018-05-15_22:53:11:668- message sent - id:0 - topic:mqtt-roundtrip-qos2-1Byte-100-cycles_2 - qos:0 - size:1
2018-05-15_22:53:11:668- message received - id:0 - topic:mqtt-roundtrip-qos2-1Byte-100-cycles - qos:0 - size:1
2018-05-15_22:53:11:668- message sent - id:0 - topic:mqtt-roundtrip-qos2-1Byte-100-cycles_2 - qos:0 - size:1
2018-05-15_22:53:11:668- message received - id:0 - topic:mqtt-roundtrip-qos2-1Byte-100-cycles - qos:0 - size:1
2018-05-15_22:53:11:669- message sent - id:0 - topic:mqtt-roundtrip-qos2-1Byte-100-cycles_2 - qos:0 - size:1
2018-05-15_22:53:11:669- message received - id:0 - topic:mqtt-roundtrip-qos2-1Byte-100-cycles - qos:0 - size:1
2018-05-15_22:53:11:669- message sent - id:0 - topic:mqtt-roundtrip-qos2-1Byte-100-cycles_2 - qos:0 - size:1
2018-05-15_22:53:11:669- message received - id:0 - topic:mqtt-roundtrip-qos2-1Byte-100-cycles - qos:0 - size:1
2018-05-15_22:53:11:670- message sent - id:0 - topic:mqtt-roundtrip-qos2-1Byte-100-cycles_2 - qos:0 - size:1
2018-05-15_22:53:11:670- message received - id:0 - topic:mqtt-roundtrip-qos2-1Byte-100-cycles - qos:0 - size:1
2018-05-15_22:53:11:670- message sent - id:0 - topic:mqtt-roundtrip-qos2-1Byte-100-cycles_2 - qos:0 - size:1
2018-05-15_22:53:11:670- message received - id:0 - topic:mqtt-roundtrip-qos2-1Byte-100-cycles - qos:0 - size:1
2018-05-15_22:53:11:671- message sent - id:0 - topic:mqtt-roundtrip-qos2-1Byte-100-cycles_2 - qos:0 - size:1
2018-05-15_22:53:11:671- message received - id:0 - topic:mqtt-roundtrip-qos2-1Byte-100-cycles - qos:0 - size:1
2018-05-15_22:53:11:671- message sent - id:0 - topic:mqtt-roundtrip-qos2-1Byte-100-cycles_2 - qos:0 - size:1
2018-05-15_22:53:11:671- message received - id:0 - topic:mqtt-roundtrip-qos2-1Byte-100-cycles - qos:0 - size:1
2018-05-15_22:53:11:672- message sent - id:0 - topic:mqtt-roundtrip-qos2-1Byte-100-cycles_2 - qos:0 - size:1
2018-05-15_22:53:11:672- message received - id:0 - topic:mqtt-roundtrip-qos2-1Byte-100-cycles - qos:0 - size:1
2018-05-15_22:53:11:672- message sent - id:0 - topic:mqtt-roundtrip-qos2-1Byte-100-cycles_2 - qos:0 - size:1
2018-05-15_22:53:11:672- message received - id:0 - topic:mqtt-roundtrip-qos2-1Byte-100-cycles - qos:0 - size:1
2018-05-15_22:53:11:673- message sent - id:0 - topic:mqtt-roundtrip-qos2-1Byte-100-cycles_2 - qos:0 - size:1
2018-05-15_22:53:11:673- message received - id:0 - topic:mqtt-roundtrip-qos2-1Byte-100-cycles - qos:0 - size:1
2018-05-15_22:53:11:673- message sent - id:0 - topic:mqtt-roundtrip-qos2-1Byte-100-cycles_2 - qos:0 - size:1
2018-05-15_22:53:11:673- message received - id:0 - topic:mqtt-roundtrip-qos2-1Byte-100-cycles - qos:0 - size:1
2018-05-15_22:53:11:673- message sent - id:0 - topic:mqtt-roundtrip-qos2-1Byte-100-cycles_2 - qos:0 - size:1
2018-05-15_22:53:11:674- message received - id:0 - topic:mqtt-roundtrip-qos2-1Byte-100-cycles - qos:0 - size:1
2018-05-15_22:53:11:674- message sent - id:0 - topic:mqtt-roundtrip-qos2-1Byte-100-cycles_2 - qos:0 - size:1
2018-05-15_22:53:11:674- message received - id:0 - topic:mqtt-roundtrip-qos2-1Byte-100-cycles - qos:0 - size:1
2018-05-15_22:53:11:675- message sent - id:0 - topic:mqtt-roundtrip-qos2-1Byte-100-cycles_2 - qos:0 - size:1
2018-05-15_22:53:11:675- message received - id:0 - topic:mqtt-roundtrip-qos2-1Byte-100-cycles - qos:0 - size:1
2018-05-15_22:53:11:675- message sent - id:0 - topic:mqtt-roundtrip-qos2-1Byte-100-cycles_2 - qos:0 - size:1
2018-05-15_22:53:11:675- message received - id:0 - topic:mqtt-roundtrip-qos2-1Byte-100-cycles - qos:0 - size:1
2018-05-15_22:53:11:676- message sent - id:0 - topic:mqtt-roundtrip-qos2-1Byte-100-cycles_2 - qos:0 - size:1
2018-05-15_22:53:11:676- message received - id:0 - topic:mqtt-roundtrip-qos2-1Byte-100-cycles - qos:0 - size:1
2018-05-15_22:53:11:676- message sent - id:0 - topic:mqtt-roundtrip-qos2-1Byte-100-cycles_2 - qos:0 - size:1
2018-05-15_22:53:11:677- message received - id:0 - topic:mqtt-roundtrip-qos2-1Byte-100-cycles - qos:0 - size:1
2018-05-15_22:53:11:677- message sent - id:0 - topic:mqtt-roundtrip-qos2-1Byte-100-cycles_2 - qos:0 - size:1
2018-05-15_22:53:11:677- message received - id:0 - topic:mqtt-roundtrip-qos2-1Byte-100-cycles - qos:0 - size:1
2018-05-15_22:53:11:677- message sent - id:0 - topic:mqtt-roundtrip-qos2-1Byte-100-cycles_2 - qos:0 - size:1
2018-05-15_22:53:11:678- message received - id:0 - topic:mqtt-roundtrip-qos2-1Byte-100-cycles - qos:0 - size:1
2018-05-15_22:53:11:678- message sent - id:0 - topic:mqtt-roundtrip-qos2-1Byte-100-cycles_2 - qos:0 - size:1
2018-05-15_22:53:11:678- message received - id:0 - topic:mqtt-roundtrip-qos2-1Byte-100-cycles - qos:0 - size:1
2018-05-15_22:53:11:678- message sent - id:0 - topic:mqtt-roundtrip-qos2-1Byte-100-cycles_2 - qos:0 - size:1
2018-05-15_22:53:11:678- message received - id:0 - topic:mqtt-roundtrip-qos2-1Byte-100-cycles - qos:0 - size:1
2018-05-15_22:53:11:679- message sent - id:0 - topic:mqtt-roundtrip-qos2-1Byte-100-cycles_2 - qos:0 - size:1
2018-05-15_22:53:11:679- message received - id:0 - topic:mqtt-roundtrip-qos2-1Byte-100-cycles - qos:0 - size:1
2018-05-15_22:53:11:679- message sent - id:0 - topic:mqtt-roundtrip-qos2-1Byte-100-cycles_2 - qos:0 - size:1
2018-05-15_22:53:11:679- message received - id:0 - topic:mqtt-roundtrip-qos2-1Byte-100-cycles - qos:0 - size:1
2018-05-15_22:53:11:680- message sent - id:0 - topic:mqtt-roundtrip-qos2-1Byte-100-cycles_2 - qos:0 - size:1
2018-05-15_22:53:11:680- message received - id:0 - topic:mqtt-roundtrip-qos2-1Byte-100-cycles - qos:0 - size:1
2018-05-15_22:53:11:680- message sent - id:0 - topic:mqtt-roundtrip-qos2-1Byte-100-cycles_2 - qos:0 - size:1
2018-05-15_22:53:11:680- message received - id:0 - topic:mqtt-roundtrip-qos2-1Byte-100-cycles - qos:0 - size:1
2018-05-15_22:53:11:680- message sent - id:0 - topic:mqtt-roundtrip-qos2-1Byte-100-cycles_2 - qos:0 - size:1
2018-05-15_22:53:11:681- message received - id:0 - topic:mqtt-roundtrip-qos2-1Byte-100-cycles - qos:0 - size:1
2018-05-15_22:53:11:681- message sent - id:0 - topic:mqtt-roundtrip-qos2-1Byte-100-cycles_2 - qos:0 - size:1
2018-05-15_22:53:11:681- message received - id:0 - topic:mqtt-roundtrip-qos2-1Byte-100-cycles - qos:0 - size:1
2018-05-15_22:53:11:681- message sent - id:0 - topic:mqtt-roundtrip-qos2-1Byte-100-cycles_2 - qos:0 - size:1
2018-05-15_22:53:11:682- message received - id:0 - topic:mqtt-roundtrip-qos2-1Byte-100-cycles - qos:0 - size:1
2018-05-15_22:53:11:682- message sent - id:0 - topic:mqtt-roundtrip-qos2-1Byte-100-cycles_2 - qos:0 - size:1
2018-05-15_22:53:11:682- message received - id:0 - topic:mqtt-roundtrip-qos2-1Byte-100-cycles - qos:0 - size:1
2018-05-15_22:53:11:682- message sent - id:0 - topic:mqtt-roundtrip-qos2-1Byte-100-cycles_2 - qos:0 - size:1
2018-05-15_22:53:11:682- message received - id:0 - topic:mqtt-roundtrip-qos2-1Byte-100-cycles - qos:0 - size:1
2018-05-15_22:53:11:682- message sent - id:0 - topic:mqtt-roundtrip-qos2-1Byte-100-cycles_2 - qos:0 - size:1
2018-05-15_22:53:11:683- message received - id:0 - topic:mqtt-roundtrip-qos2-1Byte-100-cycles - qos:0 - size:1
2018-05-15_22:53:11:683- message sent - id:0 - topic:mqtt-roundtrip-qos2-1Byte-100-cycles_2 - qos:0 - size:1
2018-05-15_22:53:11:683- message received - id:0 - topic:mqtt-roundtrip-qos2-1Byte-100-cycles - qos:0 - size:1
2018-05-15_22:53:11:683- message sent - id:0 - topic:mqtt-roundtrip-qos2-1Byte-100-cycles_2 - qos:0 - size:1
2018-05-15_22:53:11:684- message received - id:0 - topic:mqtt-roundtrip-qos2-1Byte-100-cycles - qos:0 - size:1
2018-05-15_22:53:11:684- message sent - id:0 - topic:mqtt-roundtrip-qos2-1Byte-100-cycles_2 - qos:0 - size:1
2018-05-15_22:53:11:684- message received - id:0 - topic:mqtt-roundtrip-qos2-1Byte-100-cycles - qos:0 - size:1
2018-05-15_22:53:11:684- message sent - id:0 - topic:mqtt-roundtrip-qos2-1Byte-100-cycles_2 - qos:0 - size:1
2018-05-15_22:53:11:684- message received - id:0 - topic:mqtt-roundtrip-qos2-1Byte-100-cycles - qos:0 - size:1
2018-05-15_22:53:11:685- message sent - id:0 - topic:mqtt-roundtrip-qos2-1Byte-100-cycles_2 - qos:0 - size:1
