2018-05-15_23:01:33:518- connecting to broker 192.168.1.100:1883
2018-05-15_23:01:33:519- Subscribing to topic mqtt-roundtrip-qos2-10Byte-100-cycles_2
2018-05-15_23:01:33:519- subscribe returned (0, 1)
2018-05-15_23:01:33:520- Client connected to broker
2018-05-15_23:03:40:611- connecting to broker 192.168.1.100:1883
2018-05-15_23:03:40:612- Subscribing to topic mqtt-roundtrip-qos2-10Byte-100-cycles_2
2018-05-15_23:03:40:612- subscribe returned (0, 1)
2018-05-15_23:03:40:612- Client connected to broker
2018-05-15_23:03:47:072- Performing message publishing for 100 cycles
2018-05-15_23:03:47:078- message sent - id:2 - topic:mqtt-roundtrip-qos2-10Byte-100-cycles - qos:2 - size:10
2018-05-15_23:03:47:079- message sent - id:3 - topic:mqtt-roundtrip-qos2-10Byte-100-cycles - qos:2 - size:10
2018-05-15_23:03:47:079- message sent - id:4 - topic:mqtt-roundtrip-qos2-10Byte-100-cycles - qos:2 - size:10
2018-05-15_23:03:47:079- message sent - id:5 - topic:mqtt-roundtrip-qos2-10Byte-100-cycles - qos:2 - size:10
2018-05-15_23:03:47:079- message sent - id:6 - topic:mqtt-roundtrip-qos2-10Byte-100-cycles - qos:2 - size:10
2018-05-15_23:03:47:080- message sent - id:7 - topic:mqtt-roundtrip-qos2-10Byte-100-cycles - qos:2 - size:10
2018-05-15_23:03:47:080- message sent - id:8 - topic:mqtt-roundtrip-qos2-10Byte-100-cycles - qos:2 - size:10
2018-05-15_23:03:47:080- message sent - id:9 - topic:mqtt-roundtrip-qos2-10Byte-100-cycles - qos:2 - size:10
2018-05-15_23:03:47:080- message sent - id:10 - topic:mqtt-roundtrip-qos2-10Byte-100-cycles - qos:2 - size:10
2018-05-15_23:03:47:080- message sent - id:11 - topic:mqtt-roundtrip-qos2-10Byte-100-cycles - qos:2 - size:10
2018-05-15_23:03:47:081- message sent - id:12 - topic:mqtt-roundtrip-qos2-10Byte-100-cycles - qos:2 - size:10
2018-05-15_23:03:47:081- message sent - id:13 - topic:mqtt-roundtrip-qos2-10Byte-100-cycles - qos:2 - size:10
2018-05-15_23:03:47:081- message sent - id:14 - topic:mqtt-roundtrip-qos2-10Byte-100-cycles - qos:2 - size:10
2018-05-15_23:03:47:081- message sent - id:15 - topic:mqtt-roundtrip-qos2-10Byte-100-cycles - qos:2 - size:10
2018-05-15_23:03:47:081- message sent - id:16 - topic:mqtt-roundtrip-qos2-10Byte-100-cycles - qos:2 - size:10
2018-05-15_23:03:47:081- message sent - id:17 - topic:mqtt-roundtrip-qos2-10Byte-100-cycles - qos:2 - size:10
2018-05-15_23:03:47:082- message sent - id:18 - topic:mqtt-roundtrip-qos2-10Byte-100-cycles - qos:2 - size:10
2018-05-15_23:03:47:082- message received - id:0 - topic:mqtt-roundtrip-qos2-10Byte-100-cycles_2 - qos:0 - size:10
2018-05-15_23:03:47:083- message sent - id:19 - topic:mqtt-roundtrip-qos2-10Byte-100-cycles - qos:2 - size:10
2018-05-15_23:03:47:083- message sent - id:20 - topic:mqtt-roundtrip-qos2-10Byte-100-cycles - qos:2 - size:10
2018-05-15_23:03:47:083- message sent - id:21 - topic:mqtt-roundtrip-qos2-10Byte-100-cycles - qos:2 - size:10
2018-05-15_23:03:47:085- message sent - id:22 - topic:mqtt-roundtrip-qos2-10Byte-100-cycles - qos:2 - size:10
2018-05-15_23:03:47:085- message sent - id:23 - topic:mqtt-roundtrip-qos2-10Byte-100-cycles - qos:2 - size:10
2018-05-15_23:03:47:085- message sent - id:24 - topic:mqtt-roundtrip-qos2-10Byte-100-cycles - qos:2 - size:10
2018-05-15_23:03:47:085- message sent - id:25 - topic:mqtt-roundtrip-qos2-10Byte-100-cycles - qos:2 - size:10
2018-05-15_23:03:47:085- message sent - id:26 - topic:mqtt-roundtrip-qos2-10Byte-100-cycles - qos:2 - size:10
2018-05-15_23:03:47:086- message sent - id:27 - topic:mqtt-roundtrip-qos2-10Byte-100-cycles - qos:2 - size:10
2018-05-15_23:03:47:086- message sent - id:28 - topic:mqtt-roundtrip-qos2-10Byte-100-cycles - qos:2 - size:10
2018-05-15_23:03:47:086- message sent - id:29 - topic:mqtt-roundtrip-qos2-10Byte-100-cycles - qos:2 - size:10
2018-05-15_23:03:47:086- message sent - id:30 - topic:mqtt-roundtrip-qos2-10Byte-100-cycles - qos:2 - size:10
2018-05-15_23:03:47:087- message sent - id:31 - topic:mqtt-roundtrip-qos2-10Byte-100-cycles - qos:2 - size:10
2018-05-15_23:03:47:087- message sent - id:32 - topic:mqtt-roundtrip-qos2-10Byte-100-cycles - qos:2 - size:10
2018-05-15_23:03:47:087- message sent - id:33 - topic:mqtt-roundtrip-qos2-10Byte-100-cycles - qos:2 - size:10
2018-05-15_23:03:47:087- message sent - id:34 - topic:mqtt-roundtrip-qos2-10Byte-100-cycles - qos:2 - size:10
2018-05-15_23:03:47:087- message sent - id:35 - topic:mqtt-roundtrip-qos2-10Byte-100-cycles - qos:2 - size:10
2018-05-15_23:03:47:087- message sent - id:36 - topic:mqtt-roundtrip-qos2-10Byte-100-cycles - qos:2 - size:10
2018-05-15_23:03:47:087- message sent - id:37 - topic:mqtt-roundtrip-qos2-10Byte-100-cycles - qos:2 - size:10
2018-05-15_23:03:47:088- message sent - id:38 - topic:mqtt-roundtrip-qos2-10Byte-100-cycles - qos:2 - size:10
2018-05-15_23:03:47:088- message sent - id:39 - topic:mqtt-roundtrip-qos2-10Byte-100-cycles - qos:2 - size:10
2018-05-15_23:03:47:088- message sent - id:40 - topic:mqtt-roundtrip-qos2-10Byte-100-cycles - qos:2 - size:10
2018-05-15_23:03:47:088- message sent - id:41 - topic:mqtt-roundtrip-qos2-10Byte-100-cycles - qos:2 - size:10
2018-05-15_23:03:47:090- message sent - id:42 - topic:mqtt-roundtrip-qos2-10Byte-100-cycles - qos:2 - size:10
2018-05-15_23:03:47:090- message sent - id:43 - topic:mqtt-roundtrip-qos2-10Byte-100-cycles - qos:2 - size:10
2018-05-15_23:03:47:090- message sent - id:44 - topic:mqtt-roundtrip-qos2-10Byte-100-cycles - qos:2 - size:10
2018-05-15_23:03:47:091- message sent - id:45 - topic:mqtt-roundtrip-qos2-10Byte-100-cycles - qos:2 - size:10
2018-05-15_23:03:47:091- message sent - id:46 - topic:mqtt-roundtrip-qos2-10Byte-100-cycles - qos:2 - size:10
2018-05-15_23:03:47:091- message sent - id:47 - topic:mqtt-roundtrip-qos2-10Byte-100-cycles - qos:2 - size:10
2018-05-15_23:03:47:091- message sent - id:48 - topic:mqtt-roundtrip-qos2-10Byte-100-cycles - qos:2 - size:10
2018-05-15_23:03:47:092- message sent - id:49 - topic:mqtt-roundtrip-qos2-10Byte-100-cycles - qos:2 - size:10
2018-05-15_23:03:47:092- message sent - id:50 - topic:mqtt-roundtrip-qos2-10Byte-100-cycles - qos:2 - size:10
2018-05-15_23:03:47:092- message sent - id:51 - topic:mqtt-roundtrip-qos2-10Byte-100-cycles - qos:2 - size:10
2018-05-15_23:03:47:092- message sent - id:52 - topic:mqtt-roundtrip-qos2-10Byte-100-cycles - qos:2 - size:10
2018-05-15_23:03:47:092- message sent - id:53 - topic:mqtt-roundtrip-qos2-10Byte-100-cycles - qos:2 - size:10
2018-05-15_23:03:47:093- message received - id:0 - topic:mqtt-roundtrip-qos2-10Byte-100-cycles_2 - qos:0 - size:10
2018-05-15_23:03:47:093- message sent - id:54 - topic:mqtt-roundtrip-qos2-10Byte-100-cycles - qos:2 - size:10
2018-05-15_23:03:47:093- message received - id:0 - topic:mqtt-roundtrip-qos2-10Byte-100-cycles_2 - qos:0 - size:10
2018-05-15_23:03:47:093- message sent - id:55 - topic:mqtt-roundtrip-qos2-10Byte-100-cycles - qos:2 - size:10
2018-05-15_23:03:47:093- message received - id:0 - topic:mqtt-roundtrip-qos2-10Byte-100-cycles_2 - qos:0 - size:10
2018-05-15_23:03:47:093- message sent - id:56 - topic:mqtt-roundtrip-qos2-10Byte-100-cycles - qos:2 - size:10
2018-05-15_23:03:47:093- message received - id:0 - topic:mqtt-roundtrip-qos2-10Byte-100-cycles_2 - qos:0 - size:10
2018-05-15_23:03:47:094- message sent - id:57 - topic:mqtt-roundtrip-qos2-10Byte-100-cycles - qos:2 - size:10
2018-05-15_23:03:47:094- message received - id:0 - topic:mqtt-roundtrip-qos2-10Byte-100-cycles_2 - qos:0 - size:10
2018-05-15_23:03:47:094- message sent - id:58 - topic:mqtt-roundtrip-qos2-10Byte-100-cycles - qos:2 - size:10
2018-05-15_23:03:47:095- message received - id:0 - topic:mqtt-roundtrip-qos2-10Byte-100-cycles_2 - qos:0 - size:10
2018-05-15_23:03:47:095- message sent - id:59 - topic:mqtt-roundtrip-qos2-10Byte-100-cycles - qos:2 - size:10
2018-05-15_23:03:47:095- message received - id:0 - topic:mqtt-roundtrip-qos2-10Byte-100-cycles_2 - qos:0 - size:10
2018-05-15_23:03:47:095- message sent - id:60 - topic:mqtt-roundtrip-qos2-10Byte-100-cycles - qos:2 - size:10
2018-05-15_23:03:47:095- message received - id:0 - topic:mqtt-roundtrip-qos2-10Byte-100-cycles_2 - qos:0 - size:10
2018-05-15_23:03:47:095- message sent - id:61 - topic:mqtt-roundtrip-qos2-10Byte-100-cycles - qos:2 - size:10
2018-05-15_23:03:47:095- message received - id:0 - topic:mqtt-roundtrip-qos2-10Byte-100-cycles_2 - qos:0 - size:10
2018-05-15_23:03:47:096- message received - id:0 - topic:mqtt-roundtrip-qos2-10Byte-100-cycles_2 - qos:0 - size:10
2018-05-15_23:03:47:096- message received - id:0 - topic:mqtt-roundtrip-qos2-10Byte-100-cycles_2 - qos:0 - size:10
2018-05-15_23:03:47:096- message received - id:0 - topic:mqtt-roundtrip-qos2-10Byte-100-cycles_2 - qos:0 - size:10
2018-05-15_23:03:47:096- message received - id:0 - topic:mqtt-roundtrip-qos2-10Byte-100-cycles_2 - qos:0 - size:10
2018-05-15_23:03:47:096- message received - id:0 - topic:mqtt-roundtrip-qos2-10Byte-100-cycles_2 - qos:0 - size:10
2018-05-15_23:03:47:097- message received - id:0 - topic:mqtt-roundtrip-qos2-10Byte-100-cycles_2 - qos:0 - size:10
2018-05-15_23:03:47:097- message received - id:0 - topic:mqtt-roundtrip-qos2-10Byte-100-cycles_2 - qos:0 - size:10
2018-05-15_23:03:47:097- message received - id:0 - topic:mqtt-roundtrip-qos2-10Byte-100-cycles_2 - qos:0 - size:10
2018-05-15_23:03:47:097- message received - id:0 - topic:mqtt-roundtrip-qos2-10Byte-100-cycles_2 - qos:0 - size:10
2018-05-15_23:03:47:097- message received - id:0 - topic:mqtt-roundtrip-qos2-10Byte-100-cycles_2 - qos:0 - size:10
2018-05-15_23:03:47:097- message received - id:0 - topic:mqtt-roundtrip-qos2-10Byte-100-cycles_2 - qos:0 - size:10
2018-05-15_23:03:47:099- message sent - id:62 - topic:mqtt-roundtrip-qos2-10Byte-100-cycles - qos:2 - size:10
2018-05-15_23:03:47:099- message sent - id:63 - topic:mqtt-roundtrip-qos2-10Byte-100-cycles - qos:2 - size:10
2018-05-15_23:03:47:099- message sent - id:64 - topic:mqtt-roundtrip-qos2-10Byte-100-cycles - qos:2 - size:10
2018-05-15_23:03:47:100- message sent - id:65 - topic:mqtt-roundtrip-qos2-10Byte-100-cycles - qos:2 - size:10
2018-05-15_23:03:47:100- message sent - id:66 - topic:mqtt-roundtrip-qos2-10Byte-100-cycles - qos:2 - size:10
2018-05-15_23:03:47:100- message received - id:0 - topic:mqtt-roundtrip-qos2-10Byte-100-cycles_2 - qos:0 - size:10
2018-05-15_23:03:47:100- message sent - id:67 - topic:mqtt-roundtrip-qos2-10Byte-100-cycles - qos:2 - size:10
2018-05-15_23:03:47:101- message received - id:0 - topic:mqtt-roundtrip-qos2-10Byte-100-cycles_2 - qos:0 - size:10
2018-05-15_23:03:47:101- message sent - id:68 - topic:mqtt-roundtrip-qos2-10Byte-100-cycles - qos:2 - size:10
2018-05-15_23:03:47:101- message received - id:0 - topic:mqtt-roundtrip-qos2-10Byte-100-cycles_2 - qos:0 - size:10
2018-05-15_23:03:47:101- message sent - id:69 - topic:mqtt-roundtrip-qos2-10Byte-100-cycles - qos:2 - size:10
2018-05-15_23:03:47:102- message received - id:0 - topic:mqtt-roundtrip-qos2-10Byte-100-cycles_2 - qos:0 - size:10
2018-05-15_23:03:47:102- message sent - id:70 - topic:mqtt-roundtrip-qos2-10Byte-100-cycles - qos:2 - size:10
2018-05-15_23:03:47:102- message received - id:0 - topic:mqtt-roundtrip-qos2-10Byte-100-cycles_2 - qos:0 - size:10
2018-05-15_23:03:47:102- message sent - id:71 - topic:mqtt-roundtrip-qos2-10Byte-100-cycles - qos:2 - size:10
2018-05-15_23:03:47:102- message received - id:0 - topic:mqtt-roundtrip-qos2-10Byte-100-cycles_2 - qos:0 - size:10
2018-05-15_23:03:47:103- message sent - id:72 - topic:mqtt-roundtrip-qos2-10Byte-100-cycles - qos:2 - size:10
2018-05-15_23:03:47:103- message received - id:0 - topic:mqtt-roundtrip-qos2-10Byte-100-cycles_2 - qos:0 - size:10
2018-05-15_23:03:47:103- message sent - id:73 - topic:mqtt-roundtrip-qos2-10Byte-100-cycles - qos:2 - size:10
2018-05-15_23:03:47:104- message received - id:0 - topic:mqtt-roundtrip-qos2-10Byte-100-cycles_2 - qos:0 - size:10
2018-05-15_23:03:47:104- message sent - id:74 - topic:mqtt-roundtrip-qos2-10Byte-100-cycles - qos:2 - size:10
2018-05-15_23:03:47:104- message received - id:0 - topic:mqtt-roundtrip-qos2-10Byte-100-cycles_2 - qos:0 - size:10
2018-05-15_23:03:47:104- message sent - id:75 - topic:mqtt-roundtrip-qos2-10Byte-100-cycles - qos:2 - size:10
2018-05-15_23:03:47:104- message received - id:0 - topic:mqtt-roundtrip-qos2-10Byte-100-cycles_2 - qos:0 - size:10
2018-05-15_23:03:47:104- message sent - id:76 - topic:mqtt-roundtrip-qos2-10Byte-100-cycles - qos:2 - size:10
2018-05-15_23:03:47:104- message received - id:0 - topic:mqtt-roundtrip-qos2-10Byte-100-cycles_2 - qos:0 - size:10
2018-05-15_23:03:47:105- message sent - id:77 - topic:mqtt-roundtrip-qos2-10Byte-100-cycles - qos:2 - size:10
2018-05-15_23:03:47:105- message received - id:0 - topic:mqtt-roundtrip-qos2-10Byte-100-cycles_2 - qos:0 - size:10
2018-05-15_23:03:47:105- message sent - id:78 - topic:mqtt-roundtrip-qos2-10Byte-100-cycles - qos:2 - size:10
2018-05-15_23:03:47:105- message received - id:0 - topic:mqtt-roundtrip-qos2-10Byte-100-cycles_2 - qos:0 - size:10
2018-05-15_23:03:47:105- message sent - id:79 - topic:mqtt-roundtrip-qos2-10Byte-100-cycles - qos:2 - size:10
2018-05-15_23:03:47:105- message received - id:0 - topic:mqtt-roundtrip-qos2-10Byte-100-cycles_2 - qos:0 - size:10
2018-05-15_23:03:47:105- message sent - id:80 - topic:mqtt-roundtrip-qos2-10Byte-100-cycles - qos:2 - size:10
2018-05-15_23:03:47:106- message received - id:0 - topic:mqtt-roundtrip-qos2-10Byte-100-cycles_2 - qos:0 - size:10
2018-05-15_23:03:47:106- message sent - id:81 - topic:mqtt-roundtrip-qos2-10Byte-100-cycles - qos:2 - size:10
2018-05-15_23:03:47:106- message received - id:0 - topic:mqtt-roundtrip-qos2-10Byte-100-cycles_2 - qos:0 - size:10
2018-05-15_23:03:47:106- message received - id:0 - topic:mqtt-roundtrip-qos2-10Byte-100-cycles_2 - qos:0 - size:10
2018-05-15_23:03:47:106- message received - id:0 - topic:mqtt-roundtrip-qos2-10Byte-100-cycles_2 - qos:0 - size:10
2018-05-15_23:03:47:106- message received - id:0 - topic:mqtt-roundtrip-qos2-10Byte-100-cycles_2 - qos:0 - size:10
2018-05-15_23:03:47:107- message received - id:0 - topic:mqtt-roundtrip-qos2-10Byte-100-cycles_2 - qos:0 - size:10
2018-05-15_23:03:47:107- message received - id:0 - topic:mqtt-roundtrip-qos2-10Byte-100-cycles_2 - qos:0 - size:10
2018-05-15_23:03:47:107- message received - id:0 - topic:mqtt-roundtrip-qos2-10Byte-100-cycles_2 - qos:0 - size:10
2018-05-15_23:03:47:107- message received - id:0 - topic:mqtt-roundtrip-qos2-10Byte-100-cycles_2 - qos:0 - size:10
2018-05-15_23:03:47:109- message sent - id:82 - topic:mqtt-roundtrip-qos2-10Byte-100-cycles - qos:2 - size:10
2018-05-15_23:03:47:109- message sent - id:83 - topic:mqtt-roundtrip-qos2-10Byte-100-cycles - qos:2 - size:10
2018-05-15_23:03:47:109- message sent - id:84 - topic:mqtt-roundtrip-qos2-10Byte-100-cycles - qos:2 - size:10
2018-05-15_23:03:47:110- message sent - id:85 - topic:mqtt-roundtrip-qos2-10Byte-100-cycles - qos:2 - size:10
2018-05-15_23:03:47:110- message sent - id:86 - topic:mqtt-roundtrip-qos2-10Byte-100-cycles - qos:2 - size:10
2018-05-15_23:03:47:110- message sent - id:87 - topic:mqtt-roundtrip-qos2-10Byte-100-cycles - qos:2 - size:10
2018-05-15_23:03:47:110- message sent - id:88 - topic:mqtt-roundtrip-qos2-10Byte-100-cycles - qos:2 - size:10
2018-05-15_23:03:47:110- message received - id:0 - topic:mqtt-roundtrip-qos2-10Byte-100-cycles_2 - qos:0 - size:10
2018-05-15_23:03:47:123- message sent - id:89 - topic:mqtt-roundtrip-qos2-10Byte-100-cycles - qos:2 - size:10
2018-05-15_23:03:47:123- message received - id:0 - topic:mqtt-roundtrip-qos2-10Byte-100-cycles_2 - qos:0 - size:10
2018-05-15_23:03:47:123- message sent - id:90 - topic:mqtt-roundtrip-qos2-10Byte-100-cycles - qos:2 - size:10
2018-05-15_23:03:47:123- message received - id:0 - topic:mqtt-roundtrip-qos2-10Byte-100-cycles_2 - qos:0 - size:10
2018-05-15_23:03:47:123- message sent - id:91 - topic:mqtt-roundtrip-qos2-10Byte-100-cycles - qos:2 - size:10
2018-05-15_23:03:47:123- message received - id:0 - topic:mqtt-roundtrip-qos2-10Byte-100-cycles_2 - qos:0 - size:10
2018-05-15_23:03:47:124- message sent - id:92 - topic:mqtt-roundtrip-qos2-10Byte-100-cycles - qos:2 - size:10
2018-05-15_23:03:47:124- message received - id:0 - topic:mqtt-roundtrip-qos2-10Byte-100-cycles_2 - qos:0 - size:10
2018-05-15_23:03:47:124- message sent - id:93 - topic:mqtt-roundtrip-qos2-10Byte-100-cycles - qos:2 - size:10
2018-05-15_23:03:47:124- message received - id:0 - topic:mqtt-roundtrip-qos2-10Byte-100-cycles_2 - qos:0 - size:10
2018-05-15_23:03:47:124- message sent - id:94 - topic:mqtt-roundtrip-qos2-10Byte-100-cycles - qos:2 - size:10
2018-05-15_23:03:47:124- message received - id:0 - topic:mqtt-roundtrip-qos2-10Byte-100-cycles_2 - qos:0 - size:10
2018-05-15_23:03:47:124- message sent - id:95 - topic:mqtt-roundtrip-qos2-10Byte-100-cycles - qos:2 - size:10
2018-05-15_23:03:47:125- message received - id:0 - topic:mqtt-roundtrip-qos2-10Byte-100-cycles_2 - qos:0 - size:10
2018-05-15_23:03:47:125- message sent - id:96 - topic:mqtt-roundtrip-qos2-10Byte-100-cycles - qos:2 - size:10
2018-05-15_23:03:47:125- message received - id:0 - topic:mqtt-roundtrip-qos2-10Byte-100-cycles_2 - qos:0 - size:10
2018-05-15_23:03:47:125- message sent - id:97 - topic:mqtt-roundtrip-qos2-10Byte-100-cycles - qos:2 - size:10
2018-05-15_23:03:47:125- message received - id:0 - topic:mqtt-roundtrip-qos2-10Byte-100-cycles_2 - qos:0 - size:10
2018-05-15_23:03:47:125- message sent - id:98 - topic:mqtt-roundtrip-qos2-10Byte-100-cycles - qos:2 - size:10
2018-05-15_23:03:47:125- message received - id:0 - topic:mqtt-roundtrip-qos2-10Byte-100-cycles_2 - qos:0 - size:10
2018-05-15_23:03:47:125- message sent - id:99 - topic:mqtt-roundtrip-qos2-10Byte-100-cycles - qos:2 - size:10
2018-05-15_23:03:47:126- message received - id:0 - topic:mqtt-roundtrip-qos2-10Byte-100-cycles_2 - qos:0 - size:10
2018-05-15_23:03:47:126- message sent - id:100 - topic:mqtt-roundtrip-qos2-10Byte-100-cycles - qos:2 - size:10
2018-05-15_23:03:47:126- message received - id:0 - topic:mqtt-roundtrip-qos2-10Byte-100-cycles_2 - qos:0 - size:10
2018-05-15_23:03:47:126- message sent - id:101 - topic:mqtt-roundtrip-qos2-10Byte-100-cycles - qos:2 - size:10
2018-05-15_23:03:47:126- message received - id:0 - topic:mqtt-roundtrip-qos2-10Byte-100-cycles_2 - qos:0 - size:10
2018-05-15_23:03:47:126- message received - id:0 - topic:mqtt-roundtrip-qos2-10Byte-100-cycles_2 - qos:0 - size:10
2018-05-15_23:03:47:126- message received - id:0 - topic:mqtt-roundtrip-qos2-10Byte-100-cycles_2 - qos:0 - size:10
2018-05-15_23:03:47:127- message received - id:0 - topic:mqtt-roundtrip-qos2-10Byte-100-cycles_2 - qos:0 - size:10
2018-05-15_23:03:47:127- message received - id:0 - topic:mqtt-roundtrip-qos2-10Byte-100-cycles_2 - qos:0 - size:10
2018-05-15_23:03:47:127- message received - id:0 - topic:mqtt-roundtrip-qos2-10Byte-100-cycles_2 - qos:0 - size:10
2018-05-15_23:03:47:127- message received - id:0 - topic:mqtt-roundtrip-qos2-10Byte-100-cycles_2 - qos:0 - size:10
2018-05-15_23:03:47:127- message received - id:0 - topic:mqtt-roundtrip-qos2-10Byte-100-cycles_2 - qos:0 - size:10
2018-05-15_23:03:47:127- message received - id:0 - topic:mqtt-roundtrip-qos2-10Byte-100-cycles_2 - qos:0 - size:10
2018-05-15_23:03:47:127- message received - id:0 - topic:mqtt-roundtrip-qos2-10Byte-100-cycles_2 - qos:0 - size:10
2018-05-15_23:03:47:128- message received - id:0 - topic:mqtt-roundtrip-qos2-10Byte-100-cycles_2 - qos:0 - size:10
2018-05-15_23:03:47:128- message received - id:0 - topic:mqtt-roundtrip-qos2-10Byte-100-cycles_2 - qos:0 - size:10
2018-05-15_23:03:47:128- message received - id:0 - topic:mqtt-roundtrip-qos2-10Byte-100-cycles_2 - qos:0 - size:10
2018-05-15_23:03:47:128- message received - id:0 - topic:mqtt-roundtrip-qos2-10Byte-100-cycles_2 - qos:0 - size:10
2018-05-15_23:03:47:128- message received - id:0 - topic:mqtt-roundtrip-qos2-10Byte-100-cycles_2 - qos:0 - size:10
2018-05-15_23:03:47:128- message received - id:0 - topic:mqtt-roundtrip-qos2-10Byte-100-cycles_2 - qos:0 - size:10
2018-05-15_23:03:47:128- message received - id:0 - topic:mqtt-roundtrip-qos2-10Byte-100-cycles_2 - qos:0 - size:10
2018-05-15_23:03:47:129- message received - id:0 - topic:mqtt-roundtrip-qos2-10Byte-100-cycles_2 - qos:0 - size:10
2018-05-15_23:03:47:129- message received - id:0 - topic:mqtt-roundtrip-qos2-10Byte-100-cycles_2 - qos:0 - size:10
2018-05-15_23:03:47:129- message received - id:0 - topic:mqtt-roundtrip-qos2-10Byte-100-cycles_2 - qos:0 - size:10
2018-05-15_23:03:47:129- message received - id:0 - topic:mqtt-roundtrip-qos2-10Byte-100-cycles_2 - qos:0 - size:10
2018-05-15_23:03:47:161- message received - id:0 - topic:mqtt-roundtrip-qos2-10Byte-100-cycles_2 - qos:0 - size:10
2018-05-15_23:03:47:161- message received - id:0 - topic:mqtt-roundtrip-qos2-10Byte-100-cycles_2 - qos:0 - size:10
2018-05-15_23:03:47:162- message received - id:0 - topic:mqtt-roundtrip-qos2-10Byte-100-cycles_2 - qos:0 - size:10
2018-05-15_23:03:47:162- message received - id:0 - topic:mqtt-roundtrip-qos2-10Byte-100-cycles_2 - qos:0 - size:10
2018-05-15_23:03:47:162- message received - id:0 - topic:mqtt-roundtrip-qos2-10Byte-100-cycles_2 - qos:0 - size:10
2018-05-15_23:03:47:162- message received - id:0 - topic:mqtt-roundtrip-qos2-10Byte-100-cycles_2 - qos:0 - size:10
2018-05-15_23:03:47:162- message received - id:0 - topic:mqtt-roundtrip-qos2-10Byte-100-cycles_2 - qos:0 - size:10
2018-05-15_23:03:47:162- message received - id:0 - topic:mqtt-roundtrip-qos2-10Byte-100-cycles_2 - qos:0 - size:10
2018-05-15_23:03:47:163- message received - id:0 - topic:mqtt-roundtrip-qos2-10Byte-100-cycles_2 - qos:0 - size:10
2018-05-15_23:03:47:163- message received - id:0 - topic:mqtt-roundtrip-qos2-10Byte-100-cycles_2 - qos:0 - size:10
2018-05-15_23:03:47:163- message received - id:0 - topic:mqtt-roundtrip-qos2-10Byte-100-cycles_2 - qos:0 - size:10
2018-05-15_23:03:47:163- message received - id:0 - topic:mqtt-roundtrip-qos2-10Byte-100-cycles_2 - qos:0 - size:10
2018-05-15_23:03:47:163- message received - id:0 - topic:mqtt-roundtrip-qos2-10Byte-100-cycles_2 - qos:0 - size:10
2018-05-15_23:03:47:163- message received - id:0 - topic:mqtt-roundtrip-qos2-10Byte-100-cycles_2 - qos:0 - size:10
2018-05-15_23:03:47:164- message received - id:0 - topic:mqtt-roundtrip-qos2-10Byte-100-cycles_2 - qos:0 - size:10
2018-05-15_23:03:47:164- message received - id:0 - topic:mqtt-roundtrip-qos2-10Byte-100-cycles_2 - qos:0 - size:10
2018-05-15_23:03:47:164- message received - id:0 - topic:mqtt-roundtrip-qos2-10Byte-100-cycles_2 - qos:0 - size:10
2018-05-15_23:03:47:164- message received - id:0 - topic:mqtt-roundtrip-qos2-10Byte-100-cycles_2 - qos:0 - size:10
2018-05-15_23:03:47:164- message received - id:0 - topic:mqtt-roundtrip-qos2-10Byte-100-cycles_2 - qos:0 - size:10
2018-05-15_23:03:47:165- message received - id:0 - topic:mqtt-roundtrip-qos2-10Byte-100-cycles_2 - qos:0 - size:10
2018-05-15_23:03:47:165- message received - id:0 - topic:mqtt-roundtrip-qos2-10Byte-100-cycles_2 - qos:0 - size:10
2018-05-15_23:03:47:165- message received - id:0 - topic:mqtt-roundtrip-qos2-10Byte-100-cycles_2 - qos:0 - size:10
