2018-05-15_23:09:54:422- connecting to broker 192.168.1.100:1883
2018-05-15_23:09:54:423- Subscribing to topicmqtt-roundtrip-qos1-1500Byte-100-cycles
2018-05-15_23:09:54:423- subscribe returned (0, 1)
2018-05-15_23:09:54:424- Client connected to broker
2018-05-15_23:09:55:426- message received - id:0 - topic:mqtt-roundtrip-qos1-1500Byte-100-cycles - qos:0 - size:1500
2018-05-15_23:09:55:427- message sent - id:0 - topic:mqtt-roundtrip-qos1-1500Byte-100-cycles_2 - qos:0 - size:1500
2018-05-15_23:09:55:427- message received - id:0 - topic:mqtt-roundtrip-qos1-1500Byte-100-cycles - qos:0 - size:1500
2018-05-15_23:09:55:427- message sent - id:0 - topic:mqtt-roundtrip-qos1-1500Byte-100-cycles_2 - qos:0 - size:1500
2018-05-15_23:09:55:428- message received - id:0 - topic:mqtt-roundtrip-qos1-1500Byte-100-cycles - qos:0 - size:1500
2018-05-15_23:09:55:428- message sent - id:0 - topic:mqtt-roundtrip-qos1-1500Byte-100-cycles_2 - qos:0 - size:1500
2018-05-15_23:09:55:428- message received - id:0 - topic:mqtt-roundtrip-qos1-1500Byte-100-cycles - qos:0 - size:1500
2018-05-15_23:09:55:429- message sent - id:0 - topic:mqtt-roundtrip-qos1-1500Byte-100-cycles_2 - qos:0 - size:1500
2018-05-15_23:09:55:429- message received - id:0 - topic:mqtt-roundtrip-qos1-1500Byte-100-cycles - qos:0 - size:1500
2018-05-15_23:09:55:429- message sent - id:0 - topic:mqtt-roundtrip-qos1-1500Byte-100-cycles_2 - qos:0 - size:1500
2018-05-15_23:09:55:429- message received - id:0 - topic:mqtt-roundtrip-qos1-1500Byte-100-cycles - qos:0 - size:1500
2018-05-15_23:09:55:430- message sent - id:0 - topic:mqtt-roundtrip-qos1-1500Byte-100-cycles_2 - qos:0 - size:1500
2018-05-15_23:09:55:430- message received - id:0 - topic:mqtt-roundtrip-qos1-1500Byte-100-cycles - qos:0 - size:1500
2018-05-15_23:09:55:430- message sent - id:0 - topic:mqtt-roundtrip-qos1-1500Byte-100-cycles_2 - qos:0 - size:1500
2018-05-15_23:09:55:430- message received - id:0 - topic:mqtt-roundtrip-qos1-1500Byte-100-cycles - qos:0 - size:1500
2018-05-15_23:09:55:431- message sent - id:0 - topic:mqtt-roundtrip-qos1-1500Byte-100-cycles_2 - qos:0 - size:1500
2018-05-15_23:09:55:431- message received - id:0 - topic:mqtt-roundtrip-qos1-1500Byte-100-cycles - qos:0 - size:1500
2018-05-15_23:09:55:431- message sent - id:0 - topic:mqtt-roundtrip-qos1-1500Byte-100-cycles_2 - qos:0 - size:1500
2018-05-15_23:09:55:432- message received - id:0 - topic:mqtt-roundtrip-qos1-1500Byte-100-cycles - qos:0 - size:1500
2018-05-15_23:09:55:433- message sent - id:0 - topic:mqtt-roundtrip-qos1-1500Byte-100-cycles_2 - qos:0 - size:1500
2018-05-15_23:09:55:433- message received - id:0 - topic:mqtt-roundtrip-qos1-1500Byte-100-cycles - qos:0 - size:1500
2018-05-15_23:09:55:433- message sent - id:0 - topic:mqtt-roundtrip-qos1-1500Byte-100-cycles_2 - qos:0 - size:1500
2018-05-15_23:09:55:434- message received - id:0 - topic:mqtt-roundtrip-qos1-1500Byte-100-cycles - qos:0 - size:1500
2018-05-15_23:09:55:434- message sent - id:0 - topic:mqtt-roundtrip-qos1-1500Byte-100-cycles_2 - qos:0 - size:1500
2018-05-15_23:09:55:434- message received - id:0 - topic:mqtt-roundtrip-qos1-1500Byte-100-cycles - qos:0 - size:1500
2018-05-15_23:09:55:435- message sent - id:0 - topic:mqtt-roundtrip-qos1-1500Byte-100-cycles_2 - qos:0 - size:1500
2018-05-15_23:09:55:435- message received - id:0 - topic:mqtt-roundtrip-qos1-1500Byte-100-cycles - qos:0 - size:1500
2018-05-15_23:09:55:435- message sent - id:0 - topic:mqtt-roundtrip-qos1-1500Byte-100-cycles_2 - qos:0 - size:1500
2018-05-15_23:09:55:436- message received - id:0 - topic:mqtt-roundtrip-qos1-1500Byte-100-cycles - qos:0 - size:1500
2018-05-15_23:09:55:436- message sent - id:0 - topic:mqtt-roundtrip-qos1-1500Byte-100-cycles_2 - qos:0 - size:1500
2018-05-15_23:09:55:436- message received - id:0 - topic:mqtt-roundtrip-qos1-1500Byte-100-cycles - qos:0 - size:1500
2018-05-15_23:09:55:437- message sent - id:0 - topic:mqtt-roundtrip-qos1-1500Byte-100-cycles_2 - qos:0 - size:1500
2018-05-15_23:09:55:437- message received - id:0 - topic:mqtt-roundtrip-qos1-1500Byte-100-cycles - qos:0 - size:1500
2018-05-15_23:09:55:437- message sent - id:0 - topic:mqtt-roundtrip-qos1-1500Byte-100-cycles_2 - qos:0 - size:1500
2018-05-15_23:09:55:438- message received - id:0 - topic:mqtt-roundtrip-qos1-1500Byte-100-cycles - qos:0 - size:1500
2018-05-15_23:09:55:438- message sent - id:0 - topic:mqtt-roundtrip-qos1-1500Byte-100-cycles_2 - qos:0 - size:1500
2018-05-15_23:09:55:439- message received - id:0 - topic:mqtt-roundtrip-qos1-1500Byte-100-cycles - qos:0 - size:1500
2018-05-15_23:09:55:439- message sent - id:0 - topic:mqtt-roundtrip-qos1-1500Byte-100-cycles_2 - qos:0 - size:1500
2018-05-15_23:09:55:439- message received - id:0 - topic:mqtt-roundtrip-qos1-1500Byte-100-cycles - qos:0 - size:1500
2018-05-15_23:09:55:440- message sent - id:0 - topic:mqtt-roundtrip-qos1-1500Byte-100-cycles_2 - qos:0 - size:1500
2018-05-15_23:09:55:440- message received - id:0 - topic:mqtt-roundtrip-qos1-1500Byte-100-cycles - qos:0 - size:1500
2018-05-15_23:09:55:440- message sent - id:0 - topic:mqtt-roundtrip-qos1-1500Byte-100-cycles_2 - qos:0 - size:1500
2018-05-15_23:09:55:441- message received - id:0 - topic:mqtt-roundtrip-qos1-1500Byte-100-cycles - qos:0 - size:1500
2018-05-15_23:09:55:441- message sent - id:0 - topic:mqtt-roundtrip-qos1-1500Byte-100-cycles_2 - qos:0 - size:1500
2018-05-15_23:09:55:442- message received - id:0 - topic:mqtt-roundtrip-qos1-1500Byte-100-cycles - qos:0 - size:1500
2018-05-15_23:09:55:442- message sent - id:0 - topic:mqtt-roundtrip-qos1-1500Byte-100-cycles_2 - qos:0 - size:1500
2018-05-15_23:09:55:442- message received - id:0 - topic:mqtt-roundtrip-qos1-1500Byte-100-cycles - qos:0 - size:1500
2018-05-15_23:09:55:442- message sent - id:0 - topic:mqtt-roundtrip-qos1-1500Byte-100-cycles_2 - qos:0 - size:1500
2018-05-15_23:09:55:443- message received - id:0 - topic:mqtt-roundtrip-qos1-1500Byte-100-cycles - qos:0 - size:1500
2018-05-15_23:09:55:443- message sent - id:0 - topic:mqtt-roundtrip-qos1-1500Byte-100-cycles_2 - qos:0 - size:1500
2018-05-15_23:09:55:443- message received - id:0 - topic:mqtt-roundtrip-qos1-1500Byte-100-cycles - qos:0 - size:1500
2018-05-15_23:09:55:444- message sent - id:0 - topic:mqtt-roundtrip-qos1-1500Byte-100-cycles_2 - qos:0 - size:1500
2018-05-15_23:09:55:444- message received - id:0 - topic:mqtt-roundtrip-qos1-1500Byte-100-cycles - qos:0 - size:1500
2018-05-15_23:09:55:444- message sent - id:0 - topic:mqtt-roundtrip-qos1-1500Byte-100-cycles_2 - qos:0 - size:1500
2018-05-15_23:09:55:445- message received - id:0 - topic:mqtt-roundtrip-qos1-1500Byte-100-cycles - qos:0 - size:1500
2018-05-15_23:09:55:445- message sent - id:0 - topic:mqtt-roundtrip-qos1-1500Byte-100-cycles_2 - qos:0 - size:1500
2018-05-15_23:09:55:445- message received - id:0 - topic:mqtt-roundtrip-qos1-1500Byte-100-cycles - qos:0 - size:1500
2018-05-15_23:09:55:446- message sent - id:0 - topic:mqtt-roundtrip-qos1-1500Byte-100-cycles_2 - qos:0 - size:1500
2018-05-15_23:09:55:446- message received - id:0 - topic:mqtt-roundtrip-qos1-1500Byte-100-cycles - qos:0 - size:1500
2018-05-15_23:09:55:446- message sent - id:0 - topic:mqtt-roundtrip-qos1-1500Byte-100-cycles_2 - qos:0 - size:1500
2018-05-15_23:09:55:447- message received - id:0 - topic:mqtt-roundtrip-qos1-1500Byte-100-cycles - qos:0 - size:1500
2018-05-15_23:09:55:447- message sent - id:0 - topic:mqtt-roundtrip-qos1-1500Byte-100-cycles_2 - qos:0 - size:1500
2018-05-15_23:09:55:448- message received - id:0 - topic:mqtt-roundtrip-qos1-1500Byte-100-cycles - qos:0 - size:1500
2018-05-15_23:09:55:448- message sent - id:0 - topic:mqtt-roundtrip-qos1-1500Byte-100-cycles_2 - qos:0 - size:1500
2018-05-15_23:09:55:448- message received - id:0 - topic:mqtt-roundtrip-qos1-1500Byte-100-cycles - qos:0 - size:1500
2018-05-15_23:09:55:448- message sent - id:0 - topic:mqtt-roundtrip-qos1-1500Byte-100-cycles_2 - qos:0 - size:1500
2018-05-15_23:09:55:449- message received - id:0 - topic:mqtt-roundtrip-qos1-1500Byte-100-cycles - qos:0 - size:1500
2018-05-15_23:09:55:449- message sent - id:0 - topic:mqtt-roundtrip-qos1-1500Byte-100-cycles_2 - qos:0 - size:1500
2018-05-15_23:09:55:450- message received - id:0 - topic:mqtt-roundtrip-qos1-1500Byte-100-cycles - qos:0 - size:1500
2018-05-15_23:09:55:450- message sent - id:0 - topic:mqtt-roundtrip-qos1-1500Byte-100-cycles_2 - qos:0 - size:1500
2018-05-15_23:09:55:451- message received - id:0 - topic:mqtt-roundtrip-qos1-1500Byte-100-cycles - qos:0 - size:1500
2018-05-15_23:09:55:451- message sent - id:0 - topic:mqtt-roundtrip-qos1-1500Byte-100-cycles_2 - qos:0 - size:1500
2018-05-15_23:09:55:452- message received - id:0 - topic:mqtt-roundtrip-qos1-1500Byte-100-cycles - qos:0 - size:1500
2018-05-15_23:09:55:453- message sent - id:0 - topic:mqtt-roundtrip-qos1-1500Byte-100-cycles_2 - qos:0 - size:1500
2018-05-15_23:09:55:453- message received - id:0 - topic:mqtt-roundtrip-qos1-1500Byte-100-cycles - qos:0 - size:1500
2018-05-15_23:09:55:453- message sent - id:0 - topic:mqtt-roundtrip-qos1-1500Byte-100-cycles_2 - qos:0 - size:1500
2018-05-15_23:09:55:454- message received - id:0 - topic:mqtt-roundtrip-qos1-1500Byte-100-cycles - qos:0 - size:1500
2018-05-15_23:09:55:454- message sent - id:0 - topic:mqtt-roundtrip-qos1-1500Byte-100-cycles_2 - qos:0 - size:1500
2018-05-15_23:09:55:454- message received - id:0 - topic:mqtt-roundtrip-qos1-1500Byte-100-cycles - qos:0 - size:1500
2018-05-15_23:09:55:455- message sent - id:0 - topic:mqtt-roundtrip-qos1-1500Byte-100-cycles_2 - qos:0 - size:1500
2018-05-15_23:09:55:455- message received - id:0 - topic:mqtt-roundtrip-qos1-1500Byte-100-cycles - qos:0 - size:1500
2018-05-15_23:09:55:455- message sent - id:0 - topic:mqtt-roundtrip-qos1-1500Byte-100-cycles_2 - qos:0 - size:1500
2018-05-15_23:09:55:456- message received - id:0 - topic:mqtt-roundtrip-qos1-1500Byte-100-cycles - qos:0 - size:1500
2018-05-15_23:09:55:456- message sent - id:0 - topic:mqtt-roundtrip-qos1-1500Byte-100-cycles_2 - qos:0 - size:1500
2018-05-15_23:09:55:456- message received - id:0 - topic:mqtt-roundtrip-qos1-1500Byte-100-cycles - qos:0 - size:1500
2018-05-15_23:09:55:456- message sent - id:0 - topic:mqtt-roundtrip-qos1-1500Byte-100-cycles_2 - qos:0 - size:1500
2018-05-15_23:09:55:457- message received - id:0 - topic:mqtt-roundtrip-qos1-1500Byte-100-cycles - qos:0 - size:1500
2018-05-15_23:09:55:457- message sent - id:0 - topic:mqtt-roundtrip-qos1-1500Byte-100-cycles_2 - qos:0 - size:1500
2018-05-15_23:09:55:457- message received - id:0 - topic:mqtt-roundtrip-qos1-1500Byte-100-cycles - qos:0 - size:1500
2018-05-15_23:09:55:457- message sent - id:0 - topic:mqtt-roundtrip-qos1-1500Byte-100-cycles_2 - qos:0 - size:1500
2018-05-15_23:09:55:458- message received - id:0 - topic:mqtt-roundtrip-qos1-1500Byte-100-cycles - qos:0 - size:1500
2018-05-15_23:09:55:458- message sent - id:0 - topic:mqtt-roundtrip-qos1-1500Byte-100-cycles_2 - qos:0 - size:1500
2018-05-15_23:09:55:459- message received - id:0 - topic:mqtt-roundtrip-qos1-1500Byte-100-cycles - qos:0 - size:1500
2018-05-15_23:09:55:459- message sent - id:0 - topic:mqtt-roundtrip-qos1-1500Byte-100-cycles_2 - qos:0 - size:1500
2018-05-15_23:09:55:459- message received - id:0 - topic:mqtt-roundtrip-qos1-1500Byte-100-cycles - qos:0 - size:1500
2018-05-15_23:09:55:459- message sent - id:0 - topic:mqtt-roundtrip-qos1-1500Byte-100-cycles_2 - qos:0 - size:1500
2018-05-15_23:09:55:460- message received - id:0 - topic:mqtt-roundtrip-qos1-1500Byte-100-cycles - qos:0 - size:1500
2018-05-15_23:09:55:460- message sent - id:0 - topic:mqtt-roundtrip-qos1-1500Byte-100-cycles_2 - qos:0 - size:1500
2018-05-15_23:09:55:460- message received - id:0 - topic:mqtt-roundtrip-qos1-1500Byte-100-cycles - qos:0 - size:1500
2018-05-15_23:09:55:461- message sent - id:0 - topic:mqtt-roundtrip-qos1-1500Byte-100-cycles_2 - qos:0 - size:1500
2018-05-15_23:09:55:461- message received - id:0 - topic:mqtt-roundtrip-qos1-1500Byte-100-cycles - qos:0 - size:1500
2018-05-15_23:09:55:461- message sent - id:0 - topic:mqtt-roundtrip-qos1-1500Byte-100-cycles_2 - qos:0 - size:1500
2018-05-15_23:09:55:462- message received - id:0 - topic:mqtt-roundtrip-qos1-1500Byte-100-cycles - qos:0 - size:1500
2018-05-15_23:09:55:462- message sent - id:0 - topic:mqtt-roundtrip-qos1-1500Byte-100-cycles_2 - qos:0 - size:1500
2018-05-15_23:09:55:462- message received - id:0 - topic:mqtt-roundtrip-qos1-1500Byte-100-cycles - qos:0 - size:1500
2018-05-15_23:09:55:463- message sent - id:0 - topic:mqtt-roundtrip-qos1-1500Byte-100-cycles_2 - qos:0 - size:1500
2018-05-15_23:09:55:463- message received - id:0 - topic:mqtt-roundtrip-qos1-1500Byte-100-cycles - qos:0 - size:1500
2018-05-15_23:09:55:463- message sent - id:0 - topic:mqtt-roundtrip-qos1-1500Byte-100-cycles_2 - qos:0 - size:1500
2018-05-15_23:09:55:464- message received - id:0 - topic:mqtt-roundtrip-qos1-1500Byte-100-cycles - qos:0 - size:1500
2018-05-15_23:09:55:464- message sent - id:0 - topic:mqtt-roundtrip-qos1-1500Byte-100-cycles_2 - qos:0 - size:1500
2018-05-15_23:09:55:464- message received - id:0 - topic:mqtt-roundtrip-qos1-1500Byte-100-cycles - qos:0 - size:1500
2018-05-15_23:09:55:464- message sent - id:0 - topic:mqtt-roundtrip-qos1-1500Byte-100-cycles_2 - qos:0 - size:1500
2018-05-15_23:09:55:465- message received - id:0 - topic:mqtt-roundtrip-qos1-1500Byte-100-cycles - qos:0 - size:1500
2018-05-15_23:09:55:465- message sent - id:0 - topic:mqtt-roundtrip-qos1-1500Byte-100-cycles_2 - qos:0 - size:1500
2018-05-15_23:09:55:465- message received - id:0 - topic:mqtt-roundtrip-qos1-1500Byte-100-cycles - qos:0 - size:1500
2018-05-15_23:09:55:466- message sent - id:0 - topic:mqtt-roundtrip-qos1-1500Byte-100-cycles_2 - qos:0 - size:1500
2018-05-15_23:09:55:466- message received - id:0 - topic:mqtt-roundtrip-qos1-1500Byte-100-cycles - qos:0 - size:1500
2018-05-15_23:09:55:466- message sent - id:0 - topic:mqtt-roundtrip-qos1-1500Byte-100-cycles_2 - qos:0 - size:1500
2018-05-15_23:09:55:467- message received - id:0 - topic:mqtt-roundtrip-qos1-1500Byte-100-cycles - qos:0 - size:1500
2018-05-15_23:09:55:467- message sent - id:0 - topic:mqtt-roundtrip-qos1-1500Byte-100-cycles_2 - qos:0 - size:1500
2018-05-15_23:09:55:467- message received - id:0 - topic:mqtt-roundtrip-qos1-1500Byte-100-cycles - qos:0 - size:1500
2018-05-15_23:09:55:467- message sent - id:0 - topic:mqtt-roundtrip-qos1-1500Byte-100-cycles_2 - qos:0 - size:1500
2018-05-15_23:09:55:468- message received - id:0 - topic:mqtt-roundtrip-qos1-1500Byte-100-cycles - qos:0 - size:1500
2018-05-15_23:09:55:468- message sent - id:0 - topic:mqtt-roundtrip-qos1-1500Byte-100-cycles_2 - qos:0 - size:1500
2018-05-15_23:09:55:469- message received - id:0 - topic:mqtt-roundtrip-qos1-1500Byte-100-cycles - qos:0 - size:1500
2018-05-15_23:09:55:469- message sent - id:0 - topic:mqtt-roundtrip-qos1-1500Byte-100-cycles_2 - qos:0 - size:1500
2018-05-15_23:09:55:469- message received - id:0 - topic:mqtt-roundtrip-qos1-1500Byte-100-cycles - qos:0 - size:1500
2018-05-15_23:09:55:469- message sent - id:0 - topic:mqtt-roundtrip-qos1-1500Byte-100-cycles_2 - qos:0 - size:1500
2018-05-15_23:09:55:470- message received - id:0 - topic:mqtt-roundtrip-qos1-1500Byte-100-cycles - qos:0 - size:1500
2018-05-15_23:09:55:470- message sent - id:0 - topic:mqtt-roundtrip-qos1-1500Byte-100-cycles_2 - qos:0 - size:1500
2018-05-15_23:09:55:471- message received - id:0 - topic:mqtt-roundtrip-qos1-1500Byte-100-cycles - qos:0 - size:1500
2018-05-15_23:09:55:471- message sent - id:0 - topic:mqtt-roundtrip-qos1-1500Byte-100-cycles_2 - qos:0 - size:1500
2018-05-15_23:09:55:471- message received - id:0 - topic:mqtt-roundtrip-qos1-1500Byte-100-cycles - qos:0 - size:1500
2018-05-15_23:09:55:471- message sent - id:0 - topic:mqtt-roundtrip-qos1-1500Byte-100-cycles_2 - qos:0 - size:1500
2018-05-15_23:09:55:472- message received - id:0 - topic:mqtt-roundtrip-qos1-1500Byte-100-cycles - qos:0 - size:1500
2018-05-15_23:09:55:472- message sent - id:0 - topic:mqtt-roundtrip-qos1-1500Byte-100-cycles_2 - qos:0 - size:1500
2018-05-15_23:09:55:473- message received - id:0 - topic:mqtt-roundtrip-qos1-1500Byte-100-cycles - qos:0 - size:1500
2018-05-15_23:09:55:473- message sent - id:0 - topic:mqtt-roundtrip-qos1-1500Byte-100-cycles_2 - qos:0 - size:1500
2018-05-15_23:09:55:473- message received - id:0 - topic:mqtt-roundtrip-qos1-1500Byte-100-cycles - qos:0 - size:1500
2018-05-15_23:09:55:473- message sent - id:0 - topic:mqtt-roundtrip-qos1-1500Byte-100-cycles_2 - qos:0 - size:1500
2018-05-15_23:09:55:474- message received - id:0 - topic:mqtt-roundtrip-qos1-1500Byte-100-cycles - qos:0 - size:1500
2018-05-15_23:09:55:474- message sent - id:0 - topic:mqtt-roundtrip-qos1-1500Byte-100-cycles_2 - qos:0 - size:1500
2018-05-15_23:09:55:474- message received - id:0 - topic:mqtt-roundtrip-qos1-1500Byte-100-cycles - qos:0 - size:1500
2018-05-15_23:09:55:475- message sent - id:0 - topic:mqtt-roundtrip-qos1-1500Byte-100-cycles_2 - qos:0 - size:1500
2018-05-15_23:09:55:475- message received - id:0 - topic:mqtt-roundtrip-qos1-1500Byte-100-cycles - qos:0 - size:1500
2018-05-15_23:09:55:475- message sent - id:0 - topic:mqtt-roundtrip-qos1-1500Byte-100-cycles_2 - qos:0 - size:1500
2018-05-15_23:09:55:476- message received - id:0 - topic:mqtt-roundtrip-qos1-1500Byte-100-cycles - qos:0 - size:1500
2018-05-15_23:09:55:476- message sent - id:0 - topic:mqtt-roundtrip-qos1-1500Byte-100-cycles_2 - qos:0 - size:1500
2018-05-15_23:09:55:476- message received - id:0 - topic:mqtt-roundtrip-qos1-1500Byte-100-cycles - qos:0 - size:1500
2018-05-15_23:09:55:476- message sent - id:0 - topic:mqtt-roundtrip-qos1-1500Byte-100-cycles_2 - qos:0 - size:1500
2018-05-15_23:09:55:477- message received - id:0 - topic:mqtt-roundtrip-qos1-1500Byte-100-cycles - qos:0 - size:1500
2018-05-15_23:09:55:477- message sent - id:0 - topic:mqtt-roundtrip-qos1-1500Byte-100-cycles_2 - qos:0 - size:1500
2018-05-15_23:09:55:478- message received - id:0 - topic:mqtt-roundtrip-qos1-1500Byte-100-cycles - qos:0 - size:1500
2018-05-15_23:09:55:478- message sent - id:0 - topic:mqtt-roundtrip-qos1-1500Byte-100-cycles_2 - qos:0 - size:1500
2018-05-15_23:09:55:478- message received - id:0 - topic:mqtt-roundtrip-qos1-1500Byte-100-cycles - qos:0 - size:1500
2018-05-15_23:09:55:479- message sent - id:0 - topic:mqtt-roundtrip-qos1-1500Byte-100-cycles_2 - qos:0 - size:1500
2018-05-15_23:09:55:479- message received - id:0 - topic:mqtt-roundtrip-qos1-1500Byte-100-cycles - qos:0 - size:1500
2018-05-15_23:09:55:479- message sent - id:0 - topic:mqtt-roundtrip-qos1-1500Byte-100-cycles_2 - qos:0 - size:1500
2018-05-15_23:09:55:480- message received - id:0 - topic:mqtt-roundtrip-qos1-1500Byte-100-cycles - qos:0 - size:1500
2018-05-15_23:09:55:480- message sent - id:0 - topic:mqtt-roundtrip-qos1-1500Byte-100-cycles_2 - qos:0 - size:1500
2018-05-15_23:09:55:480- message received - id:0 - topic:mqtt-roundtrip-qos1-1500Byte-100-cycles - qos:0 - size:1500
2018-05-15_23:09:55:480- message sent - id:0 - topic:mqtt-roundtrip-qos1-1500Byte-100-cycles_2 - qos:0 - size:1500
2018-05-15_23:09:55:481- message received - id:0 - topic:mqtt-roundtrip-qos1-1500Byte-100-cycles - qos:0 - size:1500
2018-05-15_23:09:55:481- message sent - id:0 - topic:mqtt-roundtrip-qos1-1500Byte-100-cycles_2 - qos:0 - size:1500
2018-05-15_23:09:55:482- message received - id:0 - topic:mqtt-roundtrip-qos1-1500Byte-100-cycles - qos:0 - size:1500
2018-05-15_23:09:55:482- message sent - id:0 - topic:mqtt-roundtrip-qos1-1500Byte-100-cycles_2 - qos:0 - size:1500
2018-05-15_23:09:55:482- message received - id:0 - topic:mqtt-roundtrip-qos1-1500Byte-100-cycles - qos:0 - size:1500
2018-05-15_23:09:55:482- message sent - id:0 - topic:mqtt-roundtrip-qos1-1500Byte-100-cycles_2 - qos:0 - size:1500
2018-05-15_23:09:55:483- message received - id:0 - topic:mqtt-roundtrip-qos1-1500Byte-100-cycles - qos:0 - size:1500
2018-05-15_23:09:55:483- message sent - id:0 - topic:mqtt-roundtrip-qos1-1500Byte-100-cycles_2 - qos:0 - size:1500
2018-05-15_23:09:55:483- message received - id:0 - topic:mqtt-roundtrip-qos1-1500Byte-100-cycles - qos:0 - size:1500
2018-05-15_23:09:55:483- message sent - id:0 - topic:mqtt-roundtrip-qos1-1500Byte-100-cycles_2 - qos:0 - size:1500
2018-05-15_23:09:55:484- message received - id:0 - topic:mqtt-roundtrip-qos1-1500Byte-100-cycles - qos:0 - size:1500
2018-05-15_23:09:55:484- message sent - id:0 - topic:mqtt-roundtrip-qos1-1500Byte-100-cycles_2 - qos:0 - size:1500
2018-05-15_23:09:55:484- message received - id:0 - topic:mqtt-roundtrip-qos1-1500Byte-100-cycles - qos:0 - size:1500
2018-05-15_23:09:55:484- message sent - id:0 - topic:mqtt-roundtrip-qos1-1500Byte-100-cycles_2 - qos:0 - size:1500
2018-05-15_23:09:55:485- message received - id:0 - topic:mqtt-roundtrip-qos1-1500Byte-100-cycles - qos:0 - size:1500
2018-05-15_23:09:55:485- message sent - id:0 - topic:mqtt-roundtrip-qos1-1500Byte-100-cycles_2 - qos:0 - size:1500
2018-05-15_23:09:55:485- message received - id:0 - topic:mqtt-roundtrip-qos1-1500Byte-100-cycles - qos:0 - size:1500
2018-05-15_23:09:55:486- message sent - id:0 - topic:mqtt-roundtrip-qos1-1500Byte-100-cycles_2 - qos:0 - size:1500
2018-05-15_23:09:55:486- message received - id:0 - topic:mqtt-roundtrip-qos1-1500Byte-100-cycles - qos:0 - size:1500
2018-05-15_23:09:55:486- message sent - id:0 - topic:mqtt-roundtrip-qos1-1500Byte-100-cycles_2 - qos:0 - size:1500
2018-05-15_23:09:55:487- message received - id:0 - topic:mqtt-roundtrip-qos1-1500Byte-100-cycles - qos:0 - size:1500
2018-05-15_23:09:55:487- message sent - id:0 - topic:mqtt-roundtrip-qos1-1500Byte-100-cycles_2 - qos:0 - size:1500
2018-05-15_23:09:55:487- message received - id:0 - topic:mqtt-roundtrip-qos1-1500Byte-100-cycles - qos:0 - size:1500
2018-05-15_23:09:55:487- message sent - id:0 - topic:mqtt-roundtrip-qos1-1500Byte-100-cycles_2 - qos:0 - size:1500
2018-05-15_23:09:55:488- message received - id:0 - topic:mqtt-roundtrip-qos1-1500Byte-100-cycles - qos:0 - size:1500
2018-05-15_23:09:55:488- message sent - id:0 - topic:mqtt-roundtrip-qos1-1500Byte-100-cycles_2 - qos:0 - size:1500
2018-05-15_23:09:55:488- message received - id:0 - topic:mqtt-roundtrip-qos1-1500Byte-100-cycles - qos:0 - size:1500
2018-05-15_23:09:55:488- message sent - id:0 - topic:mqtt-roundtrip-qos1-1500Byte-100-cycles_2 - qos:0 - size:1500
2018-05-15_23:09:55:489- message received - id:0 - topic:mqtt-roundtrip-qos1-1500Byte-100-cycles - qos:0 - size:1500
2018-05-15_23:09:55:489- message sent - id:0 - topic:mqtt-roundtrip-qos1-1500Byte-100-cycles_2 - qos:0 - size:1500
2018-05-15_23:09:55:489- message received - id:0 - topic:mqtt-roundtrip-qos1-1500Byte-100-cycles - qos:0 - size:1500
2018-05-15_23:09:55:490- message sent - id:0 - topic:mqtt-roundtrip-qos1-1500Byte-100-cycles_2 - qos:0 - size:1500
2018-05-15_23:09:55:490- message received - id:0 - topic:mqtt-roundtrip-qos1-1500Byte-100-cycles - qos:0 - size:1500
2018-05-15_23:09:55:490- message sent - id:0 - topic:mqtt-roundtrip-qos1-1500Byte-100-cycles_2 - qos:0 - size:1500
2018-05-15_23:09:55:490- message received - id:0 - topic:mqtt-roundtrip-qos1-1500Byte-100-cycles - qos:0 - size:1500
2018-05-15_23:09:55:490- message sent - id:0 - topic:mqtt-roundtrip-qos1-1500Byte-100-cycles_2 - qos:0 - size:1500
2018-05-15_23:09:55:491- message received - id:0 - topic:mqtt-roundtrip-qos1-1500Byte-100-cycles - qos:0 - size:1500
2018-05-15_23:09:55:491- message sent - id:0 - topic:mqtt-roundtrip-qos1-1500Byte-100-cycles_2 - qos:0 - size:1500
