2018-05-15_23:12:33:022- connecting to broker 192.168.1.100:1883
2018-05-15_23:12:33:023- Subscribing to topicmqtt-roundtrip-qos0-1KByte-100-cycles
2018-05-15_23:12:33:024- Client connected to broker
2018-05-15_23:12:33:024- subscribe returned (0, 1)
2018-05-15_23:12:33:957- message received - id:0 - topic:mqtt-roundtrip-qos0-1KByte-100-cycles - qos:0 - size:1024
2018-05-15_23:12:33:958- message sent - id:0 - topic:mqtt-roundtrip-qos0-1KByte-100-cycles_2 - qos:0 - size:1024
2018-05-15_23:12:33:958- message received - id:0 - topic:mqtt-roundtrip-qos0-1KByte-100-cycles - qos:0 - size:1024
2018-05-15_23:12:33:958- message sent - id:0 - topic:mqtt-roundtrip-qos0-1KByte-100-cycles_2 - qos:0 - size:1024
2018-05-15_23:12:33:959- message received - id:0 - topic:mqtt-roundtrip-qos0-1KByte-100-cycles - qos:0 - size:1024
2018-05-15_23:12:33:959- message sent - id:0 - topic:mqtt-roundtrip-qos0-1KByte-100-cycles_2 - qos:0 - size:1024
2018-05-15_23:12:33:959- message received - id:0 - topic:mqtt-roundtrip-qos0-1KByte-100-cycles - qos:0 - size:1024
2018-05-15_23:12:33:959- message sent - id:0 - topic:mqtt-roundtrip-qos0-1KByte-100-cycles_2 - qos:0 - size:1024
2018-05-15_23:12:33:959- message received - id:0 - topic:mqtt-roundtrip-qos0-1KByte-100-cycles - qos:0 - size:1024
2018-05-15_23:12:33:960- message sent - id:0 - topic:mqtt-roundtrip-qos0-1KByte-100-cycles_2 - qos:0 - size:1024
2018-05-15_23:12:33:960- message received - id:0 - topic:mqtt-roundtrip-qos0-1KByte-100-cycles - qos:0 - size:1024
2018-05-15_23:12:33:960- message sent - id:0 - topic:mqtt-roundtrip-qos0-1KByte-100-cycles_2 - qos:0 - size:1024
2018-05-15_23:12:33:960- message received - id:0 - topic:mqtt-roundtrip-qos0-1KByte-100-cycles - qos:0 - size:1024
2018-05-15_23:12:33:961- message sent - id:0 - topic:mqtt-roundtrip-qos0-1KByte-100-cycles_2 - qos:0 - size:1024
2018-05-15_23:12:33:961- message received - id:0 - topic:mqtt-roundtrip-qos0-1KByte-100-cycles - qos:0 - size:1024
2018-05-15_23:12:33:961- message sent - id:0 - topic:mqtt-roundtrip-qos0-1KByte-100-cycles_2 - qos:0 - size:1024
2018-05-15_23:12:33:961- message received - id:0 - topic:mqtt-roundtrip-qos0-1KByte-100-cycles - qos:0 - size:1024
2018-05-15_23:12:33:962- message sent - id:0 - topic:mqtt-roundtrip-qos0-1KByte-100-cycles_2 - qos:0 - size:1024
2018-05-15_23:12:33:962- message received - id:0 - topic:mqtt-roundtrip-qos0-1KByte-100-cycles - qos:0 - size:1024
2018-05-15_23:12:33:962- message sent - id:0 - topic:mqtt-roundtrip-qos0-1KByte-100-cycles_2 - qos:0 - size:1024
2018-05-15_23:12:33:962- message received - id:0 - topic:mqtt-roundtrip-qos0-1KByte-100-cycles - qos:0 - size:1024
2018-05-15_23:12:33:963- message sent - id:0 - topic:mqtt-roundtrip-qos0-1KByte-100-cycles_2 - qos:0 - size:1024
2018-05-15_23:12:33:963- message received - id:0 - topic:mqtt-roundtrip-qos0-1KByte-100-cycles - qos:0 - size:1024
2018-05-15_23:12:33:963- message sent - id:0 - topic:mqtt-roundtrip-qos0-1KByte-100-cycles_2 - qos:0 - size:1024
2018-05-15_23:12:33:963- message received - id:0 - topic:mqtt-roundtrip-qos0-1KByte-100-cycles - qos:0 - size:1024
2018-05-15_23:12:33:964- message sent - id:0 - topic:mqtt-roundtrip-qos0-1KByte-100-cycles_2 - qos:0 - size:1024
2018-05-15_23:12:33:964- message received - id:0 - topic:mqtt-roundtrip-qos0-1KByte-100-cycles - qos:0 - size:1024
2018-05-15_23:12:33:964- message sent - id:0 - topic:mqtt-roundtrip-qos0-1KByte-100-cycles_2 - qos:0 - size:1024
2018-05-15_23:12:33:965- message received - id:0 - topic:mqtt-roundtrip-qos0-1KByte-100-cycles - qos:0 - size:1024
2018-05-15_23:12:33:965- message sent - id:0 - topic:mqtt-roundtrip-qos0-1KByte-100-cycles_2 - qos:0 - size:1024
2018-05-15_23:12:33:965- message received - id:0 - topic:mqtt-roundtrip-qos0-1KByte-100-cycles - qos:0 - size:1024
2018-05-15_23:12:33:966- message sent - id:0 - topic:mqtt-roundtrip-qos0-1KByte-100-cycles_2 - qos:0 - size:1024
2018-05-15_23:12:33:966- message received - id:0 - topic:mqtt-roundtrip-qos0-1KByte-100-cycles - qos:0 - size:1024
2018-05-15_23:12:33:966- message sent - id:0 - topic:mqtt-roundtrip-qos0-1KByte-100-cycles_2 - qos:0 - size:1024
2018-05-15_23:12:33:967- message received - id:0 - topic:mqtt-roundtrip-qos0-1KByte-100-cycles - qos:0 - size:1024
2018-05-15_23:12:33:967- message sent - id:0 - topic:mqtt-roundtrip-qos0-1KByte-100-cycles_2 - qos:0 - size:1024
2018-05-15_23:12:33:967- message received - id:0 - topic:mqtt-roundtrip-qos0-1KByte-100-cycles - qos:0 - size:1024
2018-05-15_23:12:33:968- message sent - id:0 - topic:mqtt-roundtrip-qos0-1KByte-100-cycles_2 - qos:0 - size:1024
2018-05-15_23:12:33:968- message received - id:0 - topic:mqtt-roundtrip-qos0-1KByte-100-cycles - qos:0 - size:1024
2018-05-15_23:12:33:968- message sent - id:0 - topic:mqtt-roundtrip-qos0-1KByte-100-cycles_2 - qos:0 - size:1024
2018-05-15_23:12:33:969- message received - id:0 - topic:mqtt-roundtrip-qos0-1KByte-100-cycles - qos:0 - size:1024
2018-05-15_23:12:33:969- message sent - id:0 - topic:mqtt-roundtrip-qos0-1KByte-100-cycles_2 - qos:0 - size:1024
2018-05-15_23:12:33:969- message received - id:0 - topic:mqtt-roundtrip-qos0-1KByte-100-cycles - qos:0 - size:1024
2018-05-15_23:12:33:970- message sent - id:0 - topic:mqtt-roundtrip-qos0-1KByte-100-cycles_2 - qos:0 - size:1024
2018-05-15_23:12:33:970- message received - id:0 - topic:mqtt-roundtrip-qos0-1KByte-100-cycles - qos:0 - size:1024
2018-05-15_23:12:33:970- message sent - id:0 - topic:mqtt-roundtrip-qos0-1KByte-100-cycles_2 - qos:0 - size:1024
2018-05-15_23:12:33:971- message received - id:0 - topic:mqtt-roundtrip-qos0-1KByte-100-cycles - qos:0 - size:1024
2018-05-15_23:12:33:971- message sent - id:0 - topic:mqtt-roundtrip-qos0-1KByte-100-cycles_2 - qos:0 - size:1024
2018-05-15_23:12:33:971- message received - id:0 - topic:mqtt-roundtrip-qos0-1KByte-100-cycles - qos:0 - size:1024
2018-05-15_23:12:33:972- message sent - id:0 - topic:mqtt-roundtrip-qos0-1KByte-100-cycles_2 - qos:0 - size:1024
2018-05-15_23:12:33:972- message received - id:0 - topic:mqtt-roundtrip-qos0-1KByte-100-cycles - qos:0 - size:1024
2018-05-15_23:12:33:972- message sent - id:0 - topic:mqtt-roundtrip-qos0-1KByte-100-cycles_2 - qos:0 - size:1024
2018-05-15_23:12:33:973- message received - id:0 - topic:mqtt-roundtrip-qos0-1KByte-100-cycles - qos:0 - size:1024
2018-05-15_23:12:33:973- message sent - id:0 - topic:mqtt-roundtrip-qos0-1KByte-100-cycles_2 - qos:0 - size:1024
2018-05-15_23:12:33:973- message received - id:0 - topic:mqtt-roundtrip-qos0-1KByte-100-cycles - qos:0 - size:1024
2018-05-15_23:12:33:974- message sent - id:0 - topic:mqtt-roundtrip-qos0-1KByte-100-cycles_2 - qos:0 - size:1024
2018-05-15_23:12:33:974- message received - id:0 - topic:mqtt-roundtrip-qos0-1KByte-100-cycles - qos:0 - size:1024
2018-05-15_23:12:33:974- message sent - id:0 - topic:mqtt-roundtrip-qos0-1KByte-100-cycles_2 - qos:0 - size:1024
2018-05-15_23:12:33:975- message received - id:0 - topic:mqtt-roundtrip-qos0-1KByte-100-cycles - qos:0 - size:1024
2018-05-15_23:12:33:975- message sent - id:0 - topic:mqtt-roundtrip-qos0-1KByte-100-cycles_2 - qos:0 - size:1024
2018-05-15_23:12:33:975- message received - id:0 - topic:mqtt-roundtrip-qos0-1KByte-100-cycles - qos:0 - size:1024
2018-05-15_23:12:33:976- message sent - id:0 - topic:mqtt-roundtrip-qos0-1KByte-100-cycles_2 - qos:0 - size:1024
2018-05-15_23:12:33:976- message received - id:0 - topic:mqtt-roundtrip-qos0-1KByte-100-cycles - qos:0 - size:1024
2018-05-15_23:12:33:976- message sent - id:0 - topic:mqtt-roundtrip-qos0-1KByte-100-cycles_2 - qos:0 - size:1024
2018-05-15_23:12:33:977- message received - id:0 - topic:mqtt-roundtrip-qos0-1KByte-100-cycles - qos:0 - size:1024
2018-05-15_23:12:33:977- message sent - id:0 - topic:mqtt-roundtrip-qos0-1KByte-100-cycles_2 - qos:0 - size:1024
2018-05-15_23:12:33:977- message received - id:0 - topic:mqtt-roundtrip-qos0-1KByte-100-cycles - qos:0 - size:1024
2018-05-15_23:12:33:978- message sent - id:0 - topic:mqtt-roundtrip-qos0-1KByte-100-cycles_2 - qos:0 - size:1024
2018-05-15_23:12:33:978- message received - id:0 - topic:mqtt-roundtrip-qos0-1KByte-100-cycles - qos:0 - size:1024
2018-05-15_23:12:33:978- message sent - id:0 - topic:mqtt-roundtrip-qos0-1KByte-100-cycles_2 - qos:0 - size:1024
2018-05-15_23:12:33:979- message received - id:0 - topic:mqtt-roundtrip-qos0-1KByte-100-cycles - qos:0 - size:1024
2018-05-15_23:12:33:979- message sent - id:0 - topic:mqtt-roundtrip-qos0-1KByte-100-cycles_2 - qos:0 - size:1024
2018-05-15_23:12:33:979- message received - id:0 - topic:mqtt-roundtrip-qos0-1KByte-100-cycles - qos:0 - size:1024
2018-05-15_23:12:33:980- message sent - id:0 - topic:mqtt-roundtrip-qos0-1KByte-100-cycles_2 - qos:0 - size:1024
2018-05-15_23:12:33:980- message received - id:0 - topic:mqtt-roundtrip-qos0-1KByte-100-cycles - qos:0 - size:1024
2018-05-15_23:12:33:980- message sent - id:0 - topic:mqtt-roundtrip-qos0-1KByte-100-cycles_2 - qos:0 - size:1024
2018-05-15_23:12:33:981- message received - id:0 - topic:mqtt-roundtrip-qos0-1KByte-100-cycles - qos:0 - size:1024
2018-05-15_23:12:33:981- message sent - id:0 - topic:mqtt-roundtrip-qos0-1KByte-100-cycles_2 - qos:0 - size:1024
2018-05-15_23:12:33:981- message received - id:0 - topic:mqtt-roundtrip-qos0-1KByte-100-cycles - qos:0 - size:1024
2018-05-15_23:12:33:981- message sent - id:0 - topic:mqtt-roundtrip-qos0-1KByte-100-cycles_2 - qos:0 - size:1024
2018-05-15_23:12:33:984- message received - id:0 - topic:mqtt-roundtrip-qos0-1KByte-100-cycles - qos:0 - size:1024
2018-05-15_23:12:33:985- message sent - id:0 - topic:mqtt-roundtrip-qos0-1KByte-100-cycles_2 - qos:0 - size:1024
2018-05-15_23:12:33:985- message received - id:0 - topic:mqtt-roundtrip-qos0-1KByte-100-cycles - qos:0 - size:1024
2018-05-15_23:12:33:985- message sent - id:0 - topic:mqtt-roundtrip-qos0-1KByte-100-cycles_2 - qos:0 - size:1024
2018-05-15_23:12:33:986- message received - id:0 - topic:mqtt-roundtrip-qos0-1KByte-100-cycles - qos:0 - size:1024
2018-05-15_23:12:33:987- message sent - id:0 - topic:mqtt-roundtrip-qos0-1KByte-100-cycles_2 - qos:0 - size:1024
2018-05-15_23:12:33:987- message received - id:0 - topic:mqtt-roundtrip-qos0-1KByte-100-cycles - qos:0 - size:1024
2018-05-15_23:12:33:987- message sent - id:0 - topic:mqtt-roundtrip-qos0-1KByte-100-cycles_2 - qos:0 - size:1024
2018-05-15_23:12:33:987- message received - id:0 - topic:mqtt-roundtrip-qos0-1KByte-100-cycles - qos:0 - size:1024
2018-05-15_23:12:33:987- message sent - id:0 - topic:mqtt-roundtrip-qos0-1KByte-100-cycles_2 - qos:0 - size:1024
2018-05-15_23:12:33:988- message received - id:0 - topic:mqtt-roundtrip-qos0-1KByte-100-cycles - qos:0 - size:1024
2018-05-15_23:12:33:988- message sent - id:0 - topic:mqtt-roundtrip-qos0-1KByte-100-cycles_2 - qos:0 - size:1024
2018-05-15_23:12:33:988- message received - id:0 - topic:mqtt-roundtrip-qos0-1KByte-100-cycles - qos:0 - size:1024
2018-05-15_23:12:33:988- message sent - id:0 - topic:mqtt-roundtrip-qos0-1KByte-100-cycles_2 - qos:0 - size:1024
2018-05-15_23:12:33:989- message received - id:0 - topic:mqtt-roundtrip-qos0-1KByte-100-cycles - qos:0 - size:1024
2018-05-15_23:12:33:989- message sent - id:0 - topic:mqtt-roundtrip-qos0-1KByte-100-cycles_2 - qos:0 - size:1024
2018-05-15_23:12:33:989- message received - id:0 - topic:mqtt-roundtrip-qos0-1KByte-100-cycles - qos:0 - size:1024
2018-05-15_23:12:33:989- message sent - id:0 - topic:mqtt-roundtrip-qos0-1KByte-100-cycles_2 - qos:0 - size:1024
2018-05-15_23:12:33:990- message received - id:0 - topic:mqtt-roundtrip-qos0-1KByte-100-cycles - qos:0 - size:1024
2018-05-15_23:12:33:990- message sent - id:0 - topic:mqtt-roundtrip-qos0-1KByte-100-cycles_2 - qos:0 - size:1024
2018-05-15_23:12:33:990- message received - id:0 - topic:mqtt-roundtrip-qos0-1KByte-100-cycles - qos:0 - size:1024
2018-05-15_23:12:33:990- message sent - id:0 - topic:mqtt-roundtrip-qos0-1KByte-100-cycles_2 - qos:0 - size:1024
2018-05-15_23:12:33:990- message received - id:0 - topic:mqtt-roundtrip-qos0-1KByte-100-cycles - qos:0 - size:1024
2018-05-15_23:12:33:991- message sent - id:0 - topic:mqtt-roundtrip-qos0-1KByte-100-cycles_2 - qos:0 - size:1024
2018-05-15_23:12:33:991- message received - id:0 - topic:mqtt-roundtrip-qos0-1KByte-100-cycles - qos:0 - size:1024
2018-05-15_23:12:33:992- message sent - id:0 - topic:mqtt-roundtrip-qos0-1KByte-100-cycles_2 - qos:0 - size:1024
2018-05-15_23:12:33:993- message received - id:0 - topic:mqtt-roundtrip-qos0-1KByte-100-cycles - qos:0 - size:1024
2018-05-15_23:12:33:993- message sent - id:0 - topic:mqtt-roundtrip-qos0-1KByte-100-cycles_2 - qos:0 - size:1024
2018-05-15_23:12:33:993- message received - id:0 - topic:mqtt-roundtrip-qos0-1KByte-100-cycles - qos:0 - size:1024
2018-05-15_23:12:33:994- message sent - id:0 - topic:mqtt-roundtrip-qos0-1KByte-100-cycles_2 - qos:0 - size:1024
2018-05-15_23:12:33:994- message received - id:0 - topic:mqtt-roundtrip-qos0-1KByte-100-cycles - qos:0 - size:1024
2018-05-15_23:12:33:995- message sent - id:0 - topic:mqtt-roundtrip-qos0-1KByte-100-cycles_2 - qos:0 - size:1024
2018-05-15_23:12:33:995- message received - id:0 - topic:mqtt-roundtrip-qos0-1KByte-100-cycles - qos:0 - size:1024
2018-05-15_23:12:33:995- message sent - id:0 - topic:mqtt-roundtrip-qos0-1KByte-100-cycles_2 - qos:0 - size:1024
2018-05-15_23:12:33:995- message received - id:0 - topic:mqtt-roundtrip-qos0-1KByte-100-cycles - qos:0 - size:1024
2018-05-15_23:12:33:995- message sent - id:0 - topic:mqtt-roundtrip-qos0-1KByte-100-cycles_2 - qos:0 - size:1024
2018-05-15_23:12:33:996- message received - id:0 - topic:mqtt-roundtrip-qos0-1KByte-100-cycles - qos:0 - size:1024
2018-05-15_23:12:33:996- message sent - id:0 - topic:mqtt-roundtrip-qos0-1KByte-100-cycles_2 - qos:0 - size:1024
2018-05-15_23:12:33:996- message received - id:0 - topic:mqtt-roundtrip-qos0-1KByte-100-cycles - qos:0 - size:1024
2018-05-15_23:12:33:996- message sent - id:0 - topic:mqtt-roundtrip-qos0-1KByte-100-cycles_2 - qos:0 - size:1024
2018-05-15_23:12:33:997- message received - id:0 - topic:mqtt-roundtrip-qos0-1KByte-100-cycles - qos:0 - size:1024
2018-05-15_23:12:33:997- message sent - id:0 - topic:mqtt-roundtrip-qos0-1KByte-100-cycles_2 - qos:0 - size:1024
2018-05-15_23:12:33:997- message received - id:0 - topic:mqtt-roundtrip-qos0-1KByte-100-cycles - qos:0 - size:1024
2018-05-15_23:12:33:997- message sent - id:0 - topic:mqtt-roundtrip-qos0-1KByte-100-cycles_2 - qos:0 - size:1024
2018-05-15_23:12:33:998- message received - id:0 - topic:mqtt-roundtrip-qos0-1KByte-100-cycles - qos:0 - size:1024
2018-05-15_23:12:33:998- message sent - id:0 - topic:mqtt-roundtrip-qos0-1KByte-100-cycles_2 - qos:0 - size:1024
2018-05-15_23:12:33:998- message received - id:0 - topic:mqtt-roundtrip-qos0-1KByte-100-cycles - qos:0 - size:1024
2018-05-15_23:12:33:998- message sent - id:0 - topic:mqtt-roundtrip-qos0-1KByte-100-cycles_2 - qos:0 - size:1024
2018-05-15_23:12:33:999- message received - id:0 - topic:mqtt-roundtrip-qos0-1KByte-100-cycles - qos:0 - size:1024
2018-05-15_23:12:33:999- message sent - id:0 - topic:mqtt-roundtrip-qos0-1KByte-100-cycles_2 - qos:0 - size:1024
2018-05-15_23:12:33:999- message received - id:0 - topic:mqtt-roundtrip-qos0-1KByte-100-cycles - qos:0 - size:1024
2018-05-15_23:12:33:999- message sent - id:0 - topic:mqtt-roundtrip-qos0-1KByte-100-cycles_2 - qos:0 - size:1024
2018-05-15_23:12:34:000- message received - id:0 - topic:mqtt-roundtrip-qos0-1KByte-100-cycles - qos:0 - size:1024
2018-05-15_23:12:34:000- message sent - id:0 - topic:mqtt-roundtrip-qos0-1KByte-100-cycles_2 - qos:0 - size:1024
2018-05-15_23:12:34:000- message received - id:0 - topic:mqtt-roundtrip-qos0-1KByte-100-cycles - qos:0 - size:1024
2018-05-15_23:12:34:000- message sent - id:0 - topic:mqtt-roundtrip-qos0-1KByte-100-cycles_2 - qos:0 - size:1024
2018-05-15_23:12:34:000- message received - id:0 - topic:mqtt-roundtrip-qos0-1KByte-100-cycles - qos:0 - size:1024
2018-05-15_23:12:34:001- message sent - id:0 - topic:mqtt-roundtrip-qos0-1KByte-100-cycles_2 - qos:0 - size:1024
2018-05-15_23:12:34:001- message received - id:0 - topic:mqtt-roundtrip-qos0-1KByte-100-cycles - qos:0 - size:1024
2018-05-15_23:12:34:001- message sent - id:0 - topic:mqtt-roundtrip-qos0-1KByte-100-cycles_2 - qos:0 - size:1024
2018-05-15_23:12:34:001- message received - id:0 - topic:mqtt-roundtrip-qos0-1KByte-100-cycles - qos:0 - size:1024
2018-05-15_23:12:34:002- message sent - id:0 - topic:mqtt-roundtrip-qos0-1KByte-100-cycles_2 - qos:0 - size:1024
2018-05-15_23:12:34:002- message received - id:0 - topic:mqtt-roundtrip-qos0-1KByte-100-cycles - qos:0 - size:1024
2018-05-15_23:12:34:002- message sent - id:0 - topic:mqtt-roundtrip-qos0-1KByte-100-cycles_2 - qos:0 - size:1024
2018-05-15_23:12:34:002- message received - id:0 - topic:mqtt-roundtrip-qos0-1KByte-100-cycles - qos:0 - size:1024
2018-05-15_23:12:34:003- message sent - id:0 - topic:mqtt-roundtrip-qos0-1KByte-100-cycles_2 - qos:0 - size:1024
2018-05-15_23:12:34:003- message received - id:0 - topic:mqtt-roundtrip-qos0-1KByte-100-cycles - qos:0 - size:1024
2018-05-15_23:12:34:003- message sent - id:0 - topic:mqtt-roundtrip-qos0-1KByte-100-cycles_2 - qos:0 - size:1024
2018-05-15_23:12:34:003- message received - id:0 - topic:mqtt-roundtrip-qos0-1KByte-100-cycles - qos:0 - size:1024
2018-05-15_23:12:34:003- message sent - id:0 - topic:mqtt-roundtrip-qos0-1KByte-100-cycles_2 - qos:0 - size:1024
2018-05-15_23:12:34:004- message received - id:0 - topic:mqtt-roundtrip-qos0-1KByte-100-cycles - qos:0 - size:1024
2018-05-15_23:12:34:004- message sent - id:0 - topic:mqtt-roundtrip-qos0-1KByte-100-cycles_2 - qos:0 - size:1024
2018-05-15_23:12:34:004- message received - id:0 - topic:mqtt-roundtrip-qos0-1KByte-100-cycles - qos:0 - size:1024
2018-05-15_23:12:34:004- message sent - id:0 - topic:mqtt-roundtrip-qos0-1KByte-100-cycles_2 - qos:0 - size:1024
2018-05-15_23:12:34:004- message received - id:0 - topic:mqtt-roundtrip-qos0-1KByte-100-cycles - qos:0 - size:1024
2018-05-15_23:12:34:005- message sent - id:0 - topic:mqtt-roundtrip-qos0-1KByte-100-cycles_2 - qos:0 - size:1024
2018-05-15_23:12:34:005- message received - id:0 - topic:mqtt-roundtrip-qos0-1KByte-100-cycles - qos:0 - size:1024
2018-05-15_23:12:34:005- message sent - id:0 - topic:mqtt-roundtrip-qos0-1KByte-100-cycles_2 - qos:0 - size:1024
2018-05-15_23:12:34:005- message received - id:0 - topic:mqtt-roundtrip-qos0-1KByte-100-cycles - qos:0 - size:1024
2018-05-15_23:12:34:005- message sent - id:0 - topic:mqtt-roundtrip-qos0-1KByte-100-cycles_2 - qos:0 - size:1024
2018-05-15_23:12:34:006- message received - id:0 - topic:mqtt-roundtrip-qos0-1KByte-100-cycles - qos:0 - size:1024
2018-05-15_23:12:34:006- message sent - id:0 - topic:mqtt-roundtrip-qos0-1KByte-100-cycles_2 - qos:0 - size:1024
2018-05-15_23:12:34:006- message received - id:0 - topic:mqtt-roundtrip-qos0-1KByte-100-cycles - qos:0 - size:1024
2018-05-15_23:12:34:006- message sent - id:0 - topic:mqtt-roundtrip-qos0-1KByte-100-cycles_2 - qos:0 - size:1024
2018-05-15_23:12:34:007- message received - id:0 - topic:mqtt-roundtrip-qos0-1KByte-100-cycles - qos:0 - size:1024
2018-05-15_23:12:34:007- message sent - id:0 - topic:mqtt-roundtrip-qos0-1KByte-100-cycles_2 - qos:0 - size:1024
2018-05-15_23:12:34:007- message received - id:0 - topic:mqtt-roundtrip-qos0-1KByte-100-cycles - qos:0 - size:1024
2018-05-15_23:12:34:007- message sent - id:0 - topic:mqtt-roundtrip-qos0-1KByte-100-cycles_2 - qos:0 - size:1024
2018-05-15_23:12:34:007- message received - id:0 - topic:mqtt-roundtrip-qos0-1KByte-100-cycles - qos:0 - size:1024
2018-05-15_23:12:34:008- message sent - id:0 - topic:mqtt-roundtrip-qos0-1KByte-100-cycles_2 - qos:0 - size:1024
2018-05-15_23:12:34:008- message received - id:0 - topic:mqtt-roundtrip-qos0-1KByte-100-cycles - qos:0 - size:1024
2018-05-15_23:12:34:008- message sent - id:0 - topic:mqtt-roundtrip-qos0-1KByte-100-cycles_2 - qos:0 - size:1024
2018-05-15_23:12:34:008- message received - id:0 - topic:mqtt-roundtrip-qos0-1KByte-100-cycles - qos:0 - size:1024
2018-05-15_23:12:34:009- message sent - id:0 - topic:mqtt-roundtrip-qos0-1KByte-100-cycles_2 - qos:0 - size:1024
2018-05-15_23:12:34:009- message received - id:0 - topic:mqtt-roundtrip-qos0-1KByte-100-cycles - qos:0 - size:1024
2018-05-15_23:12:34:009- message sent - id:0 - topic:mqtt-roundtrip-qos0-1KByte-100-cycles_2 - qos:0 - size:1024
2018-05-15_23:12:34:009- message received - id:0 - topic:mqtt-roundtrip-qos0-1KByte-100-cycles - qos:0 - size:1024
2018-05-15_23:12:34:009- message sent - id:0 - topic:mqtt-roundtrip-qos0-1KByte-100-cycles_2 - qos:0 - size:1024
2018-05-15_23:12:34:010- message received - id:0 - topic:mqtt-roundtrip-qos0-1KByte-100-cycles - qos:0 - size:1024
2018-05-15_23:12:34:010- message sent - id:0 - topic:mqtt-roundtrip-qos0-1KByte-100-cycles_2 - qos:0 - size:1024
2018-05-15_23:12:34:010- message received - id:0 - topic:mqtt-roundtrip-qos0-1KByte-100-cycles - qos:0 - size:1024
2018-05-15_23:12:34:010- message sent - id:0 - topic:mqtt-roundtrip-qos0-1KByte-100-cycles_2 - qos:0 - size:1024
2018-05-15_23:12:34:011- message received - id:0 - topic:mqtt-roundtrip-qos0-1KByte-100-cycles - qos:0 - size:1024
2018-05-15_23:12:34:011- message sent - id:0 - topic:mqtt-roundtrip-qos0-1KByte-100-cycles_2 - qos:0 - size:1024
2018-05-15_23:12:34:011- message received - id:0 - topic:mqtt-roundtrip-qos0-1KByte-100-cycles - qos:0 - size:1024
2018-05-15_23:12:34:011- message sent - id:0 - topic:mqtt-roundtrip-qos0-1KByte-100-cycles_2 - qos:0 - size:1024
2018-05-15_23:12:34:012- message received - id:0 - topic:mqtt-roundtrip-qos0-1KByte-100-cycles - qos:0 - size:1024
2018-05-15_23:12:34:012- message sent - id:0 - topic:mqtt-roundtrip-qos0-1KByte-100-cycles_2 - qos:0 - size:1024
2018-05-15_23:12:34:012- message received - id:0 - topic:mqtt-roundtrip-qos0-1KByte-100-cycles - qos:0 - size:1024
2018-05-15_23:12:34:012- message sent - id:0 - topic:mqtt-roundtrip-qos0-1KByte-100-cycles_2 - qos:0 - size:1024
2018-05-15_23:12:34:013- message received - id:0 - topic:mqtt-roundtrip-qos0-1KByte-100-cycles - qos:0 - size:1024
2018-05-15_23:12:34:013- message sent - id:0 - topic:mqtt-roundtrip-qos0-1KByte-100-cycles_2 - qos:0 - size:1024
2018-05-15_23:12:34:013- message received - id:0 - topic:mqtt-roundtrip-qos0-1KByte-100-cycles - qos:0 - size:1024
2018-05-15_23:12:34:013- message sent - id:0 - topic:mqtt-roundtrip-qos0-1KByte-100-cycles_2 - qos:0 - size:1024
2018-05-15_23:12:34:014- message received - id:0 - topic:mqtt-roundtrip-qos0-1KByte-100-cycles - qos:0 - size:1024
2018-05-15_23:12:34:014- message sent - id:0 - topic:mqtt-roundtrip-qos0-1KByte-100-cycles_2 - qos:0 - size:1024
2018-05-15_23:12:34:014- message received - id:0 - topic:mqtt-roundtrip-qos0-1KByte-100-cycles - qos:0 - size:1024
2018-05-15_23:12:34:014- message sent - id:0 - topic:mqtt-roundtrip-qos0-1KByte-100-cycles_2 - qos:0 - size:1024
2018-05-15_23:12:34:014- message received - id:0 - topic:mqtt-roundtrip-qos0-1KByte-100-cycles - qos:0 - size:1024
2018-05-15_23:12:34:015- message sent - id:0 - topic:mqtt-roundtrip-qos0-1KByte-100-cycles_2 - qos:0 - size:1024
