2018-05-15_23:05:59:860- connecting to broker 192.168.1.100:1883
2018-05-15_23:05:59:861- Subscribing to topicmqtt-roundtrip-qos1-100Byte-10-cycles
2018-05-15_23:05:59:862- Client connected to broker
2018-05-15_23:05:59:863- subscribe returned (0, 1)
2018-05-15_23:06:01:114- message received - id:0 - topic:mqtt-roundtrip-qos1-100Byte-10-cycles - qos:0 - size:100
2018-05-15_23:06:01:115- message sent - id:0 - topic:mqtt-roundtrip-qos1-100Byte-10-cycles_2 - qos:0 - size:100
2018-05-15_23:06:01:115- message received - id:0 - topic:mqtt-roundtrip-qos1-100Byte-10-cycles - qos:0 - size:100
2018-05-15_23:06:01:115- message sent - id:0 - topic:mqtt-roundtrip-qos1-100Byte-10-cycles_2 - qos:0 - size:100
2018-05-15_23:06:01:116- message received - id:0 - topic:mqtt-roundtrip-qos1-100Byte-10-cycles - qos:0 - size:100
2018-05-15_23:06:01:116- message sent - id:0 - topic:mqtt-roundtrip-qos1-100Byte-10-cycles_2 - qos:0 - size:100
2018-05-15_23:06:01:116- message received - id:0 - topic:mqtt-roundtrip-qos1-100Byte-10-cycles - qos:0 - size:100
2018-05-15_23:06:01:116- message sent - id:0 - topic:mqtt-roundtrip-qos1-100Byte-10-cycles_2 - qos:0 - size:100
2018-05-15_23:06:01:117- message received - id:0 - topic:mqtt-roundtrip-qos1-100Byte-10-cycles - qos:0 - size:100
2018-05-15_23:06:01:117- message sent - id:0 - topic:mqtt-roundtrip-qos1-100Byte-10-cycles_2 - qos:0 - size:100
2018-05-15_23:06:01:117- message received - id:0 - topic:mqtt-roundtrip-qos1-100Byte-10-cycles - qos:0 - size:100
2018-05-15_23:06:01:117- message sent - id:0 - topic:mqtt-roundtrip-qos1-100Byte-10-cycles_2 - qos:0 - size:100
2018-05-15_23:06:01:117- message received - id:0 - topic:mqtt-roundtrip-qos1-100Byte-10-cycles - qos:0 - size:100
2018-05-15_23:06:01:118- message sent - id:0 - topic:mqtt-roundtrip-qos1-100Byte-10-cycles_2 - qos:0 - size:100
2018-05-15_23:06:01:118- message received - id:0 - topic:mqtt-roundtrip-qos1-100Byte-10-cycles - qos:0 - size:100
2018-05-15_23:06:01:118- message sent - id:0 - topic:mqtt-roundtrip-qos1-100Byte-10-cycles_2 - qos:0 - size:100
2018-05-15_23:06:01:118- message received - id:0 - topic:mqtt-roundtrip-qos1-100Byte-10-cycles - qos:0 - size:100
2018-05-15_23:06:01:119- message sent - id:0 - topic:mqtt-roundtrip-qos1-100Byte-10-cycles_2 - qos:0 - size:100
2018-05-15_23:06:01:119- message received - id:0 - topic:mqtt-roundtrip-qos1-100Byte-10-cycles - qos:0 - size:100
2018-05-15_23:06:01:119- message sent - id:0 - topic:mqtt-roundtrip-qos1-100Byte-10-cycles_2 - qos:0 - size:100
