2018-05-15_23:12:23:498- connecting to broker 192.168.1.100:1883
2018-05-15_23:12:23:499- Subscribing to topicmqtt-roundtrip-qos0-1KByte-10-cycles
2018-05-15_23:12:23:500- subscribe returned (0, 1)
2018-05-15_23:12:23:500- Client connected to broker
2018-05-15_23:12:25:806- message received - id:0 - topic:mqtt-roundtrip-qos0-1KByte-10-cycles - qos:0 - size:1024
2018-05-15_23:12:25:807- message sent - id:0 - topic:mqtt-roundtrip-qos0-1KByte-10-cycles_2 - qos:0 - size:1024
2018-05-15_23:12:25:807- message received - id:0 - topic:mqtt-roundtrip-qos0-1KByte-10-cycles - qos:0 - size:1024
2018-05-15_23:12:25:807- message sent - id:0 - topic:mqtt-roundtrip-qos0-1KByte-10-cycles_2 - qos:0 - size:1024
2018-05-15_23:12:25:807- message received - id:0 - topic:mqtt-roundtrip-qos0-1KByte-10-cycles - qos:0 - size:1024
2018-05-15_23:12:25:807- message sent - id:0 - topic:mqtt-roundtrip-qos0-1KByte-10-cycles_2 - qos:0 - size:1024
2018-05-15_23:12:25:808- message received - id:0 - topic:mqtt-roundtrip-qos0-1KByte-10-cycles - qos:0 - size:1024
2018-05-15_23:12:25:808- message sent - id:0 - topic:mqtt-roundtrip-qos0-1KByte-10-cycles_2 - qos:0 - size:1024
2018-05-15_23:12:25:808- message received - id:0 - topic:mqtt-roundtrip-qos0-1KByte-10-cycles - qos:0 - size:1024
2018-05-15_23:12:25:808- message sent - id:0 - topic:mqtt-roundtrip-qos0-1KByte-10-cycles_2 - qos:0 - size:1024
2018-05-15_23:12:25:808- message received - id:0 - topic:mqtt-roundtrip-qos0-1KByte-10-cycles - qos:0 - size:1024
2018-05-15_23:12:25:808- message sent - id:0 - topic:mqtt-roundtrip-qos0-1KByte-10-cycles_2 - qos:0 - size:1024
2018-05-15_23:12:25:809- message received - id:0 - topic:mqtt-roundtrip-qos0-1KByte-10-cycles - qos:0 - size:1024
2018-05-15_23:12:25:809- message sent - id:0 - topic:mqtt-roundtrip-qos0-1KByte-10-cycles_2 - qos:0 - size:1024
2018-05-15_23:12:25:809- message received - id:0 - topic:mqtt-roundtrip-qos0-1KByte-10-cycles - qos:0 - size:1024
2018-05-15_23:12:25:809- message sent - id:0 - topic:mqtt-roundtrip-qos0-1KByte-10-cycles_2 - qos:0 - size:1024
2018-05-15_23:12:25:809- message received - id:0 - topic:mqtt-roundtrip-qos0-1KByte-10-cycles - qos:0 - size:1024
2018-05-15_23:12:25:809- message sent - id:0 - topic:mqtt-roundtrip-qos0-1KByte-10-cycles_2 - qos:0 - size:1024
2018-05-15_23:12:25:810- message received - id:0 - topic:mqtt-roundtrip-qos0-1KByte-10-cycles - qos:0 - size:1024
2018-05-15_23:12:25:810- message sent - id:0 - topic:mqtt-roundtrip-qos0-1KByte-10-cycles_2 - qos:0 - size:1024
